<?xml version="1.0" encoding="UTF-8"?>
<testsuite name="com.youzan.pay.unified.cashier.intergration.client.UserMerchantServiceClientTest" time="1.021" tests="2" errors="2" skipped="0" failures="0">
  <properties>
    <property name="java.runtime.name" value="Java(TM) SE Runtime Environment"/>
    <property name="sun.boot.library.path" value="/Library/Java/JavaVirtualMachines/jdk1.8.0_111.jdk/Contents/Home/jre/lib"/>
    <property name="java.vm.version" value="25.111-b14"/>
    <property name="gopherProxySet" value="false"/>
    <property name="java.vm.vendor" value="Oracle Corporation"/>
    <property name="maven.multiModuleProjectDirectory" value="/Users/wulonghui/work/unified_cashier"/>
    <property name="java.vendor.url" value="http://java.oracle.com/"/>
    <property name="path.separator" value=":"/>
    <property name="guice.disable.misplaced.annotation.check" value="true"/>
    <property name="java.vm.name" value="Java HotSpot(TM) 64-Bit Server VM"/>
    <property name="file.encoding.pkg" value="sun.io"/>
    <property name="user.country" value="CN"/>
    <property name="sun.java.launcher" value="SUN_STANDARD"/>
    <property name="sun.os.patch.level" value="unknown"/>
    <property name="java.vm.specification.name" value="Java Virtual Machine Specification"/>
    <property name="user.dir" value="/Users/wulonghui/work/unified_cashier"/>
    <property name="java.runtime.version" value="1.8.0_111-b14"/>
    <property name="java.awt.graphicsenv" value="sun.awt.CGraphicsEnvironment"/>
    <property name="java.endorsed.dirs" value="/Library/Java/JavaVirtualMachines/jdk1.8.0_111.jdk/Contents/Home/jre/lib/endorsed"/>
    <property name="os.arch" value="x86_64"/>
    <property name="java.io.tmpdir" value="/var/folders/gj/b7p8d0cx4v54sz9_rlky12d00000gn/T/"/>
    <property name="line.separator" value="&#10;"/>
    <property name="java.vm.specification.vendor" value="Oracle Corporation"/>
    <property name="os.name" value="Mac OS X"/>
    <property name="classworlds.conf" value="/Users/wulonghui/Library/apache-maven-3.3.9/bin/m2.conf"/>
    <property name="sun.jnu.encoding" value="UTF-8"/>
    <property name="java.library.path" value="/Users/wulonghui/Library/Java/Extensions:/Library/Java/Extensions:/Network/Library/Java/Extensions:/System/Library/Java/Extensions:/usr/lib/java:."/>
    <property name="java.specification.name" value="Java Platform API Specification"/>
    <property name="java.class.version" value="52.0"/>
    <property name="sun.management.compiler" value="HotSpot 64-Bit Tiered Compilers"/>
    <property name="os.version" value="10.11.6"/>
    <property name="user.home" value="/Users/wulonghui"/>
    <property name="user.timezone" value="Asia/Shanghai"/>
    <property name="java.awt.printerjob" value="sun.lwawt.macosx.CPrinterJob"/>
    <property name="java.specification.version" value="1.8"/>
    <property name="file.encoding" value="UTF-8"/>
    <property name="user.name" value="wulonghui"/>
    <property name="java.class.path" value="/Users/wulonghui/Library/apache-maven-3.3.9/boot/plexus-classworlds-2.5.2.jar"/>
    <property name="java.vm.specification.version" value="1.8"/>
    <property name="sun.arch.data.model" value="64"/>
    <property name="java.home" value="/Library/Java/JavaVirtualMachines/jdk1.8.0_111.jdk/Contents/Home/jre"/>
    <property name="sun.java.command" value="org.codehaus.plexus.classworlds.launcher.Launcher clean test sonar:sonar"/>
    <property name="java.specification.vendor" value="Oracle Corporation"/>
    <property name="user.language" value="zh"/>
    <property name="awt.toolkit" value="sun.lwawt.macosx.LWCToolkit"/>
    <property name="java.vm.info" value="mixed mode"/>
    <property name="java.version" value="1.8.0_111"/>
    <property name="java.ext.dirs" value="/Users/wulonghui/Library/Java/Extensions:/Library/Java/JavaVirtualMachines/jdk1.8.0_111.jdk/Contents/Home/jre/lib/ext:/Library/Java/Extensions:/Network/Library/Java/Extensions:/System/Library/Java/Extensions:/usr/lib/java"/>
    <property name="sun.boot.class.path" value="/Library/Java/JavaVirtualMachines/jdk1.8.0_111.jdk/Contents/Home/jre/lib/resources.jar:/Library/Java/JavaVirtualMachines/jdk1.8.0_111.jdk/Contents/Home/jre/lib/rt.jar:/Library/Java/JavaVirtualMachines/jdk1.8.0_111.jdk/Contents/Home/jre/lib/sunrsasign.jar:/Library/Java/JavaVirtualMachines/jdk1.8.0_111.jdk/Contents/Home/jre/lib/jsse.jar:/Library/Java/JavaVirtualMachines/jdk1.8.0_111.jdk/Contents/Home/jre/lib/jce.jar:/Library/Java/JavaVirtualMachines/jdk1.8.0_111.jdk/Contents/Home/jre/lib/charsets.jar:/Library/Java/JavaVirtualMachines/jdk1.8.0_111.jdk/Contents/Home/jre/lib/jfr.jar:/Library/Java/JavaVirtualMachines/jdk1.8.0_111.jdk/Contents/Home/jre/classes"/>
    <property name="java.vendor" value="Oracle Corporation"/>
    <property name="maven.home" value="/Users/wulonghui/Library/apache-maven-3.3.9"/>
    <property name="file.separator" value="/"/>
    <property name="java.vendor.url.bug" value="http://bugreport.sun.com/bugreport/"/>
    <property name="sun.cpu.endian" value="little"/>
    <property name="sun.io.unicode.encoding" value="UnicodeBig"/>
    <property name="sun.cpu.isalist" value=""/>
  </properties>
  <testcase name="queryMchByUserIdEx" classname="com.youzan.pay.unified.cashier.intergration.client.UserMerchantServiceClientTest" time="0.507">
    <error message="Failed to load ApplicationContext" type="java.lang.IllegalStateException">java.lang.IllegalStateException: Failed to load ApplicationContext
	at org.springframework.test.context.CacheAwareContextLoaderDelegate.loadContext(CacheAwareContextLoaderDelegate.java:103)
	at org.springframework.test.context.TestContext.getApplicationContext(TestContext.java:122)
	at org.springframework.test.context.support.DependencyInjectionTestExecutionListener.injectDependencies(DependencyInjectionTestExecutionListener.java:109)
	at org.springframework.test.context.support.DependencyInjectionTestExecutionListener.prepareTestInstance(DependencyInjectionTestExecutionListener.java:75)
	at org.springframework.test.context.TestContextManager.prepareTestInstance(TestContextManager.java:321)
	at org.springframework.test.context.junit4.SpringJUnit4ClassRunner.createTest(SpringJUnit4ClassRunner.java:211)
	at org.springframework.test.context.junit4.SpringJUnit4ClassRunner$1.runReflectiveCall(SpringJUnit4ClassRunner.java:288)
	at org.junit.internal.runners.model.ReflectiveCallable.run(ReflectiveCallable.java:12)
	at org.springframework.test.context.junit4.SpringJUnit4ClassRunner.methodBlock(SpringJUnit4ClassRunner.java:284)
	at org.springframework.test.context.junit4.SpringJUnit4ClassRunner.runChild(SpringJUnit4ClassRunner.java:231)
	at org.springframework.test.context.junit4.SpringJUnit4ClassRunner.runChild(SpringJUnit4ClassRunner.java:88)
	at org.junit.runners.ParentRunner$3.run(ParentRunner.java:290)
	at org.junit.runners.ParentRunner$1.schedule(ParentRunner.java:71)
	at org.junit.runners.ParentRunner.runChildren(ParentRunner.java:288)
	at org.junit.runners.ParentRunner.access$000(ParentRunner.java:58)
	at org.junit.runners.ParentRunner$2.evaluate(ParentRunner.java:268)
	at org.springframework.test.context.junit4.statements.RunBeforeTestClassCallbacks.evaluate(RunBeforeTestClassCallbacks.java:61)
	at org.springframework.test.context.junit4.statements.RunAfterTestClassCallbacks.evaluate(RunAfterTestClassCallbacks.java:71)
	at org.junit.runners.ParentRunner.run(ParentRunner.java:363)
	at org.springframework.test.context.junit4.SpringJUnit4ClassRunner.run(SpringJUnit4ClassRunner.java:174)
	at org.apache.maven.surefire.junit4.JUnit4Provider.execute(JUnit4Provider.java:283)
	at org.apache.maven.surefire.junit4.JUnit4Provider.executeWithRerun(JUnit4Provider.java:173)
	at org.apache.maven.surefire.junit4.JUnit4Provider.executeTestSet(JUnit4Provider.java:153)
	at org.apache.maven.surefire.junit4.JUnit4Provider.invoke(JUnit4Provider.java:128)
	at org.apache.maven.surefire.booter.ForkedBooter.invokeProviderInSameClassLoader(ForkedBooter.java:203)
	at org.apache.maven.surefire.booter.ForkedBooter.runSuitesInProcess(ForkedBooter.java:155)
	at org.apache.maven.surefire.booter.ForkedBooter.main(ForkedBooter.java:103)
Caused by: org.springframework.beans.factory.BeanCreationException: Error creating bean with name 'queryPayToolConfigServiceClient': Injection of resource dependencies failed; nested exception is org.springframework.beans.factory.NoSuchBeanDefinitionException: No qualifying bean of type [com.youzan.pay.core.cache.redis.RedisCacheManager] found for dependency: expected at least 1 bean which qualifies as autowire candidate for this dependency. Dependency annotations: {@javax.annotation.Resource(shareable=true, lookup=, name=, description=, authenticationType=CONTAINER, type=class java.lang.Object, mappedName=)}
	at org.springframework.context.annotation.CommonAnnotationBeanPostProcessor.postProcessPropertyValues(CommonAnnotationBeanPostProcessor.java:307)
	at org.springframework.beans.factory.support.AbstractAutowireCapableBeanFactory.populateBean(AbstractAutowireCapableBeanFactory.java:1148)
	at org.springframework.beans.factory.support.AbstractAutowireCapableBeanFactory.doCreateBean(AbstractAutowireCapableBeanFactory.java:519)
	at org.springframework.beans.factory.support.AbstractAutowireCapableBeanFactory.createBean(AbstractAutowireCapableBeanFactory.java:458)
	at org.springframework.beans.factory.support.AbstractBeanFactory$1.getObject(AbstractBeanFactory.java:293)
	at org.springframework.beans.factory.support.DefaultSingletonBeanRegistry.getSingleton(DefaultSingletonBeanRegistry.java:223)
	at org.springframework.beans.factory.support.AbstractBeanFactory.doGetBean(AbstractBeanFactory.java:290)
	at org.springframework.beans.factory.support.AbstractBeanFactory.getBean(AbstractBeanFactory.java:191)
	at org.springframework.beans.factory.support.DefaultListableBeanFactory.preInstantiateSingletons(DefaultListableBeanFactory.java:636)
	at org.springframework.context.support.AbstractApplicationContext.finishBeanFactoryInitialization(AbstractApplicationContext.java:934)
	at org.springframework.context.support.AbstractApplicationContext.refresh(AbstractApplicationContext.java:479)
	at org.springframework.test.context.support.AbstractGenericContextLoader.loadContext(AbstractGenericContextLoader.java:120)
	at org.springframework.test.context.support.AbstractGenericContextLoader.loadContext(AbstractGenericContextLoader.java:60)
	at org.springframework.test.context.support.AbstractDelegatingSmartContextLoader.delegateLoading(AbstractDelegatingSmartContextLoader.java:102)
	at org.springframework.test.context.support.AbstractDelegatingSmartContextLoader.loadContext(AbstractDelegatingSmartContextLoader.java:246)
	at org.springframework.test.context.CacheAwareContextLoaderDelegate.loadContextInternal(CacheAwareContextLoaderDelegate.java:69)
	at org.springframework.test.context.CacheAwareContextLoaderDelegate.loadContext(CacheAwareContextLoaderDelegate.java:95)
	at org.springframework.test.context.TestContext.getApplicationContext(TestContext.java:122)
	at org.springframework.test.context.support.DependencyInjectionTestExecutionListener.injectDependencies(DependencyInjectionTestExecutionListener.java:109)
	at org.springframework.test.context.support.DependencyInjectionTestExecutionListener.prepareTestInstance(DependencyInjectionTestExecutionListener.java:75)
	at org.springframework.test.context.TestContextManager.prepareTestInstance(TestContextManager.java:321)
	at org.springframework.test.context.junit4.SpringJUnit4ClassRunner.createTest(SpringJUnit4ClassRunner.java:211)
	at org.springframework.test.context.junit4.SpringJUnit4ClassRunner$1.runReflectiveCall(SpringJUnit4ClassRunner.java:288)
	at org.junit.internal.runners.model.ReflectiveCallable.run(ReflectiveCallable.java:12)
	at org.springframework.test.context.junit4.SpringJUnit4ClassRunner.methodBlock(SpringJUnit4ClassRunner.java:284)
	at org.springframework.test.context.junit4.SpringJUnit4ClassRunner.runChild(SpringJUnit4ClassRunner.java:231)
	at org.springframework.test.context.junit4.SpringJUnit4ClassRunner.runChild(SpringJUnit4ClassRunner.java:88)
	at org.junit.runners.ParentRunner$3.run(ParentRunner.java:290)
	at org.junit.runners.ParentRunner$1.schedule(ParentRunner.java:71)
	at org.junit.runners.ParentRunner.runChildren(ParentRunner.java:288)
	at org.junit.runners.ParentRunner.access$000(ParentRunner.java:58)
	at org.junit.runners.ParentRunner$2.evaluate(ParentRunner.java:268)
	at org.springframework.test.context.junit4.statements.RunBeforeTestClassCallbacks.evaluate(RunBeforeTestClassCallbacks.java:61)
	at org.springframework.test.context.junit4.statements.RunAfterTestClassCallbacks.evaluate(RunAfterTestClassCallbacks.java:71)
	at org.junit.runners.ParentRunner.run(ParentRunner.java:363)
	at org.springframework.test.context.junit4.SpringJUnit4ClassRunner.run(SpringJUnit4ClassRunner.java:174)
	at org.apache.maven.surefire.junit4.JUnit4Provider.execute(JUnit4Provider.java:283)
	at org.apache.maven.surefire.junit4.JUnit4Provider.executeWithRerun(JUnit4Provider.java:173)
	at org.apache.maven.surefire.junit4.JUnit4Provider.executeTestSet(JUnit4Provider.java:153)
	at org.apache.maven.surefire.junit4.JUnit4Provider.invoke(JUnit4Provider.java:128)
	at org.apache.maven.surefire.booter.ForkedBooter.invokeProviderInSameClassLoader(ForkedBooter.java:203)
	at org.apache.maven.surefire.booter.ForkedBooter.runSuitesInProcess(ForkedBooter.java:155)
	at org.apache.maven.surefire.booter.ForkedBooter.main(ForkedBooter.java:103)
Caused by: org.springframework.beans.factory.NoSuchBeanDefinitionException: No qualifying bean of type [com.youzan.pay.core.cache.redis.RedisCacheManager] found for dependency: expected at least 1 bean which qualifies as autowire candidate for this dependency. Dependency annotations: {@javax.annotation.Resource(shareable=true, lookup=, name=, description=, authenticationType=CONTAINER, type=class java.lang.Object, mappedName=)}
	at org.springframework.beans.factory.support.DefaultListableBeanFactory.raiseNoSuchBeanDefinitionException(DefaultListableBeanFactory.java:997)
	at org.springframework.beans.factory.support.DefaultListableBeanFactory.doResolveDependency(DefaultListableBeanFactory.java:867)
	at org.springframework.beans.factory.support.DefaultListableBeanFactory.resolveDependency(DefaultListableBeanFactory.java:779)
	at org.springframework.context.annotation.CommonAnnotationBeanPostProcessor.autowireResource(CommonAnnotationBeanPostProcessor.java:445)
	at org.springframework.context.annotation.CommonAnnotationBeanPostProcessor.getResource(CommonAnnotationBeanPostProcessor.java:423)
	at org.springframework.context.annotation.CommonAnnotationBeanPostProcessor$ResourceElement.getResourceToInject(CommonAnnotationBeanPostProcessor.java:551)
	at org.springframework.beans.factory.annotation.InjectionMetadata$InjectedElement.inject(InjectionMetadata.java:169)
	at org.springframework.beans.factory.annotation.InjectionMetadata.inject(InjectionMetadata.java:88)
	at org.springframework.context.annotation.CommonAnnotationBeanPostProcessor.postProcessPropertyValues(CommonAnnotationBeanPostProcessor.java:304)
	at org.springframework.beans.factory.support.AbstractAutowireCapableBeanFactory.populateBean(AbstractAutowireCapableBeanFactory.java:1148)
	at org.springframework.beans.factory.support.AbstractAutowireCapableBeanFactory.doCreateBean(AbstractAutowireCapableBeanFactory.java:519)
	at org.springframework.beans.factory.support.AbstractAutowireCapableBeanFactory.createBean(AbstractAutowireCapableBeanFactory.java:458)
	at org.springframework.beans.factory.support.AbstractBeanFactory$1.getObject(AbstractBeanFactory.java:293)
	at org.springframework.beans.factory.support.DefaultSingletonBeanRegistry.getSingleton(DefaultSingletonBeanRegistry.java:223)
	at org.springframework.beans.factory.support.AbstractBeanFactory.doGetBean(AbstractBeanFactory.java:290)
	at org.springframework.beans.factory.support.AbstractBeanFactory.getBean(AbstractBeanFactory.java:191)
	at org.springframework.beans.factory.support.DefaultListableBeanFactory.preInstantiateSingletons(DefaultListableBeanFactory.java:636)
	at org.springframework.context.support.AbstractApplicationContext.finishBeanFactoryInitialization(AbstractApplicationContext.java:934)
	at org.springframework.context.support.AbstractApplicationContext.refresh(AbstractApplicationContext.java:479)
	at org.springframework.test.context.support.AbstractGenericContextLoader.loadContext(AbstractGenericContextLoader.java:120)
	at org.springframework.test.context.support.AbstractGenericContextLoader.loadContext(AbstractGenericContextLoader.java:60)
	at org.springframework.test.context.support.AbstractDelegatingSmartContextLoader.delegateLoading(AbstractDelegatingSmartContextLoader.java:102)
	at org.springframework.test.context.support.AbstractDelegatingSmartContextLoader.loadContext(AbstractDelegatingSmartContextLoader.java:246)
	at org.springframework.test.context.CacheAwareContextLoaderDelegate.loadContextInternal(CacheAwareContextLoaderDelegate.java:69)
	at org.springframework.test.context.CacheAwareContextLoaderDelegate.loadContext(CacheAwareContextLoaderDelegate.java:95)
	at org.springframework.test.context.TestContext.getApplicationContext(TestContext.java:122)
	at org.springframework.test.context.support.DependencyInjectionTestExecutionListener.injectDependencies(DependencyInjectionTestExecutionListener.java:109)
	at org.springframework.test.context.support.DependencyInjectionTestExecutionListener.prepareTestInstance(DependencyInjectionTestExecutionListener.java:75)
	at org.springframework.test.context.TestContextManager.prepareTestInstance(TestContextManager.java:321)
	at org.springframework.test.context.junit4.SpringJUnit4ClassRunner.createTest(SpringJUnit4ClassRunner.java:211)
	at org.springframework.test.context.junit4.SpringJUnit4ClassRunner$1.runReflectiveCall(SpringJUnit4ClassRunner.java:288)
	at org.junit.internal.runners.model.ReflectiveCallable.run(ReflectiveCallable.java:12)
	at org.springframework.test.context.junit4.SpringJUnit4ClassRunner.methodBlock(SpringJUnit4ClassRunner.java:284)
	at org.springframework.test.context.junit4.SpringJUnit4ClassRunner.runChild(SpringJUnit4ClassRunner.java:231)
	at org.springframework.test.context.junit4.SpringJUnit4ClassRunner.runChild(SpringJUnit4ClassRunner.java:88)
	at org.junit.runners.ParentRunner$3.run(ParentRunner.java:290)
	at org.junit.runners.ParentRunner$1.schedule(ParentRunner.java:71)
	at org.junit.runners.ParentRunner.runChildren(ParentRunner.java:288)
	at org.junit.runners.ParentRunner.access$000(ParentRunner.java:58)
	at org.junit.runners.ParentRunner$2.evaluate(ParentRunner.java:268)
	at org.springframework.test.context.junit4.statements.RunBeforeTestClassCallbacks.evaluate(RunBeforeTestClassCallbacks.java:61)
	at org.springframework.test.context.junit4.statements.RunAfterTestClassCallbacks.evaluate(RunAfterTestClassCallbacks.java:71)
	at org.junit.runners.ParentRunner.run(ParentRunner.java:363)
	at org.springframework.test.context.junit4.SpringJUnit4ClassRunner.run(SpringJUnit4ClassRunner.java:174)
	at org.apache.maven.surefire.junit4.JUnit4Provider.execute(JUnit4Provider.java:283)
	at org.apache.maven.surefire.junit4.JUnit4Provider.executeWithRerun(JUnit4Provider.java:173)
	at org.apache.maven.surefire.junit4.JUnit4Provider.executeTestSet(JUnit4Provider.java:153)
	at org.apache.maven.surefire.junit4.JUnit4Provider.invoke(JUnit4Provider.java:128)
	at org.apache.maven.surefire.booter.ForkedBooter.invokeProviderInSameClassLoader(ForkedBooter.java:203)
	at org.apache.maven.surefire.booter.ForkedBooter.runSuitesInProcess(ForkedBooter.java:155)
	at org.apache.maven.surefire.booter.ForkedBooter.main(ForkedBooter.java:103)
</error>
    <system-out><![CDATA[2017-08-28 17:42:01.993 [main] DEBUG o.s.t.c.support.DirtiesContextTestExecutionListener - After test class: context [[TestContext@377b520e testClass = QueryPayToolConfigServiceClietTest, testInstance = [null], testMethod = [null], testException = [null], mergedContextConfiguration = [MergedContextConfiguration@5944fe2a testClass = QueryPayToolConfigServiceClietTest, locations = '{classpath*:META-INF/spring/*.xml}', classes = '{}', contextInitializerClasses = '[]', activeProfiles = '{}', contextLoader = 'org.springframework.test.context.support.DelegatingSmartContextLoader', parent = [null]]]], dirtiesContext [false].
2017-08-28 17:42:01.993 [main] DEBUG o.s.test.context.junit4.SpringJUnit4ClassRunner - SpringJUnit4ClassRunner constructor called with [class com.youzan.pay.unified.cashier.intergration.client.UserMerchantServiceClientTest].
2017-08-28 17:42:01.994 [main] DEBUG o.s.t.c.support.AbstractDelegatingSmartContextLoader - Delegating to GenericXmlContextLoader to process context configuration [ContextConfigurationAttributes@2326f67f declaringClass = 'com.youzan.pay.unified.cashier.intergration.BaseTest', classes = '{}', locations = '{classpath*:META-INF/spring/*.xml}', inheritLocations = true, initializers = '{}', inheritInitializers = true, name = [null], contextLoaderClass = 'org.springframework.test.context.ContextLoader'].
2017-08-28 17:42:01.994 [main] DEBUG org.springframework.test.context.ContextLoaderUtils - Could not find an 'annotation declaring class' for annotation type [org.springframework.test.context.ActiveProfiles] and class [com.youzan.pay.unified.cashier.intergration.client.UserMerchantServiceClientTest]
2017-08-28 17:42:01.994 [main] DEBUG org.springframework.test.context.TestContextManager - @TestExecutionListeners is not present for class [com.youzan.pay.unified.cashier.intergration.client.UserMerchantServiceClientTest]: using defaults.
2017-08-28 17:42:01.994 [main] DEBUG org.springframework.test.annotation.ProfileValueUtils - Retrieved @ProfileValueSourceConfiguration [null] for test class [com.youzan.pay.unified.cashier.intergration.client.UserMerchantServiceClientTest]
2017-08-28 17:42:01.994 [main] DEBUG org.springframework.test.annotation.ProfileValueUtils - Retrieved ProfileValueSource type [class org.springframework.test.annotation.SystemProfileValueSource] for class [com.youzan.pay.unified.cashier.intergration.client.UserMerchantServiceClientTest]
2017-08-28 17:42:01.994 [main] DEBUG org.springframework.test.annotation.ProfileValueUtils - Retrieved @ProfileValueSourceConfiguration [null] for test class [com.youzan.pay.unified.cashier.intergration.client.UserMerchantServiceClientTest]
2017-08-28 17:42:01.994 [main] DEBUG org.springframework.test.annotation.ProfileValueUtils - Retrieved ProfileValueSource type [class org.springframework.test.annotation.SystemProfileValueSource] for class [com.youzan.pay.unified.cashier.intergration.client.UserMerchantServiceClientTest]
2017-08-28 17:42:01.994 [main] DEBUG org.springframework.test.annotation.ProfileValueUtils - Retrieved @ProfileValueSourceConfiguration [null] for test class [com.youzan.pay.unified.cashier.intergration.client.UserMerchantServiceClientTest]
2017-08-28 17:42:01.994 [main] DEBUG org.springframework.test.annotation.ProfileValueUtils - Retrieved ProfileValueSource type [class org.springframework.test.annotation.SystemProfileValueSource] for class [com.youzan.pay.unified.cashier.intergration.client.UserMerchantServiceClientTest]
2017-08-28 17:42:01.994 [main] DEBUG o.s.t.c.support.DependencyInjectionTestExecutionListener - Performing dependency injection for test context [[TestContext@51f8d638 testClass = UserMerchantServiceClientTest, testInstance = com.youzan.pay.unified.cashier.intergration.client.UserMerchantServiceClientTest@443d538f, testMethod = [null], testException = [null], mergedContextConfiguration = [MergedContextConfiguration@613b4246 testClass = UserMerchantServiceClientTest, locations = '{classpath*:META-INF/spring/*.xml}', classes = '{}', contextInitializerClasses = '[]', activeProfiles = '{}', contextLoader = 'org.springframework.test.context.support.DelegatingSmartContextLoader', parent = [null]]]].
2017-08-28 17:42:01.995 [main] DEBUG o.s.t.c.support.AbstractDelegatingSmartContextLoader - Delegating to GenericXmlContextLoader to load context from [MergedContextConfiguration@613b4246 testClass = UserMerchantServiceClientTest, locations = '{classpath*:META-INF/spring/*.xml}', classes = '{}', contextInitializerClasses = '[]', activeProfiles = '{}', contextLoader = 'org.springframework.test.context.support.DelegatingSmartContextLoader', parent = [null]].
2017-08-28 17:42:01.995 [main] DEBUG o.s.test.context.support.AbstractGenericContextLoader - Loading ApplicationContext for merged context configuration [[MergedContextConfiguration@613b4246 testClass = UserMerchantServiceClientTest, locations = '{classpath*:META-INF/spring/*.xml}', classes = '{}', contextInitializerClasses = '[]', activeProfiles = '{}', contextLoader = 'org.springframework.test.context.support.DelegatingSmartContextLoader', parent = [null]]].
2017-08-28 17:42:01.995 [main] DEBUG org.springframework.core.env.StandardEnvironment - Adding [systemProperties] PropertySource with lowest search precedence
2017-08-28 17:42:01.995 [main] DEBUG org.springframework.core.env.StandardEnvironment - Adding [systemEnvironment] PropertySource with lowest search precedence
2017-08-28 17:42:01.995 [main] DEBUG org.springframework.core.env.StandardEnvironment - Initialized StandardEnvironment with PropertySources [systemProperties,systemEnvironment]
2017-08-28 17:42:01.996 [main] DEBUG o.s.core.io.support.PathMatchingResourcePatternResolver - Looking for matching resources in directory tree [/Users/wulonghui/work/unified_cashier/intergration/target/test-classes/META-INF/spring]
2017-08-28 17:42:01.996 [main] DEBUG o.s.core.io.support.PathMatchingResourcePatternResolver - Searching directory [/Users/wulonghui/work/unified_cashier/intergration/target/test-classes/META-INF/spring] for files matching pattern [/Users/wulonghui/work/unified_cashier/intergration/target/test-classes/META-INF/spring/*.xml]
2017-08-28 17:42:01.996 [main] DEBUG o.s.core.io.support.PathMatchingResourcePatternResolver - Looking for matching resources in directory tree [/Users/wulonghui/work/unified_cashier/intergration/target/classes/META-INF/spring]
2017-08-28 17:42:01.996 [main] DEBUG o.s.core.io.support.PathMatchingResourcePatternResolver - Searching directory [/Users/wulonghui/work/unified_cashier/intergration/target/classes/META-INF/spring] for files matching pattern [/Users/wulonghui/work/unified_cashier/intergration/target/classes/META-INF/spring/*.xml]
2017-08-28 17:42:01.996 [main] DEBUG o.s.core.io.support.PathMatchingResourcePatternResolver - Looking for matching resources in jar file [file:/Users/wulonghui/.m2/repository/com/youzan/platform/bootstrap/3.0.9-RELEASE/bootstrap-3.0.9-RELEASE.jar]
2017-08-28 17:42:01.996 [main] DEBUG o.s.core.io.support.PathMatchingResourcePatternResolver - Looking for matching resources in jar file [file:/Users/wulonghui/.m2/repository/com/youzan/nova/framework/framework-cat/1.0.7-RELEASE/framework-cat-1.0.7-RELEASE.jar]
2017-08-28 17:42:01.996 [main] DEBUG o.s.core.io.support.PathMatchingResourcePatternResolver - Resolved location pattern [classpath*:META-INF/spring/*.xml] to resources [file [/Users/wulonghui/work/unified_cashier/intergration/target/test-classes/META-INF/spring/spring-test-config.xml], file [/Users/wulonghui/work/unified_cashier/intergration/target/classes/META-INF/spring/spring-dubbo-services.xml], URL [jar:file:/Users/wulonghui/.m2/repository/com/youzan/platform/bootstrap/3.0.9-RELEASE/bootstrap-3.0.9-RELEASE.jar!/META-INF/spring/container.xml], URL [jar:file:/Users/wulonghui/.m2/repository/com/youzan/nova/framework/framework-cat/1.0.7-RELEASE/framework-cat-1.0.7-RELEASE.jar!/META-INF/spring/framework-cat-context.xml]]
2017-08-28 17:42:01.996 [main] INFO  o.s.beans.factory.xml.XmlBeanDefinitionReader - Loading XML bean definitions from file [/Users/wulonghui/work/unified_cashier/intergration/target/test-classes/META-INF/spring/spring-test-config.xml]
2017-08-28 17:42:01.997 [main] DEBUG o.s.beans.factory.xml.DefaultDocumentLoader - Using JAXP provider [com.sun.org.apache.xerces.internal.jaxp.DocumentBuilderFactoryImpl]
2017-08-28 17:42:01.997 [main] DEBUG o.s.beans.factory.xml.PluggableSchemaResolver - Loading schema mappings from [META-INF/spring.schemas]
2017-08-28 17:42:01.999 [main] DEBUG o.s.beans.factory.xml.PluggableSchemaResolver - Loaded schema mappings: {http://mybatis.org/schema/mybatis-spring-1.2.xsd=org/mybatis/spring/config/mybatis-spring-1.2.xsd, http://code.alibabatech.com/schema/dubbo/dubbo.xsd=META-INF/dubbo.xsd, http://www.springframework.org/schema/util/spring-util.xsd=org/springframework/beans/factory/xml/spring-util-3.2.xsd, http://www.springframework.org/schema/jee/spring-jee-3.2.xsd=org/springframework/ejb/config/spring-jee-3.2.xsd, http://www.springframework.org/schema/beans/spring-beans-3.1.xsd=org/springframework/beans/factory/xml/spring-beans-3.1.xsd, http://www.springframework.org/schema/task/spring-task.xsd=org/springframework/scheduling/config/spring-task-3.2.xsd, http://www.springframework.org/schema/cache/spring-cache.xsd=org/springframework/cache/config/spring-cache-3.2.xsd, http://www.springframework.org/schema/aop/spring-aop-3.0.xsd=org/springframework/aop/config/spring-aop-3.0.xsd, http://www.springframework.org/schema/aop/spring-aop-2.0.xsd=org/springframework/aop/config/spring-aop-2.0.xsd, http://www.springframework.org/schema/task/spring-task-3.1.xsd=org/springframework/scheduling/config/spring-task-3.1.xsd, http://www.springframework.org/schema/tool/spring-tool-2.5.xsd=org/springframework/beans/factory/xml/spring-tool-2.5.xsd, http://www.springframework.org/schema/beans/spring-beans.xsd=org/springframework/beans/factory/xml/spring-beans-3.2.xsd, http://www.springframework.org/schema/jee/spring-jee-2.5.xsd=org/springframework/ejb/config/spring-jee-2.5.xsd, http://www.springframework.org/schema/jdbc/spring-jdbc-3.1.xsd=org/springframework/jdbc/config/spring-jdbc-3.1.xsd, http://www.springframework.org/schema/tool/spring-tool-3.1.xsd=org/springframework/beans/factory/xml/spring-tool-3.1.xsd, http://code.alibabatech.com/schema/dubbo/nova.xsd=META-INF/nova.xsd, http://www.springframework.org/schema/aop/spring-aop.xsd=org/springframework/aop/config/spring-aop-3.2.xsd, http://www.springframework.org/schema/jee/spring-jee-3.1.xsd=org/springframework/ejb/config/spring-jee-3.1.xsd, http://www.springframework.org/schema/tx/spring-tx-3.2.xsd=org/springframework/transaction/config/spring-tx-3.2.xsd, http://www.springframework.org/schema/context/spring-context-3.2.xsd=org/springframework/context/config/spring-context-3.2.xsd, http://www.springframework.org/schema/util/spring-util-3.2.xsd=org/springframework/beans/factory/xml/spring-util-3.2.xsd, http://www.springframework.org/schema/beans/spring-beans-2.0.xsd=org/springframework/beans/factory/xml/spring-beans-2.0.xsd, http://www.springframework.org/schema/lang/spring-lang-3.2.xsd=org/springframework/scripting/config/spring-lang-3.2.xsd, http://www.springframework.org/schema/beans/spring-beans-3.0.xsd=org/springframework/beans/factory/xml/spring-beans-3.0.xsd, http://www.springframework.org/schema/cache/spring-cache-3.2.xsd=org/springframework/cache/config/spring-cache-3.2.xsd, http://www.springframework.org/schema/task/spring-task-3.0.xsd=org/springframework/scheduling/config/spring-task-3.0.xsd, http://mybatis.org/schema/mybatis-spring.xsd=org/mybatis/spring/config/mybatis-spring-1.2.xsd, http://www.springframework.org/schema/tx/spring-tx-2.5.xsd=org/springframework/transaction/config/spring-tx-2.5.xsd, http://www.springframework.org/schema/context/spring-context-2.5.xsd=org/springframework/context/config/spring-context-2.5.xsd, http://www.springframework.org/schema/jdbc/spring-jdbc-3.0.xsd=org/springframework/jdbc/config/spring-jdbc-3.0.xsd, http://www.springframework.org/schema/tool/spring-tool-3.0.xsd=org/springframework/beans/factory/xml/spring-tool-3.0.xsd, http://www.springframework.org/schema/tx/spring-tx.xsd=org/springframework/transaction/config/spring-tx-3.2.xsd, http://www.springframework.org/schema/util/spring-util-2.5.xsd=org/springframework/beans/factory/xml/spring-util-2.5.xsd, http://www.springframework.org/schema/tool/spring-tool-2.0.xsd=org/springframework/beans/factory/xml/spring-tool-2.0.xsd, http://www.springframework.org/schema/lang/spring-lang.xsd=org/springframework/scripting/config/spring-lang-3.2.xsd, http://www.springframework.org/schema/lang/spring-lang-2.5.xsd=org/springframework/scripting/config/spring-lang-2.5.xsd, http://www.springframework.org/schema/aop/spring-aop-3.2.xsd=org/springframework/aop/config/spring-aop-3.2.xsd, http://www.springframework.org/schema/jee/spring-jee-3.0.xsd=org/springframework/ejb/config/spring-jee-3.0.xsd, http://www.springframework.org/schema/tx/spring-tx-3.1.xsd=org/springframework/transaction/config/spring-tx-3.1.xsd, http://www.springframework.org/schema/jee/spring-jee-2.0.xsd=org/springframework/ejb/config/spring-jee-2.0.xsd, http://www.springframework.org/schema/context/spring-context-3.1.xsd=org/springframework/context/config/spring-context-3.1.xsd, http://www.springframework.org/schema/util/spring-util-3.1.xsd=org/springframework/beans/factory/xml/spring-util-3.1.xsd, http://www.springframework.org/schema/lang/spring-lang-3.1.xsd=org/springframework/scripting/config/spring-lang-3.1.xsd, http://www.springframework.org/schema/cache/spring-cache-3.1.xsd=org/springframework/cache/config/spring-cache-3.1.xsd, http://www.springframework.org/schema/context/spring-context.xsd=org/springframework/context/config/spring-context-3.2.xsd, http://www.springframework.org/schema/jee/spring-jee.xsd=org/springframework/ejb/config/spring-jee-3.2.xsd, http://www.youzan.com/schema/nsq/spring-nsq-1.0.1.xsd=META-INF/spring-nsq-1.0.1.xsd, http://www.springframework.org/schema/aop/spring-aop-2.5.xsd=org/springframework/aop/config/spring-aop-2.5.xsd, http://www.springframework.org/schema/jdbc/spring-jdbc.xsd=org/springframework/jdbc/config/spring-jdbc-3.2.xsd, http://www.youzan.com/schema/nsq/spring-nsq-1.0.xsd=META-INF/spring-nsq-1.0.xsd, http://www.springframework.org/schema/beans/spring-beans-3.2.xsd=org/springframework/beans/factory/xml/spring-beans-3.2.xsd, http://www.springframework.org/schema/tx/spring-tx-2.0.xsd=org/springframework/transaction/config/spring-tx-2.0.xsd, http://www.springframework.org/schema/aop/spring-aop-3.1.xsd=org/springframework/aop/config/spring-aop-3.1.xsd, http://www.springframework.org/schema/task/spring-task-3.2.xsd=org/springframework/scheduling/config/spring-task-3.2.xsd, http://www.springframework.org/schema/tx/spring-tx-3.0.xsd=org/springframework/transaction/config/spring-tx-3.0.xsd, http://www.springframework.org/schema/context/spring-context-3.0.xsd=org/springframework/context/config/spring-context-3.0.xsd, http://www.springframework.org/schema/tool/spring-tool.xsd=org/springframework/beans/factory/xml/spring-tool-3.2.xsd, http://www.youzan.com/schema/task/spring-task-1.0.xsd=META-INF/spring-task-1.0.xsd, http://www.springframework.org/schema/util/spring-util-3.0.xsd=org/springframework/beans/factory/xml/spring-util-3.0.xsd, http://www.springframework.org/schema/util/spring-util-2.0.xsd=org/springframework/beans/factory/xml/spring-util-2.0.xsd, http://www.springframework.org/schema/lang/spring-lang-3.0.xsd=org/springframework/scripting/config/spring-lang-3.0.xsd, http://www.springframework.org/schema/lang/spring-lang-2.0.xsd=org/springframework/scripting/config/spring-lang-2.0.xsd, http://www.springframework.org/schema/jdbc/spring-jdbc-3.2.xsd=org/springframework/jdbc/config/spring-jdbc-3.2.xsd, http://www.springframework.org/schema/tool/spring-tool-3.2.xsd=org/springframework/beans/factory/xml/spring-tool-3.2.xsd, http://www.springframework.org/schema/beans/spring-beans-2.5.xsd=org/springframework/beans/factory/xml/spring-beans-2.5.xsd}
2017-08-28 17:42:01.999 [main] DEBUG o.s.beans.factory.xml.PluggableSchemaResolver - Found XML schema [http://www.springframework.org/schema/beans/spring-beans-3.2.xsd] in classpath: org/springframework/beans/factory/xml/spring-beans-3.2.xsd
2017-08-28 17:42:02.002 [main] DEBUG o.s.beans.factory.xml.PluggableSchemaResolver - Found XML schema [http://www.springframework.org/schema/context/spring-context-3.2.xsd] in classpath: org/springframework/context/config/spring-context-3.2.xsd
2017-08-28 17:42:02.004 [main] DEBUG o.s.beans.factory.xml.PluggableSchemaResolver - Found XML schema [http://www.springframework.org/schema/tool/spring-tool-3.2.xsd] in classpath: org/springframework/beans/factory/xml/spring-tool-3.2.xsd
2017-08-28 17:42:02.005 [main] DEBUG o.s.b.factory.xml.DefaultBeanDefinitionDocumentReader - Loading bean definitions
2017-08-28 17:42:02.006 [main] DEBUG o.s.beans.factory.xml.DefaultNamespaceHandlerResolver - Loaded NamespaceHandler mappings: {http://www.springframework.org/schema/p=org.springframework.beans.factory.xml.SimplePropertyNamespaceHandler, http://www.springframework.org/schema/util=org.springframework.beans.factory.xml.UtilNamespaceHandler, http://code.alibabatech.com/schema/dubbo=com.alibaba.dubbo.config.spring.schema.DubboNamespaceHandler, http://www.springframework.org/schema/jee=org.springframework.ejb.config.JeeNamespaceHandler, http://www.springframework.org/schema/aop=org.springframework.aop.config.AopNamespaceHandler, http://www.springframework.org/schema/jdbc=org.springframework.jdbc.config.JdbcNamespaceHandler, http://www.springframework.org/schema/cache=org.springframework.cache.config.CacheNamespaceHandler, http://mybatis.org/schema/mybatis-spring=org.mybatis.spring.config.NamespaceHandler, http://www.springframework.org/schema/c=org.springframework.beans.factory.xml.SimpleConstructorNamespaceHandler, http://www.springframework.org/schema/tx=org.springframework.transaction.config.TxNamespaceHandler, http://code.alibabatech.com/schema/nova=com.youzan.nova.framework.schema.HauntNamespaceHandler, http://www.youzan.com/schema/task=com.youzan.pay.core.task.spring.TaskNamespaceHandler, http://www.springframework.org/schema/task=org.springframework.scheduling.config.TaskNamespaceHandler, http://www.springframework.org/schema/lang=org.springframework.scripting.config.LangNamespaceHandler, http://www.youzan.com/schema/nsq=com.youzan.pay.core.nsq.spring.NsqNamespaceHandler, http://www.springframework.org/schema/context=org.springframework.context.config.ContextNamespaceHandler}
2017-08-28 17:42:02.007 [main] DEBUG o.s.context.annotation.ClassPathBeanDefinitionScanner - JSR-250 'javax.annotation.ManagedBean' found and supported for component scanning
2017-08-28 17:42:02.007 [main] DEBUG o.s.core.io.support.PathMatchingResourcePatternResolver - Looking for matching resources in directory tree [/Users/wulonghui/work/unified_cashier/intergration/target/test-classes/com/youzan/pay/unified/cashier/intergration]
2017-08-28 17:42:02.007 [main] DEBUG o.s.core.io.support.PathMatchingResourcePatternResolver - Searching directory [/Users/wulonghui/work/unified_cashier/intergration/target/test-classes/com/youzan/pay/unified/cashier/intergration] for files matching pattern [/Users/wulonghui/work/unified_cashier/intergration/target/test-classes/com/youzan/pay/unified/cashier/intergration/**/*.class]
2017-08-28 17:42:02.008 [main] DEBUG o.s.core.io.support.PathMatchingResourcePatternResolver - Searching directory [/Users/wulonghui/work/unified_cashier/intergration/target/test-classes/com/youzan/pay/unified/cashier/intergration/client] for files matching pattern [/Users/wulonghui/work/unified_cashier/intergration/target/test-classes/com/youzan/pay/unified/cashier/intergration/**/*.class]
2017-08-28 17:42:02.008 [main] DEBUG o.s.core.io.support.PathMatchingResourcePatternResolver - Looking for matching resources in directory tree [/Users/wulonghui/work/unified_cashier/intergration/target/classes/com/youzan/pay/unified/cashier/intergration]
2017-08-28 17:42:02.008 [main] DEBUG o.s.core.io.support.PathMatchingResourcePatternResolver - Searching directory [/Users/wulonghui/work/unified_cashier/intergration/target/classes/com/youzan/pay/unified/cashier/intergration] for files matching pattern [/Users/wulonghui/work/unified_cashier/intergration/target/classes/com/youzan/pay/unified/cashier/intergration/**/*.class]
2017-08-28 17:42:02.008 [main] DEBUG o.s.core.io.support.PathMatchingResourcePatternResolver - Searching directory [/Users/wulonghui/work/unified_cashier/intergration/target/classes/com/youzan/pay/unified/cashier/intergration/client] for files matching pattern [/Users/wulonghui/work/unified_cashier/intergration/target/classes/com/youzan/pay/unified/cashier/intergration/**/*.class]
2017-08-28 17:42:02.008 [main] DEBUG o.s.core.io.support.PathMatchingResourcePatternResolver - Searching directory [/Users/wulonghui/work/unified_cashier/intergration/target/classes/com/youzan/pay/unified/cashier/intergration/common] for files matching pattern [/Users/wulonghui/work/unified_cashier/intergration/target/classes/com/youzan/pay/unified/cashier/intergration/**/*.class]
2017-08-28 17:42:02.008 [main] DEBUG o.s.core.io.support.PathMatchingResourcePatternResolver - Resolved location pattern [classpath*:com/youzan/pay/unified/cashier/intergration/**/*.class] to resources [file [/Users/wulonghui/work/unified_cashier/intergration/target/test-classes/com/youzan/pay/unified/cashier/intergration/BaseTest.class], file [/Users/wulonghui/work/unified_cashier/intergration/target/test-classes/com/youzan/pay/unified/cashier/intergration/client/AssetCenterUnifiedPayServiceClientTest.class], file [/Users/wulonghui/work/unified_cashier/intergration/target/test-classes/com/youzan/pay/unified/cashier/intergration/client/ChannelBankCardServiceClientTest.class], file [/Users/wulonghui/work/unified_cashier/intergration/target/test-classes/com/youzan/pay/unified/cashier/intergration/client/MerchantBankCardServiceClientTest.class], file [/Users/wulonghui/work/unified_cashier/intergration/target/test-classes/com/youzan/pay/unified/cashier/intergration/client/QueryPayToolConfigServiceClietTest.class], file [/Users/wulonghui/work/unified_cashier/intergration/target/test-classes/com/youzan/pay/unified/cashier/intergration/client/UserMerchantServiceClientTest.class], file [/Users/wulonghui/work/unified_cashier/intergration/target/classes/com/youzan/pay/unified/cashier/intergration/client/AssetCenterUnifiedPayServiceClient$1.class], file [/Users/wulonghui/work/unified_cashier/intergration/target/classes/com/youzan/pay/unified/cashier/intergration/client/AssetCenterUnifiedPayServiceClient.class], file [/Users/wulonghui/work/unified_cashier/intergration/target/classes/com/youzan/pay/unified/cashier/intergration/client/CashierOrderStatusSearchClient.class], file [/Users/wulonghui/work/unified_cashier/intergration/target/classes/com/youzan/pay/unified/cashier/intergration/client/CashierRechargeServiceClient.class], file [/Users/wulonghui/work/unified_cashier/intergration/target/classes/com/youzan/pay/unified/cashier/intergration/client/ChannelBankCardServiceClient$1.class], file [/Users/wulonghui/work/unified_cashier/intergration/target/classes/com/youzan/pay/unified/cashier/intergration/client/ChannelBankCardServiceClient$2.class], file [/Users/wulonghui/work/unified_cashier/intergration/target/classes/com/youzan/pay/unified/cashier/intergration/client/ChannelBankCardServiceClient$3.class], file [/Users/wulonghui/work/unified_cashier/intergration/target/classes/com/youzan/pay/unified/cashier/intergration/client/ChannelBankCardServiceClient$4.class], file [/Users/wulonghui/work/unified_cashier/intergration/target/classes/com/youzan/pay/unified/cashier/intergration/client/ChannelBankCardServiceClient.class], file [/Users/wulonghui/work/unified_cashier/intergration/target/classes/com/youzan/pay/unified/cashier/intergration/client/MerchantBankCardServiceClient$1.class], file [/Users/wulonghui/work/unified_cashier/intergration/target/classes/com/youzan/pay/unified/cashier/intergration/client/MerchantBankCardServiceClient$2.class], file [/Users/wulonghui/work/unified_cashier/intergration/target/classes/com/youzan/pay/unified/cashier/intergration/client/MerchantBankCardServiceClient$3.class], file [/Users/wulonghui/work/unified_cashier/intergration/target/classes/com/youzan/pay/unified/cashier/intergration/client/MerchantBankCardServiceClient.class], file [/Users/wulonghui/work/unified_cashier/intergration/target/classes/com/youzan/pay/unified/cashier/intergration/client/MicroAccoutServiceClient.class], file [/Users/wulonghui/work/unified_cashier/intergration/target/classes/com/youzan/pay/unified/cashier/intergration/client/QueryPayToolConfigServiceClient.class], file [/Users/wulonghui/work/unified_cashier/intergration/target/classes/com/youzan/pay/unified/cashier/intergration/client/SignKeyServiceClient.class], file [/Users/wulonghui/work/unified_cashier/intergration/target/classes/com/youzan/pay/unified/cashier/intergration/client/SummaryCardQueryServiceClient.class], file [/Users/wulonghui/work/unified_cashier/intergration/target/classes/com/youzan/pay/unified/cashier/intergration/client/UnifiedOrderServiceClient.class], file [/Users/wulonghui/work/unified_cashier/intergration/target/classes/com/youzan/pay/unified/cashier/intergration/client/UnifiedPayServiceClient.class], file [/Users/wulonghui/work/unified_cashier/intergration/target/classes/com/youzan/pay/unified/cashier/intergration/client/UserMerchantServiceClient$1.class], file [/Users/wulonghui/work/unified_cashier/intergration/target/classes/com/youzan/pay/unified/cashier/intergration/client/UserMerchantServiceClient.class], file [/Users/wulonghui/work/unified_cashier/intergration/target/classes/com/youzan/pay/unified/cashier/intergration/common/CashierHandleTemplate.class], file [/Users/wulonghui/work/unified_cashier/intergration/target/classes/com/youzan/pay/unified/cashier/intergration/common/CashierProcessCallBack.class]]
2017-08-28 17:42:02.010 [main] DEBUG o.s.context.annotation.ClassPathBeanDefinitionScanner - Identified candidate component class: file [/Users/wulonghui/work/unified_cashier/intergration/target/classes/com/youzan/pay/unified/cashier/intergration/client/AssetCenterUnifiedPayServiceClient.class]
2017-08-28 17:42:02.010 [main] DEBUG o.s.context.annotation.ClassPathBeanDefinitionScanner - Identified candidate component class: file [/Users/wulonghui/work/unified_cashier/intergration/target/classes/com/youzan/pay/unified/cashier/intergration/client/CashierOrderStatusSearchClient.class]
2017-08-28 17:42:02.010 [main] DEBUG o.s.context.annotation.ClassPathBeanDefinitionScanner - Identified candidate component class: file [/Users/wulonghui/work/unified_cashier/intergration/target/classes/com/youzan/pay/unified/cashier/intergration/client/CashierRechargeServiceClient.class]
2017-08-28 17:42:02.010 [main] DEBUG o.s.context.annotation.ClassPathBeanDefinitionScanner - Identified candidate component class: file [/Users/wulonghui/work/unified_cashier/intergration/target/classes/com/youzan/pay/unified/cashier/intergration/client/ChannelBankCardServiceClient.class]
2017-08-28 17:42:02.011 [main] DEBUG o.s.context.annotation.ClassPathBeanDefinitionScanner - Identified candidate component class: file [/Users/wulonghui/work/unified_cashier/intergration/target/classes/com/youzan/pay/unified/cashier/intergration/client/MerchantBankCardServiceClient.class]
2017-08-28 17:42:02.011 [main] DEBUG o.s.context.annotation.ClassPathBeanDefinitionScanner - Identified candidate component class: file [/Users/wulonghui/work/unified_cashier/intergration/target/classes/com/youzan/pay/unified/cashier/intergration/client/MicroAccoutServiceClient.class]
2017-08-28 17:42:02.011 [main] DEBUG o.s.context.annotation.ClassPathBeanDefinitionScanner - Identified candidate component class: file [/Users/wulonghui/work/unified_cashier/intergration/target/classes/com/youzan/pay/unified/cashier/intergration/client/QueryPayToolConfigServiceClient.class]
2017-08-28 17:42:02.011 [main] DEBUG o.s.context.annotation.ClassPathBeanDefinitionScanner - Identified candidate component class: file [/Users/wulonghui/work/unified_cashier/intergration/target/classes/com/youzan/pay/unified/cashier/intergration/client/SignKeyServiceClient.class]
2017-08-28 17:42:02.011 [main] DEBUG o.s.context.annotation.ClassPathBeanDefinitionScanner - Identified candidate component class: file [/Users/wulonghui/work/unified_cashier/intergration/target/classes/com/youzan/pay/unified/cashier/intergration/client/SummaryCardQueryServiceClient.class]
2017-08-28 17:42:02.011 [main] DEBUG o.s.context.annotation.ClassPathBeanDefinitionScanner - Identified candidate component class: file [/Users/wulonghui/work/unified_cashier/intergration/target/classes/com/youzan/pay/unified/cashier/intergration/client/UnifiedOrderServiceClient.class]
2017-08-28 17:42:02.011 [main] DEBUG o.s.context.annotation.ClassPathBeanDefinitionScanner - Identified candidate component class: file [/Users/wulonghui/work/unified_cashier/intergration/target/classes/com/youzan/pay/unified/cashier/intergration/client/UnifiedPayServiceClient.class]
2017-08-28 17:42:02.011 [main] DEBUG o.s.context.annotation.ClassPathBeanDefinitionScanner - Identified candidate component class: file [/Users/wulonghui/work/unified_cashier/intergration/target/classes/com/youzan/pay/unified/cashier/intergration/client/UserMerchantServiceClient.class]
2017-08-28 17:42:02.012 [main] DEBUG o.s.core.io.support.PathMatchingResourcePatternResolver - Resolved location pattern [classpath*:beans/spring-*.xml] to resources []
2017-08-28 17:42:02.012 [main] DEBUG o.s.beans.factory.xml.XmlBeanDefinitionReader - Loaded 0 bean definitions from location pattern [classpath*:beans/spring-*.xml]
2017-08-28 17:42:02.012 [main] DEBUG o.s.b.factory.xml.DefaultBeanDefinitionDocumentReader - Imported 0 bean definitions from URL location [classpath*:beans/spring-*.xml]
2017-08-28 17:42:02.012 [main] INFO  o.s.beans.factory.xml.XmlBeanDefinitionReader - Loading XML bean definitions from file [/Users/wulonghui/work/unified_cashier/intergration/target/classes/META-INF/spring/spring-dubbo-services.xml]
2017-08-28 17:42:02.013 [main] DEBUG o.s.beans.factory.xml.DefaultDocumentLoader - Using JAXP provider [com.sun.org.apache.xerces.internal.jaxp.DocumentBuilderFactoryImpl]
2017-08-28 17:42:02.013 [main] DEBUG o.s.beans.factory.xml.PluggableSchemaResolver - Found XML schema [http://www.springframework.org/schema/beans/spring-beans-2.5.xsd] in classpath: org/springframework/beans/factory/xml/spring-beans-2.5.xsd
2017-08-28 17:42:02.016 [main] DEBUG o.s.beans.factory.xml.PluggableSchemaResolver - Found XML schema [http://www.springframework.org/schema/context/spring-context.xsd] in classpath: org/springframework/context/config/spring-context-3.2.xsd
2017-08-28 17:42:02.017 [main] DEBUG o.s.beans.factory.xml.PluggableSchemaResolver - Found XML schema [http://www.springframework.org/schema/tool/spring-tool-3.2.xsd] in classpath: org/springframework/beans/factory/xml/spring-tool-3.2.xsd
2017-08-28 17:42:02.019 [main] DEBUG o.s.beans.factory.xml.PluggableSchemaResolver - Found XML schema [http://code.alibabatech.com/schema/dubbo/dubbo.xsd] in classpath: META-INF/dubbo.xsd
2017-08-28 17:42:02.021 [main] DEBUG o.s.b.factory.xml.DefaultBeanDefinitionDocumentReader - Loading bean definitions
2017-08-28 17:42:02.021 [main] DEBUG o.s.context.annotation.ClassPathBeanDefinitionScanner - JSR-250 'javax.annotation.ManagedBean' found and supported for component scanning
2017-08-28 17:42:02.022 [main] DEBUG o.s.core.io.support.PathMatchingResourcePatternResolver - Looking for matching resources in directory tree [/Users/wulonghui/work/unified_cashier/intergration/target/test-classes/com/youzan/pay/unified/cashier/intergration/client]
2017-08-28 17:42:02.022 [main] DEBUG o.s.core.io.support.PathMatchingResourcePatternResolver - Searching directory [/Users/wulonghui/work/unified_cashier/intergration/target/test-classes/com/youzan/pay/unified/cashier/intergration/client] for files matching pattern [/Users/wulonghui/work/unified_cashier/intergration/target/test-classes/com/youzan/pay/unified/cashier/intergration/client/**/*.class]
2017-08-28 17:42:02.022 [main] DEBUG o.s.core.io.support.PathMatchingResourcePatternResolver - Looking for matching resources in directory tree [/Users/wulonghui/work/unified_cashier/intergration/target/classes/com/youzan/pay/unified/cashier/intergration/client]
2017-08-28 17:42:02.022 [main] DEBUG o.s.core.io.support.PathMatchingResourcePatternResolver - Searching directory [/Users/wulonghui/work/unified_cashier/intergration/target/classes/com/youzan/pay/unified/cashier/intergration/client] for files matching pattern [/Users/wulonghui/work/unified_cashier/intergration/target/classes/com/youzan/pay/unified/cashier/intergration/client/**/*.class]
2017-08-28 17:42:02.023 [main] DEBUG o.s.core.io.support.PathMatchingResourcePatternResolver - Resolved location pattern [classpath*:com/youzan/pay/unified/cashier/intergration/client/**/*.class] to resources [file [/Users/wulonghui/work/unified_cashier/intergration/target/test-classes/com/youzan/pay/unified/cashier/intergration/client/AssetCenterUnifiedPayServiceClientTest.class], file [/Users/wulonghui/work/unified_cashier/intergration/target/test-classes/com/youzan/pay/unified/cashier/intergration/client/ChannelBankCardServiceClientTest.class], file [/Users/wulonghui/work/unified_cashier/intergration/target/test-classes/com/youzan/pay/unified/cashier/intergration/client/MerchantBankCardServiceClientTest.class], file [/Users/wulonghui/work/unified_cashier/intergration/target/test-classes/com/youzan/pay/unified/cashier/intergration/client/QueryPayToolConfigServiceClietTest.class], file [/Users/wulonghui/work/unified_cashier/intergration/target/test-classes/com/youzan/pay/unified/cashier/intergration/client/UserMerchantServiceClientTest.class], file [/Users/wulonghui/work/unified_cashier/intergration/target/classes/com/youzan/pay/unified/cashier/intergration/client/AssetCenterUnifiedPayServiceClient$1.class], file [/Users/wulonghui/work/unified_cashier/intergration/target/classes/com/youzan/pay/unified/cashier/intergration/client/AssetCenterUnifiedPayServiceClient.class], file [/Users/wulonghui/work/unified_cashier/intergration/target/classes/com/youzan/pay/unified/cashier/intergration/client/CashierOrderStatusSearchClient.class], file [/Users/wulonghui/work/unified_cashier/intergration/target/classes/com/youzan/pay/unified/cashier/intergration/client/CashierRechargeServiceClient.class], file [/Users/wulonghui/work/unified_cashier/intergration/target/classes/com/youzan/pay/unified/cashier/intergration/client/ChannelBankCardServiceClient$1.class], file [/Users/wulonghui/work/unified_cashier/intergration/target/classes/com/youzan/pay/unified/cashier/intergration/client/ChannelBankCardServiceClient$2.class], file [/Users/wulonghui/work/unified_cashier/intergration/target/classes/com/youzan/pay/unified/cashier/intergration/client/ChannelBankCardServiceClient$3.class], file [/Users/wulonghui/work/unified_cashier/intergration/target/classes/com/youzan/pay/unified/cashier/intergration/client/ChannelBankCardServiceClient$4.class], file [/Users/wulonghui/work/unified_cashier/intergration/target/classes/com/youzan/pay/unified/cashier/intergration/client/ChannelBankCardServiceClient.class], file [/Users/wulonghui/work/unified_cashier/intergration/target/classes/com/youzan/pay/unified/cashier/intergration/client/MerchantBankCardServiceClient$1.class], file [/Users/wulonghui/work/unified_cashier/intergration/target/classes/com/youzan/pay/unified/cashier/intergration/client/MerchantBankCardServiceClient$2.class], file [/Users/wulonghui/work/unified_cashier/intergration/target/classes/com/youzan/pay/unified/cashier/intergration/client/MerchantBankCardServiceClient$3.class], file [/Users/wulonghui/work/unified_cashier/intergration/target/classes/com/youzan/pay/unified/cashier/intergration/client/MerchantBankCardServiceClient.class], file [/Users/wulonghui/work/unified_cashier/intergration/target/classes/com/youzan/pay/unified/cashier/intergration/client/MicroAccoutServiceClient.class], file [/Users/wulonghui/work/unified_cashier/intergration/target/classes/com/youzan/pay/unified/cashier/intergration/client/QueryPayToolConfigServiceClient.class], file [/Users/wulonghui/work/unified_cashier/intergration/target/classes/com/youzan/pay/unified/cashier/intergration/client/SignKeyServiceClient.class], file [/Users/wulonghui/work/unified_cashier/intergration/target/classes/com/youzan/pay/unified/cashier/intergration/client/SummaryCardQueryServiceClient.class], file [/Users/wulonghui/work/unified_cashier/intergration/target/classes/com/youzan/pay/unified/cashier/intergration/client/UnifiedOrderServiceClient.class], file [/Users/wulonghui/work/unified_cashier/intergration/target/classes/com/youzan/pay/unified/cashier/intergration/client/UnifiedPayServiceClient.class], file [/Users/wulonghui/work/unified_cashier/intergration/target/classes/com/youzan/pay/unified/cashier/intergration/client/UserMerchantServiceClient$1.class], file [/Users/wulonghui/work/unified_cashier/intergration/target/classes/com/youzan/pay/unified/cashier/intergration/client/UserMerchantServiceClient.class]]
2017-08-28 17:42:02.024 [main] DEBUG o.s.context.annotation.ClassPathBeanDefinitionScanner - Identified candidate component class: file [/Users/wulonghui/work/unified_cashier/intergration/target/classes/com/youzan/pay/unified/cashier/intergration/client/AssetCenterUnifiedPayServiceClient.class]
2017-08-28 17:42:02.024 [main] DEBUG o.s.context.annotation.ClassPathBeanDefinitionScanner - Identified candidate component class: file [/Users/wulonghui/work/unified_cashier/intergration/target/classes/com/youzan/pay/unified/cashier/intergration/client/CashierOrderStatusSearchClient.class]
2017-08-28 17:42:02.025 [main] DEBUG o.s.context.annotation.ClassPathBeanDefinitionScanner - Identified candidate component class: file [/Users/wulonghui/work/unified_cashier/intergration/target/classes/com/youzan/pay/unified/cashier/intergration/client/CashierRechargeServiceClient.class]
2017-08-28 17:42:02.025 [main] DEBUG o.s.context.annotation.ClassPathBeanDefinitionScanner - Identified candidate component class: file [/Users/wulonghui/work/unified_cashier/intergration/target/classes/com/youzan/pay/unified/cashier/intergration/client/ChannelBankCardServiceClient.class]
2017-08-28 17:42:02.025 [main] DEBUG o.s.context.annotation.ClassPathBeanDefinitionScanner - Identified candidate component class: file [/Users/wulonghui/work/unified_cashier/intergration/target/classes/com/youzan/pay/unified/cashier/intergration/client/MerchantBankCardServiceClient.class]
2017-08-28 17:42:02.025 [main] DEBUG o.s.context.annotation.ClassPathBeanDefinitionScanner - Identified candidate component class: file [/Users/wulonghui/work/unified_cashier/intergration/target/classes/com/youzan/pay/unified/cashier/intergration/client/MicroAccoutServiceClient.class]
2017-08-28 17:42:02.026 [main] DEBUG o.s.context.annotation.ClassPathBeanDefinitionScanner - Identified candidate component class: file [/Users/wulonghui/work/unified_cashier/intergration/target/classes/com/youzan/pay/unified/cashier/intergration/client/QueryPayToolConfigServiceClient.class]
2017-08-28 17:42:02.026 [main] DEBUG o.s.context.annotation.ClassPathBeanDefinitionScanner - Identified candidate component class: file [/Users/wulonghui/work/unified_cashier/intergration/target/classes/com/youzan/pay/unified/cashier/intergration/client/SignKeyServiceClient.class]
2017-08-28 17:42:02.026 [main] DEBUG o.s.context.annotation.ClassPathBeanDefinitionScanner - Identified candidate component class: file [/Users/wulonghui/work/unified_cashier/intergration/target/classes/com/youzan/pay/unified/cashier/intergration/client/SummaryCardQueryServiceClient.class]
2017-08-28 17:42:02.026 [main] DEBUG o.s.context.annotation.ClassPathBeanDefinitionScanner - Identified candidate component class: file [/Users/wulonghui/work/unified_cashier/intergration/target/classes/com/youzan/pay/unified/cashier/intergration/client/UnifiedOrderServiceClient.class]
2017-08-28 17:42:02.026 [main] DEBUG o.s.context.annotation.ClassPathBeanDefinitionScanner - Identified candidate component class: file [/Users/wulonghui/work/unified_cashier/intergration/target/classes/com/youzan/pay/unified/cashier/intergration/client/UnifiedPayServiceClient.class]
2017-08-28 17:42:02.027 [main] DEBUG o.s.context.annotation.ClassPathBeanDefinitionScanner - Identified candidate component class: file [/Users/wulonghui/work/unified_cashier/intergration/target/classes/com/youzan/pay/unified/cashier/intergration/client/UserMerchantServiceClient.class]
2017-08-28 17:42:02.033 [main] INFO  o.s.beans.factory.xml.XmlBeanDefinitionReader - Loading XML bean definitions from URL [jar:file:/Users/wulonghui/.m2/repository/com/youzan/platform/bootstrap/3.0.9-RELEASE/bootstrap-3.0.9-RELEASE.jar!/META-INF/spring/container.xml]
2017-08-28 17:42:02.033 [main] DEBUG o.s.beans.factory.xml.DefaultDocumentLoader - Using JAXP provider [com.sun.org.apache.xerces.internal.jaxp.DocumentBuilderFactoryImpl]
2017-08-28 17:42:02.034 [main] DEBUG o.s.beans.factory.xml.PluggableSchemaResolver - Found XML schema [http://www.springframework.org/schema/beans/spring-beans-2.5.xsd] in classpath: org/springframework/beans/factory/xml/spring-beans-2.5.xsd
2017-08-28 17:42:02.036 [main] DEBUG o.s.b.factory.xml.DefaultBeanDefinitionDocumentReader - Loading bean definitions
2017-08-28 17:42:02.036 [main] INFO  o.s.beans.factory.xml.XmlBeanDefinitionReader - Loading XML bean definitions from URL [jar:file:/Users/wulonghui/.m2/repository/com/youzan/nova/framework/framework-cat/1.0.7-RELEASE/framework-cat-1.0.7-RELEASE.jar!/META-INF/spring/framework-cat-context.xml]
2017-08-28 17:42:02.037 [main] DEBUG o.s.beans.factory.xml.DefaultDocumentLoader - Using JAXP provider [com.sun.org.apache.xerces.internal.jaxp.DocumentBuilderFactoryImpl]
2017-08-28 17:42:02.038 [main] DEBUG o.s.beans.factory.xml.PluggableSchemaResolver - Found XML schema [http://www.springframework.org/schema/beans/spring-beans-2.5.xsd] in classpath: org/springframework/beans/factory/xml/spring-beans-2.5.xsd
2017-08-28 17:42:02.040 [main] DEBUG o.s.beans.factory.xml.PluggableSchemaResolver - Found XML schema [http://www.springframework.org/schema/aop/spring-aop-3.0.xsd] in classpath: org/springframework/aop/config/spring-aop-3.0.xsd
2017-08-28 17:42:02.041 [main] DEBUG o.s.beans.factory.xml.PluggableSchemaResolver - Found XML schema [http://www.springframework.org/schema/tool/spring-tool-3.0.xsd] in classpath: org/springframework/beans/factory/xml/spring-tool-3.0.xsd
2017-08-28 17:42:02.043 [main] DEBUG o.s.b.factory.xml.DefaultBeanDefinitionDocumentReader - Loading bean definitions
2017-08-28 17:42:02.045 [main] DEBUG o.s.beans.factory.xml.XmlBeanDefinitionReader - Loaded 35 bean definitions from location pattern [classpath*:META-INF/spring/*.xml]
2017-08-28 17:42:02.045 [main] INFO  o.s.context.support.GenericApplicationContext - Refreshing org.springframework.context.support.GenericApplicationContext@753ad510: startup date [Mon Aug 28 17:42:02 CST 2017]; root of context hierarchy
2017-08-28 17:42:02.046 [main] DEBUG o.s.context.support.GenericApplicationContext - Bean factory for org.springframework.context.support.GenericApplicationContext@753ad510: org.springframework.beans.factory.support.DefaultListableBeanFactory@37217146: defining beans [org.springframework.context.support.PropertySourcesPlaceholderConfigurer#0,assetCenterUnifiedPayServiceClient,cashierOrderStatusSearchClient,cashierRechargeServiceClient,channelBankCardServiceClient,merchantBankCardServiceClient,microAccoutServiceClient,queryPayToolConfigServiceClient,signKeyServiceClient,summaryCardQueryServiceClient,unifiedOrderServiceClient,unifiedPayServiceClient,userMerchantServiceClient,org.springframework.context.annotation.internalConfigurationAnnotationProcessor,org.springframework.context.annotation.internalAutowiredAnnotationProcessor,org.springframework.context.annotation.internalRequiredAnnotationProcessor,org.springframework.context.annotation.internalCommonAnnotationProcessor,signKeyService,merchantConfigService,acquireOrderService,unifiedPayService,unifiedOrderQueryService,unifiedOrderService,bankCardService,merchantBankCardService,userMerchantService,rechargeService,payToolsService,accountService,summaryCardQueryService,novaContainer,beanFactory,org.springframework.aop.config.internalAutoProxyCreator,tracingAop,customerMethodAop]; root of factory hierarchy
2017-08-28 17:42:02.046 [main] DEBUG o.s.beans.factory.support.DefaultListableBeanFactory - Creating shared instance of singleton bean 'org.springframework.context.annotation.internalConfigurationAnnotationProcessor'
2017-08-28 17:42:02.046 [main] DEBUG o.s.beans.factory.support.DefaultListableBeanFactory - Creating instance of bean 'org.springframework.context.annotation.internalConfigurationAnnotationProcessor'
2017-08-28 17:42:02.046 [main] DEBUG o.s.beans.factory.support.DefaultListableBeanFactory - Eagerly caching bean 'org.springframework.context.annotation.internalConfigurationAnnotationProcessor' to allow for resolving potential circular references
2017-08-28 17:42:02.047 [main] DEBUG o.s.beans.factory.support.DefaultListableBeanFactory - Finished creating instance of bean 'org.springframework.context.annotation.internalConfigurationAnnotationProcessor'
2017-08-28 17:42:02.047 [main] DEBUG o.s.beans.factory.support.DefaultListableBeanFactory - Creating shared instance of singleton bean 'novaContainer'
2017-08-28 17:42:02.047 [main] DEBUG o.s.beans.factory.support.DefaultListableBeanFactory - Creating instance of bean 'novaContainer'
2017-08-28 17:42:02.047 [main] DEBUG o.s.beans.factory.support.DefaultListableBeanFactory - Eagerly caching bean 'novaContainer' to allow for resolving potential circular references
2017-08-28 17:42:02.047 [main] DEBUG o.s.beans.factory.support.DefaultListableBeanFactory - Finished creating instance of bean 'novaContainer'
2017-08-28 17:42:02.053 [main] DEBUG o.s.beans.factory.support.DefaultListableBeanFactory - Creating shared instance of singleton bean 'org.springframework.context.support.PropertySourcesPlaceholderConfigurer#0'
2017-08-28 17:42:02.053 [main] DEBUG o.s.beans.factory.support.DefaultListableBeanFactory - Creating instance of bean 'org.springframework.context.support.PropertySourcesPlaceholderConfigurer#0'
2017-08-28 17:42:02.053 [main] DEBUG o.s.beans.factory.support.DefaultListableBeanFactory - Eagerly caching bean 'org.springframework.context.support.PropertySourcesPlaceholderConfigurer#0' to allow for resolving potential circular references
2017-08-28 17:42:02.054 [main] DEBUG o.s.core.io.support.PathMatchingResourcePatternResolver - Looking for matching resources in directory tree [/Users/wulonghui/work/unified_cashier/intergration/target/test-classes]
2017-08-28 17:42:02.054 [main] DEBUG o.s.core.io.support.PathMatchingResourcePatternResolver - Searching directory [/Users/wulonghui/work/unified_cashier/intergration/target/test-classes] for files matching pattern [/Users/wulonghui/work/unified_cashier/intergration/target/test-classes/*.properties]
2017-08-28 17:42:02.054 [main] DEBUG o.s.core.io.support.PathMatchingResourcePatternResolver - Looking for matching resources in directory tree [/Users/wulonghui/work/unified_cashier/intergration/target/classes]
2017-08-28 17:42:02.054 [main] DEBUG o.s.core.io.support.PathMatchingResourcePatternResolver - Searching directory [/Users/wulonghui/work/unified_cashier/intergration/target/classes] for files matching pattern [/Users/wulonghui/work/unified_cashier/intergration/target/classes/*.properties]
2017-08-28 17:42:02.054 [main] DEBUG o.s.core.io.support.PathMatchingResourcePatternResolver - Looking for matching resources in directory tree [/Users/wulonghui/work/unified_cashier/core-utils/target/classes]
2017-08-28 17:42:02.054 [main] DEBUG o.s.core.io.support.PathMatchingResourcePatternResolver - Searching directory [/Users/wulonghui/work/unified_cashier/core-utils/target/classes] for files matching pattern [/Users/wulonghui/work/unified_cashier/core-utils/target/classes/*.properties]
2017-08-28 17:42:02.054 [main] DEBUG o.s.core.io.support.PathMatchingResourcePatternResolver - Looking for matching resources in directory tree [/Users/wulonghui/work/unified_cashier/core-model/target/classes]
2017-08-28 17:42:02.054 [main] DEBUG o.s.core.io.support.PathMatchingResourcePatternResolver - Searching directory [/Users/wulonghui/work/unified_cashier/core-model/target/classes] for files matching pattern [/Users/wulonghui/work/unified_cashier/core-model/target/classes/*.properties]
2017-08-28 17:42:02.055 [main] DEBUG o.s.core.io.support.PathMatchingResourcePatternResolver - Resolved location pattern [classpath*:*.properties] to resources [file [/Users/wulonghui/work/unified_cashier/intergration/target/test-classes/container.properties], file [/Users/wulonghui/work/unified_cashier/intergration/target/test-classes/dev.properties]]
2017-08-28 17:42:02.055 [main] DEBUG o.s.beans.factory.support.DefaultListableBeanFactory - Finished creating instance of bean 'org.springframework.context.support.PropertySourcesPlaceholderConfigurer#0'
2017-08-28 17:42:02.055 [main] DEBUG org.springframework.core.env.MutablePropertySources - Adding [environmentProperties] PropertySource with lowest search precedence
2017-08-28 17:42:02.055 [main] INFO  o.s.context.support.PropertySourcesPlaceholderConfigurer - Loading properties file from file [/Users/wulonghui/work/unified_cashier/intergration/target/test-classes/container.properties]
2017-08-28 17:42:02.055 [main] INFO  o.s.context.support.PropertySourcesPlaceholderConfigurer - Loading properties file from file [/Users/wulonghui/work/unified_cashier/intergration/target/test-classes/dev.properties]
2017-08-28 17:42:02.055 [main] DEBUG org.springframework.core.env.MutablePropertySources - Adding [localProperties] PropertySource with lowest search precedence
2017-08-28 17:42:02.057 [main] DEBUG o.s.core.env.PropertySourcesPropertyResolver - Searching for key 'application.monitor.address' in [environmentProperties]
2017-08-28 17:42:02.058 [main] DEBUG o.s.core.env.PropertySourcesPropertyResolver - Searching for key 'application.monitor.address' in [systemProperties]
2017-08-28 17:42:02.058 [main] DEBUG o.s.core.env.PropertySourcesPropertyResolver - Searching for key 'application.monitor.address' in [systemEnvironment]
2017-08-28 17:42:02.058 [main] DEBUG o.s.core.env.PropertySourcesPropertyResolver - Could not find key 'application.monitor.address' in any property source. Returning [null]
2017-08-28 17:42:02.058 [main] DEBUG o.s.core.env.PropertySourcesPropertyResolver - Searching for key 'application.monitor.address' in [localProperties]
2017-08-28 17:42:02.058 [main] DEBUG o.s.core.env.PropertySourcesPropertyResolver - Found key 'application.monitor.address' in [localProperties] with type [String] and value 'http://hawk-dev.s.qima-inc.com'
2017-08-28 17:42:02.059 [main] DEBUG o.s.beans.factory.support.DefaultListableBeanFactory - Creating shared instance of singleton bean 'com.alibaba.dubbo.config.spring.AnnotationBean'
2017-08-28 17:42:02.059 [main] DEBUG o.s.beans.factory.support.DefaultListableBeanFactory - Creating instance of bean 'com.alibaba.dubbo.config.spring.AnnotationBean'
2017-08-28 17:42:02.059 [main] DEBUG o.s.beans.factory.support.DefaultListableBeanFactory - Eagerly caching bean 'com.alibaba.dubbo.config.spring.AnnotationBean' to allow for resolving potential circular references
2017-08-28 17:42:02.059 [main] DEBUG o.s.beans.factory.support.DefaultListableBeanFactory - Finished creating instance of bean 'com.alibaba.dubbo.config.spring.AnnotationBean'
2017-08-28 17:42:02.059 [main] DEBUG org.springframework.core.env.StandardEnvironment - Adding [systemProperties] PropertySource with lowest search precedence
2017-08-28 17:42:02.059 [main] DEBUG org.springframework.core.env.StandardEnvironment - Adding [systemEnvironment] PropertySource with lowest search precedence
2017-08-28 17:42:02.059 [main] DEBUG org.springframework.core.env.StandardEnvironment - Initialized StandardEnvironment with PropertySources [systemProperties,systemEnvironment]
2017-08-28 17:42:02.059 [main] DEBUG o.s.context.annotation.ClassPathBeanDefinitionScanner - JSR-250 'javax.annotation.ManagedBean' found and supported for component scanning
2017-08-28 17:42:02.061 [main] DEBUG o.s.core.io.support.PathMatchingResourcePatternResolver - Looking for matching resources in directory tree [/Users/wulonghui/work/unified_cashier/intergration/target/test-classes/com/youzan]
2017-08-28 17:42:02.061 [main] DEBUG o.s.core.io.support.PathMatchingResourcePatternResolver - Searching directory [/Users/wulonghui/work/unified_cashier/intergration/target/test-classes/com/youzan] for files matching pattern [/Users/wulonghui/work/unified_cashier/intergration/target/test-classes/com/youzan/**/*.class]
2017-08-28 17:42:02.061 [main] DEBUG o.s.core.io.support.PathMatchingResourcePatternResolver - Searching directory [/Users/wulonghui/work/unified_cashier/intergration/target/test-classes/com/youzan/pay] for files matching pattern [/Users/wulonghui/work/unified_cashier/intergration/target/test-classes/com/youzan/**/*.class]
2017-08-28 17:42:02.061 [main] DEBUG o.s.core.io.support.PathMatchingResourcePatternResolver - Searching directory [/Users/wulonghui/work/unified_cashier/intergration/target/test-classes/com/youzan/pay/unified] for files matching pattern [/Users/wulonghui/work/unified_cashier/intergration/target/test-classes/com/youzan/**/*.class]
2017-08-28 17:42:02.061 [main] DEBUG o.s.core.io.support.PathMatchingResourcePatternResolver - Searching directory [/Users/wulonghui/work/unified_cashier/intergration/target/test-classes/com/youzan/pay/unified/cashier] for files matching pattern [/Users/wulonghui/work/unified_cashier/intergration/target/test-classes/com/youzan/**/*.class]
2017-08-28 17:42:02.061 [main] DEBUG o.s.core.io.support.PathMatchingResourcePatternResolver - Searching directory [/Users/wulonghui/work/unified_cashier/intergration/target/test-classes/com/youzan/pay/unified/cashier/intergration] for files matching pattern [/Users/wulonghui/work/unified_cashier/intergration/target/test-classes/com/youzan/**/*.class]
2017-08-28 17:42:02.062 [main] DEBUG o.s.core.io.support.PathMatchingResourcePatternResolver - Searching directory [/Users/wulonghui/work/unified_cashier/intergration/target/test-classes/com/youzan/pay/unified/cashier/intergration/client] for files matching pattern [/Users/wulonghui/work/unified_cashier/intergration/target/test-classes/com/youzan/**/*.class]
2017-08-28 17:42:02.062 [main] DEBUG o.s.core.io.support.PathMatchingResourcePatternResolver - Looking for matching resources in directory tree [/Users/wulonghui/work/unified_cashier/intergration/target/classes/com/youzan]
2017-08-28 17:42:02.062 [main] DEBUG o.s.core.io.support.PathMatchingResourcePatternResolver - Searching directory [/Users/wulonghui/work/unified_cashier/intergration/target/classes/com/youzan] for files matching pattern [/Users/wulonghui/work/unified_cashier/intergration/target/classes/com/youzan/**/*.class]
2017-08-28 17:42:02.062 [main] DEBUG o.s.core.io.support.PathMatchingResourcePatternResolver - Searching directory [/Users/wulonghui/work/unified_cashier/intergration/target/classes/com/youzan/pay] for files matching pattern [/Users/wulonghui/work/unified_cashier/intergration/target/classes/com/youzan/**/*.class]
2017-08-28 17:42:02.062 [main] DEBUG o.s.core.io.support.PathMatchingResourcePatternResolver - Searching directory [/Users/wulonghui/work/unified_cashier/intergration/target/classes/com/youzan/pay/unified] for files matching pattern [/Users/wulonghui/work/unified_cashier/intergration/target/classes/com/youzan/**/*.class]
2017-08-28 17:42:02.062 [main] DEBUG o.s.core.io.support.PathMatchingResourcePatternResolver - Searching directory [/Users/wulonghui/work/unified_cashier/intergration/target/classes/com/youzan/pay/unified/cashier] for files matching pattern [/Users/wulonghui/work/unified_cashier/intergration/target/classes/com/youzan/**/*.class]
2017-08-28 17:42:02.062 [main] DEBUG o.s.core.io.support.PathMatchingResourcePatternResolver - Searching directory [/Users/wulonghui/work/unified_cashier/intergration/target/classes/com/youzan/pay/unified/cashier/intergration] for files matching pattern [/Users/wulonghui/work/unified_cashier/intergration/target/classes/com/youzan/**/*.class]
2017-08-28 17:42:02.062 [main] DEBUG o.s.core.io.support.PathMatchingResourcePatternResolver - Searching directory [/Users/wulonghui/work/unified_cashier/intergration/target/classes/com/youzan/pay/unified/cashier/intergration/client] for files matching pattern [/Users/wulonghui/work/unified_cashier/intergration/target/classes/com/youzan/**/*.class]
2017-08-28 17:42:02.062 [main] DEBUG o.s.core.io.support.PathMatchingResourcePatternResolver - Searching directory [/Users/wulonghui/work/unified_cashier/intergration/target/classes/com/youzan/pay/unified/cashier/intergration/common] for files matching pattern [/Users/wulonghui/work/unified_cashier/intergration/target/classes/com/youzan/**/*.class]
2017-08-28 17:42:02.063 [main] DEBUG o.s.core.io.support.PathMatchingResourcePatternResolver - Looking for matching resources in directory tree [/Users/wulonghui/work/unified_cashier/core-utils/target/classes/com/youzan]
2017-08-28 17:42:02.063 [main] DEBUG o.s.core.io.support.PathMatchingResourcePatternResolver - Searching directory [/Users/wulonghui/work/unified_cashier/core-utils/target/classes/com/youzan] for files matching pattern [/Users/wulonghui/work/unified_cashier/core-utils/target/classes/com/youzan/**/*.class]
2017-08-28 17:42:02.063 [main] DEBUG o.s.core.io.support.PathMatchingResourcePatternResolver - Searching directory [/Users/wulonghui/work/unified_cashier/core-utils/target/classes/com/youzan/pay] for files matching pattern [/Users/wulonghui/work/unified_cashier/core-utils/target/classes/com/youzan/**/*.class]
2017-08-28 17:42:02.063 [main] DEBUG o.s.core.io.support.PathMatchingResourcePatternResolver - Searching directory [/Users/wulonghui/work/unified_cashier/core-utils/target/classes/com/youzan/pay/unified] for files matching pattern [/Users/wulonghui/work/unified_cashier/core-utils/target/classes/com/youzan/**/*.class]
2017-08-28 17:42:02.063 [main] DEBUG o.s.core.io.support.PathMatchingResourcePatternResolver - Searching directory [/Users/wulonghui/work/unified_cashier/core-utils/target/classes/com/youzan/pay/unified/cashier] for files matching pattern [/Users/wulonghui/work/unified_cashier/core-utils/target/classes/com/youzan/**/*.class]
2017-08-28 17:42:02.063 [main] DEBUG o.s.core.io.support.PathMatchingResourcePatternResolver - Searching directory [/Users/wulonghui/work/unified_cashier/core-utils/target/classes/com/youzan/pay/unified/cashier/core] for files matching pattern [/Users/wulonghui/work/unified_cashier/core-utils/target/classes/com/youzan/**/*.class]
2017-08-28 17:42:02.063 [main] DEBUG o.s.core.io.support.PathMatchingResourcePatternResolver - Searching directory [/Users/wulonghui/work/unified_cashier/core-utils/target/classes/com/youzan/pay/unified/cashier/core/utils] for files matching pattern [/Users/wulonghui/work/unified_cashier/core-utils/target/classes/com/youzan/**/*.class]
2017-08-28 17:42:02.063 [main] DEBUG o.s.core.io.support.PathMatchingResourcePatternResolver - Searching directory [/Users/wulonghui/work/unified_cashier/core-utils/target/classes/com/youzan/pay/unified/cashier/core/utils/common] for files matching pattern [/Users/wulonghui/work/unified_cashier/core-utils/target/classes/com/youzan/**/*.class]
2017-08-28 17:42:02.063 [main] DEBUG o.s.core.io.support.PathMatchingResourcePatternResolver - Searching directory [/Users/wulonghui/work/unified_cashier/core-utils/target/classes/com/youzan/pay/unified/cashier/core/utils/enums] for files matching pattern [/Users/wulonghui/work/unified_cashier/core-utils/target/classes/com/youzan/**/*.class]
2017-08-28 17:42:02.063 [main] DEBUG o.s.core.io.support.PathMatchingResourcePatternResolver - Searching directory [/Users/wulonghui/work/unified_cashier/core-utils/target/classes/com/youzan/pay/unified/cashier/core/utils/exception] for files matching pattern [/Users/wulonghui/work/unified_cashier/core-utils/target/classes/com/youzan/**/*.class]
2017-08-28 17:42:02.064 [main] DEBUG o.s.core.io.support.PathMatchingResourcePatternResolver - Searching directory [/Users/wulonghui/work/unified_cashier/core-utils/target/classes/com/youzan/pay/unified/cashier/core/utils/model] for files matching pattern [/Users/wulonghui/work/unified_cashier/core-utils/target/classes/com/youzan/**/*.class]
2017-08-28 17:42:02.064 [main] DEBUG o.s.core.io.support.PathMatchingResourcePatternResolver - Searching directory [/Users/wulonghui/work/unified_cashier/core-utils/target/classes/com/youzan/pay/unified/cashier/core/utils/resultcode] for files matching pattern [/Users/wulonghui/work/unified_cashier/core-utils/target/classes/com/youzan/**/*.class]
2017-08-28 17:42:02.064 [main] DEBUG o.s.core.io.support.PathMatchingResourcePatternResolver - Searching directory [/Users/wulonghui/work/unified_cashier/core-utils/target/classes/com/youzan/pay/unified/cashier/core/utils/resultcode/errorcode] for files matching pattern [/Users/wulonghui/work/unified_cashier/core-utils/target/classes/com/youzan/**/*.class]
2017-08-28 17:42:02.064 [main] DEBUG o.s.core.io.support.PathMatchingResourcePatternResolver - Looking for matching resources in directory tree [/Users/wulonghui/work/unified_cashier/core-model/target/classes/com/youzan]
2017-08-28 17:42:02.064 [main] DEBUG o.s.core.io.support.PathMatchingResourcePatternResolver - Searching directory [/Users/wulonghui/work/unified_cashier/core-model/target/classes/com/youzan] for files matching pattern [/Users/wulonghui/work/unified_cashier/core-model/target/classes/com/youzan/**/*.class]
2017-08-28 17:42:02.064 [main] DEBUG o.s.core.io.support.PathMatchingResourcePatternResolver - Searching directory [/Users/wulonghui/work/unified_cashier/core-model/target/classes/com/youzan/pay] for files matching pattern [/Users/wulonghui/work/unified_cashier/core-model/target/classes/com/youzan/**/*.class]
2017-08-28 17:42:02.064 [main] DEBUG o.s.core.io.support.PathMatchingResourcePatternResolver - Searching directory [/Users/wulonghui/work/unified_cashier/core-model/target/classes/com/youzan/pay/unified] for files matching pattern [/Users/wulonghui/work/unified_cashier/core-model/target/classes/com/youzan/**/*.class]
2017-08-28 17:42:02.064 [main] DEBUG o.s.core.io.support.PathMatchingResourcePatternResolver - Searching directory [/Users/wulonghui/work/unified_cashier/core-model/target/classes/com/youzan/pay/unified/cashier] for files matching pattern [/Users/wulonghui/work/unified_cashier/core-model/target/classes/com/youzan/**/*.class]
2017-08-28 17:42:02.065 [main] DEBUG o.s.core.io.support.PathMatchingResourcePatternResolver - Searching directory [/Users/wulonghui/work/unified_cashier/core-model/target/classes/com/youzan/pay/unified/cashier/core] for files matching pattern [/Users/wulonghui/work/unified_cashier/core-model/target/classes/com/youzan/**/*.class]
2017-08-28 17:42:02.065 [main] DEBUG o.s.core.io.support.PathMatchingResourcePatternResolver - Searching directory [/Users/wulonghui/work/unified_cashier/core-model/target/classes/com/youzan/pay/unified/cashier/core/model] for files matching pattern [/Users/wulonghui/work/unified_cashier/core-model/target/classes/com/youzan/**/*.class]
2017-08-28 17:42:02.065 [main] DEBUG o.s.core.io.support.PathMatchingResourcePatternResolver - Searching directory [/Users/wulonghui/work/unified_cashier/core-model/target/classes/com/youzan/pay/unified/cashier/core/model/domain] for files matching pattern [/Users/wulonghui/work/unified_cashier/core-model/target/classes/com/youzan/**/*.class]
2017-08-28 17:42:02.065 [main] DEBUG o.s.core.io.support.PathMatchingResourcePatternResolver - Looking for matching resources in jar file [file:/Users/wulonghui/.m2/repository/com/youzan/pay/core/core-utils/1.0.1-SNAPSHOT/core-utils-1.0.1-SNAPSHOT.jar]
2017-08-28 17:42:02.065 [main] DEBUG o.s.core.io.support.PathMatchingResourcePatternResolver - Looking for matching resources in jar file [file:/Users/wulonghui/.m2/repository/com/youzan/pay/core/core-model/1.0.1-SNAPSHOT/core-model-1.0.1-SNAPSHOT.jar]
2017-08-28 17:42:02.066 [main] DEBUG o.s.core.io.support.PathMatchingResourcePatternResolver - Looking for matching resources in jar file [file:/Users/wulonghui/.m2/repository/com/youzan/platform/bootstrap/3.0.9-RELEASE/bootstrap-3.0.9-RELEASE.jar]
2017-08-28 17:42:02.066 [main] DEBUG o.s.core.io.support.PathMatchingResourcePatternResolver - Looking for matching resources in jar file [file:/Users/wulonghui/.m2/repository/com/youzan/platform/haunt-client/3.0.7-RELEASE/haunt-client-3.0.7-RELEASE.jar]
2017-08-28 17:42:02.067 [main] DEBUG o.s.core.io.support.PathMatchingResourcePatternResolver - Looking for matching resources in jar file [file:/Users/wulonghui/.m2/repository/com/youzan/nova/framework/framework-cat/1.0.7-RELEASE/framework-cat-1.0.7-RELEASE.jar]
2017-08-28 17:42:02.067 [main] DEBUG o.s.core.io.support.PathMatchingResourcePatternResolver - Looking for matching resources in jar file [file:/Users/wulonghui/.m2/repository/com/youzan/platform/commons-util/2.0.0-SNAPSHOT/commons-util-2.0.0-SNAPSHOT.jar]
2017-08-28 17:42:02.067 [main] DEBUG o.s.core.io.support.PathMatchingResourcePatternResolver - Looking for matching resources in jar file [file:/Users/wulonghui/.m2/repository/com/alibaba/dubbo/3.0.9-RELEASE/dubbo-3.0.9-RELEASE.jar]
2017-08-28 17:42:02.069 [main] DEBUG o.s.core.io.support.PathMatchingResourcePatternResolver - Looking for matching resources in jar file [file:/Users/wulonghui/.m2/repository/com/youzan/lightning-sdk/0.1.1-SNAPSHOT/lightning-sdk-0.1.1-SNAPSHOT.jar]
2017-08-28 17:42:02.070 [main] DEBUG o.s.core.io.support.PathMatchingResourcePatternResolver - Looking for matching resources in jar file [file:/Users/wulonghui/.m2/repository/com/youzan/platform/track-appender/2.3/track-appender-2.3.jar]
2017-08-28 17:42:02.070 [main] DEBUG o.s.core.io.support.PathMatchingResourcePatternResolver - Looking for matching resources in jar file [file:/Users/wulonghui/.m2/repository/com/youzan/pay/assetcenter.api/0.0.9-20170817-SNAPSHOT/assetcenter.api-0.0.9-20170817-SNAPSHOT.jar]
2017-08-28 17:42:02.071 [main] DEBUG o.s.core.io.support.PathMatchingResourcePatternResolver - Looking for matching resources in jar file [file:/Users/wulonghui/.m2/repository/com/youzan/pay/assetcenter.spi/0.0.9-20170817-SNAPSHOT/assetcenter.spi-0.0.9-20170817-SNAPSHOT.jar]
2017-08-28 17:42:02.072 [main] DEBUG o.s.core.io.support.PathMatchingResourcePatternResolver - Looking for matching resources in jar file [file:/Users/wulonghui/.m2/repository/com/youzan/pay/core/core-validate/1.0.2-20170515-RELEASE/core-validate-1.0.2-20170515-RELEASE.jar]
2017-08-28 17:42:02.072 [main] DEBUG o.s.core.io.support.PathMatchingResourcePatternResolver - Looking for matching resources in jar file [file:/Users/wulonghui/.m2/repository/com/youzan/pay/microaccount-api/0.2.6-20170801-SNAPSHOT/microaccount-api-0.2.6-20170801-SNAPSHOT.jar]
2017-08-28 17:42:02.072 [main] DEBUG o.s.core.io.support.PathMatchingResourcePatternResolver - Looking for matching resources in jar file [file:/Users/wulonghui/.m2/repository/com/youzan/account-api/1.1.16-RELEASE/account-api-1.1.16-RELEASE.jar]
2017-08-28 17:42:02.073 [main] DEBUG o.s.core.io.support.PathMatchingResourcePatternResolver - Looking for matching resources in jar file [file:/Users/wulonghui/.m2/repository/com/youzan/common-model/1.0.1-SNAPSHOT/common-model-1.0.1-SNAPSHOT.jar]
2017-08-28 17:42:02.074 [main] DEBUG o.s.core.io.support.PathMatchingResourcePatternResolver - Looking for matching resources in jar file [file:/Users/wulonghui/.m2/repository/com/youzan/pay/fund_channel.open-api/1.0.0-20170710-RELEASE/fund_channel.open-api-1.0.0-20170710-RELEASE.jar]
2017-08-28 17:42:02.074 [main] DEBUG o.s.core.io.support.PathMatchingResourcePatternResolver - Looking for matching resources in jar file [file:/Users/wulonghui/.m2/repository/com/youzan/pay/fund_channel.core-commons/1.0.0-20170710-RELEASE/fund_channel.core-commons-1.0.0-20170710-RELEASE.jar]
2017-08-28 17:42:02.074 [main] DEBUG o.s.core.io.support.PathMatchingResourcePatternResolver - Looking for matching resources in jar file [file:/Users/wulonghui/.m2/repository/com/youzan/pay/core/0.2.9-20170710-RELEASE/core-0.2.9-20170710-RELEASE.jar]
2017-08-28 17:42:02.076 [main] DEBUG o.s.core.io.support.PathMatchingResourcePatternResolver - Looking for matching resources in jar file [file:/Users/wulonghui/.m2/repository/com/youzan/pay/core/mq-nsq/1.0.2-20170515-RELEASE/mq-nsq-1.0.2-20170515-RELEASE.jar]
2017-08-28 17:42:02.076 [main] DEBUG o.s.core.io.support.PathMatchingResourcePatternResolver - Looking for matching resources in jar file [file:/Users/wulonghui/.m2/repository/com/youzan/NSQ-Client/2.3.20170406-RELEASE/NSQ-Client-2.3.20170406-RELEASE.jar]
2017-08-28 17:42:02.078 [main] DEBUG o.s.core.io.support.PathMatchingResourcePatternResolver - Looking for matching resources in jar file [file:/Users/wulonghui/.m2/repository/com/youzan/DCC-Client/1.1.0330-RELEASE/DCC-Client-1.1.0330-RELEASE.jar]
2017-08-28 17:42:02.078 [main] DEBUG o.s.core.io.support.PathMatchingResourcePatternResolver - Looking for matching resources in jar file [file:/Users/wulonghui/.m2/repository/com/youzan/httpasyncclient/4.1.2-RELEASE/httpasyncclient-4.1.2-RELEASE.jar]
2017-08-28 17:42:02.079 [main] DEBUG o.s.core.io.support.PathMatchingResourcePatternResolver - Looking for matching resources in jar file [file:/Users/wulonghui/.m2/repository/com/youzan/pay/merchant-api/0.0.7-20170804-RELEASE/merchant-api-0.0.7-20170804-RELEASE.jar]
2017-08-28 17:42:02.081 [main] DEBUG o.s.core.io.support.PathMatchingResourcePatternResolver - Looking for matching resources in jar file [file:/Users/wulonghui/.m2/repository/com/youzan/pay/consumer-center/basesearch-api/1.0.0-SNAPSHOT/basesearch-api-1.0.0-SNAPSHOT.jar]
2017-08-28 17:42:02.081 [main] DEBUG o.s.core.io.support.PathMatchingResourcePatternResolver - Looking for matching resources in jar file [file:/Users/wulonghui/.m2/repository/com/youzan/pay/core/api-model/1.0.5-20170710-RELEASE/api-model-1.0.5-20170710-RELEASE.jar]
2017-08-28 17:42:02.081 [main] DEBUG o.s.core.io.support.PathMatchingResourcePatternResolver - Looking for matching resources in jar file [file:/Users/wulonghui/.m2/repository/com/youzan/pay/core/common-model/1.0.5-20170710-RELEASE/common-model-1.0.5-20170710-RELEASE.jar]
2017-08-28 17:42:02.081 [main] DEBUG o.s.core.io.support.PathMatchingResourcePatternResolver - Looking for matching resources in jar file [file:/Users/wulonghui/.m2/repository/com/youzan/pay/cardvoucher/cardvoucher-api/1.0.0-20170822-RELEASE/cardvoucher-api-1.0.0-20170822-RELEASE.jar]
2017-08-28 17:42:02.082 [main] DEBUG o.s.core.io.support.PathMatchingResourcePatternResolver - Looking for matching resources in jar file [file:/Users/wulonghui/.m2/repository/com/youzan/pay/cardvoucher/cardvoucher-common-model/1.0.0-20170822-RELEASE/cardvoucher-common-model-1.0.0-20170822-RELEASE.jar]
2017-08-28 17:42:02.083 [main] DEBUG o.s.core.io.support.PathMatchingResourcePatternResolver - Resolved location pattern [classpath*:com/youzan/**/*.class] to resources [file [/Users/wulonghui/work/unified_cashier/intergration/target/test-classes/com/youzan/pay/unified/cashier/intergration/BaseTest.class], file [/Users/wulonghui/work/unified_cashier/intergration/target/test-classes/com/youzan/pay/unified/cashier/intergration/client/AssetCenterUnifiedPayServiceClientTest.class], file [/Users/wulonghui/work/unified_cashier/intergration/target/test-classes/com/youzan/pay/unified/cashier/intergration/client/ChannelBankCardServiceClientTest.class], file [/Users/wulonghui/work/unified_cashier/intergration/target/test-classes/com/youzan/pay/unified/cashier/intergration/client/MerchantBankCardServiceClientTest.class], file [/Users/wulonghui/work/unified_cashier/intergration/target/test-classes/com/youzan/pay/unified/cashier/intergration/client/QueryPayToolConfigServiceClietTest.class], file [/Users/wulonghui/work/unified_cashier/intergration/target/test-classes/com/youzan/pay/unified/cashier/intergration/client/UserMerchantServiceClientTest.class], file [/Users/wulonghui/work/unified_cashier/intergration/target/classes/com/youzan/pay/unified/cashier/intergration/client/AssetCenterUnifiedPayServiceClient$1.class], file [/Users/wulonghui/work/unified_cashier/intergration/target/classes/com/youzan/pay/unified/cashier/intergration/client/AssetCenterUnifiedPayServiceClient.class], file [/Users/wulonghui/work/unified_cashier/intergration/target/classes/com/youzan/pay/unified/cashier/intergration/client/CashierOrderStatusSearchClient.class], file [/Users/wulonghui/work/unified_cashier/intergration/target/classes/com/youzan/pay/unified/cashier/intergration/client/CashierRechargeServiceClient.class], file [/Users/wulonghui/work/unified_cashier/intergration/target/classes/com/youzan/pay/unified/cashier/intergration/client/ChannelBankCardServiceClient$1.class], file [/Users/wulonghui/work/unified_cashier/intergration/target/classes/com/youzan/pay/unified/cashier/intergration/client/ChannelBankCardServiceClient$2.class], file [/Users/wulonghui/work/unified_cashier/intergration/target/classes/com/youzan/pay/unified/cashier/intergration/client/ChannelBankCardServiceClient$3.class], file [/Users/wulonghui/work/unified_cashier/intergration/target/classes/com/youzan/pay/unified/cashier/intergration/client/ChannelBankCardServiceClient$4.class], file [/Users/wulonghui/work/unified_cashier/intergration/target/classes/com/youzan/pay/unified/cashier/intergration/client/ChannelBankCardServiceClient.class], file [/Users/wulonghui/work/unified_cashier/intergration/target/classes/com/youzan/pay/unified/cashier/intergration/client/MerchantBankCardServiceClient$1.class], file [/Users/wulonghui/work/unified_cashier/intergration/target/classes/com/youzan/pay/unified/cashier/intergration/client/MerchantBankCardServiceClient$2.class], file [/Users/wulonghui/work/unified_cashier/intergration/target/classes/com/youzan/pay/unified/cashier/intergration/client/MerchantBankCardServiceClient$3.class], file [/Users/wulonghui/work/unified_cashier/intergration/target/classes/com/youzan/pay/unified/cashier/intergration/client/MerchantBankCardServiceClient.class], file [/Users/wulonghui/work/unified_cashier/intergration/target/classes/com/youzan/pay/unified/cashier/intergration/client/MicroAccoutServiceClient.class], file [/Users/wulonghui/work/unified_cashier/intergration/target/classes/com/youzan/pay/unified/cashier/intergration/client/QueryPayToolConfigServiceClient.class], file [/Users/wulonghui/work/unified_cashier/intergration/target/classes/com/youzan/pay/unified/cashier/intergration/client/SignKeyServiceClient.class], file [/Users/wulonghui/work/unified_cashier/intergration/target/classes/com/youzan/pay/unified/cashier/intergration/client/SummaryCardQueryServiceClient.class], file [/Users/wulonghui/work/unified_cashier/intergration/target/classes/com/youzan/pay/unified/cashier/intergration/client/UnifiedOrderServiceClient.class], file [/Users/wulonghui/work/unified_cashier/intergration/target/classes/com/youzan/pay/unified/cashier/intergration/client/UnifiedPayServiceClient.class], file [/Users/wulonghui/work/unified_cashier/intergration/target/classes/com/youzan/pay/unified/cashier/intergration/client/UserMerchantServiceClient$1.class], file [/Users/wulonghui/work/unified_cashier/intergration/target/classes/com/youzan/pay/unified/cashier/intergration/client/UserMerchantServiceClient.class], file [/Users/wulonghui/work/unified_cashier/intergration/target/classes/com/youzan/pay/unified/cashier/intergration/common/CashierHandleTemplate.class], file [/Users/wulonghui/work/unified_cashier/intergration/target/classes/com/youzan/pay/unified/cashier/intergration/common/CashierProcessCallBack.class], file [/Users/wulonghui/work/unified_cashier/core-utils/target/classes/com/youzan/pay/unified/cashier/core/utils/common/BankIconConfig.class], file [/Users/wulonghui/work/unified_cashier/core-utils/target/classes/com/youzan/pay/unified/cashier/core/utils/common/DataMixProcessor.class], file [/Users/wulonghui/work/unified_cashier/core-utils/target/classes/com/youzan/pay/unified/cashier/core/utils/common/MyCollector.class], file [/Users/wulonghui/work/unified_cashier/core-utils/target/classes/com/youzan/pay/unified/cashier/core/utils/common/StringNumProcessor.class], file [/Users/wulonghui/work/unified_cashier/core-utils/target/classes/com/youzan/pay/unified/cashier/core/utils/enums/CorrectionLevel.class], file [/Users/wulonghui/work/unified_cashier/core-utils/target/classes/com/youzan/pay/unified/cashier/core/utils/exception/BaseException.class], file [/Users/wulonghui/work/unified_cashier/core-utils/target/classes/com/youzan/pay/unified/cashier/core/utils/exception/CardBaseException.class], file [/Users/wulonghui/work/unified_cashier/core-utils/target/classes/com/youzan/pay/unified/cashier/core/utils/exception/CreateOrderException.class], file [/Users/wulonghui/work/unified_cashier/core-utils/target/classes/com/youzan/pay/unified/cashier/core/utils/model/CacheTradeInfo.class], file [/Users/wulonghui/work/unified_cashier/core-utils/target/classes/com/youzan/pay/unified/cashier/core/utils/model/CashierRechargeGetData.class], file [/Users/wulonghui/work/unified_cashier/core-utils/target/classes/com/youzan/pay/unified/cashier/core/utils/model/GenRechargeInfo.class], file [/Users/wulonghui/work/unified_cashier/core-utils/target/classes/com/youzan/pay/unified/cashier/core/utils/QRCodeGenerator.class], file [/Users/wulonghui/work/unified_cashier/core-utils/target/classes/com/youzan/pay/unified/cashier/core/utils/resultcode/errorcode/CardErrorCode.class], file [/Users/wulonghui/work/unified_cashier/core-utils/target/classes/com/youzan/pay/unified/cashier/core/utils/resultcode/errorcode/CommonErrorCode.class], file [/Users/wulonghui/work/unified_cashier/core-utils/target/classes/com/youzan/pay/unified/cashier/core/utils/resultcode/errorcode/CreateOrderErrorCode.class], file [/Users/wulonghui/work/unified_cashier/core-utils/target/classes/com/youzan/pay/unified/cashier/core/utils/resultcode/errorcode/DispatcherPayErrorCode.class], file [/Users/wulonghui/work/unified_cashier/core-utils/target/classes/com/youzan/pay/unified/cashier/core/utils/resultcode/ModuleCode.class], file [/Users/wulonghui/work/unified_cashier/core-utils/target/classes/com/youzan/pay/unified/cashier/core/utils/resultcode/ResultCode.class], file [/Users/wulonghui/work/unified_cashier/core-utils/target/classes/com/youzan/pay/unified/cashier/core/utils/resultcode/SystemCode.class], file [/Users/wulonghui/work/unified_cashier/core-utils/target/classes/com/youzan/pay/unified/cashier/core/utils/SerializationUtils.class], file [/Users/wulonghui/work/unified_cashier/core-utils/target/classes/com/youzan/pay/unified/cashier/core/utils/SignCheckUtils.class], file [/Users/wulonghui/work/unified_cashier/core-model/target/classes/com/youzan/pay/unified/cashier/core/model/domain/ApiDigestLogInfo.class], file [/Users/wulonghui/work/unified_cashier/core-model/target/classes/com/youzan/pay/unified/cashier/core/model/domain/BaseMonitorLogInfo.class], file [/Users/wulonghui/work/unified_cashier/core-model/target/classes/com/youzan/pay/unified/cashier/core/model/domain/MchBizLogInfo.class], file [/Users/wulonghui/work/unified_cashier/core-model/target/classes/com/youzan/pay/unified/cashier/core/model/domain/QRCodeImage.class], URL [jar:file:/Users/wulonghui/.m2/repository/com/youzan/pay/core/core-utils/1.0.1-SNAPSHOT/core-utils-1.0.1-SNAPSHOT.jar!/com/youzan/pay/core/utils/bean/BeanConvertUtil.class], URL [jar:file:/Users/wulonghui/.m2/repository/com/youzan/pay/core/core-utils/1.0.1-SNAPSHOT/core-utils-1.0.1-SNAPSHOT.jar!/com/youzan/pay/core/utils/bean/converter/IType2ValueConverter.class], URL [jar:file:/Users/wulonghui/.m2/repository/com/youzan/pay/core/core-utils/1.0.1-SNAPSHOT/core-utils-1.0.1-SNAPSHOT.jar!/com/youzan/pay/core/utils/bean/converter/Value2ITypeConverter.class], URL [jar:file:/Users/wulonghui/.m2/repository/com/youzan/pay/core/core-utils/1.0.1-SNAPSHOT/core-utils-1.0.1-SNAPSHOT.jar!/com/youzan/pay/core/utils/bean/converter/ValueOfConverter.class], URL [jar:file:/Users/wulonghui/.m2/repository/com/youzan/pay/core/core-utils/1.0.1-SNAPSHOT/core-utils-1.0.1-SNAPSHOT.jar!/com/youzan/pay/core/utils/bean/hack/HackBeanUtilsBean.class], URL [jar:file:/Users/wulonghui/.m2/repository/com/youzan/pay/core/core-utils/1.0.1-SNAPSHOT/core-utils-1.0.1-SNAPSHOT.jar!/com/youzan/pay/core/utils/bean/hack/HackConvertUtilsBean.class], URL [jar:file:/Users/wulonghui/.m2/repository/com/youzan/pay/core/core-utils/1.0.1-SNAPSHOT/core-utils-1.0.1-SNAPSHOT.jar!/com/youzan/pay/core/utils/bean/IBeanConvert.class], URL [jar:file:/Users/wulonghui/.m2/repository/com/youzan/pay/core/core-utils/1.0.1-SNAPSHOT/core-utils-1.0.1-SNAPSHOT.jar!/com/youzan/pay/core/utils/bizcode/BizCodeUtils.class], URL [jar:file:/Users/wulonghui/.m2/repository/com/youzan/pay/core/core-utils/1.0.1-SNAPSHOT/core-utils-1.0.1-SNAPSHOT.jar!/com/youzan/pay/core/utils/bizcode/BizCodeValidate.class], URL [jar:file:/Users/wulonghui/.m2/repository/com/youzan/pay/core/core-utils/1.0.1-SNAPSHOT/core-utils-1.0.1-SNAPSHOT.jar!/com/youzan/pay/core/utils/bizcode/UnifiedBizCode.class], URL [jar:file:/Users/wulonghui/.m2/repository/com/youzan/pay/core/core-utils/1.0.1-SNAPSHOT/core-utils-1.0.1-SNAPSHOT.jar!/com/youzan/pay/core/utils/exception/ExceptionUtils.class], URL [jar:file:/Users/wulonghui/.m2/repository/com/youzan/pay/core/core-utils/1.0.1-SNAPSHOT/core-utils-1.0.1-SNAPSHOT.jar!/com/youzan/pay/core/utils/format/MsgFmtUtils.class], URL [jar:file:/Users/wulonghui/.m2/repository/com/youzan/pay/core/core-utils/1.0.1-SNAPSHOT/core-utils-1.0.1-SNAPSHOT.jar!/com/youzan/pay/core/utils/handler/Handler.class], URL [jar:file:/Users/wulonghui/.m2/repository/com/youzan/pay/core/core-utils/1.0.1-SNAPSHOT/core-utils-1.0.1-SNAPSHOT.jar!/com/youzan/pay/core/utils/handler/HandlerUtils.class], URL [jar:file:/Users/wulonghui/.m2/repository/com/youzan/pay/core/core-utils/1.0.1-SNAPSHOT/core-utils-1.0.1-SNAPSHOT.jar!/com/youzan/pay/core/utils/log/LogUtils$LogArgEntity.class], URL [jar:file:/Users/wulonghui/.m2/repository/com/youzan/pay/core/core-utils/1.0.1-SNAPSHOT/core-utils-1.0.1-SNAPSHOT.jar!/com/youzan/pay/core/utils/log/LogUtils.class], URL [jar:file:/Users/wulonghui/.m2/repository/com/youzan/pay/core/core-utils/1.0.1-SNAPSHOT/core-utils-1.0.1-SNAPSHOT.jar!/com/youzan/pay/core/utils/money/MoneyUtils.class], URL [jar:file:/Users/wulonghui/.m2/repository/com/youzan/pay/core/core-utils/1.0.1-SNAPSHOT/core-utils-1.0.1-SNAPSHOT.jar!/com/youzan/pay/core/utils/reflect/Reflections.class], URL [jar:file:/Users/wulonghui/.m2/repository/com/youzan/pay/core/core-utils/1.0.1-SNAPSHOT/core-utils-1.0.1-SNAPSHOT.jar!/com/youzan/pay/core/utils/sequence/KeyUtils.class], URL [jar:file:/Users/wulonghui/.m2/repository/com/youzan/pay/core/core-utils/1.0.1-SNAPSHOT/core-utils-1.0.1-SNAPSHOT.jar!/com/youzan/pay/core/utils/spring/SpringUtil.class], URL [jar:file:/Users/wulonghui/.m2/repository/com/youzan/pay/core/core-utils/1.0.1-SNAPSHOT/core-utils-1.0.1-SNAPSHOT.jar!/com/youzan/pay/core/utils/tracer/TracerContextUtils.class], URL [jar:file:/Users/wulonghui/.m2/repository/com/youzan/pay/core/core-utils/1.0.1-SNAPSHOT/core-utils-1.0.1-SNAPSHOT.jar!/com/youzan/pay/core/utils/validate/ValidationResult.class], URL [jar:file:/Users/wulonghui/.m2/repository/com/youzan/pay/core/core-utils/1.0.1-SNAPSHOT/core-utils-1.0.1-SNAPSHOT.jar!/com/youzan/pay/core/utils/validate/ValidationUtils.class], URL [jar:file:/Users/wulonghui/.m2/repository/com/youzan/pay/core/core-utils/1.0.1-SNAPSHOT/core-utils-1.0.1-SNAPSHOT.jar!/com/youzan/pay/core/utils/value/ValueUtils.class], URL [jar:file:/Users/wulonghui/.m2/repository/com/youzan/pay/core/core-model/1.0.1-SNAPSHOT/core-model-1.0.1-SNAPSHOT.jar!/com/youzan/pay/core/model/bean/Genericable.class], URL [jar:file:/Users/wulonghui/.m2/repository/com/youzan/pay/core/core-model/1.0.1-SNAPSHOT/core-model-1.0.1-SNAPSHOT.jar!/com/youzan/pay/core/model/expection/PayBusinessException.class], URL [jar:file:/Users/wulonghui/.m2/repository/com/youzan/pay/core/core-model/1.0.1-SNAPSHOT/core-model-1.0.1-SNAPSHOT.jar!/com/youzan/pay/core/model/expection/PayIdempotentException.class], URL [jar:file:/Users/wulonghui/.m2/repository/com/youzan/pay/core/core-model/1.0.1-SNAPSHOT/core-model-1.0.1-SNAPSHOT.jar!/com/youzan/pay/core/model/param/PageParam.class], URL [jar:file:/Users/wulonghui/.m2/repository/com/youzan/pay/core/core-model/1.0.1-SNAPSHOT/core-model-1.0.1-SNAPSHOT.jar!/com/youzan/pay/core/model/result/PageResult.class], URL [jar:file:/Users/wulonghui/.m2/repository/com/youzan/platform/bootstrap/3.0.9-RELEASE/bootstrap-3.0.9-RELEASE.jar!/com/youzan/platform/bootstrap/common/BeanFactory.class], URL [jar:file:/Users/wulonghui/.m2/repository/com/youzan/platform/bootstrap/3.0.9-RELEASE/bootstrap-3.0.9-RELEASE.jar!/com/youzan/platform/bootstrap/common/ContainerConfig.class], URL [jar:file:/Users/wulonghui/.m2/repository/com/youzan/platform/bootstrap/3.0.9-RELEASE/bootstrap-3.0.9-RELEASE.jar!/com/youzan/platform/bootstrap/container/NovaContainer.class], URL [jar:file:/Users/wulonghui/.m2/repository/com/youzan/platform/bootstrap/3.0.9-RELEASE/bootstrap-3.0.9-RELEASE.jar!/com/youzan/platform/bootstrap/example/api/Demo.class], URL [jar:file:/Users/wulonghui/.m2/repository/com/youzan/platform/bootstrap/3.0.9-RELEASE/bootstrap-3.0.9-RELEASE.jar!/com/youzan/platform/bootstrap/example/api/DemoService.class], URL [jar:file:/Users/wulonghui/.m2/repository/com/youzan/platform/bootstrap/3.0.9-RELEASE/bootstrap-3.0.9-RELEASE.jar!/com/youzan/platform/bootstrap/example/provider/DemoServiceImpl.class], URL [jar:file:/Users/wulonghui/.m2/repository/com/youzan/platform/bootstrap/3.0.9-RELEASE/bootstrap-3.0.9-RELEASE.jar!/com/youzan/platform/bootstrap/exception/BusinessException.class], URL [jar:file:/Users/wulonghui/.m2/repository/com/youzan/platform/bootstrap/3.0.9-RELEASE/bootstrap-3.0.9-RELEASE.jar!/com/youzan/platform/bootstrap/exception/SystemException.class], URL [jar:file:/Users/wulonghui/.m2/repository/com/youzan/platform/bootstrap/3.0.9-RELEASE/bootstrap-3.0.9-RELEASE.jar!/com/youzan/platform/bootstrap/hook/NovaHookServlet.class], URL [jar:file:/Users/wulonghui/.m2/repository/com/youzan/platform/bootstrap/3.0.9-RELEASE/bootstrap-3.0.9-RELEASE.jar!/com/youzan/platform/bootstrap/hook/NovaWebHookProcessor.class], URL [jar:file:/Users/wulonghui/.m2/repository/com/youzan/platform/bootstrap/3.0.9-RELEASE/bootstrap-3.0.9-RELEASE.jar!/com/youzan/platform/bootstrap/rest/extension/AbstractHandler.class], URL [jar:file:/Users/wulonghui/.m2/repository/com/youzan/platform/bootstrap/3.0.9-RELEASE/bootstrap-3.0.9-RELEASE.jar!/com/youzan/platform/bootstrap/rest/extension/CustomerJsonProvider.class], URL [jar:file:/Users/wulonghui/.m2/repository/com/youzan/platform/bootstrap/3.0.9-RELEASE/bootstrap-3.0.9-RELEASE.jar!/com/youzan/platform/bootstrap/rest/extension/RequestHandler.class], URL [jar:file:/Users/wulonghui/.m2/repository/com/youzan/platform/bootstrap/3.0.9-RELEASE/bootstrap-3.0.9-RELEASE.jar!/com/youzan/platform/bootstrap/rest/extension/ResponseHandler.class], URL [jar:file:/Users/wulonghui/.m2/repository/com/youzan/platform/bootstrap/3.0.9-RELEASE/bootstrap-3.0.9-RELEASE.jar!/com/youzan/platform/bootstrap/rest/extension/RestContext$1.class], URL [jar:file:/Users/wulonghui/.m2/repository/com/youzan/platform/bootstrap/3.0.9-RELEASE/bootstrap-3.0.9-RELEASE.jar!/com/youzan/platform/bootstrap/rest/extension/RestContext.class], URL [jar:file:/Users/wulonghui/.m2/repository/com/youzan/platform/bootstrap/3.0.9-RELEASE/bootstrap-3.0.9-RELEASE.jar!/com/youzan/platform/bootstrap/rest/extension/RestExceptionHandler.class], URL [jar:file:/Users/wulonghui/.m2/repository/com/youzan/platform/bootstrap/3.0.9-RELEASE/bootstrap-3.0.9-RELEASE.jar!/com/youzan/platform/bootstrap/rest/message/RestErrorResponse.class], URL [jar:file:/Users/wulonghui/.m2/repository/com/youzan/platform/bootstrap/3.0.9-RELEASE/bootstrap-3.0.9-RELEASE.jar!/com/youzan/platform/bootstrap/rest/message/RestResponse.class], URL [jar:file:/Users/wulonghui/.m2/repository/com/youzan/platform/bootstrap/3.0.9-RELEASE/bootstrap-3.0.9-RELEASE.jar!/com/youzan/platform/bootstrap/rest/php/CallConnectionManager.class], URL [jar:file:/Users/wulonghui/.m2/repository/com/youzan/platform/bootstrap/3.0.9-RELEASE/bootstrap-3.0.9-RELEASE.jar!/com/youzan/platform/bootstrap/rest/php/PhpResponse.class], URL [jar:file:/Users/wulonghui/.m2/repository/com/youzan/platform/bootstrap/3.0.9-RELEASE/bootstrap-3.0.9-RELEASE.jar!/com/youzan/platform/bootstrap/rest/php/PhpResponseConver.class], URL [jar:file:/Users/wulonghui/.m2/repository/com/youzan/platform/bootstrap/3.0.9-RELEASE/bootstrap-3.0.9-RELEASE.jar!/com/youzan/platform/bootstrap/rest/php/PhpService.class], URL [jar:file:/Users/wulonghui/.m2/repository/com/youzan/platform/bootstrap/3.0.9-RELEASE/bootstrap-3.0.9-RELEASE.jar!/com/youzan/platform/bootstrap/rest/php/PhpServiceConfig.class], URL [jar:file:/Users/wulonghui/.m2/repository/com/youzan/platform/bootstrap/3.0.9-RELEASE/bootstrap-3.0.9-RELEASE.jar!/com/youzan/platform/bootstrap/service/ok/impl/OkServiceImpl.class], URL [jar:file:/Users/wulonghui/.m2/repository/com/youzan/platform/bootstrap/3.0.9-RELEASE/bootstrap-3.0.9-RELEASE.jar!/com/youzan/platform/bootstrap/service/ok/OkService.class], URL [jar:file:/Users/wulonghui/.m2/repository/com/youzan/platform/bootstrap/3.0.9-RELEASE/bootstrap-3.0.9-RELEASE.jar!/com/youzan/platform/bootstrap/startup/Bootstrap.class], URL [jar:file:/Users/wulonghui/.m2/repository/com/youzan/platform/haunt-client/3.0.7-RELEASE/haunt-client-3.0.7-RELEASE.jar!/com/youzan/platform/haunt/AbsEtcdWatcher.class], URL [jar:file:/Users/wulonghui/.m2/repository/com/youzan/platform/haunt-client/3.0.7-RELEASE/haunt-client-3.0.7-RELEASE.jar!/com/youzan/platform/haunt/AbstractNode.class], URL [jar:file:/Users/wulonghui/.m2/repository/com/youzan/platform/haunt-client/3.0.7-RELEASE/haunt-client-3.0.7-RELEASE.jar!/com/youzan/platform/haunt/bean/GovernanceInfo.class], URL [jar:file:/Users/wulonghui/.m2/repository/com/youzan/platform/haunt-client/3.0.7-RELEASE/haunt-client-3.0.7-RELEASE.jar!/com/youzan/platform/haunt/bean/GovernRecoverInfo.class], URL [jar:file:/Users/wulonghui/.m2/repository/com/youzan/platform/haunt-client/3.0.7-RELEASE/haunt-client-3.0.7-RELEASE.jar!/com/youzan/platform/haunt/bean/NodeKVInfo.class], URL [jar:file:/Users/wulonghui/.m2/repository/com/youzan/platform/haunt-client/3.0.7-RELEASE/haunt-client-3.0.7-RELEASE.jar!/com/youzan/platform/haunt/cmd/Command.class], URL [jar:file:/Users/wulonghui/.m2/repository/com/youzan/platform/haunt-client/3.0.7-RELEASE/haunt-client-3.0.7-RELEASE.jar!/com/youzan/platform/haunt/cmd/CreateDirCmd.class], URL [jar:file:/Users/wulonghui/.m2/repository/com/youzan/platform/haunt-client/3.0.7-RELEASE/haunt-client-3.0.7-RELEASE.jar!/com/youzan/platform/haunt/cmd/CreateServiceNodeCmd.class], URL [jar:file:/Users/wulonghui/.m2/repository/com/youzan/platform/haunt-client/3.0.7-RELEASE/haunt-client-3.0.7-RELEASE.jar!/com/youzan/platform/haunt/cmd/DeleteDirCmd.class], URL [jar:file:/Users/wulonghui/.m2/repository/com/youzan/platform/haunt-client/3.0.7-RELEASE/haunt-client-3.0.7-RELEASE.jar!/com/youzan/platform/haunt/cmd/GetNodeInfoCmd.class], URL [jar:file:/Users/wulonghui/.m2/repository/com/youzan/platform/haunt-client/3.0.7-RELEASE/haunt-client-3.0.7-RELEASE.jar!/com/youzan/platform/haunt/cmd/ListModuleCmd.class], URL [jar:file:/Users/wulonghui/.m2/repository/com/youzan/platform/haunt-client/3.0.7-RELEASE/haunt-client-3.0.7-RELEASE.jar!/com/youzan/platform/haunt/cmd/ListRecursiveCmd.class], URL [jar:file:/Users/wulonghui/.m2/repository/com/youzan/platform/haunt-client/3.0.7-RELEASE/haunt-client-3.0.7-RELEASE.jar!/com/youzan/platform/haunt/cmd/RemoveServiceNodeCmd.class], URL [jar:file:/Users/wulonghui/.m2/repository/com/youzan/platform/haunt-client/3.0.7-RELEASE/haunt-client-3.0.7-RELEASE.jar!/com/youzan/platform/haunt/cmd/WatchCmd.class], URL [jar:file:/Users/wulonghui/.m2/repository/com/youzan/platform/haunt-client/3.0.7-RELEASE/haunt-client-3.0.7-RELEASE.jar!/com/youzan/platform/haunt/common/Constants.class], URL [jar:file:/Users/wulonghui/.m2/repository/com/youzan/platform/haunt-client/3.0.7-RELEASE/haunt-client-3.0.7-RELEASE.jar!/com/youzan/platform/haunt/common/EtcdErroCode.class], URL [jar:file:/Users/wulonghui/.m2/repository/com/youzan/platform/haunt-client/3.0.7-RELEASE/haunt-client-3.0.7-RELEASE.jar!/com/youzan/platform/haunt/common/NamedThreadFactory.class], URL [jar:file:/Users/wulonghui/.m2/repository/com/youzan/platform/haunt-client/3.0.7-RELEASE/haunt-client-3.0.7-RELEASE.jar!/com/youzan/platform/haunt/common/ParseEtcdError.class], URL [jar:file:/Users/wulonghui/.m2/repository/com/youzan/platform/haunt-client/3.0.7-RELEASE/haunt-client-3.0.7-RELEASE.jar!/com/youzan/platform/haunt/core/EtcdAgentConnectException.class], URL [jar:file:/Users/wulonghui/.m2/repository/com/youzan/platform/haunt-client/3.0.7-RELEASE/haunt-client-3.0.7-RELEASE.jar!/com/youzan/platform/haunt/core/EtcdAgentConnector.class], URL [jar:file:/Users/wulonghui/.m2/repository/com/youzan/platform/haunt-client/3.0.7-RELEASE/haunt-client-3.0.7-RELEASE.jar!/com/youzan/platform/haunt/core/EtcdConnector$1.class], URL [jar:file:/Users/wulonghui/.m2/repository/com/youzan/platform/haunt-client/3.0.7-RELEASE/haunt-client-3.0.7-RELEASE.jar!/com/youzan/platform/haunt/core/EtcdConnector$AsyncTransformation$TransformerWorker.class], URL [jar:file:/Users/wulonghui/.m2/repository/com/youzan/platform/haunt-client/3.0.7-RELEASE/haunt-client-3.0.7-RELEASE.jar!/com/youzan/platform/haunt/core/EtcdConnector$AsyncTransformation.class], URL [jar:file:/Users/wulonghui/.m2/repository/com/youzan/platform/haunt-client/3.0.7-RELEASE/haunt-client-3.0.7-RELEASE.jar!/com/youzan/platform/haunt/core/EtcdConnector$DaemonThreadFactory.class], URL [jar:file:/Users/wulonghui/.m2/repository/com/youzan/platform/haunt-client/3.0.7-RELEASE/haunt-client-3.0.7-RELEASE.jar!/com/youzan/platform/haunt/core/EtcdConnector.class], URL [jar:file:/Users/wulonghui/.m2/repository/com/youzan/platform/haunt-client/3.0.7-RELEASE/haunt-client-3.0.7-RELEASE.jar!/com/youzan/platform/haunt/core/EtcdConnectorException.class], URL [jar:file:/Users/wulonghui/.m2/repository/com/youzan/platform/haunt-client/3.0.7-RELEASE/haunt-client-3.0.7-RELEASE.jar!/com/youzan/platform/haunt/core/EtcdNode.class], URL [jar:file:/Users/wulonghui/.m2/repository/com/youzan/platform/haunt-client/3.0.7-RELEASE/haunt-client-3.0.7-RELEASE.jar!/com/youzan/platform/haunt/core/EtcdResult.class], URL [jar:file:/Users/wulonghui/.m2/repository/com/youzan/platform/haunt-client/3.0.7-RELEASE/haunt-client-3.0.7-RELEASE.jar!/com/youzan/platform/haunt/EtcdClient.class], URL [jar:file:/Users/wulonghui/.m2/repository/com/youzan/platform/haunt-client/3.0.7-RELEASE/haunt-client-3.0.7-RELEASE.jar!/com/youzan/platform/haunt/EtcdClientHandle.class], URL [jar:file:/Users/wulonghui/.m2/repository/com/youzan/platform/haunt-client/3.0.7-RELEASE/haunt-client-3.0.7-RELEASE.jar!/com/youzan/platform/haunt/EtcdDirectoryNode.class], URL [jar:file:/Users/wulonghui/.m2/repository/com/youzan/platform/haunt-client/3.0.7-RELEASE/haunt-client-3.0.7-RELEASE.jar!/com/youzan/platform/haunt/EtcdEventThread$1.class], URL [jar:file:/Users/wulonghui/.m2/repository/com/youzan/platform/haunt-client/3.0.7-RELEASE/haunt-client-3.0.7-RELEASE.jar!/com/youzan/platform/haunt/EtcdEventThread$EtcdEventThreadFactory.class], URL [jar:file:/Users/wulonghui/.m2/repository/com/youzan/platform/haunt-client/3.0.7-RELEASE/haunt-client-3.0.7-RELEASE.jar!/com/youzan/platform/haunt/EtcdEventThread.class], URL [jar:file:/Users/wulonghui/.m2/repository/com/youzan/platform/haunt-client/3.0.7-RELEASE/haunt-client-3.0.7-RELEASE.jar!/com/youzan/platform/haunt/EtcdGovernDirNode.class], URL [jar:file:/Users/wulonghui/.m2/repository/com/youzan/platform/haunt-client/3.0.7-RELEASE/haunt-client-3.0.7-RELEASE.jar!/com/youzan/platform/haunt/EtcdKeyNode.class], URL [jar:file:/Users/wulonghui/.m2/repository/com/youzan/platform/haunt-client/3.0.7-RELEASE/haunt-client-3.0.7-RELEASE.jar!/com/youzan/platform/haunt/EtcdNodeChangeExecutor$1.class], URL [jar:file:/Users/wulonghui/.m2/repository/com/youzan/platform/haunt-client/3.0.7-RELEASE/haunt-client-3.0.7-RELEASE.jar!/com/youzan/platform/haunt/EtcdNodeChangeExecutor$ValueChangeThreadFactory.class], URL [jar:file:/Users/wulonghui/.m2/repository/com/youzan/platform/haunt-client/3.0.7-RELEASE/haunt-client-3.0.7-RELEASE.jar!/com/youzan/platform/haunt/EtcdNodeChangeExecutor.class], URL [jar:file:/Users/wulonghui/.m2/repository/com/youzan/platform/haunt-client/3.0.7-RELEASE/haunt-client-3.0.7-RELEASE.jar!/com/youzan/platform/haunt/HauntClient.class], URL [jar:file:/Users/wulonghui/.m2/repository/com/youzan/platform/haunt-client/3.0.7-RELEASE/haunt-client-3.0.7-RELEASE.jar!/com/youzan/platform/haunt/HauntClientCluster.class], URL [jar:file:/Users/wulonghui/.m2/repository/com/youzan/platform/haunt-client/3.0.7-RELEASE/haunt-client-3.0.7-RELEASE.jar!/com/youzan/platform/haunt/IModuleListener.class], URL [jar:file:/Users/wulonghui/.m2/repository/com/youzan/platform/haunt-client/3.0.7-RELEASE/haunt-client-3.0.7-RELEASE.jar!/com/youzan/platform/haunt/loadbalance/AbstractLoadBalance.class], URL [jar:file:/Users/wulonghui/.m2/repository/com/youzan/platform/haunt-client/3.0.7-RELEASE/haunt-client-3.0.7-RELEASE.jar!/com/youzan/platform/haunt/loadbalance/AtomicPositiveInteger.class], URL [jar:file:/Users/wulonghui/.m2/repository/com/youzan/platform/haunt-client/3.0.7-RELEASE/haunt-client-3.0.7-RELEASE.jar!/com/youzan/platform/haunt/loadbalance/LBConfig.class], URL [jar:file:/Users/wulonghui/.m2/repository/com/youzan/platform/haunt-client/3.0.7-RELEASE/haunt-client-3.0.7-RELEASE.jar!/com/youzan/platform/haunt/loadbalance/LeastActiveLoadBalance.class], URL [jar:file:/Users/wulonghui/.m2/repository/com/youzan/platform/haunt-client/3.0.7-RELEASE/haunt-client-3.0.7-RELEASE.jar!/com/youzan/platform/haunt/loadbalance/LoadBalance.class], URL [jar:file:/Users/wulonghui/.m2/repository/com/youzan/platform/haunt-client/3.0.7-RELEASE/haunt-client-3.0.7-RELEASE.jar!/com/youzan/platform/haunt/loadbalance/LoadBalanceSelector.class], URL [jar:file:/Users/wulonghui/.m2/repository/com/youzan/platform/haunt-client/3.0.7-RELEASE/haunt-client-3.0.7-RELEASE.jar!/com/youzan/platform/haunt/loadbalance/RandomLoadBalance.class], URL [jar:file:/Users/wulonghui/.m2/repository/com/youzan/platform/haunt-client/3.0.7-RELEASE/haunt-client-3.0.7-RELEASE.jar!/com/youzan/platform/haunt/loadbalance/RoundRobinLoadBalance.class], URL [jar:file:/Users/wulonghui/.m2/repository/com/youzan/platform/haunt-client/3.0.7-RELEASE/haunt-client-3.0.7-RELEASE.jar!/com/youzan/platform/haunt/serviceExt/ContainerConfig.class], URL [jar:file:/Users/wulonghui/.m2/repository/com/youzan/platform/haunt-client/3.0.7-RELEASE/haunt-client-3.0.7-RELEASE.jar!/com/youzan/platform/haunt/serviceExt/events/EtcdRegistration.class], URL [jar:file:/Users/wulonghui/.m2/repository/com/youzan/platform/haunt-client/3.0.7-RELEASE/haunt-client-3.0.7-RELEASE.jar!/com/youzan/platform/haunt/serviceExt/events/GovernEventType.class], URL [jar:file:/Users/wulonghui/.m2/repository/com/youzan/platform/haunt-client/3.0.7-RELEASE/haunt-client-3.0.7-RELEASE.jar!/com/youzan/platform/haunt/serviceExt/NovaGovernance$1.class], URL [jar:file:/Users/wulonghui/.m2/repository/com/youzan/platform/haunt-client/3.0.7-RELEASE/haunt-client-3.0.7-RELEASE.jar!/com/youzan/platform/haunt/serviceExt/NovaGovernance$2.class], URL [jar:file:/Users/wulonghui/.m2/repository/com/youzan/platform/haunt-client/3.0.7-RELEASE/haunt-client-3.0.7-RELEASE.jar!/com/youzan/platform/haunt/serviceExt/NovaGovernance.class], URL [jar:file:/Users/wulonghui/.m2/repository/com/youzan/platform/haunt-client/3.0.7-RELEASE/haunt-client-3.0.7-RELEASE.jar!/com/youzan/platform/haunt/serviceExt/NovaGovernCache.class], URL [jar:file:/Users/wulonghui/.m2/repository/com/youzan/platform/haunt-client/3.0.7-RELEASE/haunt-client-3.0.7-RELEASE.jar!/com/youzan/platform/haunt/serviceExt/ServiceUtils.class], URL [jar:file:/Users/wulonghui/.m2/repository/com/youzan/platform/haunt-client/3.0.7-RELEASE/haunt-client-3.0.7-RELEASE.jar!/com/youzan/platform/haunt/ServiceNodeInfo.class], URL [jar:file:/Users/wulonghui/.m2/repository/com/youzan/platform/haunt-client/3.0.7-RELEASE/haunt-client-3.0.7-RELEASE.jar!/com/youzan/platform/haunt/URL.class], URL [jar:file:/Users/wulonghui/.m2/repository/com/youzan/nova/framework/framework-cat/1.0.7-RELEASE/framework-cat-1.0.7-RELEASE.jar!/com/youzan/nova/framework/cat/annotation/aop/CustomerMethodAop.class], URL [jar:file:/Users/wulonghui/.m2/repository/com/youzan/nova/framework/framework-cat/1.0.7-RELEASE/framework-cat-1.0.7-RELEASE.jar!/com/youzan/nova/framework/cat/annotation/aop/TracingAop.class], URL [jar:file:/Users/wulonghui/.m2/repository/com/youzan/nova/framework/framework-cat/1.0.7-RELEASE/framework-cat-1.0.7-RELEASE.jar!/com/youzan/nova/framework/cat/annotation/CustomerMethod.class], URL [jar:file:/Users/wulonghui/.m2/repository/com/youzan/nova/framework/framework-cat/1.0.7-RELEASE/framework-cat-1.0.7-RELEASE.jar!/com/youzan/nova/framework/cat/annotation/TracingAnnotation.class], URL [jar:file:/Users/wulonghui/.m2/repository/com/youzan/nova/framework/framework-cat/1.0.7-RELEASE/framework-cat-1.0.7-RELEASE.jar!/com/youzan/nova/framework/cat/context/MyCatContext.class], URL [jar:file:/Users/wulonghui/.m2/repository/com/youzan/nova/framework/framework-cat/1.0.7-RELEASE/framework-cat-1.0.7-RELEASE.jar!/com/youzan/nova/framework/cat/context/RpcCatContext$1.class], URL [jar:file:/Users/wulonghui/.m2/repository/com/youzan/nova/framework/framework-cat/1.0.7-RELEASE/framework-cat-1.0.7-RELEASE.jar!/com/youzan/nova/framework/cat/context/RpcCatContext.class], URL [jar:file:/Users/wulonghui/.m2/repository/com/youzan/nova/framework/framework-cat/1.0.7-RELEASE/framework-cat-1.0.7-RELEASE.jar!/com/youzan/nova/framework/cat/filter/AbstractMyCatFilter.class], URL [jar:file:/Users/wulonghui/.m2/repository/com/youzan/nova/framework/framework-cat/1.0.7-RELEASE/framework-cat-1.0.7-RELEASE.jar!/com/youzan/nova/framework/cat/filter/ConsumerCatFilter.class], URL [jar:file:/Users/wulonghui/.m2/repository/com/youzan/nova/framework/framework-cat/1.0.7-RELEASE/framework-cat-1.0.7-RELEASE.jar!/com/youzan/nova/framework/cat/filter/ProviderCatFilter.class], URL [jar:file:/Users/wulonghui/.m2/repository/com/youzan/platform/commons-util/2.0.0-SNAPSHOT/commons-util-2.0.0-SNAPSHOT.jar!/com/youzan/platform/util/json/JsonUtil.class], URL [jar:file:/Users/wulonghui/.m2/repository/com/youzan/platform/commons-util/2.0.0-SNAPSHOT/commons-util-2.0.0-SNAPSHOT.jar!/com/youzan/platform/util/lang/DateUtil.class], URL [jar:file:/Users/wulonghui/.m2/repository/com/youzan/platform/commons-util/2.0.0-SNAPSHOT/commons-util-2.0.0-SNAPSHOT.jar!/com/youzan/platform/util/lang/StringUtil.class], URL [jar:file:/Users/wulonghui/.m2/repository/com/youzan/platform/commons-util/2.0.0-SNAPSHOT/commons-util-2.0.0-SNAPSHOT.jar!/com/youzan/platform/util/net/HttpUtil.class], URL [jar:file:/Users/wulonghui/.m2/repository/com/youzan/platform/commons-util/2.0.0-SNAPSHOT/commons-util-2.0.0-SNAPSHOT.jar!/com/youzan/platform/util/security/MD5.class], URL [jar:file:/Users/wulonghui/.m2/repository/com/youzan/platform/commons-util/2.0.0-SNAPSHOT/commons-util-2.0.0-SNAPSHOT.jar!/com/youzan/platform/util/xml/XmlMapConverUtil.class], URL [jar:file:/Users/wulonghui/.m2/repository/com/alibaba/dubbo/3.0.9-RELEASE/dubbo-3.0.9-RELEASE.jar!/com/youzan/nova/framework/config/HauntIsolatorConfig.class], URL [jar:file:/Users/wulonghui/.m2/repository/com/alibaba/dubbo/3.0.9-RELEASE/dubbo-3.0.9-RELEASE.jar!/com/youzan/nova/framework/schema/HauntIsolatorParser.class], URL [jar:file:/Users/wulonghui/.m2/repository/com/alibaba/dubbo/3.0.9-RELEASE/dubbo-3.0.9-RELEASE.jar!/com/youzan/nova/framework/schema/HauntNamespaceHandler.class], URL [jar:file:/Users/wulonghui/.m2/repository/com/alibaba/dubbo/3.0.9-RELEASE/dubbo-3.0.9-RELEASE.jar!/com/youzan/nova/framework/filter/NovaThriftCheckFilter.class], URL [jar:file:/Users/wulonghui/.m2/repository/com/alibaba/dubbo/3.0.9-RELEASE/dubbo-3.0.9-RELEASE.jar!/com/youzan/nova/rpc/protocol/nova/ext/MultiServiceProcessor.class], URL [jar:file:/Users/wulonghui/.m2/repository/com/alibaba/dubbo/3.0.9-RELEASE/dubbo-3.0.9-RELEASE.jar!/com/youzan/nova/rpc/protocol/nova/io/InputStreamWrapper.class], URL [jar:file:/Users/wulonghui/.m2/repository/com/alibaba/dubbo/3.0.9-RELEASE/dubbo-3.0.9-RELEASE.jar!/com/youzan/nova/rpc/protocol/nova/io/RandomAccessByteArrayOutputStream.class], URL [jar:file:/Users/wulonghui/.m2/repository/com/alibaba/dubbo/3.0.9-RELEASE/dubbo-3.0.9-RELEASE.jar!/com/youzan/nova/rpc/protocol/nova/NovaCodec.class], URL [jar:file:/Users/wulonghui/.m2/repository/com/alibaba/dubbo/3.0.9-RELEASE/dubbo-3.0.9-RELEASE.jar!/com/youzan/nova/rpc/protocol/nova/NovaConstants.class], URL [jar:file:/Users/wulonghui/.m2/repository/com/alibaba/dubbo/3.0.9-RELEASE/dubbo-3.0.9-RELEASE.jar!/com/youzan/nova/rpc/protocol/nova/NovaInvoker.class], URL [jar:file:/Users/wulonghui/.m2/repository/com/alibaba/dubbo/3.0.9-RELEASE/dubbo-3.0.9-RELEASE.jar!/com/youzan/nova/rpc/protocol/nova/NovaLazyConnectExchangeClient.class], URL [jar:file:/Users/wulonghui/.m2/repository/com/alibaba/dubbo/3.0.9-RELEASE/dubbo-3.0.9-RELEASE.jar!/com/youzan/nova/rpc/protocol/nova/NovaProtocol$1.class], URL [jar:file:/Users/wulonghui/.m2/repository/com/alibaba/dubbo/3.0.9-RELEASE/dubbo-3.0.9-RELEASE.jar!/com/youzan/nova/rpc/protocol/nova/NovaProtocol.class], URL [jar:file:/Users/wulonghui/.m2/repository/com/alibaba/dubbo/3.0.9-RELEASE/dubbo-3.0.9-RELEASE.jar!/com/youzan/nova/rpc/protocol/nova/NovaReferCountExchangeClient.class], URL [jar:file:/Users/wulonghui/.m2/repository/com/alibaba/dubbo/3.0.9-RELEASE/dubbo-3.0.9-RELEASE.jar!/com/youzan/nova/rpc/protocol/nova/RemotingBuilder$RequestBuilder.class], URL [jar:file:/Users/wulonghui/.m2/repository/com/alibaba/dubbo/3.0.9-RELEASE/dubbo-3.0.9-RELEASE.jar!/com/youzan/nova/rpc/protocol/nova/RemotingBuilder$ResponseBuilder.class], URL [jar:file:/Users/wulonghui/.m2/repository/com/alibaba/dubbo/3.0.9-RELEASE/dubbo-3.0.9-RELEASE.jar!/com/youzan/nova/rpc/protocol/nova/RemotingBuilder.class], URL [jar:file:/Users/wulonghui/.m2/repository/com/alibaba/dubbo/3.0.9-RELEASE/dubbo-3.0.9-RELEASE.jar!/com/youzan/nova/registry/haunt/ChildListener.class], URL [jar:file:/Users/wulonghui/.m2/repository/com/alibaba/dubbo/3.0.9-RELEASE/dubbo-3.0.9-RELEASE.jar!/com/youzan/nova/registry/haunt/HauntRegistry$1.class], URL [jar:file:/Users/wulonghui/.m2/repository/com/alibaba/dubbo/3.0.9-RELEASE/dubbo-3.0.9-RELEASE.jar!/com/youzan/nova/registry/haunt/HauntRegistry.class], URL [jar:file:/Users/wulonghui/.m2/repository/com/alibaba/dubbo/3.0.9-RELEASE/dubbo-3.0.9-RELEASE.jar!/com/youzan/nova/registry/haunt/HauntRegistryContainer$1.class], URL [jar:file:/Users/wulonghui/.m2/repository/com/alibaba/dubbo/3.0.9-RELEASE/dubbo-3.0.9-RELEASE.jar!/com/youzan/nova/registry/haunt/HauntRegistryContainer$GovernEvent.class], URL [jar:file:/Users/wulonghui/.m2/repository/com/alibaba/dubbo/3.0.9-RELEASE/dubbo-3.0.9-RELEASE.jar!/com/youzan/nova/registry/haunt/HauntRegistryContainer$ProviderContainer.class], URL [jar:file:/Users/wulonghui/.m2/repository/com/alibaba/dubbo/3.0.9-RELEASE/dubbo-3.0.9-RELEASE.jar!/com/youzan/nova/registry/haunt/HauntRegistryContainer.class], URL [jar:file:/Users/wulonghui/.m2/repository/com/alibaba/dubbo/3.0.9-RELEASE/dubbo-3.0.9-RELEASE.jar!/com/youzan/nova/registry/haunt/HauntRegistryFactory.class], URL [jar:file:/Users/wulonghui/.m2/repository/com/alibaba/dubbo/3.0.9-RELEASE/dubbo-3.0.9-RELEASE.jar!/com/youzan/nova/registry/haunt/ServiceInfo.class], URL [jar:file:/Users/wulonghui/.m2/repository/com/alibaba/dubbo/3.0.9-RELEASE/dubbo-3.0.9-RELEASE.jar!/com/youzan/nova/container/hook/ExtContainerHook.class], URL [jar:file:/Users/wulonghui/.m2/repository/com/alibaba/dubbo/3.0.9-RELEASE/dubbo-3.0.9-RELEASE.jar!/com/youzan/nova/container/hook/HookContainer.class], URL [jar:file:/Users/wulonghui/.m2/repository/com/alibaba/dubbo/3.0.9-RELEASE/dubbo-3.0.9-RELEASE.jar!/com/youzan/nova/monitor/hawk/v1/HawkMonitor$1.class], URL [jar:file:/Users/wulonghui/.m2/repository/com/alibaba/dubbo/3.0.9-RELEASE/dubbo-3.0.9-RELEASE.jar!/com/youzan/nova/monitor/hawk/v1/HawkMonitor.class], URL [jar:file:/Users/wulonghui/.m2/repository/com/alibaba/dubbo/3.0.9-RELEASE/dubbo-3.0.9-RELEASE.jar!/com/youzan/nova/monitor/hawk/v1/HawkMonitorFactory.class], URL [jar:file:/Users/wulonghui/.m2/repository/com/alibaba/dubbo/3.0.9-RELEASE/dubbo-3.0.9-RELEASE.jar!/com/youzan/nova/monitor/hawk/v1/HawkService.class], URL [jar:file:/Users/wulonghui/.m2/repository/com/alibaba/dubbo/3.0.9-RELEASE/dubbo-3.0.9-RELEASE.jar!/com/youzan/nova/monitor/hawk/v1/MonitorFormat.class], URL [jar:file:/Users/wulonghui/.m2/repository/com/alibaba/dubbo/3.0.9-RELEASE/dubbo-3.0.9-RELEASE.jar!/com/youzan/nova/monitor/hawk/v1/Statistics.class], URL [jar:file:/Users/wulonghui/.m2/repository/com/alibaba/dubbo/3.0.9-RELEASE/dubbo-3.0.9-RELEASE.jar!/com/youzan/nova/monitor/hawk/v2/HawkClient.class], URL [jar:file:/Users/wulonghui/.m2/repository/com/alibaba/dubbo/3.0.9-RELEASE/dubbo-3.0.9-RELEASE.jar!/com/youzan/nova/monitor/hawk/v2/HawkStatistics.class], URL [jar:file:/Users/wulonghui/.m2/repository/com/alibaba/dubbo/3.0.9-RELEASE/dubbo-3.0.9-RELEASE.jar!/com/youzan/nova/monitor/hawk/v2/MockHawkClient.class], URL [jar:file:/Users/wulonghui/.m2/repository/com/alibaba/dubbo/3.0.9-RELEASE/dubbo-3.0.9-RELEASE.jar!/com/youzan/nova/monitor/hawk/v2/SimpleHawkClient.class], URL [jar:file:/Users/wulonghui/.m2/repository/com/alibaba/dubbo/3.0.9-RELEASE/dubbo-3.0.9-RELEASE.jar!/com/youzan/nova/monitor/hawk/v2/SimpleHawkMonitor$1.class], URL [jar:file:/Users/wulonghui/.m2/repository/com/alibaba/dubbo/3.0.9-RELEASE/dubbo-3.0.9-RELEASE.jar!/com/youzan/nova/monitor/hawk/v2/SimpleHawkMonitor.class], URL [jar:file:/Users/wulonghui/.m2/repository/com/alibaba/dubbo/3.0.9-RELEASE/dubbo-3.0.9-RELEASE.jar!/com/youzan/nova/monitor/hawk/v2/SimpleHawkMonitorFactory.class], URL [jar:file:/Users/wulonghui/.m2/repository/com/youzan/lightning-sdk/0.1.1-SNAPSHOT/lightning-sdk-0.1.1-SNAPSHOT.jar!/com/youzan/lightning/sdk/adapter/Adapter.class], URL [jar:file:/Users/wulonghui/.m2/repository/com/youzan/lightning-sdk/0.1.1-SNAPSHOT/lightning-sdk-0.1.1-SNAPSHOT.jar!/com/youzan/lightning/sdk/adapter/ClientRequestAdapter.class], URL [jar:file:/Users/wulonghui/.m2/repository/com/youzan/lightning-sdk/0.1.1-SNAPSHOT/lightning-sdk-0.1.1-SNAPSHOT.jar!/com/youzan/lightning/sdk/adapter/ClientResponseAdapter$NoneClientResponseAdapter.class], URL [jar:file:/Users/wulonghui/.m2/repository/com/youzan/lightning-sdk/0.1.1-SNAPSHOT/lightning-sdk-0.1.1-SNAPSHOT.jar!/com/youzan/lightning/sdk/adapter/ClientResponseAdapter.class], URL [jar:file:/Users/wulonghui/.m2/repository/com/youzan/lightning-sdk/0.1.1-SNAPSHOT/lightning-sdk-0.1.1-SNAPSHOT.jar!/com/youzan/lightning/sdk/adapter/ServerRequestAdapter.class], URL [jar:file:/Users/wulonghui/.m2/repository/com/youzan/lightning-sdk/0.1.1-SNAPSHOT/lightning-sdk-0.1.1-SNAPSHOT.jar!/com/youzan/lightning/sdk/adapter/ServerResponseAdapter$NoneServerResponseAdapter.class], URL [jar:file:/Users/wulonghui/.m2/repository/com/youzan/lightning-sdk/0.1.1-SNAPSHOT/lightning-sdk-0.1.1-SNAPSHOT.jar!/com/youzan/lightning/sdk/adapter/ServerResponseAdapter.class], URL [jar:file:/Users/wulonghui/.m2/repository/com/youzan/lightning-sdk/0.1.1-SNAPSHOT/lightning-sdk-0.1.1-SNAPSHOT.jar!/com/youzan/lightning/sdk/Application.class], URL [jar:file:/Users/wulonghui/.m2/repository/com/youzan/lightning-sdk/0.1.1-SNAPSHOT/lightning-sdk-0.1.1-SNAPSHOT.jar!/com/youzan/lightning/sdk/ApplicationType.class], URL [jar:file:/Users/wulonghui/.m2/repository/com/youzan/lightning-sdk/0.1.1-SNAPSHOT/lightning-sdk-0.1.1-SNAPSHOT.jar!/com/youzan/lightning/sdk/ClientTracer$ClientTracerBuilder.class], URL [jar:file:/Users/wulonghui/.m2/repository/com/youzan/lightning-sdk/0.1.1-SNAPSHOT/lightning-sdk-0.1.1-SNAPSHOT.jar!/com/youzan/lightning/sdk/ClientTracer.class], URL [jar:file:/Users/wulonghui/.m2/repository/com/youzan/lightning-sdk/0.1.1-SNAPSHOT/lightning-sdk-0.1.1-SNAPSHOT.jar!/com/youzan/lightning/sdk/context/ClientSpanContext.class], URL [jar:file:/Users/wulonghui/.m2/repository/com/youzan/lightning-sdk/0.1.1-SNAPSHOT/lightning-sdk-0.1.1-SNAPSHOT.jar!/com/youzan/lightning/sdk/context/LightningContext.class], URL [jar:file:/Users/wulonghui/.m2/repository/com/youzan/lightning-sdk/0.1.1-SNAPSHOT/lightning-sdk-0.1.1-SNAPSHOT.jar!/com/youzan/lightning/sdk/context/LocalSpanContext.class], URL [jar:file:/Users/wulonghui/.m2/repository/com/youzan/lightning-sdk/0.1.1-SNAPSHOT/lightning-sdk-0.1.1-SNAPSHOT.jar!/com/youzan/lightning/sdk/context/NamedThreadLocal.class], URL [jar:file:/Users/wulonghui/.m2/repository/com/youzan/lightning-sdk/0.1.1-SNAPSHOT/lightning-sdk-0.1.1-SNAPSHOT.jar!/com/youzan/lightning/sdk/context/ServerSpan.class], URL [jar:file:/Users/wulonghui/.m2/repository/com/youzan/lightning-sdk/0.1.1-SNAPSHOT/lightning-sdk-0.1.1-SNAPSHOT.jar!/com/youzan/lightning/sdk/context/ServerSpanContext.class], URL [jar:file:/Users/wulonghui/.m2/repository/com/youzan/lightning-sdk/0.1.1-SNAPSHOT/lightning-sdk-0.1.1-SNAPSHOT.jar!/com/youzan/lightning/sdk/context/ThreadLocalContext.class], URL [jar:file:/Users/wulonghui/.m2/repository/com/youzan/lightning-sdk/0.1.1-SNAPSHOT/lightning-sdk-0.1.1-SNAPSHOT.jar!/com/youzan/lightning/sdk/DefaultRandomIDGenerator.class], URL [jar:file:/Users/wulonghui/.m2/repository/com/youzan/lightning-sdk/0.1.1-SNAPSHOT/lightning-sdk-0.1.1-SNAPSHOT.jar!/com/youzan/lightning/sdk/Endpoint.class], URL [jar:file:/Users/wulonghui/.m2/repository/com/youzan/lightning-sdk/0.1.1-SNAPSHOT/lightning-sdk-0.1.1-SNAPSHOT.jar!/com/youzan/lightning/sdk/IDGenerator.class], URL [jar:file:/Users/wulonghui/.m2/repository/com/youzan/lightning-sdk/0.1.1-SNAPSHOT/lightning-sdk-0.1.1-SNAPSHOT.jar!/com/youzan/lightning/sdk/interceptor/ClientRequestInterceptor.class], URL [jar:file:/Users/wulonghui/.m2/repository/com/youzan/lightning-sdk/0.1.1-SNAPSHOT/lightning-sdk-0.1.1-SNAPSHOT.jar!/com/youzan/lightning/sdk/interceptor/ClientResponseInterceptor.class], URL [jar:file:/Users/wulonghui/.m2/repository/com/youzan/lightning-sdk/0.1.1-SNAPSHOT/lightning-sdk-0.1.1-SNAPSHOT.jar!/com/youzan/lightning/sdk/interceptor/Interceptor.class], URL [jar:file:/Users/wulonghui/.m2/repository/com/youzan/lightning-sdk/0.1.1-SNAPSHOT/lightning-sdk-0.1.1-SNAPSHOT.jar!/com/youzan/lightning/sdk/interceptor/ServerRequestInterceptor.class], URL [jar:file:/Users/wulonghui/.m2/repository/com/youzan/lightning-sdk/0.1.1-SNAPSHOT/lightning-sdk-0.1.1-SNAPSHOT.jar!/com/youzan/lightning/sdk/interceptor/ServerResponseInterceptor.class], URL [jar:file:/Users/wulonghui/.m2/repository/com/youzan/lightning-sdk/0.1.1-SNAPSHOT/lightning-sdk-0.1.1-SNAPSHOT.jar!/com/youzan/lightning/sdk/Lightning$Builder.class], URL [jar:file:/Users/wulonghui/.m2/repository/com/youzan/lightning-sdk/0.1.1-SNAPSHOT/lightning-sdk-0.1.1-SNAPSHOT.jar!/com/youzan/lightning/sdk/Lightning.class], URL [jar:file:/Users/wulonghui/.m2/repository/com/youzan/lightning-sdk/0.1.1-SNAPSHOT/lightning-sdk-0.1.1-SNAPSHOT.jar!/com/youzan/lightning/sdk/LoggingSpanCollector.class], URL [jar:file:/Users/wulonghui/.m2/repository/com/youzan/lightning-sdk/0.1.1-SNAPSHOT/lightning-sdk-0.1.1-SNAPSHOT.jar!/com/youzan/lightning/sdk/protocol/Constants.class], URL [jar:file:/Users/wulonghui/.m2/repository/com/youzan/lightning-sdk/0.1.1-SNAPSHOT/lightning-sdk-0.1.1-SNAPSHOT.jar!/com/youzan/lightning/sdk/protocol/Span$BinAnnotation.class], URL [jar:file:/Users/wulonghui/.m2/repository/com/youzan/lightning-sdk/0.1.1-SNAPSHOT/lightning-sdk-0.1.1-SNAPSHOT.jar!/com/youzan/lightning/sdk/protocol/Span.class], URL [jar:file:/Users/wulonghui/.m2/repository/com/youzan/lightning-sdk/0.1.1-SNAPSHOT/lightning-sdk-0.1.1-SNAPSHOT.jar!/com/youzan/lightning/sdk/ServerTracer$ServerTracerBuilder.class], URL [jar:file:/Users/wulonghui/.m2/repository/com/youzan/lightning-sdk/0.1.1-SNAPSHOT/lightning-sdk-0.1.1-SNAPSHOT.jar!/com/youzan/lightning/sdk/ServerTracer.class], URL [jar:file:/Users/wulonghui/.m2/repository/com/youzan/lightning-sdk/0.1.1-SNAPSHOT/lightning-sdk-0.1.1-SNAPSHOT.jar!/com/youzan/lightning/sdk/SpanAndEndpoint$ClientSpanAndEndPoint.class], URL [jar:file:/Users/wulonghui/.m2/repository/com/youzan/lightning-sdk/0.1.1-SNAPSHOT/lightning-sdk-0.1.1-SNAPSHOT.jar!/com/youzan/lightning/sdk/SpanAndEndpoint$ServerSpanAndEndPoint.class], URL [jar:file:/Users/wulonghui/.m2/repository/com/youzan/lightning-sdk/0.1.1-SNAPSHOT/lightning-sdk-0.1.1-SNAPSHOT.jar!/com/youzan/lightning/sdk/SpanAndEndpoint.class], URL [jar:file:/Users/wulonghui/.m2/repository/com/youzan/lightning-sdk/0.1.1-SNAPSHOT/lightning-sdk-0.1.1-SNAPSHOT.jar!/com/youzan/lightning/sdk/SpanCollector.class], URL [jar:file:/Users/wulonghui/.m2/repository/com/youzan/lightning-sdk/0.1.1-SNAPSHOT/lightning-sdk-0.1.1-SNAPSHOT.jar!/com/youzan/lightning/sdk/SpanId.class], URL [jar:file:/Users/wulonghui/.m2/repository/com/youzan/lightning-sdk/0.1.1-SNAPSHOT/lightning-sdk-0.1.1-SNAPSHOT.jar!/com/youzan/lightning/sdk/Submitter$1.class], URL [jar:file:/Users/wulonghui/.m2/repository/com/youzan/lightning-sdk/0.1.1-SNAPSHOT/lightning-sdk-0.1.1-SNAPSHOT.jar!/com/youzan/lightning/sdk/Submitter$AnnotationSubmitterImpl.class], URL [jar:file:/Users/wulonghui/.m2/repository/com/youzan/lightning-sdk/0.1.1-SNAPSHOT/lightning-sdk-0.1.1-SNAPSHOT.jar!/com/youzan/lightning/sdk/Submitter.class], URL [jar:file:/Users/wulonghui/.m2/repository/com/youzan/platform/track-appender/2.3/track-appender-2.3.jar!/com/youzan/track/appender/BaseAppender.class], URL [jar:file:/Users/wulonghui/.m2/repository/com/youzan/platform/track-appender/2.3/track-appender-2.3.jar!/com/youzan/track/appender/entity/Error.class], URL [jar:file:/Users/wulonghui/.m2/repository/com/youzan/platform/track-appender/2.3/track-appender-2.3.jar!/com/youzan/track/appender/entity/LogData.class], URL [jar:file:/Users/wulonghui/.m2/repository/com/youzan/platform/track-appender/2.3/track-appender-2.3.jar!/com/youzan/track/appender/entity/LogDataDetail.class], URL [jar:file:/Users/wulonghui/.m2/repository/com/youzan/platform/track-appender/2.3/track-appender-2.3.jar!/com/youzan/track/appender/entity/LogType.class], URL [jar:file:/Users/wulonghui/.m2/repository/com/youzan/platform/track-appender/2.3/track-appender-2.3.jar!/com/youzan/track/appender/entity/Topic.class], URL [jar:file:/Users/wulonghui/.m2/repository/com/youzan/platform/track-appender/2.3/track-appender-2.3.jar!/com/youzan/track/appender/FrameworkAppender.class], URL [jar:file:/Users/wulonghui/.m2/repository/com/youzan/platform/track-appender/2.3/track-appender-2.3.jar!/com/youzan/track/appender/NullAppender.class], URL [jar:file:/Users/wulonghui/.m2/repository/com/youzan/platform/track-appender/2.3/track-appender-2.3.jar!/com/youzan/track/appender/PersistenceAppender.class], URL [jar:file:/Users/wulonghui/.m2/repository/com/youzan/platform/track-appender/2.3/track-appender-2.3.jar!/com/youzan/track/appender/sender/TrackSender.class], URL [jar:file:/Users/wulonghui/.m2/repository/com/youzan/platform/track-appender/2.3/track-appender-2.3.jar!/com/youzan/track/appender/sender/TrackTask.class], URL [jar:file:/Users/wulonghui/.m2/repository/com/youzan/platform/track-appender/2.3/track-appender-2.3.jar!/com/youzan/track/appender/sender/TrackTCPSender$1.class], URL [jar:file:/Users/wulonghui/.m2/repository/com/youzan/platform/track-appender/2.3/track-appender-2.3.jar!/com/youzan/track/appender/sender/TrackTCPSender.class], URL [jar:file:/Users/wulonghui/.m2/repository/com/youzan/platform/track-appender/2.3/track-appender-2.3.jar!/com/youzan/track/appender/sender/TrackThreadFactory.class], URL [jar:file:/Users/wulonghui/.m2/repository/com/youzan/platform/track-appender/2.3/track-appender-2.3.jar!/com/youzan/track/appender/sender/TrackUDPSender$1.class], URL [jar:file:/Users/wulonghui/.m2/repository/com/youzan/platform/track-appender/2.3/track-appender-2.3.jar!/com/youzan/track/appender/sender/TrackUDPSender.class], URL [jar:file:/Users/wulonghui/.m2/repository/com/youzan/platform/track-appender/2.3/track-appender-2.3.jar!/com/youzan/track/appender/SoaAppender.class], URL [jar:file:/Users/wulonghui/.m2/repository/com/youzan/platform/track-appender/2.3/track-appender-2.3.jar!/com/youzan/track/appender/TrackAppender.class], URL [jar:file:/Users/wulonghui/.m2/repository/com/youzan/platform/track-appender/2.3/track-appender-2.3.jar!/com/youzan/track/appender/util/Config.class], URL [jar:file:/Users/wulonghui/.m2/repository/com/youzan/pay/assetcenter.api/0.0.9-20170817-SNAPSHOT/assetcenter.api-0.0.9-20170817-SNAPSHOT.jar!/com/youzan/pay/assetcenter/api/AcquireOrderQueryService.class], URL [jar:file:/Users/wulonghui/.m2/repository/com/youzan/pay/assetcenter.api/0.0.9-20170817-SNAPSHOT/assetcenter.api-0.0.9-20170817-SNAPSHOT.jar!/com/youzan/pay/assetcenter/api/AcquireOrderService.class], URL [jar:file:/Users/wulonghui/.m2/repository/com/youzan/pay/assetcenter.api/0.0.9-20170817-SNAPSHOT/assetcenter.api-0.0.9-20170817-SNAPSHOT.jar!/com/youzan/pay/assetcenter/api/AcquireRefundService.class], URL [jar:file:/Users/wulonghui/.m2/repository/com/youzan/pay/assetcenter.api/0.0.9-20170817-SNAPSHOT/assetcenter.api-0.0.9-20170817-SNAPSHOT.jar!/com/youzan/pay/assetcenter/api/AcquireWithdrawService.class], URL [jar:file:/Users/wulonghui/.m2/repository/com/youzan/pay/assetcenter.api/0.0.9-20170817-SNAPSHOT/assetcenter.api-0.0.9-20170817-SNAPSHOT.jar!/com/youzan/pay/assetcenter/api/enums/AcquireQueryStatus.class], URL [jar:file:/Users/wulonghui/.m2/repository/com/youzan/pay/assetcenter.api/0.0.9-20170817-SNAPSHOT/assetcenter.api-0.0.9-20170817-SNAPSHOT.jar!/com/youzan/pay/assetcenter/api/enums/BizActionEnum.class], URL [jar:file:/Users/wulonghui/.m2/repository/com/youzan/pay/assetcenter.api/0.0.9-20170817-SNAPSHOT/assetcenter.api-0.0.9-20170817-SNAPSHOT.jar!/com/youzan/pay/assetcenter/api/enums/BizModeEnum.class], URL [jar:file:/Users/wulonghui/.m2/repository/com/youzan/pay/assetcenter.api/0.0.9-20170817-SNAPSHOT/assetcenter.api-0.0.9-20170817-SNAPSHOT.jar!/com/youzan/pay/assetcenter/api/enums/BizProdEnum.class], URL [jar:file:/Users/wulonghui/.m2/repository/com/youzan/pay/assetcenter.api/0.0.9-20170817-SNAPSHOT/assetcenter.api-0.0.9-20170817-SNAPSHOT.jar!/com/youzan/pay/assetcenter/api/enums/CardRechargeStatus.class], URL [jar:file:/Users/wulonghui/.m2/repository/com/youzan/pay/assetcenter.api/0.0.9-20170817-SNAPSHOT/assetcenter.api-0.0.9-20170817-SNAPSHOT.jar!/com/youzan/pay/assetcenter/api/enums/EnvEnum.class], URL [jar:file:/Users/wulonghui/.m2/repository/com/youzan/pay/assetcenter.api/0.0.9-20170817-SNAPSHOT/assetcenter.api-0.0.9-20170817-SNAPSHOT.jar!/com/youzan/pay/assetcenter/api/enums/ErrorEnum.class], URL [jar:file:/Users/wulonghui/.m2/repository/com/youzan/pay/assetcenter.api/0.0.9-20170817-SNAPSHOT/assetcenter.api-0.0.9-20170817-SNAPSHOT.jar!/com/youzan/pay/assetcenter/api/enums/InstAccountTypeEnum.class], URL [jar:file:/Users/wulonghui/.m2/repository/com/youzan/pay/assetcenter.api/0.0.9-20170817-SNAPSHOT/assetcenter.api-0.0.9-20170817-SNAPSHOT.jar!/com/youzan/pay/assetcenter/api/enums/PayTagEnum.class], URL [jar:file:/Users/wulonghui/.m2/repository/com/youzan/pay/assetcenter.api/0.0.9-20170817-SNAPSHOT/assetcenter.api-0.0.9-20170817-SNAPSHOT.jar!/com/youzan/pay/assetcenter/api/enums/RechargePayStatus.class], URL [jar:file:/Users/wulonghui/.m2/repository/com/youzan/pay/assetcenter.api/0.0.9-20170817-SNAPSHOT/assetcenter.api-0.0.9-20170817-SNAPSHOT.jar!/com/youzan/pay/assetcenter/api/enums/RechargePayType.class], URL [jar:file:/Users/wulonghui/.m2/repository/com/youzan/pay/assetcenter.api/0.0.9-20170817-SNAPSHOT/assetcenter.api-0.0.9-20170817-SNAPSHOT.jar!/com/youzan/pay/assetcenter/api/enums/RefundResultEnum.class], URL [jar:file:/Users/wulonghui/.m2/repository/com/youzan/pay/assetcenter.api/0.0.9-20170817-SNAPSHOT/assetcenter.api-0.0.9-20170817-SNAPSHOT.jar!/com/youzan/pay/assetcenter/api/enums/WithdrawResultEnum.class], URL [jar:file:/Users/wulonghui/.m2/repository/com/youzan/pay/assetcenter.api/0.0.9-20170817-SNAPSHOT/assetcenter.api-0.0.9-20170817-SNAPSHOT.jar!/com/youzan/pay/assetcenter/api/HeartBeatService.class], URL [jar:file:/Users/wulonghui/.m2/repository/com/youzan/pay/assetcenter.api/0.0.9-20170817-SNAPSHOT/assetcenter.api-0.0.9-20170817-SNAPSHOT.jar!/com/youzan/pay/assetcenter/api/nsq/model/AcqSettleEvent.class], URL [jar:file:/Users/wulonghui/.m2/repository/com/youzan/pay/assetcenter.api/0.0.9-20170817-SNAPSHOT/assetcenter.api-0.0.9-20170817-SNAPSHOT.jar!/com/youzan/pay/assetcenter/api/nsq/model/CardRechargeResultMsg.class], URL [jar:file:/Users/wulonghui/.m2/repository/com/youzan/pay/assetcenter.api/0.0.9-20170817-SNAPSHOT/assetcenter.api-0.0.9-20170817-SNAPSHOT.jar!/com/youzan/pay/assetcenter/api/nsq/model/NsqEntity.class], URL [jar:file:/Users/wulonghui/.m2/repository/com/youzan/pay/assetcenter.api/0.0.9-20170817-SNAPSHOT/assetcenter.api-0.0.9-20170817-SNAPSHOT.jar!/com/youzan/pay/assetcenter/api/nsq/model/RechargeNotifyMessage.class], URL [jar:file:/Users/wulonghui/.m2/repository/com/youzan/pay/assetcenter.api/0.0.9-20170817-SNAPSHOT/assetcenter.api-0.0.9-20170817-SNAPSHOT.jar!/com/youzan/pay/assetcenter/api/nsq/model/RefundNsqMessage.class], URL [jar:file:/Users/wulonghui/.m2/repository/com/youzan/pay/assetcenter.api/0.0.9-20170817-SNAPSHOT/assetcenter.api-0.0.9-20170817-SNAPSHOT.jar!/com/youzan/pay/assetcenter/api/nsq/model/UniformPayEvent.class], URL [jar:file:/Users/wulonghui/.m2/repository/com/youzan/pay/assetcenter.api/0.0.9-20170817-SNAPSHOT/assetcenter.api-0.0.9-20170817-SNAPSHOT.jar!/com/youzan/pay/assetcenter/api/nsq/model/WithdrawNsqMessage.class], URL [jar:file:/Users/wulonghui/.m2/repository/com/youzan/pay/assetcenter.api/0.0.9-20170817-SNAPSHOT/assetcenter.api-0.0.9-20170817-SNAPSHOT.jar!/com/youzan/pay/assetcenter/api/RechargeService.class], URL [jar:file:/Users/wulonghui/.m2/repository/com/youzan/pay/assetcenter.api/0.0.9-20170817-SNAPSHOT/assetcenter.api-0.0.9-20170817-SNAPSHOT.jar!/com/youzan/pay/assetcenter/api/RecoveryService.class], URL [jar:file:/Users/wulonghui/.m2/repository/com/youzan/pay/assetcenter.api/0.0.9-20170817-SNAPSHOT/assetcenter.api-0.0.9-20170817-SNAPSHOT.jar!/com/youzan/pay/assetcenter/api/RecoveryWatchmanService.class], URL [jar:file:/Users/wulonghui/.m2/repository/com/youzan/pay/assetcenter.api/0.0.9-20170817-SNAPSHOT/assetcenter.api-0.0.9-20170817-SNAPSHOT.jar!/com/youzan/pay/assetcenter/api/RefundCheckWatchManService.class], URL [jar:file:/Users/wulonghui/.m2/repository/com/youzan/pay/assetcenter.api/0.0.9-20170817-SNAPSHOT/assetcenter.api-0.0.9-20170817-SNAPSHOT.jar!/com/youzan/pay/assetcenter/api/request/AbstractBaseRequest.class], URL [jar:file:/Users/wulonghui/.m2/repository/com/youzan/pay/assetcenter.api/0.0.9-20170817-SNAPSHOT/assetcenter.api-0.0.9-20170817-SNAPSHOT.jar!/com/youzan/pay/assetcenter/api/request/AssetPayDetailRequest.class], URL [jar:file:/Users/wulonghui/.m2/repository/com/youzan/pay/assetcenter.api/0.0.9-20170817-SNAPSHOT/assetcenter.api-0.0.9-20170817-SNAPSHOT.jar!/com/youzan/pay/assetcenter/api/request/BatchRefundRequest.class], URL [jar:file:/Users/wulonghui/.m2/repository/com/youzan/pay/assetcenter.api/0.0.9-20170817-SNAPSHOT/assetcenter.api-0.0.9-20170817-SNAPSHOT.jar!/com/youzan/pay/assetcenter/api/request/ChangePriceRequest.class], URL [jar:file:/Users/wulonghui/.m2/repository/com/youzan/pay/assetcenter.api/0.0.9-20170817-SNAPSHOT/assetcenter.api-0.0.9-20170817-SNAPSHOT.jar!/com/youzan/pay/assetcenter/api/request/CreateAcquireRequest.class], URL [jar:file:/Users/wulonghui/.m2/repository/com/youzan/pay/assetcenter.api/0.0.9-20170817-SNAPSHOT/assetcenter.api-0.0.9-20170817-SNAPSHOT.jar!/com/youzan/pay/assetcenter/api/request/group/AliPayWapGroup.class], URL [jar:file:/Users/wulonghui/.m2/repository/com/youzan/pay/assetcenter.api/0.0.9-20170817-SNAPSHOT/assetcenter.api-0.0.9-20170817-SNAPSHOT.jar!/com/youzan/pay/assetcenter/api/request/group/BarcodeGroup.class], URL [jar:file:/Users/wulonghui/.m2/repository/com/youzan/pay/assetcenter.api/0.0.9-20170817-SNAPSHOT/assetcenter.api-0.0.9-20170817-SNAPSHOT.jar!/com/youzan/pay/assetcenter/api/request/group/ValueCardPayGroup.class], URL [jar:file:/Users/wulonghui/.m2/repository/com/youzan/pay/assetcenter.api/0.0.9-20170817-SNAPSHOT/assetcenter.api-0.0.9-20170817-SNAPSHOT.jar!/com/youzan/pay/assetcenter/api/request/group/ValueCardRechargeGroup.class], URL [jar:file:/Users/wulonghui/.m2/repository/com/youzan/pay/assetcenter.api/0.0.9-20170817-SNAPSHOT/assetcenter.api-0.0.9-20170817-SNAPSHOT.jar!/com/youzan/pay/assetcenter/api/request/group/WxJSPayGroup.class], URL [jar:file:/Users/wulonghui/.m2/repository/com/youzan/pay/assetcenter.api/0.0.9-20170817-SNAPSHOT/assetcenter.api-0.0.9-20170817-SNAPSHOT.jar!/com/youzan/pay/assetcenter/api/request/group/YzUserGroup.class], URL [jar:file:/Users/wulonghui/.m2/repository/com/youzan/pay/assetcenter.api/0.0.9-20170817-SNAPSHOT/assetcenter.api-0.0.9-20170817-SNAPSHOT.jar!/com/youzan/pay/assetcenter/api/request/group/YzUserTokenGroup.class], URL [jar:file:/Users/wulonghui/.m2/repository/com/youzan/pay/assetcenter.api/0.0.9-20170817-SNAPSHOT/assetcenter.api-0.0.9-20170817-SNAPSHOT.jar!/com/youzan/pay/assetcenter/api/request/model/PayDetailInfo.class], URL [jar:file:/Users/wulonghui/.m2/repository/com/youzan/pay/assetcenter.api/0.0.9-20170817-SNAPSHOT/assetcenter.api-0.0.9-20170817-SNAPSHOT.jar!/com/youzan/pay/assetcenter/api/request/model/TradingInfo.class], URL [jar:file:/Users/wulonghui/.m2/repository/com/youzan/pay/assetcenter.api/0.0.9-20170817-SNAPSHOT/assetcenter.api-0.0.9-20170817-SNAPSHOT.jar!/com/youzan/pay/assetcenter/api/request/MultiPayRequest.class], URL [jar:file:/Users/wulonghui/.m2/repository/com/youzan/pay/assetcenter.api/0.0.9-20170817-SNAPSHOT/assetcenter.api-0.0.9-20170817-SNAPSHOT.jar!/com/youzan/pay/assetcenter/api/request/PayNotifyRequest.class], URL [jar:file:/Users/wulonghui/.m2/repository/com/youzan/pay/assetcenter.api/0.0.9-20170817-SNAPSHOT/assetcenter.api-0.0.9-20170817-SNAPSHOT.jar!/com/youzan/pay/assetcenter/api/request/PayRequest.class], URL [jar:file:/Users/wulonghui/.m2/repository/com/youzan/pay/assetcenter.api/0.0.9-20170817-SNAPSHOT/assetcenter.api-0.0.9-20170817-SNAPSHOT.jar!/com/youzan/pay/assetcenter/api/request/QueryAcquireRequest.class], URL [jar:file:/Users/wulonghui/.m2/repository/com/youzan/pay/assetcenter.api/0.0.9-20170817-SNAPSHOT/assetcenter.api-0.0.9-20170817-SNAPSHOT.jar!/com/youzan/pay/assetcenter/api/request/QueryRefundRequest.class], URL [jar:file:/Users/wulonghui/.m2/repository/com/youzan/pay/assetcenter.api/0.0.9-20170817-SNAPSHOT/assetcenter.api-0.0.9-20170817-SNAPSHOT.jar!/com/youzan/pay/assetcenter/api/request/QueryRefundRequestV2.class], URL [jar:file:/Users/wulonghui/.m2/repository/com/youzan/pay/assetcenter.api/0.0.9-20170817-SNAPSHOT/assetcenter.api-0.0.9-20170817-SNAPSHOT.jar!/com/youzan/pay/assetcenter/api/request/RechargeOrderCreatingRequest.class], URL [jar:file:/Users/wulonghui/.m2/repository/com/youzan/pay/assetcenter.api/0.0.9-20170817-SNAPSHOT/assetcenter.api-0.0.9-20170817-SNAPSHOT.jar!/com/youzan/pay/assetcenter/api/request/RechargePayRequest.class], URL [jar:file:/Users/wulonghui/.m2/repository/com/youzan/pay/assetcenter.api/0.0.9-20170817-SNAPSHOT/assetcenter.api-0.0.9-20170817-SNAPSHOT.jar!/com/youzan/pay/assetcenter/api/request/RefundRequest.class], URL [jar:file:/Users/wulonghui/.m2/repository/com/youzan/pay/assetcenter.api/0.0.9-20170817-SNAPSHOT/assetcenter.api-0.0.9-20170817-SNAPSHOT.jar!/com/youzan/pay/assetcenter/api/request/RevokeRequest.class], URL [jar:file:/Users/wulonghui/.m2/repository/com/youzan/pay/assetcenter.api/0.0.9-20170817-SNAPSHOT/assetcenter.api-0.0.9-20170817-SNAPSHOT.jar!/com/youzan/pay/assetcenter/api/request/SinglePayRequest.class], URL [jar:file:/Users/wulonghui/.m2/repository/com/youzan/pay/assetcenter.api/0.0.9-20170817-SNAPSHOT/assetcenter.api-0.0.9-20170817-SNAPSHOT.jar!/com/youzan/pay/assetcenter/api/request/UnifiedOrderCreatingRequest.class], URL [jar:file:/Users/wulonghui/.m2/repository/com/youzan/pay/assetcenter.api/0.0.9-20170817-SNAPSHOT/assetcenter.api-0.0.9-20170817-SNAPSHOT.jar!/com/youzan/pay/assetcenter/api/request/UnifiedOrderQueryRequest.class], URL [jar:file:/Users/wulonghui/.m2/repository/com/youzan/pay/assetcenter.api/0.0.9-20170817-SNAPSHOT/assetcenter.api-0.0.9-20170817-SNAPSHOT.jar!/com/youzan/pay/assetcenter/api/request/UnifiedOrderSettleRequest.class], URL [jar:file:/Users/wulonghui/.m2/repository/com/youzan/pay/assetcenter.api/0.0.9-20170817-SNAPSHOT/assetcenter.api-0.0.9-20170817-SNAPSHOT.jar!/com/youzan/pay/assetcenter/api/request/WithdrawCustQueryRequest.class], URL [jar:file:/Users/wulonghui/.m2/repository/com/youzan/pay/assetcenter.api/0.0.9-20170817-SNAPSHOT/assetcenter.api-0.0.9-20170817-SNAPSHOT.jar!/com/youzan/pay/assetcenter/api/request/WithdrawRequest.class], URL [jar:file:/Users/wulonghui/.m2/repository/com/youzan/pay/assetcenter.api/0.0.9-20170817-SNAPSHOT/assetcenter.api-0.0.9-20170817-SNAPSHOT.jar!/com/youzan/pay/assetcenter/api/request/WithdrawSingleQueryRequest.class], URL [jar:file:/Users/wulonghui/.m2/repository/com/youzan/pay/assetcenter.api/0.0.9-20170817-SNAPSHOT/assetcenter.api-0.0.9-20170817-SNAPSHOT.jar!/com/youzan/pay/assetcenter/api/response/BaseResponse.class], URL [jar:file:/Users/wulonghui/.m2/repository/com/youzan/pay/assetcenter.api/0.0.9-20170817-SNAPSHOT/assetcenter.api-0.0.9-20170817-SNAPSHOT.jar!/com/youzan/pay/assetcenter/api/response/Response.class], URL [jar:file:/Users/wulonghui/.m2/repository/com/youzan/pay/assetcenter.api/0.0.9-20170817-SNAPSHOT/assetcenter.api-0.0.9-20170817-SNAPSHOT.jar!/com/youzan/pay/assetcenter/api/result/AssetPayDetailItem.class], URL [jar:file:/Users/wulonghui/.m2/repository/com/youzan/pay/assetcenter.api/0.0.9-20170817-SNAPSHOT/assetcenter.api-0.0.9-20170817-SNAPSHOT.jar!/com/youzan/pay/assetcenter/api/result/BasePayResult.class], URL [jar:file:/Users/wulonghui/.m2/repository/com/youzan/pay/assetcenter.api/0.0.9-20170817-SNAPSHOT/assetcenter.api-0.0.9-20170817-SNAPSHOT.jar!/com/youzan/pay/assetcenter/api/result/ChangePriceResult.class], URL [jar:file:/Users/wulonghui/.m2/repository/com/youzan/pay/assetcenter.api/0.0.9-20170817-SNAPSHOT/assetcenter.api-0.0.9-20170817-SNAPSHOT.jar!/com/youzan/pay/assetcenter/api/result/CommonResult.class], URL [jar:file:/Users/wulonghui/.m2/repository/com/youzan/pay/assetcenter.api/0.0.9-20170817-SNAPSHOT/assetcenter.api-0.0.9-20170817-SNAPSHOT.jar!/com/youzan/pay/assetcenter/api/result/CreateAcquireResult.class], URL [jar:file:/Users/wulonghui/.m2/repository/com/youzan/pay/assetcenter.api/0.0.9-20170817-SNAPSHOT/assetcenter.api-0.0.9-20170817-SNAPSHOT.jar!/com/youzan/pay/assetcenter/api/result/model/PayDetailResult.class], URL [jar:file:/Users/wulonghui/.m2/repository/com/youzan/pay/assetcenter.api/0.0.9-20170817-SNAPSHOT/assetcenter.api-0.0.9-20170817-SNAPSHOT.jar!/com/youzan/pay/assetcenter/api/result/MultiPayResult.class], URL [jar:file:/Users/wulonghui/.m2/repository/com/youzan/pay/assetcenter.api/0.0.9-20170817-SNAPSHOT/assetcenter.api-0.0.9-20170817-SNAPSHOT.jar!/com/youzan/pay/assetcenter/api/result/PageResult.class], URL [jar:file:/Users/wulonghui/.m2/repository/com/youzan/pay/assetcenter.api/0.0.9-20170817-SNAPSHOT/assetcenter.api-0.0.9-20170817-SNAPSHOT.jar!/com/youzan/pay/assetcenter/api/result/PayResult.class], URL [jar:file:/Users/wulonghui/.m2/repository/com/youzan/pay/assetcenter.api/0.0.9-20170817-SNAPSHOT/assetcenter.api-0.0.9-20170817-SNAPSHOT.jar!/com/youzan/pay/assetcenter/api/result/PayToolItem.class], URL [jar:file:/Users/wulonghui/.m2/repository/com/youzan/pay/assetcenter.api/0.0.9-20170817-SNAPSHOT/assetcenter.api-0.0.9-20170817-SNAPSHOT.jar!/com/youzan/pay/assetcenter/api/result/QueryAcquireResult.class], URL [jar:file:/Users/wulonghui/.m2/repository/com/youzan/pay/assetcenter.api/0.0.9-20170817-SNAPSHOT/assetcenter.api-0.0.9-20170817-SNAPSHOT.jar!/com/youzan/pay/assetcenter/api/result/QueryRefundResult.class], URL [jar:file:/Users/wulonghui/.m2/repository/com/youzan/pay/assetcenter.api/0.0.9-20170817-SNAPSHOT/assetcenter.api-0.0.9-20170817-SNAPSHOT.jar!/com/youzan/pay/assetcenter/api/result/RechargeOrderCreatingResult.class], URL [jar:file:/Users/wulonghui/.m2/repository/com/youzan/pay/assetcenter.api/0.0.9-20170817-SNAPSHOT/assetcenter.api-0.0.9-20170817-SNAPSHOT.jar!/com/youzan/pay/assetcenter/api/result/RechargePayResult.class], URL [jar:file:/Users/wulonghui/.m2/repository/com/youzan/pay/assetcenter.api/0.0.9-20170817-SNAPSHOT/assetcenter.api-0.0.9-20170817-SNAPSHOT.jar!/com/youzan/pay/assetcenter/api/result/RefundApplyResult.class], URL [jar:file:/Users/wulonghui/.m2/repository/com/youzan/pay/assetcenter.api/0.0.9-20170817-SNAPSHOT/assetcenter.api-0.0.9-20170817-SNAPSHOT.jar!/com/youzan/pay/assetcenter/api/result/RefundResult.class], URL [jar:file:/Users/wulonghui/.m2/repository/com/youzan/pay/assetcenter.api/0.0.9-20170817-SNAPSHOT/assetcenter.api-0.0.9-20170817-SNAPSHOT.jar!/com/youzan/pay/assetcenter/api/result/RevokeResult.class], URL [jar:file:/Users/wulonghui/.m2/repository/com/youzan/pay/assetcenter.api/0.0.9-20170817-SNAPSHOT/assetcenter.api-0.0.9-20170817-SNAPSHOT.jar!/com/youzan/pay/assetcenter/api/result/SinglePayResult.class], URL [jar:file:/Users/wulonghui/.m2/repository/com/youzan/pay/assetcenter.api/0.0.9-20170817-SNAPSHOT/assetcenter.api-0.0.9-20170817-SNAPSHOT.jar!/com/youzan/pay/assetcenter/api/result/UnifiedOrderBaseResult.class], URL [jar:file:/Users/wulonghui/.m2/repository/com/youzan/pay/assetcenter.api/0.0.9-20170817-SNAPSHOT/assetcenter.api-0.0.9-20170817-SNAPSHOT.jar!/com/youzan/pay/assetcenter/api/result/UnifiedOrderCreatingResult.class], URL [jar:file:/Users/wulonghui/.m2/repository/com/youzan/pay/assetcenter.api/0.0.9-20170817-SNAPSHOT/assetcenter.api-0.0.9-20170817-SNAPSHOT.jar!/com/youzan/pay/assetcenter/api/result/UnifiedOrderQueryResult.class], URL [jar:file:/Users/wulonghui/.m2/repository/com/youzan/pay/assetcenter.api/0.0.9-20170817-SNAPSHOT/assetcenter.api-0.0.9-20170817-SNAPSHOT.jar!/com/youzan/pay/assetcenter/api/result/UnifiedOrderSettleResult.class], URL [jar:file:/Users/wulonghui/.m2/repository/com/youzan/pay/assetcenter.api/0.0.9-20170817-SNAPSHOT/assetcenter.api-0.0.9-20170817-SNAPSHOT.jar!/com/youzan/pay/assetcenter/api/result/WithdrawApplyResult.class], URL [jar:file:/Users/wulonghui/.m2/repository/com/youzan/pay/assetcenter.api/0.0.9-20170817-SNAPSHOT/assetcenter.api-0.0.9-20170817-SNAPSHOT.jar!/com/youzan/pay/assetcenter/api/result/WithdrawCustQueryResult.class], URL [jar:file:/Users/wulonghui/.m2/repository/com/youzan/pay/assetcenter.api/0.0.9-20170817-SNAPSHOT/assetcenter.api-0.0.9-20170817-SNAPSHOT.jar!/com/youzan/pay/assetcenter/api/result/WithdrawSingleQueryResult.class], URL [jar:file:/Users/wulonghui/.m2/repository/com/youzan/pay/assetcenter.api/0.0.9-20170817-SNAPSHOT/assetcenter.api-0.0.9-20170817-SNAPSHOT.jar!/com/youzan/pay/assetcenter/api/UnifiedOrderQueryService.class], URL [jar:file:/Users/wulonghui/.m2/repository/com/youzan/pay/assetcenter.api/0.0.9-20170817-SNAPSHOT/assetcenter.api-0.0.9-20170817-SNAPSHOT.jar!/com/youzan/pay/assetcenter/api/UnifiedOrderService.class], URL [jar:file:/Users/wulonghui/.m2/repository/com/youzan/pay/assetcenter.api/0.0.9-20170817-SNAPSHOT/assetcenter.api-0.0.9-20170817-SNAPSHOT.jar!/com/youzan/pay/assetcenter/api/UnifiedPayService.class], URL [jar:file:/Users/wulonghui/.m2/repository/com/youzan/pay/assetcenter.spi/0.0.9-20170817-SNAPSHOT/assetcenter.spi-0.0.9-20170817-SNAPSHOT.jar!/com/youzan/pay/assetcenter/service/spi/BalancePayToolSpi.class], URL [jar:file:/Users/wulonghui/.m2/repository/com/youzan/pay/assetcenter.spi/0.0.9-20170817-SNAPSHOT/assetcenter.spi-0.0.9-20170817-SNAPSHOT.jar!/com/youzan/pay/assetcenter/service/spi/CardPayToolSpi.class], URL [jar:file:/Users/wulonghui/.m2/repository/com/youzan/pay/assetcenter.spi/0.0.9-20170817-SNAPSHOT/assetcenter.spi-0.0.9-20170817-SNAPSHOT.jar!/com/youzan/pay/assetcenter/service/spi/constants/EnvironmentConstants.class], URL [jar:file:/Users/wulonghui/.m2/repository/com/youzan/pay/assetcenter.spi/0.0.9-20170817-SNAPSHOT/assetcenter.spi-0.0.9-20170817-SNAPSHOT.jar!/com/youzan/pay/assetcenter/service/spi/constants/ErrorConstants.class], URL [jar:file:/Users/wulonghui/.m2/repository/com/youzan/pay/assetcenter.spi/0.0.9-20170817-SNAPSHOT/assetcenter.spi-0.0.9-20170817-SNAPSHOT.jar!/com/youzan/pay/assetcenter/service/spi/constants/ExtraKeyConstants.class], URL [jar:file:/Users/wulonghui/.m2/repository/com/youzan/pay/assetcenter.spi/0.0.9-20170817-SNAPSHOT/assetcenter.spi-0.0.9-20170817-SNAPSHOT.jar!/com/youzan/pay/assetcenter/service/spi/constants/PayChannelApiConstants.class], URL [jar:file:/Users/wulonghui/.m2/repository/com/youzan/pay/assetcenter.spi/0.0.9-20170817-SNAPSHOT/assetcenter.spi-0.0.9-20170817-SNAPSHOT.jar!/com/youzan/pay/assetcenter/service/spi/ECardPayToolSpi.class], URL [jar:file:/Users/wulonghui/.m2/repository/com/youzan/pay/assetcenter.spi/0.0.9-20170817-SNAPSHOT/assetcenter.spi-0.0.9-20170817-SNAPSHOT.jar!/com/youzan/pay/assetcenter/service/spi/enums/AccountOperateResultCode.class], URL [jar:file:/Users/wulonghui/.m2/repository/com/youzan/pay/assetcenter.spi/0.0.9-20170817-SNAPSHOT/assetcenter.spi-0.0.9-20170817-SNAPSHOT.jar!/com/youzan/pay/assetcenter/service/spi/enums/CurrencyCode.class], URL [jar:file:/Users/wulonghui/.m2/repository/com/youzan/pay/assetcenter.spi/0.0.9-20170817-SNAPSHOT/assetcenter.spi-0.0.9-20170817-SNAPSHOT.jar!/com/youzan/pay/assetcenter/service/spi/enums/PayToolPayStatus.class], URL [jar:file:/Users/wulonghui/.m2/repository/com/youzan/pay/assetcenter.spi/0.0.9-20170817-SNAPSHOT/assetcenter.spi-0.0.9-20170817-SNAPSHOT.jar!/com/youzan/pay/assetcenter/service/spi/enums/PayToolRefundStatus.class], URL [jar:file:/Users/wulonghui/.m2/repository/com/youzan/pay/assetcenter.spi/0.0.9-20170817-SNAPSHOT/assetcenter.spi-0.0.9-20170817-SNAPSHOT.jar!/com/youzan/pay/assetcenter/service/spi/enums/PayToolRevokeStatus.class], URL [jar:file:/Users/wulonghui/.m2/repository/com/youzan/pay/assetcenter.spi/0.0.9-20170817-SNAPSHOT/assetcenter.spi-0.0.9-20170817-SNAPSHOT.jar!/com/youzan/pay/assetcenter/service/spi/enums/PayToolTypeEnum.class], URL [jar:file:/Users/wulonghui/.m2/repository/com/youzan/pay/assetcenter.spi/0.0.9-20170817-SNAPSHOT/assetcenter.spi-0.0.9-20170817-SNAPSHOT.jar!/com/youzan/pay/assetcenter/service/spi/enums/PayToolWithdrawStatus.class], URL [jar:file:/Users/wulonghui/.m2/repository/com/youzan/pay/assetcenter.spi/0.0.9-20170817-SNAPSHOT/assetcenter.spi-0.0.9-20170817-SNAPSHOT.jar!/com/youzan/pay/assetcenter/service/spi/PayToolStandardSpi.class], URL [jar:file:/Users/wulonghui/.m2/repository/com/youzan/pay/assetcenter.spi/0.0.9-20170817-SNAPSHOT/assetcenter.spi-0.0.9-20170817-SNAPSHOT.jar!/com/youzan/pay/assetcenter/service/spi/PayToolWithdrawSpi.class], URL [jar:file:/Users/wulonghui/.m2/repository/com/youzan/pay/assetcenter.spi/0.0.9-20170817-SNAPSHOT/assetcenter.spi-0.0.9-20170817-SNAPSHOT.jar!/com/youzan/pay/assetcenter/service/spi/PrepaidPayToolSpi.class], URL [jar:file:/Users/wulonghui/.m2/repository/com/youzan/pay/assetcenter.spi/0.0.9-20170817-SNAPSHOT/assetcenter.spi-0.0.9-20170817-SNAPSHOT.jar!/com/youzan/pay/assetcenter/service/spi/request/BaseRequest.class], URL [jar:file:/Users/wulonghui/.m2/repository/com/youzan/pay/assetcenter.spi/0.0.9-20170817-SNAPSHOT/assetcenter.spi-0.0.9-20170817-SNAPSHOT.jar!/com/youzan/pay/assetcenter/service/spi/request/Money.class], URL [jar:file:/Users/wulonghui/.m2/repository/com/youzan/pay/assetcenter.spi/0.0.9-20170817-SNAPSHOT/assetcenter.spi-0.0.9-20170817-SNAPSHOT.jar!/com/youzan/pay/assetcenter/service/spi/request/PayToolPayQueryRequest.class], URL [jar:file:/Users/wulonghui/.m2/repository/com/youzan/pay/assetcenter.spi/0.0.9-20170817-SNAPSHOT/assetcenter.spi-0.0.9-20170817-SNAPSHOT.jar!/com/youzan/pay/assetcenter/service/spi/request/PayToolPayRequest.class], URL [jar:file:/Users/wulonghui/.m2/repository/com/youzan/pay/assetcenter.spi/0.0.9-20170817-SNAPSHOT/assetcenter.spi-0.0.9-20170817-SNAPSHOT.jar!/com/youzan/pay/assetcenter/service/spi/request/PayToolRefundQueryRequest.class], URL [jar:file:/Users/wulonghui/.m2/repository/com/youzan/pay/assetcenter.spi/0.0.9-20170817-SNAPSHOT/assetcenter.spi-0.0.9-20170817-SNAPSHOT.jar!/com/youzan/pay/assetcenter/service/spi/request/PayToolRefundRequest.class], URL [jar:file:/Users/wulonghui/.m2/repository/com/youzan/pay/assetcenter.spi/0.0.9-20170817-SNAPSHOT/assetcenter.spi-0.0.9-20170817-SNAPSHOT.jar!/com/youzan/pay/assetcenter/service/spi/request/PayToolRevokeRequest.class], URL [jar:file:/Users/wulonghui/.m2/repository/com/youzan/pay/assetcenter.spi/0.0.9-20170817-SNAPSHOT/assetcenter.spi-0.0.9-20170817-SNAPSHOT.jar!/com/youzan/pay/assetcenter/service/spi/request/PayToolWithdrawQueryRequest.class], URL [jar:file:/Users/wulonghui/.m2/repository/com/youzan/pay/assetcenter.spi/0.0.9-20170817-SNAPSHOT/assetcenter.spi-0.0.9-20170817-SNAPSHOT.jar!/com/youzan/pay/assetcenter/service/spi/request/PayToolWithdrawRequest$ExtentionKey.class], URL [jar:file:/Users/wulonghui/.m2/repository/com/youzan/pay/assetcenter.spi/0.0.9-20170817-SNAPSHOT/assetcenter.spi-0.0.9-20170817-SNAPSHOT.jar!/com/youzan/pay/assetcenter/service/spi/request/PayToolWithdrawRequest.class], URL [jar:file:/Users/wulonghui/.m2/repository/com/youzan/pay/assetcenter.spi/0.0.9-20170817-SNAPSHOT/assetcenter.spi-0.0.9-20170817-SNAPSHOT.jar!/com/youzan/pay/assetcenter/service/spi/request/TraceContext.class], URL [jar:file:/Users/wulonghui/.m2/repository/com/youzan/pay/assetcenter.spi/0.0.9-20170817-SNAPSHOT/assetcenter.spi-0.0.9-20170817-SNAPSHOT.jar!/com/youzan/pay/assetcenter/service/spi/Result/AccountOperationResult.class], URL [jar:file:/Users/wulonghui/.m2/repository/com/youzan/pay/assetcenter.spi/0.0.9-20170817-SNAPSHOT/assetcenter.spi-0.0.9-20170817-SNAPSHOT.jar!/com/youzan/pay/assetcenter/service/spi/Result/AccountResult.class], URL [jar:file:/Users/wulonghui/.m2/repository/com/youzan/pay/assetcenter.spi/0.0.9-20170817-SNAPSHOT/assetcenter.spi-0.0.9-20170817-SNAPSHOT.jar!/com/youzan/pay/assetcenter/service/spi/Result/BaseResult.class], URL [jar:file:/Users/wulonghui/.m2/repository/com/youzan/pay/assetcenter.spi/0.0.9-20170817-SNAPSHOT/assetcenter.spi-0.0.9-20170817-SNAPSHOT.jar!/com/youzan/pay/assetcenter/service/spi/Result/CommonError.class], URL [jar:file:/Users/wulonghui/.m2/repository/com/youzan/pay/assetcenter.spi/0.0.9-20170817-SNAPSHOT/assetcenter.spi-0.0.9-20170817-SNAPSHOT.jar!/com/youzan/pay/assetcenter/service/spi/Result/ErrorContext.class], URL [jar:file:/Users/wulonghui/.m2/repository/com/youzan/pay/assetcenter.spi/0.0.9-20170817-SNAPSHOT/assetcenter.spi-0.0.9-20170817-SNAPSHOT.jar!/com/youzan/pay/assetcenter/service/spi/Result/HttpResult.class], URL [jar:file:/Users/wulonghui/.m2/repository/com/youzan/pay/assetcenter.spi/0.0.9-20170817-SNAPSHOT/assetcenter.spi-0.0.9-20170817-SNAPSHOT.jar!/com/youzan/pay/assetcenter/service/spi/Result/MircoAccountResult.class], URL [jar:file:/Users/wulonghui/.m2/repository/com/youzan/pay/assetcenter.spi/0.0.9-20170817-SNAPSHOT/assetcenter.spi-0.0.9-20170817-SNAPSHOT.jar!/com/youzan/pay/assetcenter/service/spi/Result/PayToolPayResult.class], URL [jar:file:/Users/wulonghui/.m2/repository/com/youzan/pay/assetcenter.spi/0.0.9-20170817-SNAPSHOT/assetcenter.spi-0.0.9-20170817-SNAPSHOT.jar!/com/youzan/pay/assetcenter/service/spi/Result/PayToolRefundQueryResult.class], URL [jar:file:/Users/wulonghui/.m2/repository/com/youzan/pay/assetcenter.spi/0.0.9-20170817-SNAPSHOT/assetcenter.spi-0.0.9-20170817-SNAPSHOT.jar!/com/youzan/pay/assetcenter/service/spi/Result/PayToolRefundResult.class], URL [jar:file:/Users/wulonghui/.m2/repository/com/youzan/pay/assetcenter.spi/0.0.9-20170817-SNAPSHOT/assetcenter.spi-0.0.9-20170817-SNAPSHOT.jar!/com/youzan/pay/assetcenter/service/spi/Result/PayToolRevokeResult.class], URL [jar:file:/Users/wulonghui/.m2/repository/com/youzan/pay/assetcenter.spi/0.0.9-20170817-SNAPSHOT/assetcenter.spi-0.0.9-20170817-SNAPSHOT.jar!/com/youzan/pay/assetcenter/service/spi/Result/PayToolWithdrawResult.class], URL [jar:file:/Users/wulonghui/.m2/repository/com/youzan/pay/assetcenter.spi/0.0.9-20170817-SNAPSHOT/assetcenter.spi-0.0.9-20170817-SNAPSHOT.jar!/com/youzan/pay/assetcenter/service/spi/UnifiedPrepaidCardPayToolSpi.class], URL [jar:file:/Users/wulonghui/.m2/repository/com/youzan/pay/core/core-validate/1.0.2-20170515-RELEASE/core-validate-1.0.2-20170515-RELEASE.jar!/com/youzan/pay/core/validate/constraints/InEnum.class], URL [jar:file:/Users/wulonghui/.m2/repository/com/youzan/pay/core/core-validate/1.0.2-20170515-RELEASE/core-validate-1.0.2-20170515-RELEASE.jar!/com/youzan/pay/core/validate/constraints/InEnumValidator.class], URL [jar:file:/Users/wulonghui/.m2/repository/com/youzan/pay/microaccount-api/0.2.6-20170801-SNAPSHOT/microaccount-api-0.2.6-20170801-SNAPSHOT.jar!/com/youzan/pay/microaccount/prepaidcard/error/CommonError.class], URL [jar:file:/Users/wulonghui/.m2/repository/com/youzan/pay/microaccount-api/0.2.6-20170801-SNAPSHOT/microaccount-api-0.2.6-20170801-SNAPSHOT.jar!/com/youzan/pay/microaccount/prepaidcard/error/MicroAccountErrorCode.class], URL [jar:file:/Users/wulonghui/.m2/repository/com/youzan/pay/microaccount-api/0.2.6-20170801-SNAPSHOT/microaccount-api-0.2.6-20170801-SNAPSHOT.jar!/com/youzan/pay/microaccount/prepaidcard/exception/BizException.class], URL [jar:file:/Users/wulonghui/.m2/repository/com/youzan/pay/microaccount-api/0.2.6-20170801-SNAPSHOT/microaccount-api-0.2.6-20170801-SNAPSHOT.jar!/com/youzan/pay/microaccount/prepaidcard/exception/BizIdempotentException.class], URL [jar:file:/Users/wulonghui/.m2/repository/com/youzan/pay/microaccount-api/0.2.6-20170801-SNAPSHOT/microaccount-api-0.2.6-20170801-SNAPSHOT.jar!/com/youzan/pay/microaccount/prepaidcard/exception/InternalSystemException.class], URL [jar:file:/Users/wulonghui/.m2/repository/com/youzan/pay/microaccount-api/0.2.6-20170801-SNAPSHOT/microaccount-api-0.2.6-20170801-SNAPSHOT.jar!/com/youzan/pay/microaccount/prepaidcard/exception/NoRetryException.class], URL [jar:file:/Users/wulonghui/.m2/repository/com/youzan/pay/microaccount-api/0.2.6-20170801-SNAPSHOT/microaccount-api-0.2.6-20170801-SNAPSHOT.jar!/com/youzan/pay/microaccount/prepaidcard/exception/TradeBusinessException.class], URL [jar:file:/Users/wulonghui/.m2/repository/com/youzan/pay/microaccount-api/0.2.6-20170801-SNAPSHOT/microaccount-api-0.2.6-20170801-SNAPSHOT.jar!/com/youzan/pay/microaccount/prepaidcard/exception/TradeQueryException.class], URL [jar:file:/Users/wulonghui/.m2/repository/com/youzan/pay/microaccount-api/0.2.6-20170801-SNAPSHOT/microaccount-api-0.2.6-20170801-SNAPSHOT.jar!/com/youzan/pay/microaccount/prepaidcard/exception/TransferBussinessException.class], URL [jar:file:/Users/wulonghui/.m2/repository/com/youzan/pay/microaccount-api/0.2.6-20170801-SNAPSHOT/microaccount-api-0.2.6-20170801-SNAPSHOT.jar!/com/youzan/pay/microaccount/prepaidcard/params/base/ValidateParmeter.class], URL [jar:file:/Users/wulonghui/.m2/repository/com/youzan/pay/microaccount-api/0.2.6-20170801-SNAPSHOT/microaccount-api-0.2.6-20170801-SNAPSHOT.jar!/com/youzan/pay/microaccount/prepaidcard/params/PaymentParam.class], URL [jar:file:/Users/wulonghui/.m2/repository/com/youzan/pay/microaccount-api/0.2.6-20170801-SNAPSHOT/microaccount-api-0.2.6-20170801-SNAPSHOT.jar!/com/youzan/pay/microaccount/prepaidcard/params/RechargeParam.class], URL [jar:file:/Users/wulonghui/.m2/repository/com/youzan/pay/microaccount-api/0.2.6-20170801-SNAPSHOT/microaccount-api-0.2.6-20170801-SNAPSHOT.jar!/com/youzan/pay/microaccount/prepaidcard/params/RefundParam.class], URL [jar:file:/Users/wulonghui/.m2/repository/com/youzan/pay/microaccount-api/0.2.6-20170801-SNAPSHOT/microaccount-api-0.2.6-20170801-SNAPSHOT.jar!/com/youzan/pay/microaccount/prepaidcard/params/TradeExtParam.class], URL [jar:file:/Users/wulonghui/.m2/repository/com/youzan/pay/microaccount-api/0.2.6-20170801-SNAPSHOT/microaccount-api-0.2.6-20170801-SNAPSHOT.jar!/com/youzan/pay/microaccount/prepaidcard/params/TradeParam.class], URL [jar:file:/Users/wulonghui/.m2/repository/com/youzan/pay/microaccount-api/0.2.6-20170801-SNAPSHOT/microaccount-api-0.2.6-20170801-SNAPSHOT.jar!/com/youzan/pay/microaccount/prepaidcard/params/TransferParam.class], URL [jar:file:/Users/wulonghui/.m2/repository/com/youzan/pay/microaccount-api/0.2.6-20170801-SNAPSHOT/microaccount-api-0.2.6-20170801-SNAPSHOT.jar!/com/youzan/pay/microaccount/prepaidcard/result/PageResult.class], URL [jar:file:/Users/wulonghui/.m2/repository/com/youzan/pay/microaccount-api/0.2.6-20170801-SNAPSHOT/microaccount-api-0.2.6-20170801-SNAPSHOT.jar!/com/youzan/pay/microaccount/prepaidcard/result/Result.class], URL [jar:file:/Users/wulonghui/.m2/repository/com/youzan/pay/microaccount-api/0.2.6-20170801-SNAPSHOT/microaccount-api-0.2.6-20170801-SNAPSHOT.jar!/com/youzan/pay/microaccount/prepaidcard/result/TradeResult.class], URL [jar:file:/Users/wulonghui/.m2/repository/com/youzan/pay/microaccount-api/0.2.6-20170801-SNAPSHOT/microaccount-api-0.2.6-20170801-SNAPSHOT.jar!/com/youzan/pay/microaccount/prepaidcard/service/AccountService.class], URL [jar:file:/Users/wulonghui/.m2/repository/com/youzan/pay/microaccount-api/0.2.6-20170801-SNAPSHOT/microaccount-api-0.2.6-20170801-SNAPSHOT.jar!/com/youzan/pay/microaccount/prepaidcard/service/TradeService.class], URL [jar:file:/Users/wulonghui/.m2/repository/com/youzan/pay/microaccount-api/0.2.6-20170801-SNAPSHOT/microaccount-api-0.2.6-20170801-SNAPSHOT.jar!/com/youzan/pay/microaccount/prepaidcard/SpringContext/AbstractSpringContext.class], URL [jar:file:/Users/wulonghui/.m2/repository/com/youzan/pay/microaccount-api/0.2.6-20170801-SNAPSHOT/microaccount-api-0.2.6-20170801-SNAPSHOT.jar!/com/youzan/pay/microaccount/prepaidcard/taskService/TaskService.class], URL [jar:file:/Users/wulonghui/.m2/repository/com/youzan/pay/microaccount-api/0.2.6-20170801-SNAPSHOT/microaccount-api-0.2.6-20170801-SNAPSHOT.jar!/com/youzan/pay/microaccount/prepaidcard/to/AccountLogTO.class], URL [jar:file:/Users/wulonghui/.m2/repository/com/youzan/pay/microaccount-api/0.2.6-20170801-SNAPSHOT/microaccount-api-0.2.6-20170801-SNAPSHOT.jar!/com/youzan/pay/microaccount/prepaidcard/to/AccountPayTO.class], URL [jar:file:/Users/wulonghui/.m2/repository/com/youzan/pay/microaccount-api/0.2.6-20170801-SNAPSHOT/microaccount-api-0.2.6-20170801-SNAPSHOT.jar!/com/youzan/pay/microaccount/prepaidcard/to/AccountTO.class], URL [jar:file:/Users/wulonghui/.m2/repository/com/youzan/pay/microaccount-api/0.2.6-20170801-SNAPSHOT/microaccount-api-0.2.6-20170801-SNAPSHOT.jar!/com/youzan/pay/microaccount/prepaidcard/to/TradeTO.class], URL [jar:file:/Users/wulonghui/.m2/repository/com/youzan/account-api/1.1.16-RELEASE/account-api-1.1.16-RELEASE.jar!/com/youzan/account/api/AdminService.class], URL [jar:file:/Users/wulonghui/.m2/repository/com/youzan/account-api/1.1.16-RELEASE/account-api-1.1.16-RELEASE.jar!/com/youzan/account/api/CountryCodeService.class], URL [jar:file:/Users/wulonghui/.m2/repository/com/youzan/account-api/1.1.16-RELEASE/account-api-1.1.16-RELEASE.jar!/com/youzan/account/api/dto/base/BaseResult.class], URL [jar:file:/Users/wulonghui/.m2/repository/com/youzan/account-api/1.1.16-RELEASE/account-api-1.1.16-RELEASE.jar!/com/youzan/account/api/dto/base/PageResult.class], URL [jar:file:/Users/wulonghui/.m2/repository/com/youzan/account-api/1.1.16-RELEASE/account-api-1.1.16-RELEASE.jar!/com/youzan/account/api/dto/CountryCodeDto$CountryCodeDtoBuilder.class], URL [jar:file:/Users/wulonghui/.m2/repository/com/youzan/account-api/1.1.16-RELEASE/account-api-1.1.16-RELEASE.jar!/com/youzan/account/api/dto/CountryCodeDto.class], URL [jar:file:/Users/wulonghui/.m2/repository/com/youzan/account-api/1.1.16-RELEASE/account-api-1.1.16-RELEASE.jar!/com/youzan/account/api/dto/CountryCodePyDto.class], URL [jar:file:/Users/wulonghui/.m2/repository/com/youzan/account-api/1.1.16-RELEASE/account-api-1.1.16-RELEASE.jar!/com/youzan/account/api/dto/merchant/GetUserIdRequestDTO.class], URL [jar:file:/Users/wulonghui/.m2/repository/com/youzan/account-api/1.1.16-RELEASE/account-api-1.1.16-RELEASE.jar!/com/youzan/account/api/dto/merchant/GetUserIdResponseDTO.class], URL [jar:file:/Users/wulonghui/.m2/repository/com/youzan/account-api/1.1.16-RELEASE/account-api-1.1.16-RELEASE.jar!/com/youzan/account/api/dto/merchant/UserMerchantDto.class], URL [jar:file:/Users/wulonghui/.m2/repository/com/youzan/account-api/1.1.16-RELEASE/account-api-1.1.16-RELEASE.jar!/com/youzan/account/api/dto/merchant/UserMerchantDtoRequest.class], URL [jar:file:/Users/wulonghui/.m2/repository/com/youzan/account-api/1.1.16-RELEASE/account-api-1.1.16-RELEASE.jar!/com/youzan/account/api/dto/merchant/UserMerchantDtoResponse.class], URL [jar:file:/Users/wulonghui/.m2/repository/com/youzan/account-api/1.1.16-RELEASE/account-api-1.1.16-RELEASE.jar!/com/youzan/account/api/dto/merchant/UserMerchantSinleRequest.class], URL [jar:file:/Users/wulonghui/.m2/repository/com/youzan/account-api/1.1.16-RELEASE/account-api-1.1.16-RELEASE.jar!/com/youzan/account/api/dto/PlatformUserDto$DftValue.class], URL [jar:file:/Users/wulonghui/.m2/repository/com/youzan/account-api/1.1.16-RELEASE/account-api-1.1.16-RELEASE.jar!/com/youzan/account/api/dto/PlatformUserDto$PlatformUserDtoBuilder.class], URL [jar:file:/Users/wulonghui/.m2/repository/com/youzan/account-api/1.1.16-RELEASE/account-api-1.1.16-RELEASE.jar!/com/youzan/account/api/dto/PlatformUserDto.class], URL [jar:file:/Users/wulonghui/.m2/repository/com/youzan/account-api/1.1.16-RELEASE/account-api-1.1.16-RELEASE.jar!/com/youzan/account/api/dto/PlatformUserInfoDto$PlatformUserInfoDtoBuilder.class], URL [jar:file:/Users/wulonghui/.m2/repository/com/youzan/account-api/1.1.16-RELEASE/account-api-1.1.16-RELEASE.jar!/com/youzan/account/api/dto/PlatformUserInfoDto.class], URL [jar:file:/Users/wulonghui/.m2/repository/com/youzan/account-api/1.1.16-RELEASE/account-api-1.1.16-RELEASE.jar!/com/youzan/account/api/dto/ResultDto.class], URL [jar:file:/Users/wulonghui/.m2/repository/com/youzan/account-api/1.1.16-RELEASE/account-api-1.1.16-RELEASE.jar!/com/youzan/account/api/dto/UserAddressDto.class], URL [jar:file:/Users/wulonghui/.m2/repository/com/youzan/account-api/1.1.16-RELEASE/account-api-1.1.16-RELEASE.jar!/com/youzan/account/api/dto/UserContactDto$UserContactDtoBuilder.class], URL [jar:file:/Users/wulonghui/.m2/repository/com/youzan/account-api/1.1.16-RELEASE/account-api-1.1.16-RELEASE.jar!/com/youzan/account/api/dto/UserContactDto.class], URL [jar:file:/Users/wulonghui/.m2/repository/com/youzan/account-api/1.1.16-RELEASE/account-api-1.1.16-RELEASE.jar!/com/youzan/account/api/dto/UserDetailDto$UserDetailDtoBuilder.class], URL [jar:file:/Users/wulonghui/.m2/repository/com/youzan/account-api/1.1.16-RELEASE/account-api-1.1.16-RELEASE.jar!/com/youzan/account/api/dto/UserDetailDto.class], URL [jar:file:/Users/wulonghui/.m2/repository/com/youzan/account-api/1.1.16-RELEASE/account-api-1.1.16-RELEASE.jar!/com/youzan/account/api/dto/UserFansBindDto$UserFansBindDtoBuilder.class], URL [jar:file:/Users/wulonghui/.m2/repository/com/youzan/account-api/1.1.16-RELEASE/account-api-1.1.16-RELEASE.jar!/com/youzan/account/api/dto/UserFansBindDto.class], URL [jar:file:/Users/wulonghui/.m2/repository/com/youzan/account-api/1.1.16-RELEASE/account-api-1.1.16-RELEASE.jar!/com/youzan/account/api/dto/UserInfoDto$UserInfoDtoBuilder.class], URL [jar:file:/Users/wulonghui/.m2/repository/com/youzan/account-api/1.1.16-RELEASE/account-api-1.1.16-RELEASE.jar!/com/youzan/account/api/dto/UserInfoDto.class], URL [jar:file:/Users/wulonghui/.m2/repository/com/youzan/account-api/1.1.16-RELEASE/account-api-1.1.16-RELEASE.jar!/com/youzan/account/api/dto/UserLoginDto$UserLoginDtoBuilder.class], URL [jar:file:/Users/wulonghui/.m2/repository/com/youzan/account-api/1.1.16-RELEASE/account-api-1.1.16-RELEASE.jar!/com/youzan/account/api/dto/UserLoginDto.class], URL [jar:file:/Users/wulonghui/.m2/repository/com/youzan/account-api/1.1.16-RELEASE/account-api-1.1.16-RELEASE.jar!/com/youzan/account/api/dto/UserPasswordDto$UserPasswordDtoBuilder.class], URL [jar:file:/Users/wulonghui/.m2/repository/com/youzan/account-api/1.1.16-RELEASE/account-api-1.1.16-RELEASE.jar!/com/youzan/account/api/dto/UserPasswordDto.class], URL [jar:file:/Users/wulonghui/.m2/repository/com/youzan/account-api/1.1.16-RELEASE/account-api-1.1.16-RELEASE.jar!/com/youzan/account/api/dto/UserSimpleDto$UserSimpleDtoBuilder.class], URL [jar:file:/Users/wulonghui/.m2/repository/com/youzan/account-api/1.1.16-RELEASE/account-api-1.1.16-RELEASE.jar!/com/youzan/account/api/dto/UserSimpleDto.class], URL [jar:file:/Users/wulonghui/.m2/repository/com/youzan/account-api/1.1.16-RELEASE/account-api-1.1.16-RELEASE.jar!/com/youzan/account/api/dto/UserTagDictionaryDto.class], URL [jar:file:/Users/wulonghui/.m2/repository/com/youzan/account-api/1.1.16-RELEASE/account-api-1.1.16-RELEASE.jar!/com/youzan/account/api/dto/UserTagDto.class], URL [jar:file:/Users/wulonghui/.m2/repository/com/youzan/account-api/1.1.16-RELEASE/account-api-1.1.16-RELEASE.jar!/com/youzan/account/api/dto/UserTagValueDto.class], URL [jar:file:/Users/wulonghui/.m2/repository/com/youzan/account-api/1.1.16-RELEASE/account-api-1.1.16-RELEASE.jar!/com/youzan/account/api/fans/dto/FansDto$FansDtoBuilder.class], URL [jar:file:/Users/wulonghui/.m2/repository/com/youzan/account-api/1.1.16-RELEASE/account-api-1.1.16-RELEASE.jar!/com/youzan/account/api/fans/dto/FansDto.class], URL [jar:file:/Users/wulonghui/.m2/repository/com/youzan/account-api/1.1.16-RELEASE/account-api-1.1.16-RELEASE.jar!/com/youzan/account/api/fans/dto/KdtUaDto$KdtUaDtoBuilder.class], URL [jar:file:/Users/wulonghui/.m2/repository/com/youzan/account-api/1.1.16-RELEASE/account-api-1.1.16-RELEASE.jar!/com/youzan/account/api/fans/dto/KdtUaDto.class], URL [jar:file:/Users/wulonghui/.m2/repository/com/youzan/account-api/1.1.16-RELEASE/account-api-1.1.16-RELEASE.jar!/com/youzan/account/api/fans/dto/KdtUserFansDto$KdtUserFansDtoBuilder.class], URL [jar:file:/Users/wulonghui/.m2/repository/com/youzan/account-api/1.1.16-RELEASE/account-api-1.1.16-RELEASE.jar!/com/youzan/account/api/fans/dto/KdtUserFansDto.class], URL [jar:file:/Users/wulonghui/.m2/repository/com/youzan/account-api/1.1.16-RELEASE/account-api-1.1.16-RELEASE.jar!/com/youzan/account/api/fans/KdtUaService.class], URL [jar:file:/Users/wulonghui/.m2/repository/com/youzan/account-api/1.1.16-RELEASE/account-api-1.1.16-RELEASE.jar!/com/youzan/account/api/fans/KdtUserFansService.class], URL [jar:file:/Users/wulonghui/.m2/repository/com/youzan/account-api/1.1.16-RELEASE/account-api-1.1.16-RELEASE.jar!/com/youzan/account/api/PlatformUserReadService.class], URL [jar:file:/Users/wulonghui/.m2/repository/com/youzan/account-api/1.1.16-RELEASE/account-api-1.1.16-RELEASE.jar!/com/youzan/account/api/PlatformUserService.class], URL [jar:file:/Users/wulonghui/.m2/repository/com/youzan/account-api/1.1.16-RELEASE/account-api-1.1.16-RELEASE.jar!/com/youzan/account/api/PlatformUserWriteService.class], URL [jar:file:/Users/wulonghui/.m2/repository/com/youzan/account-api/1.1.16-RELEASE/account-api-1.1.16-RELEASE.jar!/com/youzan/account/api/query/base/BaseQuery.class], URL [jar:file:/Users/wulonghui/.m2/repository/com/youzan/account-api/1.1.16-RELEASE/account-api-1.1.16-RELEASE.jar!/com/youzan/account/api/query/KdtUserFansQuery$KdtUserFansQueryBuilder.class], URL [jar:file:/Users/wulonghui/.m2/repository/com/youzan/account-api/1.1.16-RELEASE/account-api-1.1.16-RELEASE.jar!/com/youzan/account/api/query/KdtUserFansQuery.class], URL [jar:file:/Users/wulonghui/.m2/repository/com/youzan/account-api/1.1.16-RELEASE/account-api-1.1.16-RELEASE.jar!/com/youzan/account/api/query/UserConditionQuery.class], URL [jar:file:/Users/wulonghui/.m2/repository/com/youzan/account-api/1.1.16-RELEASE/account-api-1.1.16-RELEASE.jar!/com/youzan/account/api/query/UserInfoQuery$UserInfoQueryBuilder.class], URL [jar:file:/Users/wulonghui/.m2/repository/com/youzan/account-api/1.1.16-RELEASE/account-api-1.1.16-RELEASE.jar!/com/youzan/account/api/query/UserInfoQuery.class], URL [jar:file:/Users/wulonghui/.m2/repository/com/youzan/account-api/1.1.16-RELEASE/account-api-1.1.16-RELEASE.jar!/com/youzan/account/api/request/CountryCodeQueryRequest.class], URL [jar:file:/Users/wulonghui/.m2/repository/com/youzan/account-api/1.1.16-RELEASE/account-api-1.1.16-RELEASE.jar!/com/youzan/account/api/UserAddressReadService.class], URL [jar:file:/Users/wulonghui/.m2/repository/com/youzan/account-api/1.1.16-RELEASE/account-api-1.1.16-RELEASE.jar!/com/youzan/account/api/UserAddressWriteService.class], URL [jar:file:/Users/wulonghui/.m2/repository/com/youzan/account-api/1.1.16-RELEASE/account-api-1.1.16-RELEASE.jar!/com/youzan/account/api/UserContactService.class], URL [jar:file:/Users/wulonghui/.m2/repository/com/youzan/account-api/1.1.16-RELEASE/account-api-1.1.16-RELEASE.jar!/com/youzan/account/api/UserMerchantService.class], URL [jar:file:/Users/wulonghui/.m2/repository/com/youzan/account-api/1.1.16-RELEASE/account-api-1.1.16-RELEASE.jar!/com/youzan/account/api/UserReadService.class], URL [jar:file:/Users/wulonghui/.m2/repository/com/youzan/account-api/1.1.16-RELEASE/account-api-1.1.16-RELEASE.jar!/com/youzan/account/api/UserTagDicWriteService.class], URL [jar:file:/Users/wulonghui/.m2/repository/com/youzan/account-api/1.1.16-RELEASE/account-api-1.1.16-RELEASE.jar!/com/youzan/account/api/UserTagReadService.class], URL [jar:file:/Users/wulonghui/.m2/repository/com/youzan/account-api/1.1.16-RELEASE/account-api-1.1.16-RELEASE.jar!/com/youzan/account/api/UserTagWriteService.class], URL [jar:file:/Users/wulonghui/.m2/repository/com/youzan/account-api/1.1.16-RELEASE/account-api-1.1.16-RELEASE.jar!/com/youzan/account/api/UserWriteService.class], URL [jar:file:/Users/wulonghui/.m2/repository/com/youzan/account-api/1.1.16-RELEASE/account-api-1.1.16-RELEASE.jar!/com/youzan/account/domain/Admin$AdminBuilder.class], URL [jar:file:/Users/wulonghui/.m2/repository/com/youzan/account-api/1.1.16-RELEASE/account-api-1.1.16-RELEASE.jar!/com/youzan/account/domain/Admin.class], URL [jar:file:/Users/wulonghui/.m2/repository/com/youzan/account-api/1.1.16-RELEASE/account-api-1.1.16-RELEASE.jar!/com/youzan/account/domain/AdminSimple$AdminSimpleBuilder.class], URL [jar:file:/Users/wulonghui/.m2/repository/com/youzan/account-api/1.1.16-RELEASE/account-api-1.1.16-RELEASE.jar!/com/youzan/account/domain/AdminSimple.class], URL [jar:file:/Users/wulonghui/.m2/repository/com/youzan/account-api/1.1.16-RELEASE/account-api-1.1.16-RELEASE.jar!/com/youzan/uic/api/common/fans/FansQueryService.class], URL [jar:file:/Users/wulonghui/.m2/repository/com/youzan/account-api/1.1.16-RELEASE/account-api-1.1.16-RELEASE.jar!/com/youzan/uic/api/dto/FansInfoDto$FansInfoDtoBuilder.class], URL [jar:file:/Users/wulonghui/.m2/repository/com/youzan/account-api/1.1.16-RELEASE/account-api-1.1.16-RELEASE.jar!/com/youzan/uic/api/dto/FansInfoDto.class], URL [jar:file:/Users/wulonghui/.m2/repository/com/youzan/account-api/1.1.16-RELEASE/account-api-1.1.16-RELEASE.jar!/com/youzan/uic/api/exception/CommonExceptionEnum.class], URL [jar:file:/Users/wulonghui/.m2/repository/com/youzan/account-api/1.1.16-RELEASE/account-api-1.1.16-RELEASE.jar!/com/youzan/uic/api/exception/KdtUserFansExceptionEnum.class], URL [jar:file:/Users/wulonghui/.m2/repository/com/youzan/account-api/1.1.16-RELEASE/account-api-1.1.16-RELEASE.jar!/com/youzan/uic/api/exception/UserAddressExceptionEnum.class], URL [jar:file:/Users/wulonghui/.m2/repository/com/youzan/account-api/1.1.16-RELEASE/account-api-1.1.16-RELEASE.jar!/com/youzan/uic/api/exception/UserExceptionEnum.class], URL [jar:file:/Users/wulonghui/.m2/repository/com/youzan/account-api/1.1.16-RELEASE/account-api-1.1.16-RELEASE.jar!/com/youzan/uic/api/exception/UserSafeCheckExceptionEnum.class], URL [jar:file:/Users/wulonghui/.m2/repository/com/youzan/account-api/1.1.16-RELEASE/account-api-1.1.16-RELEASE.jar!/com/youzan/uic/api/exception/UserSecurityExceptionEnum.class], URL [jar:file:/Users/wulonghui/.m2/repository/com/youzan/account-api/1.1.16-RELEASE/account-api-1.1.16-RELEASE.jar!/com/youzan/uic/api/exception/UserTagExceptionEnum.class], URL [jar:file:/Users/wulonghui/.m2/repository/com/youzan/account-api/1.1.16-RELEASE/account-api-1.1.16-RELEASE.jar!/com/youzan/uic/api/request/common/fans/FansQueryByFans$FansQueryByFansBuilder.class], URL [jar:file:/Users/wulonghui/.m2/repository/com/youzan/account-api/1.1.16-RELEASE/account-api-1.1.16-RELEASE.jar!/com/youzan/uic/api/request/common/fans/FansQueryByFans.class], URL [jar:file:/Users/wulonghui/.m2/repository/com/youzan/account-api/1.1.16-RELEASE/account-api-1.1.16-RELEASE.jar!/com/youzan/uic/api/request/common/fans/FansQueryByUser$FansQueryByUserBuilder.class], URL [jar:file:/Users/wulonghui/.m2/repository/com/youzan/account-api/1.1.16-RELEASE/account-api-1.1.16-RELEASE.jar!/com/youzan/uic/api/request/common/fans/FansQueryByUser.class], URL [jar:file:/Users/wulonghui/.m2/repository/com/youzan/account-api/1.1.16-RELEASE/account-api-1.1.16-RELEASE.jar!/com/youzan/uic/api/request/common/fans/FansQueryInfo$FansQueryInfoBuilder.class], URL [jar:file:/Users/wulonghui/.m2/repository/com/youzan/account-api/1.1.16-RELEASE/account-api-1.1.16-RELEASE.jar!/com/youzan/uic/api/request/common/fans/FansQueryInfo.class], URL [jar:file:/Users/wulonghui/.m2/repository/com/youzan/account-api/1.1.16-RELEASE/account-api-1.1.16-RELEASE.jar!/com/youzan/uic/api/request/common/FansPlatformType.class], URL [jar:file:/Users/wulonghui/.m2/repository/com/youzan/account-api/1.1.16-RELEASE/account-api-1.1.16-RELEASE.jar!/com/youzan/uic/api/request/QueryUserRequest$QueryUserRequestBuilder.class], URL [jar:file:/Users/wulonghui/.m2/repository/com/youzan/account-api/1.1.16-RELEASE/account-api-1.1.16-RELEASE.jar!/com/youzan/uic/api/request/QueryUserRequest.class], URL [jar:file:/Users/wulonghui/.m2/repository/com/youzan/account-api/1.1.16-RELEASE/account-api-1.1.16-RELEASE.jar!/com/youzan/uic/api/request/security/UserSecurityInfo$UserSecurityInfoBuilder.class], URL [jar:file:/Users/wulonghui/.m2/repository/com/youzan/account-api/1.1.16-RELEASE/account-api-1.1.16-RELEASE.jar!/com/youzan/uic/api/request/security/UserSecurityInfo.class], URL [jar:file:/Users/wulonghui/.m2/repository/com/youzan/account-api/1.1.16-RELEASE/account-api-1.1.16-RELEASE.jar!/com/youzan/uic/api/security/UserSecurityService.class], URL [jar:file:/Users/wulonghui/.m2/repository/com/youzan/account-api/1.1.16-RELEASE/account-api-1.1.16-RELEASE.jar!/com/youzan/uic/api/UserService.class], URL [jar:file:/Users/wulonghui/.m2/repository/com/youzan/common-model/1.0.1-SNAPSHOT/common-model-1.0.1-SNAPSHOT.jar!/com/youzan/api/common/enums/IErrorCode.class], URL [jar:file:/Users/wulonghui/.m2/repository/com/youzan/common-model/1.0.1-SNAPSHOT/common-model-1.0.1-SNAPSHOT.jar!/com/youzan/api/common/request/BaseRequest.class], URL [jar:file:/Users/wulonghui/.m2/repository/com/youzan/common-model/1.0.1-SNAPSHOT/common-model-1.0.1-SNAPSHOT.jar!/com/youzan/api/common/response/BaseResult.class], URL [jar:file:/Users/wulonghui/.m2/repository/com/youzan/common-model/1.0.1-SNAPSHOT/common-model-1.0.1-SNAPSHOT.jar!/com/youzan/api/common/response/CommonResultCode.class], URL [jar:file:/Users/wulonghui/.m2/repository/com/youzan/common-model/1.0.1-SNAPSHOT/common-model-1.0.1-SNAPSHOT.jar!/com/youzan/api/common/response/DataResult.class], URL [jar:file:/Users/wulonghui/.m2/repository/com/youzan/common-model/1.0.1-SNAPSHOT/common-model-1.0.1-SNAPSHOT.jar!/com/youzan/api/common/response/ListResult.class], URL [jar:file:/Users/wulonghui/.m2/repository/com/youzan/common-model/1.0.1-SNAPSHOT/common-model-1.0.1-SNAPSHOT.jar!/com/youzan/api/common/response/MapResult.class], URL [jar:file:/Users/wulonghui/.m2/repository/com/youzan/common-model/1.0.1-SNAPSHOT/common-model-1.0.1-SNAPSHOT.jar!/com/youzan/api/common/response/Paginator.class], URL [jar:file:/Users/wulonghui/.m2/repository/com/youzan/common-model/1.0.1-SNAPSHOT/common-model-1.0.1-SNAPSHOT.jar!/com/youzan/api/common/response/PaginatorResult.class], URL [jar:file:/Users/wulonghui/.m2/repository/com/youzan/common-model/1.0.1-SNAPSHOT/common-model-1.0.1-SNAPSHOT.jar!/com/youzan/api/common/response/PlainResult.class], URL [jar:file:/Users/wulonghui/.m2/repository/com/youzan/common-model/1.0.1-SNAPSHOT/common-model-1.0.1-SNAPSHOT.jar!/com/youzan/api/common/response/SimpleResult.class], URL [jar:file:/Users/wulonghui/.m2/repository/com/youzan/common-model/1.0.1-SNAPSHOT/common-model-1.0.1-SNAPSHOT.jar!/com/youzan/api/common/vo/ListWithPaginatorVO.class], URL [jar:file:/Users/wulonghui/.m2/repository/com/youzan/pay/fund_channel.open-api/1.0.0-20170710-RELEASE/fund_channel.open-api-1.0.0-20170710-RELEASE.jar!/com/youzan/pay/fundchannel/open/api/BankCardService.class], URL [jar:file:/Users/wulonghui/.m2/repository/com/youzan/pay/fund_channel.open-api/1.0.0-20170710-RELEASE/fund_channel.open-api-1.0.0-20170710-RELEASE.jar!/com/youzan/pay/fundchannel/open/enums/BankErrorCode.class], URL [jar:file:/Users/wulonghui/.m2/repository/com/youzan/pay/fund_channel.open-api/1.0.0-20170710-RELEASE/fund_channel.open-api-1.0.0-20170710-RELEASE.jar!/com/youzan/pay/fundchannel/open/enums/ChannelBindStatus.class], URL [jar:file:/Users/wulonghui/.m2/repository/com/youzan/pay/fund_channel.open-api/1.0.0-20170710-RELEASE/fund_channel.open-api-1.0.0-20170710-RELEASE.jar!/com/youzan/pay/fundchannel/open/enums/IdCardType.class], URL [jar:file:/Users/wulonghui/.m2/repository/com/youzan/pay/fund_channel.open-api/1.0.0-20170710-RELEASE/fund_channel.open-api-1.0.0-20170710-RELEASE.jar!/com/youzan/pay/fundchannel/open/enums/SmsType.class], URL [jar:file:/Users/wulonghui/.m2/repository/com/youzan/pay/fund_channel.open-api/1.0.0-20170710-RELEASE/fund_channel.open-api-1.0.0-20170710-RELEASE.jar!/com/youzan/pay/fundchannel/open/model/bankcard/BankBindCheckRequest.class], URL [jar:file:/Users/wulonghui/.m2/repository/com/youzan/pay/fund_channel.open-api/1.0.0-20170710-RELEASE/fund_channel.open-api-1.0.0-20170710-RELEASE.jar!/com/youzan/pay/fundchannel/open/model/bankcard/BankBindCheckResult$Result.class], URL [jar:file:/Users/wulonghui/.m2/repository/com/youzan/pay/fund_channel.open-api/1.0.0-20170710-RELEASE/fund_channel.open-api-1.0.0-20170710-RELEASE.jar!/com/youzan/pay/fundchannel/open/model/bankcard/BankBindCheckResult.class], URL [jar:file:/Users/wulonghui/.m2/repository/com/youzan/pay/fund_channel.open-api/1.0.0-20170710-RELEASE/fund_channel.open-api-1.0.0-20170710-RELEASE.jar!/com/youzan/pay/fundchannel/open/model/bankcard/BankCardCheckRequest.class], URL [jar:file:/Users/wulonghui/.m2/repository/com/youzan/pay/fund_channel.open-api/1.0.0-20170710-RELEASE/fund_channel.open-api-1.0.0-20170710-RELEASE.jar!/com/youzan/pay/fundchannel/open/model/bankcard/BankCardCheckResult.class], URL [jar:file:/Users/wulonghui/.m2/repository/com/youzan/pay/fund_channel.open-api/1.0.0-20170710-RELEASE/fund_channel.open-api-1.0.0-20170710-RELEASE.jar!/com/youzan/pay/fundchannel/open/model/bankcard/BankPayConfirmRequest$BankCardInfo.class], URL [jar:file:/Users/wulonghui/.m2/repository/com/youzan/pay/fund_channel.open-api/1.0.0-20170710-RELEASE/fund_channel.open-api-1.0.0-20170710-RELEASE.jar!/com/youzan/pay/fundchannel/open/model/bankcard/BankPayConfirmRequest.class], URL [jar:file:/Users/wulonghui/.m2/repository/com/youzan/pay/fund_channel.open-api/1.0.0-20170710-RELEASE/fund_channel.open-api-1.0.0-20170710-RELEASE.jar!/com/youzan/pay/fundchannel/open/model/bankcard/BankPayConfirmResult.class], URL [jar:file:/Users/wulonghui/.m2/repository/com/youzan/pay/fund_channel.open-api/1.0.0-20170710-RELEASE/fund_channel.open-api-1.0.0-20170710-RELEASE.jar!/com/youzan/pay/fundchannel/open/model/bankcard/SendSmsRequest.class], URL [jar:file:/Users/wulonghui/.m2/repository/com/youzan/pay/fund_channel.open-api/1.0.0-20170710-RELEASE/fund_channel.open-api-1.0.0-20170710-RELEASE.jar!/com/youzan/pay/fundchannel/open/model/bankcard/SendSmsResult.class], URL [jar:file:/Users/wulonghui/.m2/repository/com/youzan/pay/fund_channel.open-api/1.0.0-20170710-RELEASE/fund_channel.open-api-1.0.0-20170710-RELEASE.jar!/com/youzan/pay/fundchannel/open/model/BaseRequest.class], URL [jar:file:/Users/wulonghui/.m2/repository/com/youzan/pay/fund_channel.open-api/1.0.0-20170710-RELEASE/fund_channel.open-api-1.0.0-20170710-RELEASE.jar!/com/youzan/pay/fundchannel/open/model/BaseResponse.class], URL [jar:file:/Users/wulonghui/.m2/repository/com/youzan/pay/fund_channel.core-commons/1.0.0-20170710-RELEASE/fund_channel.core-commons-1.0.0-20170710-RELEASE.jar!/com/youzan/pay/fundchannel/commons/annotation/AttributeAlias.class], URL [jar:file:/Users/wulonghui/.m2/repository/com/youzan/pay/fund_channel.core-commons/1.0.0-20170710-RELEASE/fund_channel.core-commons-1.0.0-20170710-RELEASE.jar!/com/youzan/pay/fundchannel/commons/component/HttpTools.class], URL [jar:file:/Users/wulonghui/.m2/repository/com/youzan/pay/fund_channel.core-commons/1.0.0-20170710-RELEASE/fund_channel.core-commons-1.0.0-20170710-RELEASE.jar!/com/youzan/pay/fundchannel/commons/constant/GlobalConstants.class], URL [jar:file:/Users/wulonghui/.m2/repository/com/youzan/pay/fund_channel.core-commons/1.0.0-20170710-RELEASE/fund_channel.core-commons-1.0.0-20170710-RELEASE.jar!/com/youzan/pay/fundchannel/commons/enums/BankTypeEnum.class], URL [jar:file:/Users/wulonghui/.m2/repository/com/youzan/pay/fund_channel.core-commons/1.0.0-20170710-RELEASE/fund_channel.core-commons-1.0.0-20170710-RELEASE.jar!/com/youzan/pay/fundchannel/commons/enums/BaseModelStatus.class], URL [jar:file:/Users/wulonghui/.m2/repository/com/youzan/pay/fund_channel.core-commons/1.0.0-20170710-RELEASE/fund_channel.core-commons-1.0.0-20170710-RELEASE.jar!/com/youzan/pay/fundchannel/commons/enums/ChannelFeeType.class], URL [jar:file:/Users/wulonghui/.m2/repository/com/youzan/pay/fund_channel.core-commons/1.0.0-20170710-RELEASE/fund_channel.core-commons-1.0.0-20170710-RELEASE.jar!/com/youzan/pay/fundchannel/commons/enums/CommandType.class], URL [jar:file:/Users/wulonghui/.m2/repository/com/youzan/pay/fund_channel.core-commons/1.0.0-20170710-RELEASE/fund_channel.core-commons-1.0.0-20170710-RELEASE.jar!/com/youzan/pay/fundchannel/commons/enums/CurrencyCode.class], URL [jar:file:/Users/wulonghui/.m2/repository/com/youzan/pay/fund_channel.core-commons/1.0.0-20170710-RELEASE/fund_channel.core-commons-1.0.0-20170710-RELEASE.jar!/com/youzan/pay/fundchannel/commons/enums/ErrorCode.class], URL [jar:file:/Users/wulonghui/.m2/repository/com/youzan/pay/fund_channel.core-commons/1.0.0-20170710-RELEASE/fund_channel.core-commons-1.0.0-20170710-RELEASE.jar!/com/youzan/pay/fundchannel/commons/enums/ErrorType.class], URL [jar:file:/Users/wulonghui/.m2/repository/com/youzan/pay/fund_channel.core-commons/1.0.0-20170710-RELEASE/fund_channel.core-commons-1.0.0-20170710-RELEASE.jar!/com/youzan/pay/fundchannel/commons/enums/Institution.class], URL [jar:file:/Users/wulonghui/.m2/repository/com/youzan/pay/fund_channel.core-commons/1.0.0-20170710-RELEASE/fund_channel.core-commons-1.0.0-20170710-RELEASE.jar!/com/youzan/pay/fundchannel/commons/enums/InstructState.class], URL [jar:file:/Users/wulonghui/.m2/repository/com/youzan/pay/fund_channel.core-commons/1.0.0-20170710-RELEASE/fund_channel.core-commons-1.0.0-20170710-RELEASE.jar!/com/youzan/pay/fundchannel/commons/enums/PartnerCode.class], URL [jar:file:/Users/wulonghui/.m2/repository/com/youzan/pay/fund_channel.core-commons/1.0.0-20170710-RELEASE/fund_channel.core-commons-1.0.0-20170710-RELEASE.jar!/com/youzan/pay/fundchannel/commons/enums/PayChannel.class], URL [jar:file:/Users/wulonghui/.m2/repository/com/youzan/pay/fund_channel.core-commons/1.0.0-20170710-RELEASE/fund_channel.core-commons-1.0.0-20170710-RELEASE.jar!/com/youzan/pay/fundchannel/commons/enums/PayMode.class], URL [jar:file:/Users/wulonghui/.m2/repository/com/youzan/pay/fund_channel.core-commons/1.0.0-20170710-RELEASE/fund_channel.core-commons-1.0.0-20170710-RELEASE.jar!/com/youzan/pay/fundchannel/commons/enums/RedisKey$1.class], URL [jar:file:/Users/wulonghui/.m2/repository/com/youzan/pay/fund_channel.core-commons/1.0.0-20170710-RELEASE/fund_channel.core-commons-1.0.0-20170710-RELEASE.jar!/com/youzan/pay/fundchannel/commons/enums/RedisKey.class], URL [jar:file:/Users/wulonghui/.m2/repository/com/youzan/pay/fund_channel.core-commons/1.0.0-20170710-RELEASE/fund_channel.core-commons-1.0.0-20170710-RELEASE.jar!/com/youzan/pay/fundchannel/commons/enums/SelfPayTypeEnum.class], URL [jar:file:/Users/wulonghui/.m2/repository/com/youzan/pay/fund_channel.core-commons/1.0.0-20170710-RELEASE/fund_channel.core-commons-1.0.0-20170710-RELEASE.jar!/com/youzan/pay/fundchannel/commons/exception/BaseException.class], URL [jar:file:/Users/wulonghui/.m2/repository/com/youzan/pay/fund_channel.core-commons/1.0.0-20170710-RELEASE/fund_channel.core-commons-1.0.0-20170710-RELEASE.jar!/com/youzan/pay/fundchannel/commons/exception/ChannelException.class], URL [jar:file:/Users/wulonghui/.m2/repository/com/youzan/pay/fund_channel.core-commons/1.0.0-20170710-RELEASE/fund_channel.core-commons-1.0.0-20170710-RELEASE.jar!/com/youzan/pay/fundchannel/commons/exception/HttpException.class], URL [jar:file:/Users/wulonghui/.m2/repository/com/youzan/pay/fund_channel.core-commons/1.0.0-20170710-RELEASE/fund_channel.core-commons-1.0.0-20170710-RELEASE.jar!/com/youzan/pay/fundchannel/commons/exception/ServiceException.class], URL [jar:file:/Users/wulonghui/.m2/repository/com/youzan/pay/fund_channel.core-commons/1.0.0-20170710-RELEASE/fund_channel.core-commons-1.0.0-20170710-RELEASE.jar!/com/youzan/pay/fundchannel/commons/utils/AESUtils.class], URL [jar:file:/Users/wulonghui/.m2/repository/com/youzan/pay/fund_channel.core-commons/1.0.0-20170710-RELEASE/fund_channel.core-commons-1.0.0-20170710-RELEASE.jar!/com/youzan/pay/fundchannel/commons/utils/BeanUtils.class], URL [jar:file:/Users/wulonghui/.m2/repository/com/youzan/pay/fund_channel.core-commons/1.0.0-20170710-RELEASE/fund_channel.core-commons-1.0.0-20170710-RELEASE.jar!/com/youzan/pay/fundchannel/commons/utils/DateUtils.class], URL [jar:file:/Users/wulonghui/.m2/repository/com/youzan/pay/fund_channel.core-commons/1.0.0-20170710-RELEASE/fund_channel.core-commons-1.0.0-20170710-RELEASE.jar!/com/youzan/pay/fundchannel/commons/utils/GeneralUtils.class], URL [jar:file:/Users/wulonghui/.m2/repository/com/youzan/pay/fund_channel.core-commons/1.0.0-20170710-RELEASE/fund_channel.core-commons-1.0.0-20170710-RELEASE.jar!/com/youzan/pay/fundchannel/commons/utils/HexUtils.class], URL [jar:file:/Users/wulonghui/.m2/repository/com/youzan/pay/fund_channel.core-commons/1.0.0-20170710-RELEASE/fund_channel.core-commons-1.0.0-20170710-RELEASE.jar!/com/youzan/pay/fundchannel/commons/utils/JsonUtils.class], URL [jar:file:/Users/wulonghui/.m2/repository/com/youzan/pay/fund_channel.core-commons/1.0.0-20170710-RELEASE/fund_channel.core-commons-1.0.0-20170710-RELEASE.jar!/com/youzan/pay/fundchannel/commons/utils/MapConvert.class], URL [jar:file:/Users/wulonghui/.m2/repository/com/youzan/pay/fund_channel.core-commons/1.0.0-20170710-RELEASE/fund_channel.core-commons-1.0.0-20170710-RELEASE.jar!/com/youzan/pay/fundchannel/commons/utils/PreCheckUtils.class], URL [jar:file:/Users/wulonghui/.m2/repository/com/youzan/pay/fund_channel.core-commons/1.0.0-20170710-RELEASE/fund_channel.core-commons-1.0.0-20170710-RELEASE.jar!/com/youzan/pay/fundchannel/commons/utils/PropertyUtils.class], URL [jar:file:/Users/wulonghui/.m2/repository/com/youzan/pay/fund_channel.core-commons/1.0.0-20170710-RELEASE/fund_channel.core-commons-1.0.0-20170710-RELEASE.jar!/com/youzan/pay/fundchannel/commons/utils/ReflectUtil.class], URL [jar:file:/Users/wulonghui/.m2/repository/com/youzan/pay/fund_channel.core-commons/1.0.0-20170710-RELEASE/fund_channel.core-commons-1.0.0-20170710-RELEASE.jar!/com/youzan/pay/fundchannel/commons/utils/StringUtils.class], URL [jar:file:/Users/wulonghui/.m2/repository/com/youzan/pay/fund_channel.core-commons/1.0.0-20170710-RELEASE/fund_channel.core-commons-1.0.0-20170710-RELEASE.jar!/com/youzan/pay/fundchannel/commons/utils/XmlUtil$1.class], URL [jar:file:/Users/wulonghui/.m2/repository/com/youzan/pay/fund_channel.core-commons/1.0.0-20170710-RELEASE/fund_channel.core-commons-1.0.0-20170710-RELEASE.jar!/com/youzan/pay/fundchannel/commons/utils/XmlUtil$MapEntryConverter.class], URL [jar:file:/Users/wulonghui/.m2/repository/com/youzan/pay/fund_channel.core-commons/1.0.0-20170710-RELEASE/fund_channel.core-commons-1.0.0-20170710-RELEASE.jar!/com/youzan/pay/fundchannel/commons/utils/XmlUtil.class], URL [jar:file:/Users/wulonghui/.m2/repository/com/youzan/pay/core/0.2.9-20170710-RELEASE/core-0.2.9-20170710-RELEASE.jar!/com/youzan/pay/core/alarm/Alarm.class], URL [jar:file:/Users/wulonghui/.m2/repository/com/youzan/pay/core/0.2.9-20170710-RELEASE/core-0.2.9-20170710-RELEASE.jar!/com/youzan/pay/core/alarm/bean/AlarmBean.class], URL [jar:file:/Users/wulonghui/.m2/repository/com/youzan/pay/core/0.2.9-20170710-RELEASE/core-0.2.9-20170710-RELEASE.jar!/com/youzan/pay/core/alarm/bean/TimeRangeBean.class], URL [jar:file:/Users/wulonghui/.m2/repository/com/youzan/pay/core/0.2.9-20170710-RELEASE/core-0.2.9-20170710-RELEASE.jar!/com/youzan/pay/core/alarm/bean/WeixinAlarmBean.class], URL [jar:file:/Users/wulonghui/.m2/repository/com/youzan/pay/core/0.2.9-20170710-RELEASE/core-0.2.9-20170710-RELEASE.jar!/com/youzan/pay/core/alarm/helper/WeixinAlarmHelper.class], URL [jar:file:/Users/wulonghui/.m2/repository/com/youzan/pay/core/0.2.9-20170710-RELEASE/core-0.2.9-20170710-RELEASE.jar!/com/youzan/pay/core/alarm/WeixinAlarm.class], URL [jar:file:/Users/wulonghui/.m2/repository/com/youzan/pay/core/0.2.9-20170710-RELEASE/core-0.2.9-20170710-RELEASE.jar!/com/youzan/pay/core/annotation/AutoLogParams.class], URL [jar:file:/Users/wulonghui/.m2/repository/com/youzan/pay/core/0.2.9-20170710-RELEASE/core-0.2.9-20170710-RELEASE.jar!/com/youzan/pay/core/annotation/DataSourceToggle.class], URL [jar:file:/Users/wulonghui/.m2/repository/com/youzan/pay/core/0.2.9-20170710-RELEASE/core-0.2.9-20170710-RELEASE.jar!/com/youzan/pay/core/annotation/Retry.class], URL [jar:file:/Users/wulonghui/.m2/repository/com/youzan/pay/core/0.2.9-20170710-RELEASE/core-0.2.9-20170710-RELEASE.jar!/com/youzan/pay/core/annotation/Validator.class], URL [jar:file:/Users/wulonghui/.m2/repository/com/youzan/pay/core/0.2.9-20170710-RELEASE/core-0.2.9-20170710-RELEASE.jar!/com/youzan/pay/core/aspect/AutoLogParamsAspect.class], URL [jar:file:/Users/wulonghui/.m2/repository/com/youzan/pay/core/0.2.9-20170710-RELEASE/core-0.2.9-20170710-RELEASE.jar!/com/youzan/pay/core/aspect/RetryAspect.class], URL [jar:file:/Users/wulonghui/.m2/repository/com/youzan/pay/core/0.2.9-20170710-RELEASE/core-0.2.9-20170710-RELEASE.jar!/com/youzan/pay/core/bean/Account.class], URL [jar:file:/Users/wulonghui/.m2/repository/com/youzan/pay/core/0.2.9-20170710-RELEASE/core-0.2.9-20170710-RELEASE.jar!/com/youzan/pay/core/bean/Genericable.class], URL [jar:file:/Users/wulonghui/.m2/repository/com/youzan/pay/core/0.2.9-20170710-RELEASE/core-0.2.9-20170710-RELEASE.jar!/com/youzan/pay/core/bean/PageResult.class], URL [jar:file:/Users/wulonghui/.m2/repository/com/youzan/pay/core/0.2.9-20170710-RELEASE/core-0.2.9-20170710-RELEASE.jar!/com/youzan/pay/core/bean/Subjects.class], URL [jar:file:/Users/wulonghui/.m2/repository/com/youzan/pay/core/0.2.9-20170710-RELEASE/core-0.2.9-20170710-RELEASE.jar!/com/youzan/pay/core/bean/ValidationResult.class], URL [jar:file:/Users/wulonghui/.m2/repository/com/youzan/pay/core/0.2.9-20170710-RELEASE/core-0.2.9-20170710-RELEASE.jar!/com/youzan/pay/core/cache/redis/impl/RedisCacheManagerImpl.class], URL [jar:file:/Users/wulonghui/.m2/repository/com/youzan/pay/core/0.2.9-20170710-RELEASE/core-0.2.9-20170710-RELEASE.jar!/com/youzan/pay/core/cache/redis/RedisCacheManager.class], URL [jar:file:/Users/wulonghui/.m2/repository/com/youzan/pay/core/0.2.9-20170710-RELEASE/core-0.2.9-20170710-RELEASE.jar!/com/youzan/pay/core/common/SwitcherEnum.class], URL [jar:file:/Users/wulonghui/.m2/repository/com/youzan/pay/core/0.2.9-20170710-RELEASE/core-0.2.9-20170710-RELEASE.jar!/com/youzan/pay/core/common/TypeReference.class], URL [jar:file:/Users/wulonghui/.m2/repository/com/youzan/pay/core/0.2.9-20170710-RELEASE/core-0.2.9-20170710-RELEASE.jar!/com/youzan/pay/core/config/AccountCurrency.class], URL [jar:file:/Users/wulonghui/.m2/repository/com/youzan/pay/core/0.2.9-20170710-RELEASE/core-0.2.9-20170710-RELEASE.jar!/com/youzan/pay/core/config/AccountFrom.class], URL [jar:file:/Users/wulonghui/.m2/repository/com/youzan/pay/core/0.2.9-20170710-RELEASE/core-0.2.9-20170710-RELEASE.jar!/com/youzan/pay/core/config/AccountingElements$1.class], URL [jar:file:/Users/wulonghui/.m2/repository/com/youzan/pay/core/0.2.9-20170710-RELEASE/core-0.2.9-20170710-RELEASE.jar!/com/youzan/pay/core/config/AccountingElements.class], URL [jar:file:/Users/wulonghui/.m2/repository/com/youzan/pay/core/0.2.9-20170710-RELEASE/core-0.2.9-20170710-RELEASE.jar!/com/youzan/pay/core/config/AccountState.class], URL [jar:file:/Users/wulonghui/.m2/repository/com/youzan/pay/core/0.2.9-20170710-RELEASE/core-0.2.9-20170710-RELEASE.jar!/com/youzan/pay/core/config/AccountType.class], URL [jar:file:/Users/wulonghui/.m2/repository/com/youzan/pay/core/0.2.9-20170710-RELEASE/core-0.2.9-20170710-RELEASE.jar!/com/youzan/pay/core/config/Channel$Type.class], URL [jar:file:/Users/wulonghui/.m2/repository/com/youzan/pay/core/0.2.9-20170710-RELEASE/core-0.2.9-20170710-RELEASE.jar!/com/youzan/pay/core/config/Channel.class], URL [jar:file:/Users/wulonghui/.m2/repository/com/youzan/pay/core/0.2.9-20170710-RELEASE/core-0.2.9-20170710-RELEASE.jar!/com/youzan/pay/core/config/CharsetEnum.class], URL [jar:file:/Users/wulonghui/.m2/repository/com/youzan/pay/core/0.2.9-20170710-RELEASE/core-0.2.9-20170710-RELEASE.jar!/com/youzan/pay/core/config/Currency.class], URL [jar:file:/Users/wulonghui/.m2/repository/com/youzan/pay/core/0.2.9-20170710-RELEASE/core-0.2.9-20170710-RELEASE.jar!/com/youzan/pay/core/config/DebitCredit.class], URL [jar:file:/Users/wulonghui/.m2/repository/com/youzan/pay/core/0.2.9-20170710-RELEASE/core-0.2.9-20170710-RELEASE.jar!/com/youzan/pay/core/config/InOut.class], URL [jar:file:/Users/wulonghui/.m2/repository/com/youzan/pay/core/0.2.9-20170710-RELEASE/core-0.2.9-20170710-RELEASE.jar!/com/youzan/pay/core/config/MerchType.class], URL [jar:file:/Users/wulonghui/.m2/repository/com/youzan/pay/core/0.2.9-20170710-RELEASE/core-0.2.9-20170710-RELEASE.jar!/com/youzan/pay/core/config/MethodEnum.class], URL [jar:file:/Users/wulonghui/.m2/repository/com/youzan/pay/core/0.2.9-20170710-RELEASE/core-0.2.9-20170710-RELEASE.jar!/com/youzan/pay/core/config/PayMethod.class], URL [jar:file:/Users/wulonghui/.m2/repository/com/youzan/pay/core/0.2.9-20170710-RELEASE/core-0.2.9-20170710-RELEASE.jar!/com/youzan/pay/core/config/SubjectsCat.class], URL [jar:file:/Users/wulonghui/.m2/repository/com/youzan/pay/core/0.2.9-20170710-RELEASE/core-0.2.9-20170710-RELEASE.jar!/com/youzan/pay/core/dal/DAOFactoryBean$DAOProxy.class], URL [jar:file:/Users/wulonghui/.m2/repository/com/youzan/pay/core/0.2.9-20170710-RELEASE/core-0.2.9-20170710-RELEASE.jar!/com/youzan/pay/core/dal/DAOFactoryBean.class], URL [jar:file:/Users/wulonghui/.m2/repository/com/youzan/pay/core/0.2.9-20170710-RELEASE/core-0.2.9-20170710-RELEASE.jar!/com/youzan/pay/core/dal/DataSourceSwitcher.class], URL [jar:file:/Users/wulonghui/.m2/repository/com/youzan/pay/core/0.2.9-20170710-RELEASE/core-0.2.9-20170710-RELEASE.jar!/com/youzan/pay/core/dal/DynamicDataSource$1.class], URL [jar:file:/Users/wulonghui/.m2/repository/com/youzan/pay/core/0.2.9-20170710-RELEASE/core-0.2.9-20170710-RELEASE.jar!/com/youzan/pay/core/dal/DynamicDataSource.class], URL [jar:file:/Users/wulonghui/.m2/repository/com/youzan/pay/core/0.2.9-20170710-RELEASE/core-0.2.9-20170710-RELEASE.jar!/com/youzan/pay/core/dal/DynamicTransactionTemplate.class], URL [jar:file:/Users/wulonghui/.m2/repository/com/youzan/pay/core/0.2.9-20170710-RELEASE/core-0.2.9-20170710-RELEASE.jar!/com/youzan/pay/core/exception/BusinessException.class], URL [jar:file:/Users/wulonghui/.m2/repository/com/youzan/pay/core/0.2.9-20170710-RELEASE/core-0.2.9-20170710-RELEASE.jar!/com/youzan/pay/core/exception/NullArgumentException.class], URL [jar:file:/Users/wulonghui/.m2/repository/com/youzan/pay/core/0.2.9-20170710-RELEASE/core-0.2.9-20170710-RELEASE.jar!/com/youzan/pay/core/exception/StringOutOfLengthException.class], URL [jar:file:/Users/wulonghui/.m2/repository/com/youzan/pay/core/0.2.9-20170710-RELEASE/core-0.2.9-20170710-RELEASE.jar!/com/youzan/pay/core/exception/SubjectsException.class], URL [jar:file:/Users/wulonghui/.m2/repository/com/youzan/pay/core/0.2.9-20170710-RELEASE/core-0.2.9-20170710-RELEASE.jar!/com/youzan/pay/core/formatter/Money.class], URL [jar:file:/Users/wulonghui/.m2/repository/com/youzan/pay/core/0.2.9-20170710-RELEASE/core-0.2.9-20170710-RELEASE.jar!/com/youzan/pay/core/formatter/ObjectConvert.class], URL [jar:file:/Users/wulonghui/.m2/repository/com/youzan/pay/core/0.2.9-20170710-RELEASE/core-0.2.9-20170710-RELEASE.jar!/com/youzan/pay/core/log/YZLoggerFactory.class], URL [jar:file:/Users/wulonghui/.m2/repository/com/youzan/pay/core/0.2.9-20170710-RELEASE/core-0.2.9-20170710-RELEASE.jar!/com/youzan/pay/core/nsq/Filter.class], URL [jar:file:/Users/wulonghui/.m2/repository/com/youzan/pay/core/0.2.9-20170710-RELEASE/core-0.2.9-20170710-RELEASE.jar!/com/youzan/pay/core/nsq/NsqConsumer.class], URL [jar:file:/Users/wulonghui/.m2/repository/com/youzan/pay/core/0.2.9-20170710-RELEASE/core-0.2.9-20170710-RELEASE.jar!/com/youzan/pay/core/task/Action.class], URL [jar:file:/Users/wulonghui/.m2/repository/com/youzan/pay/core/0.2.9-20170710-RELEASE/core-0.2.9-20170710-RELEASE.jar!/com/youzan/pay/core/task/Executer.class], URL [jar:file:/Users/wulonghui/.m2/repository/com/youzan/pay/core/0.2.9-20170710-RELEASE/core-0.2.9-20170710-RELEASE.jar!/com/youzan/pay/core/task/impl/nsq/action/AbstractAction.class], URL [jar:file:/Users/wulonghui/.m2/repository/com/youzan/pay/core/0.2.9-20170710-RELEASE/core-0.2.9-20170710-RELEASE.jar!/com/youzan/pay/core/task/impl/nsq/action/ExecuteAction.class], URL [jar:file:/Users/wulonghui/.m2/repository/com/youzan/pay/core/0.2.9-20170710-RELEASE/core-0.2.9-20170710-RELEASE.jar!/com/youzan/pay/core/task/impl/nsq/action/LoadAction.class], URL [jar:file:/Users/wulonghui/.m2/repository/com/youzan/pay/core/0.2.9-20170710-RELEASE/core-0.2.9-20170710-RELEASE.jar!/com/youzan/pay/core/task/impl/nsq/action/SplitAction.class], URL [jar:file:/Users/wulonghui/.m2/repository/com/youzan/pay/core/0.2.9-20170710-RELEASE/core-0.2.9-20170710-RELEASE.jar!/com/youzan/pay/core/task/impl/nsq/NsqSingleEnvFilter.class], URL [jar:file:/Users/wulonghui/.m2/repository/com/youzan/pay/core/0.2.9-20170710-RELEASE/core-0.2.9-20170710-RELEASE.jar!/com/youzan/pay/core/task/impl/nsq/NsqTaskDispatcher.class], URL [jar:file:/Users/wulonghui/.m2/repository/com/youzan/pay/core/0.2.9-20170710-RELEASE/core-0.2.9-20170710-RELEASE.jar!/com/youzan/pay/core/task/impl/nsq/NsqTaskManager$1.class], URL [jar:file:/Users/wulonghui/.m2/repository/com/youzan/pay/core/0.2.9-20170710-RELEASE/core-0.2.9-20170710-RELEASE.jar!/com/youzan/pay/core/task/impl/nsq/NsqTaskManager$ActionTask.class], URL [jar:file:/Users/wulonghui/.m2/repository/com/youzan/pay/core/0.2.9-20170710-RELEASE/core-0.2.9-20170710-RELEASE.jar!/com/youzan/pay/core/task/impl/nsq/NsqTaskManager.class], URL [jar:file:/Users/wulonghui/.m2/repository/com/youzan/pay/core/0.2.9-20170710-RELEASE/core-0.2.9-20170710-RELEASE.jar!/com/youzan/pay/core/task/Loader.class], URL [jar:file:/Users/wulonghui/.m2/repository/com/youzan/pay/core/0.2.9-20170710-RELEASE/core-0.2.9-20170710-RELEASE.jar!/com/youzan/pay/core/task/model/TaskActionEnum.class], URL [jar:file:/Users/wulonghui/.m2/repository/com/youzan/pay/core/0.2.9-20170710-RELEASE/core-0.2.9-20170710-RELEASE.jar!/com/youzan/pay/core/task/model/TaskConfig.class], URL [jar:file:/Users/wulonghui/.m2/repository/com/youzan/pay/core/0.2.9-20170710-RELEASE/core-0.2.9-20170710-RELEASE.jar!/com/youzan/pay/core/task/model/TaskNsqConfig.class], URL [jar:file:/Users/wulonghui/.m2/repository/com/youzan/pay/core/0.2.9-20170710-RELEASE/core-0.2.9-20170710-RELEASE.jar!/com/youzan/pay/core/task/model/TaskNsqEntity.class], URL [jar:file:/Users/wulonghui/.m2/repository/com/youzan/pay/core/0.2.9-20170710-RELEASE/core-0.2.9-20170710-RELEASE.jar!/com/youzan/pay/core/task/model/TaskStatusEnum.class], URL [jar:file:/Users/wulonghui/.m2/repository/com/youzan/pay/core/0.2.9-20170710-RELEASE/core-0.2.9-20170710-RELEASE.jar!/com/youzan/pay/core/task/Monitor.class], URL [jar:file:/Users/wulonghui/.m2/repository/com/youzan/pay/core/0.2.9-20170710-RELEASE/core-0.2.9-20170710-RELEASE.jar!/com/youzan/pay/core/task/Splitor.class], URL [jar:file:/Users/wulonghui/.m2/repository/com/youzan/pay/core/0.2.9-20170710-RELEASE/core-0.2.9-20170710-RELEASE.jar!/com/youzan/pay/core/task/spring/TaskConfigDefinitionParser.class], URL [jar:file:/Users/wulonghui/.m2/repository/com/youzan/pay/core/0.2.9-20170710-RELEASE/core-0.2.9-20170710-RELEASE.jar!/com/youzan/pay/core/task/spring/TaskManagerDefinitionParser.class], URL [jar:file:/Users/wulonghui/.m2/repository/com/youzan/pay/core/0.2.9-20170710-RELEASE/core-0.2.9-20170710-RELEASE.jar!/com/youzan/pay/core/task/spring/TaskNamespaceHandler.class], URL [jar:file:/Users/wulonghui/.m2/repository/com/youzan/pay/core/0.2.9-20170710-RELEASE/core-0.2.9-20170710-RELEASE.jar!/com/youzan/pay/core/task/TaskManager.class], URL [jar:file:/Users/wulonghui/.m2/repository/com/youzan/pay/core/0.2.9-20170710-RELEASE/core-0.2.9-20170710-RELEASE.jar!/com/youzan/pay/core/utils/AcctUtils.class], URL [jar:file:/Users/wulonghui/.m2/repository/com/youzan/pay/core/0.2.9-20170710-RELEASE/core-0.2.9-20170710-RELEASE.jar!/com/youzan/pay/core/utils/AlarmUtils.class], URL [jar:file:/Users/wulonghui/.m2/repository/com/youzan/pay/core/0.2.9-20170710-RELEASE/core-0.2.9-20170710-RELEASE.jar!/com/youzan/pay/core/utils/CommonUtils.class], URL [jar:file:/Users/wulonghui/.m2/repository/com/youzan/pay/core/0.2.9-20170710-RELEASE/core-0.2.9-20170710-RELEASE.jar!/com/youzan/pay/core/utils/DateUtils.class], URL [jar:file:/Users/wulonghui/.m2/repository/com/youzan/pay/core/0.2.9-20170710-RELEASE/core-0.2.9-20170710-RELEASE.jar!/com/youzan/pay/core/utils/HttpOutUtils.class], URL [jar:file:/Users/wulonghui/.m2/repository/com/youzan/pay/core/0.2.9-20170710-RELEASE/core-0.2.9-20170710-RELEASE.jar!/com/youzan/pay/core/utils/HttpUtils.class], URL [jar:file:/Users/wulonghui/.m2/repository/com/youzan/pay/core/0.2.9-20170710-RELEASE/core-0.2.9-20170710-RELEASE.jar!/com/youzan/pay/core/utils/KeyUtils.class], URL [jar:file:/Users/wulonghui/.m2/repository/com/youzan/pay/core/0.2.9-20170710-RELEASE/core-0.2.9-20170710-RELEASE.jar!/com/youzan/pay/core/utils/LogUtils$LogArgEntity.class], URL [jar:file:/Users/wulonghui/.m2/repository/com/youzan/pay/core/0.2.9-20170710-RELEASE/core-0.2.9-20170710-RELEASE.jar!/com/youzan/pay/core/utils/LogUtils.class], URL [jar:file:/Users/wulonghui/.m2/repository/com/youzan/pay/core/0.2.9-20170710-RELEASE/core-0.2.9-20170710-RELEASE.jar!/com/youzan/pay/core/utils/MailUtils.class], URL [jar:file:/Users/wulonghui/.m2/repository/com/youzan/pay/core/0.2.9-20170710-RELEASE/core-0.2.9-20170710-RELEASE.jar!/com/youzan/pay/core/utils/MoneyUtils.class], URL [jar:file:/Users/wulonghui/.m2/repository/com/youzan/pay/core/0.2.9-20170710-RELEASE/core-0.2.9-20170710-RELEASE.jar!/com/youzan/pay/core/utils/MsgFmtUtils.class], URL [jar:file:/Users/wulonghui/.m2/repository/com/youzan/pay/core/0.2.9-20170710-RELEASE/core-0.2.9-20170710-RELEASE.jar!/com/youzan/pay/core/utils/Reflections.class], URL [jar:file:/Users/wulonghui/.m2/repository/com/youzan/pay/core/0.2.9-20170710-RELEASE/core-0.2.9-20170710-RELEASE.jar!/com/youzan/pay/core/utils/Signature$CharCaseType.class], URL [jar:file:/Users/wulonghui/.m2/repository/com/youzan/pay/core/0.2.9-20170710-RELEASE/core-0.2.9-20170710-RELEASE.jar!/com/youzan/pay/core/utils/Signature.class], URL [jar:file:/Users/wulonghui/.m2/repository/com/youzan/pay/core/0.2.9-20170710-RELEASE/core-0.2.9-20170710-RELEASE.jar!/com/youzan/pay/core/utils/SubjectsNoUtils.class], URL [jar:file:/Users/wulonghui/.m2/repository/com/youzan/pay/core/0.2.9-20170710-RELEASE/core-0.2.9-20170710-RELEASE.jar!/com/youzan/pay/core/utils/TracerContextUtils.class], URL [jar:file:/Users/wulonghui/.m2/repository/com/youzan/pay/core/0.2.9-20170710-RELEASE/core-0.2.9-20170710-RELEASE.jar!/com/youzan/pay/core/utils/UnicodeUtils.class], URL [jar:file:/Users/wulonghui/.m2/repository/com/youzan/pay/core/0.2.9-20170710-RELEASE/core-0.2.9-20170710-RELEASE.jar!/com/youzan/pay/core/utils/ValidateUtils.class], URL [jar:file:/Users/wulonghui/.m2/repository/com/youzan/pay/core/0.2.9-20170710-RELEASE/core-0.2.9-20170710-RELEASE.jar!/com/youzan/pay/core/utils/ValidationUtils.class], URL [jar:file:/Users/wulonghui/.m2/repository/com/youzan/pay/core/mq-nsq/1.0.2-20170515-RELEASE/mq-nsq-1.0.2-20170515-RELEASE.jar!/com/youzan/pay/core/exception/NsqRequeueException.class], URL [jar:file:/Users/wulonghui/.m2/repository/com/youzan/pay/core/mq-nsq/1.0.2-20170515-RELEASE/mq-nsq-1.0.2-20170515-RELEASE.jar!/com/youzan/pay/core/nsq/exception/NsqRequeueException.class], URL [jar:file:/Users/wulonghui/.m2/repository/com/youzan/pay/core/mq-nsq/1.0.2-20170515-RELEASE/mq-nsq-1.0.2-20170515-RELEASE.jar!/com/youzan/pay/core/nsq/Filter.class], URL [jar:file:/Users/wulonghui/.m2/repository/com/youzan/pay/core/mq-nsq/1.0.2-20170515-RELEASE/mq-nsq-1.0.2-20170515-RELEASE.jar!/com/youzan/pay/core/nsq/Listener.class], URL [jar:file:/Users/wulonghui/.m2/repository/com/youzan/pay/core/mq-nsq/1.0.2-20170515-RELEASE/mq-nsq-1.0.2-20170515-RELEASE.jar!/com/youzan/pay/core/nsq/NsqConfig.class], URL [jar:file:/Users/wulonghui/.m2/repository/com/youzan/pay/core/mq-nsq/1.0.2-20170515-RELEASE/mq-nsq-1.0.2-20170515-RELEASE.jar!/com/youzan/pay/core/nsq/NsqConsumer.class], URL [jar:file:/Users/wulonghui/.m2/repository/com/youzan/pay/core/mq-nsq/1.0.2-20170515-RELEASE/mq-nsq-1.0.2-20170515-RELEASE.jar!/com/youzan/pay/core/nsq/NsqProducer.class], URL [jar:file:/Users/wulonghui/.m2/repository/com/youzan/pay/core/mq-nsq/1.0.2-20170515-RELEASE/mq-nsq-1.0.2-20170515-RELEASE.jar!/com/youzan/pay/core/nsq/NsqRetryHandler.class], URL [jar:file:/Users/wulonghui/.m2/repository/com/youzan/pay/core/mq-nsq/1.0.2-20170515-RELEASE/mq-nsq-1.0.2-20170515-RELEASE.jar!/com/youzan/pay/core/nsq/spring/NsqConsumerDefinitionParser.class], URL [jar:file:/Users/wulonghui/.m2/repository/com/youzan/pay/core/mq-nsq/1.0.2-20170515-RELEASE/mq-nsq-1.0.2-20170515-RELEASE.jar!/com/youzan/pay/core/nsq/spring/NsqNamespaceHandler.class], URL [jar:file:/Users/wulonghui/.m2/repository/com/youzan/pay/core/mq-nsq/1.0.2-20170515-RELEASE/mq-nsq-1.0.2-20170515-RELEASE.jar!/com/youzan/pay/core/nsq/spring/NsqProducerDefinitionParser.class], URL [jar:file:/Users/wulonghui/.m2/repository/com/youzan/pay/core/mq-nsq/1.0.2-20170515-RELEASE/mq-nsq-1.0.2-20170515-RELEASE.jar!/com/youzan/pay/core/nsq/support/CirculateRetryPolicy.class], URL [jar:file:/Users/wulonghui/.m2/repository/com/youzan/pay/core/mq-nsq/1.0.2-20170515-RELEASE/mq-nsq-1.0.2-20170515-RELEASE.jar!/com/youzan/pay/core/nsq/support/MaxRetryDiscardPolicy.class], URL [jar:file:/Users/wulonghui/.m2/repository/com/youzan/NSQ-Client/2.3.20170406-RELEASE/NSQ-Client-2.3.20170406-RELEASE.jar!/com/youzan/nsq/client/configs/AbstractConfigAccessDomain.class], URL [jar:file:/Users/wulonghui/.m2/repository/com/youzan/NSQ-Client/2.3.20170406-RELEASE/NSQ-Client-2.3.20170406-RELEASE.jar!/com/youzan/nsq/client/configs/AbstractConfigAccessKey.class], URL [jar:file:/Users/wulonghui/.m2/repository/com/youzan/NSQ-Client/2.3.20170406-RELEASE/NSQ-Client-2.3.20170406-RELEASE.jar!/com/youzan/nsq/client/configs/ConfigAccessAgent$IConfigAccessCallback.class], URL [jar:file:/Users/wulonghui/.m2/repository/com/youzan/NSQ-Client/2.3.20170406-RELEASE/NSQ-Client-2.3.20170406-RELEASE.jar!/com/youzan/nsq/client/configs/ConfigAccessAgent.class], URL [jar:file:/Users/wulonghui/.m2/repository/com/youzan/NSQ-Client/2.3.20170406-RELEASE/NSQ-Client-2.3.20170406-RELEASE.jar!/com/youzan/nsq/client/configs/DCCConfigAccessAgent$1.class], URL [jar:file:/Users/wulonghui/.m2/repository/com/youzan/NSQ-Client/2.3.20170406-RELEASE/NSQ-Client-2.3.20170406-RELEASE.jar!/com/youzan/nsq/client/configs/DCCConfigAccessAgent.class], URL [jar:file:/Users/wulonghui/.m2/repository/com/youzan/NSQ-Client/2.3.20170406-RELEASE/NSQ-Client-2.3.20170406-RELEASE.jar!/com/youzan/nsq/client/configs/DCCMigrationConfigAccessDomain.class], URL [jar:file:/Users/wulonghui/.m2/repository/com/youzan/NSQ-Client/2.3.20170406-RELEASE/NSQ-Client-2.3.20170406-RELEASE.jar!/com/youzan/nsq/client/configs/DCCMigrationConfigAccessKey.class], URL [jar:file:/Users/wulonghui/.m2/repository/com/youzan/NSQ-Client/2.3.20170406-RELEASE/NSQ-Client-2.3.20170406-RELEASE.jar!/com/youzan/nsq/client/configs/DCCMigrationControlConfig.class], URL [jar:file:/Users/wulonghui/.m2/repository/com/youzan/NSQ-Client/2.3.20170406-RELEASE/NSQ-Client-2.3.20170406-RELEASE.jar!/com/youzan/nsq/client/configs/DCCSeedLookupdConfig.class], URL [jar:file:/Users/wulonghui/.m2/repository/com/youzan/NSQ-Client/2.3.20170406-RELEASE/NSQ-Client-2.3.20170406-RELEASE.jar!/com/youzan/nsq/client/configs/DCCTraceConfigAccessDomain.class], URL [jar:file:/Users/wulonghui/.m2/repository/com/youzan/NSQ-Client/2.3.20170406-RELEASE/NSQ-Client-2.3.20170406-RELEASE.jar!/com/youzan/nsq/client/configs/DCCTraceConfigAccessKey.class], URL [jar:file:/Users/wulonghui/.m2/repository/com/youzan/NSQ-Client/2.3.20170406-RELEASE/NSQ-Client-2.3.20170406-RELEASE.jar!/com/youzan/nsq/client/configs/DoNothingConfigAccessAgent.class], URL [jar:file:/Users/wulonghui/.m2/repository/com/youzan/NSQ-Client/2.3.20170406-RELEASE/NSQ-Client-2.3.20170406-RELEASE.jar!/com/youzan/nsq/client/configs/ITopicRuleCategory.class], URL [jar:file:/Users/wulonghui/.m2/repository/com/youzan/NSQ-Client/2.3.20170406-RELEASE/NSQ-Client-2.3.20170406-RELEASE.jar!/com/youzan/nsq/client/configs/TopicRuleCategory$1.class], URL [jar:file:/Users/wulonghui/.m2/repository/com/youzan/NSQ-Client/2.3.20170406-RELEASE/NSQ-Client-2.3.20170406-RELEASE.jar!/com/youzan/nsq/client/configs/TopicRuleCategory.class], URL [jar:file:/Users/wulonghui/.m2/repository/com/youzan/NSQ-Client/2.3.20170406-RELEASE/NSQ-Client-2.3.20170406-RELEASE.jar!/com/youzan/nsq/client/Consumer.class], URL [jar:file:/Users/wulonghui/.m2/repository/com/youzan/NSQ-Client/2.3.20170406-RELEASE/NSQ-Client-2.3.20170406-RELEASE.jar!/com/youzan/nsq/client/ConsumerImplV2$1.class], URL [jar:file:/Users/wulonghui/.m2/repository/com/youzan/NSQ-Client/2.3.20170406-RELEASE/NSQ-Client-2.3.20170406-RELEASE.jar!/com/youzan/nsq/client/ConsumerImplV2$2.class], URL [jar:file:/Users/wulonghui/.m2/repository/com/youzan/NSQ-Client/2.3.20170406-RELEASE/NSQ-Client-2.3.20170406-RELEASE.jar!/com/youzan/nsq/client/ConsumerImplV2$3.class], URL [jar:file:/Users/wulonghui/.m2/repository/com/youzan/NSQ-Client/2.3.20170406-RELEASE/NSQ-Client-2.3.20170406-RELEASE.jar!/com/youzan/nsq/client/ConsumerImplV2$4.class], URL [jar:file:/Users/wulonghui/.m2/repository/com/youzan/NSQ-Client/2.3.20170406-RELEASE/NSQ-Client-2.3.20170406-RELEASE.jar!/com/youzan/nsq/client/ConsumerImplV2$5.class], URL [jar:file:/Users/wulonghui/.m2/repository/com/youzan/NSQ-Client/2.3.20170406-RELEASE/NSQ-Client-2.3.20170406-RELEASE.jar!/com/youzan/nsq/client/ConsumerImplV2.class], URL [jar:file:/Users/wulonghui/.m2/repository/com/youzan/NSQ-Client/2.3.20170406-RELEASE/NSQ-Client-2.3.20170406-RELEASE.jar!/com/youzan/nsq/client/core/Client.class], URL [jar:file:/Users/wulonghui/.m2/repository/com/youzan/NSQ-Client/2.3.20170406-RELEASE/NSQ-Client-2.3.20170406-RELEASE.jar!/com/youzan/nsq/client/core/command/Close$1.class], URL [jar:file:/Users/wulonghui/.m2/repository/com/youzan/NSQ-Client/2.3.20170406-RELEASE/NSQ-Client-2.3.20170406-RELEASE.jar!/com/youzan/nsq/client/core/command/Close$Instance.class], URL [jar:file:/Users/wulonghui/.m2/repository/com/youzan/NSQ-Client/2.3.20170406-RELEASE/NSQ-Client-2.3.20170406-RELEASE.jar!/com/youzan/nsq/client/core/command/Close.class], URL [jar:file:/Users/wulonghui/.m2/repository/com/youzan/NSQ-Client/2.3.20170406-RELEASE/NSQ-Client-2.3.20170406-RELEASE.jar!/com/youzan/nsq/client/core/command/Finish.class], URL [jar:file:/Users/wulonghui/.m2/repository/com/youzan/NSQ-Client/2.3.20170406-RELEASE/NSQ-Client-2.3.20170406-RELEASE.jar!/com/youzan/nsq/client/core/command/Identify.class], URL [jar:file:/Users/wulonghui/.m2/repository/com/youzan/NSQ-Client/2.3.20170406-RELEASE/NSQ-Client-2.3.20170406-RELEASE.jar!/com/youzan/nsq/client/core/command/Magic$1.class], URL [jar:file:/Users/wulonghui/.m2/repository/com/youzan/NSQ-Client/2.3.20170406-RELEASE/NSQ-Client-2.3.20170406-RELEASE.jar!/com/youzan/nsq/client/core/command/Magic$Instance.class], URL [jar:file:/Users/wulonghui/.m2/repository/com/youzan/NSQ-Client/2.3.20170406-RELEASE/NSQ-Client-2.3.20170406-RELEASE.jar!/com/youzan/nsq/client/core/command/Magic.class], URL [jar:file:/Users/wulonghui/.m2/repository/com/youzan/NSQ-Client/2.3.20170406-RELEASE/NSQ-Client-2.3.20170406-RELEASE.jar!/com/youzan/nsq/client/core/command/Mpub.class], URL [jar:file:/Users/wulonghui/.m2/repository/com/youzan/NSQ-Client/2.3.20170406-RELEASE/NSQ-Client-2.3.20170406-RELEASE.jar!/com/youzan/nsq/client/core/command/Nop$1.class], URL [jar:file:/Users/wulonghui/.m2/repository/com/youzan/NSQ-Client/2.3.20170406-RELEASE/NSQ-Client-2.3.20170406-RELEASE.jar!/com/youzan/nsq/client/core/command/Nop$Instance.class], URL [jar:file:/Users/wulonghui/.m2/repository/com/youzan/NSQ-Client/2.3.20170406-RELEASE/NSQ-Client-2.3.20170406-RELEASE.jar!/com/youzan/nsq/client/core/command/Nop.class], URL [jar:file:/Users/wulonghui/.m2/repository/com/youzan/NSQ-Client/2.3.20170406-RELEASE/NSQ-Client-2.3.20170406-RELEASE.jar!/com/youzan/nsq/client/core/command/NSQCommand.class], URL [jar:file:/Users/wulonghui/.m2/repository/com/youzan/NSQ-Client/2.3.20170406-RELEASE/NSQ-Client-2.3.20170406-RELEASE.jar!/com/youzan/nsq/client/core/command/PartitionEnable.class], URL [jar:file:/Users/wulonghui/.m2/repository/com/youzan/NSQ-Client/2.3.20170406-RELEASE/NSQ-Client-2.3.20170406-RELEASE.jar!/com/youzan/nsq/client/core/command/Pub.class], URL [jar:file:/Users/wulonghui/.m2/repository/com/youzan/NSQ-Client/2.3.20170406-RELEASE/NSQ-Client-2.3.20170406-RELEASE.jar!/com/youzan/nsq/client/core/command/PubOrdered.class], URL [jar:file:/Users/wulonghui/.m2/repository/com/youzan/NSQ-Client/2.3.20170406-RELEASE/NSQ-Client-2.3.20170406-RELEASE.jar!/com/youzan/nsq/client/core/command/PubTrace.class], URL [jar:file:/Users/wulonghui/.m2/repository/com/youzan/NSQ-Client/2.3.20170406-RELEASE/NSQ-Client-2.3.20170406-RELEASE.jar!/com/youzan/nsq/client/core/command/Rdy.class], URL [jar:file:/Users/wulonghui/.m2/repository/com/youzan/NSQ-Client/2.3.20170406-RELEASE/NSQ-Client-2.3.20170406-RELEASE.jar!/com/youzan/nsq/client/core/command/ReQueue.class], URL [jar:file:/Users/wulonghui/.m2/repository/com/youzan/NSQ-Client/2.3.20170406-RELEASE/NSQ-Client-2.3.20170406-RELEASE.jar!/com/youzan/nsq/client/core/command/Sub.class], URL [jar:file:/Users/wulonghui/.m2/repository/com/youzan/NSQ-Client/2.3.20170406-RELEASE/NSQ-Client-2.3.20170406-RELEASE.jar!/com/youzan/nsq/client/core/command/SubOrdered.class], URL [jar:file:/Users/wulonghui/.m2/repository/com/youzan/NSQ-Client/2.3.20170406-RELEASE/NSQ-Client-2.3.20170406-RELEASE.jar!/com/youzan/nsq/client/core/Feature.class], URL [jar:file:/Users/wulonghui/.m2/repository/com/youzan/NSQ-Client/2.3.20170406-RELEASE/NSQ-Client-2.3.20170406-RELEASE.jar!/com/youzan/nsq/client/core/lookup/LookupService.class], URL [jar:file:/Users/wulonghui/.m2/repository/com/youzan/NSQ-Client/2.3.20170406-RELEASE/NSQ-Client-2.3.20170406-RELEASE.jar!/com/youzan/nsq/client/core/lookup/LookupServiceImpl$1.class], URL [jar:file:/Users/wulonghui/.m2/repository/com/youzan/NSQ-Client/2.3.20170406-RELEASE/NSQ-Client-2.3.20170406-RELEASE.jar!/com/youzan/nsq/client/core/lookup/LookupServiceImpl.class], URL [jar:file:/Users/wulonghui/.m2/repository/com/youzan/NSQ-Client/2.3.20170406-RELEASE/NSQ-Client-2.3.20170406-RELEASE.jar!/com/youzan/nsq/client/core/LookupAddressUpdate$1.class], URL [jar:file:/Users/wulonghui/.m2/repository/com/youzan/NSQ-Client/2.3.20170406-RELEASE/NSQ-Client-2.3.20170406-RELEASE.jar!/com/youzan/nsq/client/core/LookupAddressUpdate$2.class], URL [jar:file:/Users/wulonghui/.m2/repository/com/youzan/NSQ-Client/2.3.20170406-RELEASE/NSQ-Client-2.3.20170406-RELEASE.jar!/com/youzan/nsq/client/core/LookupAddressUpdate$LookupAddressUpdateHandler.class], URL [jar:file:/Users/wulonghui/.m2/repository/com/youzan/NSQ-Client/2.3.20170406-RELEASE/NSQ-Client-2.3.20170406-RELEASE.jar!/com/youzan/nsq/client/core/LookupAddressUpdate.class], URL [jar:file:/Users/wulonghui/.m2/repository/com/youzan/NSQ-Client/2.3.20170406-RELEASE/NSQ-Client-2.3.20170406-RELEASE.jar!/com/youzan/nsq/client/core/NSQConnection.class], URL [jar:file:/Users/wulonghui/.m2/repository/com/youzan/NSQ-Client/2.3.20170406-RELEASE/NSQ-Client-2.3.20170406-RELEASE.jar!/com/youzan/nsq/client/core/NSQConnectionImpl.class], URL [jar:file:/Users/wulonghui/.m2/repository/com/youzan/NSQ-Client/2.3.20170406-RELEASE/NSQ-Client-2.3.20170406-RELEASE.jar!/com/youzan/nsq/client/core/NSQSimpleClient$1.class], URL [jar:file:/Users/wulonghui/.m2/repository/com/youzan/NSQ-Client/2.3.20170406-RELEASE/NSQ-Client-2.3.20170406-RELEASE.jar!/com/youzan/nsq/client/core/NSQSimpleClient$2.class], URL [jar:file:/Users/wulonghui/.m2/repository/com/youzan/NSQ-Client/2.3.20170406-RELEASE/NSQ-Client-2.3.20170406-RELEASE.jar!/com/youzan/nsq/client/core/NSQSimpleClient$3.class], URL [jar:file:/Users/wulonghui/.m2/repository/com/youzan/NSQ-Client/2.3.20170406-RELEASE/NSQ-Client-2.3.20170406-RELEASE.jar!/com/youzan/nsq/client/core/NSQSimpleClient.class], URL [jar:file:/Users/wulonghui/.m2/repository/com/youzan/NSQ-Client/2.3.20170406-RELEASE/NSQ-Client-2.3.20170406-RELEASE.jar!/com/youzan/nsq/client/core/pool/consumer/FixedPool.class], URL [jar:file:/Users/wulonghui/.m2/repository/com/youzan/NSQ-Client/2.3.20170406-RELEASE/NSQ-Client-2.3.20170406-RELEASE.jar!/com/youzan/nsq/client/core/pool/producer/KeyedPooledConnectionFactory.class], URL [jar:file:/Users/wulonghui/.m2/repository/com/youzan/NSQ-Client/2.3.20170406-RELEASE/NSQ-Client-2.3.20170406-RELEASE.jar!/com/youzan/nsq/client/core/RdySpectrum.class], URL [jar:file:/Users/wulonghui/.m2/repository/com/youzan/NSQ-Client/2.3.20170406-RELEASE/NSQ-Client-2.3.20170406-RELEASE.jar!/com/youzan/nsq/client/entity/Address.class], URL [jar:file:/Users/wulonghui/.m2/repository/com/youzan/NSQ-Client/2.3.20170406-RELEASE/NSQ-Client-2.3.20170406-RELEASE.jar!/com/youzan/nsq/client/entity/IPartitionsSelector.class], URL [jar:file:/Users/wulonghui/.m2/repository/com/youzan/NSQ-Client/2.3.20170406-RELEASE/NSQ-Client-2.3.20170406-RELEASE.jar!/com/youzan/nsq/client/entity/lookup/AbstractControlConfig$Gradation.class], URL [jar:file:/Users/wulonghui/.m2/repository/com/youzan/NSQ-Client/2.3.20170406-RELEASE/NSQ-Client-2.3.20170406-RELEASE.jar!/com/youzan/nsq/client/entity/lookup/AbstractControlConfig$Percentage.class], URL [jar:file:/Users/wulonghui/.m2/repository/com/youzan/NSQ-Client/2.3.20170406-RELEASE/NSQ-Client-2.3.20170406-RELEASE.jar!/com/youzan/nsq/client/entity/lookup/AbstractControlConfig.class], URL [jar:file:/Users/wulonghui/.m2/repository/com/youzan/NSQ-Client/2.3.20170406-RELEASE/NSQ-Client-2.3.20170406-RELEASE.jar!/com/youzan/nsq/client/entity/lookup/AbstractLookupdAddress.class], URL [jar:file:/Users/wulonghui/.m2/repository/com/youzan/NSQ-Client/2.3.20170406-RELEASE/NSQ-Client-2.3.20170406-RELEASE.jar!/com/youzan/nsq/client/entity/lookup/AbstractLookupdAddresses.class], URL [jar:file:/Users/wulonghui/.m2/repository/com/youzan/NSQ-Client/2.3.20170406-RELEASE/NSQ-Client-2.3.20170406-RELEASE.jar!/com/youzan/nsq/client/entity/lookup/AbstractLookupdConfig.class], URL [jar:file:/Users/wulonghui/.m2/repository/com/youzan/NSQ-Client/2.3.20170406-RELEASE/NSQ-Client-2.3.20170406-RELEASE.jar!/com/youzan/nsq/client/entity/lookup/AbstractSeedLookupdConfig.class], URL [jar:file:/Users/wulonghui/.m2/repository/com/youzan/NSQ-Client/2.3.20170406-RELEASE/NSQ-Client-2.3.20170406-RELEASE.jar!/com/youzan/nsq/client/entity/lookup/DefaultSeedLookupd.class], URL [jar:file:/Users/wulonghui/.m2/repository/com/youzan/NSQ-Client/2.3.20170406-RELEASE/NSQ-Client-2.3.20170406-RELEASE.jar!/com/youzan/nsq/client/entity/lookup/LookupdAddress.class], URL [jar:file:/Users/wulonghui/.m2/repository/com/youzan/NSQ-Client/2.3.20170406-RELEASE/NSQ-Client-2.3.20170406-RELEASE.jar!/com/youzan/nsq/client/entity/lookup/NSQLookupdAddresses$AddressCompatibility.class], URL [jar:file:/Users/wulonghui/.m2/repository/com/youzan/NSQ-Client/2.3.20170406-RELEASE/NSQ-Client-2.3.20170406-RELEASE.jar!/com/youzan/nsq/client/entity/lookup/NSQLookupdAddresses.class], URL [jar:file:/Users/wulonghui/.m2/repository/com/youzan/NSQ-Client/2.3.20170406-RELEASE/NSQ-Client-2.3.20170406-RELEASE.jar!/com/youzan/nsq/client/entity/lookup/NSQLookupdAddressesPair.class], URL [jar:file:/Users/wulonghui/.m2/repository/com/youzan/NSQ-Client/2.3.20170406-RELEASE/NSQ-Client-2.3.20170406-RELEASE.jar!/com/youzan/nsq/client/entity/lookup/SeedLookupdAddress.class], URL [jar:file:/Users/wulonghui/.m2/repository/com/youzan/NSQ-Client/2.3.20170406-RELEASE/NSQ-Client-2.3.20170406-RELEASE.jar!/com/youzan/nsq/client/entity/Message$1.class], URL [jar:file:/Users/wulonghui/.m2/repository/com/youzan/NSQ-Client/2.3.20170406-RELEASE/NSQ-Client-2.3.20170406-RELEASE.jar!/com/youzan/nsq/client/entity/Message.class], URL [jar:file:/Users/wulonghui/.m2/repository/com/youzan/NSQ-Client/2.3.20170406-RELEASE/NSQ-Client-2.3.20170406-RELEASE.jar!/com/youzan/nsq/client/entity/MigrationPartitionsSelector.class], URL [jar:file:/Users/wulonghui/.m2/repository/com/youzan/NSQ-Client/2.3.20170406-RELEASE/NSQ-Client-2.3.20170406-RELEASE.jar!/com/youzan/nsq/client/entity/NSQConfig$Compression.class], URL [jar:file:/Users/wulonghui/.m2/repository/com/youzan/NSQ-Client/2.3.20170406-RELEASE/NSQ-Client-2.3.20170406-RELEASE.jar!/com/youzan/nsq/client/entity/NSQConfig.class], URL [jar:file:/Users/wulonghui/.m2/repository/com/youzan/NSQ-Client/2.3.20170406-RELEASE/NSQ-Client-2.3.20170406-RELEASE.jar!/com/youzan/nsq/client/entity/NSQMessage.class], URL [jar:file:/Users/wulonghui/.m2/repository/com/youzan/NSQ-Client/2.3.20170406-RELEASE/NSQ-Client-2.3.20170406-RELEASE.jar!/com/youzan/nsq/client/entity/Partitions.class], URL [jar:file:/Users/wulonghui/.m2/repository/com/youzan/NSQ-Client/2.3.20170406-RELEASE/NSQ-Client-2.3.20170406-RELEASE.jar!/com/youzan/nsq/client/entity/Response.class], URL [jar:file:/Users/wulonghui/.m2/repository/com/youzan/NSQ-Client/2.3.20170406-RELEASE/NSQ-Client-2.3.20170406-RELEASE.jar!/com/youzan/nsq/client/entity/Role.class], URL [jar:file:/Users/wulonghui/.m2/repository/com/youzan/NSQ-Client/2.3.20170406-RELEASE/NSQ-Client-2.3.20170406-RELEASE.jar!/com/youzan/nsq/client/entity/SimplePartitionsSelector.class], URL [jar:file:/Users/wulonghui/.m2/repository/com/youzan/NSQ-Client/2.3.20170406-RELEASE/NSQ-Client-2.3.20170406-RELEASE.jar!/com/youzan/nsq/client/entity/Topic$1.class], URL [jar:file:/Users/wulonghui/.m2/repository/com/youzan/NSQ-Client/2.3.20170406-RELEASE/NSQ-Client-2.3.20170406-RELEASE.jar!/com/youzan/nsq/client/entity/Topic.class], URL [jar:file:/Users/wulonghui/.m2/repository/com/youzan/NSQ-Client/2.3.20170406-RELEASE/NSQ-Client-2.3.20170406-RELEASE.jar!/com/youzan/nsq/client/entity/TopicSharding.class], URL [jar:file:/Users/wulonghui/.m2/repository/com/youzan/NSQ-Client/2.3.20170406-RELEASE/NSQ-Client-2.3.20170406-RELEASE.jar!/com/youzan/nsq/client/entity/TraceLogger.class], URL [jar:file:/Users/wulonghui/.m2/repository/com/youzan/NSQ-Client/2.3.20170406-RELEASE/NSQ-Client-2.3.20170406-RELEASE.jar!/com/youzan/nsq/client/exception/ConfigAccessAgentException.class], URL [jar:file:/Users/wulonghui/.m2/repository/com/youzan/NSQ-Client/2.3.20170406-RELEASE/NSQ-Client-2.3.20170406-RELEASE.jar!/com/youzan/nsq/client/exception/ConfigAccessAgentInitializeException.class], URL [jar:file:/Users/wulonghui/.m2/repository/com/youzan/NSQ-Client/2.3.20170406-RELEASE/NSQ-Client-2.3.20170406-RELEASE.jar!/com/youzan/nsq/client/exception/NSQConfigAccessException.class], URL [jar:file:/Users/wulonghui/.m2/repository/com/youzan/NSQ-Client/2.3.20170406-RELEASE/NSQ-Client-2.3.20170406-RELEASE.jar!/com/youzan/nsq/client/exception/NSQDataNodesDownException.class], URL [jar:file:/Users/wulonghui/.m2/repository/com/youzan/NSQ-Client/2.3.20170406-RELEASE/NSQ-Client-2.3.20170406-RELEASE.jar!/com/youzan/nsq/client/exception/NSQException.class], URL [jar:file:/Users/wulonghui/.m2/repository/com/youzan/NSQ-Client/2.3.20170406-RELEASE/NSQ-Client-2.3.20170406-RELEASE.jar!/com/youzan/nsq/client/exception/NSQInvalidDataNodeException.class], URL [jar:file:/Users/wulonghui/.m2/repository/com/youzan/NSQ-Client/2.3.20170406-RELEASE/NSQ-Client-2.3.20170406-RELEASE.jar!/com/youzan/nsq/client/exception/NSQInvalidMessageException.class], URL [jar:file:/Users/wulonghui/.m2/repository/com/youzan/NSQ-Client/2.3.20170406-RELEASE/NSQ-Client-2.3.20170406-RELEASE.jar!/com/youzan/nsq/client/exception/NSQInvalidTopicException.class], URL [jar:file:/Users/wulonghui/.m2/repository/com/youzan/NSQ-Client/2.3.20170406-RELEASE/NSQ-Client-2.3.20170406-RELEASE.jar!/com/youzan/nsq/client/exception/NSQLookupException.class], URL [jar:file:/Users/wulonghui/.m2/repository/com/youzan/NSQ-Client/2.3.20170406-RELEASE/NSQ-Client-2.3.20170406-RELEASE.jar!/com/youzan/nsq/client/exception/NSQNoConnectionException.class], URL [jar:file:/Users/wulonghui/.m2/repository/com/youzan/NSQ-Client/2.3.20170406-RELEASE/NSQ-Client-2.3.20170406-RELEASE.jar!/com/youzan/nsq/client/exception/NSQPartitionNotAvailableException.class], URL [jar:file:/Users/wulonghui/.m2/repository/com/youzan/NSQ-Client/2.3.20170406-RELEASE/NSQ-Client-2.3.20170406-RELEASE.jar!/com/youzan/nsq/client/exception/NSQProducerNotFoundException.class], URL [jar:file:/Users/wulonghui/.m2/repository/com/youzan/NSQ-Client/2.3.20170406-RELEASE/NSQ-Client-2.3.20170406-RELEASE.jar!/com/youzan/nsq/client/exception/NSQPubException.class], URL [jar:file:/Users/wulonghui/.m2/repository/com/youzan/NSQ-Client/2.3.20170406-RELEASE/NSQ-Client-2.3.20170406-RELEASE.jar!/com/youzan/nsq/client/exception/NSQPubFactoryInitializeException.class], URL [jar:file:/Users/wulonghui/.m2/repository/com/youzan/NSQ-Client/2.3.20170406-RELEASE/NSQ-Client-2.3.20170406-RELEASE.jar!/com/youzan/nsq/client/exception/NSQTopicNotFoundException.class], URL [jar:file:/Users/wulonghui/.m2/repository/com/youzan/NSQ-Client/2.3.20170406-RELEASE/NSQ-Client-2.3.20170406-RELEASE.jar!/com/youzan/nsq/client/exception/RetryBusinessException.class], URL [jar:file:/Users/wulonghui/.m2/repository/com/youzan/NSQ-Client/2.3.20170406-RELEASE/NSQ-Client-2.3.20170406-RELEASE.jar!/com/youzan/nsq/client/IConfigAccessSubscriber.class], URL [jar:file:/Users/wulonghui/.m2/repository/com/youzan/NSQ-Client/2.3.20170406-RELEASE/NSQ-Client-2.3.20170406-RELEASE.jar!/com/youzan/nsq/client/IPartitionSelector.class], URL [jar:file:/Users/wulonghui/.m2/repository/com/youzan/NSQ-Client/2.3.20170406-RELEASE/NSQ-Client-2.3.20170406-RELEASE.jar!/com/youzan/nsq/client/MessageHandler.class], URL [jar:file:/Users/wulonghui/.m2/repository/com/youzan/NSQ-Client/2.3.20170406-RELEASE/NSQ-Client-2.3.20170406-RELEASE.jar!/com/youzan/nsq/client/MessageMetadata.class], URL [jar:file:/Users/wulonghui/.m2/repository/com/youzan/NSQ-Client/2.3.20170406-RELEASE/NSQ-Client-2.3.20170406-RELEASE.jar!/com/youzan/nsq/client/network/frame/ErrorFrame.class], URL [jar:file:/Users/wulonghui/.m2/repository/com/youzan/NSQ-Client/2.3.20170406-RELEASE/NSQ-Client-2.3.20170406-RELEASE.jar!/com/youzan/nsq/client/network/frame/MessageFrame.class], URL [jar:file:/Users/wulonghui/.m2/repository/com/youzan/NSQ-Client/2.3.20170406-RELEASE/NSQ-Client-2.3.20170406-RELEASE.jar!/com/youzan/nsq/client/network/frame/NSQFrame$FrameType.class], URL [jar:file:/Users/wulonghui/.m2/repository/com/youzan/NSQ-Client/2.3.20170406-RELEASE/NSQ-Client-2.3.20170406-RELEASE.jar!/com/youzan/nsq/client/network/frame/NSQFrame.class], URL [jar:file:/Users/wulonghui/.m2/repository/com/youzan/NSQ-Client/2.3.20170406-RELEASE/NSQ-Client-2.3.20170406-RELEASE.jar!/com/youzan/nsq/client/network/frame/OrderedMessageFrame.class], URL [jar:file:/Users/wulonghui/.m2/repository/com/youzan/NSQ-Client/2.3.20170406-RELEASE/NSQ-Client-2.3.20170406-RELEASE.jar!/com/youzan/nsq/client/network/frame/ResponseFrame.class], URL [jar:file:/Users/wulonghui/.m2/repository/com/youzan/NSQ-Client/2.3.20170406-RELEASE/NSQ-Client-2.3.20170406-RELEASE.jar!/com/youzan/nsq/client/network/netty/NSQClientInitializer.class], URL [jar:file:/Users/wulonghui/.m2/repository/com/youzan/NSQ-Client/2.3.20170406-RELEASE/NSQ-Client-2.3.20170406-RELEASE.jar!/com/youzan/nsq/client/network/netty/NSQDecoder.class], URL [jar:file:/Users/wulonghui/.m2/repository/com/youzan/NSQ-Client/2.3.20170406-RELEASE/NSQ-Client-2.3.20170406-RELEASE.jar!/com/youzan/nsq/client/network/netty/NSQEncoder.class], URL [jar:file:/Users/wulonghui/.m2/repository/com/youzan/NSQ-Client/2.3.20170406-RELEASE/NSQ-Client-2.3.20170406-RELEASE.jar!/com/youzan/nsq/client/network/netty/NSQFeatureDetectionHandler.class], URL [jar:file:/Users/wulonghui/.m2/repository/com/youzan/NSQ-Client/2.3.20170406-RELEASE/NSQ-Client-2.3.20170406-RELEASE.jar!/com/youzan/nsq/client/network/netty/NSQHandler$1.class], URL [jar:file:/Users/wulonghui/.m2/repository/com/youzan/NSQ-Client/2.3.20170406-RELEASE/NSQ-Client-2.3.20170406-RELEASE.jar!/com/youzan/nsq/client/network/netty/NSQHandler.class], URL [jar:file:/Users/wulonghui/.m2/repository/com/youzan/NSQ-Client/2.3.20170406-RELEASE/NSQ-Client-2.3.20170406-RELEASE.jar!/com/youzan/nsq/client/Producer.class], URL [jar:file:/Users/wulonghui/.m2/repository/com/youzan/NSQ-Client/2.3.20170406-RELEASE/NSQ-Client-2.3.20170406-RELEASE.jar!/com/youzan/nsq/client/ProducerImplV2$1.class], URL [jar:file:/Users/wulonghui/.m2/repository/com/youzan/NSQ-Client/2.3.20170406-RELEASE/NSQ-Client-2.3.20170406-RELEASE.jar!/com/youzan/nsq/client/ProducerImplV2$2.class], URL [jar:file:/Users/wulonghui/.m2/repository/com/youzan/NSQ-Client/2.3.20170406-RELEASE/NSQ-Client-2.3.20170406-RELEASE.jar!/com/youzan/nsq/client/ProducerImplV2.class], URL [jar:file:/Users/wulonghui/.m2/repository/com/youzan/NSQ-Client/2.3.20170406-RELEASE/NSQ-Client-2.3.20170406-RELEASE.jar!/com/youzan/nsq/client/PropertyNotFoundException.class], URL [jar:file:/Users/wulonghui/.m2/repository/com/youzan/NSQ-Client/2.3.20170406-RELEASE/NSQ-Client-2.3.20170406-RELEASE.jar!/com/youzan/nsq/client/PubCmdFactory$1.class], URL [jar:file:/Users/wulonghui/.m2/repository/com/youzan/NSQ-Client/2.3.20170406-RELEASE/NSQ-Client-2.3.20170406-RELEASE.jar!/com/youzan/nsq/client/PubCmdFactory.class], URL [jar:file:/Users/wulonghui/.m2/repository/com/youzan/NSQ-Client/2.3.20170406-RELEASE/NSQ-Client-2.3.20170406-RELEASE.jar!/com/youzan/nsq/client/Version.class], URL [jar:file:/Users/wulonghui/.m2/repository/com/youzan/NSQ-Client/2.3.20170406-RELEASE/NSQ-Client-2.3.20170406-RELEASE.jar!/com/youzan/util/ConcurrentSortedSet.class], URL [jar:file:/Users/wulonghui/.m2/repository/com/youzan/NSQ-Client/2.3.20170406-RELEASE/NSQ-Client-2.3.20170406-RELEASE.jar!/com/youzan/util/HostUtil.class], URL [jar:file:/Users/wulonghui/.m2/repository/com/youzan/NSQ-Client/2.3.20170406-RELEASE/NSQ-Client-2.3.20170406-RELEASE.jar!/com/youzan/util/IOUtil.class], URL [jar:file:/Users/wulonghui/.m2/repository/com/youzan/NSQ-Client/2.3.20170406-RELEASE/NSQ-Client-2.3.20170406-RELEASE.jar!/com/youzan/util/IPUtil.class], URL [jar:file:/Users/wulonghui/.m2/repository/com/youzan/NSQ-Client/2.3.20170406-RELEASE/NSQ-Client-2.3.20170406-RELEASE.jar!/com/youzan/util/Lists$1.class], URL [jar:file:/Users/wulonghui/.m2/repository/com/youzan/NSQ-Client/2.3.20170406-RELEASE/NSQ-Client-2.3.20170406-RELEASE.jar!/com/youzan/util/Lists$Partition.class], URL [jar:file:/Users/wulonghui/.m2/repository/com/youzan/NSQ-Client/2.3.20170406-RELEASE/NSQ-Client-2.3.20170406-RELEASE.jar!/com/youzan/util/Lists$RandomAccessPartition.class], URL [jar:file:/Users/wulonghui/.m2/repository/com/youzan/NSQ-Client/2.3.20170406-RELEASE/NSQ-Client-2.3.20170406-RELEASE.jar!/com/youzan/util/Lists.class], URL [jar:file:/Users/wulonghui/.m2/repository/com/youzan/NSQ-Client/2.3.20170406-RELEASE/NSQ-Client-2.3.20170406-RELEASE.jar!/com/youzan/util/NamedThreadFactory$1.class], URL [jar:file:/Users/wulonghui/.m2/repository/com/youzan/NSQ-Client/2.3.20170406-RELEASE/NSQ-Client-2.3.20170406-RELEASE.jar!/com/youzan/util/NamedThreadFactory.class], URL [jar:file:/Users/wulonghui/.m2/repository/com/youzan/NSQ-Client/2.3.20170406-RELEASE/NSQ-Client-2.3.20170406-RELEASE.jar!/com/youzan/util/NotThreadSafe.class], URL [jar:file:/Users/wulonghui/.m2/repository/com/youzan/NSQ-Client/2.3.20170406-RELEASE/NSQ-Client-2.3.20170406-RELEASE.jar!/com/youzan/util/SystemUtil.class], URL [jar:file:/Users/wulonghui/.m2/repository/com/youzan/NSQ-Client/2.3.20170406-RELEASE/NSQ-Client-2.3.20170406-RELEASE.jar!/com/youzan/util/ThreadSafe.class], URL [jar:file:/Users/wulonghui/.m2/repository/com/youzan/DCC-Client/1.1.0330-RELEASE/DCC-Client-1.1.0330-RELEASE.jar!/com/youzan/dcc/client/cache/CacheBackupWorker$CacheSyncJob.class], URL [jar:file:/Users/wulonghui/.m2/repository/com/youzan/DCC-Client/1.1.0330-RELEASE/DCC-Client-1.1.0330-RELEASE.jar!/com/youzan/dcc/client/cache/CacheBackupWorker$LineJob.class], URL [jar:file:/Users/wulonghui/.m2/repository/com/youzan/DCC-Client/1.1.0330-RELEASE/DCC-Client-1.1.0330-RELEASE.jar!/com/youzan/dcc/client/cache/CacheBackupWorker.class], URL [jar:file:/Users/wulonghui/.m2/repository/com/youzan/DCC-Client/1.1.0330-RELEASE/DCC-Client-1.1.0330-RELEASE.jar!/com/youzan/dcc/client/cache/ConfigCacheManager.class], URL [jar:file:/Users/wulonghui/.m2/repository/com/youzan/DCC-Client/1.1.0330-RELEASE/DCC-Client-1.1.0330-RELEASE.jar!/com/youzan/dcc/client/cache/interfaces/IBackupable.class], URL [jar:file:/Users/wulonghui/.m2/repository/com/youzan/DCC-Client/1.1.0330-RELEASE/DCC-Client-1.1.0330-RELEASE.jar!/com/youzan/dcc/client/ConfigClient$ResponseCallbackWrapper.class], URL [jar:file:/Users/wulonghui/.m2/repository/com/youzan/DCC-Client/1.1.0330-RELEASE/DCC-Client-1.1.0330-RELEASE.jar!/com/youzan/dcc/client/ConfigClient.class], URL [jar:file:/Users/wulonghui/.m2/repository/com/youzan/DCC-Client/1.1.0330-RELEASE/DCC-Client-1.1.0330-RELEASE.jar!/com/youzan/dcc/client/ConfigClientBuilder.class], URL [jar:file:/Users/wulonghui/.m2/repository/com/youzan/DCC-Client/1.1.0330-RELEASE/DCC-Client-1.1.0330-RELEASE.jar!/com/youzan/dcc/client/connection/ConnectionManager$1$1.class], URL [jar:file:/Users/wulonghui/.m2/repository/com/youzan/DCC-Client/1.1.0330-RELEASE/DCC-Client-1.1.0330-RELEASE.jar!/com/youzan/dcc/client/connection/ConnectionManager$1.class], URL [jar:file:/Users/wulonghui/.m2/repository/com/youzan/DCC-Client/1.1.0330-RELEASE/DCC-Client-1.1.0330-RELEASE.jar!/com/youzan/dcc/client/connection/ConnectionManager.class], URL [jar:file:/Users/wulonghui/.m2/repository/com/youzan/DCC-Client/1.1.0330-RELEASE/DCC-Client-1.1.0330-RELEASE.jar!/com/youzan/dcc/client/connection/DCCConnectionManager$AbstractRetryCallback$ConfigRequestKey.class], URL [jar:file:/Users/wulonghui/.m2/repository/com/youzan/DCC-Client/1.1.0330-RELEASE/DCC-Client-1.1.0330-RELEASE.jar!/com/youzan/dcc/client/connection/DCCConnectionManager$AbstractRetryCallback.class], URL [jar:file:/Users/wulonghui/.m2/repository/com/youzan/DCC-Client/1.1.0330-RELEASE/DCC-Client-1.1.0330-RELEASE.jar!/com/youzan/dcc/client/connection/DCCConnectionManager$RetryCallback.class], URL [jar:file:/Users/wulonghui/.m2/repository/com/youzan/DCC-Client/1.1.0330-RELEASE/DCC-Client-1.1.0330-RELEASE.jar!/com/youzan/dcc/client/connection/DCCConnectionManager$RetryGETCallback.class], URL [jar:file:/Users/wulonghui/.m2/repository/com/youzan/DCC-Client/1.1.0330-RELEASE/DCC-Client-1.1.0330-RELEASE.jar!/com/youzan/dcc/client/connection/DCCConnectionManager$RetrySUBCallback.class], URL [jar:file:/Users/wulonghui/.m2/repository/com/youzan/DCC-Client/1.1.0330-RELEASE/DCC-Client-1.1.0330-RELEASE.jar!/com/youzan/dcc/client/connection/DCCConnectionManager.class], URL [jar:file:/Users/wulonghui/.m2/repository/com/youzan/DCC-Client/1.1.0330-RELEASE/DCC-Client-1.1.0330-RELEASE.jar!/com/youzan/dcc/client/connection/NamedThreadFactory$1.class], URL [jar:file:/Users/wulonghui/.m2/repository/com/youzan/DCC-Client/1.1.0330-RELEASE/DCC-Client-1.1.0330-RELEASE.jar!/com/youzan/dcc/client/connection/NamedThreadFactory.class], URL [jar:file:/Users/wulonghui/.m2/repository/com/youzan/DCC-Client/1.1.0330-RELEASE/DCC-Client-1.1.0330-RELEASE.jar!/com/youzan/dcc/client/entity/CallbackSubscribe$1.class], URL [jar:file:/Users/wulonghui/.m2/repository/com/youzan/DCC-Client/1.1.0330-RELEASE/DCC-Client-1.1.0330-RELEASE.jar!/com/youzan/dcc/client/entity/CallbackSubscribe$Status.class], URL [jar:file:/Users/wulonghui/.m2/repository/com/youzan/DCC-Client/1.1.0330-RELEASE/DCC-Client-1.1.0330-RELEASE.jar!/com/youzan/dcc/client/entity/CallbackSubscribe.class], URL [jar:file:/Users/wulonghui/.m2/repository/com/youzan/DCC-Client/1.1.0330-RELEASE/DCC-Client-1.1.0330-RELEASE.jar!/com/youzan/dcc/client/entity/command/AbstractCommand.class], URL [jar:file:/Users/wulonghui/.m2/repository/com/youzan/DCC-Client/1.1.0330-RELEASE/DCC-Client-1.1.0330-RELEASE.jar!/com/youzan/dcc/client/entity/command/Delete.class], URL [jar:file:/Users/wulonghui/.m2/repository/com/youzan/DCC-Client/1.1.0330-RELEASE/DCC-Client-1.1.0330-RELEASE.jar!/com/youzan/dcc/client/entity/command/interfaces/ICommand.class], URL [jar:file:/Users/wulonghui/.m2/repository/com/youzan/DCC-Client/1.1.0330-RELEASE/DCC-Client-1.1.0330-RELEASE.jar!/com/youzan/dcc/client/entity/command/Publish.class], URL [jar:file:/Users/wulonghui/.m2/repository/com/youzan/DCC-Client/1.1.0330-RELEASE/DCC-Client-1.1.0330-RELEASE.jar!/com/youzan/dcc/client/entity/command/Subscribe.class], URL [jar:file:/Users/wulonghui/.m2/repository/com/youzan/DCC-Client/1.1.0330-RELEASE/DCC-Client-1.1.0330-RELEASE.jar!/com/youzan/dcc/client/entity/config/AbstractConfig$ConfigRequestField.class], URL [jar:file:/Users/wulonghui/.m2/repository/com/youzan/DCC-Client/1.1.0330-RELEASE/DCC-Client-1.1.0330-RELEASE.jar!/com/youzan/dcc/client/entity/config/AbstractConfig.class], URL [jar:file:/Users/wulonghui/.m2/repository/com/youzan/DCC-Client/1.1.0330-RELEASE/DCC-Client-1.1.0330-RELEASE.jar!/com/youzan/dcc/client/entity/config/Config$ConfigField.class], URL [jar:file:/Users/wulonghui/.m2/repository/com/youzan/DCC-Client/1.1.0330-RELEASE/DCC-Client-1.1.0330-RELEASE.jar!/com/youzan/dcc/client/entity/config/Config$ConfigType.class], URL [jar:file:/Users/wulonghui/.m2/repository/com/youzan/DCC-Client/1.1.0330-RELEASE/DCC-Client-1.1.0330-RELEASE.jar!/com/youzan/dcc/client/entity/config/Config.class], URL [jar:file:/Users/wulonghui/.m2/repository/com/youzan/DCC-Client/1.1.0330-RELEASE/DCC-Client-1.1.0330-RELEASE.jar!/com/youzan/dcc/client/entity/config/ConfigBuilder.class], URL [jar:file:/Users/wulonghui/.m2/repository/com/youzan/DCC-Client/1.1.0330-RELEASE/DCC-Client-1.1.0330-RELEASE.jar!/com/youzan/dcc/client/entity/config/ConfigRequest.class], URL [jar:file:/Users/wulonghui/.m2/repository/com/youzan/DCC-Client/1.1.0330-RELEASE/DCC-Client-1.1.0330-RELEASE.jar!/com/youzan/dcc/client/entity/config/ConfigRequestBuilder.class], URL [jar:file:/Users/wulonghui/.m2/repository/com/youzan/DCC-Client/1.1.0330-RELEASE/DCC-Client-1.1.0330-RELEASE.jar!/com/youzan/dcc/client/entity/config/interfaces/IDCCConfig.class], URL [jar:file:/Users/wulonghui/.m2/repository/com/youzan/DCC-Client/1.1.0330-RELEASE/DCC-Client-1.1.0330-RELEASE.jar!/com/youzan/dcc/client/entity/config/interfaces/IDCCResponse.class], URL [jar:file:/Users/wulonghui/.m2/repository/com/youzan/DCC-Client/1.1.0330-RELEASE/DCC-Client-1.1.0330-RELEASE.jar!/com/youzan/dcc/client/entity/config/interfaces/IResponseCallback.class], URL [jar:file:/Users/wulonghui/.m2/repository/com/youzan/DCC-Client/1.1.0330-RELEASE/DCC-Client-1.1.0330-RELEASE.jar!/com/youzan/dcc/client/entity/config/interfaces/IStatus$Status.class], URL [jar:file:/Users/wulonghui/.m2/repository/com/youzan/DCC-Client/1.1.0330-RELEASE/DCC-Client-1.1.0330-RELEASE.jar!/com/youzan/dcc/client/entity/config/interfaces/IStatus.class], URL [jar:file:/Users/wulonghui/.m2/repository/com/youzan/DCC-Client/1.1.0330-RELEASE/DCC-Client-1.1.0330-RELEASE.jar!/com/youzan/dcc/client/entity/ConfigPair.class], URL [jar:file:/Users/wulonghui/.m2/repository/com/youzan/DCC-Client/1.1.0330-RELEASE/DCC-Client-1.1.0330-RELEASE.jar!/com/youzan/dcc/client/entity/ConnectionStatus.class], URL [jar:file:/Users/wulonghui/.m2/repository/com/youzan/DCC-Client/1.1.0330-RELEASE/DCC-Client-1.1.0330-RELEASE.jar!/com/youzan/dcc/client/entity/PoolingResponseCallback.class], URL [jar:file:/Users/wulonghui/.m2/repository/com/youzan/DCC-Client/1.1.0330-RELEASE/DCC-Client-1.1.0330-RELEASE.jar!/com/youzan/dcc/client/entity/SubscribePoolingManager$1.class], URL [jar:file:/Users/wulonghui/.m2/repository/com/youzan/DCC-Client/1.1.0330-RELEASE/DCC-Client-1.1.0330-RELEASE.jar!/com/youzan/dcc/client/entity/SubscribePoolingManager$2.class], URL [jar:file:/Users/wulonghui/.m2/repository/com/youzan/DCC-Client/1.1.0330-RELEASE/DCC-Client-1.1.0330-RELEASE.jar!/com/youzan/dcc/client/entity/SubscribePoolingManager$ConfigPairsKey.class], URL [jar:file:/Users/wulonghui/.m2/repository/com/youzan/DCC-Client/1.1.0330-RELEASE/DCC-Client-1.1.0330-RELEASE.jar!/com/youzan/dcc/client/entity/SubscribePoolingManager.class], URL [jar:file:/Users/wulonghui/.m2/repository/com/youzan/DCC-Client/1.1.0330-RELEASE/DCC-Client-1.1.0330-RELEASE.jar!/com/youzan/dcc/client/exceptions/CallBackException.class], URL [jar:file:/Users/wulonghui/.m2/repository/com/youzan/DCC-Client/1.1.0330-RELEASE/DCC-Client-1.1.0330-RELEASE.jar!/com/youzan/dcc/client/exceptions/ClientException.class], URL [jar:file:/Users/wulonghui/.m2/repository/com/youzan/DCC-Client/1.1.0330-RELEASE/DCC-Client-1.1.0330-RELEASE.jar!/com/youzan/dcc/client/exceptions/ClientRuntimeException.class], URL [jar:file:/Users/wulonghui/.m2/repository/com/youzan/DCC-Client/1.1.0330-RELEASE/DCC-Client-1.1.0330-RELEASE.jar!/com/youzan/dcc/client/exceptions/ConfigParserException.class], URL [jar:file:/Users/wulonghui/.m2/repository/com/youzan/DCC-Client/1.1.0330-RELEASE/DCC-Client-1.1.0330-RELEASE.jar!/com/youzan/dcc/client/exceptions/InvalidConfigException.class], URL [jar:file:/Users/wulonghui/.m2/repository/com/youzan/DCC-Client/1.1.0330-RELEASE/DCC-Client-1.1.0330-RELEASE.jar!/com/youzan/dcc/client/IConfigClient.class], URL [jar:file:/Users/wulonghui/.m2/repository/com/youzan/DCC-Client/1.1.0330-RELEASE/DCC-Client-1.1.0330-RELEASE.jar!/com/youzan/dcc/client/util/AbstractDCCConfigBuilder.class], URL [jar:file:/Users/wulonghui/.m2/repository/com/youzan/DCC-Client/1.1.0330-RELEASE/DCC-Client-1.1.0330-RELEASE.jar!/com/youzan/dcc/client/util/inetrfaces/ClientConfig.class], URL [jar:file:/Users/wulonghui/.m2/repository/com/youzan/DCC-Client/1.1.0330-RELEASE/DCC-Client-1.1.0330-RELEASE.jar!/com/youzan/dcc/client/util/inetrfaces/IConfig.class], URL [jar:file:/Users/wulonghui/.m2/repository/com/youzan/DCC-Client/1.1.0330-RELEASE/DCC-Client-1.1.0330-RELEASE.jar!/com/youzan/dcc/client/util/SystemUtils.class], URL [jar:file:/Users/wulonghui/.m2/repository/com/youzan/DCC-Client/1.1.0330-RELEASE/DCC-Client-1.1.0330-RELEASE.jar!/com/youzan/dcc/client/Version.class], URL [jar:file:/Users/wulonghui/.m2/repository/com/youzan/httpasyncclient/4.1.2-RELEASE/httpasyncclient-4.1.2-RELEASE.jar!/com/youzan/http/impl/nio/client/AbstractClientExchangeHandler$1.class], URL [jar:file:/Users/wulonghui/.m2/repository/com/youzan/httpasyncclient/4.1.2-RELEASE/httpasyncclient-4.1.2-RELEASE.jar!/com/youzan/http/impl/nio/client/AbstractClientExchangeHandler.class], URL [jar:file:/Users/wulonghui/.m2/repository/com/youzan/httpasyncclient/4.1.2-RELEASE/httpasyncclient-4.1.2-RELEASE.jar!/com/youzan/http/impl/nio/client/AbstractHttpAsyncClient$1.class], URL [jar:file:/Users/wulonghui/.m2/repository/com/youzan/httpasyncclient/4.1.2-RELEASE/httpasyncclient-4.1.2-RELEASE.jar!/com/youzan/http/impl/nio/client/AbstractHttpAsyncClient.class], URL [jar:file:/Users/wulonghui/.m2/repository/com/youzan/httpasyncclient/4.1.2-RELEASE/httpasyncclient-4.1.2-RELEASE.jar!/com/youzan/http/impl/nio/client/CloseableHttpAsyncClient.class], URL [jar:file:/Users/wulonghui/.m2/repository/com/youzan/httpasyncclient/4.1.2-RELEASE/httpasyncclient-4.1.2-RELEASE.jar!/com/youzan/http/impl/nio/client/CloseableHttpAsyncClientBase$1.class], URL [jar:file:/Users/wulonghui/.m2/repository/com/youzan/httpasyncclient/4.1.2-RELEASE/httpasyncclient-4.1.2-RELEASE.jar!/com/youzan/http/impl/nio/client/CloseableHttpAsyncClientBase$Status.class], URL [jar:file:/Users/wulonghui/.m2/repository/com/youzan/httpasyncclient/4.1.2-RELEASE/httpasyncclient-4.1.2-RELEASE.jar!/com/youzan/http/impl/nio/client/CloseableHttpAsyncClientBase.class], URL [jar:file:/Users/wulonghui/.m2/repository/com/youzan/httpasyncclient/4.1.2-RELEASE/httpasyncclient-4.1.2-RELEASE.jar!/com/youzan/http/impl/nio/client/CloseableHttpPipeliningClient.class], URL [jar:file:/Users/wulonghui/.m2/repository/com/youzan/httpasyncclient/4.1.2-RELEASE/httpasyncclient-4.1.2-RELEASE.jar!/com/youzan/http/impl/nio/client/DefaultAsyncRequestDirector$1.class], URL [jar:file:/Users/wulonghui/.m2/repository/com/youzan/httpasyncclient/4.1.2-RELEASE/httpasyncclient-4.1.2-RELEASE.jar!/com/youzan/http/impl/nio/client/DefaultAsyncRequestDirector$InternalFutureCallback.class], URL [jar:file:/Users/wulonghui/.m2/repository/com/youzan/httpasyncclient/4.1.2-RELEASE/httpasyncclient-4.1.2-RELEASE.jar!/com/youzan/http/impl/nio/client/DefaultAsyncRequestDirector.class], URL [jar:file:/Users/wulonghui/.m2/repository/com/youzan/httpasyncclient/4.1.2-RELEASE/httpasyncclient-4.1.2-RELEASE.jar!/com/youzan/http/impl/nio/client/DefaultAsyncUserTokenHandler.class], URL [jar:file:/Users/wulonghui/.m2/repository/com/youzan/httpasyncclient/4.1.2-RELEASE/httpasyncclient-4.1.2-RELEASE.jar!/com/youzan/http/impl/nio/client/DefaultClientExchangeHandlerImpl.class], URL [jar:file:/Users/wulonghui/.m2/repository/com/youzan/httpasyncclient/4.1.2-RELEASE/httpasyncclient-4.1.2-RELEASE.jar!/com/youzan/http/impl/nio/client/DefaultHttpAsyncClient.class], URL [jar:file:/Users/wulonghui/.m2/repository/com/youzan/httpasyncclient/4.1.2-RELEASE/httpasyncclient-4.1.2-RELEASE.jar!/com/youzan/http/impl/nio/client/DefaultResultCallback.class], URL [jar:file:/Users/wulonghui/.m2/repository/com/youzan/httpasyncclient/4.1.2-RELEASE/httpasyncclient-4.1.2-RELEASE.jar!/com/youzan/http/impl/nio/client/HttpAsyncClientBuilder.class], URL [jar:file:/Users/wulonghui/.m2/repository/com/youzan/httpasyncclient/4.1.2-RELEASE/httpasyncclient-4.1.2-RELEASE.jar!/com/youzan/http/impl/nio/client/HttpAsyncClients.class], URL [jar:file:/Users/wulonghui/.m2/repository/com/youzan/httpasyncclient/4.1.2-RELEASE/httpasyncclient-4.1.2-RELEASE.jar!/com/youzan/http/impl/nio/client/InternalClientExec.class], URL [jar:file:/Users/wulonghui/.m2/repository/com/youzan/httpasyncclient/4.1.2-RELEASE/httpasyncclient-4.1.2-RELEASE.jar!/com/youzan/http/impl/nio/client/InternalHttpAsyncClient.class], URL [jar:file:/Users/wulonghui/.m2/repository/com/youzan/httpasyncclient/4.1.2-RELEASE/httpasyncclient-4.1.2-RELEASE.jar!/com/youzan/http/impl/nio/client/InternalIODispatch.class], URL [jar:file:/Users/wulonghui/.m2/repository/com/youzan/httpasyncclient/4.1.2-RELEASE/httpasyncclient-4.1.2-RELEASE.jar!/com/youzan/http/impl/nio/client/InternalIOReactorExceptionHandler.class], URL [jar:file:/Users/wulonghui/.m2/repository/com/youzan/httpasyncclient/4.1.2-RELEASE/httpasyncclient-4.1.2-RELEASE.jar!/com/youzan/http/impl/nio/client/InternalRequestExecutor.class], URL [jar:file:/Users/wulonghui/.m2/repository/com/youzan/httpasyncclient/4.1.2-RELEASE/httpasyncclient-4.1.2-RELEASE.jar!/com/youzan/http/impl/nio/client/InternalState.class], URL [jar:file:/Users/wulonghui/.m2/repository/com/youzan/httpasyncclient/4.1.2-RELEASE/httpasyncclient-4.1.2-RELEASE.jar!/com/youzan/http/impl/nio/client/IOReactorUtils.class], URL [jar:file:/Users/wulonghui/.m2/repository/com/youzan/httpasyncclient/4.1.2-RELEASE/httpasyncclient-4.1.2-RELEASE.jar!/com/youzan/http/impl/nio/client/MainClientExec.class], URL [jar:file:/Users/wulonghui/.m2/repository/com/youzan/httpasyncclient/4.1.2-RELEASE/httpasyncclient-4.1.2-RELEASE.jar!/com/youzan/http/impl/nio/client/MinimalClientExchangeHandlerImpl.class], URL [jar:file:/Users/wulonghui/.m2/repository/com/youzan/httpasyncclient/4.1.2-RELEASE/httpasyncclient-4.1.2-RELEASE.jar!/com/youzan/http/impl/nio/client/MinimalHttpAsyncClient.class], URL [jar:file:/Users/wulonghui/.m2/repository/com/youzan/httpasyncclient/4.1.2-RELEASE/httpasyncclient-4.1.2-RELEASE.jar!/com/youzan/http/impl/nio/client/MinimalHttpAsyncClientBuilder.class], URL [jar:file:/Users/wulonghui/.m2/repository/com/youzan/httpasyncclient/4.1.2-RELEASE/httpasyncclient-4.1.2-RELEASE.jar!/com/youzan/http/impl/nio/client/ParamConfig.class], URL [jar:file:/Users/wulonghui/.m2/repository/com/youzan/httpasyncclient/4.1.2-RELEASE/httpasyncclient-4.1.2-RELEASE.jar!/com/youzan/http/impl/nio/client/PipeliningClientExchangeHandlerImpl.class], URL [jar:file:/Users/wulonghui/.m2/repository/com/youzan/httpasyncclient/4.1.2-RELEASE/httpasyncclient-4.1.2-RELEASE.jar!/com/youzan/http/impl/nio/client/ResultCallback.class], URL [jar:file:/Users/wulonghui/.m2/repository/com/youzan/httpasyncclient/4.1.2-RELEASE/httpasyncclient-4.1.2-RELEASE.jar!/com/youzan/http/impl/nio/conn/AsyncSchemeRegistryFactory.class], URL [jar:file:/Users/wulonghui/.m2/repository/com/youzan/httpasyncclient/4.1.2-RELEASE/httpasyncclient-4.1.2-RELEASE.jar!/com/youzan/http/impl/nio/conn/CPool.class], URL [jar:file:/Users/wulonghui/.m2/repository/com/youzan/httpasyncclient/4.1.2-RELEASE/httpasyncclient-4.1.2-RELEASE.jar!/com/youzan/http/impl/nio/conn/CPoolEntry.class], URL [jar:file:/Users/wulonghui/.m2/repository/com/youzan/httpasyncclient/4.1.2-RELEASE/httpasyncclient-4.1.2-RELEASE.jar!/com/youzan/http/impl/nio/conn/CPoolProxy.class], URL [jar:file:/Users/wulonghui/.m2/repository/com/youzan/httpasyncclient/4.1.2-RELEASE/httpasyncclient-4.1.2-RELEASE.jar!/com/youzan/http/impl/nio/conn/DefaultClientAsyncConnection.class], URL [jar:file:/Users/wulonghui/.m2/repository/com/youzan/httpasyncclient/4.1.2-RELEASE/httpasyncclient-4.1.2-RELEASE.jar!/com/youzan/http/impl/nio/conn/DefaultClientAsyncConnectionFactory.class], URL [jar:file:/Users/wulonghui/.m2/repository/com/youzan/httpasyncclient/4.1.2-RELEASE/httpasyncclient-4.1.2-RELEASE.jar!/com/youzan/http/impl/nio/conn/DefaultHttpAsyncRoutePlanner.class], URL [jar:file:/Users/wulonghui/.m2/repository/com/youzan/httpasyncclient/4.1.2-RELEASE/httpasyncclient-4.1.2-RELEASE.jar!/com/youzan/http/impl/nio/conn/HttpNIOConnPool.class], URL [jar:file:/Users/wulonghui/.m2/repository/com/youzan/httpasyncclient/4.1.2-RELEASE/httpasyncclient-4.1.2-RELEASE.jar!/com/youzan/http/impl/nio/conn/HttpNIOConnPoolFactory.class], URL [jar:file:/Users/wulonghui/.m2/repository/com/youzan/httpasyncclient/4.1.2-RELEASE/httpasyncclient-4.1.2-RELEASE.jar!/com/youzan/http/impl/nio/conn/HttpPoolEntry.class], URL [jar:file:/Users/wulonghui/.m2/repository/com/youzan/httpasyncclient/4.1.2-RELEASE/httpasyncclient-4.1.2-RELEASE.jar!/com/youzan/http/impl/nio/conn/LoggingIOSession$LoggingByteChannel.class], URL [jar:file:/Users/wulonghui/.m2/repository/com/youzan/httpasyncclient/4.1.2-RELEASE/httpasyncclient-4.1.2-RELEASE.jar!/com/youzan/http/impl/nio/conn/LoggingIOSession.class], URL [jar:file:/Users/wulonghui/.m2/repository/com/youzan/httpasyncclient/4.1.2-RELEASE/httpasyncclient-4.1.2-RELEASE.jar!/com/youzan/http/impl/nio/conn/ManagedClientAsyncConnectionImpl.class], URL [jar:file:/Users/wulonghui/.m2/repository/com/youzan/httpasyncclient/4.1.2-RELEASE/httpasyncclient-4.1.2-RELEASE.jar!/com/youzan/http/impl/nio/conn/ManagedNHttpClientConnectionFactory.class], URL [jar:file:/Users/wulonghui/.m2/repository/com/youzan/httpasyncclient/4.1.2-RELEASE/httpasyncclient-4.1.2-RELEASE.jar!/com/youzan/http/impl/nio/conn/ManagedNHttpClientConnectionImpl.class], URL [jar:file:/Users/wulonghui/.m2/repository/com/youzan/httpasyncclient/4.1.2-RELEASE/httpasyncclient-4.1.2-RELEASE.jar!/com/youzan/http/impl/nio/conn/PoolingClientAsyncConnectionManager$InternalPoolEntryCallback.class], URL [jar:file:/Users/wulonghui/.m2/repository/com/youzan/httpasyncclient/4.1.2-RELEASE/httpasyncclient-4.1.2-RELEASE.jar!/com/youzan/http/impl/nio/conn/PoolingClientAsyncConnectionManager.class], URL [jar:file:/Users/wulonghui/.m2/repository/com/youzan/httpasyncclient/4.1.2-RELEASE/httpasyncclient-4.1.2-RELEASE.jar!/com/youzan/http/impl/nio/conn/PoolingNHttpClientConnectionManager$ConfigData.class], URL [jar:file:/Users/wulonghui/.m2/repository/com/youzan/httpasyncclient/4.1.2-RELEASE/httpasyncclient-4.1.2-RELEASE.jar!/com/youzan/http/impl/nio/conn/PoolingNHttpClientConnectionManager$InternalAddressResolver.class], URL [jar:file:/Users/wulonghui/.m2/repository/com/youzan/httpasyncclient/4.1.2-RELEASE/httpasyncclient-4.1.2-RELEASE.jar!/com/youzan/http/impl/nio/conn/PoolingNHttpClientConnectionManager$InternalConnectionFactory.class], URL [jar:file:/Users/wulonghui/.m2/repository/com/youzan/httpasyncclient/4.1.2-RELEASE/httpasyncclient-4.1.2-RELEASE.jar!/com/youzan/http/impl/nio/conn/PoolingNHttpClientConnectionManager$InternalPoolEntryCallback.class], URL [jar:file:/Users/wulonghui/.m2/repository/com/youzan/httpasyncclient/4.1.2-RELEASE/httpasyncclient-4.1.2-RELEASE.jar!/com/youzan/http/impl/nio/conn/PoolingNHttpClientConnectionManager.class], URL [jar:file:/Users/wulonghui/.m2/repository/com/youzan/httpasyncclient/4.1.2-RELEASE/httpasyncclient-4.1.2-RELEASE.jar!/com/youzan/http/impl/nio/conn/Wire.class], URL [jar:file:/Users/wulonghui/.m2/repository/com/youzan/httpasyncclient/4.1.2-RELEASE/httpasyncclient-4.1.2-RELEASE.jar!/com/youzan/http/nio/client/HttpAsyncClient.class], URL [jar:file:/Users/wulonghui/.m2/repository/com/youzan/httpasyncclient/4.1.2-RELEASE/httpasyncclient-4.1.2-RELEASE.jar!/com/youzan/http/nio/client/HttpPipeliningClient.class], URL [jar:file:/Users/wulonghui/.m2/repository/com/youzan/httpasyncclient/4.1.2-RELEASE/httpasyncclient-4.1.2-RELEASE.jar!/com/youzan/http/nio/client/methods/AsyncByteConsumer.class], URL [jar:file:/Users/wulonghui/.m2/repository/com/youzan/httpasyncclient/4.1.2-RELEASE/httpasyncclient-4.1.2-RELEASE.jar!/com/youzan/http/nio/client/methods/AsyncCharConsumer.class], URL [jar:file:/Users/wulonghui/.m2/repository/com/youzan/httpasyncclient/4.1.2-RELEASE/httpasyncclient-4.1.2-RELEASE.jar!/com/youzan/http/nio/client/methods/BaseZeroCopyRequestProducer.class], URL [jar:file:/Users/wulonghui/.m2/repository/com/youzan/httpasyncclient/4.1.2-RELEASE/httpasyncclient-4.1.2-RELEASE.jar!/com/youzan/http/nio/client/methods/HttpAsyncMethods$1.class], URL [jar:file:/Users/wulonghui/.m2/repository/com/youzan/httpasyncclient/4.1.2-RELEASE/httpasyncclient-4.1.2-RELEASE.jar!/com/youzan/http/nio/client/methods/HttpAsyncMethods$RequestProducerImpl.class], URL [jar:file:/Users/wulonghui/.m2/repository/com/youzan/httpasyncclient/4.1.2-RELEASE/httpasyncclient-4.1.2-RELEASE.jar!/com/youzan/http/nio/client/methods/HttpAsyncMethods.class], URL [jar:file:/Users/wulonghui/.m2/repository/com/youzan/httpasyncclient/4.1.2-RELEASE/httpasyncclient-4.1.2-RELEASE.jar!/com/youzan/http/nio/client/methods/ZeroCopyConsumer.class], URL [jar:file:/Users/wulonghui/.m2/repository/com/youzan/httpasyncclient/4.1.2-RELEASE/httpasyncclient-4.1.2-RELEASE.jar!/com/youzan/http/nio/client/methods/ZeroCopyPost.class], URL [jar:file:/Users/wulonghui/.m2/repository/com/youzan/httpasyncclient/4.1.2-RELEASE/httpasyncclient-4.1.2-RELEASE.jar!/com/youzan/http/nio/client/methods/ZeroCopyPut.class], URL [jar:file:/Users/wulonghui/.m2/repository/com/youzan/httpasyncclient/4.1.2-RELEASE/httpasyncclient-4.1.2-RELEASE.jar!/com/youzan/http/nio/client/util/HttpAsyncClientUtils.class], URL [jar:file:/Users/wulonghui/.m2/repository/com/youzan/httpasyncclient/4.1.2-RELEASE/httpasyncclient-4.1.2-RELEASE.jar!/com/youzan/http/nio/conn/ClientAsyncConnection.class], URL [jar:file:/Users/wulonghui/.m2/repository/com/youzan/httpasyncclient/4.1.2-RELEASE/httpasyncclient-4.1.2-RELEASE.jar!/com/youzan/http/nio/conn/ClientAsyncConnectionFactory.class], URL [jar:file:/Users/wulonghui/.m2/repository/com/youzan/httpasyncclient/4.1.2-RELEASE/httpasyncclient-4.1.2-RELEASE.jar!/com/youzan/http/nio/conn/ClientAsyncConnectionManager.class], URL [jar:file:/Users/wulonghui/.m2/repository/com/youzan/httpasyncclient/4.1.2-RELEASE/httpasyncclient-4.1.2-RELEASE.jar!/com/youzan/http/nio/conn/ManagedClientAsyncConnection.class], URL [jar:file:/Users/wulonghui/.m2/repository/com/youzan/httpasyncclient/4.1.2-RELEASE/httpasyncclient-4.1.2-RELEASE.jar!/com/youzan/http/nio/conn/ManagedNHttpClientConnection.class], URL [jar:file:/Users/wulonghui/.m2/repository/com/youzan/httpasyncclient/4.1.2-RELEASE/httpasyncclient-4.1.2-RELEASE.jar!/com/youzan/http/nio/conn/NHttpClientConnectionManager.class], URL [jar:file:/Users/wulonghui/.m2/repository/com/youzan/httpasyncclient/4.1.2-RELEASE/httpasyncclient-4.1.2-RELEASE.jar!/com/youzan/http/nio/conn/NHttpConnectionFactory.class], URL [jar:file:/Users/wulonghui/.m2/repository/com/youzan/httpasyncclient/4.1.2-RELEASE/httpasyncclient-4.1.2-RELEASE.jar!/com/youzan/http/nio/conn/NoopIOSessionStrategy.class], URL [jar:file:/Users/wulonghui/.m2/repository/com/youzan/httpasyncclient/4.1.2-RELEASE/httpasyncclient-4.1.2-RELEASE.jar!/com/youzan/http/nio/conn/scheme/AsyncScheme.class], URL [jar:file:/Users/wulonghui/.m2/repository/com/youzan/httpasyncclient/4.1.2-RELEASE/httpasyncclient-4.1.2-RELEASE.jar!/com/youzan/http/nio/conn/scheme/AsyncSchemeRegistry.class], URL [jar:file:/Users/wulonghui/.m2/repository/com/youzan/httpasyncclient/4.1.2-RELEASE/httpasyncclient-4.1.2-RELEASE.jar!/com/youzan/http/nio/conn/scheme/LayeringStrategy.class], URL [jar:file:/Users/wulonghui/.m2/repository/com/youzan/httpasyncclient/4.1.2-RELEASE/httpasyncclient-4.1.2-RELEASE.jar!/com/youzan/http/nio/conn/SchemeIOSessionStrategy.class], URL [jar:file:/Users/wulonghui/.m2/repository/com/youzan/httpasyncclient/4.1.2-RELEASE/httpasyncclient-4.1.2-RELEASE.jar!/com/youzan/http/nio/conn/ssl/SSLIOSessionStrategy$1.class], URL [jar:file:/Users/wulonghui/.m2/repository/com/youzan/httpasyncclient/4.1.2-RELEASE/httpasyncclient-4.1.2-RELEASE.jar!/com/youzan/http/nio/conn/ssl/SSLIOSessionStrategy.class], URL [jar:file:/Users/wulonghui/.m2/repository/com/youzan/httpasyncclient/4.1.2-RELEASE/httpasyncclient-4.1.2-RELEASE.jar!/com/youzan/http/nio/conn/ssl/SSLLayeringStrategy$1.class], URL [jar:file:/Users/wulonghui/.m2/repository/com/youzan/httpasyncclient/4.1.2-RELEASE/httpasyncclient-4.1.2-RELEASE.jar!/com/youzan/http/nio/conn/ssl/SSLLayeringStrategy.class], URL [jar:file:/Users/wulonghui/.m2/repository/com/youzan/httpasyncclient/4.1.2-RELEASE/httpasyncclient-4.1.2-RELEASE.jar!/com/youzan/http/nio/conn/ssl/TrustManagerDecorator.class], URL [jar:file:/Users/wulonghui/.m2/repository/com/youzan/pay/merchant-api/0.0.7-20170804-RELEASE/merchant-api-0.0.7-20170804-RELEASE.jar!/com/youzan/pay/customer/api/AuthenticationService.class], URL [jar:file:/Users/wulonghui/.m2/repository/com/youzan/pay/merchant-api/0.0.7-20170804-RELEASE/merchant-api-0.0.7-20170804-RELEASE.jar!/com/youzan/pay/customer/api/enums/MerchantContractStatusEnum.class], URL [jar:file:/Users/wulonghui/.m2/repository/com/youzan/pay/merchant-api/0.0.7-20170804-RELEASE/merchant-api-0.0.7-20170804-RELEASE.jar!/com/youzan/pay/customer/api/MerchantAccountService.class], URL [jar:file:/Users/wulonghui/.m2/repository/com/youzan/pay/merchant-api/0.0.7-20170804-RELEASE/merchant-api-0.0.7-20170804-RELEASE.jar!/com/youzan/pay/customer/api/MerchantLoginService.class], URL [jar:file:/Users/wulonghui/.m2/repository/com/youzan/pay/merchant-api/0.0.7-20170804-RELEASE/merchant-api-0.0.7-20170804-RELEASE.jar!/com/youzan/pay/customer/api/MerchantTradeService.class], URL [jar:file:/Users/wulonghui/.m2/repository/com/youzan/pay/merchant-api/0.0.7-20170804-RELEASE/merchant-api-0.0.7-20170804-RELEASE.jar!/com/youzan/pay/customer/api/product/constant/ExtendConst.class], URL [jar:file:/Users/wulonghui/.m2/repository/com/youzan/pay/merchant-api/0.0.7-20170804-RELEASE/merchant-api-0.0.7-20170804-RELEASE.jar!/com/youzan/pay/customer/api/product/request/BatchTerminateContractRequest.class], URL [jar:file:/Users/wulonghui/.m2/repository/com/youzan/pay/merchant-api/0.0.7-20170804-RELEASE/merchant-api-0.0.7-20170804-RELEASE.jar!/com/youzan/pay/customer/api/product/request/FetchCodesRequest.class], URL [jar:file:/Users/wulonghui/.m2/repository/com/youzan/pay/merchant-api/0.0.7-20170804-RELEASE/merchant-api-0.0.7-20170804-RELEASE.jar!/com/youzan/pay/customer/api/product/request/FetchUsableProductsRequest.class], URL [jar:file:/Users/wulonghui/.m2/repository/com/youzan/pay/merchant-api/0.0.7-20170804-RELEASE/merchant-api-0.0.7-20170804-RELEASE.jar!/com/youzan/pay/customer/api/product/request/TerminateContractRequest.class], URL [jar:file:/Users/wulonghui/.m2/repository/com/youzan/pay/merchant-api/0.0.7-20170804-RELEASE/merchant-api-0.0.7-20170804-RELEASE.jar!/com/youzan/pay/customer/api/product/result/ProductInfoDTO.class], URL [jar:file:/Users/wulonghui/.m2/repository/com/youzan/pay/merchant-api/0.0.7-20170804-RELEASE/merchant-api-0.0.7-20170804-RELEASE.jar!/com/youzan/pay/customer/api/product/UnifiedBizCodeService.class], URL [jar:file:/Users/wulonghui/.m2/repository/com/youzan/pay/merchant-api/0.0.7-20170804-RELEASE/merchant-api-0.0.7-20170804-RELEASE.jar!/com/youzan/pay/customer/api/request/ApplyWithDrawRequest.class], URL [jar:file:/Users/wulonghui/.m2/repository/com/youzan/pay/merchant-api/0.0.7-20170804-RELEASE/merchant-api-0.0.7-20170804-RELEASE.jar!/com/youzan/pay/customer/api/request/CheckRequest.class], URL [jar:file:/Users/wulonghui/.m2/repository/com/youzan/pay/merchant-api/0.0.7-20170804-RELEASE/merchant-api-0.0.7-20170804-RELEASE.jar!/com/youzan/pay/customer/api/request/MchAccountVO.class], URL [jar:file:/Users/wulonghui/.m2/repository/com/youzan/pay/merchant-api/0.0.7-20170804-RELEASE/merchant-api-0.0.7-20170804-RELEASE.jar!/com/youzan/pay/customer/api/request/MerchantRegRequest.class], URL [jar:file:/Users/wulonghui/.m2/repository/com/youzan/pay/merchant-api/0.0.7-20170804-RELEASE/merchant-api-0.0.7-20170804-RELEASE.jar!/com/youzan/pay/customer/api/request/MerchantTradeQueryRequest.class], URL [jar:file:/Users/wulonghui/.m2/repository/com/youzan/pay/merchant-api/0.0.7-20170804-RELEASE/merchant-api-0.0.7-20170804-RELEASE.jar!/com/youzan/pay/customer/api/request/MerchantUserRegRequest.class], URL [jar:file:/Users/wulonghui/.m2/repository/com/youzan/pay/merchant-api/0.0.7-20170804-RELEASE/merchant-api-0.0.7-20170804-RELEASE.jar!/com/youzan/pay/customer/api/request/QueryBaseRequest.class], URL [jar:file:/Users/wulonghui/.m2/repository/com/youzan/pay/merchant-api/0.0.7-20170804-RELEASE/merchant-api-0.0.7-20170804-RELEASE.jar!/com/youzan/pay/customer/api/request/QueryBoundCardRequest.class], URL [jar:file:/Users/wulonghui/.m2/repository/com/youzan/pay/merchant-api/0.0.7-20170804-RELEASE/merchant-api-0.0.7-20170804-RELEASE.jar!/com/youzan/pay/customer/api/request/QueryConfigRequest.class], URL [jar:file:/Users/wulonghui/.m2/repository/com/youzan/pay/merchant-api/0.0.7-20170804-RELEASE/merchant-api-0.0.7-20170804-RELEASE.jar!/com/youzan/pay/customer/api/request/QuerySignKeyRequest.class], URL [jar:file:/Users/wulonghui/.m2/repository/com/youzan/pay/merchant-api/0.0.7-20170804-RELEASE/merchant-api-0.0.7-20170804-RELEASE.jar!/com/youzan/pay/customer/api/result/AccountAvailableBalanceResult.class], URL [jar:file:/Users/wulonghui/.m2/repository/com/youzan/pay/merchant-api/0.0.7-20170804-RELEASE/merchant-api-0.0.7-20170804-RELEASE.jar!/com/youzan/pay/customer/api/result/BaseResult.class], URL [jar:file:/Users/wulonghui/.m2/repository/com/youzan/pay/merchant-api/0.0.7-20170804-RELEASE/merchant-api-0.0.7-20170804-RELEASE.jar!/com/youzan/pay/customer/api/result/GenerateUserNoResult.class], URL [jar:file:/Users/wulonghui/.m2/repository/com/youzan/pay/merchant-api/0.0.7-20170804-RELEASE/merchant-api-0.0.7-20170804-RELEASE.jar!/com/youzan/pay/customer/api/result/MerchantAccountingSummaryResult$AccountingSummary.class], URL [jar:file:/Users/wulonghui/.m2/repository/com/youzan/pay/merchant-api/0.0.7-20170804-RELEASE/merchant-api-0.0.7-20170804-RELEASE.jar!/com/youzan/pay/customer/api/result/MerchantContractResult.class], URL [jar:file:/Users/wulonghui/.m2/repository/com/youzan/pay/merchant-api/0.0.7-20170804-RELEASE/merchant-api-0.0.7-20170804-RELEASE.jar!/com/youzan/pay/customer/api/result/MerchantProductInfo$PayChannel.class], URL [jar:file:/Users/wulonghui/.m2/repository/com/youzan/pay/merchant-api/0.0.7-20170804-RELEASE/merchant-api-0.0.7-20170804-RELEASE.jar!/com/youzan/pay/customer/api/result/MerchantSalesStatInfo$StatInfo.class], URL [jar:file:/Users/wulonghui/.m2/repository/com/youzan/pay/merchant-api/0.0.7-20170804-RELEASE/merchant-api-0.0.7-20170804-RELEASE.jar!/com/youzan/pay/customer/api/result/MerchantSignContractInfoResult.class], URL [jar:file:/Users/wulonghui/.m2/repository/com/youzan/pay/merchant-api/0.0.7-20170804-RELEASE/merchant-api-0.0.7-20170804-RELEASE.jar!/com/youzan/pay/customer/api/result/PayToolConfig.class], URL [jar:file:/Users/wulonghui/.m2/repository/com/youzan/pay/merchant-api/0.0.7-20170804-RELEASE/merchant-api-0.0.7-20170804-RELEASE.jar!/com/youzan/pay/customer/api/result/QuerySignKeyResult.class], URL [jar:file:/Users/wulonghui/.m2/repository/com/youzan/pay/merchant-api/0.0.7-20170804-RELEASE/merchant-api-0.0.7-20170804-RELEASE.jar!/com/youzan/pay/customer/api/result/SubMerchantNameInfoResult.class], URL [jar:file:/Users/wulonghui/.m2/repository/com/youzan/pay/merchant-api/0.0.7-20170804-RELEASE/merchant-api-0.0.7-20170804-RELEASE.jar!/com/youzan/pay/customer/api/result/VerifyResult.class], URL [jar:file:/Users/wulonghui/.m2/repository/com/youzan/pay/merchant-api/0.0.7-20170804-RELEASE/merchant-api-0.0.7-20170804-RELEASE.jar!/com/youzan/pay/customer/api/ScheduledJobService.class], URL [jar:file:/Users/wulonghui/.m2/repository/com/youzan/pay/merchant-api/0.0.7-20170804-RELEASE/merchant-api-0.0.7-20170804-RELEASE.jar!/com/youzan/pay/customer/api/BankCardService.class], URL [jar:file:/Users/wulonghui/.m2/repository/com/youzan/pay/merchant-api/0.0.7-20170804-RELEASE/merchant-api-0.0.7-20170804-RELEASE.jar!/com/youzan/pay/customer/api/enums/ContractBusiTypeEnum.class], URL [jar:file:/Users/wulonghui/.m2/repository/com/youzan/pay/merchant-api/0.0.7-20170804-RELEASE/merchant-api-0.0.7-20170804-RELEASE.jar!/com/youzan/pay/customer/api/enums/MerchantContractTypeEnum.class], URL [jar:file:/Users/wulonghui/.m2/repository/com/youzan/pay/merchant-api/0.0.7-20170804-RELEASE/merchant-api-0.0.7-20170804-RELEASE.jar!/com/youzan/pay/customer/api/FundOperationService.class], URL [jar:file:/Users/wulonghui/.m2/repository/com/youzan/pay/merchant-api/0.0.7-20170804-RELEASE/merchant-api-0.0.7-20170804-RELEASE.jar!/com/youzan/pay/customer/api/MerchantContractService.class], URL [jar:file:/Users/wulonghui/.m2/repository/com/youzan/pay/merchant-api/0.0.7-20170804-RELEASE/merchant-api-0.0.7-20170804-RELEASE.jar!/com/youzan/pay/customer/api/MerchantService.class], URL [jar:file:/Users/wulonghui/.m2/repository/com/youzan/pay/merchant-api/0.0.7-20170804-RELEASE/merchant-api-0.0.7-20170804-RELEASE.jar!/com/youzan/pay/customer/api/PayToolsService.class], URL [jar:file:/Users/wulonghui/.m2/repository/com/youzan/pay/merchant-api/0.0.7-20170804-RELEASE/merchant-api-0.0.7-20170804-RELEASE.jar!/com/youzan/pay/customer/api/product/ProductService.class], URL [jar:file:/Users/wulonghui/.m2/repository/com/youzan/pay/merchant-api/0.0.7-20170804-RELEASE/merchant-api-0.0.7-20170804-RELEASE.jar!/com/youzan/pay/customer/api/product/request/CreateCodeRequest.class], URL [jar:file:/Users/wulonghui/.m2/repository/com/youzan/pay/merchant-api/0.0.7-20170804-RELEASE/merchant-api-0.0.7-20170804-RELEASE.jar!/com/youzan/pay/customer/api/product/request/QueryEffectiveContractRequest.class], URL [jar:file:/Users/wulonghui/.m2/repository/com/youzan/pay/merchant-api/0.0.7-20170804-RELEASE/merchant-api-0.0.7-20170804-RELEASE.jar!/com/youzan/pay/customer/api/product/result/BizCodeInfoDTO.class], URL [jar:file:/Users/wulonghui/.m2/repository/com/youzan/pay/merchant-api/0.0.7-20170804-RELEASE/merchant-api-0.0.7-20170804-RELEASE.jar!/com/youzan/pay/customer/api/product/result/FeeRateInfoDTO.class], URL [jar:file:/Users/wulonghui/.m2/repository/com/youzan/pay/merchant-api/0.0.7-20170804-RELEASE/merchant-api-0.0.7-20170804-RELEASE.jar!/com/youzan/pay/customer/api/product/result/SignResultDTO.class], URL [jar:file:/Users/wulonghui/.m2/repository/com/youzan/pay/merchant-api/0.0.7-20170804-RELEASE/merchant-api-0.0.7-20170804-RELEASE.jar!/com/youzan/pay/customer/api/request/BaseRequest.class], URL [jar:file:/Users/wulonghui/.m2/repository/com/youzan/pay/merchant-api/0.0.7-20170804-RELEASE/merchant-api-0.0.7-20170804-RELEASE.jar!/com/youzan/pay/customer/api/request/ContactsRequest.class], URL [jar:file:/Users/wulonghui/.m2/repository/com/youzan/pay/merchant-api/0.0.7-20170804-RELEASE/merchant-api-0.0.7-20170804-RELEASE.jar!/com/youzan/pay/customer/api/request/MerchantContractRequest.class], URL [jar:file:/Users/wulonghui/.m2/repository/com/youzan/pay/merchant-api/0.0.7-20170804-RELEASE/merchant-api-0.0.7-20170804-RELEASE.jar!/com/youzan/pay/customer/api/request/MerchantSignContractParam.class], URL [jar:file:/Users/wulonghui/.m2/repository/com/youzan/pay/merchant-api/0.0.7-20170804-RELEASE/merchant-api-0.0.7-20170804-RELEASE.jar!/com/youzan/pay/customer/api/request/PersonalAuthRequest.class], URL [jar:file:/Users/wulonghui/.m2/repository/com/youzan/pay/merchant-api/0.0.7-20170804-RELEASE/merchant-api-0.0.7-20170804-RELEASE.jar!/com/youzan/pay/customer/api/request/QueryBaseWithBuyerRequest.class], URL [jar:file:/Users/wulonghui/.m2/repository/com/youzan/pay/merchant-api/0.0.7-20170804-RELEASE/merchant-api-0.0.7-20170804-RELEASE.jar!/com/youzan/pay/customer/api/request/QueryPayToolsRequest.class], URL [jar:file:/Users/wulonghui/.m2/repository/com/youzan/pay/merchant-api/0.0.7-20170804-RELEASE/merchant-api-0.0.7-20170804-RELEASE.jar!/com/youzan/pay/customer/api/request/QueryWeixinSelfPaymentParamsRequest.class], URL [jar:file:/Users/wulonghui/.m2/repository/com/youzan/pay/merchant-api/0.0.7-20170804-RELEASE/merchant-api-0.0.7-20170804-RELEASE.jar!/com/youzan/pay/customer/api/request/SetPaymentSwitchRequest.class], URL [jar:file:/Users/wulonghui/.m2/repository/com/youzan/pay/merchant-api/0.0.7-20170804-RELEASE/merchant-api-0.0.7-20170804-RELEASE.jar!/com/youzan/pay/customer/api/result/AccountStatResult.class], URL [jar:file:/Users/wulonghui/.m2/repository/com/youzan/pay/merchant-api/0.0.7-20170804-RELEASE/merchant-api-0.0.7-20170804-RELEASE.jar!/com/youzan/pay/customer/api/result/AuthResult.class], URL [jar:file:/Users/wulonghui/.m2/repository/com/youzan/pay/merchant-api/0.0.7-20170804-RELEASE/merchant-api-0.0.7-20170804-RELEASE.jar!/com/youzan/pay/customer/api/result/CommonError.class], URL [jar:file:/Users/wulonghui/.m2/repository/com/youzan/pay/merchant-api/0.0.7-20170804-RELEASE/merchant-api-0.0.7-20170804-RELEASE.jar!/com/youzan/pay/customer/api/result/MerchantAuthenticationInfo.class], URL [jar:file:/Users/wulonghui/.m2/repository/com/youzan/pay/merchant-api/0.0.7-20170804-RELEASE/merchant-api-0.0.7-20170804-RELEASE.jar!/com/youzan/pay/customer/api/result/MerchantRechargeResult.class], URL [jar:file:/Users/wulonghui/.m2/repository/com/youzan/pay/merchant-api/0.0.7-20170804-RELEASE/merchant-api-0.0.7-20170804-RELEASE.jar!/com/youzan/pay/customer/api/result/Page.class], URL [jar:file:/Users/wulonghui/.m2/repository/com/youzan/pay/merchant-api/0.0.7-20170804-RELEASE/merchant-api-0.0.7-20170804-RELEASE.jar!/com/youzan/pay/customer/api/result/PaymentConfigResult.class], URL [jar:file:/Users/wulonghui/.m2/repository/com/youzan/pay/merchant-api/0.0.7-20170804-RELEASE/merchant-api-0.0.7-20170804-RELEASE.jar!/com/youzan/pay/customer/api/result/Response.class], URL [jar:file:/Users/wulonghui/.m2/repository/com/youzan/pay/merchant-api/0.0.7-20170804-RELEASE/merchant-api-0.0.7-20170804-RELEASE.jar!/com/youzan/pay/customer/api/result/SubMerchantSalesStatInfo.class], URL [jar:file:/Users/wulonghui/.m2/repository/com/youzan/pay/merchant-api/0.0.7-20170804-RELEASE/merchant-api-0.0.7-20170804-RELEASE.jar!/com/youzan/pay/customer/api/result/WithDrawBaseInfoResult$BankInfo.class], URL [jar:file:/Users/wulonghui/.m2/repository/com/youzan/pay/merchant-api/0.0.7-20170804-RELEASE/merchant-api-0.0.7-20170804-RELEASE.jar!/com/youzan/pay/customer/api/UserNoService.class], URL [jar:file:/Users/wulonghui/.m2/repository/com/youzan/pay/merchant-api/0.0.7-20170804-RELEASE/merchant-api-0.0.7-20170804-RELEASE.jar!/com/youzan/pay/customer/api/BusinessRegService.class], URL [jar:file:/Users/wulonghui/.m2/repository/com/youzan/pay/merchant-api/0.0.7-20170804-RELEASE/merchant-api-0.0.7-20170804-RELEASE.jar!/com/youzan/pay/customer/api/enums/MerchantTypeEnum.class], URL [jar:file:/Users/wulonghui/.m2/repository/com/youzan/pay/merchant-api/0.0.7-20170804-RELEASE/merchant-api-0.0.7-20170804-RELEASE.jar!/com/youzan/pay/customer/api/MerchantInfoService.class], URL [jar:file:/Users/wulonghui/.m2/repository/com/youzan/pay/merchant-api/0.0.7-20170804-RELEASE/merchant-api-0.0.7-20170804-RELEASE.jar!/com/youzan/pay/customer/api/MerchantSignContractService.class], URL [jar:file:/Users/wulonghui/.m2/repository/com/youzan/pay/merchant-api/0.0.7-20170804-RELEASE/merchant-api-0.0.7-20170804-RELEASE.jar!/com/youzan/pay/customer/api/product/ContractService.class], URL [jar:file:/Users/wulonghui/.m2/repository/com/youzan/pay/merchant-api/0.0.7-20170804-RELEASE/merchant-api-0.0.7-20170804-RELEASE.jar!/com/youzan/pay/customer/api/product/request/BizCodeInfoRequest.class], URL [jar:file:/Users/wulonghui/.m2/repository/com/youzan/pay/merchant-api/0.0.7-20170804-RELEASE/merchant-api-0.0.7-20170804-RELEASE.jar!/com/youzan/pay/customer/api/product/request/SignContractRequest.class], URL [jar:file:/Users/wulonghui/.m2/repository/com/youzan/pay/merchant-api/0.0.7-20170804-RELEASE/merchant-api-0.0.7-20170804-RELEASE.jar!/com/youzan/pay/customer/api/product/result/PayToolInfoDTO.class], URL [jar:file:/Users/wulonghui/.m2/repository/com/youzan/pay/merchant-api/0.0.7-20170804-RELEASE/merchant-api-0.0.7-20170804-RELEASE.jar!/com/youzan/pay/customer/api/RealNameAuthenticationService.class], URL [jar:file:/Users/wulonghui/.m2/repository/com/youzan/pay/merchant-api/0.0.7-20170804-RELEASE/merchant-api-0.0.7-20170804-RELEASE.jar!/com/youzan/pay/customer/api/request/BindCardRequest.class], URL [jar:file:/Users/wulonghui/.m2/repository/com/youzan/pay/merchant-api/0.0.7-20170804-RELEASE/merchant-api-0.0.7-20170804-RELEASE.jar!/com/youzan/pay/customer/api/request/GenerateUserNoRequest.class], URL [jar:file:/Users/wulonghui/.m2/repository/com/youzan/pay/merchant-api/0.0.7-20170804-RELEASE/merchant-api-0.0.7-20170804-RELEASE.jar!/com/youzan/pay/customer/api/request/GetBoundBankCardRequest.class], URL [jar:file:/Users/wulonghui/.m2/repository/com/youzan/pay/merchant-api/0.0.7-20170804-RELEASE/merchant-api-0.0.7-20170804-RELEASE.jar!/com/youzan/pay/customer/api/request/MerchantRechargeRequest.class], URL [jar:file:/Users/wulonghui/.m2/repository/com/youzan/pay/merchant-api/0.0.7-20170804-RELEASE/merchant-api-0.0.7-20170804-RELEASE.jar!/com/youzan/pay/customer/api/request/OpenServiceMerchantRequest.class], URL [jar:file:/Users/wulonghui/.m2/repository/com/youzan/pay/merchant-api/0.0.7-20170804-RELEASE/merchant-api-0.0.7-20170804-RELEASE.jar!/com/youzan/pay/customer/api/result/AccountingSummaryDetailResult.class], URL [jar:file:/Users/wulonghui/.m2/repository/com/youzan/pay/merchant-api/0.0.7-20170804-RELEASE/merchant-api-0.0.7-20170804-RELEASE.jar!/com/youzan/pay/customer/api/result/ConfigInfo.class], URL [jar:file:/Users/wulonghui/.m2/repository/com/youzan/pay/merchant-api/0.0.7-20170804-RELEASE/merchant-api-0.0.7-20170804-RELEASE.jar!/com/youzan/pay/customer/api/result/MerchantAccountingSummaryResult.class], URL [jar:file:/Users/wulonghui/.m2/repository/com/youzan/pay/merchant-api/0.0.7-20170804-RELEASE/merchant-api-0.0.7-20170804-RELEASE.jar!/com/youzan/pay/customer/api/result/MerchantInfo.class], URL [jar:file:/Users/wulonghui/.m2/repository/com/youzan/pay/merchant-api/0.0.7-20170804-RELEASE/merchant-api-0.0.7-20170804-RELEASE.jar!/com/youzan/pay/customer/api/result/MerchantSalesStatInfo.class], URL [jar:file:/Users/wulonghui/.m2/repository/com/youzan/pay/merchant-api/0.0.7-20170804-RELEASE/merchant-api-0.0.7-20170804-RELEASE.jar!/com/youzan/pay/customer/api/result/OpenAPIResult.class], URL [jar:file:/Users/wulonghui/.m2/repository/com/youzan/pay/merchant-api/0.0.7-20170804-RELEASE/merchant-api-0.0.7-20170804-RELEASE.jar!/com/youzan/pay/customer/api/result/OpenSubMerchantResult.class], URL [jar:file:/Users/wulonghui/.m2/repository/com/youzan/pay/merchant-api/0.0.7-20170804-RELEASE/merchant-api-0.0.7-20170804-RELEASE.jar!/com/youzan/pay/customer/api/result/PayTools.class], URL [jar:file:/Users/wulonghui/.m2/repository/com/youzan/pay/merchant-api/0.0.7-20170804-RELEASE/merchant-api-0.0.7-20170804-RELEASE.jar!/com/youzan/pay/customer/api/result/RepairCallResult.class], URL [jar:file:/Users/wulonghui/.m2/repository/com/youzan/pay/merchant-api/0.0.7-20170804-RELEASE/merchant-api-0.0.7-20170804-RELEASE.jar!/com/youzan/pay/customer/api/result/SubMerchantNoResult.class], URL [jar:file:/Users/wulonghui/.m2/repository/com/youzan/pay/merchant-api/0.0.7-20170804-RELEASE/merchant-api-0.0.7-20170804-RELEASE.jar!/com/youzan/pay/customer/api/result/WeixinSelfPaymentParamsResult.class], URL [jar:file:/Users/wulonghui/.m2/repository/com/youzan/pay/merchant-api/0.0.7-20170804-RELEASE/merchant-api-0.0.7-20170804-RELEASE.jar!/com/youzan/pay/customer/api/SignKeyService.class], URL [jar:file:/Users/wulonghui/.m2/repository/com/youzan/pay/merchant-api/0.0.7-20170804-RELEASE/merchant-api-0.0.7-20170804-RELEASE.jar!/com/youzan/pay/customer/api/enums/AccountTypeEnum.class], URL [jar:file:/Users/wulonghui/.m2/repository/com/youzan/pay/merchant-api/0.0.7-20170804-RELEASE/merchant-api-0.0.7-20170804-RELEASE.jar!/com/youzan/pay/customer/api/LoginService.class], URL [jar:file:/Users/wulonghui/.m2/repository/com/youzan/pay/merchant-api/0.0.7-20170804-RELEASE/merchant-api-0.0.7-20170804-RELEASE.jar!/com/youzan/pay/customer/api/MerchantConfigService.class], URL [jar:file:/Users/wulonghui/.m2/repository/com/youzan/pay/merchant-api/0.0.7-20170804-RELEASE/merchant-api-0.0.7-20170804-RELEASE.jar!/com/youzan/pay/customer/api/MerchantPaymentConfigService.class], URL [jar:file:/Users/wulonghui/.m2/repository/com/youzan/pay/merchant-api/0.0.7-20170804-RELEASE/merchant-api-0.0.7-20170804-RELEASE.jar!/com/youzan/pay/customer/api/openapi/OpenApi.class], URL [jar:file:/Users/wulonghui/.m2/repository/com/youzan/pay/merchant-api/0.0.7-20170804-RELEASE/merchant-api-0.0.7-20170804-RELEASE.jar!/com/youzan/pay/customer/api/product/request/BatchSignContractRequest.class], URL [jar:file:/Users/wulonghui/.m2/repository/com/youzan/pay/merchant-api/0.0.7-20170804-RELEASE/merchant-api-0.0.7-20170804-RELEASE.jar!/com/youzan/pay/customer/api/product/request/CreateProductRequest.class], URL [jar:file:/Users/wulonghui/.m2/repository/com/youzan/pay/merchant-api/0.0.7-20170804-RELEASE/merchant-api-0.0.7-20170804-RELEASE.jar!/com/youzan/pay/customer/api/product/request/TerminateContractRequestInfo.class], URL [jar:file:/Users/wulonghui/.m2/repository/com/youzan/pay/merchant-api/0.0.7-20170804-RELEASE/merchant-api-0.0.7-20170804-RELEASE.jar!/com/youzan/pay/customer/api/product/result/ContractInfoDTO.class], URL [jar:file:/Users/wulonghui/.m2/repository/com/youzan/pay/merchant-api/0.0.7-20170804-RELEASE/merchant-api-0.0.7-20170804-RELEASE.jar!/com/youzan/pay/customer/api/product/result/RateRuleInfoDTO.class], URL [jar:file:/Users/wulonghui/.m2/repository/com/youzan/pay/merchant-api/0.0.7-20170804-RELEASE/merchant-api-0.0.7-20170804-RELEASE.jar!/com/youzan/pay/customer/api/product/result/UnifiedBizCodeInfoDTO.class], URL [jar:file:/Users/wulonghui/.m2/repository/com/youzan/pay/merchant-api/0.0.7-20170804-RELEASE/merchant-api-0.0.7-20170804-RELEASE.jar!/com/youzan/pay/customer/api/request/EnterpriseAuthRequest.class], URL [jar:file:/Users/wulonghui/.m2/repository/com/youzan/pay/merchant-api/0.0.7-20170804-RELEASE/merchant-api-0.0.7-20170804-RELEASE.jar!/com/youzan/pay/customer/api/request/MerchantSignContractQueryParam.class], URL [jar:file:/Users/wulonghui/.m2/repository/com/youzan/pay/merchant-api/0.0.7-20170804-RELEASE/merchant-api-0.0.7-20170804-RELEASE.jar!/com/youzan/pay/customer/api/request/OpenSubMerchantRequest.class], URL [jar:file:/Users/wulonghui/.m2/repository/com/youzan/pay/merchant-api/0.0.7-20170804-RELEASE/merchant-api-0.0.7-20170804-RELEASE.jar!/com/youzan/pay/customer/api/request/WeixinSelfPaymentParamsRequest.class], URL [jar:file:/Users/wulonghui/.m2/repository/com/youzan/pay/merchant-api/0.0.7-20170804-RELEASE/merchant-api-0.0.7-20170804-RELEASE.jar!/com/youzan/pay/customer/api/result/AccountingSummaryDetailResult$AccountingSummaryDetail.class], URL [jar:file:/Users/wulonghui/.m2/repository/com/youzan/pay/merchant-api/0.0.7-20170804-RELEASE/merchant-api-0.0.7-20170804-RELEASE.jar!/com/youzan/pay/customer/api/result/BindCardResult.class], URL [jar:file:/Users/wulonghui/.m2/repository/com/youzan/pay/merchant-api/0.0.7-20170804-RELEASE/merchant-api-0.0.7-20170804-RELEASE.jar!/com/youzan/pay/customer/api/result/BizCode.class], URL [jar:file:/Users/wulonghui/.m2/repository/com/youzan/pay/merchant-api/0.0.7-20170804-RELEASE/merchant-api-0.0.7-20170804-RELEASE.jar!/com/youzan/pay/customer/api/result/BoundBankCardResult.class], URL [jar:file:/Users/wulonghui/.m2/repository/com/youzan/pay/merchant-api/0.0.7-20170804-RELEASE/merchant-api-0.0.7-20170804-RELEASE.jar!/com/youzan/pay/customer/api/result/LoginInfo.class], URL [jar:file:/Users/wulonghui/.m2/repository/com/youzan/pay/merchant-api/0.0.7-20170804-RELEASE/merchant-api-0.0.7-20170804-RELEASE.jar!/com/youzan/pay/customer/api/result/LoginResult.class], URL [jar:file:/Users/wulonghui/.m2/repository/com/youzan/pay/merchant-api/0.0.7-20170804-RELEASE/merchant-api-0.0.7-20170804-RELEASE.jar!/com/youzan/pay/customer/api/result/MerchantBusinessInfo.class], URL [jar:file:/Users/wulonghui/.m2/repository/com/youzan/pay/merchant-api/0.0.7-20170804-RELEASE/merchant-api-0.0.7-20170804-RELEASE.jar!/com/youzan/pay/customer/api/result/MerchantCompanyInfo.class], URL [jar:file:/Users/wulonghui/.m2/repository/com/youzan/pay/merchant-api/0.0.7-20170804-RELEASE/merchant-api-0.0.7-20170804-RELEASE.jar!/com/youzan/pay/customer/api/result/MerchantProductInfo.class], URL [jar:file:/Users/wulonghui/.m2/repository/com/youzan/pay/merchant-api/0.0.7-20170804-RELEASE/merchant-api-0.0.7-20170804-RELEASE.jar!/com/youzan/pay/customer/api/result/MerchantSecurityInfo.class], URL [jar:file:/Users/wulonghui/.m2/repository/com/youzan/pay/merchant-api/0.0.7-20170804-RELEASE/merchant-api-0.0.7-20170804-RELEASE.jar!/com/youzan/pay/customer/api/result/OpenServiceMerchantResult.class], URL [jar:file:/Users/wulonghui/.m2/repository/com/youzan/pay/merchant-api/0.0.7-20170804-RELEASE/merchant-api-0.0.7-20170804-RELEASE.jar!/com/youzan/pay/customer/api/result/RegResult.class], URL [jar:file:/Users/wulonghui/.m2/repository/com/youzan/pay/merchant-api/0.0.7-20170804-RELEASE/merchant-api-0.0.7-20170804-RELEASE.jar!/com/youzan/pay/customer/api/result/SubMerchantTradeStatResult.class], URL [jar:file:/Users/wulonghui/.m2/repository/com/youzan/pay/merchant-api/0.0.7-20170804-RELEASE/merchant-api-0.0.7-20170804-RELEASE.jar!/com/youzan/pay/customer/api/result/WithDrawBaseInfoResult.class], URL [jar:file:/Users/wulonghui/.m2/repository/com/youzan/pay/consumer-center/basesearch-api/1.0.0-SNAPSHOT/basesearch-api-1.0.0-SNAPSHOT.jar!/com/youzan/pay/consumercenter/basesearch/api/QueryService.class], URL [jar:file:/Users/wulonghui/.m2/repository/com/youzan/pay/consumer-center/basesearch-api/1.0.0-SNAPSHOT/basesearch-api-1.0.0-SNAPSHOT.jar!/com/youzan/pay/consumercenter/basesearch/to/TradeTO.class], URL [jar:file:/Users/wulonghui/.m2/repository/com/youzan/pay/core/api-model/1.0.5-20170710-RELEASE/api-model-1.0.5-20170710-RELEASE.jar!/com/youzan/pay/core/api/model/bean/PageInfo.class], URL [jar:file:/Users/wulonghui/.m2/repository/com/youzan/pay/core/api-model/1.0.5-20170710-RELEASE/api-model-1.0.5-20170710-RELEASE.jar!/com/youzan/pay/core/api/model/request/PageParam.class], URL [jar:file:/Users/wulonghui/.m2/repository/com/youzan/pay/core/api-model/1.0.5-20170710-RELEASE/api-model-1.0.5-20170710-RELEASE.jar!/com/youzan/pay/core/api/model/response/DataResult.class], URL [jar:file:/Users/wulonghui/.m2/repository/com/youzan/pay/core/api-model/1.0.5-20170710-RELEASE/api-model-1.0.5-20170710-RELEASE.jar!/com/youzan/pay/core/api/model/response/ListResult.class], URL [jar:file:/Users/wulonghui/.m2/repository/com/youzan/pay/core/api-model/1.0.5-20170710-RELEASE/api-model-1.0.5-20170710-RELEASE.jar!/com/youzan/pay/core/api/model/response/PageResult.class], URL [jar:file:/Users/wulonghui/.m2/repository/com/youzan/pay/core/common-model/1.0.5-20170710-RELEASE/common-model-1.0.5-20170710-RELEASE.jar!/com/youzan/pay/core/common/model/base/IntBaseType.class], URL [jar:file:/Users/wulonghui/.m2/repository/com/youzan/pay/core/common-model/1.0.5-20170710-RELEASE/common-model-1.0.5-20170710-RELEASE.jar!/com/youzan/pay/core/common/model/base/IType.class], URL [jar:file:/Users/wulonghui/.m2/repository/com/youzan/pay/core/common-model/1.0.5-20170710-RELEASE/common-model-1.0.5-20170710-RELEASE.jar!/com/youzan/pay/core/common/model/base/StringBaseType.class], URL [jar:file:/Users/wulonghui/.m2/repository/com/youzan/pay/core/common-model/1.0.5-20170710-RELEASE/common-model-1.0.5-20170710-RELEASE.jar!/com/youzan/pay/core/common/model/enums/Bank.class], URL [jar:file:/Users/wulonghui/.m2/repository/com/youzan/pay/core/common-model/1.0.5-20170710-RELEASE/common-model-1.0.5-20170710-RELEASE.jar!/com/youzan/pay/core/common/model/enums/BankCardType.class], URL [jar:file:/Users/wulonghui/.m2/repository/com/youzan/pay/core/common-model/1.0.5-20170710-RELEASE/common-model-1.0.5-20170710-RELEASE.jar!/com/youzan/pay/core/common/model/enums/BankCodeInfoType.class], URL [jar:file:/Users/wulonghui/.m2/repository/com/youzan/pay/core/common-model/1.0.5-20170710-RELEASE/common-model-1.0.5-20170710-RELEASE.jar!/com/youzan/pay/core/common/model/enums/bizcode/ActionType.class], URL [jar:file:/Users/wulonghui/.m2/repository/com/youzan/pay/core/common-model/1.0.5-20170710-RELEASE/common-model-1.0.5-20170710-RELEASE.jar!/com/youzan/pay/core/common/model/enums/bizcode/ChannelType.class], URL [jar:file:/Users/wulonghui/.m2/repository/com/youzan/pay/core/common-model/1.0.5-20170710-RELEASE/common-model-1.0.5-20170710-RELEASE.jar!/com/youzan/pay/core/common/model/enums/bizcode/ModeType.class], URL [jar:file:/Users/wulonghui/.m2/repository/com/youzan/pay/core/common-model/1.0.5-20170710-RELEASE/common-model-1.0.5-20170710-RELEASE.jar!/com/youzan/pay/core/common/model/enums/bizcode/PayToolType.class], URL [jar:file:/Users/wulonghui/.m2/repository/com/youzan/pay/core/common-model/1.0.5-20170710-RELEASE/common-model-1.0.5-20170710-RELEASE.jar!/com/youzan/pay/core/common/model/enums/bizcode/ProdType.class], URL [jar:file:/Users/wulonghui/.m2/repository/com/youzan/pay/core/common-model/1.0.5-20170710-RELEASE/common-model-1.0.5-20170710-RELEASE.jar!/com/youzan/pay/core/common/model/enums/bizcode/UnifiedBizCodeBaseType.class], URL [jar:file:/Users/wulonghui/.m2/repository/com/youzan/pay/core/common-model/1.0.5-20170710-RELEASE/common-model-1.0.5-20170710-RELEASE.jar!/com/youzan/pay/core/common/model/enums/CurrencyCode.class], URL [jar:file:/Users/wulonghui/.m2/repository/com/youzan/pay/core/common-model/1.0.5-20170710-RELEASE/common-model-1.0.5-20170710-RELEASE.jar!/com/youzan/pay/core/common/model/resultcode/CommonResultCode.class], URL [jar:file:/Users/wulonghui/.m2/repository/com/youzan/pay/core/common-model/1.0.5-20170710-RELEASE/common-model-1.0.5-20170710-RELEASE.jar!/com/youzan/pay/core/common/model/resultcode/IResultCode.class], URL [jar:file:/Users/wulonghui/.m2/repository/com/youzan/pay/core/common-model/1.0.5-20170710-RELEASE/common-model-1.0.5-20170710-RELEASE.jar!/com/youzan/pay/core/common/model/resultcode/R.class], URL [jar:file:/Users/wulonghui/.m2/repository/com/youzan/pay/core/common-model/1.0.5-20170710-RELEASE/common-model-1.0.5-20170710-RELEASE.jar!/com/youzan/pay/core/common/model/resultcode/RFactory.class], URL [jar:file:/Users/wulonghui/.m2/repository/com/youzan/pay/cardvoucher/cardvoucher-api/1.0.0-20170822-RELEASE/cardvoucher-api-1.0.0-20170822-RELEASE.jar!/com/youzan/pay/cardvoucher/api/card/CardProductionService.class], URL [jar:file:/Users/wulonghui/.m2/repository/com/youzan/pay/cardvoucher/cardvoucher-api/1.0.0-20170822-RELEASE/cardvoucher-api-1.0.0-20170822-RELEASE.jar!/com/youzan/pay/cardvoucher/api/card/dto/ActiveCardDTO.class], URL [jar:file:/Users/wulonghui/.m2/repository/com/youzan/pay/cardvoucher/cardvoucher-api/1.0.0-20170822-RELEASE/cardvoucher-api-1.0.0-20170822-RELEASE.jar!/com/youzan/pay/cardvoucher/api/card/dto/CardBalanceDTO.class], URL [jar:file:/Users/wulonghui/.m2/repository/com/youzan/pay/cardvoucher/cardvoucher-api/1.0.0-20170822-RELEASE/cardvoucher-api-1.0.0-20170822-RELEASE.jar!/com/youzan/pay/cardvoucher/api/card/dto/CardInfoDTO.class], URL [jar:file:/Users/wulonghui/.m2/repository/com/youzan/pay/cardvoucher/cardvoucher-api/1.0.0-20170822-RELEASE/cardvoucher-api-1.0.0-20170822-RELEASE.jar!/com/youzan/pay/cardvoucher/api/card/dto/CardPayDetailDTO.class], URL [jar:file:/Users/wulonghui/.m2/repository/com/youzan/pay/cardvoucher/cardvoucher-api/1.0.0-20170822-RELEASE/cardvoucher-api-1.0.0-20170822-RELEASE.jar!/com/youzan/pay/cardvoucher/api/card/dto/CardRefundDetailDTO.class], URL [jar:file:/Users/wulonghui/.m2/repository/com/youzan/pay/cardvoucher/cardvoucher-api/1.0.0-20170822-RELEASE/cardvoucher-api-1.0.0-20170822-RELEASE.jar!/com/youzan/pay/cardvoucher/api/card/dto/CreateCardDTO.class], URL [jar:file:/Users/wulonghui/.m2/repository/com/youzan/pay/cardvoucher/cardvoucher-api/1.0.0-20170822-RELEASE/cardvoucher-api-1.0.0-20170822-RELEASE.jar!/com/youzan/pay/cardvoucher/api/card/dto/CreateTemplateCardDTO.class], URL [jar:file:/Users/wulonghui/.m2/repository/com/youzan/pay/cardvoucher/cardvoucher-api/1.0.0-20170822-RELEASE/cardvoucher-api-1.0.0-20170822-RELEASE.jar!/com/youzan/pay/cardvoucher/api/card/dto/UseableCardDTO.class], URL [jar:file:/Users/wulonghui/.m2/repository/com/youzan/pay/cardvoucher/cardvoucher-api/1.0.0-20170822-RELEASE/cardvoucher-api-1.0.0-20170822-RELEASE.jar!/com/youzan/pay/cardvoucher/api/card/GiftCardManageService.class], URL [jar:file:/Users/wulonghui/.m2/repository/com/youzan/pay/cardvoucher/cardvoucher-api/1.0.0-20170822-RELEASE/cardvoucher-api-1.0.0-20170822-RELEASE.jar!/com/youzan/pay/cardvoucher/api/card/GiftCardService.class], URL [jar:file:/Users/wulonghui/.m2/repository/com/youzan/pay/cardvoucher/cardvoucher-api/1.0.0-20170822-RELEASE/cardvoucher-api-1.0.0-20170822-RELEASE.jar!/com/youzan/pay/cardvoucher/api/card/request/ActiveCardRequest.class], URL [jar:file:/Users/wulonghui/.m2/repository/com/youzan/pay/cardvoucher/cardvoucher-api/1.0.0-20170822-RELEASE/cardvoucher-api-1.0.0-20170822-RELEASE.jar!/com/youzan/pay/cardvoucher/api/card/request/BatchQueryCardInfoRequest.class], URL [jar:file:/Users/wulonghui/.m2/repository/com/youzan/pay/cardvoucher/cardvoucher-api/1.0.0-20170822-RELEASE/cardvoucher-api-1.0.0-20170822-RELEASE.jar!/com/youzan/pay/cardvoucher/api/card/request/CardPayDetailRequest.class], URL [jar:file:/Users/wulonghui/.m2/repository/com/youzan/pay/cardvoucher/cardvoucher-api/1.0.0-20170822-RELEASE/cardvoucher-api-1.0.0-20170822-RELEASE.jar!/com/youzan/pay/cardvoucher/api/card/request/CardRefundDetailRequest.class], URL [jar:file:/Users/wulonghui/.m2/repository/com/youzan/pay/cardvoucher/cardvoucher-api/1.0.0-20170822-RELEASE/cardvoucher-api-1.0.0-20170822-RELEASE.jar!/com/youzan/pay/cardvoucher/api/card/request/CreateCardRequest.class], URL [jar:file:/Users/wulonghui/.m2/repository/com/youzan/pay/cardvoucher/cardvoucher-api/1.0.0-20170822-RELEASE/cardvoucher-api-1.0.0-20170822-RELEASE.jar!/com/youzan/pay/cardvoucher/api/card/request/CreateTemplateCardRequest.class], URL [jar:file:/Users/wulonghui/.m2/repository/com/youzan/pay/cardvoucher/cardvoucher-api/1.0.0-20170822-RELEASE/cardvoucher-api-1.0.0-20170822-RELEASE.jar!/com/youzan/pay/cardvoucher/api/card/request/QueryCardListRequest.class], URL [jar:file:/Users/wulonghui/.m2/repository/com/youzan/pay/cardvoucher/cardvoucher-api/1.0.0-20170822-RELEASE/cardvoucher-api-1.0.0-20170822-RELEASE.jar!/com/youzan/pay/cardvoucher/api/card/request/UseableCardListRequest.class], URL [jar:file:/Users/wulonghui/.m2/repository/com/youzan/pay/cardvoucher/cardvoucher-api/1.0.0-20170822-RELEASE/cardvoucher-api-1.0.0-20170822-RELEASE.jar!/com/youzan/pay/cardvoucher/api/compensate/AcceptCompensateService.class], URL [jar:file:/Users/wulonghui/.m2/repository/com/youzan/pay/cardvoucher/cardvoucher-api/1.0.0-20170822-RELEASE/cardvoucher-api-1.0.0-20170822-RELEASE.jar!/com/youzan/pay/cardvoucher/api/compensate/request/CompensateRequest.class], URL [jar:file:/Users/wulonghui/.m2/repository/com/youzan/pay/cardvoucher/cardvoucher-api/1.0.0-20170822-RELEASE/cardvoucher-api-1.0.0-20170822-RELEASE.jar!/com/youzan/pay/cardvoucher/api/compensate/SplitCompensateService.class], URL [jar:file:/Users/wulonghui/.m2/repository/com/youzan/pay/cardvoucher/cardvoucher-api/1.0.0-20170822-RELEASE/cardvoucher-api-1.0.0-20170822-RELEASE.jar!/com/youzan/pay/cardvoucher/api/message/MessageTaskService.class], URL [jar:file:/Users/wulonghui/.m2/repository/com/youzan/pay/cardvoucher/cardvoucher-api/1.0.0-20170822-RELEASE/cardvoucher-api-1.0.0-20170822-RELEASE.jar!/com/youzan/pay/cardvoucher/api/summarycard/dto/CreateSummaryCardDTO.class], URL [jar:file:/Users/wulonghui/.m2/repository/com/youzan/pay/cardvoucher/cardvoucher-api/1.0.0-20170822-RELEASE/cardvoucher-api-1.0.0-20170822-RELEASE.jar!/com/youzan/pay/cardvoucher/api/summarycard/dto/CreateSummaryTemplateDTO.class], URL [jar:file:/Users/wulonghui/.m2/repository/com/youzan/pay/cardvoucher/cardvoucher-api/1.0.0-20170822-RELEASE/cardvoucher-api-1.0.0-20170822-RELEASE.jar!/com/youzan/pay/cardvoucher/api/summarycard/dto/SummaryCardInfoDTO.class], URL [jar:file:/Users/wulonghui/.m2/repository/com/youzan/pay/cardvoucher/cardvoucher-api/1.0.0-20170822-RELEASE/cardvoucher-api-1.0.0-20170822-RELEASE.jar!/com/youzan/pay/cardvoucher/api/summarycard/dto/SummaryCardPayDTO.class], URL [jar:file:/Users/wulonghui/.m2/repository/com/youzan/pay/cardvoucher/cardvoucher-api/1.0.0-20170822-RELEASE/cardvoucher-api-1.0.0-20170822-RELEASE.jar!/com/youzan/pay/cardvoucher/api/summarycard/dto/SummaryCardRefundDTO.class], URL [jar:file:/Users/wulonghui/.m2/repository/com/youzan/pay/cardvoucher/cardvoucher-api/1.0.0-20170822-RELEASE/cardvoucher-api-1.0.0-20170822-RELEASE.jar!/com/youzan/pay/cardvoucher/api/summarycard/dto/SummaryCardTemplateDTO.class], URL [jar:file:/Users/wulonghui/.m2/repository/com/youzan/pay/cardvoucher/cardvoucher-api/1.0.0-20170822-RELEASE/cardvoucher-api-1.0.0-20170822-RELEASE.jar!/com/youzan/pay/cardvoucher/api/summarycard/request/CardRechargeRequest.class], URL [jar:file:/Users/wulonghui/.m2/repository/com/youzan/pay/cardvoucher/cardvoucher-api/1.0.0-20170822-RELEASE/cardvoucher-api-1.0.0-20170822-RELEASE.jar!/com/youzan/pay/cardvoucher/api/summarycard/request/CreateSummaryCardRequest.class], URL [jar:file:/Users/wulonghui/.m2/repository/com/youzan/pay/cardvoucher/cardvoucher-api/1.0.0-20170822-RELEASE/cardvoucher-api-1.0.0-20170822-RELEASE.jar!/com/youzan/pay/cardvoucher/api/summarycard/request/CreateSummaryTemplateRequest.class], URL [jar:file:/Users/wulonghui/.m2/repository/com/youzan/pay/cardvoucher/cardvoucher-api/1.0.0-20170822-RELEASE/cardvoucher-api-1.0.0-20170822-RELEASE.jar!/com/youzan/pay/cardvoucher/api/summarycard/request/QuerySummaryCardInfoRequest.class], URL [jar:file:/Users/wulonghui/.m2/repository/com/youzan/pay/cardvoucher/cardvoucher-api/1.0.0-20170822-RELEASE/cardvoucher-api-1.0.0-20170822-RELEASE.jar!/com/youzan/pay/cardvoucher/api/summarycard/request/QuerySummaryCardPayRequest.class], URL [jar:file:/Users/wulonghui/.m2/repository/com/youzan/pay/cardvoucher/cardvoucher-api/1.0.0-20170822-RELEASE/cardvoucher-api-1.0.0-20170822-RELEASE.jar!/com/youzan/pay/cardvoucher/api/summarycard/request/QuerySummaryCardRefundRequest.class], URL [jar:file:/Users/wulonghui/.m2/repository/com/youzan/pay/cardvoucher/cardvoucher-api/1.0.0-20170822-RELEASE/cardvoucher-api-1.0.0-20170822-RELEASE.jar!/com/youzan/pay/cardvoucher/api/summarycard/request/QuerySummaryCardTemplateRequest.class], URL [jar:file:/Users/wulonghui/.m2/repository/com/youzan/pay/cardvoucher/cardvoucher-api/1.0.0-20170822-RELEASE/cardvoucher-api-1.0.0-20170822-RELEASE.jar!/com/youzan/pay/cardvoucher/api/summarycard/SummaryCardManageService.class], URL [jar:file:/Users/wulonghui/.m2/repository/com/youzan/pay/cardvoucher/cardvoucher-api/1.0.0-20170822-RELEASE/cardvoucher-api-1.0.0-20170822-RELEASE.jar!/com/youzan/pay/cardvoucher/api/summarycard/SummaryCardQueryService.class], URL [jar:file:/Users/wulonghui/.m2/repository/com/youzan/pay/cardvoucher/cardvoucher-api/1.0.0-20170822-RELEASE/cardvoucher-api-1.0.0-20170822-RELEASE.jar!/com/youzan/pay/cardvoucher/api/summarycard/SummaryCardTemplateService.class], URL [jar:file:/Users/wulonghui/.m2/repository/com/youzan/pay/cardvoucher/cardvoucher-common-model/1.0.0-20170822-RELEASE/cardvoucher-common-model-1.0.0-20170822-RELEASE.jar!/com/youzan/pay/cardvoucher/common/model/dts/DtsHearder.class], URL [jar:file:/Users/wulonghui/.m2/repository/com/youzan/pay/cardvoucher/cardvoucher-common-model/1.0.0-20170822-RELEASE/cardvoucher-common-model-1.0.0-20170822-RELEASE.jar!/com/youzan/pay/cardvoucher/common/model/enums/SummaryCardStatusEnum.class], URL [jar:file:/Users/wulonghui/.m2/repository/com/youzan/pay/cardvoucher/cardvoucher-common-model/1.0.0-20170822-RELEASE/cardvoucher-common-model-1.0.0-20170822-RELEASE.jar!/com/youzan/pay/cardvoucher/common/model/exception/NoRetryException.class], URL [jar:file:/Users/wulonghui/.m2/repository/com/youzan/pay/cardvoucher/cardvoucher-common-model/1.0.0-20170822-RELEASE/cardvoucher-common-model-1.0.0-20170822-RELEASE.jar!/com/youzan/pay/cardvoucher/common/model/resultcode/CardVoucherCardPayResultCode.class], URL [jar:file:/Users/wulonghui/.m2/repository/com/youzan/pay/cardvoucher/cardvoucher-common-model/1.0.0-20170822-RELEASE/cardvoucher-common-model-1.0.0-20170822-RELEASE.jar!/com/youzan/pay/cardvoucher/common/model/resultcode/CardVoucherCardResultCode.class], URL [jar:file:/Users/wulonghui/.m2/repository/com/youzan/pay/cardvoucher/cardvoucher-common-model/1.0.0-20170822-RELEASE/cardvoucher-common-model-1.0.0-20170822-RELEASE.jar!/com/youzan/pay/cardvoucher/common/model/resultcode/CardVoucherCommonResultCode.class], URL [jar:file:/Users/wulonghui/.m2/repository/com/youzan/pay/cardvoucher/cardvoucher-common-model/1.0.0-20170822-RELEASE/cardvoucher-common-model-1.0.0-20170822-RELEASE.jar!/com/youzan/pay/cardvoucher/common/model/resultcode/CardVoucherResultCode.class], URL [jar:file:/Users/wulonghui/.m2/repository/com/youzan/pay/cardvoucher/cardvoucher-common-model/1.0.0-20170822-RELEASE/cardvoucher-common-model-1.0.0-20170822-RELEASE.jar!/com/youzan/pay/cardvoucher/common/model/resultcode/SummaryCardResultCode.class]]
2017-08-28 17:42:02.088 [main] DEBUG o.s.context.annotation.ClassPathBeanDefinitionScanner - Identified candidate component class: file [/Users/wulonghui/work/unified_cashier/intergration/target/classes/com/youzan/pay/unified/cashier/intergration/client/AssetCenterUnifiedPayServiceClient.class]
2017-08-28 17:42:02.089 [main] DEBUG o.s.context.annotation.ClassPathBeanDefinitionScanner - Identified candidate component class: file [/Users/wulonghui/work/unified_cashier/intergration/target/classes/com/youzan/pay/unified/cashier/intergration/client/CashierOrderStatusSearchClient.class]
2017-08-28 17:42:02.089 [main] DEBUG o.s.context.annotation.ClassPathBeanDefinitionScanner - Identified candidate component class: file [/Users/wulonghui/work/unified_cashier/intergration/target/classes/com/youzan/pay/unified/cashier/intergration/client/CashierRechargeServiceClient.class]
2017-08-28 17:42:02.089 [main] DEBUG o.s.context.annotation.ClassPathBeanDefinitionScanner - Identified candidate component class: file [/Users/wulonghui/work/unified_cashier/intergration/target/classes/com/youzan/pay/unified/cashier/intergration/client/ChannelBankCardServiceClient.class]
2017-08-28 17:42:02.089 [main] DEBUG o.s.context.annotation.ClassPathBeanDefinitionScanner - Identified candidate component class: file [/Users/wulonghui/work/unified_cashier/intergration/target/classes/com/youzan/pay/unified/cashier/intergration/client/MerchantBankCardServiceClient.class]
2017-08-28 17:42:02.089 [main] DEBUG o.s.context.annotation.ClassPathBeanDefinitionScanner - Identified candidate component class: file [/Users/wulonghui/work/unified_cashier/intergration/target/classes/com/youzan/pay/unified/cashier/intergration/client/MicroAccoutServiceClient.class]
2017-08-28 17:42:02.089 [main] DEBUG o.s.context.annotation.ClassPathBeanDefinitionScanner - Identified candidate component class: file [/Users/wulonghui/work/unified_cashier/intergration/target/classes/com/youzan/pay/unified/cashier/intergration/client/QueryPayToolConfigServiceClient.class]
2017-08-28 17:42:02.090 [main] DEBUG o.s.context.annotation.ClassPathBeanDefinitionScanner - Identified candidate component class: file [/Users/wulonghui/work/unified_cashier/intergration/target/classes/com/youzan/pay/unified/cashier/intergration/client/SignKeyServiceClient.class]
2017-08-28 17:42:02.090 [main] DEBUG o.s.context.annotation.ClassPathBeanDefinitionScanner - Identified candidate component class: file [/Users/wulonghui/work/unified_cashier/intergration/target/classes/com/youzan/pay/unified/cashier/intergration/client/SummaryCardQueryServiceClient.class]
2017-08-28 17:42:02.090 [main] DEBUG o.s.context.annotation.ClassPathBeanDefinitionScanner - Identified candidate component class: file [/Users/wulonghui/work/unified_cashier/intergration/target/classes/com/youzan/pay/unified/cashier/intergration/client/UnifiedOrderServiceClient.class]
2017-08-28 17:42:02.090 [main] DEBUG o.s.context.annotation.ClassPathBeanDefinitionScanner - Identified candidate component class: file [/Users/wulonghui/work/unified_cashier/intergration/target/classes/com/youzan/pay/unified/cashier/intergration/client/UnifiedPayServiceClient.class]
2017-08-28 17:42:02.090 [main] DEBUG o.s.context.annotation.ClassPathBeanDefinitionScanner - Identified candidate component class: file [/Users/wulonghui/work/unified_cashier/intergration/target/classes/com/youzan/pay/unified/cashier/intergration/client/UserMerchantServiceClient.class]
2017-08-28 17:42:02.095 [main] DEBUG o.s.context.annotation.ClassPathBeanDefinitionScanner - Identified candidate component class: URL [jar:file:/Users/wulonghui/.m2/repository/com/youzan/pay/core/core-utils/1.0.1-SNAPSHOT/core-utils-1.0.1-SNAPSHOT.jar!/com/youzan/pay/core/utils/spring/SpringUtil.class]
2017-08-28 17:42:02.137 [main] DEBUG o.s.context.annotation.ClassPathBeanDefinitionScanner - Identified candidate component class: URL [jar:file:/Users/wulonghui/.m2/repository/com/youzan/pay/core/0.2.9-20170710-RELEASE/core-0.2.9-20170710-RELEASE.jar!/com/youzan/pay/core/aspect/AutoLogParamsAspect.class]
2017-08-28 17:42:02.137 [main] DEBUG o.s.context.annotation.ClassPathBeanDefinitionScanner - Identified candidate component class: URL [jar:file:/Users/wulonghui/.m2/repository/com/youzan/pay/core/0.2.9-20170710-RELEASE/core-0.2.9-20170710-RELEASE.jar!/com/youzan/pay/core/aspect/RetryAspect.class]
2017-08-28 17:42:02.140 [main] DEBUG o.s.context.annotation.ClassPathBeanDefinitionScanner - Identified candidate component class: URL [jar:file:/Users/wulonghui/.m2/repository/com/youzan/pay/core/0.2.9-20170710-RELEASE/core-0.2.9-20170710-RELEASE.jar!/com/youzan/pay/core/task/impl/nsq/NsqTaskDispatcher.class]
2017-08-28 17:42:02.172 [main] DEBUG o.s.context.annotation.ClassPathBeanDefinitionScanner - Ignored because not a concrete top-level class: URL [jar:file:/Users/wulonghui/.m2/repository/com/youzan/pay/consumer-center/basesearch-api/1.0.0-SNAPSHOT/basesearch-api-1.0.0-SNAPSHOT.jar!/com/youzan/pay/consumercenter/basesearch/api/QueryService.class]
2017-08-28 17:42:02.179 [main] DEBUG o.s.beans.factory.support.DefaultListableBeanFactory - Creating shared instance of singleton bean 'org.springframework.context.annotation.internalAutowiredAnnotationProcessor'
2017-08-28 17:42:02.179 [main] DEBUG o.s.beans.factory.support.DefaultListableBeanFactory - Creating instance of bean 'org.springframework.context.annotation.internalAutowiredAnnotationProcessor'
2017-08-28 17:42:02.180 [main] DEBUG o.s.beans.factory.support.DefaultListableBeanFactory - Eagerly caching bean 'org.springframework.context.annotation.internalAutowiredAnnotationProcessor' to allow for resolving potential circular references
2017-08-28 17:42:02.180 [main] DEBUG o.s.beans.factory.support.DefaultListableBeanFactory - Finished creating instance of bean 'org.springframework.context.annotation.internalAutowiredAnnotationProcessor'
2017-08-28 17:42:02.180 [main] DEBUG o.s.beans.factory.support.DefaultListableBeanFactory - Creating shared instance of singleton bean 'org.springframework.context.annotation.internalRequiredAnnotationProcessor'
2017-08-28 17:42:02.180 [main] DEBUG o.s.beans.factory.support.DefaultListableBeanFactory - Creating instance of bean 'org.springframework.context.annotation.internalRequiredAnnotationProcessor'
2017-08-28 17:42:02.180 [main] DEBUG o.s.beans.factory.support.DefaultListableBeanFactory - Eagerly caching bean 'org.springframework.context.annotation.internalRequiredAnnotationProcessor' to allow for resolving potential circular references
2017-08-28 17:42:02.180 [main] DEBUG o.s.beans.factory.support.DefaultListableBeanFactory - Finished creating instance of bean 'org.springframework.context.annotation.internalRequiredAnnotationProcessor'
2017-08-28 17:42:02.180 [main] DEBUG o.s.beans.factory.support.DefaultListableBeanFactory - Creating shared instance of singleton bean 'org.springframework.context.annotation.internalCommonAnnotationProcessor'
2017-08-28 17:42:02.180 [main] DEBUG o.s.beans.factory.support.DefaultListableBeanFactory - Creating instance of bean 'org.springframework.context.annotation.internalCommonAnnotationProcessor'
2017-08-28 17:42:02.180 [main] DEBUG o.s.beans.factory.support.DefaultListableBeanFactory - Eagerly caching bean 'org.springframework.context.annotation.internalCommonAnnotationProcessor' to allow for resolving potential circular references
2017-08-28 17:42:02.180 [main] DEBUG o.s.beans.factory.support.DefaultListableBeanFactory - Finished creating instance of bean 'org.springframework.context.annotation.internalCommonAnnotationProcessor'
2017-08-28 17:42:02.180 [main] DEBUG o.s.beans.factory.support.DefaultListableBeanFactory - Creating shared instance of singleton bean 'org.springframework.context.annotation.ConfigurationClassPostProcessor.importAwareProcessor'
2017-08-28 17:42:02.180 [main] DEBUG o.s.beans.factory.support.DefaultListableBeanFactory - Creating instance of bean 'org.springframework.context.annotation.ConfigurationClassPostProcessor.importAwareProcessor'
2017-08-28 17:42:02.180 [main] DEBUG o.s.beans.factory.support.DefaultListableBeanFactory - Eagerly caching bean 'org.springframework.context.annotation.ConfigurationClassPostProcessor.importAwareProcessor' to allow for resolving potential circular references
2017-08-28 17:42:02.180 [main] DEBUG o.s.beans.factory.support.DefaultListableBeanFactory - Finished creating instance of bean 'org.springframework.context.annotation.ConfigurationClassPostProcessor.importAwareProcessor'
2017-08-28 17:42:02.180 [main] DEBUG o.s.beans.factory.support.DefaultListableBeanFactory - Creating shared instance of singleton bean 'org.springframework.aop.config.internalAutoProxyCreator'
2017-08-28 17:42:02.180 [main] DEBUG o.s.beans.factory.support.DefaultListableBeanFactory - Creating instance of bean 'org.springframework.aop.config.internalAutoProxyCreator'
2017-08-28 17:42:02.181 [main] DEBUG o.s.beans.factory.support.DefaultListableBeanFactory - Eagerly caching bean 'org.springframework.aop.config.internalAutoProxyCreator' to allow for resolving potential circular references
2017-08-28 17:42:02.181 [main] DEBUG o.s.beans.factory.support.DefaultListableBeanFactory - Finished creating instance of bean 'org.springframework.aop.config.internalAutoProxyCreator'
2017-08-28 17:42:02.181 [main] DEBUG o.s.beans.factory.support.DefaultListableBeanFactory - Returning cached instance of singleton bean 'com.alibaba.dubbo.config.spring.AnnotationBean'
2017-08-28 17:42:02.181 [main] DEBUG o.s.context.support.GenericApplicationContext - Unable to locate MessageSource with name 'messageSource': using default [org.springframework.context.support.DelegatingMessageSource@d51c182]
2017-08-28 17:42:02.181 [main] DEBUG o.s.context.support.GenericApplicationContext - Unable to locate ApplicationEventMulticaster with name 'applicationEventMulticaster': using default [org.springframework.context.event.SimpleApplicationEventMulticaster@3f897a9f]
2017-08-28 17:42:02.182 [main] INFO  o.s.beans.factory.support.DefaultListableBeanFactory - Pre-instantiating singletons in org.springframework.beans.factory.support.DefaultListableBeanFactory@37217146: defining beans [org.springframework.context.support.PropertySourcesPlaceholderConfigurer#0,assetCenterUnifiedPayServiceClient,cashierOrderStatusSearchClient,cashierRechargeServiceClient,channelBankCardServiceClient,merchantBankCardServiceClient,microAccoutServiceClient,queryPayToolConfigServiceClient,signKeyServiceClient,summaryCardQueryServiceClient,unifiedOrderServiceClient,unifiedPayServiceClient,userMerchantServiceClient,org.springframework.context.annotation.internalConfigurationAnnotationProcessor,org.springframework.context.annotation.internalAutowiredAnnotationProcessor,org.springframework.context.annotation.internalRequiredAnnotationProcessor,org.springframework.context.annotation.internalCommonAnnotationProcessor,signKeyService,merchantConfigService,acquireOrderService,unifiedPayService,unifiedOrderQueryService,unifiedOrderService,bankCardService,merchantBankCardService,userMerchantService,rechargeService,payToolsService,accountService,summaryCardQueryService,novaContainer,beanFactory,org.springframework.aop.config.internalAutoProxyCreator,tracingAop,customerMethodAop,org.springframework.context.annotation.ConfigurationClassPostProcessor.importAwareProcessor,com.alibaba.dubbo.config.ApplicationConfig,haunt,com.alibaba.dubbo.config.MonitorConfig,dubbo,rest,com.alibaba.dubbo.config.spring.AnnotationBean,springUtil,autoLogParamsAspect,retryAspect,nsqTaskDispatcher]; root of factory hierarchy
2017-08-28 17:42:02.182 [main] DEBUG o.s.beans.factory.support.DefaultListableBeanFactory - Returning cached instance of singleton bean 'org.springframework.context.support.PropertySourcesPlaceholderConfigurer#0'
2017-08-28 17:42:02.182 [main] DEBUG o.s.beans.factory.support.DefaultListableBeanFactory - Creating shared instance of singleton bean 'assetCenterUnifiedPayServiceClient'
2017-08-28 17:42:02.182 [main] DEBUG o.s.beans.factory.support.DefaultListableBeanFactory - Creating instance of bean 'assetCenterUnifiedPayServiceClient'
2017-08-28 17:42:02.182 [main] DEBUG o.s.a.aspectj.annotation.ReflectiveAspectJAdvisorFactory - Found AspectJ method: public java.lang.Object com.youzan.nova.framework.cat.annotation.aop.TracingAop.aroundExec(org.aspectj.lang.ProceedingJoinPoint) throws java.lang.Throwable
2017-08-28 17:42:02.183 [main] DEBUG o.s.a.aspectj.annotation.ReflectiveAspectJAdvisorFactory - Found AspectJ method: public java.lang.Object com.youzan.nova.framework.cat.annotation.aop.CustomerMethodAop.aroundExec(org.aspectj.lang.ProceedingJoinPoint) throws java.lang.Throwable
2017-08-28 17:42:02.183 [main] DEBUG o.s.a.aspectj.annotation.ReflectiveAspectJAdvisorFactory - Found AspectJ method: public void com.youzan.pay.core.aspect.AutoLogParamsAspect.before(org.aspectj.lang.JoinPoint)
2017-08-28 17:42:02.183 [main] DEBUG o.s.a.aspectj.annotation.ReflectiveAspectJAdvisorFactory - Found AspectJ method: public java.lang.Object com.youzan.pay.core.aspect.RetryAspect.retryProcess(org.aspectj.lang.ProceedingJoinPoint) throws java.lang.Throwable
2017-08-28 17:42:02.183 [main] DEBUG o.s.beans.factory.annotation.InjectionMetadata - Registered injected element on class [com.youzan.pay.unified.cashier.intergration.client.AssetCenterUnifiedPayServiceClient]: ResourceElement for private com.youzan.pay.assetcenter.api.UnifiedPayService com.youzan.pay.unified.cashier.intergration.client.AssetCenterUnifiedPayServiceClient.unifiedPayService
2017-08-28 17:42:02.183 [main] DEBUG o.s.beans.factory.support.DefaultListableBeanFactory - Eagerly caching bean 'assetCenterUnifiedPayServiceClient' to allow for resolving potential circular references
2017-08-28 17:42:02.183 [main] DEBUG o.s.beans.factory.annotation.InjectionMetadata - Processing injected element of bean 'assetCenterUnifiedPayServiceClient': ResourceElement for private com.youzan.pay.assetcenter.api.UnifiedPayService com.youzan.pay.unified.cashier.intergration.client.AssetCenterUnifiedPayServiceClient.unifiedPayService
2017-08-28 17:42:02.183 [main] DEBUG o.s.beans.factory.support.DefaultListableBeanFactory - Creating shared instance of singleton bean 'unifiedPayService'
2017-08-28 17:42:02.183 [main] DEBUG o.s.beans.factory.support.DefaultListableBeanFactory - Creating instance of bean 'unifiedPayService'
2017-08-28 17:42:02.184 [main] DEBUG o.s.beans.factory.support.DefaultListableBeanFactory - Eagerly caching bean 'unifiedPayService' to allow for resolving potential circular references
2017-08-28 17:42:02.184 [main] DEBUG o.s.beans.factory.support.DefaultListableBeanFactory - Creating shared instance of singleton bean 'haunt'
2017-08-28 17:42:02.184 [main] DEBUG o.s.beans.factory.support.DefaultListableBeanFactory - Creating instance of bean 'haunt'
2017-08-28 17:42:02.184 [main] DEBUG o.s.beans.factory.support.DefaultListableBeanFactory - Eagerly caching bean 'haunt' to allow for resolving potential circular references
2017-08-28 17:42:02.218 [main] DEBUG o.s.beans.factory.support.DefaultListableBeanFactory - Finished creating instance of bean 'haunt'
2017-08-28 17:42:02.218 [main] DEBUG o.s.beans.factory.support.DefaultListableBeanFactory - Invoking afterPropertiesSet() on bean with name 'unifiedPayService'
2017-08-28 17:42:02.218 [main] DEBUG o.s.beans.factory.support.DefaultListableBeanFactory - Creating shared instance of singleton bean 'com.alibaba.dubbo.config.ApplicationConfig'
2017-08-28 17:42:02.218 [main] DEBUG o.s.beans.factory.support.DefaultListableBeanFactory - Creating instance of bean 'com.alibaba.dubbo.config.ApplicationConfig'
2017-08-28 17:42:02.218 [main] DEBUG o.s.beans.factory.support.DefaultListableBeanFactory - Eagerly caching bean 'com.alibaba.dubbo.config.ApplicationConfig' to allow for resolving potential circular references
2017-08-28 17:42:02.219 [main] INFO  com.alibaba.dubbo.common.logger.LoggerFactory - using logger: com.alibaba.dubbo.common.logger.slf4j.Slf4jLoggerAdapter
2017-08-28 17:42:02.232 [main] DEBUG o.s.beans.factory.support.DefaultListableBeanFactory - Finished creating instance of bean 'com.alibaba.dubbo.config.ApplicationConfig'
2017-08-28 17:42:02.232 [main] DEBUG o.s.beans.factory.support.DefaultListableBeanFactory - Creating shared instance of singleton bean 'com.alibaba.dubbo.config.MonitorConfig'
2017-08-28 17:42:02.232 [main] DEBUG o.s.beans.factory.support.DefaultListableBeanFactory - Creating instance of bean 'com.alibaba.dubbo.config.MonitorConfig'
2017-08-28 17:42:02.233 [main] DEBUG o.s.beans.factory.support.DefaultListableBeanFactory - Eagerly caching bean 'com.alibaba.dubbo.config.MonitorConfig' to allow for resolving potential circular references
2017-08-28 17:42:02.244 [main] DEBUG o.s.beans.factory.support.DefaultListableBeanFactory - Finished creating instance of bean 'com.alibaba.dubbo.config.MonitorConfig'
2017-08-28 17:42:02.337 [main] DEBUG o.s.beans.factory.support.DefaultListableBeanFactory - Finished creating instance of bean 'unifiedPayService'
2017-08-28 17:42:02.338 [main] INFO  com.youzan.nova.registry.haunt.HauntRegistry -  [Nova] Register: consumer://172.17.11.56/com.youzan.pay.assetcenter.api.UnifiedPayService?application=pay-ucashier&category=consumers&check=false&dubbo=3.0.9-RELEASE&interface=com.youzan.pay.assetcenter.api.UnifiedPayService&logger=slf4j&methods=warpMultiPay,multiPay,singlePay,wrapMultiPay,wrapSinglePay&owner=pay-ucashier&pid=43551&protocol=dubbo&retries=0&revision=0.0.9-20170817-SNAPSHOT&side=consumer&timeout=5000&timestamp=1503913322337, nova version: 3.0.9-RELEASE, current host: 172.17.11.56
2017-08-28 17:42:02.338 [main] INFO  com.youzan.nova.registry.haunt.HauntRegistry -  [Nova] Subscribe: consumer://172.17.11.56/com.youzan.pay.assetcenter.api.UnifiedPayService?application=pay-ucashier&category=providers,configurators,routers&check=false&dubbo=3.0.9-RELEASE&interface=com.youzan.pay.assetcenter.api.UnifiedPayService&logger=slf4j&methods=warpMultiPay,multiPay,singlePay,wrapMultiPay,wrapSinglePay&owner=pay-ucashier&pid=43551&protocol=dubbo&retries=0&revision=0.0.9-20170817-SNAPSHOT&side=consumer&timeout=5000&timestamp=1503913322337, nova version: 3.0.9-RELEASE, current host: 172.17.11.56
2017-08-28 17:42:02.338 [main] INFO  com.youzan.nova.registry.haunt.HauntRegistry -  [Nova] Notify urls for subscribe url consumer://172.17.11.56/com.youzan.pay.assetcenter.api.UnifiedPayService?application=pay-ucashier&category=providers,configurators,routers&check=false&dubbo=3.0.9-RELEASE&interface=com.youzan.pay.assetcenter.api.UnifiedPayService&logger=slf4j&methods=warpMultiPay,multiPay,singlePay,wrapMultiPay,wrapSinglePay&owner=pay-ucashier&pid=43551&protocol=dubbo&retries=0&revision=0.0.9-20170817-SNAPSHOT&side=consumer&timeout=5000&timestamp=1503913322337, urls: [dubbo://10.9.82.150:28094?application=pay-assetcenter&interface=com.youzan.pay.assetcenter.api.UnifiedPayService&methods=warpMultiPay,multiPay,singlePay,wrapMultiPay,batchPay,wrapSinglePay,&timestamp=1503890765498&weight=100, empty://172.17.11.56/com.youzan.pay.assetcenter.api.UnifiedPayService?application=pay-ucashier&category=configurators&check=false&dubbo=3.0.9-RELEASE&interface=com.youzan.pay.assetcenter.api.UnifiedPayService&logger=slf4j&methods=warpMultiPay,multiPay,singlePay,wrapMultiPay,wrapSinglePay&owner=pay-ucashier&pid=43551&protocol=dubbo&retries=0&revision=0.0.9-20170817-SNAPSHOT&side=consumer&timeout=5000&timestamp=1503913322337, empty://172.17.11.56/com.youzan.pay.assetcenter.api.UnifiedPayService?application=pay-ucashier&category=routers&check=false&dubbo=3.0.9-RELEASE&interface=com.youzan.pay.assetcenter.api.UnifiedPayService&logger=slf4j&methods=warpMultiPay,multiPay,singlePay,wrapMultiPay,wrapSinglePay&owner=pay-ucashier&pid=43551&protocol=dubbo&retries=0&revision=0.0.9-20170817-SNAPSHOT&side=consumer&timeout=5000&timestamp=1503913322337], nova version: 3.0.9-RELEASE, current host: 172.17.11.56
2017-08-28 17:42:02.374 [main] INFO  com.alibaba.dubbo.remoting.transport.AbstractClient -  [Nova] Successed connect to server /10.9.82.150:28094 from NettyClient 172.17.11.56 using dubbo version 3.0.9-RELEASE, channel is NettyChannel [channel=[id: 0xb979cdf6, /172.17.11.56:61772 => /10.9.82.150:28094]], nova version: 3.0.9-RELEASE, current host: 172.17.11.56
2017-08-28 17:42:02.374 [main] INFO  com.alibaba.dubbo.remoting.transport.AbstractClient -  [Nova] Start NettyClient wulonghuideMacBook-Pro.local/172.17.11.56 connect to the server /10.9.82.150:28094, nova version: 3.0.9-RELEASE, current host: 172.17.11.56
2017-08-28 17:42:02.374 [main] INFO  com.alibaba.dubbo.config.AbstractConfig -  [Nova] Refer dubbo service com.youzan.pay.assetcenter.api.UnifiedPayService from url haunt://etcd-dev.s.qima-inc.com:2379/com.alibaba.dubbo.registry.RegistryService?application=pay-ucashier&check=false&dubbo=3.0.9-RELEASE&interface=com.youzan.pay.assetcenter.api.UnifiedPayService&logger=slf4j&methods=warpMultiPay,multiPay,singlePay,wrapMultiPay,wrapSinglePay&monitor=http%3A%2F%2Fhawk-dev.s.qima-inc.com%3A80%3Fdubbo%3D3.0.9-RELEASE%26interface%3Dcom.alibaba.dubbo.monitor.MonitorService%26pid%3D43551%26timestamp%3D1503913322338&owner=pay-ucashier&pid=43551&protocol=dubbo&retries=0&revision=0.0.9-20170817-SNAPSHOT&side=consumer&timeout=5000&timestamp=1503913322337&weight=100, nova version: 3.0.9-RELEASE, current host: 172.17.11.56
2017-08-28 17:42:02.383 [main] DEBUG o.s.beans.factory.support.DefaultListableBeanFactory - Finished creating instance of bean 'assetCenterUnifiedPayServiceClient'
2017-08-28 17:42:02.383 [main] DEBUG o.s.beans.factory.support.DefaultListableBeanFactory - Creating shared instance of singleton bean 'cashierOrderStatusSearchClient'
2017-08-28 17:42:02.384 [main] DEBUG o.s.beans.factory.support.DefaultListableBeanFactory - Creating instance of bean 'cashierOrderStatusSearchClient'
2017-08-28 17:42:02.384 [main] DEBUG o.s.beans.factory.annotation.InjectionMetadata - Registered injected element on class [com.youzan.pay.unified.cashier.intergration.client.CashierOrderStatusSearchClient]: ResourceElement for private com.youzan.pay.assetcenter.api.AcquireOrderService com.youzan.pay.unified.cashier.intergration.client.CashierOrderStatusSearchClient.acquireOrderService
2017-08-28 17:42:02.384 [main] DEBUG o.s.beans.factory.support.DefaultListableBeanFactory - Eagerly caching bean 'cashierOrderStatusSearchClient' to allow for resolving potential circular references
2017-08-28 17:42:02.384 [main] DEBUG o.s.beans.factory.annotation.InjectionMetadata - Processing injected element of bean 'cashierOrderStatusSearchClient': ResourceElement for private com.youzan.pay.assetcenter.api.AcquireOrderService com.youzan.pay.unified.cashier.intergration.client.CashierOrderStatusSearchClient.acquireOrderService
2017-08-28 17:42:02.384 [main] DEBUG o.s.beans.factory.support.DefaultListableBeanFactory - Creating shared instance of singleton bean 'acquireOrderService'
2017-08-28 17:42:02.384 [main] DEBUG o.s.beans.factory.support.DefaultListableBeanFactory - Creating instance of bean 'acquireOrderService'
2017-08-28 17:42:02.384 [main] DEBUG o.s.beans.factory.support.DefaultListableBeanFactory - Eagerly caching bean 'acquireOrderService' to allow for resolving potential circular references
2017-08-28 17:42:02.384 [main] DEBUG o.s.beans.factory.support.DefaultListableBeanFactory - Returning cached instance of singleton bean 'haunt'
2017-08-28 17:42:02.385 [main] DEBUG o.s.beans.factory.support.DefaultListableBeanFactory - Invoking afterPropertiesSet() on bean with name 'acquireOrderService'
2017-08-28 17:42:02.385 [main] DEBUG o.s.beans.factory.support.DefaultListableBeanFactory - Returning cached instance of singleton bean 'com.alibaba.dubbo.config.ApplicationConfig'
2017-08-28 17:42:02.385 [main] DEBUG o.s.beans.factory.support.DefaultListableBeanFactory - Returning cached instance of singleton bean 'com.alibaba.dubbo.config.MonitorConfig'
2017-08-28 17:42:02.388 [main] DEBUG o.s.beans.factory.support.DefaultListableBeanFactory - Finished creating instance of bean 'acquireOrderService'
2017-08-28 17:42:02.390 [main] INFO  com.youzan.nova.registry.haunt.HauntRegistry -  [Nova] Register: consumer://172.17.11.56/com.youzan.pay.assetcenter.api.AcquireOrderService?application=pay-ucashier&category=consumers&check=false&dubbo=3.0.9-RELEASE&interface=com.youzan.pay.assetcenter.api.AcquireOrderService&logger=slf4j&methods=payNotify,retryInAccount,query,create,pay,revoke&owner=pay-ucashier&pid=43551&protocol=dubbo&retries=0&revision=0.0.9-20170817-SNAPSHOT&side=consumer&timeout=5000&timestamp=1503913322389, nova version: 3.0.9-RELEASE, current host: 172.17.11.56
2017-08-28 17:42:02.390 [main] INFO  com.youzan.nova.registry.haunt.HauntRegistry -  [Nova] Subscribe: consumer://172.17.11.56/com.youzan.pay.assetcenter.api.AcquireOrderService?application=pay-ucashier&category=providers,configurators,routers&check=false&dubbo=3.0.9-RELEASE&interface=com.youzan.pay.assetcenter.api.AcquireOrderService&logger=slf4j&methods=payNotify,retryInAccount,query,create,pay,revoke&owner=pay-ucashier&pid=43551&protocol=dubbo&retries=0&revision=0.0.9-20170817-SNAPSHOT&side=consumer&timeout=5000&timestamp=1503913322389, nova version: 3.0.9-RELEASE, current host: 172.17.11.56
2017-08-28 17:42:02.391 [main] INFO  com.youzan.nova.registry.haunt.HauntRegistry -  [Nova] Notify urls for subscribe url consumer://172.17.11.56/com.youzan.pay.assetcenter.api.AcquireOrderService?application=pay-ucashier&category=providers,configurators,routers&check=false&dubbo=3.0.9-RELEASE&interface=com.youzan.pay.assetcenter.api.AcquireOrderService&logger=slf4j&methods=payNotify,retryInAccount,query,create,pay,revoke&owner=pay-ucashier&pid=43551&protocol=dubbo&retries=0&revision=0.0.9-20170817-SNAPSHOT&side=consumer&timeout=5000&timestamp=1503913322389, urls: [dubbo://10.9.82.150:28094?application=pay-assetcenter&interface=com.youzan.pay.assetcenter.api.AcquireOrderService&methods=payNotify,retryInAccount,query,pay,revoke,create,&timestamp=1503890764801&weight=100, empty://172.17.11.56/com.youzan.pay.assetcenter.api.AcquireOrderService?application=pay-ucashier&category=configurators&check=false&dubbo=3.0.9-RELEASE&interface=com.youzan.pay.assetcenter.api.AcquireOrderService&logger=slf4j&methods=payNotify,retryInAccount,query,create,pay,revoke&owner=pay-ucashier&pid=43551&protocol=dubbo&retries=0&revision=0.0.9-20170817-SNAPSHOT&side=consumer&timeout=5000&timestamp=1503913322389, empty://172.17.11.56/com.youzan.pay.assetcenter.api.AcquireOrderService?application=pay-ucashier&category=routers&check=false&dubbo=3.0.9-RELEASE&interface=com.youzan.pay.assetcenter.api.AcquireOrderService&logger=slf4j&methods=payNotify,retryInAccount,query,create,pay,revoke&owner=pay-ucashier&pid=43551&protocol=dubbo&retries=0&revision=0.0.9-20170817-SNAPSHOT&side=consumer&timeout=5000&timestamp=1503913322389], nova version: 3.0.9-RELEASE, current host: 172.17.11.56
2017-08-28 17:42:02.391 [main] INFO  com.alibaba.dubbo.config.AbstractConfig -  [Nova] Refer dubbo service com.youzan.pay.assetcenter.api.AcquireOrderService from url haunt://etcd-dev.s.qima-inc.com:2379/com.alibaba.dubbo.registry.RegistryService?application=pay-ucashier&check=false&dubbo=3.0.9-RELEASE&interface=com.youzan.pay.assetcenter.api.AcquireOrderService&logger=slf4j&methods=payNotify,retryInAccount,query,create,pay,revoke&monitor=http%3A%2F%2Fhawk-dev.s.qima-inc.com%3A80%3Fdubbo%3D3.0.9-RELEASE%26interface%3Dcom.alibaba.dubbo.monitor.MonitorService%26pid%3D43551%26timestamp%3D1503913322389&owner=pay-ucashier&pid=43551&protocol=dubbo&retries=0&revision=0.0.9-20170817-SNAPSHOT&side=consumer&timeout=5000&timestamp=1503913322389&weight=100, nova version: 3.0.9-RELEASE, current host: 172.17.11.56
2017-08-28 17:42:02.403 [main] DEBUG o.s.beans.factory.support.DefaultListableBeanFactory - Finished creating instance of bean 'cashierOrderStatusSearchClient'
2017-08-28 17:42:02.404 [main] DEBUG o.s.beans.factory.support.DefaultListableBeanFactory - Creating shared instance of singleton bean 'cashierRechargeServiceClient'
2017-08-28 17:42:02.404 [main] DEBUG o.s.beans.factory.support.DefaultListableBeanFactory - Creating instance of bean 'cashierRechargeServiceClient'
2017-08-28 17:42:02.404 [main] DEBUG o.s.beans.factory.annotation.InjectionMetadata - Registered injected element on class [com.youzan.pay.unified.cashier.intergration.client.CashierRechargeServiceClient]: ResourceElement for private com.youzan.pay.assetcenter.api.RechargeService com.youzan.pay.unified.cashier.intergration.client.CashierRechargeServiceClient.rechargeService
2017-08-28 17:42:02.404 [main] DEBUG o.s.beans.factory.support.DefaultListableBeanFactory - Eagerly caching bean 'cashierRechargeServiceClient' to allow for resolving potential circular references
2017-08-28 17:42:02.404 [main] DEBUG o.s.beans.factory.annotation.InjectionMetadata - Processing injected element of bean 'cashierRechargeServiceClient': ResourceElement for private com.youzan.pay.assetcenter.api.RechargeService com.youzan.pay.unified.cashier.intergration.client.CashierRechargeServiceClient.rechargeService
2017-08-28 17:42:02.404 [main] DEBUG o.s.beans.factory.support.DefaultListableBeanFactory - Creating shared instance of singleton bean 'rechargeService'
2017-08-28 17:42:02.404 [main] DEBUG o.s.beans.factory.support.DefaultListableBeanFactory - Creating instance of bean 'rechargeService'
2017-08-28 17:42:02.405 [main] DEBUG o.s.beans.factory.support.DefaultListableBeanFactory - Eagerly caching bean 'rechargeService' to allow for resolving potential circular references
2017-08-28 17:42:02.405 [main] DEBUG o.s.beans.factory.support.DefaultListableBeanFactory - Returning cached instance of singleton bean 'haunt'
2017-08-28 17:42:02.405 [main] DEBUG o.s.beans.factory.support.DefaultListableBeanFactory - Invoking afterPropertiesSet() on bean with name 'rechargeService'
2017-08-28 17:42:02.405 [main] DEBUG o.s.beans.factory.support.DefaultListableBeanFactory - Returning cached instance of singleton bean 'com.alibaba.dubbo.config.ApplicationConfig'
2017-08-28 17:42:02.406 [main] DEBUG o.s.beans.factory.support.DefaultListableBeanFactory - Returning cached instance of singleton bean 'com.alibaba.dubbo.config.MonitorConfig'
2017-08-28 17:42:02.407 [main] DEBUG o.s.beans.factory.support.DefaultListableBeanFactory - Finished creating instance of bean 'rechargeService'
2017-08-28 17:42:02.408 [main] INFO  com.youzan.nova.registry.haunt.HauntRegistry -  [Nova] Register: consumer://172.17.11.56/com.youzan.pay.assetcenter.api.RechargeService?application=pay-ucashier&category=consumers&check=false&dubbo=3.0.9-RELEASE&interface=com.youzan.pay.assetcenter.api.RechargeService&logger=slf4j&methods=rechargePay,wrapCreate,create,wrapRechargePay&owner=pay-ucashier&pid=43551&protocol=dubbo&retries=0&revision=0.0.9-20170817-SNAPSHOT&side=consumer&timeout=5000&timestamp=1503913322408, nova version: 3.0.9-RELEASE, current host: 172.17.11.56
2017-08-28 17:42:02.408 [main] INFO  com.youzan.nova.registry.haunt.HauntRegistry -  [Nova] Subscribe: consumer://172.17.11.56/com.youzan.pay.assetcenter.api.RechargeService?application=pay-ucashier&category=providers,configurators,routers&check=false&dubbo=3.0.9-RELEASE&interface=com.youzan.pay.assetcenter.api.RechargeService&logger=slf4j&methods=rechargePay,wrapCreate,create,wrapRechargePay&owner=pay-ucashier&pid=43551&protocol=dubbo&retries=0&revision=0.0.9-20170817-SNAPSHOT&side=consumer&timeout=5000&timestamp=1503913322408, nova version: 3.0.9-RELEASE, current host: 172.17.11.56
2017-08-28 17:42:02.408 [main] INFO  com.youzan.nova.registry.haunt.HauntRegistry -  [Nova] Notify urls for subscribe url consumer://172.17.11.56/com.youzan.pay.assetcenter.api.RechargeService?application=pay-ucashier&category=providers,configurators,routers&check=false&dubbo=3.0.9-RELEASE&interface=com.youzan.pay.assetcenter.api.RechargeService&logger=slf4j&methods=rechargePay,wrapCreate,create,wrapRechargePay&owner=pay-ucashier&pid=43551&protocol=dubbo&retries=0&revision=0.0.9-20170817-SNAPSHOT&side=consumer&timeout=5000&timestamp=1503913322408, urls: [dubbo://10.9.82.150:28094?application=pay-assetcenter&interface=com.youzan.pay.assetcenter.api.RechargeService&methods=rechargePay,wrapCreate,create,wrapRechargePay,&timestamp=1503890766143&weight=100, empty://172.17.11.56/com.youzan.pay.assetcenter.api.RechargeService?application=pay-ucashier&category=configurators&check=false&dubbo=3.0.9-RELEASE&interface=com.youzan.pay.assetcenter.api.RechargeService&logger=slf4j&methods=rechargePay,wrapCreate,create,wrapRechargePay&owner=pay-ucashier&pid=43551&protocol=dubbo&retries=0&revision=0.0.9-20170817-SNAPSHOT&side=consumer&timeout=5000&timestamp=1503913322408, empty://172.17.11.56/com.youzan.pay.assetcenter.api.RechargeService?application=pay-ucashier&category=routers&check=false&dubbo=3.0.9-RELEASE&interface=com.youzan.pay.assetcenter.api.RechargeService&logger=slf4j&methods=rechargePay,wrapCreate,create,wrapRechargePay&owner=pay-ucashier&pid=43551&protocol=dubbo&retries=0&revision=0.0.9-20170817-SNAPSHOT&side=consumer&timeout=5000&timestamp=1503913322408], nova version: 3.0.9-RELEASE, current host: 172.17.11.56
2017-08-28 17:42:02.409 [main] INFO  com.alibaba.dubbo.config.AbstractConfig -  [Nova] Refer dubbo service com.youzan.pay.assetcenter.api.RechargeService from url haunt://etcd-dev.s.qima-inc.com:2379/com.alibaba.dubbo.registry.RegistryService?application=pay-ucashier&check=false&dubbo=3.0.9-RELEASE&interface=com.youzan.pay.assetcenter.api.RechargeService&logger=slf4j&methods=rechargePay,wrapCreate,create,wrapRechargePay&monitor=http%3A%2F%2Fhawk-dev.s.qima-inc.com%3A80%3Fdubbo%3D3.0.9-RELEASE%26interface%3Dcom.alibaba.dubbo.monitor.MonitorService%26pid%3D43551%26timestamp%3D1503913322408&owner=pay-ucashier&pid=43551&protocol=dubbo&retries=0&revision=0.0.9-20170817-SNAPSHOT&side=consumer&timeout=5000&timestamp=1503913322408&weight=100, nova version: 3.0.9-RELEASE, current host: 172.17.11.56
2017-08-28 17:42:02.415 [main] DEBUG o.s.beans.factory.support.DefaultListableBeanFactory - Finished creating instance of bean 'cashierRechargeServiceClient'
2017-08-28 17:42:02.415 [main] DEBUG o.s.beans.factory.support.DefaultListableBeanFactory - Creating shared instance of singleton bean 'channelBankCardServiceClient'
2017-08-28 17:42:02.415 [main] DEBUG o.s.beans.factory.support.DefaultListableBeanFactory - Creating instance of bean 'channelBankCardServiceClient'
2017-08-28 17:42:02.415 [main] DEBUG o.s.beans.factory.annotation.InjectionMetadata - Registered injected element on class [com.youzan.pay.unified.cashier.intergration.client.ChannelBankCardServiceClient]: ResourceElement for private com.youzan.pay.fundchannel.open.api.BankCardService com.youzan.pay.unified.cashier.intergration.client.ChannelBankCardServiceClient.bankCardService
2017-08-28 17:42:02.415 [main] DEBUG o.s.beans.factory.support.DefaultListableBeanFactory - Eagerly caching bean 'channelBankCardServiceClient' to allow for resolving potential circular references
2017-08-28 17:42:02.415 [main] DEBUG o.s.beans.factory.annotation.InjectionMetadata - Processing injected element of bean 'channelBankCardServiceClient': ResourceElement for private com.youzan.pay.fundchannel.open.api.BankCardService com.youzan.pay.unified.cashier.intergration.client.ChannelBankCardServiceClient.bankCardService
2017-08-28 17:42:02.415 [main] DEBUG o.s.beans.factory.support.DefaultListableBeanFactory - Creating shared instance of singleton bean 'bankCardService'
2017-08-28 17:42:02.415 [main] DEBUG o.s.beans.factory.support.DefaultListableBeanFactory - Creating instance of bean 'bankCardService'
2017-08-28 17:42:02.416 [main] DEBUG o.s.beans.factory.support.DefaultListableBeanFactory - Eagerly caching bean 'bankCardService' to allow for resolving potential circular references
2017-08-28 17:42:02.416 [main] DEBUG o.s.beans.factory.support.DefaultListableBeanFactory - Returning cached instance of singleton bean 'haunt'
2017-08-28 17:42:02.416 [main] DEBUG o.s.beans.factory.support.DefaultListableBeanFactory - Invoking afterPropertiesSet() on bean with name 'bankCardService'
2017-08-28 17:42:02.416 [main] DEBUG o.s.beans.factory.support.DefaultListableBeanFactory - Returning cached instance of singleton bean 'com.alibaba.dubbo.config.ApplicationConfig'
2017-08-28 17:42:02.417 [main] DEBUG o.s.beans.factory.support.DefaultListableBeanFactory - Returning cached instance of singleton bean 'com.alibaba.dubbo.config.MonitorConfig'
2017-08-28 17:42:02.419 [main] DEBUG o.s.beans.factory.support.DefaultListableBeanFactory - Finished creating instance of bean 'bankCardService'
2017-08-28 17:42:02.420 [main] INFO  com.youzan.nova.registry.haunt.HauntRegistry -  [Nova] Register: consumer://172.17.11.56/com.youzan.pay.fundchannel.open.api.BankCardService?application=pay-ucashier&category=consumers&check=false&dubbo=3.0.9-RELEASE&interface=com.youzan.pay.fundchannel.open.api.BankCardService&logger=slf4j&methods=checkCard,sendSms,checkBankBinding,payConfirm&owner=pay-ucashier&pid=43551&protocol=dubbo&retries=0&revision=1.0.0-20170710-RELEASE&side=consumer&timeout=5000&timestamp=1503913322419, nova version: 3.0.9-RELEASE, current host: 172.17.11.56
2017-08-28 17:42:02.421 [main] INFO  com.youzan.nova.registry.haunt.HauntRegistry -  [Nova] Subscribe: consumer://172.17.11.56/com.youzan.pay.fundchannel.open.api.BankCardService?application=pay-ucashier&category=providers,configurators,routers&check=false&dubbo=3.0.9-RELEASE&interface=com.youzan.pay.fundchannel.open.api.BankCardService&logger=slf4j&methods=checkCard,sendSms,checkBankBinding,payConfirm&owner=pay-ucashier&pid=43551&protocol=dubbo&retries=0&revision=1.0.0-20170710-RELEASE&side=consumer&timeout=5000&timestamp=1503913322419, nova version: 3.0.9-RELEASE, current host: 172.17.11.56
2017-08-28 17:42:02.421 [main] INFO  com.youzan.nova.registry.haunt.HauntRegistry -  [Nova] Notify urls for subscribe url consumer://172.17.11.56/com.youzan.pay.fundchannel.open.api.BankCardService?application=pay-ucashier&category=providers,configurators,routers&check=false&dubbo=3.0.9-RELEASE&interface=com.youzan.pay.fundchannel.open.api.BankCardService&logger=slf4j&methods=checkCard,sendSms,checkBankBinding,payConfirm&owner=pay-ucashier&pid=43551&protocol=dubbo&retries=0&revision=1.0.0-20170710-RELEASE&side=consumer&timeout=5000&timestamp=1503913322419, urls: [dubbo://10.9.196.183:28096?application=pay-fund-channel&interface=com.youzan.pay.fundchannel.open.api.BankCardService&methods=checkCard,sendSms,checkBankBinding,payConfirm,&timestamp=1503389549681&weight=100, empty://172.17.11.56/com.youzan.pay.fundchannel.open.api.BankCardService?application=pay-ucashier&category=configurators&check=false&dubbo=3.0.9-RELEASE&interface=com.youzan.pay.fundchannel.open.api.BankCardService&logger=slf4j&methods=checkCard,sendSms,checkBankBinding,payConfirm&owner=pay-ucashier&pid=43551&protocol=dubbo&retries=0&revision=1.0.0-20170710-RELEASE&side=consumer&timeout=5000&timestamp=1503913322419, empty://172.17.11.56/com.youzan.pay.fundchannel.open.api.BankCardService?application=pay-ucashier&category=routers&check=false&dubbo=3.0.9-RELEASE&interface=com.youzan.pay.fundchannel.open.api.BankCardService&logger=slf4j&methods=checkCard,sendSms,checkBankBinding,payConfirm&owner=pay-ucashier&pid=43551&protocol=dubbo&retries=0&revision=1.0.0-20170710-RELEASE&side=consumer&timeout=5000&timestamp=1503913322419], nova version: 3.0.9-RELEASE, current host: 172.17.11.56
2017-08-28 17:42:02.453 [main] INFO  com.alibaba.dubbo.remoting.transport.AbstractClient -  [Nova] Successed connect to server /10.9.196.183:28096 from NettyClient 172.17.11.56 using dubbo version 3.0.9-RELEASE, channel is NettyChannel [channel=[id: 0x786b540c, /172.17.11.56:61773 => /10.9.196.183:28096]], nova version: 3.0.9-RELEASE, current host: 172.17.11.56
2017-08-28 17:42:02.453 [main] INFO  com.alibaba.dubbo.remoting.transport.AbstractClient -  [Nova] Start NettyClient wulonghuideMacBook-Pro.local/172.17.11.56 connect to the server /10.9.196.183:28096, nova version: 3.0.9-RELEASE, current host: 172.17.11.56
2017-08-28 17:42:02.453 [main] INFO  com.alibaba.dubbo.config.AbstractConfig -  [Nova] Refer dubbo service com.youzan.pay.fundchannel.open.api.BankCardService from url haunt://etcd-dev.s.qima-inc.com:2379/com.alibaba.dubbo.registry.RegistryService?application=pay-ucashier&check=false&dubbo=3.0.9-RELEASE&interface=com.youzan.pay.fundchannel.open.api.BankCardService&logger=slf4j&methods=checkCard,sendSms,checkBankBinding,payConfirm&monitor=http%3A%2F%2Fhawk-dev.s.qima-inc.com%3A80%3Fdubbo%3D3.0.9-RELEASE%26interface%3Dcom.alibaba.dubbo.monitor.MonitorService%26pid%3D43551%26timestamp%3D1503913322420&owner=pay-ucashier&pid=43551&protocol=dubbo&retries=0&revision=1.0.0-20170710-RELEASE&side=consumer&timeout=5000&timestamp=1503913322419&weight=100, nova version: 3.0.9-RELEASE, current host: 172.17.11.56
2017-08-28 17:42:02.458 [main] DEBUG o.s.beans.factory.support.DefaultListableBeanFactory - Finished creating instance of bean 'channelBankCardServiceClient'
2017-08-28 17:42:02.458 [main] DEBUG o.s.beans.factory.support.DefaultListableBeanFactory - Creating shared instance of singleton bean 'merchantBankCardServiceClient'
2017-08-28 17:42:02.458 [main] DEBUG o.s.beans.factory.support.DefaultListableBeanFactory - Creating instance of bean 'merchantBankCardServiceClient'
2017-08-28 17:42:02.458 [main] DEBUG o.s.beans.factory.annotation.InjectionMetadata - Registered injected element on class [com.youzan.pay.unified.cashier.intergration.client.MerchantBankCardServiceClient]: ResourceElement for private com.youzan.pay.customer.api.BankCardService com.youzan.pay.unified.cashier.intergration.client.MerchantBankCardServiceClient.merchantBankCardService
2017-08-28 17:42:02.458 [main] DEBUG o.s.beans.factory.support.DefaultListableBeanFactory - Eagerly caching bean 'merchantBankCardServiceClient' to allow for resolving potential circular references
2017-08-28 17:42:02.459 [main] DEBUG o.s.beans.factory.annotation.InjectionMetadata - Processing injected element of bean 'merchantBankCardServiceClient': ResourceElement for private com.youzan.pay.customer.api.BankCardService com.youzan.pay.unified.cashier.intergration.client.MerchantBankCardServiceClient.merchantBankCardService
2017-08-28 17:42:02.459 [main] DEBUG o.s.beans.factory.support.DefaultListableBeanFactory - Creating shared instance of singleton bean 'merchantBankCardService'
2017-08-28 17:42:02.459 [main] DEBUG o.s.beans.factory.support.DefaultListableBeanFactory - Creating instance of bean 'merchantBankCardService'
2017-08-28 17:42:02.459 [main] DEBUG o.s.beans.factory.support.DefaultListableBeanFactory - Eagerly caching bean 'merchantBankCardService' to allow for resolving potential circular references
2017-08-28 17:42:02.459 [main] DEBUG o.s.beans.factory.support.DefaultListableBeanFactory - Returning cached instance of singleton bean 'haunt'
2017-08-28 17:42:02.459 [main] DEBUG o.s.beans.factory.support.DefaultListableBeanFactory - Invoking afterPropertiesSet() on bean with name 'merchantBankCardService'
2017-08-28 17:42:02.459 [main] DEBUG o.s.beans.factory.support.DefaultListableBeanFactory - Returning cached instance of singleton bean 'com.alibaba.dubbo.config.ApplicationConfig'
2017-08-28 17:42:02.460 [main] DEBUG o.s.beans.factory.support.DefaultListableBeanFactory - Returning cached instance of singleton bean 'com.alibaba.dubbo.config.MonitorConfig'
2017-08-28 17:42:02.461 [main] DEBUG o.s.beans.factory.support.DefaultListableBeanFactory - Finished creating instance of bean 'merchantBankCardService'
2017-08-28 17:42:02.462 [main] INFO  com.youzan.nova.registry.haunt.HauntRegistry -  [Nova] Register: consumer://172.17.11.56/com.youzan.pay.customer.api.BankCardService?application=pay-ucashier&category=consumers&check=false&dubbo=3.0.9-RELEASE&interface=com.youzan.pay.customer.api.BankCardService&logger=slf4j&methods=getBoundBankCard,bindQuackPayCard,bindCard,unbindQuickPayCard,queryBoundQuickPayCard&owner=pay-ucashier&pid=43551&protocol=dubbo&retries=0&revision=0.0.7-20170804-RELEASE&side=consumer&timeout=5000&timestamp=1503913322461, nova version: 3.0.9-RELEASE, current host: 172.17.11.56
2017-08-28 17:42:02.462 [main] INFO  com.youzan.nova.registry.haunt.HauntRegistry -  [Nova] Subscribe: consumer://172.17.11.56/com.youzan.pay.customer.api.BankCardService?application=pay-ucashier&category=providers,configurators,routers&check=false&dubbo=3.0.9-RELEASE&interface=com.youzan.pay.customer.api.BankCardService&logger=slf4j&methods=getBoundBankCard,bindQuackPayCard,bindCard,unbindQuickPayCard,queryBoundQuickPayCard&owner=pay-ucashier&pid=43551&protocol=dubbo&retries=0&revision=0.0.7-20170804-RELEASE&side=consumer&timeout=5000&timestamp=1503913322461, nova version: 3.0.9-RELEASE, current host: 172.17.11.56
2017-08-28 17:42:02.462 [main] INFO  com.youzan.nova.registry.haunt.HauntRegistry -  [Nova] Notify urls for subscribe url consumer://172.17.11.56/com.youzan.pay.customer.api.BankCardService?application=pay-ucashier&category=providers,configurators,routers&check=false&dubbo=3.0.9-RELEASE&interface=com.youzan.pay.customer.api.BankCardService&logger=slf4j&methods=getBoundBankCard,bindQuackPayCard,bindCard,unbindQuickPayCard,queryBoundQuickPayCard&owner=pay-ucashier&pid=43551&protocol=dubbo&retries=0&revision=0.0.7-20170804-RELEASE&side=consumer&timeout=5000&timestamp=1503913322461, urls: [dubbo://172.16.8.185:28081?application=pay-customer&interface=com.youzan.pay.customer.api.BankCardService&methods=bindQuackPayCard,getBoundBankCard,bindCard_2_0_0,unbindQuickPayCard,bindCard,queryBoundQuickPayCard,&timestamp=1503899411797&weight=100, dubbo://10.9.196.183:28081?application=pay-customer&interface=com.youzan.pay.customer.api.BankCardService&methods=bindQuackPayCard,getBoundBankCard,unbindQuickPayCard,bindCard,queryBoundQuickPayCard,&timestamp=1503886744702&weight=100, dubbo://10.9.82.150:28081?application=pay-customer&interface=com.youzan.pay.customer.api.BankCardService&methods=getBoundBankCard,bindQuackPayCard,unbindQuickPayCard,bindCard,queryBoundQuickPayCard,&timestamp=1499329634155&weight=100, empty://172.17.11.56/com.youzan.pay.customer.api.BankCardService?application=pay-ucashier&category=configurators&check=false&dubbo=3.0.9-RELEASE&interface=com.youzan.pay.customer.api.BankCardService&logger=slf4j&methods=getBoundBankCard,bindQuackPayCard,bindCard,unbindQuickPayCard,queryBoundQuickPayCard&owner=pay-ucashier&pid=43551&protocol=dubbo&retries=0&revision=0.0.7-20170804-RELEASE&side=consumer&timeout=5000&timestamp=1503913322461, empty://172.17.11.56/com.youzan.pay.customer.api.BankCardService?application=pay-ucashier&category=routers&check=false&dubbo=3.0.9-RELEASE&interface=com.youzan.pay.customer.api.BankCardService&logger=slf4j&methods=getBoundBankCard,bindQuackPayCard,bindCard,unbindQuickPayCard,queryBoundQuickPayCard&owner=pay-ucashier&pid=43551&protocol=dubbo&retries=0&revision=0.0.7-20170804-RELEASE&side=consumer&timeout=5000&timestamp=1503913322461], nova version: 3.0.9-RELEASE, current host: 172.17.11.56
2017-08-28 17:42:02.568 [main] INFO  com.alibaba.dubbo.remoting.transport.AbstractClient -  [Nova] Successed connect to server /172.16.8.185:28081 from NettyClient 172.17.11.56 using dubbo version 3.0.9-RELEASE, channel is NettyChannel [channel=[id: 0xbb3d10fa, /172.17.11.56:61774 => /172.16.8.185:28081]], nova version: 3.0.9-RELEASE, current host: 172.17.11.56
2017-08-28 17:42:02.568 [main] INFO  com.alibaba.dubbo.remoting.transport.AbstractClient -  [Nova] Start NettyClient wulonghuideMacBook-Pro.local/172.17.11.56 connect to the server /172.16.8.185:28081, nova version: 3.0.9-RELEASE, current host: 172.17.11.56
2017-08-28 17:42:02.605 [main] INFO  com.alibaba.dubbo.remoting.transport.AbstractClient -  [Nova] Successed connect to server /10.9.196.183:28081 from NettyClient 172.17.11.56 using dubbo version 3.0.9-RELEASE, channel is NettyChannel [channel=[id: 0xa717a9c1, /172.17.11.56:61775 => /10.9.196.183:28081]], nova version: 3.0.9-RELEASE, current host: 172.17.11.56
2017-08-28 17:42:02.606 [main] INFO  com.alibaba.dubbo.remoting.transport.AbstractClient -  [Nova] Start NettyClient wulonghuideMacBook-Pro.local/172.17.11.56 connect to the server /10.9.196.183:28081, nova version: 3.0.9-RELEASE, current host: 172.17.11.56
2017-08-28 17:42:02.637 [main] INFO  com.alibaba.dubbo.remoting.transport.AbstractClient -  [Nova] Successed connect to server /10.9.82.150:28081 from NettyClient 172.17.11.56 using dubbo version 3.0.9-RELEASE, channel is NettyChannel [channel=[id: 0x915d9528, /172.17.11.56:61776 => /10.9.82.150:28081]], nova version: 3.0.9-RELEASE, current host: 172.17.11.56
2017-08-28 17:42:02.637 [main] INFO  com.alibaba.dubbo.remoting.transport.AbstractClient -  [Nova] Start NettyClient wulonghuideMacBook-Pro.local/172.17.11.56 connect to the server /10.9.82.150:28081, nova version: 3.0.9-RELEASE, current host: 172.17.11.56
2017-08-28 17:42:02.637 [main] INFO  com.alibaba.dubbo.config.AbstractConfig -  [Nova] Refer dubbo service com.youzan.pay.customer.api.BankCardService from url haunt://etcd-dev.s.qima-inc.com:2379/com.alibaba.dubbo.registry.RegistryService?application=pay-ucashier&check=false&dubbo=3.0.9-RELEASE&interface=com.youzan.pay.customer.api.BankCardService&logger=slf4j&methods=getBoundBankCard,bindQuackPayCard,bindCard,unbindQuickPayCard,queryBoundQuickPayCard&monitor=http%3A%2F%2Fhawk-dev.s.qima-inc.com%3A80%3Fdubbo%3D3.0.9-RELEASE%26interface%3Dcom.alibaba.dubbo.monitor.MonitorService%26pid%3D43551%26timestamp%3D1503913322462&owner=pay-ucashier&pid=43551&protocol=dubbo&retries=0&revision=0.0.7-20170804-RELEASE&side=consumer&timeout=5000&timestamp=1503913322461&weight=100, nova version: 3.0.9-RELEASE, current host: 172.17.11.56
2017-08-28 17:42:02.641 [main] DEBUG o.s.beans.factory.support.DefaultListableBeanFactory - Finished creating instance of bean 'merchantBankCardServiceClient'
2017-08-28 17:42:02.642 [main] DEBUG o.s.beans.factory.support.DefaultListableBeanFactory - Creating shared instance of singleton bean 'microAccoutServiceClient'
2017-08-28 17:42:02.642 [main] DEBUG o.s.beans.factory.support.DefaultListableBeanFactory - Creating instance of bean 'microAccoutServiceClient'
2017-08-28 17:42:02.642 [main] DEBUG o.s.beans.factory.annotation.InjectionMetadata - Registered injected element on class [com.youzan.pay.unified.cashier.intergration.client.MicroAccoutServiceClient]: ResourceElement for private com.youzan.pay.microaccount.prepaidcard.service.AccountService com.youzan.pay.unified.cashier.intergration.client.MicroAccoutServiceClient.accountService
2017-08-28 17:42:02.642 [main] DEBUG o.s.beans.factory.support.DefaultListableBeanFactory - Eagerly caching bean 'microAccoutServiceClient' to allow for resolving potential circular references
2017-08-28 17:42:02.642 [main] DEBUG o.s.beans.factory.annotation.InjectionMetadata - Processing injected element of bean 'microAccoutServiceClient': ResourceElement for private com.youzan.pay.microaccount.prepaidcard.service.AccountService com.youzan.pay.unified.cashier.intergration.client.MicroAccoutServiceClient.accountService
2017-08-28 17:42:02.642 [main] DEBUG o.s.beans.factory.support.DefaultListableBeanFactory - Creating shared instance of singleton bean 'accountService'
2017-08-28 17:42:02.642 [main] DEBUG o.s.beans.factory.support.DefaultListableBeanFactory - Creating instance of bean 'accountService'
2017-08-28 17:42:02.642 [main] DEBUG o.s.beans.factory.support.DefaultListableBeanFactory - Eagerly caching bean 'accountService' to allow for resolving potential circular references
2017-08-28 17:42:02.642 [main] DEBUG o.s.beans.factory.support.DefaultListableBeanFactory - Returning cached instance of singleton bean 'haunt'
2017-08-28 17:42:02.642 [main] DEBUG o.s.beans.factory.support.DefaultListableBeanFactory - Invoking afterPropertiesSet() on bean with name 'accountService'
2017-08-28 17:42:02.642 [main] DEBUG o.s.beans.factory.support.DefaultListableBeanFactory - Returning cached instance of singleton bean 'com.alibaba.dubbo.config.ApplicationConfig'
2017-08-28 17:42:02.643 [main] DEBUG o.s.beans.factory.support.DefaultListableBeanFactory - Returning cached instance of singleton bean 'com.alibaba.dubbo.config.MonitorConfig'
2017-08-28 17:42:02.644 [main] DEBUG o.s.beans.factory.support.DefaultListableBeanFactory - Finished creating instance of bean 'accountService'
2017-08-28 17:42:02.645 [main] INFO  com.youzan.nova.registry.haunt.HauntRegistry -  [Nova] Register: consumer://172.17.11.56/com.youzan.pay.microaccount.prepaidcard.service.AccountService?application=pay-ucashier&category=consumers&check=false&dubbo=3.0.9-RELEASE&interface=com.youzan.pay.microaccount.prepaidcard.service.AccountService&logger=slf4j&methods=getAccountByRefundNo,getAccountByPaymentNo,getAccountByRechargeNo,unfreeze,getAccountLogPaging,getPayAccount,freeze,getBatchOfBByUsers,getAccountLog,getAccountByUserNos,get&owner=pay-ucashier&pid=43551&protocol=dubbo&retries=0&revision=0.2.6-20170801-SNAPSHOT&side=consumer&timeout=5000&timestamp=1503913322645, nova version: 3.0.9-RELEASE, current host: 172.17.11.56
2017-08-28 17:42:02.645 [main] INFO  com.youzan.nova.registry.haunt.HauntRegistry -  [Nova] Subscribe: consumer://172.17.11.56/com.youzan.pay.microaccount.prepaidcard.service.AccountService?application=pay-ucashier&category=providers,configurators,routers&check=false&dubbo=3.0.9-RELEASE&interface=com.youzan.pay.microaccount.prepaidcard.service.AccountService&logger=slf4j&methods=getAccountByRefundNo,getAccountByPaymentNo,getAccountByRechargeNo,unfreeze,getAccountLogPaging,getPayAccount,freeze,getBatchOfBByUsers,getAccountLog,getAccountByUserNos,get&owner=pay-ucashier&pid=43551&protocol=dubbo&retries=0&revision=0.2.6-20170801-SNAPSHOT&side=consumer&timeout=5000&timestamp=1503913322645, nova version: 3.0.9-RELEASE, current host: 172.17.11.56
2017-08-28 17:42:02.645 [main] INFO  com.youzan.nova.registry.haunt.HauntRegistry -  [Nova] Notify urls for subscribe url consumer://172.17.11.56/com.youzan.pay.microaccount.prepaidcard.service.AccountService?application=pay-ucashier&category=providers,configurators,routers&check=false&dubbo=3.0.9-RELEASE&interface=com.youzan.pay.microaccount.prepaidcard.service.AccountService&logger=slf4j&methods=getAccountByRefundNo,getAccountByPaymentNo,getAccountByRechargeNo,unfreeze,getAccountLogPaging,getPayAccount,freeze,getBatchOfBByUsers,getAccountLog,getAccountByUserNos,get&owner=pay-ucashier&pid=43551&protocol=dubbo&retries=0&revision=0.2.6-20170801-SNAPSHOT&side=consumer&timeout=5000&timestamp=1503913322645, urls: [empty://172.17.11.56/com.youzan.pay.microaccount.prepaidcard.service.AccountService?application=pay-ucashier&category=providers&check=false&dubbo=3.0.9-RELEASE&interface=com.youzan.pay.microaccount.prepaidcard.service.AccountService&logger=slf4j&methods=getAccountByRefundNo,getAccountByPaymentNo,getAccountByRechargeNo,unfreeze,getAccountLogPaging,getPayAccount,freeze,getBatchOfBByUsers,getAccountLog,getAccountByUserNos,get&owner=pay-ucashier&pid=43551&protocol=dubbo&retries=0&revision=0.2.6-20170801-SNAPSHOT&side=consumer&timeout=5000&timestamp=1503913322645, empty://172.17.11.56/com.youzan.pay.microaccount.prepaidcard.service.AccountService?application=pay-ucashier&category=configurators&check=false&dubbo=3.0.9-RELEASE&interface=com.youzan.pay.microaccount.prepaidcard.service.AccountService&logger=slf4j&methods=getAccountByRefundNo,getAccountByPaymentNo,getAccountByRechargeNo,unfreeze,getAccountLogPaging,getPayAccount,freeze,getBatchOfBByUsers,getAccountLog,getAccountByUserNos,get&owner=pay-ucashier&pid=43551&protocol=dubbo&retries=0&revision=0.2.6-20170801-SNAPSHOT&side=consumer&timeout=5000&timestamp=1503913322645, empty://172.17.11.56/com.youzan.pay.microaccount.prepaidcard.service.AccountService?application=pay-ucashier&category=routers&check=false&dubbo=3.0.9-RELEASE&interface=com.youzan.pay.microaccount.prepaidcard.service.AccountService&logger=slf4j&methods=getAccountByRefundNo,getAccountByPaymentNo,getAccountByRechargeNo,unfreeze,getAccountLogPaging,getPayAccount,freeze,getBatchOfBByUsers,getAccountLog,getAccountByUserNos,get&owner=pay-ucashier&pid=43551&protocol=dubbo&retries=0&revision=0.2.6-20170801-SNAPSHOT&side=consumer&timeout=5000&timestamp=1503913322645], nova version: 3.0.9-RELEASE, current host: 172.17.11.56
2017-08-28 17:42:02.646 [main] INFO  com.alibaba.dubbo.config.AbstractConfig -  [Nova] Refer dubbo service com.youzan.pay.microaccount.prepaidcard.service.AccountService from url haunt://etcd-dev.s.qima-inc.com:2379/com.alibaba.dubbo.registry.RegistryService?application=pay-ucashier&check=false&dubbo=3.0.9-RELEASE&interface=com.youzan.pay.microaccount.prepaidcard.service.AccountService&logger=slf4j&methods=getAccountByRefundNo,getAccountByPaymentNo,getAccountByRechargeNo,unfreeze,getAccountLogPaging,getPayAccount,freeze,getBatchOfBByUsers,getAccountLog,getAccountByUserNos,get&owner=pay-ucashier&pid=43551&protocol=dubbo&retries=0&revision=0.2.6-20170801-SNAPSHOT&side=consumer&timeout=5000&timestamp=1503913322645, nova version: 3.0.9-RELEASE, current host: 172.17.11.56
2017-08-28 17:42:02.655 [main] DEBUG o.s.beans.factory.support.DefaultListableBeanFactory - Finished creating instance of bean 'microAccoutServiceClient'
2017-08-28 17:42:02.655 [main] DEBUG o.s.beans.factory.support.DefaultListableBeanFactory - Creating shared instance of singleton bean 'queryPayToolConfigServiceClient'
2017-08-28 17:42:02.655 [main] DEBUG o.s.beans.factory.support.DefaultListableBeanFactory - Creating instance of bean 'queryPayToolConfigServiceClient'
2017-08-28 17:42:02.655 [main] DEBUG o.s.beans.factory.annotation.InjectionMetadata - Registered injected element on class [com.youzan.pay.unified.cashier.intergration.client.QueryPayToolConfigServiceClient]: ResourceElement for private com.youzan.pay.customer.api.PayToolsService com.youzan.pay.unified.cashier.intergration.client.QueryPayToolConfigServiceClient.payToolsService
2017-08-28 17:42:02.655 [main] DEBUG o.s.beans.factory.annotation.InjectionMetadata - Registered injected element on class [com.youzan.pay.unified.cashier.intergration.client.QueryPayToolConfigServiceClient]: ResourceElement for private com.youzan.account.api.UserMerchantService com.youzan.pay.unified.cashier.intergration.client.QueryPayToolConfigServiceClient.userMerchantService
2017-08-28 17:42:02.655 [main] DEBUG o.s.beans.factory.annotation.InjectionMetadata - Registered injected element on class [com.youzan.pay.unified.cashier.intergration.client.QueryPayToolConfigServiceClient]: ResourceElement for private com.youzan.pay.core.cache.redis.RedisCacheManager com.youzan.pay.unified.cashier.intergration.client.QueryPayToolConfigServiceClient.redisCacheManager
2017-08-28 17:42:02.655 [main] DEBUG o.s.beans.factory.support.DefaultListableBeanFactory - Eagerly caching bean 'queryPayToolConfigServiceClient' to allow for resolving potential circular references
2017-08-28 17:42:02.655 [main] DEBUG o.s.beans.factory.annotation.InjectionMetadata - Processing injected element of bean 'queryPayToolConfigServiceClient': ResourceElement for private com.youzan.pay.customer.api.PayToolsService com.youzan.pay.unified.cashier.intergration.client.QueryPayToolConfigServiceClient.payToolsService
2017-08-28 17:42:02.655 [main] DEBUG o.s.beans.factory.support.DefaultListableBeanFactory - Creating shared instance of singleton bean 'payToolsService'
2017-08-28 17:42:02.655 [main] DEBUG o.s.beans.factory.support.DefaultListableBeanFactory - Creating instance of bean 'payToolsService'
2017-08-28 17:42:02.655 [main] DEBUG o.s.beans.factory.support.DefaultListableBeanFactory - Eagerly caching bean 'payToolsService' to allow for resolving potential circular references
2017-08-28 17:42:02.655 [main] DEBUG o.s.beans.factory.support.DefaultListableBeanFactory - Returning cached instance of singleton bean 'haunt'
2017-08-28 17:42:02.655 [main] DEBUG o.s.beans.factory.support.DefaultListableBeanFactory - Invoking afterPropertiesSet() on bean with name 'payToolsService'
2017-08-28 17:42:02.656 [main] DEBUG o.s.beans.factory.support.DefaultListableBeanFactory - Returning cached instance of singleton bean 'com.alibaba.dubbo.config.ApplicationConfig'
2017-08-28 17:42:02.656 [main] DEBUG o.s.beans.factory.support.DefaultListableBeanFactory - Returning cached instance of singleton bean 'com.alibaba.dubbo.config.MonitorConfig'
2017-08-28 17:42:02.657 [main] DEBUG o.s.beans.factory.support.DefaultListableBeanFactory - Finished creating instance of bean 'payToolsService'
2017-08-28 17:42:02.658 [main] INFO  com.youzan.nova.registry.haunt.HauntRegistry -  [Nova] Register: consumer://172.17.11.56/com.youzan.pay.customer.api.PayToolsService?application=pay-ucashier&category=consumers&check=false&dubbo=3.0.9-RELEASE&interface=com.youzan.pay.customer.api.PayToolsService&logger=slf4j&methods=getAvailablePayToolList&owner=pay-ucashier&pid=43551&protocol=dubbo&retries=0&revision=0.0.7-20170804-RELEASE&side=consumer&timeout=5000&timestamp=1503913322658, nova version: 3.0.9-RELEASE, current host: 172.17.11.56
2017-08-28 17:42:02.658 [main] INFO  com.youzan.nova.registry.haunt.HauntRegistry -  [Nova] Subscribe: consumer://172.17.11.56/com.youzan.pay.customer.api.PayToolsService?application=pay-ucashier&category=providers,configurators,routers&check=false&dubbo=3.0.9-RELEASE&interface=com.youzan.pay.customer.api.PayToolsService&logger=slf4j&methods=getAvailablePayToolList&owner=pay-ucashier&pid=43551&protocol=dubbo&retries=0&revision=0.0.7-20170804-RELEASE&side=consumer&timeout=5000&timestamp=1503913322658, nova version: 3.0.9-RELEASE, current host: 172.17.11.56
2017-08-28 17:42:02.658 [main] INFO  com.youzan.nova.registry.haunt.HauntRegistry -  [Nova] Notify urls for subscribe url consumer://172.17.11.56/com.youzan.pay.customer.api.PayToolsService?application=pay-ucashier&category=providers,configurators,routers&check=false&dubbo=3.0.9-RELEASE&interface=com.youzan.pay.customer.api.PayToolsService&logger=slf4j&methods=getAvailablePayToolList&owner=pay-ucashier&pid=43551&protocol=dubbo&retries=0&revision=0.0.7-20170804-RELEASE&side=consumer&timeout=5000&timestamp=1503913322658, urls: [dubbo://172.16.8.185:28081?application=pay-customer&interface=com.youzan.pay.customer.api.PayToolsService&methods=getAvailablePayToolList,&timestamp=1503899423630&weight=100, dubbo://10.9.196.183:28081?application=pay-customer&interface=com.youzan.pay.customer.api.PayToolsService&methods=getAvailablePayToolList,&timestamp=1503886744850&weight=100, empty://172.17.11.56/com.youzan.pay.customer.api.PayToolsService?application=pay-ucashier&category=configurators&check=false&dubbo=3.0.9-RELEASE&interface=com.youzan.pay.customer.api.PayToolsService&logger=slf4j&methods=getAvailablePayToolList&owner=pay-ucashier&pid=43551&protocol=dubbo&retries=0&revision=0.0.7-20170804-RELEASE&side=consumer&timeout=5000&timestamp=1503913322658, empty://172.17.11.56/com.youzan.pay.customer.api.PayToolsService?application=pay-ucashier&category=routers&check=false&dubbo=3.0.9-RELEASE&interface=com.youzan.pay.customer.api.PayToolsService&logger=slf4j&methods=getAvailablePayToolList&owner=pay-ucashier&pid=43551&protocol=dubbo&retries=0&revision=0.0.7-20170804-RELEASE&side=consumer&timeout=5000&timestamp=1503913322658], nova version: 3.0.9-RELEASE, current host: 172.17.11.56
2017-08-28 17:42:02.658 [main] INFO  com.alibaba.dubbo.config.AbstractConfig -  [Nova] Refer dubbo service com.youzan.pay.customer.api.PayToolsService from url haunt://etcd-dev.s.qima-inc.com:2379/com.alibaba.dubbo.registry.RegistryService?application=pay-ucashier&check=false&dubbo=3.0.9-RELEASE&interface=com.youzan.pay.customer.api.PayToolsService&logger=slf4j&methods=getAvailablePayToolList&monitor=http%3A%2F%2Fhawk-dev.s.qima-inc.com%3A80%3Fdubbo%3D3.0.9-RELEASE%26interface%3Dcom.alibaba.dubbo.monitor.MonitorService%26pid%3D43551%26timestamp%3D1503913322658&owner=pay-ucashier&pid=43551&protocol=dubbo&retries=0&revision=0.0.7-20170804-RELEASE&side=consumer&timeout=5000&timestamp=1503913322658&weight=100, nova version: 3.0.9-RELEASE, current host: 172.17.11.56
2017-08-28 17:42:02.660 [main] DEBUG o.s.beans.factory.annotation.InjectionMetadata - Processing injected element of bean 'queryPayToolConfigServiceClient': ResourceElement for private com.youzan.account.api.UserMerchantService com.youzan.pay.unified.cashier.intergration.client.QueryPayToolConfigServiceClient.userMerchantService
2017-08-28 17:42:02.660 [main] DEBUG o.s.beans.factory.support.DefaultListableBeanFactory - Creating shared instance of singleton bean 'userMerchantService'
2017-08-28 17:42:02.660 [main] DEBUG o.s.beans.factory.support.DefaultListableBeanFactory - Creating instance of bean 'userMerchantService'
2017-08-28 17:42:02.661 [main] DEBUG o.s.beans.factory.support.DefaultListableBeanFactory - Eagerly caching bean 'userMerchantService' to allow for resolving potential circular references
2017-08-28 17:42:02.661 [main] DEBUG o.s.beans.factory.support.DefaultListableBeanFactory - Returning cached instance of singleton bean 'haunt'
2017-08-28 17:42:02.661 [main] DEBUG o.s.beans.factory.support.DefaultListableBeanFactory - Invoking afterPropertiesSet() on bean with name 'userMerchantService'
2017-08-28 17:42:02.661 [main] DEBUG o.s.beans.factory.support.DefaultListableBeanFactory - Returning cached instance of singleton bean 'com.alibaba.dubbo.config.ApplicationConfig'
2017-08-28 17:42:02.661 [main] DEBUG o.s.beans.factory.support.DefaultListableBeanFactory - Returning cached instance of singleton bean 'com.alibaba.dubbo.config.MonitorConfig'
2017-08-28 17:42:02.663 [main] DEBUG o.s.beans.factory.support.DefaultListableBeanFactory - Finished creating instance of bean 'userMerchantService'
2017-08-28 17:42:02.663 [main] INFO  com.youzan.nova.registry.haunt.HauntRegistry -  [Nova] Register: consumer://172.17.11.56/com.youzan.account.api.UserMerchantService?application=pay-ucashier&category=consumers&check=false&dubbo=3.0.9-RELEASE&interface=com.youzan.account.api.UserMerchantService&logger=slf4j&methods=getMerchantIdSingleUserId,queryUserIdByMerchantId,getMerchantIdsBatch&owner=pay-ucashier&pid=43551&protocol=dubbo&retries=0&revision=1.1.16-RELEASE&side=consumer&timeout=5000&timestamp=1503913322663, nova version: 3.0.9-RELEASE, current host: 172.17.11.56
2017-08-28 17:42:02.664 [main] INFO  com.youzan.nova.registry.haunt.HauntRegistry -  [Nova] Subscribe: consumer://172.17.11.56/com.youzan.account.api.UserMerchantService?application=pay-ucashier&category=providers,configurators,routers&check=false&dubbo=3.0.9-RELEASE&interface=com.youzan.account.api.UserMerchantService&logger=slf4j&methods=getMerchantIdSingleUserId,queryUserIdByMerchantId,getMerchantIdsBatch&owner=pay-ucashier&pid=43551&protocol=dubbo&retries=0&revision=1.1.16-RELEASE&side=consumer&timeout=5000&timestamp=1503913322663, nova version: 3.0.9-RELEASE, current host: 172.17.11.56
2017-08-28 17:42:02.664 [main] INFO  com.youzan.nova.registry.haunt.HauntRegistry -  [Nova] Notify urls for subscribe url consumer://172.17.11.56/com.youzan.account.api.UserMerchantService?application=pay-ucashier&category=providers,configurators,routers&check=false&dubbo=3.0.9-RELEASE&interface=com.youzan.account.api.UserMerchantService&logger=slf4j&methods=getMerchantIdSingleUserId,queryUserIdByMerchantId,getMerchantIdsBatch&owner=pay-ucashier&pid=43551&protocol=dubbo&retries=0&revision=1.1.16-RELEASE&side=consumer&timeout=5000&timestamp=1503913322663, urls: [dubbo://10.9.75.207:20881?application=account&interface=com.youzan.account.api.UserMerchantService&methods=getMerchantIdSingleUserId,queryUserIdByMerchantId,getMerchantIdsBatch,&timestamp=1502275196151&weight=100, dubbo://172.17.12.196:20881?application=account&interface=com.youzan.account.api.UserMerchantService&methods=getMerchantIdSingleUserId,queryUserIdByMerchantId,getMerchantIdsBatch,&timestamp=1503911345384&weight=100, empty://172.17.11.56/com.youzan.account.api.UserMerchantService?application=pay-ucashier&category=configurators&check=false&dubbo=3.0.9-RELEASE&interface=com.youzan.account.api.UserMerchantService&logger=slf4j&methods=getMerchantIdSingleUserId,queryUserIdByMerchantId,getMerchantIdsBatch&owner=pay-ucashier&pid=43551&protocol=dubbo&retries=0&revision=1.1.16-RELEASE&side=consumer&timeout=5000&timestamp=1503913322663, empty://172.17.11.56/com.youzan.account.api.UserMerchantService?application=pay-ucashier&category=routers&check=false&dubbo=3.0.9-RELEASE&interface=com.youzan.account.api.UserMerchantService&logger=slf4j&methods=getMerchantIdSingleUserId,queryUserIdByMerchantId,getMerchantIdsBatch&owner=pay-ucashier&pid=43551&protocol=dubbo&retries=0&revision=1.1.16-RELEASE&side=consumer&timeout=5000&timestamp=1503913322663], nova version: 3.0.9-RELEASE, current host: 172.17.11.56
2017-08-28 17:42:02.696 [main] INFO  com.alibaba.dubbo.remoting.transport.AbstractClient -  [Nova] Successed connect to server /10.9.75.207:20881 from NettyClient 172.17.11.56 using dubbo version 3.0.9-RELEASE, channel is NettyChannel [channel=[id: 0x0ae183cc, /172.17.11.56:61777 => /10.9.75.207:20881]], nova version: 3.0.9-RELEASE, current host: 172.17.11.56
2017-08-28 17:42:02.696 [main] INFO  com.alibaba.dubbo.remoting.transport.AbstractClient -  [Nova] Start NettyClient wulonghuideMacBook-Pro.local/172.17.11.56 connect to the server /10.9.75.207:20881, nova version: 3.0.9-RELEASE, current host: 172.17.11.56
2017-08-28 17:42:02.769 [main] INFO  com.alibaba.dubbo.remoting.transport.AbstractClient -  [Nova] Successed connect to server /172.17.12.196:20881 from NettyClient 172.17.11.56 using dubbo version 3.0.9-RELEASE, channel is NettyChannel [channel=[id: 0x90eeacb1, /172.17.11.56:61778 => /172.17.12.196:20881]], nova version: 3.0.9-RELEASE, current host: 172.17.11.56
2017-08-28 17:42:02.769 [main] INFO  com.alibaba.dubbo.remoting.transport.AbstractClient -  [Nova] Start NettyClient wulonghuideMacBook-Pro.local/172.17.11.56 connect to the server /172.17.12.196:20881, nova version: 3.0.9-RELEASE, current host: 172.17.11.56
2017-08-28 17:42:02.769 [main] INFO  com.alibaba.dubbo.config.AbstractConfig -  [Nova] Refer dubbo service com.youzan.account.api.UserMerchantService from url haunt://etcd-dev.s.qima-inc.com:2379/com.alibaba.dubbo.registry.RegistryService?application=pay-ucashier&check=false&dubbo=3.0.9-RELEASE&interface=com.youzan.account.api.UserMerchantService&logger=slf4j&methods=getMerchantIdSingleUserId,queryUserIdByMerchantId,getMerchantIdsBatch&monitor=http%3A%2F%2Fhawk-dev.s.qima-inc.com%3A80%3Fdubbo%3D3.0.9-RELEASE%26interface%3Dcom.alibaba.dubbo.monitor.MonitorService%26pid%3D43551%26timestamp%3D1503913322663&owner=pay-ucashier&pid=43551&protocol=dubbo&retries=0&revision=1.1.16-RELEASE&side=consumer&timeout=5000&timestamp=1503913322663&weight=100, nova version: 3.0.9-RELEASE, current host: 172.17.11.56
2017-08-28 17:42:02.771 [main] DEBUG o.s.beans.factory.annotation.InjectionMetadata - Processing injected element of bean 'queryPayToolConfigServiceClient': ResourceElement for private com.youzan.pay.core.cache.redis.RedisCacheManager com.youzan.pay.unified.cashier.intergration.client.QueryPayToolConfigServiceClient.redisCacheManager
2017-08-28 17:42:02.772 [main] DEBUG o.s.beans.factory.support.DefaultListableBeanFactory - Creating shared instance of singleton bean 'signKeyService'
2017-08-28 17:42:02.772 [main] DEBUG o.s.beans.factory.support.DefaultListableBeanFactory - Creating instance of bean 'signKeyService'
2017-08-28 17:42:02.772 [main] DEBUG o.s.beans.factory.support.DefaultListableBeanFactory - Eagerly caching bean 'signKeyService' to allow for resolving potential circular references
2017-08-28 17:42:02.772 [main] DEBUG o.s.beans.factory.support.DefaultListableBeanFactory - Returning cached instance of singleton bean 'haunt'
2017-08-28 17:42:02.772 [main] DEBUG o.s.beans.factory.support.DefaultListableBeanFactory - Invoking afterPropertiesSet() on bean with name 'signKeyService'
2017-08-28 17:42:02.773 [main] DEBUG o.s.beans.factory.support.DefaultListableBeanFactory - Returning cached instance of singleton bean 'com.alibaba.dubbo.config.ApplicationConfig'
2017-08-28 17:42:02.773 [main] DEBUG o.s.beans.factory.support.DefaultListableBeanFactory - Returning cached instance of singleton bean 'com.alibaba.dubbo.config.MonitorConfig'
2017-08-28 17:42:02.774 [main] DEBUG o.s.beans.factory.support.DefaultListableBeanFactory - Finished creating instance of bean 'signKeyService'
2017-08-28 17:42:02.774 [main] DEBUG o.s.beans.factory.support.DefaultListableBeanFactory - Creating shared instance of singleton bean 'merchantConfigService'
2017-08-28 17:42:02.774 [main] DEBUG o.s.beans.factory.support.DefaultListableBeanFactory - Creating instance of bean 'merchantConfigService'
2017-08-28 17:42:02.775 [main] DEBUG o.s.beans.factory.support.DefaultListableBeanFactory - Eagerly caching bean 'merchantConfigService' to allow for resolving potential circular references
2017-08-28 17:42:02.775 [main] DEBUG o.s.beans.factory.support.DefaultListableBeanFactory - Returning cached instance of singleton bean 'haunt'
2017-08-28 17:42:02.776 [main] DEBUG o.s.beans.factory.support.DefaultListableBeanFactory - Invoking afterPropertiesSet() on bean with name 'merchantConfigService'
2017-08-28 17:42:02.776 [main] DEBUG o.s.beans.factory.support.DefaultListableBeanFactory - Returning cached instance of singleton bean 'com.alibaba.dubbo.config.ApplicationConfig'
2017-08-28 17:42:02.777 [main] DEBUG o.s.beans.factory.support.DefaultListableBeanFactory - Returning cached instance of singleton bean 'com.alibaba.dubbo.config.MonitorConfig'
2017-08-28 17:42:02.778 [main] DEBUG o.s.beans.factory.support.DefaultListableBeanFactory - Finished creating instance of bean 'merchantConfigService'
2017-08-28 17:42:02.778 [main] DEBUG o.s.beans.factory.support.DefaultListableBeanFactory - Creating shared instance of singleton bean 'unifiedOrderQueryService'
2017-08-28 17:42:02.778 [main] DEBUG o.s.beans.factory.support.DefaultListableBeanFactory - Creating instance of bean 'unifiedOrderQueryService'
2017-08-28 17:42:02.778 [main] DEBUG o.s.beans.factory.support.DefaultListableBeanFactory - Eagerly caching bean 'unifiedOrderQueryService' to allow for resolving potential circular references
2017-08-28 17:42:02.778 [main] DEBUG o.s.beans.factory.support.DefaultListableBeanFactory - Returning cached instance of singleton bean 'haunt'
2017-08-28 17:42:02.779 [main] DEBUG o.s.beans.factory.support.DefaultListableBeanFactory - Invoking afterPropertiesSet() on bean with name 'unifiedOrderQueryService'
2017-08-28 17:42:02.779 [main] DEBUG o.s.beans.factory.support.DefaultListableBeanFactory - Returning cached instance of singleton bean 'com.alibaba.dubbo.config.ApplicationConfig'
2017-08-28 17:42:02.779 [main] DEBUG o.s.beans.factory.support.DefaultListableBeanFactory - Returning cached instance of singleton bean 'com.alibaba.dubbo.config.MonitorConfig'
2017-08-28 17:42:02.780 [main] DEBUG o.s.beans.factory.support.DefaultListableBeanFactory - Finished creating instance of bean 'unifiedOrderQueryService'
2017-08-28 17:42:02.780 [main] DEBUG o.s.beans.factory.support.DefaultListableBeanFactory - Creating shared instance of singleton bean 'unifiedOrderService'
2017-08-28 17:42:02.781 [main] DEBUG o.s.beans.factory.support.DefaultListableBeanFactory - Creating instance of bean 'unifiedOrderService'
2017-08-28 17:42:02.781 [main] DEBUG o.s.beans.factory.support.DefaultListableBeanFactory - Eagerly caching bean 'unifiedOrderService' to allow for resolving potential circular references
2017-08-28 17:42:02.781 [main] DEBUG o.s.beans.factory.support.DefaultListableBeanFactory - Returning cached instance of singleton bean 'haunt'
2017-08-28 17:42:02.781 [main] DEBUG o.s.beans.factory.support.DefaultListableBeanFactory - Invoking afterPropertiesSet() on bean with name 'unifiedOrderService'
2017-08-28 17:42:02.781 [main] DEBUG o.s.beans.factory.support.DefaultListableBeanFactory - Returning cached instance of singleton bean 'com.alibaba.dubbo.config.ApplicationConfig'
2017-08-28 17:42:02.781 [main] DEBUG o.s.beans.factory.support.DefaultListableBeanFactory - Returning cached instance of singleton bean 'com.alibaba.dubbo.config.MonitorConfig'
2017-08-28 17:42:02.782 [main] DEBUG o.s.beans.factory.support.DefaultListableBeanFactory - Finished creating instance of bean 'unifiedOrderService'
2017-08-28 17:42:02.783 [main] DEBUG o.s.beans.factory.support.DefaultListableBeanFactory - Creating shared instance of singleton bean 'summaryCardQueryService'
2017-08-28 17:42:02.783 [main] DEBUG o.s.beans.factory.support.DefaultListableBeanFactory - Creating instance of bean 'summaryCardQueryService'
2017-08-28 17:42:02.783 [main] DEBUG o.s.beans.factory.support.DefaultListableBeanFactory - Eagerly caching bean 'summaryCardQueryService' to allow for resolving potential circular references
2017-08-28 17:42:02.783 [main] DEBUG o.s.beans.factory.support.DefaultListableBeanFactory - Returning cached instance of singleton bean 'haunt'
2017-08-28 17:42:02.783 [main] DEBUG o.s.beans.factory.support.DefaultListableBeanFactory - Invoking afterPropertiesSet() on bean with name 'summaryCardQueryService'
2017-08-28 17:42:02.783 [main] DEBUG o.s.beans.factory.support.DefaultListableBeanFactory - Returning cached instance of singleton bean 'com.alibaba.dubbo.config.ApplicationConfig'
2017-08-28 17:42:02.783 [main] DEBUG o.s.beans.factory.support.DefaultListableBeanFactory - Returning cached instance of singleton bean 'com.alibaba.dubbo.config.MonitorConfig'
2017-08-28 17:42:02.785 [main] DEBUG o.s.beans.factory.support.DefaultListableBeanFactory - Finished creating instance of bean 'summaryCardQueryService'
2017-08-28 17:42:02.786 [main] WARN  o.s.context.support.GenericApplicationContext - Exception encountered during context initialization - cancelling refresh attempt
org.springframework.beans.factory.BeanCreationException: Error creating bean with name 'queryPayToolConfigServiceClient': Injection of resource dependencies failed; nested exception is org.springframework.beans.factory.NoSuchBeanDefinitionException: No qualifying bean of type [com.youzan.pay.core.cache.redis.RedisCacheManager] found for dependency: expected at least 1 bean which qualifies as autowire candidate for this dependency. Dependency annotations: {@javax.annotation.Resource(shareable=true, lookup=, name=, description=, authenticationType=CONTAINER, type=class java.lang.Object, mappedName=)}
	at org.springframework.context.annotation.CommonAnnotationBeanPostProcessor.postProcessPropertyValues(CommonAnnotationBeanPostProcessor.java:307) ~[spring-context-3.2.13.RELEASE.jar:3.2.13.RELEASE]
	at org.springframework.beans.factory.support.AbstractAutowireCapableBeanFactory.populateBean(AbstractAutowireCapableBeanFactory.java:1148) ~[spring-beans-3.2.13.RELEASE.jar:3.2.13.RELEASE]
	at org.springframework.beans.factory.support.AbstractAutowireCapableBeanFactory.doCreateBean(AbstractAutowireCapableBeanFactory.java:519) ~[spring-beans-3.2.13.RELEASE.jar:3.2.13.RELEASE]
	at org.springframework.beans.factory.support.AbstractAutowireCapableBeanFactory.createBean(AbstractAutowireCapableBeanFactory.java:458) ~[spring-beans-3.2.13.RELEASE.jar:3.2.13.RELEASE]
	at org.springframework.beans.factory.support.AbstractBeanFactory$1.getObject(AbstractBeanFactory.java:293) ~[spring-beans-3.2.13.RELEASE.jar:3.2.13.RELEASE]
	at org.springframework.beans.factory.support.DefaultSingletonBeanRegistry.getSingleton(DefaultSingletonBeanRegistry.java:223) ~[spring-beans-3.2.13.RELEASE.jar:3.2.13.RELEASE]
	at org.springframework.beans.factory.support.AbstractBeanFactory.doGetBean(AbstractBeanFactory.java:290) ~[spring-beans-3.2.13.RELEASE.jar:3.2.13.RELEASE]
	at org.springframework.beans.factory.support.AbstractBeanFactory.getBean(AbstractBeanFactory.java:191) ~[spring-beans-3.2.13.RELEASE.jar:3.2.13.RELEASE]
	at org.springframework.beans.factory.support.DefaultListableBeanFactory.preInstantiateSingletons(DefaultListableBeanFactory.java:636) ~[spring-beans-3.2.13.RELEASE.jar:3.2.13.RELEASE]
	at org.springframework.context.support.AbstractApplicationContext.finishBeanFactoryInitialization(AbstractApplicationContext.java:934) ~[spring-context-3.2.13.RELEASE.jar:3.2.13.RELEASE]
	at org.springframework.context.support.AbstractApplicationContext.refresh(AbstractApplicationContext.java:479) ~[spring-context-3.2.13.RELEASE.jar:3.2.13.RELEASE]
	at org.springframework.test.context.support.AbstractGenericContextLoader.loadContext(AbstractGenericContextLoader.java:120) [spring-test-3.2.13.RELEASE.jar:3.2.13.RELEASE]
	at org.springframework.test.context.support.AbstractGenericContextLoader.loadContext(AbstractGenericContextLoader.java:60) [spring-test-3.2.13.RELEASE.jar:3.2.13.RELEASE]
	at org.springframework.test.context.support.AbstractDelegatingSmartContextLoader.delegateLoading(AbstractDelegatingSmartContextLoader.java:102) [spring-test-3.2.13.RELEASE.jar:3.2.13.RELEASE]
	at org.springframework.test.context.support.AbstractDelegatingSmartContextLoader.loadContext(AbstractDelegatingSmartContextLoader.java:246) [spring-test-3.2.13.RELEASE.jar:3.2.13.RELEASE]
	at org.springframework.test.context.CacheAwareContextLoaderDelegate.loadContextInternal(CacheAwareContextLoaderDelegate.java:69) [spring-test-3.2.13.RELEASE.jar:3.2.13.RELEASE]
	at org.springframework.test.context.CacheAwareContextLoaderDelegate.loadContext(CacheAwareContextLoaderDelegate.java:95) [spring-test-3.2.13.RELEASE.jar:3.2.13.RELEASE]
	at org.springframework.test.context.TestContext.getApplicationContext(TestContext.java:122) [spring-test-3.2.13.RELEASE.jar:3.2.13.RELEASE]
	at org.springframework.test.context.support.DependencyInjectionTestExecutionListener.injectDependencies(DependencyInjectionTestExecutionListener.java:109) [spring-test-3.2.13.RELEASE.jar:3.2.13.RELEASE]
	at org.springframework.test.context.support.DependencyInjectionTestExecutionListener.prepareTestInstance(DependencyInjectionTestExecutionListener.java:75) [spring-test-3.2.13.RELEASE.jar:3.2.13.RELEASE]
	at org.springframework.test.context.TestContextManager.prepareTestInstance(TestContextManager.java:321) [spring-test-3.2.13.RELEASE.jar:3.2.13.RELEASE]
	at org.springframework.test.context.junit4.SpringJUnit4ClassRunner.createTest(SpringJUnit4ClassRunner.java:211) [spring-test-3.2.13.RELEASE.jar:3.2.13.RELEASE]
	at org.springframework.test.context.junit4.SpringJUnit4ClassRunner$1.runReflectiveCall(SpringJUnit4ClassRunner.java:288) [spring-test-3.2.13.RELEASE.jar:3.2.13.RELEASE]
	at org.junit.internal.runners.model.ReflectiveCallable.run(ReflectiveCallable.java:12) [junit-4.12.jar:4.12]
	at org.springframework.test.context.junit4.SpringJUnit4ClassRunner.methodBlock(SpringJUnit4ClassRunner.java:284) [spring-test-3.2.13.RELEASE.jar:3.2.13.RELEASE]
	at org.springframework.test.context.junit4.SpringJUnit4ClassRunner.runChild(SpringJUnit4ClassRunner.java:231) [spring-test-3.2.13.RELEASE.jar:3.2.13.RELEASE]
	at org.springframework.test.context.junit4.SpringJUnit4ClassRunner.runChild(SpringJUnit4ClassRunner.java:88) [spring-test-3.2.13.RELEASE.jar:3.2.13.RELEASE]
	at org.junit.runners.ParentRunner$3.run(ParentRunner.java:290) [junit-4.12.jar:4.12]
	at org.junit.runners.ParentRunner$1.schedule(ParentRunner.java:71) [junit-4.12.jar:4.12]
	at org.junit.runners.ParentRunner.runChildren(ParentRunner.java:288) [junit-4.12.jar:4.12]
	at org.junit.runners.ParentRunner.access$000(ParentRunner.java:58) [junit-4.12.jar:4.12]
	at org.junit.runners.ParentRunner$2.evaluate(ParentRunner.java:268) [junit-4.12.jar:4.12]
	at org.springframework.test.context.junit4.statements.RunBeforeTestClassCallbacks.evaluate(RunBeforeTestClassCallbacks.java:61) [spring-test-3.2.13.RELEASE.jar:3.2.13.RELEASE]
	at org.springframework.test.context.junit4.statements.RunAfterTestClassCallbacks.evaluate(RunAfterTestClassCallbacks.java:71) [spring-test-3.2.13.RELEASE.jar:3.2.13.RELEASE]
	at org.junit.runners.ParentRunner.run(ParentRunner.java:363) [junit-4.12.jar:4.12]
	at org.springframework.test.context.junit4.SpringJUnit4ClassRunner.run(SpringJUnit4ClassRunner.java:174) [spring-test-3.2.13.RELEASE.jar:3.2.13.RELEASE]
	at org.apache.maven.surefire.junit4.JUnit4Provider.execute(JUnit4Provider.java:283) [surefire-junit4-2.18.1.jar:2.18.1]
	at org.apache.maven.surefire.junit4.JUnit4Provider.executeWithRerun(JUnit4Provider.java:173) [surefire-junit4-2.18.1.jar:2.18.1]
	at org.apache.maven.surefire.junit4.JUnit4Provider.executeTestSet(JUnit4Provider.java:153) [surefire-junit4-2.18.1.jar:2.18.1]
	at org.apache.maven.surefire.junit4.JUnit4Provider.invoke(JUnit4Provider.java:128) [surefire-junit4-2.18.1.jar:2.18.1]
	at org.apache.maven.surefire.booter.ForkedBooter.invokeProviderInSameClassLoader(ForkedBooter.java:203) [surefire-booter-2.18.1.jar:2.18.1]
	at org.apache.maven.surefire.booter.ForkedBooter.runSuitesInProcess(ForkedBooter.java:155) [surefire-booter-2.18.1.jar:2.18.1]
	at org.apache.maven.surefire.booter.ForkedBooter.main(ForkedBooter.java:103) [surefire-booter-2.18.1.jar:2.18.1]
Caused by: org.springframework.beans.factory.NoSuchBeanDefinitionException: No qualifying bean of type [com.youzan.pay.core.cache.redis.RedisCacheManager] found for dependency: expected at least 1 bean which qualifies as autowire candidate for this dependency. Dependency annotations: {@javax.annotation.Resource(shareable=true, lookup=, name=, description=, authenticationType=CONTAINER, type=class java.lang.Object, mappedName=)}
	at org.springframework.beans.factory.support.DefaultListableBeanFactory.raiseNoSuchBeanDefinitionException(DefaultListableBeanFactory.java:997) ~[spring-beans-3.2.13.RELEASE.jar:3.2.13.RELEASE]
	at org.springframework.beans.factory.support.DefaultListableBeanFactory.doResolveDependency(DefaultListableBeanFactory.java:867) ~[spring-beans-3.2.13.RELEASE.jar:3.2.13.RELEASE]
	at org.springframework.beans.factory.support.DefaultListableBeanFactory.resolveDependency(DefaultListableBeanFactory.java:779) ~[spring-beans-3.2.13.RELEASE.jar:3.2.13.RELEASE]
	at org.springframework.context.annotation.CommonAnnotationBeanPostProcessor.autowireResource(CommonAnnotationBeanPostProcessor.java:445) ~[spring-context-3.2.13.RELEASE.jar:3.2.13.RELEASE]
	at org.springframework.context.annotation.CommonAnnotationBeanPostProcessor.getResource(CommonAnnotationBeanPostProcessor.java:423) ~[spring-context-3.2.13.RELEASE.jar:3.2.13.RELEASE]
	at org.springframework.context.annotation.CommonAnnotationBeanPostProcessor$ResourceElement.getResourceToInject(CommonAnnotationBeanPostProcessor.java:551) ~[spring-context-3.2.13.RELEASE.jar:3.2.13.RELEASE]
	at org.springframework.beans.factory.annotation.InjectionMetadata$InjectedElement.inject(InjectionMetadata.java:169) ~[spring-beans-3.2.13.RELEASE.jar:3.2.13.RELEASE]
	at org.springframework.beans.factory.annotation.InjectionMetadata.inject(InjectionMetadata.java:88) ~[spring-beans-3.2.13.RELEASE.jar:3.2.13.RELEASE]
	at org.springframework.context.annotation.CommonAnnotationBeanPostProcessor.postProcessPropertyValues(CommonAnnotationBeanPostProcessor.java:304) ~[spring-context-3.2.13.RELEASE.jar:3.2.13.RELEASE]
	... 42 common frames omitted
2017-08-28 17:42:02.786 [main] INFO  o.s.beans.factory.support.DefaultListableBeanFactory - Destroying singletons in org.springframework.beans.factory.support.DefaultListableBeanFactory@37217146: defining beans [org.springframework.context.support.PropertySourcesPlaceholderConfigurer#0,assetCenterUnifiedPayServiceClient,cashierOrderStatusSearchClient,cashierRechargeServiceClient,channelBankCardServiceClient,merchantBankCardServiceClient,microAccoutServiceClient,queryPayToolConfigServiceClient,signKeyServiceClient,summaryCardQueryServiceClient,unifiedOrderServiceClient,unifiedPayServiceClient,userMerchantServiceClient,org.springframework.context.annotation.internalConfigurationAnnotationProcessor,org.springframework.context.annotation.internalAutowiredAnnotationProcessor,org.springframework.context.annotation.internalRequiredAnnotationProcessor,org.springframework.context.annotation.internalCommonAnnotationProcessor,signKeyService,merchantConfigService,acquireOrderService,unifiedPayService,unifiedOrderQueryService,unifiedOrderService,bankCardService,merchantBankCardService,userMerchantService,rechargeService,payToolsService,accountService,summaryCardQueryService,novaContainer,beanFactory,org.springframework.aop.config.internalAutoProxyCreator,tracingAop,customerMethodAop,org.springframework.context.annotation.ConfigurationClassPostProcessor.importAwareProcessor,com.alibaba.dubbo.config.ApplicationConfig,haunt,com.alibaba.dubbo.config.MonitorConfig,dubbo,rest,com.alibaba.dubbo.config.spring.AnnotationBean,springUtil,autoLogParamsAspect,retryAspect,nsqTaskDispatcher]; root of factory hierarchy
2017-08-28 17:42:02.786 [main] DEBUG o.s.beans.factory.support.DisposableBeanAdapter - Invoking destroy() on bean with name 'summaryCardQueryService'
2017-08-28 17:42:02.786 [main] DEBUG o.s.beans.factory.support.DisposableBeanAdapter - Invoking destroy() on bean with name 'unifiedOrderService'
2017-08-28 17:42:02.786 [main] DEBUG o.s.beans.factory.support.DisposableBeanAdapter - Invoking destroy() on bean with name 'unifiedOrderQueryService'
2017-08-28 17:42:02.786 [main] DEBUG o.s.beans.factory.support.DisposableBeanAdapter - Invoking destroy() on bean with name 'merchantConfigService'
2017-08-28 17:42:02.786 [main] DEBUG o.s.beans.factory.support.DisposableBeanAdapter - Invoking destroy() on bean with name 'signKeyService'
2017-08-28 17:42:02.786 [main] DEBUG o.s.beans.factory.support.DisposableBeanAdapter - Invoking destroy() on bean with name 'userMerchantService'
2017-08-28 17:42:02.786 [main] INFO  com.youzan.nova.registry.haunt.HauntRegistry -  [Nova] Unsubscribe: consumer://172.17.11.56/com.youzan.account.api.UserMerchantService?application=pay-ucashier&category=providers,configurators,routers&check=false&dubbo=3.0.9-RELEASE&interface=com.youzan.account.api.UserMerchantService&logger=slf4j&methods=getMerchantIdSingleUserId,queryUserIdByMerchantId,getMerchantIdsBatch&owner=pay-ucashier&pid=43551&protocol=dubbo&retries=0&revision=1.1.16-RELEASE&side=consumer&timeout=5000&timestamp=1503913322663, nova version: 3.0.9-RELEASE, current host: 172.17.11.56
2017-08-28 17:42:02.786 [main] INFO  com.alibaba.dubbo.remoting.transport.netty.NettyChannel -  [Nova] Close netty channel [id: 0x0ae183cc, /172.17.11.56:61777 => /10.9.75.207:20881], nova version: 3.0.9-RELEASE, current host: 172.17.11.56
2017-08-28 17:42:02.787 [DubboSharedHandler-thread-1] INFO  com.alibaba.dubbo.rpc.protocol.dubbo.DubboProtocol -  [Nova] disconected from /10.9.75.207:20881,url:dubbo://10.9.75.207:20881/com.youzan.account.api.UserMerchantService?application=pay-ucashier&check=false&codec=dubbo&dubbo=3.0.9-RELEASE&heartbeat=60000&interface=com.youzan.account.api.UserMerchantService&logger=slf4j&methods=getMerchantIdSingleUserId,queryUserIdByMerchantId,getMerchantIdsBatch,&monitor=http%3A%2F%2Fhawk-dev.s.qima-inc.com%3A80%3Fdubbo%3D3.0.9-RELEASE%26interface%3Dcom.alibaba.dubbo.monitor.MonitorService%26pid%3D43551%26timestamp%3D1503913322663&owner=pay-ucashier&pid=43551&protocol=dubbo&retries=0&revision=1.1.16-RELEASE&side=consumer&timeout=5000&timestamp=1503913322663&weight=100, nova version: 3.0.9-RELEASE, current host: 172.17.11.56
2017-08-28 17:42:02.787 [main] INFO  com.alibaba.dubbo.remoting.transport.netty.NettyChannel -  [Nova] Close netty channel [id: 0x90eeacb1, /172.17.11.56:61778 => /172.17.12.196:20881], nova version: 3.0.9-RELEASE, current host: 172.17.11.56
2017-08-28 17:42:02.787 [DubboSharedHandler-thread-1] INFO  com.alibaba.dubbo.rpc.protocol.dubbo.DubboProtocol -  [Nova] disconected from /172.17.12.196:20881,url:dubbo://172.17.12.196:20881/com.youzan.account.api.UserMerchantService?application=pay-ucashier&check=false&codec=dubbo&dubbo=3.0.9-RELEASE&heartbeat=60000&interface=com.youzan.account.api.UserMerchantService&logger=slf4j&methods=getMerchantIdSingleUserId,queryUserIdByMerchantId,getMerchantIdsBatch,&monitor=http%3A%2F%2Fhawk-dev.s.qima-inc.com%3A80%3Fdubbo%3D3.0.9-RELEASE%26interface%3Dcom.alibaba.dubbo.monitor.MonitorService%26pid%3D43551%26timestamp%3D1503913322663&owner=pay-ucashier&pid=43551&protocol=dubbo&retries=0&revision=1.1.16-RELEASE&side=consumer&timeout=5000&timestamp=1503913322663&weight=100, nova version: 3.0.9-RELEASE, current host: 172.17.11.56
2017-08-28 17:42:02.787 [main] DEBUG o.s.beans.factory.support.DisposableBeanAdapter - Invoking destroy() on bean with name 'payToolsService'
2017-08-28 17:42:02.787 [main] INFO  com.youzan.nova.registry.haunt.HauntRegistry -  [Nova] Unsubscribe: consumer://172.17.11.56/com.youzan.pay.customer.api.PayToolsService?application=pay-ucashier&category=providers,configurators,routers&check=false&dubbo=3.0.9-RELEASE&interface=com.youzan.pay.customer.api.PayToolsService&logger=slf4j&methods=getAvailablePayToolList&owner=pay-ucashier&pid=43551&protocol=dubbo&retries=0&revision=0.0.7-20170804-RELEASE&side=consumer&timeout=5000&timestamp=1503913322658, nova version: 3.0.9-RELEASE, current host: 172.17.11.56
2017-08-28 17:42:02.787 [main] DEBUG o.s.beans.factory.support.DisposableBeanAdapter - Invoking destroy() on bean with name 'accountService'
2017-08-28 17:42:02.787 [main] INFO  com.youzan.nova.registry.haunt.HauntRegistry -  [Nova] Unsubscribe: consumer://172.17.11.56/com.youzan.pay.microaccount.prepaidcard.service.AccountService?application=pay-ucashier&category=providers,configurators,routers&check=false&dubbo=3.0.9-RELEASE&interface=com.youzan.pay.microaccount.prepaidcard.service.AccountService&logger=slf4j&methods=getAccountByRefundNo,getAccountByPaymentNo,getAccountByRechargeNo,unfreeze,getAccountLogPaging,getPayAccount,freeze,getBatchOfBByUsers,getAccountLog,getAccountByUserNos,get&owner=pay-ucashier&pid=43551&protocol=dubbo&retries=0&revision=0.2.6-20170801-SNAPSHOT&side=consumer&timeout=5000&timestamp=1503913322645, nova version: 3.0.9-RELEASE, current host: 172.17.11.56
2017-08-28 17:42:02.787 [main] DEBUG o.s.beans.factory.support.DisposableBeanAdapter - Invoking destroy() on bean with name 'merchantBankCardService'
2017-08-28 17:42:02.787 [main] INFO  com.youzan.nova.registry.haunt.HauntRegistry -  [Nova] Unsubscribe: consumer://172.17.11.56/com.youzan.pay.customer.api.BankCardService?application=pay-ucashier&category=providers,configurators,routers&check=false&dubbo=3.0.9-RELEASE&interface=com.youzan.pay.customer.api.BankCardService&logger=slf4j&methods=getBoundBankCard,bindQuackPayCard,bindCard,unbindQuickPayCard,queryBoundQuickPayCard&owner=pay-ucashier&pid=43551&protocol=dubbo&retries=0&revision=0.0.7-20170804-RELEASE&side=consumer&timeout=5000&timestamp=1503913322461, nova version: 3.0.9-RELEASE, current host: 172.17.11.56
2017-08-28 17:42:02.787 [main] INFO  com.alibaba.dubbo.remoting.transport.netty.NettyChannel -  [Nova] Close netty channel [id: 0x915d9528, /172.17.11.56:61776 => /10.9.82.150:28081], nova version: 3.0.9-RELEASE, current host: 172.17.11.56
2017-08-28 17:42:02.788 [DubboSharedHandler-thread-1] INFO  com.alibaba.dubbo.rpc.protocol.dubbo.DubboProtocol -  [Nova] disconected from /10.9.82.150:28081,url:dubbo://10.9.82.150:28081/com.youzan.pay.customer.api.BankCardService?application=pay-ucashier&check=false&codec=dubbo&dubbo=3.0.9-RELEASE&heartbeat=60000&interface=com.youzan.pay.customer.api.BankCardService&logger=slf4j&methods=getBoundBankCard,bindQuackPayCard,unbindQuickPayCard,bindCard,queryBoundQuickPayCard,&monitor=http%3A%2F%2Fhawk-dev.s.qima-inc.com%3A80%3Fdubbo%3D3.0.9-RELEASE%26interface%3Dcom.alibaba.dubbo.monitor.MonitorService%26pid%3D43551%26timestamp%3D1503913322462&owner=pay-ucashier&pid=43551&protocol=dubbo&retries=0&revision=0.0.7-20170804-RELEASE&side=consumer&timeout=5000&timestamp=1503913322461&weight=100, nova version: 3.0.9-RELEASE, current host: 172.17.11.56
2017-08-28 17:42:02.788 [main] INFO  com.alibaba.dubbo.remoting.transport.netty.NettyChannel -  [Nova] Close netty channel [id: 0xbb3d10fa, /172.17.11.56:61774 => /172.16.8.185:28081], nova version: 3.0.9-RELEASE, current host: 172.17.11.56
2017-08-28 17:42:02.788 [DubboSharedHandler-thread-1] INFO  com.alibaba.dubbo.rpc.protocol.dubbo.DubboProtocol -  [Nova] disconected from /172.16.8.185:28081,url:dubbo://172.16.8.185:28081/com.youzan.pay.customer.api.BankCardService?application=pay-ucashier&check=false&codec=dubbo&dubbo=3.0.9-RELEASE&heartbeat=60000&interface=com.youzan.pay.customer.api.BankCardService&logger=slf4j&methods=bindQuackPayCard,getBoundBankCard,bindCard_2_0_0,unbindQuickPayCard,bindCard,queryBoundQuickPayCard,&monitor=http%3A%2F%2Fhawk-dev.s.qima-inc.com%3A80%3Fdubbo%3D3.0.9-RELEASE%26interface%3Dcom.alibaba.dubbo.monitor.MonitorService%26pid%3D43551%26timestamp%3D1503913322462&owner=pay-ucashier&pid=43551&protocol=dubbo&retries=0&revision=0.0.7-20170804-RELEASE&side=consumer&timeout=5000&timestamp=1503913322461&weight=100, nova version: 3.0.9-RELEASE, current host: 172.17.11.56
2017-08-28 17:42:02.788 [main] INFO  com.alibaba.dubbo.remoting.transport.netty.NettyChannel -  [Nova] Close netty channel [id: 0xa717a9c1, /172.17.11.56:61775 => /10.9.196.183:28081], nova version: 3.0.9-RELEASE, current host: 172.17.11.56
2017-08-28 17:42:02.788 [DubboSharedHandler-thread-1] INFO  com.alibaba.dubbo.rpc.protocol.dubbo.DubboProtocol -  [Nova] disconected from /10.9.196.183:28081,url:dubbo://10.9.196.183:28081/com.youzan.pay.customer.api.BankCardService?application=pay-ucashier&check=false&codec=dubbo&dubbo=3.0.9-RELEASE&heartbeat=60000&interface=com.youzan.pay.customer.api.BankCardService&logger=slf4j&methods=bindQuackPayCard,getBoundBankCard,unbindQuickPayCard,bindCard,queryBoundQuickPayCard,&monitor=http%3A%2F%2Fhawk-dev.s.qima-inc.com%3A80%3Fdubbo%3D3.0.9-RELEASE%26interface%3Dcom.alibaba.dubbo.monitor.MonitorService%26pid%3D43551%26timestamp%3D1503913322462&owner=pay-ucashier&pid=43551&protocol=dubbo&retries=0&revision=0.0.7-20170804-RELEASE&side=consumer&timeout=5000&timestamp=1503913322461&weight=100, nova version: 3.0.9-RELEASE, current host: 172.17.11.56
2017-08-28 17:42:02.788 [main] DEBUG o.s.beans.factory.support.DisposableBeanAdapter - Invoking destroy() on bean with name 'bankCardService'
2017-08-28 17:42:02.788 [main] INFO  com.youzan.nova.registry.haunt.HauntRegistry -  [Nova] Unsubscribe: consumer://172.17.11.56/com.youzan.pay.fundchannel.open.api.BankCardService?application=pay-ucashier&category=providers,configurators,routers&check=false&dubbo=3.0.9-RELEASE&interface=com.youzan.pay.fundchannel.open.api.BankCardService&logger=slf4j&methods=checkCard,sendSms,checkBankBinding,payConfirm&owner=pay-ucashier&pid=43551&protocol=dubbo&retries=0&revision=1.0.0-20170710-RELEASE&side=consumer&timeout=5000&timestamp=1503913322419, nova version: 3.0.9-RELEASE, current host: 172.17.11.56
2017-08-28 17:42:02.788 [main] INFO  com.alibaba.dubbo.remoting.transport.netty.NettyChannel -  [Nova] Close netty channel [id: 0x786b540c, /172.17.11.56:61773 => /10.9.196.183:28096], nova version: 3.0.9-RELEASE, current host: 172.17.11.56
2017-08-28 17:42:02.789 [DubboSharedHandler-thread-1] INFO  com.alibaba.dubbo.rpc.protocol.dubbo.DubboProtocol -  [Nova] disconected from /10.9.196.183:28096,url:dubbo://10.9.196.183:28096/com.youzan.pay.fundchannel.open.api.BankCardService?application=pay-ucashier&check=false&codec=dubbo&dubbo=3.0.9-RELEASE&heartbeat=60000&interface=com.youzan.pay.fundchannel.open.api.BankCardService&logger=slf4j&methods=checkCard,sendSms,checkBankBinding,payConfirm,&monitor=http%3A%2F%2Fhawk-dev.s.qima-inc.com%3A80%3Fdubbo%3D3.0.9-RELEASE%26interface%3Dcom.alibaba.dubbo.monitor.MonitorService%26pid%3D43551%26timestamp%3D1503913322420&owner=pay-ucashier&pid=43551&protocol=dubbo&retries=0&revision=1.0.0-20170710-RELEASE&side=consumer&timeout=5000&timestamp=1503913322419&weight=100, nova version: 3.0.9-RELEASE, current host: 172.17.11.56
2017-08-28 17:42:02.789 [main] DEBUG o.s.beans.factory.support.DisposableBeanAdapter - Invoking destroy() on bean with name 'rechargeService'
2017-08-28 17:42:02.789 [main] INFO  com.youzan.nova.registry.haunt.HauntRegistry -  [Nova] Unsubscribe: consumer://172.17.11.56/com.youzan.pay.assetcenter.api.RechargeService?application=pay-ucashier&category=providers,configurators,routers&check=false&dubbo=3.0.9-RELEASE&interface=com.youzan.pay.assetcenter.api.RechargeService&logger=slf4j&methods=rechargePay,wrapCreate,create,wrapRechargePay&owner=pay-ucashier&pid=43551&protocol=dubbo&retries=0&revision=0.0.9-20170817-SNAPSHOT&side=consumer&timeout=5000&timestamp=1503913322408, nova version: 3.0.9-RELEASE, current host: 172.17.11.56
2017-08-28 17:42:02.789 [main] DEBUG o.s.beans.factory.support.DisposableBeanAdapter - Invoking destroy() on bean with name 'acquireOrderService'
2017-08-28 17:42:02.789 [main] INFO  com.youzan.nova.registry.haunt.HauntRegistry -  [Nova] Unsubscribe: consumer://172.17.11.56/com.youzan.pay.assetcenter.api.AcquireOrderService?application=pay-ucashier&category=providers,configurators,routers&check=false&dubbo=3.0.9-RELEASE&interface=com.youzan.pay.assetcenter.api.AcquireOrderService&logger=slf4j&methods=payNotify,retryInAccount,query,create,pay,revoke&owner=pay-ucashier&pid=43551&protocol=dubbo&retries=0&revision=0.0.9-20170817-SNAPSHOT&side=consumer&timeout=5000&timestamp=1503913322389, nova version: 3.0.9-RELEASE, current host: 172.17.11.56
2017-08-28 17:42:02.789 [main] DEBUG o.s.beans.factory.support.DisposableBeanAdapter - Invoking destroy() on bean with name 'unifiedPayService'
2017-08-28 17:42:02.789 [main] INFO  com.youzan.nova.registry.haunt.HauntRegistry -  [Nova] Unsubscribe: consumer://172.17.11.56/com.youzan.pay.assetcenter.api.UnifiedPayService?application=pay-ucashier&category=providers,configurators,routers&check=false&dubbo=3.0.9-RELEASE&interface=com.youzan.pay.assetcenter.api.UnifiedPayService&logger=slf4j&methods=warpMultiPay,multiPay,singlePay,wrapMultiPay,wrapSinglePay&owner=pay-ucashier&pid=43551&protocol=dubbo&retries=0&revision=0.0.9-20170817-SNAPSHOT&side=consumer&timeout=5000&timestamp=1503913322337, nova version: 3.0.9-RELEASE, current host: 172.17.11.56
2017-08-28 17:42:02.789 [main] INFO  com.alibaba.dubbo.remoting.transport.netty.NettyChannel -  [Nova] Close netty channel [id: 0xb979cdf6, /172.17.11.56:61772 => /10.9.82.150:28094], nova version: 3.0.9-RELEASE, current host: 172.17.11.56
2017-08-28 17:42:02.789 [DubboSharedHandler-thread-1] INFO  com.alibaba.dubbo.rpc.protocol.dubbo.DubboProtocol -  [Nova] disconected from /10.9.82.150:28094,url:dubbo://10.9.82.150:28094/com.youzan.pay.assetcenter.api.UnifiedPayService?application=pay-ucashier&check=false&codec=dubbo&dubbo=3.0.9-RELEASE&heartbeat=60000&interface=com.youzan.pay.assetcenter.api.UnifiedPayService&logger=slf4j&methods=warpMultiPay,multiPay,singlePay,wrapMultiPay,batchPay,wrapSinglePay,&monitor=http%3A%2F%2Fhawk-dev.s.qima-inc.com%3A80%3Fdubbo%3D3.0.9-RELEASE%26interface%3Dcom.alibaba.dubbo.monitor.MonitorService%26pid%3D43551%26timestamp%3D1503913322338&owner=pay-ucashier&pid=43551&protocol=dubbo&retries=0&revision=0.0.9-20170817-SNAPSHOT&side=consumer&timeout=5000&timestamp=1503913322337&weight=100, nova version: 3.0.9-RELEASE, current host: 172.17.11.56
2017-08-28 17:42:02.789 [main] DEBUG o.s.beans.factory.support.DisposableBeanAdapter - Invoking destroy() on bean with name 'com.alibaba.dubbo.config.spring.AnnotationBean'
2017-08-28 17:42:02.790 [main] ERROR org.springframework.test.context.TestContextManager - Caught exception while allowing TestExecutionListener [org.springframework.test.context.support.DependencyInjectionTestExecutionListener@59cce842] to prepare test instance [com.youzan.pay.unified.cashier.intergration.client.UserMerchantServiceClientTest@443d538f]
java.lang.IllegalStateException: Failed to load ApplicationContext
	at org.springframework.test.context.CacheAwareContextLoaderDelegate.loadContext(CacheAwareContextLoaderDelegate.java:103) ~[spring-test-3.2.13.RELEASE.jar:3.2.13.RELEASE]
	at org.springframework.test.context.TestContext.getApplicationContext(TestContext.java:122) ~[spring-test-3.2.13.RELEASE.jar:3.2.13.RELEASE]
	at org.springframework.test.context.support.DependencyInjectionTestExecutionListener.injectDependencies(DependencyInjectionTestExecutionListener.java:109) ~[spring-test-3.2.13.RELEASE.jar:3.2.13.RELEASE]
	at org.springframework.test.context.support.DependencyInjectionTestExecutionListener.prepareTestInstance(DependencyInjectionTestExecutionListener.java:75) ~[spring-test-3.2.13.RELEASE.jar:3.2.13.RELEASE]
	at org.springframework.test.context.TestContextManager.prepareTestInstance(TestContextManager.java:321) ~[spring-test-3.2.13.RELEASE.jar:3.2.13.RELEASE]
	at org.springframework.test.context.junit4.SpringJUnit4ClassRunner.createTest(SpringJUnit4ClassRunner.java:211) [spring-test-3.2.13.RELEASE.jar:3.2.13.RELEASE]
	at org.springframework.test.context.junit4.SpringJUnit4ClassRunner$1.runReflectiveCall(SpringJUnit4ClassRunner.java:288) [spring-test-3.2.13.RELEASE.jar:3.2.13.RELEASE]
	at org.junit.internal.runners.model.ReflectiveCallable.run(ReflectiveCallable.java:12) [junit-4.12.jar:4.12]
	at org.springframework.test.context.junit4.SpringJUnit4ClassRunner.methodBlock(SpringJUnit4ClassRunner.java:284) [spring-test-3.2.13.RELEASE.jar:3.2.13.RELEASE]
	at org.springframework.test.context.junit4.SpringJUnit4ClassRunner.runChild(SpringJUnit4ClassRunner.java:231) [spring-test-3.2.13.RELEASE.jar:3.2.13.RELEASE]
	at org.springframework.test.context.junit4.SpringJUnit4ClassRunner.runChild(SpringJUnit4ClassRunner.java:88) [spring-test-3.2.13.RELEASE.jar:3.2.13.RELEASE]
	at org.junit.runners.ParentRunner$3.run(ParentRunner.java:290) [junit-4.12.jar:4.12]
	at org.junit.runners.ParentRunner$1.schedule(ParentRunner.java:71) [junit-4.12.jar:4.12]
	at org.junit.runners.ParentRunner.runChildren(ParentRunner.java:288) [junit-4.12.jar:4.12]
	at org.junit.runners.ParentRunner.access$000(ParentRunner.java:58) [junit-4.12.jar:4.12]
	at org.junit.runners.ParentRunner$2.evaluate(ParentRunner.java:268) [junit-4.12.jar:4.12]
	at org.springframework.test.context.junit4.statements.RunBeforeTestClassCallbacks.evaluate(RunBeforeTestClassCallbacks.java:61) [spring-test-3.2.13.RELEASE.jar:3.2.13.RELEASE]
	at org.springframework.test.context.junit4.statements.RunAfterTestClassCallbacks.evaluate(RunAfterTestClassCallbacks.java:71) [spring-test-3.2.13.RELEASE.jar:3.2.13.RELEASE]
	at org.junit.runners.ParentRunner.run(ParentRunner.java:363) [junit-4.12.jar:4.12]
	at org.springframework.test.context.junit4.SpringJUnit4ClassRunner.run(SpringJUnit4ClassRunner.java:174) [spring-test-3.2.13.RELEASE.jar:3.2.13.RELEASE]
	at org.apache.maven.surefire.junit4.JUnit4Provider.execute(JUnit4Provider.java:283) [surefire-junit4-2.18.1.jar:2.18.1]
	at org.apache.maven.surefire.junit4.JUnit4Provider.executeWithRerun(JUnit4Provider.java:173) [surefire-junit4-2.18.1.jar:2.18.1]
	at org.apache.maven.surefire.junit4.JUnit4Provider.executeTestSet(JUnit4Provider.java:153) [surefire-junit4-2.18.1.jar:2.18.1]
	at org.apache.maven.surefire.junit4.JUnit4Provider.invoke(JUnit4Provider.java:128) [surefire-junit4-2.18.1.jar:2.18.1]
	at org.apache.maven.surefire.booter.ForkedBooter.invokeProviderInSameClassLoader(ForkedBooter.java:203) [surefire-booter-2.18.1.jar:2.18.1]
	at org.apache.maven.surefire.booter.ForkedBooter.runSuitesInProcess(ForkedBooter.java:155) [surefire-booter-2.18.1.jar:2.18.1]
	at org.apache.maven.surefire.booter.ForkedBooter.main(ForkedBooter.java:103) [surefire-booter-2.18.1.jar:2.18.1]
Caused by: org.springframework.beans.factory.BeanCreationException: Error creating bean with name 'queryPayToolConfigServiceClient': Injection of resource dependencies failed; nested exception is org.springframework.beans.factory.NoSuchBeanDefinitionException: No qualifying bean of type [com.youzan.pay.core.cache.redis.RedisCacheManager] found for dependency: expected at least 1 bean which qualifies as autowire candidate for this dependency. Dependency annotations: {@javax.annotation.Resource(shareable=true, lookup=, name=, description=, authenticationType=CONTAINER, type=class java.lang.Object, mappedName=)}
	at org.springframework.context.annotation.CommonAnnotationBeanPostProcessor.postProcessPropertyValues(CommonAnnotationBeanPostProcessor.java:307) ~[spring-context-3.2.13.RELEASE.jar:3.2.13.RELEASE]
	at org.springframework.beans.factory.support.AbstractAutowireCapableBeanFactory.populateBean(AbstractAutowireCapableBeanFactory.java:1148) ~[spring-beans-3.2.13.RELEASE.jar:3.2.13.RELEASE]
	at org.springframework.beans.factory.support.AbstractAutowireCapableBeanFactory.doCreateBean(AbstractAutowireCapableBeanFactory.java:519) ~[spring-beans-3.2.13.RELEASE.jar:3.2.13.RELEASE]
	at org.springframework.beans.factory.support.AbstractAutowireCapableBeanFactory.createBean(AbstractAutowireCapableBeanFactory.java:458) ~[spring-beans-3.2.13.RELEASE.jar:3.2.13.RELEASE]
	at org.springframework.beans.factory.support.AbstractBeanFactory$1.getObject(AbstractBeanFactory.java:293) ~[spring-beans-3.2.13.RELEASE.jar:3.2.13.RELEASE]
	at org.springframework.beans.factory.support.DefaultSingletonBeanRegistry.getSingleton(DefaultSingletonBeanRegistry.java:223) ~[spring-beans-3.2.13.RELEASE.jar:3.2.13.RELEASE]
	at org.springframework.beans.factory.support.AbstractBeanFactory.doGetBean(AbstractBeanFactory.java:290) ~[spring-beans-3.2.13.RELEASE.jar:3.2.13.RELEASE]
	at org.springframework.beans.factory.support.AbstractBeanFactory.getBean(AbstractBeanFactory.java:191) ~[spring-beans-3.2.13.RELEASE.jar:3.2.13.RELEASE]
	at org.springframework.beans.factory.support.DefaultListableBeanFactory.preInstantiateSingletons(DefaultListableBeanFactory.java:636) ~[spring-beans-3.2.13.RELEASE.jar:3.2.13.RELEASE]
	at org.springframework.context.support.AbstractApplicationContext.finishBeanFactoryInitialization(AbstractApplicationContext.java:934) ~[spring-context-3.2.13.RELEASE.jar:3.2.13.RELEASE]
	at org.springframework.context.support.AbstractApplicationContext.refresh(AbstractApplicationContext.java:479) ~[spring-context-3.2.13.RELEASE.jar:3.2.13.RELEASE]
	at org.springframework.test.context.support.AbstractGenericContextLoader.loadContext(AbstractGenericContextLoader.java:120) ~[spring-test-3.2.13.RELEASE.jar:3.2.13.RELEASE]
	at org.springframework.test.context.support.AbstractGenericContextLoader.loadContext(AbstractGenericContextLoader.java:60) ~[spring-test-3.2.13.RELEASE.jar:3.2.13.RELEASE]
	at org.springframework.test.context.support.AbstractDelegatingSmartContextLoader.delegateLoading(AbstractDelegatingSmartContextLoader.java:102) ~[spring-test-3.2.13.RELEASE.jar:3.2.13.RELEASE]
	at org.springframework.test.context.support.AbstractDelegatingSmartContextLoader.loadContext(AbstractDelegatingSmartContextLoader.java:246) ~[spring-test-3.2.13.RELEASE.jar:3.2.13.RELEASE]
	at org.springframework.test.context.CacheAwareContextLoaderDelegate.loadContextInternal(CacheAwareContextLoaderDelegate.java:69) ~[spring-test-3.2.13.RELEASE.jar:3.2.13.RELEASE]
	at org.springframework.test.context.CacheAwareContextLoaderDelegate.loadContext(CacheAwareContextLoaderDelegate.java:95) ~[spring-test-3.2.13.RELEASE.jar:3.2.13.RELEASE]
	... 26 common frames omitted
Caused by: org.springframework.beans.factory.NoSuchBeanDefinitionException: No qualifying bean of type [com.youzan.pay.core.cache.redis.RedisCacheManager] found for dependency: expected at least 1 bean which qualifies as autowire candidate for this dependency. Dependency annotations: {@javax.annotation.Resource(shareable=true, lookup=, name=, description=, authenticationType=CONTAINER, type=class java.lang.Object, mappedName=)}
	at org.springframework.beans.factory.support.DefaultListableBeanFactory.raiseNoSuchBeanDefinitionException(DefaultListableBeanFactory.java:997) ~[spring-beans-3.2.13.RELEASE.jar:3.2.13.RELEASE]
	at org.springframework.beans.factory.support.DefaultListableBeanFactory.doResolveDependency(DefaultListableBeanFactory.java:867) ~[spring-beans-3.2.13.RELEASE.jar:3.2.13.RELEASE]
	at org.springframework.beans.factory.support.DefaultListableBeanFactory.resolveDependency(DefaultListableBeanFactory.java:779) ~[spring-beans-3.2.13.RELEASE.jar:3.2.13.RELEASE]
	at org.springframework.context.annotation.CommonAnnotationBeanPostProcessor.autowireResource(CommonAnnotationBeanPostProcessor.java:445) ~[spring-context-3.2.13.RELEASE.jar:3.2.13.RELEASE]
	at org.springframework.context.annotation.CommonAnnotationBeanPostProcessor.getResource(CommonAnnotationBeanPostProcessor.java:423) ~[spring-context-3.2.13.RELEASE.jar:3.2.13.RELEASE]
	at org.springframework.context.annotation.CommonAnnotationBeanPostProcessor$ResourceElement.getResourceToInject(CommonAnnotationBeanPostProcessor.java:551) ~[spring-context-3.2.13.RELEASE.jar:3.2.13.RELEASE]
	at org.springframework.beans.factory.annotation.InjectionMetadata$InjectedElement.inject(InjectionMetadata.java:169) ~[spring-beans-3.2.13.RELEASE.jar:3.2.13.RELEASE]
	at org.springframework.beans.factory.annotation.InjectionMetadata.inject(InjectionMetadata.java:88) ~[spring-beans-3.2.13.RELEASE.jar:3.2.13.RELEASE]
	at org.springframework.context.annotation.CommonAnnotationBeanPostProcessor.postProcessPropertyValues(CommonAnnotationBeanPostProcessor.java:304) ~[spring-context-3.2.13.RELEASE.jar:3.2.13.RELEASE]
	... 42 common frames omitted
]]></system-out>
  </testcase>
  <testcase name="queryMchByUserId" classname="com.youzan.pay.unified.cashier.intergration.client.UserMerchantServiceClientTest" time="0.514">
    <error message="Failed to load ApplicationContext" type="java.lang.IllegalStateException">java.lang.IllegalStateException: Failed to load ApplicationContext
	at org.springframework.test.context.CacheAwareContextLoaderDelegate.loadContext(CacheAwareContextLoaderDelegate.java:103)
	at org.springframework.test.context.TestContext.getApplicationContext(TestContext.java:122)
	at org.springframework.test.context.support.DependencyInjectionTestExecutionListener.injectDependencies(DependencyInjectionTestExecutionListener.java:109)
	at org.springframework.test.context.support.DependencyInjectionTestExecutionListener.prepareTestInstance(DependencyInjectionTestExecutionListener.java:75)
	at org.springframework.test.context.TestContextManager.prepareTestInstance(TestContextManager.java:321)
	at org.springframework.test.context.junit4.SpringJUnit4ClassRunner.createTest(SpringJUnit4ClassRunner.java:211)
	at org.springframework.test.context.junit4.SpringJUnit4ClassRunner$1.runReflectiveCall(SpringJUnit4ClassRunner.java:288)
	at org.junit.internal.runners.model.ReflectiveCallable.run(ReflectiveCallable.java:12)
	at org.springframework.test.context.junit4.SpringJUnit4ClassRunner.methodBlock(SpringJUnit4ClassRunner.java:284)
	at org.springframework.test.context.junit4.SpringJUnit4ClassRunner.runChild(SpringJUnit4ClassRunner.java:231)
	at org.springframework.test.context.junit4.SpringJUnit4ClassRunner.runChild(SpringJUnit4ClassRunner.java:88)
	at org.junit.runners.ParentRunner$3.run(ParentRunner.java:290)
	at org.junit.runners.ParentRunner$1.schedule(ParentRunner.java:71)
	at org.junit.runners.ParentRunner.runChildren(ParentRunner.java:288)
	at org.junit.runners.ParentRunner.access$000(ParentRunner.java:58)
	at org.junit.runners.ParentRunner$2.evaluate(ParentRunner.java:268)
	at org.springframework.test.context.junit4.statements.RunBeforeTestClassCallbacks.evaluate(RunBeforeTestClassCallbacks.java:61)
	at org.springframework.test.context.junit4.statements.RunAfterTestClassCallbacks.evaluate(RunAfterTestClassCallbacks.java:71)
	at org.junit.runners.ParentRunner.run(ParentRunner.java:363)
	at org.springframework.test.context.junit4.SpringJUnit4ClassRunner.run(SpringJUnit4ClassRunner.java:174)
	at org.apache.maven.surefire.junit4.JUnit4Provider.execute(JUnit4Provider.java:283)
	at org.apache.maven.surefire.junit4.JUnit4Provider.executeWithRerun(JUnit4Provider.java:173)
	at org.apache.maven.surefire.junit4.JUnit4Provider.executeTestSet(JUnit4Provider.java:153)
	at org.apache.maven.surefire.junit4.JUnit4Provider.invoke(JUnit4Provider.java:128)
	at org.apache.maven.surefire.booter.ForkedBooter.invokeProviderInSameClassLoader(ForkedBooter.java:203)
	at org.apache.maven.surefire.booter.ForkedBooter.runSuitesInProcess(ForkedBooter.java:155)
	at org.apache.maven.surefire.booter.ForkedBooter.main(ForkedBooter.java:103)
Caused by: org.springframework.beans.factory.BeanCreationException: Error creating bean with name 'queryPayToolConfigServiceClient': Injection of resource dependencies failed; nested exception is org.springframework.beans.factory.NoSuchBeanDefinitionException: No qualifying bean of type [com.youzan.pay.core.cache.redis.RedisCacheManager] found for dependency: expected at least 1 bean which qualifies as autowire candidate for this dependency. Dependency annotations: {@javax.annotation.Resource(shareable=true, lookup=, name=, description=, authenticationType=CONTAINER, type=class java.lang.Object, mappedName=)}
	at org.springframework.context.annotation.CommonAnnotationBeanPostProcessor.postProcessPropertyValues(CommonAnnotationBeanPostProcessor.java:307)
	at org.springframework.beans.factory.support.AbstractAutowireCapableBeanFactory.populateBean(AbstractAutowireCapableBeanFactory.java:1148)
	at org.springframework.beans.factory.support.AbstractAutowireCapableBeanFactory.doCreateBean(AbstractAutowireCapableBeanFactory.java:519)
	at org.springframework.beans.factory.support.AbstractAutowireCapableBeanFactory.createBean(AbstractAutowireCapableBeanFactory.java:458)
	at org.springframework.beans.factory.support.AbstractBeanFactory$1.getObject(AbstractBeanFactory.java:293)
	at org.springframework.beans.factory.support.DefaultSingletonBeanRegistry.getSingleton(DefaultSingletonBeanRegistry.java:223)
	at org.springframework.beans.factory.support.AbstractBeanFactory.doGetBean(AbstractBeanFactory.java:290)
	at org.springframework.beans.factory.support.AbstractBeanFactory.getBean(AbstractBeanFactory.java:191)
	at org.springframework.beans.factory.support.DefaultListableBeanFactory.preInstantiateSingletons(DefaultListableBeanFactory.java:636)
	at org.springframework.context.support.AbstractApplicationContext.finishBeanFactoryInitialization(AbstractApplicationContext.java:934)
	at org.springframework.context.support.AbstractApplicationContext.refresh(AbstractApplicationContext.java:479)
	at org.springframework.test.context.support.AbstractGenericContextLoader.loadContext(AbstractGenericContextLoader.java:120)
	at org.springframework.test.context.support.AbstractGenericContextLoader.loadContext(AbstractGenericContextLoader.java:60)
	at org.springframework.test.context.support.AbstractDelegatingSmartContextLoader.delegateLoading(AbstractDelegatingSmartContextLoader.java:102)
	at org.springframework.test.context.support.AbstractDelegatingSmartContextLoader.loadContext(AbstractDelegatingSmartContextLoader.java:246)
	at org.springframework.test.context.CacheAwareContextLoaderDelegate.loadContextInternal(CacheAwareContextLoaderDelegate.java:69)
	at org.springframework.test.context.CacheAwareContextLoaderDelegate.loadContext(CacheAwareContextLoaderDelegate.java:95)
	at org.springframework.test.context.TestContext.getApplicationContext(TestContext.java:122)
	at org.springframework.test.context.support.DependencyInjectionTestExecutionListener.injectDependencies(DependencyInjectionTestExecutionListener.java:109)
	at org.springframework.test.context.support.DependencyInjectionTestExecutionListener.prepareTestInstance(DependencyInjectionTestExecutionListener.java:75)
	at org.springframework.test.context.TestContextManager.prepareTestInstance(TestContextManager.java:321)
	at org.springframework.test.context.junit4.SpringJUnit4ClassRunner.createTest(SpringJUnit4ClassRunner.java:211)
	at org.springframework.test.context.junit4.SpringJUnit4ClassRunner$1.runReflectiveCall(SpringJUnit4ClassRunner.java:288)
	at org.junit.internal.runners.model.ReflectiveCallable.run(ReflectiveCallable.java:12)
	at org.springframework.test.context.junit4.SpringJUnit4ClassRunner.methodBlock(SpringJUnit4ClassRunner.java:284)
	at org.springframework.test.context.junit4.SpringJUnit4ClassRunner.runChild(SpringJUnit4ClassRunner.java:231)
	at org.springframework.test.context.junit4.SpringJUnit4ClassRunner.runChild(SpringJUnit4ClassRunner.java:88)
	at org.junit.runners.ParentRunner$3.run(ParentRunner.java:290)
	at org.junit.runners.ParentRunner$1.schedule(ParentRunner.java:71)
	at org.junit.runners.ParentRunner.runChildren(ParentRunner.java:288)
	at org.junit.runners.ParentRunner.access$000(ParentRunner.java:58)
	at org.junit.runners.ParentRunner$2.evaluate(ParentRunner.java:268)
	at org.springframework.test.context.junit4.statements.RunBeforeTestClassCallbacks.evaluate(RunBeforeTestClassCallbacks.java:61)
	at org.springframework.test.context.junit4.statements.RunAfterTestClassCallbacks.evaluate(RunAfterTestClassCallbacks.java:71)
	at org.junit.runners.ParentRunner.run(ParentRunner.java:363)
	at org.springframework.test.context.junit4.SpringJUnit4ClassRunner.run(SpringJUnit4ClassRunner.java:174)
	at org.apache.maven.surefire.junit4.JUnit4Provider.execute(JUnit4Provider.java:283)
	at org.apache.maven.surefire.junit4.JUnit4Provider.executeWithRerun(JUnit4Provider.java:173)
	at org.apache.maven.surefire.junit4.JUnit4Provider.executeTestSet(JUnit4Provider.java:153)
	at org.apache.maven.surefire.junit4.JUnit4Provider.invoke(JUnit4Provider.java:128)
	at org.apache.maven.surefire.booter.ForkedBooter.invokeProviderInSameClassLoader(ForkedBooter.java:203)
	at org.apache.maven.surefire.booter.ForkedBooter.runSuitesInProcess(ForkedBooter.java:155)
	at org.apache.maven.surefire.booter.ForkedBooter.main(ForkedBooter.java:103)
Caused by: org.springframework.beans.factory.NoSuchBeanDefinitionException: No qualifying bean of type [com.youzan.pay.core.cache.redis.RedisCacheManager] found for dependency: expected at least 1 bean which qualifies as autowire candidate for this dependency. Dependency annotations: {@javax.annotation.Resource(shareable=true, lookup=, name=, description=, authenticationType=CONTAINER, type=class java.lang.Object, mappedName=)}
	at org.springframework.beans.factory.support.DefaultListableBeanFactory.raiseNoSuchBeanDefinitionException(DefaultListableBeanFactory.java:997)
	at org.springframework.beans.factory.support.DefaultListableBeanFactory.doResolveDependency(DefaultListableBeanFactory.java:867)
	at org.springframework.beans.factory.support.DefaultListableBeanFactory.resolveDependency(DefaultListableBeanFactory.java:779)
	at org.springframework.context.annotation.CommonAnnotationBeanPostProcessor.autowireResource(CommonAnnotationBeanPostProcessor.java:445)
	at org.springframework.context.annotation.CommonAnnotationBeanPostProcessor.getResource(CommonAnnotationBeanPostProcessor.java:423)
	at org.springframework.context.annotation.CommonAnnotationBeanPostProcessor$ResourceElement.getResourceToInject(CommonAnnotationBeanPostProcessor.java:551)
	at org.springframework.beans.factory.annotation.InjectionMetadata$InjectedElement.inject(InjectionMetadata.java:169)
	at org.springframework.beans.factory.annotation.InjectionMetadata.inject(InjectionMetadata.java:88)
	at org.springframework.context.annotation.CommonAnnotationBeanPostProcessor.postProcessPropertyValues(CommonAnnotationBeanPostProcessor.java:304)
	at org.springframework.beans.factory.support.AbstractAutowireCapableBeanFactory.populateBean(AbstractAutowireCapableBeanFactory.java:1148)
	at org.springframework.beans.factory.support.AbstractAutowireCapableBeanFactory.doCreateBean(AbstractAutowireCapableBeanFactory.java:519)
	at org.springframework.beans.factory.support.AbstractAutowireCapableBeanFactory.createBean(AbstractAutowireCapableBeanFactory.java:458)
	at org.springframework.beans.factory.support.AbstractBeanFactory$1.getObject(AbstractBeanFactory.java:293)
	at org.springframework.beans.factory.support.DefaultSingletonBeanRegistry.getSingleton(DefaultSingletonBeanRegistry.java:223)
	at org.springframework.beans.factory.support.AbstractBeanFactory.doGetBean(AbstractBeanFactory.java:290)
	at org.springframework.beans.factory.support.AbstractBeanFactory.getBean(AbstractBeanFactory.java:191)
	at org.springframework.beans.factory.support.DefaultListableBeanFactory.preInstantiateSingletons(DefaultListableBeanFactory.java:636)
	at org.springframework.context.support.AbstractApplicationContext.finishBeanFactoryInitialization(AbstractApplicationContext.java:934)
	at org.springframework.context.support.AbstractApplicationContext.refresh(AbstractApplicationContext.java:479)
	at org.springframework.test.context.support.AbstractGenericContextLoader.loadContext(AbstractGenericContextLoader.java:120)
	at org.springframework.test.context.support.AbstractGenericContextLoader.loadContext(AbstractGenericContextLoader.java:60)
	at org.springframework.test.context.support.AbstractDelegatingSmartContextLoader.delegateLoading(AbstractDelegatingSmartContextLoader.java:102)
	at org.springframework.test.context.support.AbstractDelegatingSmartContextLoader.loadContext(AbstractDelegatingSmartContextLoader.java:246)
	at org.springframework.test.context.CacheAwareContextLoaderDelegate.loadContextInternal(CacheAwareContextLoaderDelegate.java:69)
	at org.springframework.test.context.CacheAwareContextLoaderDelegate.loadContext(CacheAwareContextLoaderDelegate.java:95)
	at org.springframework.test.context.TestContext.getApplicationContext(TestContext.java:122)
	at org.springframework.test.context.support.DependencyInjectionTestExecutionListener.injectDependencies(DependencyInjectionTestExecutionListener.java:109)
	at org.springframework.test.context.support.DependencyInjectionTestExecutionListener.prepareTestInstance(DependencyInjectionTestExecutionListener.java:75)
	at org.springframework.test.context.TestContextManager.prepareTestInstance(TestContextManager.java:321)
	at org.springframework.test.context.junit4.SpringJUnit4ClassRunner.createTest(SpringJUnit4ClassRunner.java:211)
	at org.springframework.test.context.junit4.SpringJUnit4ClassRunner$1.runReflectiveCall(SpringJUnit4ClassRunner.java:288)
	at org.junit.internal.runners.model.ReflectiveCallable.run(ReflectiveCallable.java:12)
	at org.springframework.test.context.junit4.SpringJUnit4ClassRunner.methodBlock(SpringJUnit4ClassRunner.java:284)
	at org.springframework.test.context.junit4.SpringJUnit4ClassRunner.runChild(SpringJUnit4ClassRunner.java:231)
	at org.springframework.test.context.junit4.SpringJUnit4ClassRunner.runChild(SpringJUnit4ClassRunner.java:88)
	at org.junit.runners.ParentRunner$3.run(ParentRunner.java:290)
	at org.junit.runners.ParentRunner$1.schedule(ParentRunner.java:71)
	at org.junit.runners.ParentRunner.runChildren(ParentRunner.java:288)
	at org.junit.runners.ParentRunner.access$000(ParentRunner.java:58)
	at org.junit.runners.ParentRunner$2.evaluate(ParentRunner.java:268)
	at org.springframework.test.context.junit4.statements.RunBeforeTestClassCallbacks.evaluate(RunBeforeTestClassCallbacks.java:61)
	at org.springframework.test.context.junit4.statements.RunAfterTestClassCallbacks.evaluate(RunAfterTestClassCallbacks.java:71)
	at org.junit.runners.ParentRunner.run(ParentRunner.java:363)
	at org.springframework.test.context.junit4.SpringJUnit4ClassRunner.run(SpringJUnit4ClassRunner.java:174)
	at org.apache.maven.surefire.junit4.JUnit4Provider.execute(JUnit4Provider.java:283)
	at org.apache.maven.surefire.junit4.JUnit4Provider.executeWithRerun(JUnit4Provider.java:173)
	at org.apache.maven.surefire.junit4.JUnit4Provider.executeTestSet(JUnit4Provider.java:153)
	at org.apache.maven.surefire.junit4.JUnit4Provider.invoke(JUnit4Provider.java:128)
	at org.apache.maven.surefire.booter.ForkedBooter.invokeProviderInSameClassLoader(ForkedBooter.java:203)
	at org.apache.maven.surefire.booter.ForkedBooter.runSuitesInProcess(ForkedBooter.java:155)
	at org.apache.maven.surefire.booter.ForkedBooter.main(ForkedBooter.java:103)
</error>
    <system-out><![CDATA[2017-08-28 17:42:02.791 [main] DEBUG org.springframework.test.annotation.ProfileValueUtils - Retrieved @ProfileValueSourceConfiguration [null] for test class [com.youzan.pay.unified.cashier.intergration.client.UserMerchantServiceClientTest]
2017-08-28 17:42:02.791 [main] DEBUG org.springframework.test.annotation.ProfileValueUtils - Retrieved ProfileValueSource type [class org.springframework.test.annotation.SystemProfileValueSource] for class [com.youzan.pay.unified.cashier.intergration.client.UserMerchantServiceClientTest]
2017-08-28 17:42:02.792 [main] DEBUG o.s.t.c.support.DependencyInjectionTestExecutionListener - Performing dependency injection for test context [[TestContext@51f8d638 testClass = UserMerchantServiceClientTest, testInstance = com.youzan.pay.unified.cashier.intergration.client.UserMerchantServiceClientTest@346df600, testMethod = [null], testException = [null], mergedContextConfiguration = [MergedContextConfiguration@613b4246 testClass = UserMerchantServiceClientTest, locations = '{classpath*:META-INF/spring/*.xml}', classes = '{}', contextInitializerClasses = '[]', activeProfiles = '{}', contextLoader = 'org.springframework.test.context.support.DelegatingSmartContextLoader', parent = [null]]]].
2017-08-28 17:42:02.792 [main] DEBUG o.s.t.c.support.AbstractDelegatingSmartContextLoader - Delegating to GenericXmlContextLoader to load context from [MergedContextConfiguration@613b4246 testClass = UserMerchantServiceClientTest, locations = '{classpath*:META-INF/spring/*.xml}', classes = '{}', contextInitializerClasses = '[]', activeProfiles = '{}', contextLoader = 'org.springframework.test.context.support.DelegatingSmartContextLoader', parent = [null]].
2017-08-28 17:42:02.792 [main] DEBUG o.s.test.context.support.AbstractGenericContextLoader - Loading ApplicationContext for merged context configuration [[MergedContextConfiguration@613b4246 testClass = UserMerchantServiceClientTest, locations = '{classpath*:META-INF/spring/*.xml}', classes = '{}', contextInitializerClasses = '[]', activeProfiles = '{}', contextLoader = 'org.springframework.test.context.support.DelegatingSmartContextLoader', parent = [null]]].
2017-08-28 17:42:02.794 [main] DEBUG org.springframework.core.env.StandardEnvironment - Adding [systemProperties] PropertySource with lowest search precedence
2017-08-28 17:42:02.794 [main] DEBUG org.springframework.core.env.StandardEnvironment - Adding [systemEnvironment] PropertySource with lowest search precedence
2017-08-28 17:42:02.794 [main] DEBUG org.springframework.core.env.StandardEnvironment - Initialized StandardEnvironment with PropertySources [systemProperties,systemEnvironment]
2017-08-28 17:42:02.795 [main] DEBUG o.s.core.io.support.PathMatchingResourcePatternResolver - Looking for matching resources in directory tree [/Users/wulonghui/work/unified_cashier/intergration/target/test-classes/META-INF/spring]
2017-08-28 17:42:02.795 [main] DEBUG o.s.core.io.support.PathMatchingResourcePatternResolver - Searching directory [/Users/wulonghui/work/unified_cashier/intergration/target/test-classes/META-INF/spring] for files matching pattern [/Users/wulonghui/work/unified_cashier/intergration/target/test-classes/META-INF/spring/*.xml]
2017-08-28 17:42:02.795 [main] DEBUG o.s.core.io.support.PathMatchingResourcePatternResolver - Looking for matching resources in directory tree [/Users/wulonghui/work/unified_cashier/intergration/target/classes/META-INF/spring]
2017-08-28 17:42:02.795 [main] DEBUG o.s.core.io.support.PathMatchingResourcePatternResolver - Searching directory [/Users/wulonghui/work/unified_cashier/intergration/target/classes/META-INF/spring] for files matching pattern [/Users/wulonghui/work/unified_cashier/intergration/target/classes/META-INF/spring/*.xml]
2017-08-28 17:42:02.795 [main] DEBUG o.s.core.io.support.PathMatchingResourcePatternResolver - Looking for matching resources in jar file [file:/Users/wulonghui/.m2/repository/com/youzan/platform/bootstrap/3.0.9-RELEASE/bootstrap-3.0.9-RELEASE.jar]
2017-08-28 17:42:02.795 [main] DEBUG o.s.core.io.support.PathMatchingResourcePatternResolver - Looking for matching resources in jar file [file:/Users/wulonghui/.m2/repository/com/youzan/nova/framework/framework-cat/1.0.7-RELEASE/framework-cat-1.0.7-RELEASE.jar]
2017-08-28 17:42:02.796 [main] DEBUG o.s.core.io.support.PathMatchingResourcePatternResolver - Resolved location pattern [classpath*:META-INF/spring/*.xml] to resources [file [/Users/wulonghui/work/unified_cashier/intergration/target/test-classes/META-INF/spring/spring-test-config.xml], file [/Users/wulonghui/work/unified_cashier/intergration/target/classes/META-INF/spring/spring-dubbo-services.xml], URL [jar:file:/Users/wulonghui/.m2/repository/com/youzan/platform/bootstrap/3.0.9-RELEASE/bootstrap-3.0.9-RELEASE.jar!/META-INF/spring/container.xml], URL [jar:file:/Users/wulonghui/.m2/repository/com/youzan/nova/framework/framework-cat/1.0.7-RELEASE/framework-cat-1.0.7-RELEASE.jar!/META-INF/spring/framework-cat-context.xml]]
2017-08-28 17:42:02.796 [main] INFO  o.s.beans.factory.xml.XmlBeanDefinitionReader - Loading XML bean definitions from file [/Users/wulonghui/work/unified_cashier/intergration/target/test-classes/META-INF/spring/spring-test-config.xml]
2017-08-28 17:42:02.796 [main] DEBUG o.s.beans.factory.xml.DefaultDocumentLoader - Using JAXP provider [com.sun.org.apache.xerces.internal.jaxp.DocumentBuilderFactoryImpl]
2017-08-28 17:42:02.797 [main] DEBUG o.s.beans.factory.xml.PluggableSchemaResolver - Loading schema mappings from [META-INF/spring.schemas]
2017-08-28 17:42:02.798 [main] DEBUG o.s.beans.factory.xml.PluggableSchemaResolver - Loaded schema mappings: {http://mybatis.org/schema/mybatis-spring-1.2.xsd=org/mybatis/spring/config/mybatis-spring-1.2.xsd, http://code.alibabatech.com/schema/dubbo/dubbo.xsd=META-INF/dubbo.xsd, http://www.springframework.org/schema/util/spring-util.xsd=org/springframework/beans/factory/xml/spring-util-3.2.xsd, http://www.springframework.org/schema/jee/spring-jee-3.2.xsd=org/springframework/ejb/config/spring-jee-3.2.xsd, http://www.springframework.org/schema/beans/spring-beans-3.1.xsd=org/springframework/beans/factory/xml/spring-beans-3.1.xsd, http://www.springframework.org/schema/task/spring-task.xsd=org/springframework/scheduling/config/spring-task-3.2.xsd, http://www.springframework.org/schema/cache/spring-cache.xsd=org/springframework/cache/config/spring-cache-3.2.xsd, http://www.springframework.org/schema/aop/spring-aop-3.0.xsd=org/springframework/aop/config/spring-aop-3.0.xsd, http://www.springframework.org/schema/aop/spring-aop-2.0.xsd=org/springframework/aop/config/spring-aop-2.0.xsd, http://www.springframework.org/schema/task/spring-task-3.1.xsd=org/springframework/scheduling/config/spring-task-3.1.xsd, http://www.springframework.org/schema/tool/spring-tool-2.5.xsd=org/springframework/beans/factory/xml/spring-tool-2.5.xsd, http://www.springframework.org/schema/beans/spring-beans.xsd=org/springframework/beans/factory/xml/spring-beans-3.2.xsd, http://www.springframework.org/schema/jee/spring-jee-2.5.xsd=org/springframework/ejb/config/spring-jee-2.5.xsd, http://www.springframework.org/schema/jdbc/spring-jdbc-3.1.xsd=org/springframework/jdbc/config/spring-jdbc-3.1.xsd, http://www.springframework.org/schema/tool/spring-tool-3.1.xsd=org/springframework/beans/factory/xml/spring-tool-3.1.xsd, http://code.alibabatech.com/schema/dubbo/nova.xsd=META-INF/nova.xsd, http://www.springframework.org/schema/aop/spring-aop.xsd=org/springframework/aop/config/spring-aop-3.2.xsd, http://www.springframework.org/schema/jee/spring-jee-3.1.xsd=org/springframework/ejb/config/spring-jee-3.1.xsd, http://www.springframework.org/schema/tx/spring-tx-3.2.xsd=org/springframework/transaction/config/spring-tx-3.2.xsd, http://www.springframework.org/schema/context/spring-context-3.2.xsd=org/springframework/context/config/spring-context-3.2.xsd, http://www.springframework.org/schema/util/spring-util-3.2.xsd=org/springframework/beans/factory/xml/spring-util-3.2.xsd, http://www.springframework.org/schema/beans/spring-beans-2.0.xsd=org/springframework/beans/factory/xml/spring-beans-2.0.xsd, http://www.springframework.org/schema/lang/spring-lang-3.2.xsd=org/springframework/scripting/config/spring-lang-3.2.xsd, http://www.springframework.org/schema/beans/spring-beans-3.0.xsd=org/springframework/beans/factory/xml/spring-beans-3.0.xsd, http://www.springframework.org/schema/cache/spring-cache-3.2.xsd=org/springframework/cache/config/spring-cache-3.2.xsd, http://www.springframework.org/schema/task/spring-task-3.0.xsd=org/springframework/scheduling/config/spring-task-3.0.xsd, http://mybatis.org/schema/mybatis-spring.xsd=org/mybatis/spring/config/mybatis-spring-1.2.xsd, http://www.springframework.org/schema/tx/spring-tx-2.5.xsd=org/springframework/transaction/config/spring-tx-2.5.xsd, http://www.springframework.org/schema/context/spring-context-2.5.xsd=org/springframework/context/config/spring-context-2.5.xsd, http://www.springframework.org/schema/jdbc/spring-jdbc-3.0.xsd=org/springframework/jdbc/config/spring-jdbc-3.0.xsd, http://www.springframework.org/schema/tool/spring-tool-3.0.xsd=org/springframework/beans/factory/xml/spring-tool-3.0.xsd, http://www.springframework.org/schema/tx/spring-tx.xsd=org/springframework/transaction/config/spring-tx-3.2.xsd, http://www.springframework.org/schema/util/spring-util-2.5.xsd=org/springframework/beans/factory/xml/spring-util-2.5.xsd, http://www.springframework.org/schema/tool/spring-tool-2.0.xsd=org/springframework/beans/factory/xml/spring-tool-2.0.xsd, http://www.springframework.org/schema/lang/spring-lang.xsd=org/springframework/scripting/config/spring-lang-3.2.xsd, http://www.springframework.org/schema/lang/spring-lang-2.5.xsd=org/springframework/scripting/config/spring-lang-2.5.xsd, http://www.springframework.org/schema/aop/spring-aop-3.2.xsd=org/springframework/aop/config/spring-aop-3.2.xsd, http://www.springframework.org/schema/jee/spring-jee-3.0.xsd=org/springframework/ejb/config/spring-jee-3.0.xsd, http://www.springframework.org/schema/tx/spring-tx-3.1.xsd=org/springframework/transaction/config/spring-tx-3.1.xsd, http://www.springframework.org/schema/jee/spring-jee-2.0.xsd=org/springframework/ejb/config/spring-jee-2.0.xsd, http://www.springframework.org/schema/context/spring-context-3.1.xsd=org/springframework/context/config/spring-context-3.1.xsd, http://www.springframework.org/schema/util/spring-util-3.1.xsd=org/springframework/beans/factory/xml/spring-util-3.1.xsd, http://www.springframework.org/schema/lang/spring-lang-3.1.xsd=org/springframework/scripting/config/spring-lang-3.1.xsd, http://www.springframework.org/schema/cache/spring-cache-3.1.xsd=org/springframework/cache/config/spring-cache-3.1.xsd, http://www.springframework.org/schema/context/spring-context.xsd=org/springframework/context/config/spring-context-3.2.xsd, http://www.springframework.org/schema/jee/spring-jee.xsd=org/springframework/ejb/config/spring-jee-3.2.xsd, http://www.youzan.com/schema/nsq/spring-nsq-1.0.1.xsd=META-INF/spring-nsq-1.0.1.xsd, http://www.springframework.org/schema/aop/spring-aop-2.5.xsd=org/springframework/aop/config/spring-aop-2.5.xsd, http://www.springframework.org/schema/jdbc/spring-jdbc.xsd=org/springframework/jdbc/config/spring-jdbc-3.2.xsd, http://www.youzan.com/schema/nsq/spring-nsq-1.0.xsd=META-INF/spring-nsq-1.0.xsd, http://www.springframework.org/schema/beans/spring-beans-3.2.xsd=org/springframework/beans/factory/xml/spring-beans-3.2.xsd, http://www.springframework.org/schema/tx/spring-tx-2.0.xsd=org/springframework/transaction/config/spring-tx-2.0.xsd, http://www.springframework.org/schema/aop/spring-aop-3.1.xsd=org/springframework/aop/config/spring-aop-3.1.xsd, http://www.springframework.org/schema/task/spring-task-3.2.xsd=org/springframework/scheduling/config/spring-task-3.2.xsd, http://www.springframework.org/schema/tx/spring-tx-3.0.xsd=org/springframework/transaction/config/spring-tx-3.0.xsd, http://www.springframework.org/schema/context/spring-context-3.0.xsd=org/springframework/context/config/spring-context-3.0.xsd, http://www.springframework.org/schema/tool/spring-tool.xsd=org/springframework/beans/factory/xml/spring-tool-3.2.xsd, http://www.youzan.com/schema/task/spring-task-1.0.xsd=META-INF/spring-task-1.0.xsd, http://www.springframework.org/schema/util/spring-util-3.0.xsd=org/springframework/beans/factory/xml/spring-util-3.0.xsd, http://www.springframework.org/schema/util/spring-util-2.0.xsd=org/springframework/beans/factory/xml/spring-util-2.0.xsd, http://www.springframework.org/schema/lang/spring-lang-3.0.xsd=org/springframework/scripting/config/spring-lang-3.0.xsd, http://www.springframework.org/schema/lang/spring-lang-2.0.xsd=org/springframework/scripting/config/spring-lang-2.0.xsd, http://www.springframework.org/schema/jdbc/spring-jdbc-3.2.xsd=org/springframework/jdbc/config/spring-jdbc-3.2.xsd, http://www.springframework.org/schema/tool/spring-tool-3.2.xsd=org/springframework/beans/factory/xml/spring-tool-3.2.xsd, http://www.springframework.org/schema/beans/spring-beans-2.5.xsd=org/springframework/beans/factory/xml/spring-beans-2.5.xsd}
2017-08-28 17:42:02.798 [main] DEBUG o.s.beans.factory.xml.PluggableSchemaResolver - Found XML schema [http://www.springframework.org/schema/beans/spring-beans-3.2.xsd] in classpath: org/springframework/beans/factory/xml/spring-beans-3.2.xsd
2017-08-28 17:42:02.801 [main] DEBUG o.s.beans.factory.xml.PluggableSchemaResolver - Found XML schema [http://www.springframework.org/schema/context/spring-context-3.2.xsd] in classpath: org/springframework/context/config/spring-context-3.2.xsd
2017-08-28 17:42:02.803 [main] DEBUG o.s.beans.factory.xml.PluggableSchemaResolver - Found XML schema [http://www.springframework.org/schema/tool/spring-tool-3.2.xsd] in classpath: org/springframework/beans/factory/xml/spring-tool-3.2.xsd
2017-08-28 17:42:02.805 [main] DEBUG o.s.b.factory.xml.DefaultBeanDefinitionDocumentReader - Loading bean definitions
2017-08-28 17:42:02.806 [main] DEBUG o.s.beans.factory.xml.DefaultNamespaceHandlerResolver - Loaded NamespaceHandler mappings: {http://www.springframework.org/schema/p=org.springframework.beans.factory.xml.SimplePropertyNamespaceHandler, http://www.springframework.org/schema/util=org.springframework.beans.factory.xml.UtilNamespaceHandler, http://code.alibabatech.com/schema/dubbo=com.alibaba.dubbo.config.spring.schema.DubboNamespaceHandler, http://www.springframework.org/schema/jee=org.springframework.ejb.config.JeeNamespaceHandler, http://www.springframework.org/schema/aop=org.springframework.aop.config.AopNamespaceHandler, http://www.springframework.org/schema/jdbc=org.springframework.jdbc.config.JdbcNamespaceHandler, http://www.springframework.org/schema/cache=org.springframework.cache.config.CacheNamespaceHandler, http://mybatis.org/schema/mybatis-spring=org.mybatis.spring.config.NamespaceHandler, http://www.springframework.org/schema/c=org.springframework.beans.factory.xml.SimpleConstructorNamespaceHandler, http://www.springframework.org/schema/tx=org.springframework.transaction.config.TxNamespaceHandler, http://code.alibabatech.com/schema/nova=com.youzan.nova.framework.schema.HauntNamespaceHandler, http://www.youzan.com/schema/task=com.youzan.pay.core.task.spring.TaskNamespaceHandler, http://www.springframework.org/schema/task=org.springframework.scheduling.config.TaskNamespaceHandler, http://www.springframework.org/schema/lang=org.springframework.scripting.config.LangNamespaceHandler, http://www.youzan.com/schema/nsq=com.youzan.pay.core.nsq.spring.NsqNamespaceHandler, http://www.springframework.org/schema/context=org.springframework.context.config.ContextNamespaceHandler}
2017-08-28 17:42:02.806 [main] DEBUG o.s.context.annotation.ClassPathBeanDefinitionScanner - JSR-250 'javax.annotation.ManagedBean' found and supported for component scanning
2017-08-28 17:42:02.807 [main] DEBUG o.s.core.io.support.PathMatchingResourcePatternResolver - Looking for matching resources in directory tree [/Users/wulonghui/work/unified_cashier/intergration/target/test-classes/com/youzan/pay/unified/cashier/intergration]
2017-08-28 17:42:02.807 [main] DEBUG o.s.core.io.support.PathMatchingResourcePatternResolver - Searching directory [/Users/wulonghui/work/unified_cashier/intergration/target/test-classes/com/youzan/pay/unified/cashier/intergration] for files matching pattern [/Users/wulonghui/work/unified_cashier/intergration/target/test-classes/com/youzan/pay/unified/cashier/intergration/**/*.class]
2017-08-28 17:42:02.807 [main] DEBUG o.s.core.io.support.PathMatchingResourcePatternResolver - Searching directory [/Users/wulonghui/work/unified_cashier/intergration/target/test-classes/com/youzan/pay/unified/cashier/intergration/client] for files matching pattern [/Users/wulonghui/work/unified_cashier/intergration/target/test-classes/com/youzan/pay/unified/cashier/intergration/**/*.class]
2017-08-28 17:42:02.808 [main] DEBUG o.s.core.io.support.PathMatchingResourcePatternResolver - Looking for matching resources in directory tree [/Users/wulonghui/work/unified_cashier/intergration/target/classes/com/youzan/pay/unified/cashier/intergration]
2017-08-28 17:42:02.808 [main] DEBUG o.s.core.io.support.PathMatchingResourcePatternResolver - Searching directory [/Users/wulonghui/work/unified_cashier/intergration/target/classes/com/youzan/pay/unified/cashier/intergration] for files matching pattern [/Users/wulonghui/work/unified_cashier/intergration/target/classes/com/youzan/pay/unified/cashier/intergration/**/*.class]
2017-08-28 17:42:02.808 [main] DEBUG o.s.core.io.support.PathMatchingResourcePatternResolver - Searching directory [/Users/wulonghui/work/unified_cashier/intergration/target/classes/com/youzan/pay/unified/cashier/intergration/client] for files matching pattern [/Users/wulonghui/work/unified_cashier/intergration/target/classes/com/youzan/pay/unified/cashier/intergration/**/*.class]
2017-08-28 17:42:02.808 [main] DEBUG o.s.core.io.support.PathMatchingResourcePatternResolver - Searching directory [/Users/wulonghui/work/unified_cashier/intergration/target/classes/com/youzan/pay/unified/cashier/intergration/common] for files matching pattern [/Users/wulonghui/work/unified_cashier/intergration/target/classes/com/youzan/pay/unified/cashier/intergration/**/*.class]
2017-08-28 17:42:02.808 [main] DEBUG o.s.core.io.support.PathMatchingResourcePatternResolver - Resolved location pattern [classpath*:com/youzan/pay/unified/cashier/intergration/**/*.class] to resources [file [/Users/wulonghui/work/unified_cashier/intergration/target/test-classes/com/youzan/pay/unified/cashier/intergration/BaseTest.class], file [/Users/wulonghui/work/unified_cashier/intergration/target/test-classes/com/youzan/pay/unified/cashier/intergration/client/AssetCenterUnifiedPayServiceClientTest.class], file [/Users/wulonghui/work/unified_cashier/intergration/target/test-classes/com/youzan/pay/unified/cashier/intergration/client/ChannelBankCardServiceClientTest.class], file [/Users/wulonghui/work/unified_cashier/intergration/target/test-classes/com/youzan/pay/unified/cashier/intergration/client/MerchantBankCardServiceClientTest.class], file [/Users/wulonghui/work/unified_cashier/intergration/target/test-classes/com/youzan/pay/unified/cashier/intergration/client/QueryPayToolConfigServiceClietTest.class], file [/Users/wulonghui/work/unified_cashier/intergration/target/test-classes/com/youzan/pay/unified/cashier/intergration/client/UserMerchantServiceClientTest.class], file [/Users/wulonghui/work/unified_cashier/intergration/target/classes/com/youzan/pay/unified/cashier/intergration/client/AssetCenterUnifiedPayServiceClient$1.class], file [/Users/wulonghui/work/unified_cashier/intergration/target/classes/com/youzan/pay/unified/cashier/intergration/client/AssetCenterUnifiedPayServiceClient.class], file [/Users/wulonghui/work/unified_cashier/intergration/target/classes/com/youzan/pay/unified/cashier/intergration/client/CashierOrderStatusSearchClient.class], file [/Users/wulonghui/work/unified_cashier/intergration/target/classes/com/youzan/pay/unified/cashier/intergration/client/CashierRechargeServiceClient.class], file [/Users/wulonghui/work/unified_cashier/intergration/target/classes/com/youzan/pay/unified/cashier/intergration/client/ChannelBankCardServiceClient$1.class], file [/Users/wulonghui/work/unified_cashier/intergration/target/classes/com/youzan/pay/unified/cashier/intergration/client/ChannelBankCardServiceClient$2.class], file [/Users/wulonghui/work/unified_cashier/intergration/target/classes/com/youzan/pay/unified/cashier/intergration/client/ChannelBankCardServiceClient$3.class], file [/Users/wulonghui/work/unified_cashier/intergration/target/classes/com/youzan/pay/unified/cashier/intergration/client/ChannelBankCardServiceClient$4.class], file [/Users/wulonghui/work/unified_cashier/intergration/target/classes/com/youzan/pay/unified/cashier/intergration/client/ChannelBankCardServiceClient.class], file [/Users/wulonghui/work/unified_cashier/intergration/target/classes/com/youzan/pay/unified/cashier/intergration/client/MerchantBankCardServiceClient$1.class], file [/Users/wulonghui/work/unified_cashier/intergration/target/classes/com/youzan/pay/unified/cashier/intergration/client/MerchantBankCardServiceClient$2.class], file [/Users/wulonghui/work/unified_cashier/intergration/target/classes/com/youzan/pay/unified/cashier/intergration/client/MerchantBankCardServiceClient$3.class], file [/Users/wulonghui/work/unified_cashier/intergration/target/classes/com/youzan/pay/unified/cashier/intergration/client/MerchantBankCardServiceClient.class], file [/Users/wulonghui/work/unified_cashier/intergration/target/classes/com/youzan/pay/unified/cashier/intergration/client/MicroAccoutServiceClient.class], file [/Users/wulonghui/work/unified_cashier/intergration/target/classes/com/youzan/pay/unified/cashier/intergration/client/QueryPayToolConfigServiceClient.class], file [/Users/wulonghui/work/unified_cashier/intergration/target/classes/com/youzan/pay/unified/cashier/intergration/client/SignKeyServiceClient.class], file [/Users/wulonghui/work/unified_cashier/intergration/target/classes/com/youzan/pay/unified/cashier/intergration/client/SummaryCardQueryServiceClient.class], file [/Users/wulonghui/work/unified_cashier/intergration/target/classes/com/youzan/pay/unified/cashier/intergration/client/UnifiedOrderServiceClient.class], file [/Users/wulonghui/work/unified_cashier/intergration/target/classes/com/youzan/pay/unified/cashier/intergration/client/UnifiedPayServiceClient.class], file [/Users/wulonghui/work/unified_cashier/intergration/target/classes/com/youzan/pay/unified/cashier/intergration/client/UserMerchantServiceClient$1.class], file [/Users/wulonghui/work/unified_cashier/intergration/target/classes/com/youzan/pay/unified/cashier/intergration/client/UserMerchantServiceClient.class], file [/Users/wulonghui/work/unified_cashier/intergration/target/classes/com/youzan/pay/unified/cashier/intergration/common/CashierHandleTemplate.class], file [/Users/wulonghui/work/unified_cashier/intergration/target/classes/com/youzan/pay/unified/cashier/intergration/common/CashierProcessCallBack.class]]
2017-08-28 17:42:02.809 [main] DEBUG o.s.context.annotation.ClassPathBeanDefinitionScanner - Identified candidate component class: file [/Users/wulonghui/work/unified_cashier/intergration/target/classes/com/youzan/pay/unified/cashier/intergration/client/AssetCenterUnifiedPayServiceClient.class]
2017-08-28 17:42:02.809 [main] DEBUG o.s.context.annotation.ClassPathBeanDefinitionScanner - Identified candidate component class: file [/Users/wulonghui/work/unified_cashier/intergration/target/classes/com/youzan/pay/unified/cashier/intergration/client/CashierOrderStatusSearchClient.class]
2017-08-28 17:42:02.810 [main] DEBUG o.s.context.annotation.ClassPathBeanDefinitionScanner - Identified candidate component class: file [/Users/wulonghui/work/unified_cashier/intergration/target/classes/com/youzan/pay/unified/cashier/intergration/client/CashierRechargeServiceClient.class]
2017-08-28 17:42:02.810 [main] DEBUG o.s.context.annotation.ClassPathBeanDefinitionScanner - Identified candidate component class: file [/Users/wulonghui/work/unified_cashier/intergration/target/classes/com/youzan/pay/unified/cashier/intergration/client/ChannelBankCardServiceClient.class]
2017-08-28 17:42:02.810 [main] DEBUG o.s.context.annotation.ClassPathBeanDefinitionScanner - Identified candidate component class: file [/Users/wulonghui/work/unified_cashier/intergration/target/classes/com/youzan/pay/unified/cashier/intergration/client/MerchantBankCardServiceClient.class]
2017-08-28 17:42:02.810 [main] DEBUG o.s.context.annotation.ClassPathBeanDefinitionScanner - Identified candidate component class: file [/Users/wulonghui/work/unified_cashier/intergration/target/classes/com/youzan/pay/unified/cashier/intergration/client/MicroAccoutServiceClient.class]
2017-08-28 17:42:02.810 [main] DEBUG o.s.context.annotation.ClassPathBeanDefinitionScanner - Identified candidate component class: file [/Users/wulonghui/work/unified_cashier/intergration/target/classes/com/youzan/pay/unified/cashier/intergration/client/QueryPayToolConfigServiceClient.class]
2017-08-28 17:42:02.810 [main] DEBUG o.s.context.annotation.ClassPathBeanDefinitionScanner - Identified candidate component class: file [/Users/wulonghui/work/unified_cashier/intergration/target/classes/com/youzan/pay/unified/cashier/intergration/client/SignKeyServiceClient.class]
2017-08-28 17:42:02.810 [main] DEBUG o.s.context.annotation.ClassPathBeanDefinitionScanner - Identified candidate component class: file [/Users/wulonghui/work/unified_cashier/intergration/target/classes/com/youzan/pay/unified/cashier/intergration/client/SummaryCardQueryServiceClient.class]
2017-08-28 17:42:02.810 [main] DEBUG o.s.context.annotation.ClassPathBeanDefinitionScanner - Identified candidate component class: file [/Users/wulonghui/work/unified_cashier/intergration/target/classes/com/youzan/pay/unified/cashier/intergration/client/UnifiedOrderServiceClient.class]
2017-08-28 17:42:02.810 [main] DEBUG o.s.context.annotation.ClassPathBeanDefinitionScanner - Identified candidate component class: file [/Users/wulonghui/work/unified_cashier/intergration/target/classes/com/youzan/pay/unified/cashier/intergration/client/UnifiedPayServiceClient.class]
2017-08-28 17:42:02.811 [main] DEBUG o.s.context.annotation.ClassPathBeanDefinitionScanner - Identified candidate component class: file [/Users/wulonghui/work/unified_cashier/intergration/target/classes/com/youzan/pay/unified/cashier/intergration/client/UserMerchantServiceClient.class]
2017-08-28 17:42:02.811 [main] DEBUG o.s.core.io.support.PathMatchingResourcePatternResolver - Resolved location pattern [classpath*:beans/spring-*.xml] to resources []
2017-08-28 17:42:02.811 [main] DEBUG o.s.beans.factory.xml.XmlBeanDefinitionReader - Loaded 0 bean definitions from location pattern [classpath*:beans/spring-*.xml]
2017-08-28 17:42:02.811 [main] DEBUG o.s.b.factory.xml.DefaultBeanDefinitionDocumentReader - Imported 0 bean definitions from URL location [classpath*:beans/spring-*.xml]
2017-08-28 17:42:02.811 [main] INFO  o.s.beans.factory.xml.XmlBeanDefinitionReader - Loading XML bean definitions from file [/Users/wulonghui/work/unified_cashier/intergration/target/classes/META-INF/spring/spring-dubbo-services.xml]
2017-08-28 17:42:02.812 [main] DEBUG o.s.beans.factory.xml.DefaultDocumentLoader - Using JAXP provider [com.sun.org.apache.xerces.internal.jaxp.DocumentBuilderFactoryImpl]
2017-08-28 17:42:02.812 [main] DEBUG o.s.beans.factory.xml.PluggableSchemaResolver - Found XML schema [http://www.springframework.org/schema/beans/spring-beans-2.5.xsd] in classpath: org/springframework/beans/factory/xml/spring-beans-2.5.xsd
2017-08-28 17:42:02.814 [main] DEBUG o.s.beans.factory.xml.PluggableSchemaResolver - Found XML schema [http://www.springframework.org/schema/context/spring-context.xsd] in classpath: org/springframework/context/config/spring-context-3.2.xsd
2017-08-28 17:42:02.815 [main] DEBUG o.s.beans.factory.xml.PluggableSchemaResolver - Found XML schema [http://www.springframework.org/schema/tool/spring-tool-3.2.xsd] in classpath: org/springframework/beans/factory/xml/spring-tool-3.2.xsd
2017-08-28 17:42:02.816 [main] DEBUG o.s.beans.factory.xml.PluggableSchemaResolver - Found XML schema [http://code.alibabatech.com/schema/dubbo/dubbo.xsd] in classpath: META-INF/dubbo.xsd
2017-08-28 17:42:02.818 [main] DEBUG o.s.b.factory.xml.DefaultBeanDefinitionDocumentReader - Loading bean definitions
2017-08-28 17:42:02.818 [main] DEBUG o.s.context.annotation.ClassPathBeanDefinitionScanner - JSR-250 'javax.annotation.ManagedBean' found and supported for component scanning
2017-08-28 17:42:02.819 [main] DEBUG o.s.core.io.support.PathMatchingResourcePatternResolver - Looking for matching resources in directory tree [/Users/wulonghui/work/unified_cashier/intergration/target/test-classes/com/youzan/pay/unified/cashier/intergration/client]
2017-08-28 17:42:02.819 [main] DEBUG o.s.core.io.support.PathMatchingResourcePatternResolver - Searching directory [/Users/wulonghui/work/unified_cashier/intergration/target/test-classes/com/youzan/pay/unified/cashier/intergration/client] for files matching pattern [/Users/wulonghui/work/unified_cashier/intergration/target/test-classes/com/youzan/pay/unified/cashier/intergration/client/**/*.class]
2017-08-28 17:42:02.820 [main] DEBUG o.s.core.io.support.PathMatchingResourcePatternResolver - Looking for matching resources in directory tree [/Users/wulonghui/work/unified_cashier/intergration/target/classes/com/youzan/pay/unified/cashier/intergration/client]
2017-08-28 17:42:02.820 [main] DEBUG o.s.core.io.support.PathMatchingResourcePatternResolver - Searching directory [/Users/wulonghui/work/unified_cashier/intergration/target/classes/com/youzan/pay/unified/cashier/intergration/client] for files matching pattern [/Users/wulonghui/work/unified_cashier/intergration/target/classes/com/youzan/pay/unified/cashier/intergration/client/**/*.class]
2017-08-28 17:42:02.820 [main] DEBUG o.s.core.io.support.PathMatchingResourcePatternResolver - Resolved location pattern [classpath*:com/youzan/pay/unified/cashier/intergration/client/**/*.class] to resources [file [/Users/wulonghui/work/unified_cashier/intergration/target/test-classes/com/youzan/pay/unified/cashier/intergration/client/AssetCenterUnifiedPayServiceClientTest.class], file [/Users/wulonghui/work/unified_cashier/intergration/target/test-classes/com/youzan/pay/unified/cashier/intergration/client/ChannelBankCardServiceClientTest.class], file [/Users/wulonghui/work/unified_cashier/intergration/target/test-classes/com/youzan/pay/unified/cashier/intergration/client/MerchantBankCardServiceClientTest.class], file [/Users/wulonghui/work/unified_cashier/intergration/target/test-classes/com/youzan/pay/unified/cashier/intergration/client/QueryPayToolConfigServiceClietTest.class], file [/Users/wulonghui/work/unified_cashier/intergration/target/test-classes/com/youzan/pay/unified/cashier/intergration/client/UserMerchantServiceClientTest.class], file [/Users/wulonghui/work/unified_cashier/intergration/target/classes/com/youzan/pay/unified/cashier/intergration/client/AssetCenterUnifiedPayServiceClient$1.class], file [/Users/wulonghui/work/unified_cashier/intergration/target/classes/com/youzan/pay/unified/cashier/intergration/client/AssetCenterUnifiedPayServiceClient.class], file [/Users/wulonghui/work/unified_cashier/intergration/target/classes/com/youzan/pay/unified/cashier/intergration/client/CashierOrderStatusSearchClient.class], file [/Users/wulonghui/work/unified_cashier/intergration/target/classes/com/youzan/pay/unified/cashier/intergration/client/CashierRechargeServiceClient.class], file [/Users/wulonghui/work/unified_cashier/intergration/target/classes/com/youzan/pay/unified/cashier/intergration/client/ChannelBankCardServiceClient$1.class], file [/Users/wulonghui/work/unified_cashier/intergration/target/classes/com/youzan/pay/unified/cashier/intergration/client/ChannelBankCardServiceClient$2.class], file [/Users/wulonghui/work/unified_cashier/intergration/target/classes/com/youzan/pay/unified/cashier/intergration/client/ChannelBankCardServiceClient$3.class], file [/Users/wulonghui/work/unified_cashier/intergration/target/classes/com/youzan/pay/unified/cashier/intergration/client/ChannelBankCardServiceClient$4.class], file [/Users/wulonghui/work/unified_cashier/intergration/target/classes/com/youzan/pay/unified/cashier/intergration/client/ChannelBankCardServiceClient.class], file [/Users/wulonghui/work/unified_cashier/intergration/target/classes/com/youzan/pay/unified/cashier/intergration/client/MerchantBankCardServiceClient$1.class], file [/Users/wulonghui/work/unified_cashier/intergration/target/classes/com/youzan/pay/unified/cashier/intergration/client/MerchantBankCardServiceClient$2.class], file [/Users/wulonghui/work/unified_cashier/intergration/target/classes/com/youzan/pay/unified/cashier/intergration/client/MerchantBankCardServiceClient$3.class], file [/Users/wulonghui/work/unified_cashier/intergration/target/classes/com/youzan/pay/unified/cashier/intergration/client/MerchantBankCardServiceClient.class], file [/Users/wulonghui/work/unified_cashier/intergration/target/classes/com/youzan/pay/unified/cashier/intergration/client/MicroAccoutServiceClient.class], file [/Users/wulonghui/work/unified_cashier/intergration/target/classes/com/youzan/pay/unified/cashier/intergration/client/QueryPayToolConfigServiceClient.class], file [/Users/wulonghui/work/unified_cashier/intergration/target/classes/com/youzan/pay/unified/cashier/intergration/client/SignKeyServiceClient.class], file [/Users/wulonghui/work/unified_cashier/intergration/target/classes/com/youzan/pay/unified/cashier/intergration/client/SummaryCardQueryServiceClient.class], file [/Users/wulonghui/work/unified_cashier/intergration/target/classes/com/youzan/pay/unified/cashier/intergration/client/UnifiedOrderServiceClient.class], file [/Users/wulonghui/work/unified_cashier/intergration/target/classes/com/youzan/pay/unified/cashier/intergration/client/UnifiedPayServiceClient.class], file [/Users/wulonghui/work/unified_cashier/intergration/target/classes/com/youzan/pay/unified/cashier/intergration/client/UserMerchantServiceClient$1.class], file [/Users/wulonghui/work/unified_cashier/intergration/target/classes/com/youzan/pay/unified/cashier/intergration/client/UserMerchantServiceClient.class]]
2017-08-28 17:42:02.821 [main] DEBUG o.s.context.annotation.ClassPathBeanDefinitionScanner - Identified candidate component class: file [/Users/wulonghui/work/unified_cashier/intergration/target/classes/com/youzan/pay/unified/cashier/intergration/client/AssetCenterUnifiedPayServiceClient.class]
2017-08-28 17:42:02.821 [main] DEBUG o.s.context.annotation.ClassPathBeanDefinitionScanner - Identified candidate component class: file [/Users/wulonghui/work/unified_cashier/intergration/target/classes/com/youzan/pay/unified/cashier/intergration/client/CashierOrderStatusSearchClient.class]
2017-08-28 17:42:02.821 [main] DEBUG o.s.context.annotation.ClassPathBeanDefinitionScanner - Identified candidate component class: file [/Users/wulonghui/work/unified_cashier/intergration/target/classes/com/youzan/pay/unified/cashier/intergration/client/CashierRechargeServiceClient.class]
2017-08-28 17:42:02.822 [main] DEBUG o.s.context.annotation.ClassPathBeanDefinitionScanner - Identified candidate component class: file [/Users/wulonghui/work/unified_cashier/intergration/target/classes/com/youzan/pay/unified/cashier/intergration/client/ChannelBankCardServiceClient.class]
2017-08-28 17:42:02.822 [main] DEBUG o.s.context.annotation.ClassPathBeanDefinitionScanner - Identified candidate component class: file [/Users/wulonghui/work/unified_cashier/intergration/target/classes/com/youzan/pay/unified/cashier/intergration/client/MerchantBankCardServiceClient.class]
2017-08-28 17:42:02.822 [main] DEBUG o.s.context.annotation.ClassPathBeanDefinitionScanner - Identified candidate component class: file [/Users/wulonghui/work/unified_cashier/intergration/target/classes/com/youzan/pay/unified/cashier/intergration/client/MicroAccoutServiceClient.class]
2017-08-28 17:42:02.822 [main] DEBUG o.s.context.annotation.ClassPathBeanDefinitionScanner - Identified candidate component class: file [/Users/wulonghui/work/unified_cashier/intergration/target/classes/com/youzan/pay/unified/cashier/intergration/client/QueryPayToolConfigServiceClient.class]
2017-08-28 17:42:02.822 [main] DEBUG o.s.context.annotation.ClassPathBeanDefinitionScanner - Identified candidate component class: file [/Users/wulonghui/work/unified_cashier/intergration/target/classes/com/youzan/pay/unified/cashier/intergration/client/SignKeyServiceClient.class]
2017-08-28 17:42:02.822 [main] DEBUG o.s.context.annotation.ClassPathBeanDefinitionScanner - Identified candidate component class: file [/Users/wulonghui/work/unified_cashier/intergration/target/classes/com/youzan/pay/unified/cashier/intergration/client/SummaryCardQueryServiceClient.class]
2017-08-28 17:42:02.822 [main] DEBUG o.s.context.annotation.ClassPathBeanDefinitionScanner - Identified candidate component class: file [/Users/wulonghui/work/unified_cashier/intergration/target/classes/com/youzan/pay/unified/cashier/intergration/client/UnifiedOrderServiceClient.class]
2017-08-28 17:42:02.822 [main] DEBUG o.s.context.annotation.ClassPathBeanDefinitionScanner - Identified candidate component class: file [/Users/wulonghui/work/unified_cashier/intergration/target/classes/com/youzan/pay/unified/cashier/intergration/client/UnifiedPayServiceClient.class]
2017-08-28 17:42:02.823 [main] DEBUG o.s.context.annotation.ClassPathBeanDefinitionScanner - Identified candidate component class: file [/Users/wulonghui/work/unified_cashier/intergration/target/classes/com/youzan/pay/unified/cashier/intergration/client/UserMerchantServiceClient.class]
2017-08-28 17:42:02.827 [main] INFO  o.s.beans.factory.xml.XmlBeanDefinitionReader - Loading XML bean definitions from URL [jar:file:/Users/wulonghui/.m2/repository/com/youzan/platform/bootstrap/3.0.9-RELEASE/bootstrap-3.0.9-RELEASE.jar!/META-INF/spring/container.xml]
2017-08-28 17:42:02.828 [main] DEBUG o.s.beans.factory.xml.DefaultDocumentLoader - Using JAXP provider [com.sun.org.apache.xerces.internal.jaxp.DocumentBuilderFactoryImpl]
2017-08-28 17:42:02.829 [main] DEBUG o.s.beans.factory.xml.PluggableSchemaResolver - Found XML schema [http://www.springframework.org/schema/beans/spring-beans-2.5.xsd] in classpath: org/springframework/beans/factory/xml/spring-beans-2.5.xsd
2017-08-28 17:42:02.831 [main] DEBUG o.s.b.factory.xml.DefaultBeanDefinitionDocumentReader - Loading bean definitions
2017-08-28 17:42:02.832 [main] INFO  o.s.beans.factory.xml.XmlBeanDefinitionReader - Loading XML bean definitions from URL [jar:file:/Users/wulonghui/.m2/repository/com/youzan/nova/framework/framework-cat/1.0.7-RELEASE/framework-cat-1.0.7-RELEASE.jar!/META-INF/spring/framework-cat-context.xml]
2017-08-28 17:42:02.833 [main] DEBUG o.s.beans.factory.xml.DefaultDocumentLoader - Using JAXP provider [com.sun.org.apache.xerces.internal.jaxp.DocumentBuilderFactoryImpl]
2017-08-28 17:42:02.834 [main] DEBUG o.s.beans.factory.xml.PluggableSchemaResolver - Found XML schema [http://www.springframework.org/schema/beans/spring-beans-2.5.xsd] in classpath: org/springframework/beans/factory/xml/spring-beans-2.5.xsd
2017-08-28 17:42:02.836 [main] DEBUG o.s.beans.factory.xml.PluggableSchemaResolver - Found XML schema [http://www.springframework.org/schema/aop/spring-aop-3.0.xsd] in classpath: org/springframework/aop/config/spring-aop-3.0.xsd
2017-08-28 17:42:02.837 [main] DEBUG o.s.beans.factory.xml.PluggableSchemaResolver - Found XML schema [http://www.springframework.org/schema/tool/spring-tool-3.0.xsd] in classpath: org/springframework/beans/factory/xml/spring-tool-3.0.xsd
2017-08-28 17:42:02.839 [main] DEBUG o.s.b.factory.xml.DefaultBeanDefinitionDocumentReader - Loading bean definitions
2017-08-28 17:42:02.839 [main] DEBUG o.s.beans.factory.xml.XmlBeanDefinitionReader - Loaded 35 bean definitions from location pattern [classpath*:META-INF/spring/*.xml]
2017-08-28 17:42:02.839 [main] INFO  o.s.context.support.GenericApplicationContext - Refreshing org.springframework.context.support.GenericApplicationContext@ec2a05a: startup date [Mon Aug 28 17:42:02 CST 2017]; root of context hierarchy
2017-08-28 17:42:02.839 [main] DEBUG o.s.context.support.GenericApplicationContext - Bean factory for org.springframework.context.support.GenericApplicationContext@ec2a05a: org.springframework.beans.factory.support.DefaultListableBeanFactory@4a935e93: defining beans [org.springframework.context.support.PropertySourcesPlaceholderConfigurer#0,assetCenterUnifiedPayServiceClient,cashierOrderStatusSearchClient,cashierRechargeServiceClient,channelBankCardServiceClient,merchantBankCardServiceClient,microAccoutServiceClient,queryPayToolConfigServiceClient,signKeyServiceClient,summaryCardQueryServiceClient,unifiedOrderServiceClient,unifiedPayServiceClient,userMerchantServiceClient,org.springframework.context.annotation.internalConfigurationAnnotationProcessor,org.springframework.context.annotation.internalAutowiredAnnotationProcessor,org.springframework.context.annotation.internalRequiredAnnotationProcessor,org.springframework.context.annotation.internalCommonAnnotationProcessor,signKeyService,merchantConfigService,acquireOrderService,unifiedPayService,unifiedOrderQueryService,unifiedOrderService,bankCardService,merchantBankCardService,userMerchantService,rechargeService,payToolsService,accountService,summaryCardQueryService,novaContainer,beanFactory,org.springframework.aop.config.internalAutoProxyCreator,tracingAop,customerMethodAop]; root of factory hierarchy
2017-08-28 17:42:02.840 [main] DEBUG o.s.beans.factory.support.DefaultListableBeanFactory - Creating shared instance of singleton bean 'org.springframework.context.annotation.internalConfigurationAnnotationProcessor'
2017-08-28 17:42:02.840 [main] DEBUG o.s.beans.factory.support.DefaultListableBeanFactory - Creating instance of bean 'org.springframework.context.annotation.internalConfigurationAnnotationProcessor'
2017-08-28 17:42:02.840 [main] DEBUG o.s.beans.factory.support.DefaultListableBeanFactory - Eagerly caching bean 'org.springframework.context.annotation.internalConfigurationAnnotationProcessor' to allow for resolving potential circular references
2017-08-28 17:42:02.840 [main] DEBUG o.s.beans.factory.support.DefaultListableBeanFactory - Finished creating instance of bean 'org.springframework.context.annotation.internalConfigurationAnnotationProcessor'
2017-08-28 17:42:02.840 [main] DEBUG o.s.beans.factory.support.DefaultListableBeanFactory - Creating shared instance of singleton bean 'novaContainer'
2017-08-28 17:42:02.840 [main] DEBUG o.s.beans.factory.support.DefaultListableBeanFactory - Creating instance of bean 'novaContainer'
2017-08-28 17:42:02.840 [main] DEBUG o.s.beans.factory.support.DefaultListableBeanFactory - Eagerly caching bean 'novaContainer' to allow for resolving potential circular references
2017-08-28 17:42:02.840 [main] DEBUG o.s.beans.factory.support.DefaultListableBeanFactory - Finished creating instance of bean 'novaContainer'
2017-08-28 17:42:02.844 [main] DEBUG o.s.beans.factory.support.DefaultListableBeanFactory - Creating shared instance of singleton bean 'org.springframework.context.support.PropertySourcesPlaceholderConfigurer#0'
2017-08-28 17:42:02.844 [main] DEBUG o.s.beans.factory.support.DefaultListableBeanFactory - Creating instance of bean 'org.springframework.context.support.PropertySourcesPlaceholderConfigurer#0'
2017-08-28 17:42:02.844 [main] DEBUG o.s.beans.factory.support.DefaultListableBeanFactory - Eagerly caching bean 'org.springframework.context.support.PropertySourcesPlaceholderConfigurer#0' to allow for resolving potential circular references
2017-08-28 17:42:02.845 [main] DEBUG o.s.core.io.support.PathMatchingResourcePatternResolver - Looking for matching resources in directory tree [/Users/wulonghui/work/unified_cashier/intergration/target/test-classes]
2017-08-28 17:42:02.845 [main] DEBUG o.s.core.io.support.PathMatchingResourcePatternResolver - Searching directory [/Users/wulonghui/work/unified_cashier/intergration/target/test-classes] for files matching pattern [/Users/wulonghui/work/unified_cashier/intergration/target/test-classes/*.properties]
2017-08-28 17:42:02.845 [main] DEBUG o.s.core.io.support.PathMatchingResourcePatternResolver - Looking for matching resources in directory tree [/Users/wulonghui/work/unified_cashier/intergration/target/classes]
2017-08-28 17:42:02.845 [main] DEBUG o.s.core.io.support.PathMatchingResourcePatternResolver - Searching directory [/Users/wulonghui/work/unified_cashier/intergration/target/classes] for files matching pattern [/Users/wulonghui/work/unified_cashier/intergration/target/classes/*.properties]
2017-08-28 17:42:02.846 [main] DEBUG o.s.core.io.support.PathMatchingResourcePatternResolver - Looking for matching resources in directory tree [/Users/wulonghui/work/unified_cashier/core-utils/target/classes]
2017-08-28 17:42:02.846 [main] DEBUG o.s.core.io.support.PathMatchingResourcePatternResolver - Searching directory [/Users/wulonghui/work/unified_cashier/core-utils/target/classes] for files matching pattern [/Users/wulonghui/work/unified_cashier/core-utils/target/classes/*.properties]
2017-08-28 17:42:02.846 [main] DEBUG o.s.core.io.support.PathMatchingResourcePatternResolver - Looking for matching resources in directory tree [/Users/wulonghui/work/unified_cashier/core-model/target/classes]
2017-08-28 17:42:02.846 [main] DEBUG o.s.core.io.support.PathMatchingResourcePatternResolver - Searching directory [/Users/wulonghui/work/unified_cashier/core-model/target/classes] for files matching pattern [/Users/wulonghui/work/unified_cashier/core-model/target/classes/*.properties]
2017-08-28 17:42:02.846 [main] DEBUG o.s.core.io.support.PathMatchingResourcePatternResolver - Resolved location pattern [classpath*:*.properties] to resources [file [/Users/wulonghui/work/unified_cashier/intergration/target/test-classes/container.properties], file [/Users/wulonghui/work/unified_cashier/intergration/target/test-classes/dev.properties]]
2017-08-28 17:42:02.846 [main] DEBUG o.s.beans.factory.support.DefaultListableBeanFactory - Finished creating instance of bean 'org.springframework.context.support.PropertySourcesPlaceholderConfigurer#0'
2017-08-28 17:42:02.847 [main] DEBUG org.springframework.core.env.MutablePropertySources - Adding [environmentProperties] PropertySource with lowest search precedence
2017-08-28 17:42:02.847 [main] INFO  o.s.context.support.PropertySourcesPlaceholderConfigurer - Loading properties file from file [/Users/wulonghui/work/unified_cashier/intergration/target/test-classes/container.properties]
2017-08-28 17:42:02.847 [main] INFO  o.s.context.support.PropertySourcesPlaceholderConfigurer - Loading properties file from file [/Users/wulonghui/work/unified_cashier/intergration/target/test-classes/dev.properties]
2017-08-28 17:42:02.847 [main] DEBUG org.springframework.core.env.MutablePropertySources - Adding [localProperties] PropertySource with lowest search precedence
2017-08-28 17:42:02.847 [main] DEBUG o.s.core.env.PropertySourcesPropertyResolver - Searching for key 'application.monitor.address' in [environmentProperties]
2017-08-28 17:42:02.847 [main] DEBUG o.s.core.env.PropertySourcesPropertyResolver - Searching for key 'application.monitor.address' in [systemProperties]
2017-08-28 17:42:02.847 [main] DEBUG o.s.core.env.PropertySourcesPropertyResolver - Searching for key 'application.monitor.address' in [systemEnvironment]
2017-08-28 17:42:02.847 [main] DEBUG o.s.core.env.PropertySourcesPropertyResolver - Could not find key 'application.monitor.address' in any property source. Returning [null]
2017-08-28 17:42:02.847 [main] DEBUG o.s.core.env.PropertySourcesPropertyResolver - Searching for key 'application.monitor.address' in [localProperties]
2017-08-28 17:42:02.847 [main] DEBUG o.s.core.env.PropertySourcesPropertyResolver - Found key 'application.monitor.address' in [localProperties] with type [String] and value 'http://hawk-dev.s.qima-inc.com'
2017-08-28 17:42:02.848 [main] DEBUG o.s.beans.factory.support.DefaultListableBeanFactory - Creating shared instance of singleton bean 'com.alibaba.dubbo.config.spring.AnnotationBean'
2017-08-28 17:42:02.848 [main] DEBUG o.s.beans.factory.support.DefaultListableBeanFactory - Creating instance of bean 'com.alibaba.dubbo.config.spring.AnnotationBean'
2017-08-28 17:42:02.848 [main] DEBUG o.s.beans.factory.support.DefaultListableBeanFactory - Eagerly caching bean 'com.alibaba.dubbo.config.spring.AnnotationBean' to allow for resolving potential circular references
2017-08-28 17:42:02.848 [main] DEBUG o.s.beans.factory.support.DefaultListableBeanFactory - Finished creating instance of bean 'com.alibaba.dubbo.config.spring.AnnotationBean'
2017-08-28 17:42:02.848 [main] DEBUG org.springframework.core.env.StandardEnvironment - Adding [systemProperties] PropertySource with lowest search precedence
2017-08-28 17:42:02.848 [main] DEBUG org.springframework.core.env.StandardEnvironment - Adding [systemEnvironment] PropertySource with lowest search precedence
2017-08-28 17:42:02.848 [main] DEBUG org.springframework.core.env.StandardEnvironment - Initialized StandardEnvironment with PropertySources [systemProperties,systemEnvironment]
2017-08-28 17:42:02.848 [main] DEBUG o.s.context.annotation.ClassPathBeanDefinitionScanner - JSR-250 'javax.annotation.ManagedBean' found and supported for component scanning
2017-08-28 17:42:02.849 [main] DEBUG o.s.core.io.support.PathMatchingResourcePatternResolver - Looking for matching resources in directory tree [/Users/wulonghui/work/unified_cashier/intergration/target/test-classes/com/youzan]
2017-08-28 17:42:02.849 [main] DEBUG o.s.core.io.support.PathMatchingResourcePatternResolver - Searching directory [/Users/wulonghui/work/unified_cashier/intergration/target/test-classes/com/youzan] for files matching pattern [/Users/wulonghui/work/unified_cashier/intergration/target/test-classes/com/youzan/**/*.class]
2017-08-28 17:42:02.850 [main] DEBUG o.s.core.io.support.PathMatchingResourcePatternResolver - Searching directory [/Users/wulonghui/work/unified_cashier/intergration/target/test-classes/com/youzan/pay] for files matching pattern [/Users/wulonghui/work/unified_cashier/intergration/target/test-classes/com/youzan/**/*.class]
2017-08-28 17:42:02.850 [main] DEBUG o.s.core.io.support.PathMatchingResourcePatternResolver - Searching directory [/Users/wulonghui/work/unified_cashier/intergration/target/test-classes/com/youzan/pay/unified] for files matching pattern [/Users/wulonghui/work/unified_cashier/intergration/target/test-classes/com/youzan/**/*.class]
2017-08-28 17:42:02.850 [main] DEBUG o.s.core.io.support.PathMatchingResourcePatternResolver - Searching directory [/Users/wulonghui/work/unified_cashier/intergration/target/test-classes/com/youzan/pay/unified/cashier] for files matching pattern [/Users/wulonghui/work/unified_cashier/intergration/target/test-classes/com/youzan/**/*.class]
2017-08-28 17:42:02.850 [main] DEBUG o.s.core.io.support.PathMatchingResourcePatternResolver - Searching directory [/Users/wulonghui/work/unified_cashier/intergration/target/test-classes/com/youzan/pay/unified/cashier/intergration] for files matching pattern [/Users/wulonghui/work/unified_cashier/intergration/target/test-classes/com/youzan/**/*.class]
2017-08-28 17:42:02.850 [main] DEBUG o.s.core.io.support.PathMatchingResourcePatternResolver - Searching directory [/Users/wulonghui/work/unified_cashier/intergration/target/test-classes/com/youzan/pay/unified/cashier/intergration/client] for files matching pattern [/Users/wulonghui/work/unified_cashier/intergration/target/test-classes/com/youzan/**/*.class]
2017-08-28 17:42:02.850 [main] DEBUG o.s.core.io.support.PathMatchingResourcePatternResolver - Looking for matching resources in directory tree [/Users/wulonghui/work/unified_cashier/intergration/target/classes/com/youzan]
2017-08-28 17:42:02.850 [main] DEBUG o.s.core.io.support.PathMatchingResourcePatternResolver - Searching directory [/Users/wulonghui/work/unified_cashier/intergration/target/classes/com/youzan] for files matching pattern [/Users/wulonghui/work/unified_cashier/intergration/target/classes/com/youzan/**/*.class]
2017-08-28 17:42:02.850 [main] DEBUG o.s.core.io.support.PathMatchingResourcePatternResolver - Searching directory [/Users/wulonghui/work/unified_cashier/intergration/target/classes/com/youzan/pay] for files matching pattern [/Users/wulonghui/work/unified_cashier/intergration/target/classes/com/youzan/**/*.class]
2017-08-28 17:42:02.850 [main] DEBUG o.s.core.io.support.PathMatchingResourcePatternResolver - Searching directory [/Users/wulonghui/work/unified_cashier/intergration/target/classes/com/youzan/pay/unified] for files matching pattern [/Users/wulonghui/work/unified_cashier/intergration/target/classes/com/youzan/**/*.class]
2017-08-28 17:42:02.850 [main] DEBUG o.s.core.io.support.PathMatchingResourcePatternResolver - Searching directory [/Users/wulonghui/work/unified_cashier/intergration/target/classes/com/youzan/pay/unified/cashier] for files matching pattern [/Users/wulonghui/work/unified_cashier/intergration/target/classes/com/youzan/**/*.class]
2017-08-28 17:42:02.850 [main] DEBUG o.s.core.io.support.PathMatchingResourcePatternResolver - Searching directory [/Users/wulonghui/work/unified_cashier/intergration/target/classes/com/youzan/pay/unified/cashier/intergration] for files matching pattern [/Users/wulonghui/work/unified_cashier/intergration/target/classes/com/youzan/**/*.class]
2017-08-28 17:42:02.850 [main] DEBUG o.s.core.io.support.PathMatchingResourcePatternResolver - Searching directory [/Users/wulonghui/work/unified_cashier/intergration/target/classes/com/youzan/pay/unified/cashier/intergration/client] for files matching pattern [/Users/wulonghui/work/unified_cashier/intergration/target/classes/com/youzan/**/*.class]
2017-08-28 17:42:02.851 [main] DEBUG o.s.core.io.support.PathMatchingResourcePatternResolver - Searching directory [/Users/wulonghui/work/unified_cashier/intergration/target/classes/com/youzan/pay/unified/cashier/intergration/common] for files matching pattern [/Users/wulonghui/work/unified_cashier/intergration/target/classes/com/youzan/**/*.class]
2017-08-28 17:42:02.851 [main] DEBUG o.s.core.io.support.PathMatchingResourcePatternResolver - Looking for matching resources in directory tree [/Users/wulonghui/work/unified_cashier/core-utils/target/classes/com/youzan]
2017-08-28 17:42:02.851 [main] DEBUG o.s.core.io.support.PathMatchingResourcePatternResolver - Searching directory [/Users/wulonghui/work/unified_cashier/core-utils/target/classes/com/youzan] for files matching pattern [/Users/wulonghui/work/unified_cashier/core-utils/target/classes/com/youzan/**/*.class]
2017-08-28 17:42:02.851 [main] DEBUG o.s.core.io.support.PathMatchingResourcePatternResolver - Searching directory [/Users/wulonghui/work/unified_cashier/core-utils/target/classes/com/youzan/pay] for files matching pattern [/Users/wulonghui/work/unified_cashier/core-utils/target/classes/com/youzan/**/*.class]
2017-08-28 17:42:02.851 [main] DEBUG o.s.core.io.support.PathMatchingResourcePatternResolver - Searching directory [/Users/wulonghui/work/unified_cashier/core-utils/target/classes/com/youzan/pay/unified] for files matching pattern [/Users/wulonghui/work/unified_cashier/core-utils/target/classes/com/youzan/**/*.class]
2017-08-28 17:42:02.851 [main] DEBUG o.s.core.io.support.PathMatchingResourcePatternResolver - Searching directory [/Users/wulonghui/work/unified_cashier/core-utils/target/classes/com/youzan/pay/unified/cashier] for files matching pattern [/Users/wulonghui/work/unified_cashier/core-utils/target/classes/com/youzan/**/*.class]
2017-08-28 17:42:02.851 [main] DEBUG o.s.core.io.support.PathMatchingResourcePatternResolver - Searching directory [/Users/wulonghui/work/unified_cashier/core-utils/target/classes/com/youzan/pay/unified/cashier/core] for files matching pattern [/Users/wulonghui/work/unified_cashier/core-utils/target/classes/com/youzan/**/*.class]
2017-08-28 17:42:02.851 [main] DEBUG o.s.core.io.support.PathMatchingResourcePatternResolver - Searching directory [/Users/wulonghui/work/unified_cashier/core-utils/target/classes/com/youzan/pay/unified/cashier/core/utils] for files matching pattern [/Users/wulonghui/work/unified_cashier/core-utils/target/classes/com/youzan/**/*.class]
2017-08-28 17:42:02.852 [main] DEBUG o.s.core.io.support.PathMatchingResourcePatternResolver - Searching directory [/Users/wulonghui/work/unified_cashier/core-utils/target/classes/com/youzan/pay/unified/cashier/core/utils/common] for files matching pattern [/Users/wulonghui/work/unified_cashier/core-utils/target/classes/com/youzan/**/*.class]
2017-08-28 17:42:02.852 [main] DEBUG o.s.core.io.support.PathMatchingResourcePatternResolver - Searching directory [/Users/wulonghui/work/unified_cashier/core-utils/target/classes/com/youzan/pay/unified/cashier/core/utils/enums] for files matching pattern [/Users/wulonghui/work/unified_cashier/core-utils/target/classes/com/youzan/**/*.class]
2017-08-28 17:42:02.852 [main] DEBUG o.s.core.io.support.PathMatchingResourcePatternResolver - Searching directory [/Users/wulonghui/work/unified_cashier/core-utils/target/classes/com/youzan/pay/unified/cashier/core/utils/exception] for files matching pattern [/Users/wulonghui/work/unified_cashier/core-utils/target/classes/com/youzan/**/*.class]
2017-08-28 17:42:02.852 [main] DEBUG o.s.core.io.support.PathMatchingResourcePatternResolver - Searching directory [/Users/wulonghui/work/unified_cashier/core-utils/target/classes/com/youzan/pay/unified/cashier/core/utils/model] for files matching pattern [/Users/wulonghui/work/unified_cashier/core-utils/target/classes/com/youzan/**/*.class]
2017-08-28 17:42:02.852 [main] DEBUG o.s.core.io.support.PathMatchingResourcePatternResolver - Searching directory [/Users/wulonghui/work/unified_cashier/core-utils/target/classes/com/youzan/pay/unified/cashier/core/utils/resultcode] for files matching pattern [/Users/wulonghui/work/unified_cashier/core-utils/target/classes/com/youzan/**/*.class]
2017-08-28 17:42:02.852 [main] DEBUG o.s.core.io.support.PathMatchingResourcePatternResolver - Searching directory [/Users/wulonghui/work/unified_cashier/core-utils/target/classes/com/youzan/pay/unified/cashier/core/utils/resultcode/errorcode] for files matching pattern [/Users/wulonghui/work/unified_cashier/core-utils/target/classes/com/youzan/**/*.class]
2017-08-28 17:42:02.852 [main] DEBUG o.s.core.io.support.PathMatchingResourcePatternResolver - Looking for matching resources in directory tree [/Users/wulonghui/work/unified_cashier/core-model/target/classes/com/youzan]
2017-08-28 17:42:02.852 [main] DEBUG o.s.core.io.support.PathMatchingResourcePatternResolver - Searching directory [/Users/wulonghui/work/unified_cashier/core-model/target/classes/com/youzan] for files matching pattern [/Users/wulonghui/work/unified_cashier/core-model/target/classes/com/youzan/**/*.class]
2017-08-28 17:42:02.853 [main] DEBUG o.s.core.io.support.PathMatchingResourcePatternResolver - Searching directory [/Users/wulonghui/work/unified_cashier/core-model/target/classes/com/youzan/pay] for files matching pattern [/Users/wulonghui/work/unified_cashier/core-model/target/classes/com/youzan/**/*.class]
2017-08-28 17:42:02.853 [main] DEBUG o.s.core.io.support.PathMatchingResourcePatternResolver - Searching directory [/Users/wulonghui/work/unified_cashier/core-model/target/classes/com/youzan/pay/unified] for files matching pattern [/Users/wulonghui/work/unified_cashier/core-model/target/classes/com/youzan/**/*.class]
2017-08-28 17:42:02.853 [main] DEBUG o.s.core.io.support.PathMatchingResourcePatternResolver - Searching directory [/Users/wulonghui/work/unified_cashier/core-model/target/classes/com/youzan/pay/unified/cashier] for files matching pattern [/Users/wulonghui/work/unified_cashier/core-model/target/classes/com/youzan/**/*.class]
2017-08-28 17:42:02.853 [main] DEBUG o.s.core.io.support.PathMatchingResourcePatternResolver - Searching directory [/Users/wulonghui/work/unified_cashier/core-model/target/classes/com/youzan/pay/unified/cashier/core] for files matching pattern [/Users/wulonghui/work/unified_cashier/core-model/target/classes/com/youzan/**/*.class]
2017-08-28 17:42:02.853 [main] DEBUG o.s.core.io.support.PathMatchingResourcePatternResolver - Searching directory [/Users/wulonghui/work/unified_cashier/core-model/target/classes/com/youzan/pay/unified/cashier/core/model] for files matching pattern [/Users/wulonghui/work/unified_cashier/core-model/target/classes/com/youzan/**/*.class]
2017-08-28 17:42:02.853 [main] DEBUG o.s.core.io.support.PathMatchingResourcePatternResolver - Searching directory [/Users/wulonghui/work/unified_cashier/core-model/target/classes/com/youzan/pay/unified/cashier/core/model/domain] for files matching pattern [/Users/wulonghui/work/unified_cashier/core-model/target/classes/com/youzan/**/*.class]
2017-08-28 17:42:02.853 [main] DEBUG o.s.core.io.support.PathMatchingResourcePatternResolver - Looking for matching resources in jar file [file:/Users/wulonghui/.m2/repository/com/youzan/pay/core/core-utils/1.0.1-SNAPSHOT/core-utils-1.0.1-SNAPSHOT.jar]
2017-08-28 17:42:02.854 [main] DEBUG o.s.core.io.support.PathMatchingResourcePatternResolver - Looking for matching resources in jar file [file:/Users/wulonghui/.m2/repository/com/youzan/pay/core/core-model/1.0.1-SNAPSHOT/core-model-1.0.1-SNAPSHOT.jar]
2017-08-28 17:42:02.854 [main] DEBUG o.s.core.io.support.PathMatchingResourcePatternResolver - Looking for matching resources in jar file [file:/Users/wulonghui/.m2/repository/com/youzan/platform/bootstrap/3.0.9-RELEASE/bootstrap-3.0.9-RELEASE.jar]
2017-08-28 17:42:02.854 [main] DEBUG o.s.core.io.support.PathMatchingResourcePatternResolver - Looking for matching resources in jar file [file:/Users/wulonghui/.m2/repository/com/youzan/platform/haunt-client/3.0.7-RELEASE/haunt-client-3.0.7-RELEASE.jar]
2017-08-28 17:42:02.855 [main] DEBUG o.s.core.io.support.PathMatchingResourcePatternResolver - Looking for matching resources in jar file [file:/Users/wulonghui/.m2/repository/com/youzan/nova/framework/framework-cat/1.0.7-RELEASE/framework-cat-1.0.7-RELEASE.jar]
2017-08-28 17:42:02.855 [main] DEBUG o.s.core.io.support.PathMatchingResourcePatternResolver - Looking for matching resources in jar file [file:/Users/wulonghui/.m2/repository/com/youzan/platform/commons-util/2.0.0-SNAPSHOT/commons-util-2.0.0-SNAPSHOT.jar]
2017-08-28 17:42:02.855 [main] DEBUG o.s.core.io.support.PathMatchingResourcePatternResolver - Looking for matching resources in jar file [file:/Users/wulonghui/.m2/repository/com/alibaba/dubbo/3.0.9-RELEASE/dubbo-3.0.9-RELEASE.jar]
2017-08-28 17:42:02.861 [main] DEBUG o.s.core.io.support.PathMatchingResourcePatternResolver - Looking for matching resources in jar file [file:/Users/wulonghui/.m2/repository/com/youzan/lightning-sdk/0.1.1-SNAPSHOT/lightning-sdk-0.1.1-SNAPSHOT.jar]
2017-08-28 17:42:02.862 [main] DEBUG o.s.core.io.support.PathMatchingResourcePatternResolver - Looking for matching resources in jar file [file:/Users/wulonghui/.m2/repository/com/youzan/platform/track-appender/2.3/track-appender-2.3.jar]
2017-08-28 17:42:02.863 [main] DEBUG o.s.core.io.support.PathMatchingResourcePatternResolver - Looking for matching resources in jar file [file:/Users/wulonghui/.m2/repository/com/youzan/pay/assetcenter.api/0.0.9-20170817-SNAPSHOT/assetcenter.api-0.0.9-20170817-SNAPSHOT.jar]
2017-08-28 17:42:02.865 [main] DEBUG o.s.core.io.support.PathMatchingResourcePatternResolver - Looking for matching resources in jar file [file:/Users/wulonghui/.m2/repository/com/youzan/pay/assetcenter.spi/0.0.9-20170817-SNAPSHOT/assetcenter.spi-0.0.9-20170817-SNAPSHOT.jar]
2017-08-28 17:42:02.865 [main] DEBUG o.s.core.io.support.PathMatchingResourcePatternResolver - Looking for matching resources in jar file [file:/Users/wulonghui/.m2/repository/com/youzan/pay/core/core-validate/1.0.2-20170515-RELEASE/core-validate-1.0.2-20170515-RELEASE.jar]
2017-08-28 17:42:02.865 [main] DEBUG o.s.core.io.support.PathMatchingResourcePatternResolver - Looking for matching resources in jar file [file:/Users/wulonghui/.m2/repository/com/youzan/pay/microaccount-api/0.2.6-20170801-SNAPSHOT/microaccount-api-0.2.6-20170801-SNAPSHOT.jar]
2017-08-28 17:42:02.866 [main] DEBUG o.s.core.io.support.PathMatchingResourcePatternResolver - Looking for matching resources in jar file [file:/Users/wulonghui/.m2/repository/com/youzan/account-api/1.1.16-RELEASE/account-api-1.1.16-RELEASE.jar]
2017-08-28 17:42:02.867 [main] DEBUG o.s.core.io.support.PathMatchingResourcePatternResolver - Looking for matching resources in jar file [file:/Users/wulonghui/.m2/repository/com/youzan/common-model/1.0.1-SNAPSHOT/common-model-1.0.1-SNAPSHOT.jar]
2017-08-28 17:42:02.867 [main] DEBUG o.s.core.io.support.PathMatchingResourcePatternResolver - Looking for matching resources in jar file [file:/Users/wulonghui/.m2/repository/com/youzan/pay/fund_channel.open-api/1.0.0-20170710-RELEASE/fund_channel.open-api-1.0.0-20170710-RELEASE.jar]
2017-08-28 17:42:02.867 [main] DEBUG o.s.core.io.support.PathMatchingResourcePatternResolver - Looking for matching resources in jar file [file:/Users/wulonghui/.m2/repository/com/youzan/pay/fund_channel.core-commons/1.0.0-20170710-RELEASE/fund_channel.core-commons-1.0.0-20170710-RELEASE.jar]
2017-08-28 17:42:02.868 [main] DEBUG o.s.core.io.support.PathMatchingResourcePatternResolver - Looking for matching resources in jar file [file:/Users/wulonghui/.m2/repository/com/youzan/pay/core/0.2.9-20170710-RELEASE/core-0.2.9-20170710-RELEASE.jar]
2017-08-28 17:42:02.869 [main] DEBUG o.s.core.io.support.PathMatchingResourcePatternResolver - Looking for matching resources in jar file [file:/Users/wulonghui/.m2/repository/com/youzan/pay/core/mq-nsq/1.0.2-20170515-RELEASE/mq-nsq-1.0.2-20170515-RELEASE.jar]
2017-08-28 17:42:02.869 [main] DEBUG o.s.core.io.support.PathMatchingResourcePatternResolver - Looking for matching resources in jar file [file:/Users/wulonghui/.m2/repository/com/youzan/NSQ-Client/2.3.20170406-RELEASE/NSQ-Client-2.3.20170406-RELEASE.jar]
2017-08-28 17:42:02.871 [main] DEBUG o.s.core.io.support.PathMatchingResourcePatternResolver - Looking for matching resources in jar file [file:/Users/wulonghui/.m2/repository/com/youzan/DCC-Client/1.1.0330-RELEASE/DCC-Client-1.1.0330-RELEASE.jar]
2017-08-28 17:42:02.872 [main] DEBUG o.s.core.io.support.PathMatchingResourcePatternResolver - Looking for matching resources in jar file [file:/Users/wulonghui/.m2/repository/com/youzan/httpasyncclient/4.1.2-RELEASE/httpasyncclient-4.1.2-RELEASE.jar]
2017-08-28 17:42:02.873 [main] DEBUG o.s.core.io.support.PathMatchingResourcePatternResolver - Looking for matching resources in jar file [file:/Users/wulonghui/.m2/repository/com/youzan/pay/merchant-api/0.0.7-20170804-RELEASE/merchant-api-0.0.7-20170804-RELEASE.jar]
2017-08-28 17:42:02.874 [main] DEBUG o.s.core.io.support.PathMatchingResourcePatternResolver - Looking for matching resources in jar file [file:/Users/wulonghui/.m2/repository/com/youzan/pay/consumer-center/basesearch-api/1.0.0-SNAPSHOT/basesearch-api-1.0.0-SNAPSHOT.jar]
2017-08-28 17:42:02.874 [main] DEBUG o.s.core.io.support.PathMatchingResourcePatternResolver - Looking for matching resources in jar file [file:/Users/wulonghui/.m2/repository/com/youzan/pay/core/api-model/1.0.5-20170710-RELEASE/api-model-1.0.5-20170710-RELEASE.jar]
2017-08-28 17:42:02.875 [main] DEBUG o.s.core.io.support.PathMatchingResourcePatternResolver - Looking for matching resources in jar file [file:/Users/wulonghui/.m2/repository/com/youzan/pay/core/common-model/1.0.5-20170710-RELEASE/common-model-1.0.5-20170710-RELEASE.jar]
2017-08-28 17:42:02.875 [main] DEBUG o.s.core.io.support.PathMatchingResourcePatternResolver - Looking for matching resources in jar file [file:/Users/wulonghui/.m2/repository/com/youzan/pay/cardvoucher/cardvoucher-api/1.0.0-20170822-RELEASE/cardvoucher-api-1.0.0-20170822-RELEASE.jar]
2017-08-28 17:42:02.875 [main] DEBUG o.s.core.io.support.PathMatchingResourcePatternResolver - Looking for matching resources in jar file [file:/Users/wulonghui/.m2/repository/com/youzan/pay/cardvoucher/cardvoucher-common-model/1.0.0-20170822-RELEASE/cardvoucher-common-model-1.0.0-20170822-RELEASE.jar]
2017-08-28 17:42:02.877 [main] DEBUG o.s.core.io.support.PathMatchingResourcePatternResolver - Resolved location pattern [classpath*:com/youzan/**/*.class] to resources [file [/Users/wulonghui/work/unified_cashier/intergration/target/test-classes/com/youzan/pay/unified/cashier/intergration/BaseTest.class], file [/Users/wulonghui/work/unified_cashier/intergration/target/test-classes/com/youzan/pay/unified/cashier/intergration/client/AssetCenterUnifiedPayServiceClientTest.class], file [/Users/wulonghui/work/unified_cashier/intergration/target/test-classes/com/youzan/pay/unified/cashier/intergration/client/ChannelBankCardServiceClientTest.class], file [/Users/wulonghui/work/unified_cashier/intergration/target/test-classes/com/youzan/pay/unified/cashier/intergration/client/MerchantBankCardServiceClientTest.class], file [/Users/wulonghui/work/unified_cashier/intergration/target/test-classes/com/youzan/pay/unified/cashier/intergration/client/QueryPayToolConfigServiceClietTest.class], file [/Users/wulonghui/work/unified_cashier/intergration/target/test-classes/com/youzan/pay/unified/cashier/intergration/client/UserMerchantServiceClientTest.class], file [/Users/wulonghui/work/unified_cashier/intergration/target/classes/com/youzan/pay/unified/cashier/intergration/client/AssetCenterUnifiedPayServiceClient$1.class], file [/Users/wulonghui/work/unified_cashier/intergration/target/classes/com/youzan/pay/unified/cashier/intergration/client/AssetCenterUnifiedPayServiceClient.class], file [/Users/wulonghui/work/unified_cashier/intergration/target/classes/com/youzan/pay/unified/cashier/intergration/client/CashierOrderStatusSearchClient.class], file [/Users/wulonghui/work/unified_cashier/intergration/target/classes/com/youzan/pay/unified/cashier/intergration/client/CashierRechargeServiceClient.class], file [/Users/wulonghui/work/unified_cashier/intergration/target/classes/com/youzan/pay/unified/cashier/intergration/client/ChannelBankCardServiceClient$1.class], file [/Users/wulonghui/work/unified_cashier/intergration/target/classes/com/youzan/pay/unified/cashier/intergration/client/ChannelBankCardServiceClient$2.class], file [/Users/wulonghui/work/unified_cashier/intergration/target/classes/com/youzan/pay/unified/cashier/intergration/client/ChannelBankCardServiceClient$3.class], file [/Users/wulonghui/work/unified_cashier/intergration/target/classes/com/youzan/pay/unified/cashier/intergration/client/ChannelBankCardServiceClient$4.class], file [/Users/wulonghui/work/unified_cashier/intergration/target/classes/com/youzan/pay/unified/cashier/intergration/client/ChannelBankCardServiceClient.class], file [/Users/wulonghui/work/unified_cashier/intergration/target/classes/com/youzan/pay/unified/cashier/intergration/client/MerchantBankCardServiceClient$1.class], file [/Users/wulonghui/work/unified_cashier/intergration/target/classes/com/youzan/pay/unified/cashier/intergration/client/MerchantBankCardServiceClient$2.class], file [/Users/wulonghui/work/unified_cashier/intergration/target/classes/com/youzan/pay/unified/cashier/intergration/client/MerchantBankCardServiceClient$3.class], file [/Users/wulonghui/work/unified_cashier/intergration/target/classes/com/youzan/pay/unified/cashier/intergration/client/MerchantBankCardServiceClient.class], file [/Users/wulonghui/work/unified_cashier/intergration/target/classes/com/youzan/pay/unified/cashier/intergration/client/MicroAccoutServiceClient.class], file [/Users/wulonghui/work/unified_cashier/intergration/target/classes/com/youzan/pay/unified/cashier/intergration/client/QueryPayToolConfigServiceClient.class], file [/Users/wulonghui/work/unified_cashier/intergration/target/classes/com/youzan/pay/unified/cashier/intergration/client/SignKeyServiceClient.class], file [/Users/wulonghui/work/unified_cashier/intergration/target/classes/com/youzan/pay/unified/cashier/intergration/client/SummaryCardQueryServiceClient.class], file [/Users/wulonghui/work/unified_cashier/intergration/target/classes/com/youzan/pay/unified/cashier/intergration/client/UnifiedOrderServiceClient.class], file [/Users/wulonghui/work/unified_cashier/intergration/target/classes/com/youzan/pay/unified/cashier/intergration/client/UnifiedPayServiceClient.class], file [/Users/wulonghui/work/unified_cashier/intergration/target/classes/com/youzan/pay/unified/cashier/intergration/client/UserMerchantServiceClient$1.class], file [/Users/wulonghui/work/unified_cashier/intergration/target/classes/com/youzan/pay/unified/cashier/intergration/client/UserMerchantServiceClient.class], file [/Users/wulonghui/work/unified_cashier/intergration/target/classes/com/youzan/pay/unified/cashier/intergration/common/CashierHandleTemplate.class], file [/Users/wulonghui/work/unified_cashier/intergration/target/classes/com/youzan/pay/unified/cashier/intergration/common/CashierProcessCallBack.class], file [/Users/wulonghui/work/unified_cashier/core-utils/target/classes/com/youzan/pay/unified/cashier/core/utils/common/BankIconConfig.class], file [/Users/wulonghui/work/unified_cashier/core-utils/target/classes/com/youzan/pay/unified/cashier/core/utils/common/DataMixProcessor.class], file [/Users/wulonghui/work/unified_cashier/core-utils/target/classes/com/youzan/pay/unified/cashier/core/utils/common/MyCollector.class], file [/Users/wulonghui/work/unified_cashier/core-utils/target/classes/com/youzan/pay/unified/cashier/core/utils/common/StringNumProcessor.class], file [/Users/wulonghui/work/unified_cashier/core-utils/target/classes/com/youzan/pay/unified/cashier/core/utils/enums/CorrectionLevel.class], file [/Users/wulonghui/work/unified_cashier/core-utils/target/classes/com/youzan/pay/unified/cashier/core/utils/exception/BaseException.class], file [/Users/wulonghui/work/unified_cashier/core-utils/target/classes/com/youzan/pay/unified/cashier/core/utils/exception/CardBaseException.class], file [/Users/wulonghui/work/unified_cashier/core-utils/target/classes/com/youzan/pay/unified/cashier/core/utils/exception/CreateOrderException.class], file [/Users/wulonghui/work/unified_cashier/core-utils/target/classes/com/youzan/pay/unified/cashier/core/utils/model/CacheTradeInfo.class], file [/Users/wulonghui/work/unified_cashier/core-utils/target/classes/com/youzan/pay/unified/cashier/core/utils/model/CashierRechargeGetData.class], file [/Users/wulonghui/work/unified_cashier/core-utils/target/classes/com/youzan/pay/unified/cashier/core/utils/model/GenRechargeInfo.class], file [/Users/wulonghui/work/unified_cashier/core-utils/target/classes/com/youzan/pay/unified/cashier/core/utils/QRCodeGenerator.class], file [/Users/wulonghui/work/unified_cashier/core-utils/target/classes/com/youzan/pay/unified/cashier/core/utils/resultcode/errorcode/CardErrorCode.class], file [/Users/wulonghui/work/unified_cashier/core-utils/target/classes/com/youzan/pay/unified/cashier/core/utils/resultcode/errorcode/CommonErrorCode.class], file [/Users/wulonghui/work/unified_cashier/core-utils/target/classes/com/youzan/pay/unified/cashier/core/utils/resultcode/errorcode/CreateOrderErrorCode.class], file [/Users/wulonghui/work/unified_cashier/core-utils/target/classes/com/youzan/pay/unified/cashier/core/utils/resultcode/errorcode/DispatcherPayErrorCode.class], file [/Users/wulonghui/work/unified_cashier/core-utils/target/classes/com/youzan/pay/unified/cashier/core/utils/resultcode/ModuleCode.class], file [/Users/wulonghui/work/unified_cashier/core-utils/target/classes/com/youzan/pay/unified/cashier/core/utils/resultcode/ResultCode.class], file [/Users/wulonghui/work/unified_cashier/core-utils/target/classes/com/youzan/pay/unified/cashier/core/utils/resultcode/SystemCode.class], file [/Users/wulonghui/work/unified_cashier/core-utils/target/classes/com/youzan/pay/unified/cashier/core/utils/SerializationUtils.class], file [/Users/wulonghui/work/unified_cashier/core-utils/target/classes/com/youzan/pay/unified/cashier/core/utils/SignCheckUtils.class], file [/Users/wulonghui/work/unified_cashier/core-model/target/classes/com/youzan/pay/unified/cashier/core/model/domain/ApiDigestLogInfo.class], file [/Users/wulonghui/work/unified_cashier/core-model/target/classes/com/youzan/pay/unified/cashier/core/model/domain/BaseMonitorLogInfo.class], file [/Users/wulonghui/work/unified_cashier/core-model/target/classes/com/youzan/pay/unified/cashier/core/model/domain/MchBizLogInfo.class], file [/Users/wulonghui/work/unified_cashier/core-model/target/classes/com/youzan/pay/unified/cashier/core/model/domain/QRCodeImage.class], URL [jar:file:/Users/wulonghui/.m2/repository/com/youzan/pay/core/core-utils/1.0.1-SNAPSHOT/core-utils-1.0.1-SNAPSHOT.jar!/com/youzan/pay/core/utils/bean/BeanConvertUtil.class], URL [jar:file:/Users/wulonghui/.m2/repository/com/youzan/pay/core/core-utils/1.0.1-SNAPSHOT/core-utils-1.0.1-SNAPSHOT.jar!/com/youzan/pay/core/utils/bean/converter/IType2ValueConverter.class], URL [jar:file:/Users/wulonghui/.m2/repository/com/youzan/pay/core/core-utils/1.0.1-SNAPSHOT/core-utils-1.0.1-SNAPSHOT.jar!/com/youzan/pay/core/utils/bean/converter/Value2ITypeConverter.class], URL [jar:file:/Users/wulonghui/.m2/repository/com/youzan/pay/core/core-utils/1.0.1-SNAPSHOT/core-utils-1.0.1-SNAPSHOT.jar!/com/youzan/pay/core/utils/bean/converter/ValueOfConverter.class], URL [jar:file:/Users/wulonghui/.m2/repository/com/youzan/pay/core/core-utils/1.0.1-SNAPSHOT/core-utils-1.0.1-SNAPSHOT.jar!/com/youzan/pay/core/utils/bean/hack/HackBeanUtilsBean.class], URL [jar:file:/Users/wulonghui/.m2/repository/com/youzan/pay/core/core-utils/1.0.1-SNAPSHOT/core-utils-1.0.1-SNAPSHOT.jar!/com/youzan/pay/core/utils/bean/hack/HackConvertUtilsBean.class], URL [jar:file:/Users/wulonghui/.m2/repository/com/youzan/pay/core/core-utils/1.0.1-SNAPSHOT/core-utils-1.0.1-SNAPSHOT.jar!/com/youzan/pay/core/utils/bean/IBeanConvert.class], URL [jar:file:/Users/wulonghui/.m2/repository/com/youzan/pay/core/core-utils/1.0.1-SNAPSHOT/core-utils-1.0.1-SNAPSHOT.jar!/com/youzan/pay/core/utils/bizcode/BizCodeUtils.class], URL [jar:file:/Users/wulonghui/.m2/repository/com/youzan/pay/core/core-utils/1.0.1-SNAPSHOT/core-utils-1.0.1-SNAPSHOT.jar!/com/youzan/pay/core/utils/bizcode/BizCodeValidate.class], URL [jar:file:/Users/wulonghui/.m2/repository/com/youzan/pay/core/core-utils/1.0.1-SNAPSHOT/core-utils-1.0.1-SNAPSHOT.jar!/com/youzan/pay/core/utils/bizcode/UnifiedBizCode.class], URL [jar:file:/Users/wulonghui/.m2/repository/com/youzan/pay/core/core-utils/1.0.1-SNAPSHOT/core-utils-1.0.1-SNAPSHOT.jar!/com/youzan/pay/core/utils/exception/ExceptionUtils.class], URL [jar:file:/Users/wulonghui/.m2/repository/com/youzan/pay/core/core-utils/1.0.1-SNAPSHOT/core-utils-1.0.1-SNAPSHOT.jar!/com/youzan/pay/core/utils/format/MsgFmtUtils.class], URL [jar:file:/Users/wulonghui/.m2/repository/com/youzan/pay/core/core-utils/1.0.1-SNAPSHOT/core-utils-1.0.1-SNAPSHOT.jar!/com/youzan/pay/core/utils/handler/Handler.class], URL [jar:file:/Users/wulonghui/.m2/repository/com/youzan/pay/core/core-utils/1.0.1-SNAPSHOT/core-utils-1.0.1-SNAPSHOT.jar!/com/youzan/pay/core/utils/handler/HandlerUtils.class], URL [jar:file:/Users/wulonghui/.m2/repository/com/youzan/pay/core/core-utils/1.0.1-SNAPSHOT/core-utils-1.0.1-SNAPSHOT.jar!/com/youzan/pay/core/utils/log/LogUtils$LogArgEntity.class], URL [jar:file:/Users/wulonghui/.m2/repository/com/youzan/pay/core/core-utils/1.0.1-SNAPSHOT/core-utils-1.0.1-SNAPSHOT.jar!/com/youzan/pay/core/utils/log/LogUtils.class], URL [jar:file:/Users/wulonghui/.m2/repository/com/youzan/pay/core/core-utils/1.0.1-SNAPSHOT/core-utils-1.0.1-SNAPSHOT.jar!/com/youzan/pay/core/utils/money/MoneyUtils.class], URL [jar:file:/Users/wulonghui/.m2/repository/com/youzan/pay/core/core-utils/1.0.1-SNAPSHOT/core-utils-1.0.1-SNAPSHOT.jar!/com/youzan/pay/core/utils/reflect/Reflections.class], URL [jar:file:/Users/wulonghui/.m2/repository/com/youzan/pay/core/core-utils/1.0.1-SNAPSHOT/core-utils-1.0.1-SNAPSHOT.jar!/com/youzan/pay/core/utils/sequence/KeyUtils.class], URL [jar:file:/Users/wulonghui/.m2/repository/com/youzan/pay/core/core-utils/1.0.1-SNAPSHOT/core-utils-1.0.1-SNAPSHOT.jar!/com/youzan/pay/core/utils/spring/SpringUtil.class], URL [jar:file:/Users/wulonghui/.m2/repository/com/youzan/pay/core/core-utils/1.0.1-SNAPSHOT/core-utils-1.0.1-SNAPSHOT.jar!/com/youzan/pay/core/utils/tracer/TracerContextUtils.class], URL [jar:file:/Users/wulonghui/.m2/repository/com/youzan/pay/core/core-utils/1.0.1-SNAPSHOT/core-utils-1.0.1-SNAPSHOT.jar!/com/youzan/pay/core/utils/validate/ValidationResult.class], URL [jar:file:/Users/wulonghui/.m2/repository/com/youzan/pay/core/core-utils/1.0.1-SNAPSHOT/core-utils-1.0.1-SNAPSHOT.jar!/com/youzan/pay/core/utils/validate/ValidationUtils.class], URL [jar:file:/Users/wulonghui/.m2/repository/com/youzan/pay/core/core-utils/1.0.1-SNAPSHOT/core-utils-1.0.1-SNAPSHOT.jar!/com/youzan/pay/core/utils/value/ValueUtils.class], URL [jar:file:/Users/wulonghui/.m2/repository/com/youzan/pay/core/core-model/1.0.1-SNAPSHOT/core-model-1.0.1-SNAPSHOT.jar!/com/youzan/pay/core/model/bean/Genericable.class], URL [jar:file:/Users/wulonghui/.m2/repository/com/youzan/pay/core/core-model/1.0.1-SNAPSHOT/core-model-1.0.1-SNAPSHOT.jar!/com/youzan/pay/core/model/expection/PayBusinessException.class], URL [jar:file:/Users/wulonghui/.m2/repository/com/youzan/pay/core/core-model/1.0.1-SNAPSHOT/core-model-1.0.1-SNAPSHOT.jar!/com/youzan/pay/core/model/expection/PayIdempotentException.class], URL [jar:file:/Users/wulonghui/.m2/repository/com/youzan/pay/core/core-model/1.0.1-SNAPSHOT/core-model-1.0.1-SNAPSHOT.jar!/com/youzan/pay/core/model/param/PageParam.class], URL [jar:file:/Users/wulonghui/.m2/repository/com/youzan/pay/core/core-model/1.0.1-SNAPSHOT/core-model-1.0.1-SNAPSHOT.jar!/com/youzan/pay/core/model/result/PageResult.class], URL [jar:file:/Users/wulonghui/.m2/repository/com/youzan/platform/bootstrap/3.0.9-RELEASE/bootstrap-3.0.9-RELEASE.jar!/com/youzan/platform/bootstrap/common/BeanFactory.class], URL [jar:file:/Users/wulonghui/.m2/repository/com/youzan/platform/bootstrap/3.0.9-RELEASE/bootstrap-3.0.9-RELEASE.jar!/com/youzan/platform/bootstrap/common/ContainerConfig.class], URL [jar:file:/Users/wulonghui/.m2/repository/com/youzan/platform/bootstrap/3.0.9-RELEASE/bootstrap-3.0.9-RELEASE.jar!/com/youzan/platform/bootstrap/container/NovaContainer.class], URL [jar:file:/Users/wulonghui/.m2/repository/com/youzan/platform/bootstrap/3.0.9-RELEASE/bootstrap-3.0.9-RELEASE.jar!/com/youzan/platform/bootstrap/example/api/Demo.class], URL [jar:file:/Users/wulonghui/.m2/repository/com/youzan/platform/bootstrap/3.0.9-RELEASE/bootstrap-3.0.9-RELEASE.jar!/com/youzan/platform/bootstrap/example/api/DemoService.class], URL [jar:file:/Users/wulonghui/.m2/repository/com/youzan/platform/bootstrap/3.0.9-RELEASE/bootstrap-3.0.9-RELEASE.jar!/com/youzan/platform/bootstrap/example/provider/DemoServiceImpl.class], URL [jar:file:/Users/wulonghui/.m2/repository/com/youzan/platform/bootstrap/3.0.9-RELEASE/bootstrap-3.0.9-RELEASE.jar!/com/youzan/platform/bootstrap/exception/BusinessException.class], URL [jar:file:/Users/wulonghui/.m2/repository/com/youzan/platform/bootstrap/3.0.9-RELEASE/bootstrap-3.0.9-RELEASE.jar!/com/youzan/platform/bootstrap/exception/SystemException.class], URL [jar:file:/Users/wulonghui/.m2/repository/com/youzan/platform/bootstrap/3.0.9-RELEASE/bootstrap-3.0.9-RELEASE.jar!/com/youzan/platform/bootstrap/hook/NovaHookServlet.class], URL [jar:file:/Users/wulonghui/.m2/repository/com/youzan/platform/bootstrap/3.0.9-RELEASE/bootstrap-3.0.9-RELEASE.jar!/com/youzan/platform/bootstrap/hook/NovaWebHookProcessor.class], URL [jar:file:/Users/wulonghui/.m2/repository/com/youzan/platform/bootstrap/3.0.9-RELEASE/bootstrap-3.0.9-RELEASE.jar!/com/youzan/platform/bootstrap/rest/extension/AbstractHandler.class], URL [jar:file:/Users/wulonghui/.m2/repository/com/youzan/platform/bootstrap/3.0.9-RELEASE/bootstrap-3.0.9-RELEASE.jar!/com/youzan/platform/bootstrap/rest/extension/CustomerJsonProvider.class], URL [jar:file:/Users/wulonghui/.m2/repository/com/youzan/platform/bootstrap/3.0.9-RELEASE/bootstrap-3.0.9-RELEASE.jar!/com/youzan/platform/bootstrap/rest/extension/RequestHandler.class], URL [jar:file:/Users/wulonghui/.m2/repository/com/youzan/platform/bootstrap/3.0.9-RELEASE/bootstrap-3.0.9-RELEASE.jar!/com/youzan/platform/bootstrap/rest/extension/ResponseHandler.class], URL [jar:file:/Users/wulonghui/.m2/repository/com/youzan/platform/bootstrap/3.0.9-RELEASE/bootstrap-3.0.9-RELEASE.jar!/com/youzan/platform/bootstrap/rest/extension/RestContext$1.class], URL [jar:file:/Users/wulonghui/.m2/repository/com/youzan/platform/bootstrap/3.0.9-RELEASE/bootstrap-3.0.9-RELEASE.jar!/com/youzan/platform/bootstrap/rest/extension/RestContext.class], URL [jar:file:/Users/wulonghui/.m2/repository/com/youzan/platform/bootstrap/3.0.9-RELEASE/bootstrap-3.0.9-RELEASE.jar!/com/youzan/platform/bootstrap/rest/extension/RestExceptionHandler.class], URL [jar:file:/Users/wulonghui/.m2/repository/com/youzan/platform/bootstrap/3.0.9-RELEASE/bootstrap-3.0.9-RELEASE.jar!/com/youzan/platform/bootstrap/rest/message/RestErrorResponse.class], URL [jar:file:/Users/wulonghui/.m2/repository/com/youzan/platform/bootstrap/3.0.9-RELEASE/bootstrap-3.0.9-RELEASE.jar!/com/youzan/platform/bootstrap/rest/message/RestResponse.class], URL [jar:file:/Users/wulonghui/.m2/repository/com/youzan/platform/bootstrap/3.0.9-RELEASE/bootstrap-3.0.9-RELEASE.jar!/com/youzan/platform/bootstrap/rest/php/CallConnectionManager.class], URL [jar:file:/Users/wulonghui/.m2/repository/com/youzan/platform/bootstrap/3.0.9-RELEASE/bootstrap-3.0.9-RELEASE.jar!/com/youzan/platform/bootstrap/rest/php/PhpResponse.class], URL [jar:file:/Users/wulonghui/.m2/repository/com/youzan/platform/bootstrap/3.0.9-RELEASE/bootstrap-3.0.9-RELEASE.jar!/com/youzan/platform/bootstrap/rest/php/PhpResponseConver.class], URL [jar:file:/Users/wulonghui/.m2/repository/com/youzan/platform/bootstrap/3.0.9-RELEASE/bootstrap-3.0.9-RELEASE.jar!/com/youzan/platform/bootstrap/rest/php/PhpService.class], URL [jar:file:/Users/wulonghui/.m2/repository/com/youzan/platform/bootstrap/3.0.9-RELEASE/bootstrap-3.0.9-RELEASE.jar!/com/youzan/platform/bootstrap/rest/php/PhpServiceConfig.class], URL [jar:file:/Users/wulonghui/.m2/repository/com/youzan/platform/bootstrap/3.0.9-RELEASE/bootstrap-3.0.9-RELEASE.jar!/com/youzan/platform/bootstrap/service/ok/impl/OkServiceImpl.class], URL [jar:file:/Users/wulonghui/.m2/repository/com/youzan/platform/bootstrap/3.0.9-RELEASE/bootstrap-3.0.9-RELEASE.jar!/com/youzan/platform/bootstrap/service/ok/OkService.class], URL [jar:file:/Users/wulonghui/.m2/repository/com/youzan/platform/bootstrap/3.0.9-RELEASE/bootstrap-3.0.9-RELEASE.jar!/com/youzan/platform/bootstrap/startup/Bootstrap.class], URL [jar:file:/Users/wulonghui/.m2/repository/com/youzan/platform/haunt-client/3.0.7-RELEASE/haunt-client-3.0.7-RELEASE.jar!/com/youzan/platform/haunt/AbsEtcdWatcher.class], URL [jar:file:/Users/wulonghui/.m2/repository/com/youzan/platform/haunt-client/3.0.7-RELEASE/haunt-client-3.0.7-RELEASE.jar!/com/youzan/platform/haunt/AbstractNode.class], URL [jar:file:/Users/wulonghui/.m2/repository/com/youzan/platform/haunt-client/3.0.7-RELEASE/haunt-client-3.0.7-RELEASE.jar!/com/youzan/platform/haunt/bean/GovernanceInfo.class], URL [jar:file:/Users/wulonghui/.m2/repository/com/youzan/platform/haunt-client/3.0.7-RELEASE/haunt-client-3.0.7-RELEASE.jar!/com/youzan/platform/haunt/bean/GovernRecoverInfo.class], URL [jar:file:/Users/wulonghui/.m2/repository/com/youzan/platform/haunt-client/3.0.7-RELEASE/haunt-client-3.0.7-RELEASE.jar!/com/youzan/platform/haunt/bean/NodeKVInfo.class], URL [jar:file:/Users/wulonghui/.m2/repository/com/youzan/platform/haunt-client/3.0.7-RELEASE/haunt-client-3.0.7-RELEASE.jar!/com/youzan/platform/haunt/cmd/Command.class], URL [jar:file:/Users/wulonghui/.m2/repository/com/youzan/platform/haunt-client/3.0.7-RELEASE/haunt-client-3.0.7-RELEASE.jar!/com/youzan/platform/haunt/cmd/CreateDirCmd.class], URL [jar:file:/Users/wulonghui/.m2/repository/com/youzan/platform/haunt-client/3.0.7-RELEASE/haunt-client-3.0.7-RELEASE.jar!/com/youzan/platform/haunt/cmd/CreateServiceNodeCmd.class], URL [jar:file:/Users/wulonghui/.m2/repository/com/youzan/platform/haunt-client/3.0.7-RELEASE/haunt-client-3.0.7-RELEASE.jar!/com/youzan/platform/haunt/cmd/DeleteDirCmd.class], URL [jar:file:/Users/wulonghui/.m2/repository/com/youzan/platform/haunt-client/3.0.7-RELEASE/haunt-client-3.0.7-RELEASE.jar!/com/youzan/platform/haunt/cmd/GetNodeInfoCmd.class], URL [jar:file:/Users/wulonghui/.m2/repository/com/youzan/platform/haunt-client/3.0.7-RELEASE/haunt-client-3.0.7-RELEASE.jar!/com/youzan/platform/haunt/cmd/ListModuleCmd.class], URL [jar:file:/Users/wulonghui/.m2/repository/com/youzan/platform/haunt-client/3.0.7-RELEASE/haunt-client-3.0.7-RELEASE.jar!/com/youzan/platform/haunt/cmd/ListRecursiveCmd.class], URL [jar:file:/Users/wulonghui/.m2/repository/com/youzan/platform/haunt-client/3.0.7-RELEASE/haunt-client-3.0.7-RELEASE.jar!/com/youzan/platform/haunt/cmd/RemoveServiceNodeCmd.class], URL [jar:file:/Users/wulonghui/.m2/repository/com/youzan/platform/haunt-client/3.0.7-RELEASE/haunt-client-3.0.7-RELEASE.jar!/com/youzan/platform/haunt/cmd/WatchCmd.class], URL [jar:file:/Users/wulonghui/.m2/repository/com/youzan/platform/haunt-client/3.0.7-RELEASE/haunt-client-3.0.7-RELEASE.jar!/com/youzan/platform/haunt/common/Constants.class], URL [jar:file:/Users/wulonghui/.m2/repository/com/youzan/platform/haunt-client/3.0.7-RELEASE/haunt-client-3.0.7-RELEASE.jar!/com/youzan/platform/haunt/common/EtcdErroCode.class], URL [jar:file:/Users/wulonghui/.m2/repository/com/youzan/platform/haunt-client/3.0.7-RELEASE/haunt-client-3.0.7-RELEASE.jar!/com/youzan/platform/haunt/common/NamedThreadFactory.class], URL [jar:file:/Users/wulonghui/.m2/repository/com/youzan/platform/haunt-client/3.0.7-RELEASE/haunt-client-3.0.7-RELEASE.jar!/com/youzan/platform/haunt/common/ParseEtcdError.class], URL [jar:file:/Users/wulonghui/.m2/repository/com/youzan/platform/haunt-client/3.0.7-RELEASE/haunt-client-3.0.7-RELEASE.jar!/com/youzan/platform/haunt/core/EtcdAgentConnectException.class], URL [jar:file:/Users/wulonghui/.m2/repository/com/youzan/platform/haunt-client/3.0.7-RELEASE/haunt-client-3.0.7-RELEASE.jar!/com/youzan/platform/haunt/core/EtcdAgentConnector.class], URL [jar:file:/Users/wulonghui/.m2/repository/com/youzan/platform/haunt-client/3.0.7-RELEASE/haunt-client-3.0.7-RELEASE.jar!/com/youzan/platform/haunt/core/EtcdConnector$1.class], URL [jar:file:/Users/wulonghui/.m2/repository/com/youzan/platform/haunt-client/3.0.7-RELEASE/haunt-client-3.0.7-RELEASE.jar!/com/youzan/platform/haunt/core/EtcdConnector$AsyncTransformation$TransformerWorker.class], URL [jar:file:/Users/wulonghui/.m2/repository/com/youzan/platform/haunt-client/3.0.7-RELEASE/haunt-client-3.0.7-RELEASE.jar!/com/youzan/platform/haunt/core/EtcdConnector$AsyncTransformation.class], URL [jar:file:/Users/wulonghui/.m2/repository/com/youzan/platform/haunt-client/3.0.7-RELEASE/haunt-client-3.0.7-RELEASE.jar!/com/youzan/platform/haunt/core/EtcdConnector$DaemonThreadFactory.class], URL [jar:file:/Users/wulonghui/.m2/repository/com/youzan/platform/haunt-client/3.0.7-RELEASE/haunt-client-3.0.7-RELEASE.jar!/com/youzan/platform/haunt/core/EtcdConnector.class], URL [jar:file:/Users/wulonghui/.m2/repository/com/youzan/platform/haunt-client/3.0.7-RELEASE/haunt-client-3.0.7-RELEASE.jar!/com/youzan/platform/haunt/core/EtcdConnectorException.class], URL [jar:file:/Users/wulonghui/.m2/repository/com/youzan/platform/haunt-client/3.0.7-RELEASE/haunt-client-3.0.7-RELEASE.jar!/com/youzan/platform/haunt/core/EtcdNode.class], URL [jar:file:/Users/wulonghui/.m2/repository/com/youzan/platform/haunt-client/3.0.7-RELEASE/haunt-client-3.0.7-RELEASE.jar!/com/youzan/platform/haunt/core/EtcdResult.class], URL [jar:file:/Users/wulonghui/.m2/repository/com/youzan/platform/haunt-client/3.0.7-RELEASE/haunt-client-3.0.7-RELEASE.jar!/com/youzan/platform/haunt/EtcdClient.class], URL [jar:file:/Users/wulonghui/.m2/repository/com/youzan/platform/haunt-client/3.0.7-RELEASE/haunt-client-3.0.7-RELEASE.jar!/com/youzan/platform/haunt/EtcdClientHandle.class], URL [jar:file:/Users/wulonghui/.m2/repository/com/youzan/platform/haunt-client/3.0.7-RELEASE/haunt-client-3.0.7-RELEASE.jar!/com/youzan/platform/haunt/EtcdDirectoryNode.class], URL [jar:file:/Users/wulonghui/.m2/repository/com/youzan/platform/haunt-client/3.0.7-RELEASE/haunt-client-3.0.7-RELEASE.jar!/com/youzan/platform/haunt/EtcdEventThread$1.class], URL [jar:file:/Users/wulonghui/.m2/repository/com/youzan/platform/haunt-client/3.0.7-RELEASE/haunt-client-3.0.7-RELEASE.jar!/com/youzan/platform/haunt/EtcdEventThread$EtcdEventThreadFactory.class], URL [jar:file:/Users/wulonghui/.m2/repository/com/youzan/platform/haunt-client/3.0.7-RELEASE/haunt-client-3.0.7-RELEASE.jar!/com/youzan/platform/haunt/EtcdEventThread.class], URL [jar:file:/Users/wulonghui/.m2/repository/com/youzan/platform/haunt-client/3.0.7-RELEASE/haunt-client-3.0.7-RELEASE.jar!/com/youzan/platform/haunt/EtcdGovernDirNode.class], URL [jar:file:/Users/wulonghui/.m2/repository/com/youzan/platform/haunt-client/3.0.7-RELEASE/haunt-client-3.0.7-RELEASE.jar!/com/youzan/platform/haunt/EtcdKeyNode.class], URL [jar:file:/Users/wulonghui/.m2/repository/com/youzan/platform/haunt-client/3.0.7-RELEASE/haunt-client-3.0.7-RELEASE.jar!/com/youzan/platform/haunt/EtcdNodeChangeExecutor$1.class], URL [jar:file:/Users/wulonghui/.m2/repository/com/youzan/platform/haunt-client/3.0.7-RELEASE/haunt-client-3.0.7-RELEASE.jar!/com/youzan/platform/haunt/EtcdNodeChangeExecutor$ValueChangeThreadFactory.class], URL [jar:file:/Users/wulonghui/.m2/repository/com/youzan/platform/haunt-client/3.0.7-RELEASE/haunt-client-3.0.7-RELEASE.jar!/com/youzan/platform/haunt/EtcdNodeChangeExecutor.class], URL [jar:file:/Users/wulonghui/.m2/repository/com/youzan/platform/haunt-client/3.0.7-RELEASE/haunt-client-3.0.7-RELEASE.jar!/com/youzan/platform/haunt/HauntClient.class], URL [jar:file:/Users/wulonghui/.m2/repository/com/youzan/platform/haunt-client/3.0.7-RELEASE/haunt-client-3.0.7-RELEASE.jar!/com/youzan/platform/haunt/HauntClientCluster.class], URL [jar:file:/Users/wulonghui/.m2/repository/com/youzan/platform/haunt-client/3.0.7-RELEASE/haunt-client-3.0.7-RELEASE.jar!/com/youzan/platform/haunt/IModuleListener.class], URL [jar:file:/Users/wulonghui/.m2/repository/com/youzan/platform/haunt-client/3.0.7-RELEASE/haunt-client-3.0.7-RELEASE.jar!/com/youzan/platform/haunt/loadbalance/AbstractLoadBalance.class], URL [jar:file:/Users/wulonghui/.m2/repository/com/youzan/platform/haunt-client/3.0.7-RELEASE/haunt-client-3.0.7-RELEASE.jar!/com/youzan/platform/haunt/loadbalance/AtomicPositiveInteger.class], URL [jar:file:/Users/wulonghui/.m2/repository/com/youzan/platform/haunt-client/3.0.7-RELEASE/haunt-client-3.0.7-RELEASE.jar!/com/youzan/platform/haunt/loadbalance/LBConfig.class], URL [jar:file:/Users/wulonghui/.m2/repository/com/youzan/platform/haunt-client/3.0.7-RELEASE/haunt-client-3.0.7-RELEASE.jar!/com/youzan/platform/haunt/loadbalance/LeastActiveLoadBalance.class], URL [jar:file:/Users/wulonghui/.m2/repository/com/youzan/platform/haunt-client/3.0.7-RELEASE/haunt-client-3.0.7-RELEASE.jar!/com/youzan/platform/haunt/loadbalance/LoadBalance.class], URL [jar:file:/Users/wulonghui/.m2/repository/com/youzan/platform/haunt-client/3.0.7-RELEASE/haunt-client-3.0.7-RELEASE.jar!/com/youzan/platform/haunt/loadbalance/LoadBalanceSelector.class], URL [jar:file:/Users/wulonghui/.m2/repository/com/youzan/platform/haunt-client/3.0.7-RELEASE/haunt-client-3.0.7-RELEASE.jar!/com/youzan/platform/haunt/loadbalance/RandomLoadBalance.class], URL [jar:file:/Users/wulonghui/.m2/repository/com/youzan/platform/haunt-client/3.0.7-RELEASE/haunt-client-3.0.7-RELEASE.jar!/com/youzan/platform/haunt/loadbalance/RoundRobinLoadBalance.class], URL [jar:file:/Users/wulonghui/.m2/repository/com/youzan/platform/haunt-client/3.0.7-RELEASE/haunt-client-3.0.7-RELEASE.jar!/com/youzan/platform/haunt/serviceExt/ContainerConfig.class], URL [jar:file:/Users/wulonghui/.m2/repository/com/youzan/platform/haunt-client/3.0.7-RELEASE/haunt-client-3.0.7-RELEASE.jar!/com/youzan/platform/haunt/serviceExt/events/EtcdRegistration.class], URL [jar:file:/Users/wulonghui/.m2/repository/com/youzan/platform/haunt-client/3.0.7-RELEASE/haunt-client-3.0.7-RELEASE.jar!/com/youzan/platform/haunt/serviceExt/events/GovernEventType.class], URL [jar:file:/Users/wulonghui/.m2/repository/com/youzan/platform/haunt-client/3.0.7-RELEASE/haunt-client-3.0.7-RELEASE.jar!/com/youzan/platform/haunt/serviceExt/NovaGovernance$1.class], URL [jar:file:/Users/wulonghui/.m2/repository/com/youzan/platform/haunt-client/3.0.7-RELEASE/haunt-client-3.0.7-RELEASE.jar!/com/youzan/platform/haunt/serviceExt/NovaGovernance$2.class], URL [jar:file:/Users/wulonghui/.m2/repository/com/youzan/platform/haunt-client/3.0.7-RELEASE/haunt-client-3.0.7-RELEASE.jar!/com/youzan/platform/haunt/serviceExt/NovaGovernance.class], URL [jar:file:/Users/wulonghui/.m2/repository/com/youzan/platform/haunt-client/3.0.7-RELEASE/haunt-client-3.0.7-RELEASE.jar!/com/youzan/platform/haunt/serviceExt/NovaGovernCache.class], URL [jar:file:/Users/wulonghui/.m2/repository/com/youzan/platform/haunt-client/3.0.7-RELEASE/haunt-client-3.0.7-RELEASE.jar!/com/youzan/platform/haunt/serviceExt/ServiceUtils.class], URL [jar:file:/Users/wulonghui/.m2/repository/com/youzan/platform/haunt-client/3.0.7-RELEASE/haunt-client-3.0.7-RELEASE.jar!/com/youzan/platform/haunt/ServiceNodeInfo.class], URL [jar:file:/Users/wulonghui/.m2/repository/com/youzan/platform/haunt-client/3.0.7-RELEASE/haunt-client-3.0.7-RELEASE.jar!/com/youzan/platform/haunt/URL.class], URL [jar:file:/Users/wulonghui/.m2/repository/com/youzan/nova/framework/framework-cat/1.0.7-RELEASE/framework-cat-1.0.7-RELEASE.jar!/com/youzan/nova/framework/cat/annotation/aop/CustomerMethodAop.class], URL [jar:file:/Users/wulonghui/.m2/repository/com/youzan/nova/framework/framework-cat/1.0.7-RELEASE/framework-cat-1.0.7-RELEASE.jar!/com/youzan/nova/framework/cat/annotation/aop/TracingAop.class], URL [jar:file:/Users/wulonghui/.m2/repository/com/youzan/nova/framework/framework-cat/1.0.7-RELEASE/framework-cat-1.0.7-RELEASE.jar!/com/youzan/nova/framework/cat/annotation/CustomerMethod.class], URL [jar:file:/Users/wulonghui/.m2/repository/com/youzan/nova/framework/framework-cat/1.0.7-RELEASE/framework-cat-1.0.7-RELEASE.jar!/com/youzan/nova/framework/cat/annotation/TracingAnnotation.class], URL [jar:file:/Users/wulonghui/.m2/repository/com/youzan/nova/framework/framework-cat/1.0.7-RELEASE/framework-cat-1.0.7-RELEASE.jar!/com/youzan/nova/framework/cat/context/MyCatContext.class], URL [jar:file:/Users/wulonghui/.m2/repository/com/youzan/nova/framework/framework-cat/1.0.7-RELEASE/framework-cat-1.0.7-RELEASE.jar!/com/youzan/nova/framework/cat/context/RpcCatContext$1.class], URL [jar:file:/Users/wulonghui/.m2/repository/com/youzan/nova/framework/framework-cat/1.0.7-RELEASE/framework-cat-1.0.7-RELEASE.jar!/com/youzan/nova/framework/cat/context/RpcCatContext.class], URL [jar:file:/Users/wulonghui/.m2/repository/com/youzan/nova/framework/framework-cat/1.0.7-RELEASE/framework-cat-1.0.7-RELEASE.jar!/com/youzan/nova/framework/cat/filter/AbstractMyCatFilter.class], URL [jar:file:/Users/wulonghui/.m2/repository/com/youzan/nova/framework/framework-cat/1.0.7-RELEASE/framework-cat-1.0.7-RELEASE.jar!/com/youzan/nova/framework/cat/filter/ConsumerCatFilter.class], URL [jar:file:/Users/wulonghui/.m2/repository/com/youzan/nova/framework/framework-cat/1.0.7-RELEASE/framework-cat-1.0.7-RELEASE.jar!/com/youzan/nova/framework/cat/filter/ProviderCatFilter.class], URL [jar:file:/Users/wulonghui/.m2/repository/com/youzan/platform/commons-util/2.0.0-SNAPSHOT/commons-util-2.0.0-SNAPSHOT.jar!/com/youzan/platform/util/json/JsonUtil.class], URL [jar:file:/Users/wulonghui/.m2/repository/com/youzan/platform/commons-util/2.0.0-SNAPSHOT/commons-util-2.0.0-SNAPSHOT.jar!/com/youzan/platform/util/lang/DateUtil.class], URL [jar:file:/Users/wulonghui/.m2/repository/com/youzan/platform/commons-util/2.0.0-SNAPSHOT/commons-util-2.0.0-SNAPSHOT.jar!/com/youzan/platform/util/lang/StringUtil.class], URL [jar:file:/Users/wulonghui/.m2/repository/com/youzan/platform/commons-util/2.0.0-SNAPSHOT/commons-util-2.0.0-SNAPSHOT.jar!/com/youzan/platform/util/net/HttpUtil.class], URL [jar:file:/Users/wulonghui/.m2/repository/com/youzan/platform/commons-util/2.0.0-SNAPSHOT/commons-util-2.0.0-SNAPSHOT.jar!/com/youzan/platform/util/security/MD5.class], URL [jar:file:/Users/wulonghui/.m2/repository/com/youzan/platform/commons-util/2.0.0-SNAPSHOT/commons-util-2.0.0-SNAPSHOT.jar!/com/youzan/platform/util/xml/XmlMapConverUtil.class], URL [jar:file:/Users/wulonghui/.m2/repository/com/alibaba/dubbo/3.0.9-RELEASE/dubbo-3.0.9-RELEASE.jar!/com/youzan/nova/framework/config/HauntIsolatorConfig.class], URL [jar:file:/Users/wulonghui/.m2/repository/com/alibaba/dubbo/3.0.9-RELEASE/dubbo-3.0.9-RELEASE.jar!/com/youzan/nova/framework/schema/HauntIsolatorParser.class], URL [jar:file:/Users/wulonghui/.m2/repository/com/alibaba/dubbo/3.0.9-RELEASE/dubbo-3.0.9-RELEASE.jar!/com/youzan/nova/framework/schema/HauntNamespaceHandler.class], URL [jar:file:/Users/wulonghui/.m2/repository/com/alibaba/dubbo/3.0.9-RELEASE/dubbo-3.0.9-RELEASE.jar!/com/youzan/nova/framework/filter/NovaThriftCheckFilter.class], URL [jar:file:/Users/wulonghui/.m2/repository/com/alibaba/dubbo/3.0.9-RELEASE/dubbo-3.0.9-RELEASE.jar!/com/youzan/nova/rpc/protocol/nova/ext/MultiServiceProcessor.class], URL [jar:file:/Users/wulonghui/.m2/repository/com/alibaba/dubbo/3.0.9-RELEASE/dubbo-3.0.9-RELEASE.jar!/com/youzan/nova/rpc/protocol/nova/io/InputStreamWrapper.class], URL [jar:file:/Users/wulonghui/.m2/repository/com/alibaba/dubbo/3.0.9-RELEASE/dubbo-3.0.9-RELEASE.jar!/com/youzan/nova/rpc/protocol/nova/io/RandomAccessByteArrayOutputStream.class], URL [jar:file:/Users/wulonghui/.m2/repository/com/alibaba/dubbo/3.0.9-RELEASE/dubbo-3.0.9-RELEASE.jar!/com/youzan/nova/rpc/protocol/nova/NovaCodec.class], URL [jar:file:/Users/wulonghui/.m2/repository/com/alibaba/dubbo/3.0.9-RELEASE/dubbo-3.0.9-RELEASE.jar!/com/youzan/nova/rpc/protocol/nova/NovaConstants.class], URL [jar:file:/Users/wulonghui/.m2/repository/com/alibaba/dubbo/3.0.9-RELEASE/dubbo-3.0.9-RELEASE.jar!/com/youzan/nova/rpc/protocol/nova/NovaInvoker.class], URL [jar:file:/Users/wulonghui/.m2/repository/com/alibaba/dubbo/3.0.9-RELEASE/dubbo-3.0.9-RELEASE.jar!/com/youzan/nova/rpc/protocol/nova/NovaLazyConnectExchangeClient.class], URL [jar:file:/Users/wulonghui/.m2/repository/com/alibaba/dubbo/3.0.9-RELEASE/dubbo-3.0.9-RELEASE.jar!/com/youzan/nova/rpc/protocol/nova/NovaProtocol$1.class], URL [jar:file:/Users/wulonghui/.m2/repository/com/alibaba/dubbo/3.0.9-RELEASE/dubbo-3.0.9-RELEASE.jar!/com/youzan/nova/rpc/protocol/nova/NovaProtocol.class], URL [jar:file:/Users/wulonghui/.m2/repository/com/alibaba/dubbo/3.0.9-RELEASE/dubbo-3.0.9-RELEASE.jar!/com/youzan/nova/rpc/protocol/nova/NovaReferCountExchangeClient.class], URL [jar:file:/Users/wulonghui/.m2/repository/com/alibaba/dubbo/3.0.9-RELEASE/dubbo-3.0.9-RELEASE.jar!/com/youzan/nova/rpc/protocol/nova/RemotingBuilder$RequestBuilder.class], URL [jar:file:/Users/wulonghui/.m2/repository/com/alibaba/dubbo/3.0.9-RELEASE/dubbo-3.0.9-RELEASE.jar!/com/youzan/nova/rpc/protocol/nova/RemotingBuilder$ResponseBuilder.class], URL [jar:file:/Users/wulonghui/.m2/repository/com/alibaba/dubbo/3.0.9-RELEASE/dubbo-3.0.9-RELEASE.jar!/com/youzan/nova/rpc/protocol/nova/RemotingBuilder.class], URL [jar:file:/Users/wulonghui/.m2/repository/com/alibaba/dubbo/3.0.9-RELEASE/dubbo-3.0.9-RELEASE.jar!/com/youzan/nova/registry/haunt/ChildListener.class], URL [jar:file:/Users/wulonghui/.m2/repository/com/alibaba/dubbo/3.0.9-RELEASE/dubbo-3.0.9-RELEASE.jar!/com/youzan/nova/registry/haunt/HauntRegistry$1.class], URL [jar:file:/Users/wulonghui/.m2/repository/com/alibaba/dubbo/3.0.9-RELEASE/dubbo-3.0.9-RELEASE.jar!/com/youzan/nova/registry/haunt/HauntRegistry.class], URL [jar:file:/Users/wulonghui/.m2/repository/com/alibaba/dubbo/3.0.9-RELEASE/dubbo-3.0.9-RELEASE.jar!/com/youzan/nova/registry/haunt/HauntRegistryContainer$1.class], URL [jar:file:/Users/wulonghui/.m2/repository/com/alibaba/dubbo/3.0.9-RELEASE/dubbo-3.0.9-RELEASE.jar!/com/youzan/nova/registry/haunt/HauntRegistryContainer$GovernEvent.class], URL [jar:file:/Users/wulonghui/.m2/repository/com/alibaba/dubbo/3.0.9-RELEASE/dubbo-3.0.9-RELEASE.jar!/com/youzan/nova/registry/haunt/HauntRegistryContainer$ProviderContainer.class], URL [jar:file:/Users/wulonghui/.m2/repository/com/alibaba/dubbo/3.0.9-RELEASE/dubbo-3.0.9-RELEASE.jar!/com/youzan/nova/registry/haunt/HauntRegistryContainer.class], URL [jar:file:/Users/wulonghui/.m2/repository/com/alibaba/dubbo/3.0.9-RELEASE/dubbo-3.0.9-RELEASE.jar!/com/youzan/nova/registry/haunt/HauntRegistryFactory.class], URL [jar:file:/Users/wulonghui/.m2/repository/com/alibaba/dubbo/3.0.9-RELEASE/dubbo-3.0.9-RELEASE.jar!/com/youzan/nova/registry/haunt/ServiceInfo.class], URL [jar:file:/Users/wulonghui/.m2/repository/com/alibaba/dubbo/3.0.9-RELEASE/dubbo-3.0.9-RELEASE.jar!/com/youzan/nova/container/hook/ExtContainerHook.class], URL [jar:file:/Users/wulonghui/.m2/repository/com/alibaba/dubbo/3.0.9-RELEASE/dubbo-3.0.9-RELEASE.jar!/com/youzan/nova/container/hook/HookContainer.class], URL [jar:file:/Users/wulonghui/.m2/repository/com/alibaba/dubbo/3.0.9-RELEASE/dubbo-3.0.9-RELEASE.jar!/com/youzan/nova/monitor/hawk/v1/HawkMonitor$1.class], URL [jar:file:/Users/wulonghui/.m2/repository/com/alibaba/dubbo/3.0.9-RELEASE/dubbo-3.0.9-RELEASE.jar!/com/youzan/nova/monitor/hawk/v1/HawkMonitor.class], URL [jar:file:/Users/wulonghui/.m2/repository/com/alibaba/dubbo/3.0.9-RELEASE/dubbo-3.0.9-RELEASE.jar!/com/youzan/nova/monitor/hawk/v1/HawkMonitorFactory.class], URL [jar:file:/Users/wulonghui/.m2/repository/com/alibaba/dubbo/3.0.9-RELEASE/dubbo-3.0.9-RELEASE.jar!/com/youzan/nova/monitor/hawk/v1/HawkService.class], URL [jar:file:/Users/wulonghui/.m2/repository/com/alibaba/dubbo/3.0.9-RELEASE/dubbo-3.0.9-RELEASE.jar!/com/youzan/nova/monitor/hawk/v1/MonitorFormat.class], URL [jar:file:/Users/wulonghui/.m2/repository/com/alibaba/dubbo/3.0.9-RELEASE/dubbo-3.0.9-RELEASE.jar!/com/youzan/nova/monitor/hawk/v1/Statistics.class], URL [jar:file:/Users/wulonghui/.m2/repository/com/alibaba/dubbo/3.0.9-RELEASE/dubbo-3.0.9-RELEASE.jar!/com/youzan/nova/monitor/hawk/v2/HawkClient.class], URL [jar:file:/Users/wulonghui/.m2/repository/com/alibaba/dubbo/3.0.9-RELEASE/dubbo-3.0.9-RELEASE.jar!/com/youzan/nova/monitor/hawk/v2/HawkStatistics.class], URL [jar:file:/Users/wulonghui/.m2/repository/com/alibaba/dubbo/3.0.9-RELEASE/dubbo-3.0.9-RELEASE.jar!/com/youzan/nova/monitor/hawk/v2/MockHawkClient.class], URL [jar:file:/Users/wulonghui/.m2/repository/com/alibaba/dubbo/3.0.9-RELEASE/dubbo-3.0.9-RELEASE.jar!/com/youzan/nova/monitor/hawk/v2/SimpleHawkClient.class], URL [jar:file:/Users/wulonghui/.m2/repository/com/alibaba/dubbo/3.0.9-RELEASE/dubbo-3.0.9-RELEASE.jar!/com/youzan/nova/monitor/hawk/v2/SimpleHawkMonitor$1.class], URL [jar:file:/Users/wulonghui/.m2/repository/com/alibaba/dubbo/3.0.9-RELEASE/dubbo-3.0.9-RELEASE.jar!/com/youzan/nova/monitor/hawk/v2/SimpleHawkMonitor.class], URL [jar:file:/Users/wulonghui/.m2/repository/com/alibaba/dubbo/3.0.9-RELEASE/dubbo-3.0.9-RELEASE.jar!/com/youzan/nova/monitor/hawk/v2/SimpleHawkMonitorFactory.class], URL [jar:file:/Users/wulonghui/.m2/repository/com/youzan/lightning-sdk/0.1.1-SNAPSHOT/lightning-sdk-0.1.1-SNAPSHOT.jar!/com/youzan/lightning/sdk/adapter/Adapter.class], URL [jar:file:/Users/wulonghui/.m2/repository/com/youzan/lightning-sdk/0.1.1-SNAPSHOT/lightning-sdk-0.1.1-SNAPSHOT.jar!/com/youzan/lightning/sdk/adapter/ClientRequestAdapter.class], URL [jar:file:/Users/wulonghui/.m2/repository/com/youzan/lightning-sdk/0.1.1-SNAPSHOT/lightning-sdk-0.1.1-SNAPSHOT.jar!/com/youzan/lightning/sdk/adapter/ClientResponseAdapter$NoneClientResponseAdapter.class], URL [jar:file:/Users/wulonghui/.m2/repository/com/youzan/lightning-sdk/0.1.1-SNAPSHOT/lightning-sdk-0.1.1-SNAPSHOT.jar!/com/youzan/lightning/sdk/adapter/ClientResponseAdapter.class], URL [jar:file:/Users/wulonghui/.m2/repository/com/youzan/lightning-sdk/0.1.1-SNAPSHOT/lightning-sdk-0.1.1-SNAPSHOT.jar!/com/youzan/lightning/sdk/adapter/ServerRequestAdapter.class], URL [jar:file:/Users/wulonghui/.m2/repository/com/youzan/lightning-sdk/0.1.1-SNAPSHOT/lightning-sdk-0.1.1-SNAPSHOT.jar!/com/youzan/lightning/sdk/adapter/ServerResponseAdapter$NoneServerResponseAdapter.class], URL [jar:file:/Users/wulonghui/.m2/repository/com/youzan/lightning-sdk/0.1.1-SNAPSHOT/lightning-sdk-0.1.1-SNAPSHOT.jar!/com/youzan/lightning/sdk/adapter/ServerResponseAdapter.class], URL [jar:file:/Users/wulonghui/.m2/repository/com/youzan/lightning-sdk/0.1.1-SNAPSHOT/lightning-sdk-0.1.1-SNAPSHOT.jar!/com/youzan/lightning/sdk/Application.class], URL [jar:file:/Users/wulonghui/.m2/repository/com/youzan/lightning-sdk/0.1.1-SNAPSHOT/lightning-sdk-0.1.1-SNAPSHOT.jar!/com/youzan/lightning/sdk/ApplicationType.class], URL [jar:file:/Users/wulonghui/.m2/repository/com/youzan/lightning-sdk/0.1.1-SNAPSHOT/lightning-sdk-0.1.1-SNAPSHOT.jar!/com/youzan/lightning/sdk/ClientTracer$ClientTracerBuilder.class], URL [jar:file:/Users/wulonghui/.m2/repository/com/youzan/lightning-sdk/0.1.1-SNAPSHOT/lightning-sdk-0.1.1-SNAPSHOT.jar!/com/youzan/lightning/sdk/ClientTracer.class], URL [jar:file:/Users/wulonghui/.m2/repository/com/youzan/lightning-sdk/0.1.1-SNAPSHOT/lightning-sdk-0.1.1-SNAPSHOT.jar!/com/youzan/lightning/sdk/context/ClientSpanContext.class], URL [jar:file:/Users/wulonghui/.m2/repository/com/youzan/lightning-sdk/0.1.1-SNAPSHOT/lightning-sdk-0.1.1-SNAPSHOT.jar!/com/youzan/lightning/sdk/context/LightningContext.class], URL [jar:file:/Users/wulonghui/.m2/repository/com/youzan/lightning-sdk/0.1.1-SNAPSHOT/lightning-sdk-0.1.1-SNAPSHOT.jar!/com/youzan/lightning/sdk/context/LocalSpanContext.class], URL [jar:file:/Users/wulonghui/.m2/repository/com/youzan/lightning-sdk/0.1.1-SNAPSHOT/lightning-sdk-0.1.1-SNAPSHOT.jar!/com/youzan/lightning/sdk/context/NamedThreadLocal.class], URL [jar:file:/Users/wulonghui/.m2/repository/com/youzan/lightning-sdk/0.1.1-SNAPSHOT/lightning-sdk-0.1.1-SNAPSHOT.jar!/com/youzan/lightning/sdk/context/ServerSpan.class], URL [jar:file:/Users/wulonghui/.m2/repository/com/youzan/lightning-sdk/0.1.1-SNAPSHOT/lightning-sdk-0.1.1-SNAPSHOT.jar!/com/youzan/lightning/sdk/context/ServerSpanContext.class], URL [jar:file:/Users/wulonghui/.m2/repository/com/youzan/lightning-sdk/0.1.1-SNAPSHOT/lightning-sdk-0.1.1-SNAPSHOT.jar!/com/youzan/lightning/sdk/context/ThreadLocalContext.class], URL [jar:file:/Users/wulonghui/.m2/repository/com/youzan/lightning-sdk/0.1.1-SNAPSHOT/lightning-sdk-0.1.1-SNAPSHOT.jar!/com/youzan/lightning/sdk/DefaultRandomIDGenerator.class], URL [jar:file:/Users/wulonghui/.m2/repository/com/youzan/lightning-sdk/0.1.1-SNAPSHOT/lightning-sdk-0.1.1-SNAPSHOT.jar!/com/youzan/lightning/sdk/Endpoint.class], URL [jar:file:/Users/wulonghui/.m2/repository/com/youzan/lightning-sdk/0.1.1-SNAPSHOT/lightning-sdk-0.1.1-SNAPSHOT.jar!/com/youzan/lightning/sdk/IDGenerator.class], URL [jar:file:/Users/wulonghui/.m2/repository/com/youzan/lightning-sdk/0.1.1-SNAPSHOT/lightning-sdk-0.1.1-SNAPSHOT.jar!/com/youzan/lightning/sdk/interceptor/ClientRequestInterceptor.class], URL [jar:file:/Users/wulonghui/.m2/repository/com/youzan/lightning-sdk/0.1.1-SNAPSHOT/lightning-sdk-0.1.1-SNAPSHOT.jar!/com/youzan/lightning/sdk/interceptor/ClientResponseInterceptor.class], URL [jar:file:/Users/wulonghui/.m2/repository/com/youzan/lightning-sdk/0.1.1-SNAPSHOT/lightning-sdk-0.1.1-SNAPSHOT.jar!/com/youzan/lightning/sdk/interceptor/Interceptor.class], URL [jar:file:/Users/wulonghui/.m2/repository/com/youzan/lightning-sdk/0.1.1-SNAPSHOT/lightning-sdk-0.1.1-SNAPSHOT.jar!/com/youzan/lightning/sdk/interceptor/ServerRequestInterceptor.class], URL [jar:file:/Users/wulonghui/.m2/repository/com/youzan/lightning-sdk/0.1.1-SNAPSHOT/lightning-sdk-0.1.1-SNAPSHOT.jar!/com/youzan/lightning/sdk/interceptor/ServerResponseInterceptor.class], URL [jar:file:/Users/wulonghui/.m2/repository/com/youzan/lightning-sdk/0.1.1-SNAPSHOT/lightning-sdk-0.1.1-SNAPSHOT.jar!/com/youzan/lightning/sdk/Lightning$Builder.class], URL [jar:file:/Users/wulonghui/.m2/repository/com/youzan/lightning-sdk/0.1.1-SNAPSHOT/lightning-sdk-0.1.1-SNAPSHOT.jar!/com/youzan/lightning/sdk/Lightning.class], URL [jar:file:/Users/wulonghui/.m2/repository/com/youzan/lightning-sdk/0.1.1-SNAPSHOT/lightning-sdk-0.1.1-SNAPSHOT.jar!/com/youzan/lightning/sdk/LoggingSpanCollector.class], URL [jar:file:/Users/wulonghui/.m2/repository/com/youzan/lightning-sdk/0.1.1-SNAPSHOT/lightning-sdk-0.1.1-SNAPSHOT.jar!/com/youzan/lightning/sdk/protocol/Constants.class], URL [jar:file:/Users/wulonghui/.m2/repository/com/youzan/lightning-sdk/0.1.1-SNAPSHOT/lightning-sdk-0.1.1-SNAPSHOT.jar!/com/youzan/lightning/sdk/protocol/Span$BinAnnotation.class], URL [jar:file:/Users/wulonghui/.m2/repository/com/youzan/lightning-sdk/0.1.1-SNAPSHOT/lightning-sdk-0.1.1-SNAPSHOT.jar!/com/youzan/lightning/sdk/protocol/Span.class], URL [jar:file:/Users/wulonghui/.m2/repository/com/youzan/lightning-sdk/0.1.1-SNAPSHOT/lightning-sdk-0.1.1-SNAPSHOT.jar!/com/youzan/lightning/sdk/ServerTracer$ServerTracerBuilder.class], URL [jar:file:/Users/wulonghui/.m2/repository/com/youzan/lightning-sdk/0.1.1-SNAPSHOT/lightning-sdk-0.1.1-SNAPSHOT.jar!/com/youzan/lightning/sdk/ServerTracer.class], URL [jar:file:/Users/wulonghui/.m2/repository/com/youzan/lightning-sdk/0.1.1-SNAPSHOT/lightning-sdk-0.1.1-SNAPSHOT.jar!/com/youzan/lightning/sdk/SpanAndEndpoint$ClientSpanAndEndPoint.class], URL [jar:file:/Users/wulonghui/.m2/repository/com/youzan/lightning-sdk/0.1.1-SNAPSHOT/lightning-sdk-0.1.1-SNAPSHOT.jar!/com/youzan/lightning/sdk/SpanAndEndpoint$ServerSpanAndEndPoint.class], URL [jar:file:/Users/wulonghui/.m2/repository/com/youzan/lightning-sdk/0.1.1-SNAPSHOT/lightning-sdk-0.1.1-SNAPSHOT.jar!/com/youzan/lightning/sdk/SpanAndEndpoint.class], URL [jar:file:/Users/wulonghui/.m2/repository/com/youzan/lightning-sdk/0.1.1-SNAPSHOT/lightning-sdk-0.1.1-SNAPSHOT.jar!/com/youzan/lightning/sdk/SpanCollector.class], URL [jar:file:/Users/wulonghui/.m2/repository/com/youzan/lightning-sdk/0.1.1-SNAPSHOT/lightning-sdk-0.1.1-SNAPSHOT.jar!/com/youzan/lightning/sdk/SpanId.class], URL [jar:file:/Users/wulonghui/.m2/repository/com/youzan/lightning-sdk/0.1.1-SNAPSHOT/lightning-sdk-0.1.1-SNAPSHOT.jar!/com/youzan/lightning/sdk/Submitter$1.class], URL [jar:file:/Users/wulonghui/.m2/repository/com/youzan/lightning-sdk/0.1.1-SNAPSHOT/lightning-sdk-0.1.1-SNAPSHOT.jar!/com/youzan/lightning/sdk/Submitter$AnnotationSubmitterImpl.class], URL [jar:file:/Users/wulonghui/.m2/repository/com/youzan/lightning-sdk/0.1.1-SNAPSHOT/lightning-sdk-0.1.1-SNAPSHOT.jar!/com/youzan/lightning/sdk/Submitter.class], URL [jar:file:/Users/wulonghui/.m2/repository/com/youzan/platform/track-appender/2.3/track-appender-2.3.jar!/com/youzan/track/appender/BaseAppender.class], URL [jar:file:/Users/wulonghui/.m2/repository/com/youzan/platform/track-appender/2.3/track-appender-2.3.jar!/com/youzan/track/appender/entity/Error.class], URL [jar:file:/Users/wulonghui/.m2/repository/com/youzan/platform/track-appender/2.3/track-appender-2.3.jar!/com/youzan/track/appender/entity/LogData.class], URL [jar:file:/Users/wulonghui/.m2/repository/com/youzan/platform/track-appender/2.3/track-appender-2.3.jar!/com/youzan/track/appender/entity/LogDataDetail.class], URL [jar:file:/Users/wulonghui/.m2/repository/com/youzan/platform/track-appender/2.3/track-appender-2.3.jar!/com/youzan/track/appender/entity/LogType.class], URL [jar:file:/Users/wulonghui/.m2/repository/com/youzan/platform/track-appender/2.3/track-appender-2.3.jar!/com/youzan/track/appender/entity/Topic.class], URL [jar:file:/Users/wulonghui/.m2/repository/com/youzan/platform/track-appender/2.3/track-appender-2.3.jar!/com/youzan/track/appender/FrameworkAppender.class], URL [jar:file:/Users/wulonghui/.m2/repository/com/youzan/platform/track-appender/2.3/track-appender-2.3.jar!/com/youzan/track/appender/NullAppender.class], URL [jar:file:/Users/wulonghui/.m2/repository/com/youzan/platform/track-appender/2.3/track-appender-2.3.jar!/com/youzan/track/appender/PersistenceAppender.class], URL [jar:file:/Users/wulonghui/.m2/repository/com/youzan/platform/track-appender/2.3/track-appender-2.3.jar!/com/youzan/track/appender/sender/TrackSender.class], URL [jar:file:/Users/wulonghui/.m2/repository/com/youzan/platform/track-appender/2.3/track-appender-2.3.jar!/com/youzan/track/appender/sender/TrackTask.class], URL [jar:file:/Users/wulonghui/.m2/repository/com/youzan/platform/track-appender/2.3/track-appender-2.3.jar!/com/youzan/track/appender/sender/TrackTCPSender$1.class], URL [jar:file:/Users/wulonghui/.m2/repository/com/youzan/platform/track-appender/2.3/track-appender-2.3.jar!/com/youzan/track/appender/sender/TrackTCPSender.class], URL [jar:file:/Users/wulonghui/.m2/repository/com/youzan/platform/track-appender/2.3/track-appender-2.3.jar!/com/youzan/track/appender/sender/TrackThreadFactory.class], URL [jar:file:/Users/wulonghui/.m2/repository/com/youzan/platform/track-appender/2.3/track-appender-2.3.jar!/com/youzan/track/appender/sender/TrackUDPSender$1.class], URL [jar:file:/Users/wulonghui/.m2/repository/com/youzan/platform/track-appender/2.3/track-appender-2.3.jar!/com/youzan/track/appender/sender/TrackUDPSender.class], URL [jar:file:/Users/wulonghui/.m2/repository/com/youzan/platform/track-appender/2.3/track-appender-2.3.jar!/com/youzan/track/appender/SoaAppender.class], URL [jar:file:/Users/wulonghui/.m2/repository/com/youzan/platform/track-appender/2.3/track-appender-2.3.jar!/com/youzan/track/appender/TrackAppender.class], URL [jar:file:/Users/wulonghui/.m2/repository/com/youzan/platform/track-appender/2.3/track-appender-2.3.jar!/com/youzan/track/appender/util/Config.class], URL [jar:file:/Users/wulonghui/.m2/repository/com/youzan/pay/assetcenter.api/0.0.9-20170817-SNAPSHOT/assetcenter.api-0.0.9-20170817-SNAPSHOT.jar!/com/youzan/pay/assetcenter/api/AcquireOrderQueryService.class], URL [jar:file:/Users/wulonghui/.m2/repository/com/youzan/pay/assetcenter.api/0.0.9-20170817-SNAPSHOT/assetcenter.api-0.0.9-20170817-SNAPSHOT.jar!/com/youzan/pay/assetcenter/api/AcquireOrderService.class], URL [jar:file:/Users/wulonghui/.m2/repository/com/youzan/pay/assetcenter.api/0.0.9-20170817-SNAPSHOT/assetcenter.api-0.0.9-20170817-SNAPSHOT.jar!/com/youzan/pay/assetcenter/api/AcquireRefundService.class], URL [jar:file:/Users/wulonghui/.m2/repository/com/youzan/pay/assetcenter.api/0.0.9-20170817-SNAPSHOT/assetcenter.api-0.0.9-20170817-SNAPSHOT.jar!/com/youzan/pay/assetcenter/api/AcquireWithdrawService.class], URL [jar:file:/Users/wulonghui/.m2/repository/com/youzan/pay/assetcenter.api/0.0.9-20170817-SNAPSHOT/assetcenter.api-0.0.9-20170817-SNAPSHOT.jar!/com/youzan/pay/assetcenter/api/enums/AcquireQueryStatus.class], URL [jar:file:/Users/wulonghui/.m2/repository/com/youzan/pay/assetcenter.api/0.0.9-20170817-SNAPSHOT/assetcenter.api-0.0.9-20170817-SNAPSHOT.jar!/com/youzan/pay/assetcenter/api/enums/BizActionEnum.class], URL [jar:file:/Users/wulonghui/.m2/repository/com/youzan/pay/assetcenter.api/0.0.9-20170817-SNAPSHOT/assetcenter.api-0.0.9-20170817-SNAPSHOT.jar!/com/youzan/pay/assetcenter/api/enums/BizModeEnum.class], URL [jar:file:/Users/wulonghui/.m2/repository/com/youzan/pay/assetcenter.api/0.0.9-20170817-SNAPSHOT/assetcenter.api-0.0.9-20170817-SNAPSHOT.jar!/com/youzan/pay/assetcenter/api/enums/BizProdEnum.class], URL [jar:file:/Users/wulonghui/.m2/repository/com/youzan/pay/assetcenter.api/0.0.9-20170817-SNAPSHOT/assetcenter.api-0.0.9-20170817-SNAPSHOT.jar!/com/youzan/pay/assetcenter/api/enums/CardRechargeStatus.class], URL [jar:file:/Users/wulonghui/.m2/repository/com/youzan/pay/assetcenter.api/0.0.9-20170817-SNAPSHOT/assetcenter.api-0.0.9-20170817-SNAPSHOT.jar!/com/youzan/pay/assetcenter/api/enums/EnvEnum.class], URL [jar:file:/Users/wulonghui/.m2/repository/com/youzan/pay/assetcenter.api/0.0.9-20170817-SNAPSHOT/assetcenter.api-0.0.9-20170817-SNAPSHOT.jar!/com/youzan/pay/assetcenter/api/enums/ErrorEnum.class], URL [jar:file:/Users/wulonghui/.m2/repository/com/youzan/pay/assetcenter.api/0.0.9-20170817-SNAPSHOT/assetcenter.api-0.0.9-20170817-SNAPSHOT.jar!/com/youzan/pay/assetcenter/api/enums/InstAccountTypeEnum.class], URL [jar:file:/Users/wulonghui/.m2/repository/com/youzan/pay/assetcenter.api/0.0.9-20170817-SNAPSHOT/assetcenter.api-0.0.9-20170817-SNAPSHOT.jar!/com/youzan/pay/assetcenter/api/enums/PayTagEnum.class], URL [jar:file:/Users/wulonghui/.m2/repository/com/youzan/pay/assetcenter.api/0.0.9-20170817-SNAPSHOT/assetcenter.api-0.0.9-20170817-SNAPSHOT.jar!/com/youzan/pay/assetcenter/api/enums/RechargePayStatus.class], URL [jar:file:/Users/wulonghui/.m2/repository/com/youzan/pay/assetcenter.api/0.0.9-20170817-SNAPSHOT/assetcenter.api-0.0.9-20170817-SNAPSHOT.jar!/com/youzan/pay/assetcenter/api/enums/RechargePayType.class], URL [jar:file:/Users/wulonghui/.m2/repository/com/youzan/pay/assetcenter.api/0.0.9-20170817-SNAPSHOT/assetcenter.api-0.0.9-20170817-SNAPSHOT.jar!/com/youzan/pay/assetcenter/api/enums/RefundResultEnum.class], URL [jar:file:/Users/wulonghui/.m2/repository/com/youzan/pay/assetcenter.api/0.0.9-20170817-SNAPSHOT/assetcenter.api-0.0.9-20170817-SNAPSHOT.jar!/com/youzan/pay/assetcenter/api/enums/WithdrawResultEnum.class], URL [jar:file:/Users/wulonghui/.m2/repository/com/youzan/pay/assetcenter.api/0.0.9-20170817-SNAPSHOT/assetcenter.api-0.0.9-20170817-SNAPSHOT.jar!/com/youzan/pay/assetcenter/api/HeartBeatService.class], URL [jar:file:/Users/wulonghui/.m2/repository/com/youzan/pay/assetcenter.api/0.0.9-20170817-SNAPSHOT/assetcenter.api-0.0.9-20170817-SNAPSHOT.jar!/com/youzan/pay/assetcenter/api/nsq/model/AcqSettleEvent.class], URL [jar:file:/Users/wulonghui/.m2/repository/com/youzan/pay/assetcenter.api/0.0.9-20170817-SNAPSHOT/assetcenter.api-0.0.9-20170817-SNAPSHOT.jar!/com/youzan/pay/assetcenter/api/nsq/model/CardRechargeResultMsg.class], URL [jar:file:/Users/wulonghui/.m2/repository/com/youzan/pay/assetcenter.api/0.0.9-20170817-SNAPSHOT/assetcenter.api-0.0.9-20170817-SNAPSHOT.jar!/com/youzan/pay/assetcenter/api/nsq/model/NsqEntity.class], URL [jar:file:/Users/wulonghui/.m2/repository/com/youzan/pay/assetcenter.api/0.0.9-20170817-SNAPSHOT/assetcenter.api-0.0.9-20170817-SNAPSHOT.jar!/com/youzan/pay/assetcenter/api/nsq/model/RechargeNotifyMessage.class], URL [jar:file:/Users/wulonghui/.m2/repository/com/youzan/pay/assetcenter.api/0.0.9-20170817-SNAPSHOT/assetcenter.api-0.0.9-20170817-SNAPSHOT.jar!/com/youzan/pay/assetcenter/api/nsq/model/RefundNsqMessage.class], URL [jar:file:/Users/wulonghui/.m2/repository/com/youzan/pay/assetcenter.api/0.0.9-20170817-SNAPSHOT/assetcenter.api-0.0.9-20170817-SNAPSHOT.jar!/com/youzan/pay/assetcenter/api/nsq/model/UniformPayEvent.class], URL [jar:file:/Users/wulonghui/.m2/repository/com/youzan/pay/assetcenter.api/0.0.9-20170817-SNAPSHOT/assetcenter.api-0.0.9-20170817-SNAPSHOT.jar!/com/youzan/pay/assetcenter/api/nsq/model/WithdrawNsqMessage.class], URL [jar:file:/Users/wulonghui/.m2/repository/com/youzan/pay/assetcenter.api/0.0.9-20170817-SNAPSHOT/assetcenter.api-0.0.9-20170817-SNAPSHOT.jar!/com/youzan/pay/assetcenter/api/RechargeService.class], URL [jar:file:/Users/wulonghui/.m2/repository/com/youzan/pay/assetcenter.api/0.0.9-20170817-SNAPSHOT/assetcenter.api-0.0.9-20170817-SNAPSHOT.jar!/com/youzan/pay/assetcenter/api/RecoveryService.class], URL [jar:file:/Users/wulonghui/.m2/repository/com/youzan/pay/assetcenter.api/0.0.9-20170817-SNAPSHOT/assetcenter.api-0.0.9-20170817-SNAPSHOT.jar!/com/youzan/pay/assetcenter/api/RecoveryWatchmanService.class], URL [jar:file:/Users/wulonghui/.m2/repository/com/youzan/pay/assetcenter.api/0.0.9-20170817-SNAPSHOT/assetcenter.api-0.0.9-20170817-SNAPSHOT.jar!/com/youzan/pay/assetcenter/api/RefundCheckWatchManService.class], URL [jar:file:/Users/wulonghui/.m2/repository/com/youzan/pay/assetcenter.api/0.0.9-20170817-SNAPSHOT/assetcenter.api-0.0.9-20170817-SNAPSHOT.jar!/com/youzan/pay/assetcenter/api/request/AbstractBaseRequest.class], URL [jar:file:/Users/wulonghui/.m2/repository/com/youzan/pay/assetcenter.api/0.0.9-20170817-SNAPSHOT/assetcenter.api-0.0.9-20170817-SNAPSHOT.jar!/com/youzan/pay/assetcenter/api/request/AssetPayDetailRequest.class], URL [jar:file:/Users/wulonghui/.m2/repository/com/youzan/pay/assetcenter.api/0.0.9-20170817-SNAPSHOT/assetcenter.api-0.0.9-20170817-SNAPSHOT.jar!/com/youzan/pay/assetcenter/api/request/BatchRefundRequest.class], URL [jar:file:/Users/wulonghui/.m2/repository/com/youzan/pay/assetcenter.api/0.0.9-20170817-SNAPSHOT/assetcenter.api-0.0.9-20170817-SNAPSHOT.jar!/com/youzan/pay/assetcenter/api/request/ChangePriceRequest.class], URL [jar:file:/Users/wulonghui/.m2/repository/com/youzan/pay/assetcenter.api/0.0.9-20170817-SNAPSHOT/assetcenter.api-0.0.9-20170817-SNAPSHOT.jar!/com/youzan/pay/assetcenter/api/request/CreateAcquireRequest.class], URL [jar:file:/Users/wulonghui/.m2/repository/com/youzan/pay/assetcenter.api/0.0.9-20170817-SNAPSHOT/assetcenter.api-0.0.9-20170817-SNAPSHOT.jar!/com/youzan/pay/assetcenter/api/request/group/AliPayWapGroup.class], URL [jar:file:/Users/wulonghui/.m2/repository/com/youzan/pay/assetcenter.api/0.0.9-20170817-SNAPSHOT/assetcenter.api-0.0.9-20170817-SNAPSHOT.jar!/com/youzan/pay/assetcenter/api/request/group/BarcodeGroup.class], URL [jar:file:/Users/wulonghui/.m2/repository/com/youzan/pay/assetcenter.api/0.0.9-20170817-SNAPSHOT/assetcenter.api-0.0.9-20170817-SNAPSHOT.jar!/com/youzan/pay/assetcenter/api/request/group/ValueCardPayGroup.class], URL [jar:file:/Users/wulonghui/.m2/repository/com/youzan/pay/assetcenter.api/0.0.9-20170817-SNAPSHOT/assetcenter.api-0.0.9-20170817-SNAPSHOT.jar!/com/youzan/pay/assetcenter/api/request/group/ValueCardRechargeGroup.class], URL [jar:file:/Users/wulonghui/.m2/repository/com/youzan/pay/assetcenter.api/0.0.9-20170817-SNAPSHOT/assetcenter.api-0.0.9-20170817-SNAPSHOT.jar!/com/youzan/pay/assetcenter/api/request/group/WxJSPayGroup.class], URL [jar:file:/Users/wulonghui/.m2/repository/com/youzan/pay/assetcenter.api/0.0.9-20170817-SNAPSHOT/assetcenter.api-0.0.9-20170817-SNAPSHOT.jar!/com/youzan/pay/assetcenter/api/request/group/YzUserGroup.class], URL [jar:file:/Users/wulonghui/.m2/repository/com/youzan/pay/assetcenter.api/0.0.9-20170817-SNAPSHOT/assetcenter.api-0.0.9-20170817-SNAPSHOT.jar!/com/youzan/pay/assetcenter/api/request/group/YzUserTokenGroup.class], URL [jar:file:/Users/wulonghui/.m2/repository/com/youzan/pay/assetcenter.api/0.0.9-20170817-SNAPSHOT/assetcenter.api-0.0.9-20170817-SNAPSHOT.jar!/com/youzan/pay/assetcenter/api/request/model/PayDetailInfo.class], URL [jar:file:/Users/wulonghui/.m2/repository/com/youzan/pay/assetcenter.api/0.0.9-20170817-SNAPSHOT/assetcenter.api-0.0.9-20170817-SNAPSHOT.jar!/com/youzan/pay/assetcenter/api/request/model/TradingInfo.class], URL [jar:file:/Users/wulonghui/.m2/repository/com/youzan/pay/assetcenter.api/0.0.9-20170817-SNAPSHOT/assetcenter.api-0.0.9-20170817-SNAPSHOT.jar!/com/youzan/pay/assetcenter/api/request/MultiPayRequest.class], URL [jar:file:/Users/wulonghui/.m2/repository/com/youzan/pay/assetcenter.api/0.0.9-20170817-SNAPSHOT/assetcenter.api-0.0.9-20170817-SNAPSHOT.jar!/com/youzan/pay/assetcenter/api/request/PayNotifyRequest.class], URL [jar:file:/Users/wulonghui/.m2/repository/com/youzan/pay/assetcenter.api/0.0.9-20170817-SNAPSHOT/assetcenter.api-0.0.9-20170817-SNAPSHOT.jar!/com/youzan/pay/assetcenter/api/request/PayRequest.class], URL [jar:file:/Users/wulonghui/.m2/repository/com/youzan/pay/assetcenter.api/0.0.9-20170817-SNAPSHOT/assetcenter.api-0.0.9-20170817-SNAPSHOT.jar!/com/youzan/pay/assetcenter/api/request/QueryAcquireRequest.class], URL [jar:file:/Users/wulonghui/.m2/repository/com/youzan/pay/assetcenter.api/0.0.9-20170817-SNAPSHOT/assetcenter.api-0.0.9-20170817-SNAPSHOT.jar!/com/youzan/pay/assetcenter/api/request/QueryRefundRequest.class], URL [jar:file:/Users/wulonghui/.m2/repository/com/youzan/pay/assetcenter.api/0.0.9-20170817-SNAPSHOT/assetcenter.api-0.0.9-20170817-SNAPSHOT.jar!/com/youzan/pay/assetcenter/api/request/QueryRefundRequestV2.class], URL [jar:file:/Users/wulonghui/.m2/repository/com/youzan/pay/assetcenter.api/0.0.9-20170817-SNAPSHOT/assetcenter.api-0.0.9-20170817-SNAPSHOT.jar!/com/youzan/pay/assetcenter/api/request/RechargeOrderCreatingRequest.class], URL [jar:file:/Users/wulonghui/.m2/repository/com/youzan/pay/assetcenter.api/0.0.9-20170817-SNAPSHOT/assetcenter.api-0.0.9-20170817-SNAPSHOT.jar!/com/youzan/pay/assetcenter/api/request/RechargePayRequest.class], URL [jar:file:/Users/wulonghui/.m2/repository/com/youzan/pay/assetcenter.api/0.0.9-20170817-SNAPSHOT/assetcenter.api-0.0.9-20170817-SNAPSHOT.jar!/com/youzan/pay/assetcenter/api/request/RefundRequest.class], URL [jar:file:/Users/wulonghui/.m2/repository/com/youzan/pay/assetcenter.api/0.0.9-20170817-SNAPSHOT/assetcenter.api-0.0.9-20170817-SNAPSHOT.jar!/com/youzan/pay/assetcenter/api/request/RevokeRequest.class], URL [jar:file:/Users/wulonghui/.m2/repository/com/youzan/pay/assetcenter.api/0.0.9-20170817-SNAPSHOT/assetcenter.api-0.0.9-20170817-SNAPSHOT.jar!/com/youzan/pay/assetcenter/api/request/SinglePayRequest.class], URL [jar:file:/Users/wulonghui/.m2/repository/com/youzan/pay/assetcenter.api/0.0.9-20170817-SNAPSHOT/assetcenter.api-0.0.9-20170817-SNAPSHOT.jar!/com/youzan/pay/assetcenter/api/request/UnifiedOrderCreatingRequest.class], URL [jar:file:/Users/wulonghui/.m2/repository/com/youzan/pay/assetcenter.api/0.0.9-20170817-SNAPSHOT/assetcenter.api-0.0.9-20170817-SNAPSHOT.jar!/com/youzan/pay/assetcenter/api/request/UnifiedOrderQueryRequest.class], URL [jar:file:/Users/wulonghui/.m2/repository/com/youzan/pay/assetcenter.api/0.0.9-20170817-SNAPSHOT/assetcenter.api-0.0.9-20170817-SNAPSHOT.jar!/com/youzan/pay/assetcenter/api/request/UnifiedOrderSettleRequest.class], URL [jar:file:/Users/wulonghui/.m2/repository/com/youzan/pay/assetcenter.api/0.0.9-20170817-SNAPSHOT/assetcenter.api-0.0.9-20170817-SNAPSHOT.jar!/com/youzan/pay/assetcenter/api/request/WithdrawCustQueryRequest.class], URL [jar:file:/Users/wulonghui/.m2/repository/com/youzan/pay/assetcenter.api/0.0.9-20170817-SNAPSHOT/assetcenter.api-0.0.9-20170817-SNAPSHOT.jar!/com/youzan/pay/assetcenter/api/request/WithdrawRequest.class], URL [jar:file:/Users/wulonghui/.m2/repository/com/youzan/pay/assetcenter.api/0.0.9-20170817-SNAPSHOT/assetcenter.api-0.0.9-20170817-SNAPSHOT.jar!/com/youzan/pay/assetcenter/api/request/WithdrawSingleQueryRequest.class], URL [jar:file:/Users/wulonghui/.m2/repository/com/youzan/pay/assetcenter.api/0.0.9-20170817-SNAPSHOT/assetcenter.api-0.0.9-20170817-SNAPSHOT.jar!/com/youzan/pay/assetcenter/api/response/BaseResponse.class], URL [jar:file:/Users/wulonghui/.m2/repository/com/youzan/pay/assetcenter.api/0.0.9-20170817-SNAPSHOT/assetcenter.api-0.0.9-20170817-SNAPSHOT.jar!/com/youzan/pay/assetcenter/api/response/Response.class], URL [jar:file:/Users/wulonghui/.m2/repository/com/youzan/pay/assetcenter.api/0.0.9-20170817-SNAPSHOT/assetcenter.api-0.0.9-20170817-SNAPSHOT.jar!/com/youzan/pay/assetcenter/api/result/AssetPayDetailItem.class], URL [jar:file:/Users/wulonghui/.m2/repository/com/youzan/pay/assetcenter.api/0.0.9-20170817-SNAPSHOT/assetcenter.api-0.0.9-20170817-SNAPSHOT.jar!/com/youzan/pay/assetcenter/api/result/BasePayResult.class], URL [jar:file:/Users/wulonghui/.m2/repository/com/youzan/pay/assetcenter.api/0.0.9-20170817-SNAPSHOT/assetcenter.api-0.0.9-20170817-SNAPSHOT.jar!/com/youzan/pay/assetcenter/api/result/ChangePriceResult.class], URL [jar:file:/Users/wulonghui/.m2/repository/com/youzan/pay/assetcenter.api/0.0.9-20170817-SNAPSHOT/assetcenter.api-0.0.9-20170817-SNAPSHOT.jar!/com/youzan/pay/assetcenter/api/result/CommonResult.class], URL [jar:file:/Users/wulonghui/.m2/repository/com/youzan/pay/assetcenter.api/0.0.9-20170817-SNAPSHOT/assetcenter.api-0.0.9-20170817-SNAPSHOT.jar!/com/youzan/pay/assetcenter/api/result/CreateAcquireResult.class], URL [jar:file:/Users/wulonghui/.m2/repository/com/youzan/pay/assetcenter.api/0.0.9-20170817-SNAPSHOT/assetcenter.api-0.0.9-20170817-SNAPSHOT.jar!/com/youzan/pay/assetcenter/api/result/model/PayDetailResult.class], URL [jar:file:/Users/wulonghui/.m2/repository/com/youzan/pay/assetcenter.api/0.0.9-20170817-SNAPSHOT/assetcenter.api-0.0.9-20170817-SNAPSHOT.jar!/com/youzan/pay/assetcenter/api/result/MultiPayResult.class], URL [jar:file:/Users/wulonghui/.m2/repository/com/youzan/pay/assetcenter.api/0.0.9-20170817-SNAPSHOT/assetcenter.api-0.0.9-20170817-SNAPSHOT.jar!/com/youzan/pay/assetcenter/api/result/PageResult.class], URL [jar:file:/Users/wulonghui/.m2/repository/com/youzan/pay/assetcenter.api/0.0.9-20170817-SNAPSHOT/assetcenter.api-0.0.9-20170817-SNAPSHOT.jar!/com/youzan/pay/assetcenter/api/result/PayResult.class], URL [jar:file:/Users/wulonghui/.m2/repository/com/youzan/pay/assetcenter.api/0.0.9-20170817-SNAPSHOT/assetcenter.api-0.0.9-20170817-SNAPSHOT.jar!/com/youzan/pay/assetcenter/api/result/PayToolItem.class], URL [jar:file:/Users/wulonghui/.m2/repository/com/youzan/pay/assetcenter.api/0.0.9-20170817-SNAPSHOT/assetcenter.api-0.0.9-20170817-SNAPSHOT.jar!/com/youzan/pay/assetcenter/api/result/QueryAcquireResult.class], URL [jar:file:/Users/wulonghui/.m2/repository/com/youzan/pay/assetcenter.api/0.0.9-20170817-SNAPSHOT/assetcenter.api-0.0.9-20170817-SNAPSHOT.jar!/com/youzan/pay/assetcenter/api/result/QueryRefundResult.class], URL [jar:file:/Users/wulonghui/.m2/repository/com/youzan/pay/assetcenter.api/0.0.9-20170817-SNAPSHOT/assetcenter.api-0.0.9-20170817-SNAPSHOT.jar!/com/youzan/pay/assetcenter/api/result/RechargeOrderCreatingResult.class], URL [jar:file:/Users/wulonghui/.m2/repository/com/youzan/pay/assetcenter.api/0.0.9-20170817-SNAPSHOT/assetcenter.api-0.0.9-20170817-SNAPSHOT.jar!/com/youzan/pay/assetcenter/api/result/RechargePayResult.class], URL [jar:file:/Users/wulonghui/.m2/repository/com/youzan/pay/assetcenter.api/0.0.9-20170817-SNAPSHOT/assetcenter.api-0.0.9-20170817-SNAPSHOT.jar!/com/youzan/pay/assetcenter/api/result/RefundApplyResult.class], URL [jar:file:/Users/wulonghui/.m2/repository/com/youzan/pay/assetcenter.api/0.0.9-20170817-SNAPSHOT/assetcenter.api-0.0.9-20170817-SNAPSHOT.jar!/com/youzan/pay/assetcenter/api/result/RefundResult.class], URL [jar:file:/Users/wulonghui/.m2/repository/com/youzan/pay/assetcenter.api/0.0.9-20170817-SNAPSHOT/assetcenter.api-0.0.9-20170817-SNAPSHOT.jar!/com/youzan/pay/assetcenter/api/result/RevokeResult.class], URL [jar:file:/Users/wulonghui/.m2/repository/com/youzan/pay/assetcenter.api/0.0.9-20170817-SNAPSHOT/assetcenter.api-0.0.9-20170817-SNAPSHOT.jar!/com/youzan/pay/assetcenter/api/result/SinglePayResult.class], URL [jar:file:/Users/wulonghui/.m2/repository/com/youzan/pay/assetcenter.api/0.0.9-20170817-SNAPSHOT/assetcenter.api-0.0.9-20170817-SNAPSHOT.jar!/com/youzan/pay/assetcenter/api/result/UnifiedOrderBaseResult.class], URL [jar:file:/Users/wulonghui/.m2/repository/com/youzan/pay/assetcenter.api/0.0.9-20170817-SNAPSHOT/assetcenter.api-0.0.9-20170817-SNAPSHOT.jar!/com/youzan/pay/assetcenter/api/result/UnifiedOrderCreatingResult.class], URL [jar:file:/Users/wulonghui/.m2/repository/com/youzan/pay/assetcenter.api/0.0.9-20170817-SNAPSHOT/assetcenter.api-0.0.9-20170817-SNAPSHOT.jar!/com/youzan/pay/assetcenter/api/result/UnifiedOrderQueryResult.class], URL [jar:file:/Users/wulonghui/.m2/repository/com/youzan/pay/assetcenter.api/0.0.9-20170817-SNAPSHOT/assetcenter.api-0.0.9-20170817-SNAPSHOT.jar!/com/youzan/pay/assetcenter/api/result/UnifiedOrderSettleResult.class], URL [jar:file:/Users/wulonghui/.m2/repository/com/youzan/pay/assetcenter.api/0.0.9-20170817-SNAPSHOT/assetcenter.api-0.0.9-20170817-SNAPSHOT.jar!/com/youzan/pay/assetcenter/api/result/WithdrawApplyResult.class], URL [jar:file:/Users/wulonghui/.m2/repository/com/youzan/pay/assetcenter.api/0.0.9-20170817-SNAPSHOT/assetcenter.api-0.0.9-20170817-SNAPSHOT.jar!/com/youzan/pay/assetcenter/api/result/WithdrawCustQueryResult.class], URL [jar:file:/Users/wulonghui/.m2/repository/com/youzan/pay/assetcenter.api/0.0.9-20170817-SNAPSHOT/assetcenter.api-0.0.9-20170817-SNAPSHOT.jar!/com/youzan/pay/assetcenter/api/result/WithdrawSingleQueryResult.class], URL [jar:file:/Users/wulonghui/.m2/repository/com/youzan/pay/assetcenter.api/0.0.9-20170817-SNAPSHOT/assetcenter.api-0.0.9-20170817-SNAPSHOT.jar!/com/youzan/pay/assetcenter/api/UnifiedOrderQueryService.class], URL [jar:file:/Users/wulonghui/.m2/repository/com/youzan/pay/assetcenter.api/0.0.9-20170817-SNAPSHOT/assetcenter.api-0.0.9-20170817-SNAPSHOT.jar!/com/youzan/pay/assetcenter/api/UnifiedOrderService.class], URL [jar:file:/Users/wulonghui/.m2/repository/com/youzan/pay/assetcenter.api/0.0.9-20170817-SNAPSHOT/assetcenter.api-0.0.9-20170817-SNAPSHOT.jar!/com/youzan/pay/assetcenter/api/UnifiedPayService.class], URL [jar:file:/Users/wulonghui/.m2/repository/com/youzan/pay/assetcenter.spi/0.0.9-20170817-SNAPSHOT/assetcenter.spi-0.0.9-20170817-SNAPSHOT.jar!/com/youzan/pay/assetcenter/service/spi/BalancePayToolSpi.class], URL [jar:file:/Users/wulonghui/.m2/repository/com/youzan/pay/assetcenter.spi/0.0.9-20170817-SNAPSHOT/assetcenter.spi-0.0.9-20170817-SNAPSHOT.jar!/com/youzan/pay/assetcenter/service/spi/CardPayToolSpi.class], URL [jar:file:/Users/wulonghui/.m2/repository/com/youzan/pay/assetcenter.spi/0.0.9-20170817-SNAPSHOT/assetcenter.spi-0.0.9-20170817-SNAPSHOT.jar!/com/youzan/pay/assetcenter/service/spi/constants/EnvironmentConstants.class], URL [jar:file:/Users/wulonghui/.m2/repository/com/youzan/pay/assetcenter.spi/0.0.9-20170817-SNAPSHOT/assetcenter.spi-0.0.9-20170817-SNAPSHOT.jar!/com/youzan/pay/assetcenter/service/spi/constants/ErrorConstants.class], URL [jar:file:/Users/wulonghui/.m2/repository/com/youzan/pay/assetcenter.spi/0.0.9-20170817-SNAPSHOT/assetcenter.spi-0.0.9-20170817-SNAPSHOT.jar!/com/youzan/pay/assetcenter/service/spi/constants/ExtraKeyConstants.class], URL [jar:file:/Users/wulonghui/.m2/repository/com/youzan/pay/assetcenter.spi/0.0.9-20170817-SNAPSHOT/assetcenter.spi-0.0.9-20170817-SNAPSHOT.jar!/com/youzan/pay/assetcenter/service/spi/constants/PayChannelApiConstants.class], URL [jar:file:/Users/wulonghui/.m2/repository/com/youzan/pay/assetcenter.spi/0.0.9-20170817-SNAPSHOT/assetcenter.spi-0.0.9-20170817-SNAPSHOT.jar!/com/youzan/pay/assetcenter/service/spi/ECardPayToolSpi.class], URL [jar:file:/Users/wulonghui/.m2/repository/com/youzan/pay/assetcenter.spi/0.0.9-20170817-SNAPSHOT/assetcenter.spi-0.0.9-20170817-SNAPSHOT.jar!/com/youzan/pay/assetcenter/service/spi/enums/AccountOperateResultCode.class], URL [jar:file:/Users/wulonghui/.m2/repository/com/youzan/pay/assetcenter.spi/0.0.9-20170817-SNAPSHOT/assetcenter.spi-0.0.9-20170817-SNAPSHOT.jar!/com/youzan/pay/assetcenter/service/spi/enums/CurrencyCode.class], URL [jar:file:/Users/wulonghui/.m2/repository/com/youzan/pay/assetcenter.spi/0.0.9-20170817-SNAPSHOT/assetcenter.spi-0.0.9-20170817-SNAPSHOT.jar!/com/youzan/pay/assetcenter/service/spi/enums/PayToolPayStatus.class], URL [jar:file:/Users/wulonghui/.m2/repository/com/youzan/pay/assetcenter.spi/0.0.9-20170817-SNAPSHOT/assetcenter.spi-0.0.9-20170817-SNAPSHOT.jar!/com/youzan/pay/assetcenter/service/spi/enums/PayToolRefundStatus.class], URL [jar:file:/Users/wulonghui/.m2/repository/com/youzan/pay/assetcenter.spi/0.0.9-20170817-SNAPSHOT/assetcenter.spi-0.0.9-20170817-SNAPSHOT.jar!/com/youzan/pay/assetcenter/service/spi/enums/PayToolRevokeStatus.class], URL [jar:file:/Users/wulonghui/.m2/repository/com/youzan/pay/assetcenter.spi/0.0.9-20170817-SNAPSHOT/assetcenter.spi-0.0.9-20170817-SNAPSHOT.jar!/com/youzan/pay/assetcenter/service/spi/enums/PayToolTypeEnum.class], URL [jar:file:/Users/wulonghui/.m2/repository/com/youzan/pay/assetcenter.spi/0.0.9-20170817-SNAPSHOT/assetcenter.spi-0.0.9-20170817-SNAPSHOT.jar!/com/youzan/pay/assetcenter/service/spi/enums/PayToolWithdrawStatus.class], URL [jar:file:/Users/wulonghui/.m2/repository/com/youzan/pay/assetcenter.spi/0.0.9-20170817-SNAPSHOT/assetcenter.spi-0.0.9-20170817-SNAPSHOT.jar!/com/youzan/pay/assetcenter/service/spi/PayToolStandardSpi.class], URL [jar:file:/Users/wulonghui/.m2/repository/com/youzan/pay/assetcenter.spi/0.0.9-20170817-SNAPSHOT/assetcenter.spi-0.0.9-20170817-SNAPSHOT.jar!/com/youzan/pay/assetcenter/service/spi/PayToolWithdrawSpi.class], URL [jar:file:/Users/wulonghui/.m2/repository/com/youzan/pay/assetcenter.spi/0.0.9-20170817-SNAPSHOT/assetcenter.spi-0.0.9-20170817-SNAPSHOT.jar!/com/youzan/pay/assetcenter/service/spi/PrepaidPayToolSpi.class], URL [jar:file:/Users/wulonghui/.m2/repository/com/youzan/pay/assetcenter.spi/0.0.9-20170817-SNAPSHOT/assetcenter.spi-0.0.9-20170817-SNAPSHOT.jar!/com/youzan/pay/assetcenter/service/spi/request/BaseRequest.class], URL [jar:file:/Users/wulonghui/.m2/repository/com/youzan/pay/assetcenter.spi/0.0.9-20170817-SNAPSHOT/assetcenter.spi-0.0.9-20170817-SNAPSHOT.jar!/com/youzan/pay/assetcenter/service/spi/request/Money.class], URL [jar:file:/Users/wulonghui/.m2/repository/com/youzan/pay/assetcenter.spi/0.0.9-20170817-SNAPSHOT/assetcenter.spi-0.0.9-20170817-SNAPSHOT.jar!/com/youzan/pay/assetcenter/service/spi/request/PayToolPayQueryRequest.class], URL [jar:file:/Users/wulonghui/.m2/repository/com/youzan/pay/assetcenter.spi/0.0.9-20170817-SNAPSHOT/assetcenter.spi-0.0.9-20170817-SNAPSHOT.jar!/com/youzan/pay/assetcenter/service/spi/request/PayToolPayRequest.class], URL [jar:file:/Users/wulonghui/.m2/repository/com/youzan/pay/assetcenter.spi/0.0.9-20170817-SNAPSHOT/assetcenter.spi-0.0.9-20170817-SNAPSHOT.jar!/com/youzan/pay/assetcenter/service/spi/request/PayToolRefundQueryRequest.class], URL [jar:file:/Users/wulonghui/.m2/repository/com/youzan/pay/assetcenter.spi/0.0.9-20170817-SNAPSHOT/assetcenter.spi-0.0.9-20170817-SNAPSHOT.jar!/com/youzan/pay/assetcenter/service/spi/request/PayToolRefundRequest.class], URL [jar:file:/Users/wulonghui/.m2/repository/com/youzan/pay/assetcenter.spi/0.0.9-20170817-SNAPSHOT/assetcenter.spi-0.0.9-20170817-SNAPSHOT.jar!/com/youzan/pay/assetcenter/service/spi/request/PayToolRevokeRequest.class], URL [jar:file:/Users/wulonghui/.m2/repository/com/youzan/pay/assetcenter.spi/0.0.9-20170817-SNAPSHOT/assetcenter.spi-0.0.9-20170817-SNAPSHOT.jar!/com/youzan/pay/assetcenter/service/spi/request/PayToolWithdrawQueryRequest.class], URL [jar:file:/Users/wulonghui/.m2/repository/com/youzan/pay/assetcenter.spi/0.0.9-20170817-SNAPSHOT/assetcenter.spi-0.0.9-20170817-SNAPSHOT.jar!/com/youzan/pay/assetcenter/service/spi/request/PayToolWithdrawRequest$ExtentionKey.class], URL [jar:file:/Users/wulonghui/.m2/repository/com/youzan/pay/assetcenter.spi/0.0.9-20170817-SNAPSHOT/assetcenter.spi-0.0.9-20170817-SNAPSHOT.jar!/com/youzan/pay/assetcenter/service/spi/request/PayToolWithdrawRequest.class], URL [jar:file:/Users/wulonghui/.m2/repository/com/youzan/pay/assetcenter.spi/0.0.9-20170817-SNAPSHOT/assetcenter.spi-0.0.9-20170817-SNAPSHOT.jar!/com/youzan/pay/assetcenter/service/spi/request/TraceContext.class], URL [jar:file:/Users/wulonghui/.m2/repository/com/youzan/pay/assetcenter.spi/0.0.9-20170817-SNAPSHOT/assetcenter.spi-0.0.9-20170817-SNAPSHOT.jar!/com/youzan/pay/assetcenter/service/spi/Result/AccountOperationResult.class], URL [jar:file:/Users/wulonghui/.m2/repository/com/youzan/pay/assetcenter.spi/0.0.9-20170817-SNAPSHOT/assetcenter.spi-0.0.9-20170817-SNAPSHOT.jar!/com/youzan/pay/assetcenter/service/spi/Result/AccountResult.class], URL [jar:file:/Users/wulonghui/.m2/repository/com/youzan/pay/assetcenter.spi/0.0.9-20170817-SNAPSHOT/assetcenter.spi-0.0.9-20170817-SNAPSHOT.jar!/com/youzan/pay/assetcenter/service/spi/Result/BaseResult.class], URL [jar:file:/Users/wulonghui/.m2/repository/com/youzan/pay/assetcenter.spi/0.0.9-20170817-SNAPSHOT/assetcenter.spi-0.0.9-20170817-SNAPSHOT.jar!/com/youzan/pay/assetcenter/service/spi/Result/CommonError.class], URL [jar:file:/Users/wulonghui/.m2/repository/com/youzan/pay/assetcenter.spi/0.0.9-20170817-SNAPSHOT/assetcenter.spi-0.0.9-20170817-SNAPSHOT.jar!/com/youzan/pay/assetcenter/service/spi/Result/ErrorContext.class], URL [jar:file:/Users/wulonghui/.m2/repository/com/youzan/pay/assetcenter.spi/0.0.9-20170817-SNAPSHOT/assetcenter.spi-0.0.9-20170817-SNAPSHOT.jar!/com/youzan/pay/assetcenter/service/spi/Result/HttpResult.class], URL [jar:file:/Users/wulonghui/.m2/repository/com/youzan/pay/assetcenter.spi/0.0.9-20170817-SNAPSHOT/assetcenter.spi-0.0.9-20170817-SNAPSHOT.jar!/com/youzan/pay/assetcenter/service/spi/Result/MircoAccountResult.class], URL [jar:file:/Users/wulonghui/.m2/repository/com/youzan/pay/assetcenter.spi/0.0.9-20170817-SNAPSHOT/assetcenter.spi-0.0.9-20170817-SNAPSHOT.jar!/com/youzan/pay/assetcenter/service/spi/Result/PayToolPayResult.class], URL [jar:file:/Users/wulonghui/.m2/repository/com/youzan/pay/assetcenter.spi/0.0.9-20170817-SNAPSHOT/assetcenter.spi-0.0.9-20170817-SNAPSHOT.jar!/com/youzan/pay/assetcenter/service/spi/Result/PayToolRefundQueryResult.class], URL [jar:file:/Users/wulonghui/.m2/repository/com/youzan/pay/assetcenter.spi/0.0.9-20170817-SNAPSHOT/assetcenter.spi-0.0.9-20170817-SNAPSHOT.jar!/com/youzan/pay/assetcenter/service/spi/Result/PayToolRefundResult.class], URL [jar:file:/Users/wulonghui/.m2/repository/com/youzan/pay/assetcenter.spi/0.0.9-20170817-SNAPSHOT/assetcenter.spi-0.0.9-20170817-SNAPSHOT.jar!/com/youzan/pay/assetcenter/service/spi/Result/PayToolRevokeResult.class], URL [jar:file:/Users/wulonghui/.m2/repository/com/youzan/pay/assetcenter.spi/0.0.9-20170817-SNAPSHOT/assetcenter.spi-0.0.9-20170817-SNAPSHOT.jar!/com/youzan/pay/assetcenter/service/spi/Result/PayToolWithdrawResult.class], URL [jar:file:/Users/wulonghui/.m2/repository/com/youzan/pay/assetcenter.spi/0.0.9-20170817-SNAPSHOT/assetcenter.spi-0.0.9-20170817-SNAPSHOT.jar!/com/youzan/pay/assetcenter/service/spi/UnifiedPrepaidCardPayToolSpi.class], URL [jar:file:/Users/wulonghui/.m2/repository/com/youzan/pay/core/core-validate/1.0.2-20170515-RELEASE/core-validate-1.0.2-20170515-RELEASE.jar!/com/youzan/pay/core/validate/constraints/InEnum.class], URL [jar:file:/Users/wulonghui/.m2/repository/com/youzan/pay/core/core-validate/1.0.2-20170515-RELEASE/core-validate-1.0.2-20170515-RELEASE.jar!/com/youzan/pay/core/validate/constraints/InEnumValidator.class], URL [jar:file:/Users/wulonghui/.m2/repository/com/youzan/pay/microaccount-api/0.2.6-20170801-SNAPSHOT/microaccount-api-0.2.6-20170801-SNAPSHOT.jar!/com/youzan/pay/microaccount/prepaidcard/error/CommonError.class], URL [jar:file:/Users/wulonghui/.m2/repository/com/youzan/pay/microaccount-api/0.2.6-20170801-SNAPSHOT/microaccount-api-0.2.6-20170801-SNAPSHOT.jar!/com/youzan/pay/microaccount/prepaidcard/error/MicroAccountErrorCode.class], URL [jar:file:/Users/wulonghui/.m2/repository/com/youzan/pay/microaccount-api/0.2.6-20170801-SNAPSHOT/microaccount-api-0.2.6-20170801-SNAPSHOT.jar!/com/youzan/pay/microaccount/prepaidcard/exception/BizException.class], URL [jar:file:/Users/wulonghui/.m2/repository/com/youzan/pay/microaccount-api/0.2.6-20170801-SNAPSHOT/microaccount-api-0.2.6-20170801-SNAPSHOT.jar!/com/youzan/pay/microaccount/prepaidcard/exception/BizIdempotentException.class], URL [jar:file:/Users/wulonghui/.m2/repository/com/youzan/pay/microaccount-api/0.2.6-20170801-SNAPSHOT/microaccount-api-0.2.6-20170801-SNAPSHOT.jar!/com/youzan/pay/microaccount/prepaidcard/exception/InternalSystemException.class], URL [jar:file:/Users/wulonghui/.m2/repository/com/youzan/pay/microaccount-api/0.2.6-20170801-SNAPSHOT/microaccount-api-0.2.6-20170801-SNAPSHOT.jar!/com/youzan/pay/microaccount/prepaidcard/exception/NoRetryException.class], URL [jar:file:/Users/wulonghui/.m2/repository/com/youzan/pay/microaccount-api/0.2.6-20170801-SNAPSHOT/microaccount-api-0.2.6-20170801-SNAPSHOT.jar!/com/youzan/pay/microaccount/prepaidcard/exception/TradeBusinessException.class], URL [jar:file:/Users/wulonghui/.m2/repository/com/youzan/pay/microaccount-api/0.2.6-20170801-SNAPSHOT/microaccount-api-0.2.6-20170801-SNAPSHOT.jar!/com/youzan/pay/microaccount/prepaidcard/exception/TradeQueryException.class], URL [jar:file:/Users/wulonghui/.m2/repository/com/youzan/pay/microaccount-api/0.2.6-20170801-SNAPSHOT/microaccount-api-0.2.6-20170801-SNAPSHOT.jar!/com/youzan/pay/microaccount/prepaidcard/exception/TransferBussinessException.class], URL [jar:file:/Users/wulonghui/.m2/repository/com/youzan/pay/microaccount-api/0.2.6-20170801-SNAPSHOT/microaccount-api-0.2.6-20170801-SNAPSHOT.jar!/com/youzan/pay/microaccount/prepaidcard/params/base/ValidateParmeter.class], URL [jar:file:/Users/wulonghui/.m2/repository/com/youzan/pay/microaccount-api/0.2.6-20170801-SNAPSHOT/microaccount-api-0.2.6-20170801-SNAPSHOT.jar!/com/youzan/pay/microaccount/prepaidcard/params/PaymentParam.class], URL [jar:file:/Users/wulonghui/.m2/repository/com/youzan/pay/microaccount-api/0.2.6-20170801-SNAPSHOT/microaccount-api-0.2.6-20170801-SNAPSHOT.jar!/com/youzan/pay/microaccount/prepaidcard/params/RechargeParam.class], URL [jar:file:/Users/wulonghui/.m2/repository/com/youzan/pay/microaccount-api/0.2.6-20170801-SNAPSHOT/microaccount-api-0.2.6-20170801-SNAPSHOT.jar!/com/youzan/pay/microaccount/prepaidcard/params/RefundParam.class], URL [jar:file:/Users/wulonghui/.m2/repository/com/youzan/pay/microaccount-api/0.2.6-20170801-SNAPSHOT/microaccount-api-0.2.6-20170801-SNAPSHOT.jar!/com/youzan/pay/microaccount/prepaidcard/params/TradeExtParam.class], URL [jar:file:/Users/wulonghui/.m2/repository/com/youzan/pay/microaccount-api/0.2.6-20170801-SNAPSHOT/microaccount-api-0.2.6-20170801-SNAPSHOT.jar!/com/youzan/pay/microaccount/prepaidcard/params/TradeParam.class], URL [jar:file:/Users/wulonghui/.m2/repository/com/youzan/pay/microaccount-api/0.2.6-20170801-SNAPSHOT/microaccount-api-0.2.6-20170801-SNAPSHOT.jar!/com/youzan/pay/microaccount/prepaidcard/params/TransferParam.class], URL [jar:file:/Users/wulonghui/.m2/repository/com/youzan/pay/microaccount-api/0.2.6-20170801-SNAPSHOT/microaccount-api-0.2.6-20170801-SNAPSHOT.jar!/com/youzan/pay/microaccount/prepaidcard/result/PageResult.class], URL [jar:file:/Users/wulonghui/.m2/repository/com/youzan/pay/microaccount-api/0.2.6-20170801-SNAPSHOT/microaccount-api-0.2.6-20170801-SNAPSHOT.jar!/com/youzan/pay/microaccount/prepaidcard/result/Result.class], URL [jar:file:/Users/wulonghui/.m2/repository/com/youzan/pay/microaccount-api/0.2.6-20170801-SNAPSHOT/microaccount-api-0.2.6-20170801-SNAPSHOT.jar!/com/youzan/pay/microaccount/prepaidcard/result/TradeResult.class], URL [jar:file:/Users/wulonghui/.m2/repository/com/youzan/pay/microaccount-api/0.2.6-20170801-SNAPSHOT/microaccount-api-0.2.6-20170801-SNAPSHOT.jar!/com/youzan/pay/microaccount/prepaidcard/service/AccountService.class], URL [jar:file:/Users/wulonghui/.m2/repository/com/youzan/pay/microaccount-api/0.2.6-20170801-SNAPSHOT/microaccount-api-0.2.6-20170801-SNAPSHOT.jar!/com/youzan/pay/microaccount/prepaidcard/service/TradeService.class], URL [jar:file:/Users/wulonghui/.m2/repository/com/youzan/pay/microaccount-api/0.2.6-20170801-SNAPSHOT/microaccount-api-0.2.6-20170801-SNAPSHOT.jar!/com/youzan/pay/microaccount/prepaidcard/SpringContext/AbstractSpringContext.class], URL [jar:file:/Users/wulonghui/.m2/repository/com/youzan/pay/microaccount-api/0.2.6-20170801-SNAPSHOT/microaccount-api-0.2.6-20170801-SNAPSHOT.jar!/com/youzan/pay/microaccount/prepaidcard/taskService/TaskService.class], URL [jar:file:/Users/wulonghui/.m2/repository/com/youzan/pay/microaccount-api/0.2.6-20170801-SNAPSHOT/microaccount-api-0.2.6-20170801-SNAPSHOT.jar!/com/youzan/pay/microaccount/prepaidcard/to/AccountLogTO.class], URL [jar:file:/Users/wulonghui/.m2/repository/com/youzan/pay/microaccount-api/0.2.6-20170801-SNAPSHOT/microaccount-api-0.2.6-20170801-SNAPSHOT.jar!/com/youzan/pay/microaccount/prepaidcard/to/AccountPayTO.class], URL [jar:file:/Users/wulonghui/.m2/repository/com/youzan/pay/microaccount-api/0.2.6-20170801-SNAPSHOT/microaccount-api-0.2.6-20170801-SNAPSHOT.jar!/com/youzan/pay/microaccount/prepaidcard/to/AccountTO.class], URL [jar:file:/Users/wulonghui/.m2/repository/com/youzan/pay/microaccount-api/0.2.6-20170801-SNAPSHOT/microaccount-api-0.2.6-20170801-SNAPSHOT.jar!/com/youzan/pay/microaccount/prepaidcard/to/TradeTO.class], URL [jar:file:/Users/wulonghui/.m2/repository/com/youzan/account-api/1.1.16-RELEASE/account-api-1.1.16-RELEASE.jar!/com/youzan/account/api/AdminService.class], URL [jar:file:/Users/wulonghui/.m2/repository/com/youzan/account-api/1.1.16-RELEASE/account-api-1.1.16-RELEASE.jar!/com/youzan/account/api/CountryCodeService.class], URL [jar:file:/Users/wulonghui/.m2/repository/com/youzan/account-api/1.1.16-RELEASE/account-api-1.1.16-RELEASE.jar!/com/youzan/account/api/dto/base/BaseResult.class], URL [jar:file:/Users/wulonghui/.m2/repository/com/youzan/account-api/1.1.16-RELEASE/account-api-1.1.16-RELEASE.jar!/com/youzan/account/api/dto/base/PageResult.class], URL [jar:file:/Users/wulonghui/.m2/repository/com/youzan/account-api/1.1.16-RELEASE/account-api-1.1.16-RELEASE.jar!/com/youzan/account/api/dto/CountryCodeDto$CountryCodeDtoBuilder.class], URL [jar:file:/Users/wulonghui/.m2/repository/com/youzan/account-api/1.1.16-RELEASE/account-api-1.1.16-RELEASE.jar!/com/youzan/account/api/dto/CountryCodeDto.class], URL [jar:file:/Users/wulonghui/.m2/repository/com/youzan/account-api/1.1.16-RELEASE/account-api-1.1.16-RELEASE.jar!/com/youzan/account/api/dto/CountryCodePyDto.class], URL [jar:file:/Users/wulonghui/.m2/repository/com/youzan/account-api/1.1.16-RELEASE/account-api-1.1.16-RELEASE.jar!/com/youzan/account/api/dto/merchant/GetUserIdRequestDTO.class], URL [jar:file:/Users/wulonghui/.m2/repository/com/youzan/account-api/1.1.16-RELEASE/account-api-1.1.16-RELEASE.jar!/com/youzan/account/api/dto/merchant/GetUserIdResponseDTO.class], URL [jar:file:/Users/wulonghui/.m2/repository/com/youzan/account-api/1.1.16-RELEASE/account-api-1.1.16-RELEASE.jar!/com/youzan/account/api/dto/merchant/UserMerchantDto.class], URL [jar:file:/Users/wulonghui/.m2/repository/com/youzan/account-api/1.1.16-RELEASE/account-api-1.1.16-RELEASE.jar!/com/youzan/account/api/dto/merchant/UserMerchantDtoRequest.class], URL [jar:file:/Users/wulonghui/.m2/repository/com/youzan/account-api/1.1.16-RELEASE/account-api-1.1.16-RELEASE.jar!/com/youzan/account/api/dto/merchant/UserMerchantDtoResponse.class], URL [jar:file:/Users/wulonghui/.m2/repository/com/youzan/account-api/1.1.16-RELEASE/account-api-1.1.16-RELEASE.jar!/com/youzan/account/api/dto/merchant/UserMerchantSinleRequest.class], URL [jar:file:/Users/wulonghui/.m2/repository/com/youzan/account-api/1.1.16-RELEASE/account-api-1.1.16-RELEASE.jar!/com/youzan/account/api/dto/PlatformUserDto$DftValue.class], URL [jar:file:/Users/wulonghui/.m2/repository/com/youzan/account-api/1.1.16-RELEASE/account-api-1.1.16-RELEASE.jar!/com/youzan/account/api/dto/PlatformUserDto$PlatformUserDtoBuilder.class], URL [jar:file:/Users/wulonghui/.m2/repository/com/youzan/account-api/1.1.16-RELEASE/account-api-1.1.16-RELEASE.jar!/com/youzan/account/api/dto/PlatformUserDto.class], URL [jar:file:/Users/wulonghui/.m2/repository/com/youzan/account-api/1.1.16-RELEASE/account-api-1.1.16-RELEASE.jar!/com/youzan/account/api/dto/PlatformUserInfoDto$PlatformUserInfoDtoBuilder.class], URL [jar:file:/Users/wulonghui/.m2/repository/com/youzan/account-api/1.1.16-RELEASE/account-api-1.1.16-RELEASE.jar!/com/youzan/account/api/dto/PlatformUserInfoDto.class], URL [jar:file:/Users/wulonghui/.m2/repository/com/youzan/account-api/1.1.16-RELEASE/account-api-1.1.16-RELEASE.jar!/com/youzan/account/api/dto/ResultDto.class], URL [jar:file:/Users/wulonghui/.m2/repository/com/youzan/account-api/1.1.16-RELEASE/account-api-1.1.16-RELEASE.jar!/com/youzan/account/api/dto/UserAddressDto.class], URL [jar:file:/Users/wulonghui/.m2/repository/com/youzan/account-api/1.1.16-RELEASE/account-api-1.1.16-RELEASE.jar!/com/youzan/account/api/dto/UserContactDto$UserContactDtoBuilder.class], URL [jar:file:/Users/wulonghui/.m2/repository/com/youzan/account-api/1.1.16-RELEASE/account-api-1.1.16-RELEASE.jar!/com/youzan/account/api/dto/UserContactDto.class], URL [jar:file:/Users/wulonghui/.m2/repository/com/youzan/account-api/1.1.16-RELEASE/account-api-1.1.16-RELEASE.jar!/com/youzan/account/api/dto/UserDetailDto$UserDetailDtoBuilder.class], URL [jar:file:/Users/wulonghui/.m2/repository/com/youzan/account-api/1.1.16-RELEASE/account-api-1.1.16-RELEASE.jar!/com/youzan/account/api/dto/UserDetailDto.class], URL [jar:file:/Users/wulonghui/.m2/repository/com/youzan/account-api/1.1.16-RELEASE/account-api-1.1.16-RELEASE.jar!/com/youzan/account/api/dto/UserFansBindDto$UserFansBindDtoBuilder.class], URL [jar:file:/Users/wulonghui/.m2/repository/com/youzan/account-api/1.1.16-RELEASE/account-api-1.1.16-RELEASE.jar!/com/youzan/account/api/dto/UserFansBindDto.class], URL [jar:file:/Users/wulonghui/.m2/repository/com/youzan/account-api/1.1.16-RELEASE/account-api-1.1.16-RELEASE.jar!/com/youzan/account/api/dto/UserInfoDto$UserInfoDtoBuilder.class], URL [jar:file:/Users/wulonghui/.m2/repository/com/youzan/account-api/1.1.16-RELEASE/account-api-1.1.16-RELEASE.jar!/com/youzan/account/api/dto/UserInfoDto.class], URL [jar:file:/Users/wulonghui/.m2/repository/com/youzan/account-api/1.1.16-RELEASE/account-api-1.1.16-RELEASE.jar!/com/youzan/account/api/dto/UserLoginDto$UserLoginDtoBuilder.class], URL [jar:file:/Users/wulonghui/.m2/repository/com/youzan/account-api/1.1.16-RELEASE/account-api-1.1.16-RELEASE.jar!/com/youzan/account/api/dto/UserLoginDto.class], URL [jar:file:/Users/wulonghui/.m2/repository/com/youzan/account-api/1.1.16-RELEASE/account-api-1.1.16-RELEASE.jar!/com/youzan/account/api/dto/UserPasswordDto$UserPasswordDtoBuilder.class], URL [jar:file:/Users/wulonghui/.m2/repository/com/youzan/account-api/1.1.16-RELEASE/account-api-1.1.16-RELEASE.jar!/com/youzan/account/api/dto/UserPasswordDto.class], URL [jar:file:/Users/wulonghui/.m2/repository/com/youzan/account-api/1.1.16-RELEASE/account-api-1.1.16-RELEASE.jar!/com/youzan/account/api/dto/UserSimpleDto$UserSimpleDtoBuilder.class], URL [jar:file:/Users/wulonghui/.m2/repository/com/youzan/account-api/1.1.16-RELEASE/account-api-1.1.16-RELEASE.jar!/com/youzan/account/api/dto/UserSimpleDto.class], URL [jar:file:/Users/wulonghui/.m2/repository/com/youzan/account-api/1.1.16-RELEASE/account-api-1.1.16-RELEASE.jar!/com/youzan/account/api/dto/UserTagDictionaryDto.class], URL [jar:file:/Users/wulonghui/.m2/repository/com/youzan/account-api/1.1.16-RELEASE/account-api-1.1.16-RELEASE.jar!/com/youzan/account/api/dto/UserTagDto.class], URL [jar:file:/Users/wulonghui/.m2/repository/com/youzan/account-api/1.1.16-RELEASE/account-api-1.1.16-RELEASE.jar!/com/youzan/account/api/dto/UserTagValueDto.class], URL [jar:file:/Users/wulonghui/.m2/repository/com/youzan/account-api/1.1.16-RELEASE/account-api-1.1.16-RELEASE.jar!/com/youzan/account/api/fans/dto/FansDto$FansDtoBuilder.class], URL [jar:file:/Users/wulonghui/.m2/repository/com/youzan/account-api/1.1.16-RELEASE/account-api-1.1.16-RELEASE.jar!/com/youzan/account/api/fans/dto/FansDto.class], URL [jar:file:/Users/wulonghui/.m2/repository/com/youzan/account-api/1.1.16-RELEASE/account-api-1.1.16-RELEASE.jar!/com/youzan/account/api/fans/dto/KdtUaDto$KdtUaDtoBuilder.class], URL [jar:file:/Users/wulonghui/.m2/repository/com/youzan/account-api/1.1.16-RELEASE/account-api-1.1.16-RELEASE.jar!/com/youzan/account/api/fans/dto/KdtUaDto.class], URL [jar:file:/Users/wulonghui/.m2/repository/com/youzan/account-api/1.1.16-RELEASE/account-api-1.1.16-RELEASE.jar!/com/youzan/account/api/fans/dto/KdtUserFansDto$KdtUserFansDtoBuilder.class], URL [jar:file:/Users/wulonghui/.m2/repository/com/youzan/account-api/1.1.16-RELEASE/account-api-1.1.16-RELEASE.jar!/com/youzan/account/api/fans/dto/KdtUserFansDto.class], URL [jar:file:/Users/wulonghui/.m2/repository/com/youzan/account-api/1.1.16-RELEASE/account-api-1.1.16-RELEASE.jar!/com/youzan/account/api/fans/KdtUaService.class], URL [jar:file:/Users/wulonghui/.m2/repository/com/youzan/account-api/1.1.16-RELEASE/account-api-1.1.16-RELEASE.jar!/com/youzan/account/api/fans/KdtUserFansService.class], URL [jar:file:/Users/wulonghui/.m2/repository/com/youzan/account-api/1.1.16-RELEASE/account-api-1.1.16-RELEASE.jar!/com/youzan/account/api/PlatformUserReadService.class], URL [jar:file:/Users/wulonghui/.m2/repository/com/youzan/account-api/1.1.16-RELEASE/account-api-1.1.16-RELEASE.jar!/com/youzan/account/api/PlatformUserService.class], URL [jar:file:/Users/wulonghui/.m2/repository/com/youzan/account-api/1.1.16-RELEASE/account-api-1.1.16-RELEASE.jar!/com/youzan/account/api/PlatformUserWriteService.class], URL [jar:file:/Users/wulonghui/.m2/repository/com/youzan/account-api/1.1.16-RELEASE/account-api-1.1.16-RELEASE.jar!/com/youzan/account/api/query/base/BaseQuery.class], URL [jar:file:/Users/wulonghui/.m2/repository/com/youzan/account-api/1.1.16-RELEASE/account-api-1.1.16-RELEASE.jar!/com/youzan/account/api/query/KdtUserFansQuery$KdtUserFansQueryBuilder.class], URL [jar:file:/Users/wulonghui/.m2/repository/com/youzan/account-api/1.1.16-RELEASE/account-api-1.1.16-RELEASE.jar!/com/youzan/account/api/query/KdtUserFansQuery.class], URL [jar:file:/Users/wulonghui/.m2/repository/com/youzan/account-api/1.1.16-RELEASE/account-api-1.1.16-RELEASE.jar!/com/youzan/account/api/query/UserConditionQuery.class], URL [jar:file:/Users/wulonghui/.m2/repository/com/youzan/account-api/1.1.16-RELEASE/account-api-1.1.16-RELEASE.jar!/com/youzan/account/api/query/UserInfoQuery$UserInfoQueryBuilder.class], URL [jar:file:/Users/wulonghui/.m2/repository/com/youzan/account-api/1.1.16-RELEASE/account-api-1.1.16-RELEASE.jar!/com/youzan/account/api/query/UserInfoQuery.class], URL [jar:file:/Users/wulonghui/.m2/repository/com/youzan/account-api/1.1.16-RELEASE/account-api-1.1.16-RELEASE.jar!/com/youzan/account/api/request/CountryCodeQueryRequest.class], URL [jar:file:/Users/wulonghui/.m2/repository/com/youzan/account-api/1.1.16-RELEASE/account-api-1.1.16-RELEASE.jar!/com/youzan/account/api/UserAddressReadService.class], URL [jar:file:/Users/wulonghui/.m2/repository/com/youzan/account-api/1.1.16-RELEASE/account-api-1.1.16-RELEASE.jar!/com/youzan/account/api/UserAddressWriteService.class], URL [jar:file:/Users/wulonghui/.m2/repository/com/youzan/account-api/1.1.16-RELEASE/account-api-1.1.16-RELEASE.jar!/com/youzan/account/api/UserContactService.class], URL [jar:file:/Users/wulonghui/.m2/repository/com/youzan/account-api/1.1.16-RELEASE/account-api-1.1.16-RELEASE.jar!/com/youzan/account/api/UserMerchantService.class], URL [jar:file:/Users/wulonghui/.m2/repository/com/youzan/account-api/1.1.16-RELEASE/account-api-1.1.16-RELEASE.jar!/com/youzan/account/api/UserReadService.class], URL [jar:file:/Users/wulonghui/.m2/repository/com/youzan/account-api/1.1.16-RELEASE/account-api-1.1.16-RELEASE.jar!/com/youzan/account/api/UserTagDicWriteService.class], URL [jar:file:/Users/wulonghui/.m2/repository/com/youzan/account-api/1.1.16-RELEASE/account-api-1.1.16-RELEASE.jar!/com/youzan/account/api/UserTagReadService.class], URL [jar:file:/Users/wulonghui/.m2/repository/com/youzan/account-api/1.1.16-RELEASE/account-api-1.1.16-RELEASE.jar!/com/youzan/account/api/UserTagWriteService.class], URL [jar:file:/Users/wulonghui/.m2/repository/com/youzan/account-api/1.1.16-RELEASE/account-api-1.1.16-RELEASE.jar!/com/youzan/account/api/UserWriteService.class], URL [jar:file:/Users/wulonghui/.m2/repository/com/youzan/account-api/1.1.16-RELEASE/account-api-1.1.16-RELEASE.jar!/com/youzan/account/domain/Admin$AdminBuilder.class], URL [jar:file:/Users/wulonghui/.m2/repository/com/youzan/account-api/1.1.16-RELEASE/account-api-1.1.16-RELEASE.jar!/com/youzan/account/domain/Admin.class], URL [jar:file:/Users/wulonghui/.m2/repository/com/youzan/account-api/1.1.16-RELEASE/account-api-1.1.16-RELEASE.jar!/com/youzan/account/domain/AdminSimple$AdminSimpleBuilder.class], URL [jar:file:/Users/wulonghui/.m2/repository/com/youzan/account-api/1.1.16-RELEASE/account-api-1.1.16-RELEASE.jar!/com/youzan/account/domain/AdminSimple.class], URL [jar:file:/Users/wulonghui/.m2/repository/com/youzan/account-api/1.1.16-RELEASE/account-api-1.1.16-RELEASE.jar!/com/youzan/uic/api/common/fans/FansQueryService.class], URL [jar:file:/Users/wulonghui/.m2/repository/com/youzan/account-api/1.1.16-RELEASE/account-api-1.1.16-RELEASE.jar!/com/youzan/uic/api/dto/FansInfoDto$FansInfoDtoBuilder.class], URL [jar:file:/Users/wulonghui/.m2/repository/com/youzan/account-api/1.1.16-RELEASE/account-api-1.1.16-RELEASE.jar!/com/youzan/uic/api/dto/FansInfoDto.class], URL [jar:file:/Users/wulonghui/.m2/repository/com/youzan/account-api/1.1.16-RELEASE/account-api-1.1.16-RELEASE.jar!/com/youzan/uic/api/exception/CommonExceptionEnum.class], URL [jar:file:/Users/wulonghui/.m2/repository/com/youzan/account-api/1.1.16-RELEASE/account-api-1.1.16-RELEASE.jar!/com/youzan/uic/api/exception/KdtUserFansExceptionEnum.class], URL [jar:file:/Users/wulonghui/.m2/repository/com/youzan/account-api/1.1.16-RELEASE/account-api-1.1.16-RELEASE.jar!/com/youzan/uic/api/exception/UserAddressExceptionEnum.class], URL [jar:file:/Users/wulonghui/.m2/repository/com/youzan/account-api/1.1.16-RELEASE/account-api-1.1.16-RELEASE.jar!/com/youzan/uic/api/exception/UserExceptionEnum.class], URL [jar:file:/Users/wulonghui/.m2/repository/com/youzan/account-api/1.1.16-RELEASE/account-api-1.1.16-RELEASE.jar!/com/youzan/uic/api/exception/UserSafeCheckExceptionEnum.class], URL [jar:file:/Users/wulonghui/.m2/repository/com/youzan/account-api/1.1.16-RELEASE/account-api-1.1.16-RELEASE.jar!/com/youzan/uic/api/exception/UserSecurityExceptionEnum.class], URL [jar:file:/Users/wulonghui/.m2/repository/com/youzan/account-api/1.1.16-RELEASE/account-api-1.1.16-RELEASE.jar!/com/youzan/uic/api/exception/UserTagExceptionEnum.class], URL [jar:file:/Users/wulonghui/.m2/repository/com/youzan/account-api/1.1.16-RELEASE/account-api-1.1.16-RELEASE.jar!/com/youzan/uic/api/request/common/fans/FansQueryByFans$FansQueryByFansBuilder.class], URL [jar:file:/Users/wulonghui/.m2/repository/com/youzan/account-api/1.1.16-RELEASE/account-api-1.1.16-RELEASE.jar!/com/youzan/uic/api/request/common/fans/FansQueryByFans.class], URL [jar:file:/Users/wulonghui/.m2/repository/com/youzan/account-api/1.1.16-RELEASE/account-api-1.1.16-RELEASE.jar!/com/youzan/uic/api/request/common/fans/FansQueryByUser$FansQueryByUserBuilder.class], URL [jar:file:/Users/wulonghui/.m2/repository/com/youzan/account-api/1.1.16-RELEASE/account-api-1.1.16-RELEASE.jar!/com/youzan/uic/api/request/common/fans/FansQueryByUser.class], URL [jar:file:/Users/wulonghui/.m2/repository/com/youzan/account-api/1.1.16-RELEASE/account-api-1.1.16-RELEASE.jar!/com/youzan/uic/api/request/common/fans/FansQueryInfo$FansQueryInfoBuilder.class], URL [jar:file:/Users/wulonghui/.m2/repository/com/youzan/account-api/1.1.16-RELEASE/account-api-1.1.16-RELEASE.jar!/com/youzan/uic/api/request/common/fans/FansQueryInfo.class], URL [jar:file:/Users/wulonghui/.m2/repository/com/youzan/account-api/1.1.16-RELEASE/account-api-1.1.16-RELEASE.jar!/com/youzan/uic/api/request/common/FansPlatformType.class], URL [jar:file:/Users/wulonghui/.m2/repository/com/youzan/account-api/1.1.16-RELEASE/account-api-1.1.16-RELEASE.jar!/com/youzan/uic/api/request/QueryUserRequest$QueryUserRequestBuilder.class], URL [jar:file:/Users/wulonghui/.m2/repository/com/youzan/account-api/1.1.16-RELEASE/account-api-1.1.16-RELEASE.jar!/com/youzan/uic/api/request/QueryUserRequest.class], URL [jar:file:/Users/wulonghui/.m2/repository/com/youzan/account-api/1.1.16-RELEASE/account-api-1.1.16-RELEASE.jar!/com/youzan/uic/api/request/security/UserSecurityInfo$UserSecurityInfoBuilder.class], URL [jar:file:/Users/wulonghui/.m2/repository/com/youzan/account-api/1.1.16-RELEASE/account-api-1.1.16-RELEASE.jar!/com/youzan/uic/api/request/security/UserSecurityInfo.class], URL [jar:file:/Users/wulonghui/.m2/repository/com/youzan/account-api/1.1.16-RELEASE/account-api-1.1.16-RELEASE.jar!/com/youzan/uic/api/security/UserSecurityService.class], URL [jar:file:/Users/wulonghui/.m2/repository/com/youzan/account-api/1.1.16-RELEASE/account-api-1.1.16-RELEASE.jar!/com/youzan/uic/api/UserService.class], URL [jar:file:/Users/wulonghui/.m2/repository/com/youzan/common-model/1.0.1-SNAPSHOT/common-model-1.0.1-SNAPSHOT.jar!/com/youzan/api/common/enums/IErrorCode.class], URL [jar:file:/Users/wulonghui/.m2/repository/com/youzan/common-model/1.0.1-SNAPSHOT/common-model-1.0.1-SNAPSHOT.jar!/com/youzan/api/common/request/BaseRequest.class], URL [jar:file:/Users/wulonghui/.m2/repository/com/youzan/common-model/1.0.1-SNAPSHOT/common-model-1.0.1-SNAPSHOT.jar!/com/youzan/api/common/response/BaseResult.class], URL [jar:file:/Users/wulonghui/.m2/repository/com/youzan/common-model/1.0.1-SNAPSHOT/common-model-1.0.1-SNAPSHOT.jar!/com/youzan/api/common/response/CommonResultCode.class], URL [jar:file:/Users/wulonghui/.m2/repository/com/youzan/common-model/1.0.1-SNAPSHOT/common-model-1.0.1-SNAPSHOT.jar!/com/youzan/api/common/response/DataResult.class], URL [jar:file:/Users/wulonghui/.m2/repository/com/youzan/common-model/1.0.1-SNAPSHOT/common-model-1.0.1-SNAPSHOT.jar!/com/youzan/api/common/response/ListResult.class], URL [jar:file:/Users/wulonghui/.m2/repository/com/youzan/common-model/1.0.1-SNAPSHOT/common-model-1.0.1-SNAPSHOT.jar!/com/youzan/api/common/response/MapResult.class], URL [jar:file:/Users/wulonghui/.m2/repository/com/youzan/common-model/1.0.1-SNAPSHOT/common-model-1.0.1-SNAPSHOT.jar!/com/youzan/api/common/response/Paginator.class], URL [jar:file:/Users/wulonghui/.m2/repository/com/youzan/common-model/1.0.1-SNAPSHOT/common-model-1.0.1-SNAPSHOT.jar!/com/youzan/api/common/response/PaginatorResult.class], URL [jar:file:/Users/wulonghui/.m2/repository/com/youzan/common-model/1.0.1-SNAPSHOT/common-model-1.0.1-SNAPSHOT.jar!/com/youzan/api/common/response/PlainResult.class], URL [jar:file:/Users/wulonghui/.m2/repository/com/youzan/common-model/1.0.1-SNAPSHOT/common-model-1.0.1-SNAPSHOT.jar!/com/youzan/api/common/response/SimpleResult.class], URL [jar:file:/Users/wulonghui/.m2/repository/com/youzan/common-model/1.0.1-SNAPSHOT/common-model-1.0.1-SNAPSHOT.jar!/com/youzan/api/common/vo/ListWithPaginatorVO.class], URL [jar:file:/Users/wulonghui/.m2/repository/com/youzan/pay/fund_channel.open-api/1.0.0-20170710-RELEASE/fund_channel.open-api-1.0.0-20170710-RELEASE.jar!/com/youzan/pay/fundchannel/open/api/BankCardService.class], URL [jar:file:/Users/wulonghui/.m2/repository/com/youzan/pay/fund_channel.open-api/1.0.0-20170710-RELEASE/fund_channel.open-api-1.0.0-20170710-RELEASE.jar!/com/youzan/pay/fundchannel/open/enums/BankErrorCode.class], URL [jar:file:/Users/wulonghui/.m2/repository/com/youzan/pay/fund_channel.open-api/1.0.0-20170710-RELEASE/fund_channel.open-api-1.0.0-20170710-RELEASE.jar!/com/youzan/pay/fundchannel/open/enums/ChannelBindStatus.class], URL [jar:file:/Users/wulonghui/.m2/repository/com/youzan/pay/fund_channel.open-api/1.0.0-20170710-RELEASE/fund_channel.open-api-1.0.0-20170710-RELEASE.jar!/com/youzan/pay/fundchannel/open/enums/IdCardType.class], URL [jar:file:/Users/wulonghui/.m2/repository/com/youzan/pay/fund_channel.open-api/1.0.0-20170710-RELEASE/fund_channel.open-api-1.0.0-20170710-RELEASE.jar!/com/youzan/pay/fundchannel/open/enums/SmsType.class], URL [jar:file:/Users/wulonghui/.m2/repository/com/youzan/pay/fund_channel.open-api/1.0.0-20170710-RELEASE/fund_channel.open-api-1.0.0-20170710-RELEASE.jar!/com/youzan/pay/fundchannel/open/model/bankcard/BankBindCheckRequest.class], URL [jar:file:/Users/wulonghui/.m2/repository/com/youzan/pay/fund_channel.open-api/1.0.0-20170710-RELEASE/fund_channel.open-api-1.0.0-20170710-RELEASE.jar!/com/youzan/pay/fundchannel/open/model/bankcard/BankBindCheckResult$Result.class], URL [jar:file:/Users/wulonghui/.m2/repository/com/youzan/pay/fund_channel.open-api/1.0.0-20170710-RELEASE/fund_channel.open-api-1.0.0-20170710-RELEASE.jar!/com/youzan/pay/fundchannel/open/model/bankcard/BankBindCheckResult.class], URL [jar:file:/Users/wulonghui/.m2/repository/com/youzan/pay/fund_channel.open-api/1.0.0-20170710-RELEASE/fund_channel.open-api-1.0.0-20170710-RELEASE.jar!/com/youzan/pay/fundchannel/open/model/bankcard/BankCardCheckRequest.class], URL [jar:file:/Users/wulonghui/.m2/repository/com/youzan/pay/fund_channel.open-api/1.0.0-20170710-RELEASE/fund_channel.open-api-1.0.0-20170710-RELEASE.jar!/com/youzan/pay/fundchannel/open/model/bankcard/BankCardCheckResult.class], URL [jar:file:/Users/wulonghui/.m2/repository/com/youzan/pay/fund_channel.open-api/1.0.0-20170710-RELEASE/fund_channel.open-api-1.0.0-20170710-RELEASE.jar!/com/youzan/pay/fundchannel/open/model/bankcard/BankPayConfirmRequest$BankCardInfo.class], URL [jar:file:/Users/wulonghui/.m2/repository/com/youzan/pay/fund_channel.open-api/1.0.0-20170710-RELEASE/fund_channel.open-api-1.0.0-20170710-RELEASE.jar!/com/youzan/pay/fundchannel/open/model/bankcard/BankPayConfirmRequest.class], URL [jar:file:/Users/wulonghui/.m2/repository/com/youzan/pay/fund_channel.open-api/1.0.0-20170710-RELEASE/fund_channel.open-api-1.0.0-20170710-RELEASE.jar!/com/youzan/pay/fundchannel/open/model/bankcard/BankPayConfirmResult.class], URL [jar:file:/Users/wulonghui/.m2/repository/com/youzan/pay/fund_channel.open-api/1.0.0-20170710-RELEASE/fund_channel.open-api-1.0.0-20170710-RELEASE.jar!/com/youzan/pay/fundchannel/open/model/bankcard/SendSmsRequest.class], URL [jar:file:/Users/wulonghui/.m2/repository/com/youzan/pay/fund_channel.open-api/1.0.0-20170710-RELEASE/fund_channel.open-api-1.0.0-20170710-RELEASE.jar!/com/youzan/pay/fundchannel/open/model/bankcard/SendSmsResult.class], URL [jar:file:/Users/wulonghui/.m2/repository/com/youzan/pay/fund_channel.open-api/1.0.0-20170710-RELEASE/fund_channel.open-api-1.0.0-20170710-RELEASE.jar!/com/youzan/pay/fundchannel/open/model/BaseRequest.class], URL [jar:file:/Users/wulonghui/.m2/repository/com/youzan/pay/fund_channel.open-api/1.0.0-20170710-RELEASE/fund_channel.open-api-1.0.0-20170710-RELEASE.jar!/com/youzan/pay/fundchannel/open/model/BaseResponse.class], URL [jar:file:/Users/wulonghui/.m2/repository/com/youzan/pay/fund_channel.core-commons/1.0.0-20170710-RELEASE/fund_channel.core-commons-1.0.0-20170710-RELEASE.jar!/com/youzan/pay/fundchannel/commons/annotation/AttributeAlias.class], URL [jar:file:/Users/wulonghui/.m2/repository/com/youzan/pay/fund_channel.core-commons/1.0.0-20170710-RELEASE/fund_channel.core-commons-1.0.0-20170710-RELEASE.jar!/com/youzan/pay/fundchannel/commons/component/HttpTools.class], URL [jar:file:/Users/wulonghui/.m2/repository/com/youzan/pay/fund_channel.core-commons/1.0.0-20170710-RELEASE/fund_channel.core-commons-1.0.0-20170710-RELEASE.jar!/com/youzan/pay/fundchannel/commons/constant/GlobalConstants.class], URL [jar:file:/Users/wulonghui/.m2/repository/com/youzan/pay/fund_channel.core-commons/1.0.0-20170710-RELEASE/fund_channel.core-commons-1.0.0-20170710-RELEASE.jar!/com/youzan/pay/fundchannel/commons/enums/BankTypeEnum.class], URL [jar:file:/Users/wulonghui/.m2/repository/com/youzan/pay/fund_channel.core-commons/1.0.0-20170710-RELEASE/fund_channel.core-commons-1.0.0-20170710-RELEASE.jar!/com/youzan/pay/fundchannel/commons/enums/BaseModelStatus.class], URL [jar:file:/Users/wulonghui/.m2/repository/com/youzan/pay/fund_channel.core-commons/1.0.0-20170710-RELEASE/fund_channel.core-commons-1.0.0-20170710-RELEASE.jar!/com/youzan/pay/fundchannel/commons/enums/ChannelFeeType.class], URL [jar:file:/Users/wulonghui/.m2/repository/com/youzan/pay/fund_channel.core-commons/1.0.0-20170710-RELEASE/fund_channel.core-commons-1.0.0-20170710-RELEASE.jar!/com/youzan/pay/fundchannel/commons/enums/CommandType.class], URL [jar:file:/Users/wulonghui/.m2/repository/com/youzan/pay/fund_channel.core-commons/1.0.0-20170710-RELEASE/fund_channel.core-commons-1.0.0-20170710-RELEASE.jar!/com/youzan/pay/fundchannel/commons/enums/CurrencyCode.class], URL [jar:file:/Users/wulonghui/.m2/repository/com/youzan/pay/fund_channel.core-commons/1.0.0-20170710-RELEASE/fund_channel.core-commons-1.0.0-20170710-RELEASE.jar!/com/youzan/pay/fundchannel/commons/enums/ErrorCode.class], URL [jar:file:/Users/wulonghui/.m2/repository/com/youzan/pay/fund_channel.core-commons/1.0.0-20170710-RELEASE/fund_channel.core-commons-1.0.0-20170710-RELEASE.jar!/com/youzan/pay/fundchannel/commons/enums/ErrorType.class], URL [jar:file:/Users/wulonghui/.m2/repository/com/youzan/pay/fund_channel.core-commons/1.0.0-20170710-RELEASE/fund_channel.core-commons-1.0.0-20170710-RELEASE.jar!/com/youzan/pay/fundchannel/commons/enums/Institution.class], URL [jar:file:/Users/wulonghui/.m2/repository/com/youzan/pay/fund_channel.core-commons/1.0.0-20170710-RELEASE/fund_channel.core-commons-1.0.0-20170710-RELEASE.jar!/com/youzan/pay/fundchannel/commons/enums/InstructState.class], URL [jar:file:/Users/wulonghui/.m2/repository/com/youzan/pay/fund_channel.core-commons/1.0.0-20170710-RELEASE/fund_channel.core-commons-1.0.0-20170710-RELEASE.jar!/com/youzan/pay/fundchannel/commons/enums/PartnerCode.class], URL [jar:file:/Users/wulonghui/.m2/repository/com/youzan/pay/fund_channel.core-commons/1.0.0-20170710-RELEASE/fund_channel.core-commons-1.0.0-20170710-RELEASE.jar!/com/youzan/pay/fundchannel/commons/enums/PayChannel.class], URL [jar:file:/Users/wulonghui/.m2/repository/com/youzan/pay/fund_channel.core-commons/1.0.0-20170710-RELEASE/fund_channel.core-commons-1.0.0-20170710-RELEASE.jar!/com/youzan/pay/fundchannel/commons/enums/PayMode.class], URL [jar:file:/Users/wulonghui/.m2/repository/com/youzan/pay/fund_channel.core-commons/1.0.0-20170710-RELEASE/fund_channel.core-commons-1.0.0-20170710-RELEASE.jar!/com/youzan/pay/fundchannel/commons/enums/RedisKey$1.class], URL [jar:file:/Users/wulonghui/.m2/repository/com/youzan/pay/fund_channel.core-commons/1.0.0-20170710-RELEASE/fund_channel.core-commons-1.0.0-20170710-RELEASE.jar!/com/youzan/pay/fundchannel/commons/enums/RedisKey.class], URL [jar:file:/Users/wulonghui/.m2/repository/com/youzan/pay/fund_channel.core-commons/1.0.0-20170710-RELEASE/fund_channel.core-commons-1.0.0-20170710-RELEASE.jar!/com/youzan/pay/fundchannel/commons/enums/SelfPayTypeEnum.class], URL [jar:file:/Users/wulonghui/.m2/repository/com/youzan/pay/fund_channel.core-commons/1.0.0-20170710-RELEASE/fund_channel.core-commons-1.0.0-20170710-RELEASE.jar!/com/youzan/pay/fundchannel/commons/exception/BaseException.class], URL [jar:file:/Users/wulonghui/.m2/repository/com/youzan/pay/fund_channel.core-commons/1.0.0-20170710-RELEASE/fund_channel.core-commons-1.0.0-20170710-RELEASE.jar!/com/youzan/pay/fundchannel/commons/exception/ChannelException.class], URL [jar:file:/Users/wulonghui/.m2/repository/com/youzan/pay/fund_channel.core-commons/1.0.0-20170710-RELEASE/fund_channel.core-commons-1.0.0-20170710-RELEASE.jar!/com/youzan/pay/fundchannel/commons/exception/HttpException.class], URL [jar:file:/Users/wulonghui/.m2/repository/com/youzan/pay/fund_channel.core-commons/1.0.0-20170710-RELEASE/fund_channel.core-commons-1.0.0-20170710-RELEASE.jar!/com/youzan/pay/fundchannel/commons/exception/ServiceException.class], URL [jar:file:/Users/wulonghui/.m2/repository/com/youzan/pay/fund_channel.core-commons/1.0.0-20170710-RELEASE/fund_channel.core-commons-1.0.0-20170710-RELEASE.jar!/com/youzan/pay/fundchannel/commons/utils/AESUtils.class], URL [jar:file:/Users/wulonghui/.m2/repository/com/youzan/pay/fund_channel.core-commons/1.0.0-20170710-RELEASE/fund_channel.core-commons-1.0.0-20170710-RELEASE.jar!/com/youzan/pay/fundchannel/commons/utils/BeanUtils.class], URL [jar:file:/Users/wulonghui/.m2/repository/com/youzan/pay/fund_channel.core-commons/1.0.0-20170710-RELEASE/fund_channel.core-commons-1.0.0-20170710-RELEASE.jar!/com/youzan/pay/fundchannel/commons/utils/DateUtils.class], URL [jar:file:/Users/wulonghui/.m2/repository/com/youzan/pay/fund_channel.core-commons/1.0.0-20170710-RELEASE/fund_channel.core-commons-1.0.0-20170710-RELEASE.jar!/com/youzan/pay/fundchannel/commons/utils/GeneralUtils.class], URL [jar:file:/Users/wulonghui/.m2/repository/com/youzan/pay/fund_channel.core-commons/1.0.0-20170710-RELEASE/fund_channel.core-commons-1.0.0-20170710-RELEASE.jar!/com/youzan/pay/fundchannel/commons/utils/HexUtils.class], URL [jar:file:/Users/wulonghui/.m2/repository/com/youzan/pay/fund_channel.core-commons/1.0.0-20170710-RELEASE/fund_channel.core-commons-1.0.0-20170710-RELEASE.jar!/com/youzan/pay/fundchannel/commons/utils/JsonUtils.class], URL [jar:file:/Users/wulonghui/.m2/repository/com/youzan/pay/fund_channel.core-commons/1.0.0-20170710-RELEASE/fund_channel.core-commons-1.0.0-20170710-RELEASE.jar!/com/youzan/pay/fundchannel/commons/utils/MapConvert.class], URL [jar:file:/Users/wulonghui/.m2/repository/com/youzan/pay/fund_channel.core-commons/1.0.0-20170710-RELEASE/fund_channel.core-commons-1.0.0-20170710-RELEASE.jar!/com/youzan/pay/fundchannel/commons/utils/PreCheckUtils.class], URL [jar:file:/Users/wulonghui/.m2/repository/com/youzan/pay/fund_channel.core-commons/1.0.0-20170710-RELEASE/fund_channel.core-commons-1.0.0-20170710-RELEASE.jar!/com/youzan/pay/fundchannel/commons/utils/PropertyUtils.class], URL [jar:file:/Users/wulonghui/.m2/repository/com/youzan/pay/fund_channel.core-commons/1.0.0-20170710-RELEASE/fund_channel.core-commons-1.0.0-20170710-RELEASE.jar!/com/youzan/pay/fundchannel/commons/utils/ReflectUtil.class], URL [jar:file:/Users/wulonghui/.m2/repository/com/youzan/pay/fund_channel.core-commons/1.0.0-20170710-RELEASE/fund_channel.core-commons-1.0.0-20170710-RELEASE.jar!/com/youzan/pay/fundchannel/commons/utils/StringUtils.class], URL [jar:file:/Users/wulonghui/.m2/repository/com/youzan/pay/fund_channel.core-commons/1.0.0-20170710-RELEASE/fund_channel.core-commons-1.0.0-20170710-RELEASE.jar!/com/youzan/pay/fundchannel/commons/utils/XmlUtil$1.class], URL [jar:file:/Users/wulonghui/.m2/repository/com/youzan/pay/fund_channel.core-commons/1.0.0-20170710-RELEASE/fund_channel.core-commons-1.0.0-20170710-RELEASE.jar!/com/youzan/pay/fundchannel/commons/utils/XmlUtil$MapEntryConverter.class], URL [jar:file:/Users/wulonghui/.m2/repository/com/youzan/pay/fund_channel.core-commons/1.0.0-20170710-RELEASE/fund_channel.core-commons-1.0.0-20170710-RELEASE.jar!/com/youzan/pay/fundchannel/commons/utils/XmlUtil.class], URL [jar:file:/Users/wulonghui/.m2/repository/com/youzan/pay/core/0.2.9-20170710-RELEASE/core-0.2.9-20170710-RELEASE.jar!/com/youzan/pay/core/alarm/Alarm.class], URL [jar:file:/Users/wulonghui/.m2/repository/com/youzan/pay/core/0.2.9-20170710-RELEASE/core-0.2.9-20170710-RELEASE.jar!/com/youzan/pay/core/alarm/bean/AlarmBean.class], URL [jar:file:/Users/wulonghui/.m2/repository/com/youzan/pay/core/0.2.9-20170710-RELEASE/core-0.2.9-20170710-RELEASE.jar!/com/youzan/pay/core/alarm/bean/TimeRangeBean.class], URL [jar:file:/Users/wulonghui/.m2/repository/com/youzan/pay/core/0.2.9-20170710-RELEASE/core-0.2.9-20170710-RELEASE.jar!/com/youzan/pay/core/alarm/bean/WeixinAlarmBean.class], URL [jar:file:/Users/wulonghui/.m2/repository/com/youzan/pay/core/0.2.9-20170710-RELEASE/core-0.2.9-20170710-RELEASE.jar!/com/youzan/pay/core/alarm/helper/WeixinAlarmHelper.class], URL [jar:file:/Users/wulonghui/.m2/repository/com/youzan/pay/core/0.2.9-20170710-RELEASE/core-0.2.9-20170710-RELEASE.jar!/com/youzan/pay/core/alarm/WeixinAlarm.class], URL [jar:file:/Users/wulonghui/.m2/repository/com/youzan/pay/core/0.2.9-20170710-RELEASE/core-0.2.9-20170710-RELEASE.jar!/com/youzan/pay/core/annotation/AutoLogParams.class], URL [jar:file:/Users/wulonghui/.m2/repository/com/youzan/pay/core/0.2.9-20170710-RELEASE/core-0.2.9-20170710-RELEASE.jar!/com/youzan/pay/core/annotation/DataSourceToggle.class], URL [jar:file:/Users/wulonghui/.m2/repository/com/youzan/pay/core/0.2.9-20170710-RELEASE/core-0.2.9-20170710-RELEASE.jar!/com/youzan/pay/core/annotation/Retry.class], URL [jar:file:/Users/wulonghui/.m2/repository/com/youzan/pay/core/0.2.9-20170710-RELEASE/core-0.2.9-20170710-RELEASE.jar!/com/youzan/pay/core/annotation/Validator.class], URL [jar:file:/Users/wulonghui/.m2/repository/com/youzan/pay/core/0.2.9-20170710-RELEASE/core-0.2.9-20170710-RELEASE.jar!/com/youzan/pay/core/aspect/AutoLogParamsAspect.class], URL [jar:file:/Users/wulonghui/.m2/repository/com/youzan/pay/core/0.2.9-20170710-RELEASE/core-0.2.9-20170710-RELEASE.jar!/com/youzan/pay/core/aspect/RetryAspect.class], URL [jar:file:/Users/wulonghui/.m2/repository/com/youzan/pay/core/0.2.9-20170710-RELEASE/core-0.2.9-20170710-RELEASE.jar!/com/youzan/pay/core/bean/Account.class], URL [jar:file:/Users/wulonghui/.m2/repository/com/youzan/pay/core/0.2.9-20170710-RELEASE/core-0.2.9-20170710-RELEASE.jar!/com/youzan/pay/core/bean/Genericable.class], URL [jar:file:/Users/wulonghui/.m2/repository/com/youzan/pay/core/0.2.9-20170710-RELEASE/core-0.2.9-20170710-RELEASE.jar!/com/youzan/pay/core/bean/PageResult.class], URL [jar:file:/Users/wulonghui/.m2/repository/com/youzan/pay/core/0.2.9-20170710-RELEASE/core-0.2.9-20170710-RELEASE.jar!/com/youzan/pay/core/bean/Subjects.class], URL [jar:file:/Users/wulonghui/.m2/repository/com/youzan/pay/core/0.2.9-20170710-RELEASE/core-0.2.9-20170710-RELEASE.jar!/com/youzan/pay/core/bean/ValidationResult.class], URL [jar:file:/Users/wulonghui/.m2/repository/com/youzan/pay/core/0.2.9-20170710-RELEASE/core-0.2.9-20170710-RELEASE.jar!/com/youzan/pay/core/cache/redis/impl/RedisCacheManagerImpl.class], URL [jar:file:/Users/wulonghui/.m2/repository/com/youzan/pay/core/0.2.9-20170710-RELEASE/core-0.2.9-20170710-RELEASE.jar!/com/youzan/pay/core/cache/redis/RedisCacheManager.class], URL [jar:file:/Users/wulonghui/.m2/repository/com/youzan/pay/core/0.2.9-20170710-RELEASE/core-0.2.9-20170710-RELEASE.jar!/com/youzan/pay/core/common/SwitcherEnum.class], URL [jar:file:/Users/wulonghui/.m2/repository/com/youzan/pay/core/0.2.9-20170710-RELEASE/core-0.2.9-20170710-RELEASE.jar!/com/youzan/pay/core/common/TypeReference.class], URL [jar:file:/Users/wulonghui/.m2/repository/com/youzan/pay/core/0.2.9-20170710-RELEASE/core-0.2.9-20170710-RELEASE.jar!/com/youzan/pay/core/config/AccountCurrency.class], URL [jar:file:/Users/wulonghui/.m2/repository/com/youzan/pay/core/0.2.9-20170710-RELEASE/core-0.2.9-20170710-RELEASE.jar!/com/youzan/pay/core/config/AccountFrom.class], URL [jar:file:/Users/wulonghui/.m2/repository/com/youzan/pay/core/0.2.9-20170710-RELEASE/core-0.2.9-20170710-RELEASE.jar!/com/youzan/pay/core/config/AccountingElements$1.class], URL [jar:file:/Users/wulonghui/.m2/repository/com/youzan/pay/core/0.2.9-20170710-RELEASE/core-0.2.9-20170710-RELEASE.jar!/com/youzan/pay/core/config/AccountingElements.class], URL [jar:file:/Users/wulonghui/.m2/repository/com/youzan/pay/core/0.2.9-20170710-RELEASE/core-0.2.9-20170710-RELEASE.jar!/com/youzan/pay/core/config/AccountState.class], URL [jar:file:/Users/wulonghui/.m2/repository/com/youzan/pay/core/0.2.9-20170710-RELEASE/core-0.2.9-20170710-RELEASE.jar!/com/youzan/pay/core/config/AccountType.class], URL [jar:file:/Users/wulonghui/.m2/repository/com/youzan/pay/core/0.2.9-20170710-RELEASE/core-0.2.9-20170710-RELEASE.jar!/com/youzan/pay/core/config/Channel$Type.class], URL [jar:file:/Users/wulonghui/.m2/repository/com/youzan/pay/core/0.2.9-20170710-RELEASE/core-0.2.9-20170710-RELEASE.jar!/com/youzan/pay/core/config/Channel.class], URL [jar:file:/Users/wulonghui/.m2/repository/com/youzan/pay/core/0.2.9-20170710-RELEASE/core-0.2.9-20170710-RELEASE.jar!/com/youzan/pay/core/config/CharsetEnum.class], URL [jar:file:/Users/wulonghui/.m2/repository/com/youzan/pay/core/0.2.9-20170710-RELEASE/core-0.2.9-20170710-RELEASE.jar!/com/youzan/pay/core/config/Currency.class], URL [jar:file:/Users/wulonghui/.m2/repository/com/youzan/pay/core/0.2.9-20170710-RELEASE/core-0.2.9-20170710-RELEASE.jar!/com/youzan/pay/core/config/DebitCredit.class], URL [jar:file:/Users/wulonghui/.m2/repository/com/youzan/pay/core/0.2.9-20170710-RELEASE/core-0.2.9-20170710-RELEASE.jar!/com/youzan/pay/core/config/InOut.class], URL [jar:file:/Users/wulonghui/.m2/repository/com/youzan/pay/core/0.2.9-20170710-RELEASE/core-0.2.9-20170710-RELEASE.jar!/com/youzan/pay/core/config/MerchType.class], URL [jar:file:/Users/wulonghui/.m2/repository/com/youzan/pay/core/0.2.9-20170710-RELEASE/core-0.2.9-20170710-RELEASE.jar!/com/youzan/pay/core/config/MethodEnum.class], URL [jar:file:/Users/wulonghui/.m2/repository/com/youzan/pay/core/0.2.9-20170710-RELEASE/core-0.2.9-20170710-RELEASE.jar!/com/youzan/pay/core/config/PayMethod.class], URL [jar:file:/Users/wulonghui/.m2/repository/com/youzan/pay/core/0.2.9-20170710-RELEASE/core-0.2.9-20170710-RELEASE.jar!/com/youzan/pay/core/config/SubjectsCat.class], URL [jar:file:/Users/wulonghui/.m2/repository/com/youzan/pay/core/0.2.9-20170710-RELEASE/core-0.2.9-20170710-RELEASE.jar!/com/youzan/pay/core/dal/DAOFactoryBean$DAOProxy.class], URL [jar:file:/Users/wulonghui/.m2/repository/com/youzan/pay/core/0.2.9-20170710-RELEASE/core-0.2.9-20170710-RELEASE.jar!/com/youzan/pay/core/dal/DAOFactoryBean.class], URL [jar:file:/Users/wulonghui/.m2/repository/com/youzan/pay/core/0.2.9-20170710-RELEASE/core-0.2.9-20170710-RELEASE.jar!/com/youzan/pay/core/dal/DataSourceSwitcher.class], URL [jar:file:/Users/wulonghui/.m2/repository/com/youzan/pay/core/0.2.9-20170710-RELEASE/core-0.2.9-20170710-RELEASE.jar!/com/youzan/pay/core/dal/DynamicDataSource$1.class], URL [jar:file:/Users/wulonghui/.m2/repository/com/youzan/pay/core/0.2.9-20170710-RELEASE/core-0.2.9-20170710-RELEASE.jar!/com/youzan/pay/core/dal/DynamicDataSource.class], URL [jar:file:/Users/wulonghui/.m2/repository/com/youzan/pay/core/0.2.9-20170710-RELEASE/core-0.2.9-20170710-RELEASE.jar!/com/youzan/pay/core/dal/DynamicTransactionTemplate.class], URL [jar:file:/Users/wulonghui/.m2/repository/com/youzan/pay/core/0.2.9-20170710-RELEASE/core-0.2.9-20170710-RELEASE.jar!/com/youzan/pay/core/exception/BusinessException.class], URL [jar:file:/Users/wulonghui/.m2/repository/com/youzan/pay/core/0.2.9-20170710-RELEASE/core-0.2.9-20170710-RELEASE.jar!/com/youzan/pay/core/exception/NullArgumentException.class], URL [jar:file:/Users/wulonghui/.m2/repository/com/youzan/pay/core/0.2.9-20170710-RELEASE/core-0.2.9-20170710-RELEASE.jar!/com/youzan/pay/core/exception/StringOutOfLengthException.class], URL [jar:file:/Users/wulonghui/.m2/repository/com/youzan/pay/core/0.2.9-20170710-RELEASE/core-0.2.9-20170710-RELEASE.jar!/com/youzan/pay/core/exception/SubjectsException.class], URL [jar:file:/Users/wulonghui/.m2/repository/com/youzan/pay/core/0.2.9-20170710-RELEASE/core-0.2.9-20170710-RELEASE.jar!/com/youzan/pay/core/formatter/Money.class], URL [jar:file:/Users/wulonghui/.m2/repository/com/youzan/pay/core/0.2.9-20170710-RELEASE/core-0.2.9-20170710-RELEASE.jar!/com/youzan/pay/core/formatter/ObjectConvert.class], URL [jar:file:/Users/wulonghui/.m2/repository/com/youzan/pay/core/0.2.9-20170710-RELEASE/core-0.2.9-20170710-RELEASE.jar!/com/youzan/pay/core/log/YZLoggerFactory.class], URL [jar:file:/Users/wulonghui/.m2/repository/com/youzan/pay/core/0.2.9-20170710-RELEASE/core-0.2.9-20170710-RELEASE.jar!/com/youzan/pay/core/nsq/Filter.class], URL [jar:file:/Users/wulonghui/.m2/repository/com/youzan/pay/core/0.2.9-20170710-RELEASE/core-0.2.9-20170710-RELEASE.jar!/com/youzan/pay/core/nsq/NsqConsumer.class], URL [jar:file:/Users/wulonghui/.m2/repository/com/youzan/pay/core/0.2.9-20170710-RELEASE/core-0.2.9-20170710-RELEASE.jar!/com/youzan/pay/core/task/Action.class], URL [jar:file:/Users/wulonghui/.m2/repository/com/youzan/pay/core/0.2.9-20170710-RELEASE/core-0.2.9-20170710-RELEASE.jar!/com/youzan/pay/core/task/Executer.class], URL [jar:file:/Users/wulonghui/.m2/repository/com/youzan/pay/core/0.2.9-20170710-RELEASE/core-0.2.9-20170710-RELEASE.jar!/com/youzan/pay/core/task/impl/nsq/action/AbstractAction.class], URL [jar:file:/Users/wulonghui/.m2/repository/com/youzan/pay/core/0.2.9-20170710-RELEASE/core-0.2.9-20170710-RELEASE.jar!/com/youzan/pay/core/task/impl/nsq/action/ExecuteAction.class], URL [jar:file:/Users/wulonghui/.m2/repository/com/youzan/pay/core/0.2.9-20170710-RELEASE/core-0.2.9-20170710-RELEASE.jar!/com/youzan/pay/core/task/impl/nsq/action/LoadAction.class], URL [jar:file:/Users/wulonghui/.m2/repository/com/youzan/pay/core/0.2.9-20170710-RELEASE/core-0.2.9-20170710-RELEASE.jar!/com/youzan/pay/core/task/impl/nsq/action/SplitAction.class], URL [jar:file:/Users/wulonghui/.m2/repository/com/youzan/pay/core/0.2.9-20170710-RELEASE/core-0.2.9-20170710-RELEASE.jar!/com/youzan/pay/core/task/impl/nsq/NsqSingleEnvFilter.class], URL [jar:file:/Users/wulonghui/.m2/repository/com/youzan/pay/core/0.2.9-20170710-RELEASE/core-0.2.9-20170710-RELEASE.jar!/com/youzan/pay/core/task/impl/nsq/NsqTaskDispatcher.class], URL [jar:file:/Users/wulonghui/.m2/repository/com/youzan/pay/core/0.2.9-20170710-RELEASE/core-0.2.9-20170710-RELEASE.jar!/com/youzan/pay/core/task/impl/nsq/NsqTaskManager$1.class], URL [jar:file:/Users/wulonghui/.m2/repository/com/youzan/pay/core/0.2.9-20170710-RELEASE/core-0.2.9-20170710-RELEASE.jar!/com/youzan/pay/core/task/impl/nsq/NsqTaskManager$ActionTask.class], URL [jar:file:/Users/wulonghui/.m2/repository/com/youzan/pay/core/0.2.9-20170710-RELEASE/core-0.2.9-20170710-RELEASE.jar!/com/youzan/pay/core/task/impl/nsq/NsqTaskManager.class], URL [jar:file:/Users/wulonghui/.m2/repository/com/youzan/pay/core/0.2.9-20170710-RELEASE/core-0.2.9-20170710-RELEASE.jar!/com/youzan/pay/core/task/Loader.class], URL [jar:file:/Users/wulonghui/.m2/repository/com/youzan/pay/core/0.2.9-20170710-RELEASE/core-0.2.9-20170710-RELEASE.jar!/com/youzan/pay/core/task/model/TaskActionEnum.class], URL [jar:file:/Users/wulonghui/.m2/repository/com/youzan/pay/core/0.2.9-20170710-RELEASE/core-0.2.9-20170710-RELEASE.jar!/com/youzan/pay/core/task/model/TaskConfig.class], URL [jar:file:/Users/wulonghui/.m2/repository/com/youzan/pay/core/0.2.9-20170710-RELEASE/core-0.2.9-20170710-RELEASE.jar!/com/youzan/pay/core/task/model/TaskNsqConfig.class], URL [jar:file:/Users/wulonghui/.m2/repository/com/youzan/pay/core/0.2.9-20170710-RELEASE/core-0.2.9-20170710-RELEASE.jar!/com/youzan/pay/core/task/model/TaskNsqEntity.class], URL [jar:file:/Users/wulonghui/.m2/repository/com/youzan/pay/core/0.2.9-20170710-RELEASE/core-0.2.9-20170710-RELEASE.jar!/com/youzan/pay/core/task/model/TaskStatusEnum.class], URL [jar:file:/Users/wulonghui/.m2/repository/com/youzan/pay/core/0.2.9-20170710-RELEASE/core-0.2.9-20170710-RELEASE.jar!/com/youzan/pay/core/task/Monitor.class], URL [jar:file:/Users/wulonghui/.m2/repository/com/youzan/pay/core/0.2.9-20170710-RELEASE/core-0.2.9-20170710-RELEASE.jar!/com/youzan/pay/core/task/Splitor.class], URL [jar:file:/Users/wulonghui/.m2/repository/com/youzan/pay/core/0.2.9-20170710-RELEASE/core-0.2.9-20170710-RELEASE.jar!/com/youzan/pay/core/task/spring/TaskConfigDefinitionParser.class], URL [jar:file:/Users/wulonghui/.m2/repository/com/youzan/pay/core/0.2.9-20170710-RELEASE/core-0.2.9-20170710-RELEASE.jar!/com/youzan/pay/core/task/spring/TaskManagerDefinitionParser.class], URL [jar:file:/Users/wulonghui/.m2/repository/com/youzan/pay/core/0.2.9-20170710-RELEASE/core-0.2.9-20170710-RELEASE.jar!/com/youzan/pay/core/task/spring/TaskNamespaceHandler.class], URL [jar:file:/Users/wulonghui/.m2/repository/com/youzan/pay/core/0.2.9-20170710-RELEASE/core-0.2.9-20170710-RELEASE.jar!/com/youzan/pay/core/task/TaskManager.class], URL [jar:file:/Users/wulonghui/.m2/repository/com/youzan/pay/core/0.2.9-20170710-RELEASE/core-0.2.9-20170710-RELEASE.jar!/com/youzan/pay/core/utils/AcctUtils.class], URL [jar:file:/Users/wulonghui/.m2/repository/com/youzan/pay/core/0.2.9-20170710-RELEASE/core-0.2.9-20170710-RELEASE.jar!/com/youzan/pay/core/utils/AlarmUtils.class], URL [jar:file:/Users/wulonghui/.m2/repository/com/youzan/pay/core/0.2.9-20170710-RELEASE/core-0.2.9-20170710-RELEASE.jar!/com/youzan/pay/core/utils/CommonUtils.class], URL [jar:file:/Users/wulonghui/.m2/repository/com/youzan/pay/core/0.2.9-20170710-RELEASE/core-0.2.9-20170710-RELEASE.jar!/com/youzan/pay/core/utils/DateUtils.class], URL [jar:file:/Users/wulonghui/.m2/repository/com/youzan/pay/core/0.2.9-20170710-RELEASE/core-0.2.9-20170710-RELEASE.jar!/com/youzan/pay/core/utils/HttpOutUtils.class], URL [jar:file:/Users/wulonghui/.m2/repository/com/youzan/pay/core/0.2.9-20170710-RELEASE/core-0.2.9-20170710-RELEASE.jar!/com/youzan/pay/core/utils/HttpUtils.class], URL [jar:file:/Users/wulonghui/.m2/repository/com/youzan/pay/core/0.2.9-20170710-RELEASE/core-0.2.9-20170710-RELEASE.jar!/com/youzan/pay/core/utils/KeyUtils.class], URL [jar:file:/Users/wulonghui/.m2/repository/com/youzan/pay/core/0.2.9-20170710-RELEASE/core-0.2.9-20170710-RELEASE.jar!/com/youzan/pay/core/utils/LogUtils$LogArgEntity.class], URL [jar:file:/Users/wulonghui/.m2/repository/com/youzan/pay/core/0.2.9-20170710-RELEASE/core-0.2.9-20170710-RELEASE.jar!/com/youzan/pay/core/utils/LogUtils.class], URL [jar:file:/Users/wulonghui/.m2/repository/com/youzan/pay/core/0.2.9-20170710-RELEASE/core-0.2.9-20170710-RELEASE.jar!/com/youzan/pay/core/utils/MailUtils.class], URL [jar:file:/Users/wulonghui/.m2/repository/com/youzan/pay/core/0.2.9-20170710-RELEASE/core-0.2.9-20170710-RELEASE.jar!/com/youzan/pay/core/utils/MoneyUtils.class], URL [jar:file:/Users/wulonghui/.m2/repository/com/youzan/pay/core/0.2.9-20170710-RELEASE/core-0.2.9-20170710-RELEASE.jar!/com/youzan/pay/core/utils/MsgFmtUtils.class], URL [jar:file:/Users/wulonghui/.m2/repository/com/youzan/pay/core/0.2.9-20170710-RELEASE/core-0.2.9-20170710-RELEASE.jar!/com/youzan/pay/core/utils/Reflections.class], URL [jar:file:/Users/wulonghui/.m2/repository/com/youzan/pay/core/0.2.9-20170710-RELEASE/core-0.2.9-20170710-RELEASE.jar!/com/youzan/pay/core/utils/Signature$CharCaseType.class], URL [jar:file:/Users/wulonghui/.m2/repository/com/youzan/pay/core/0.2.9-20170710-RELEASE/core-0.2.9-20170710-RELEASE.jar!/com/youzan/pay/core/utils/Signature.class], URL [jar:file:/Users/wulonghui/.m2/repository/com/youzan/pay/core/0.2.9-20170710-RELEASE/core-0.2.9-20170710-RELEASE.jar!/com/youzan/pay/core/utils/SubjectsNoUtils.class], URL [jar:file:/Users/wulonghui/.m2/repository/com/youzan/pay/core/0.2.9-20170710-RELEASE/core-0.2.9-20170710-RELEASE.jar!/com/youzan/pay/core/utils/TracerContextUtils.class], URL [jar:file:/Users/wulonghui/.m2/repository/com/youzan/pay/core/0.2.9-20170710-RELEASE/core-0.2.9-20170710-RELEASE.jar!/com/youzan/pay/core/utils/UnicodeUtils.class], URL [jar:file:/Users/wulonghui/.m2/repository/com/youzan/pay/core/0.2.9-20170710-RELEASE/core-0.2.9-20170710-RELEASE.jar!/com/youzan/pay/core/utils/ValidateUtils.class], URL [jar:file:/Users/wulonghui/.m2/repository/com/youzan/pay/core/0.2.9-20170710-RELEASE/core-0.2.9-20170710-RELEASE.jar!/com/youzan/pay/core/utils/ValidationUtils.class], URL [jar:file:/Users/wulonghui/.m2/repository/com/youzan/pay/core/mq-nsq/1.0.2-20170515-RELEASE/mq-nsq-1.0.2-20170515-RELEASE.jar!/com/youzan/pay/core/exception/NsqRequeueException.class], URL [jar:file:/Users/wulonghui/.m2/repository/com/youzan/pay/core/mq-nsq/1.0.2-20170515-RELEASE/mq-nsq-1.0.2-20170515-RELEASE.jar!/com/youzan/pay/core/nsq/exception/NsqRequeueException.class], URL [jar:file:/Users/wulonghui/.m2/repository/com/youzan/pay/core/mq-nsq/1.0.2-20170515-RELEASE/mq-nsq-1.0.2-20170515-RELEASE.jar!/com/youzan/pay/core/nsq/Filter.class], URL [jar:file:/Users/wulonghui/.m2/repository/com/youzan/pay/core/mq-nsq/1.0.2-20170515-RELEASE/mq-nsq-1.0.2-20170515-RELEASE.jar!/com/youzan/pay/core/nsq/Listener.class], URL [jar:file:/Users/wulonghui/.m2/repository/com/youzan/pay/core/mq-nsq/1.0.2-20170515-RELEASE/mq-nsq-1.0.2-20170515-RELEASE.jar!/com/youzan/pay/core/nsq/NsqConfig.class], URL [jar:file:/Users/wulonghui/.m2/repository/com/youzan/pay/core/mq-nsq/1.0.2-20170515-RELEASE/mq-nsq-1.0.2-20170515-RELEASE.jar!/com/youzan/pay/core/nsq/NsqConsumer.class], URL [jar:file:/Users/wulonghui/.m2/repository/com/youzan/pay/core/mq-nsq/1.0.2-20170515-RELEASE/mq-nsq-1.0.2-20170515-RELEASE.jar!/com/youzan/pay/core/nsq/NsqProducer.class], URL [jar:file:/Users/wulonghui/.m2/repository/com/youzan/pay/core/mq-nsq/1.0.2-20170515-RELEASE/mq-nsq-1.0.2-20170515-RELEASE.jar!/com/youzan/pay/core/nsq/NsqRetryHandler.class], URL [jar:file:/Users/wulonghui/.m2/repository/com/youzan/pay/core/mq-nsq/1.0.2-20170515-RELEASE/mq-nsq-1.0.2-20170515-RELEASE.jar!/com/youzan/pay/core/nsq/spring/NsqConsumerDefinitionParser.class], URL [jar:file:/Users/wulonghui/.m2/repository/com/youzan/pay/core/mq-nsq/1.0.2-20170515-RELEASE/mq-nsq-1.0.2-20170515-RELEASE.jar!/com/youzan/pay/core/nsq/spring/NsqNamespaceHandler.class], URL [jar:file:/Users/wulonghui/.m2/repository/com/youzan/pay/core/mq-nsq/1.0.2-20170515-RELEASE/mq-nsq-1.0.2-20170515-RELEASE.jar!/com/youzan/pay/core/nsq/spring/NsqProducerDefinitionParser.class], URL [jar:file:/Users/wulonghui/.m2/repository/com/youzan/pay/core/mq-nsq/1.0.2-20170515-RELEASE/mq-nsq-1.0.2-20170515-RELEASE.jar!/com/youzan/pay/core/nsq/support/CirculateRetryPolicy.class], URL [jar:file:/Users/wulonghui/.m2/repository/com/youzan/pay/core/mq-nsq/1.0.2-20170515-RELEASE/mq-nsq-1.0.2-20170515-RELEASE.jar!/com/youzan/pay/core/nsq/support/MaxRetryDiscardPolicy.class], URL [jar:file:/Users/wulonghui/.m2/repository/com/youzan/NSQ-Client/2.3.20170406-RELEASE/NSQ-Client-2.3.20170406-RELEASE.jar!/com/youzan/nsq/client/configs/AbstractConfigAccessDomain.class], URL [jar:file:/Users/wulonghui/.m2/repository/com/youzan/NSQ-Client/2.3.20170406-RELEASE/NSQ-Client-2.3.20170406-RELEASE.jar!/com/youzan/nsq/client/configs/AbstractConfigAccessKey.class], URL [jar:file:/Users/wulonghui/.m2/repository/com/youzan/NSQ-Client/2.3.20170406-RELEASE/NSQ-Client-2.3.20170406-RELEASE.jar!/com/youzan/nsq/client/configs/ConfigAccessAgent$IConfigAccessCallback.class], URL [jar:file:/Users/wulonghui/.m2/repository/com/youzan/NSQ-Client/2.3.20170406-RELEASE/NSQ-Client-2.3.20170406-RELEASE.jar!/com/youzan/nsq/client/configs/ConfigAccessAgent.class], URL [jar:file:/Users/wulonghui/.m2/repository/com/youzan/NSQ-Client/2.3.20170406-RELEASE/NSQ-Client-2.3.20170406-RELEASE.jar!/com/youzan/nsq/client/configs/DCCConfigAccessAgent$1.class], URL [jar:file:/Users/wulonghui/.m2/repository/com/youzan/NSQ-Client/2.3.20170406-RELEASE/NSQ-Client-2.3.20170406-RELEASE.jar!/com/youzan/nsq/client/configs/DCCConfigAccessAgent.class], URL [jar:file:/Users/wulonghui/.m2/repository/com/youzan/NSQ-Client/2.3.20170406-RELEASE/NSQ-Client-2.3.20170406-RELEASE.jar!/com/youzan/nsq/client/configs/DCCMigrationConfigAccessDomain.class], URL [jar:file:/Users/wulonghui/.m2/repository/com/youzan/NSQ-Client/2.3.20170406-RELEASE/NSQ-Client-2.3.20170406-RELEASE.jar!/com/youzan/nsq/client/configs/DCCMigrationConfigAccessKey.class], URL [jar:file:/Users/wulonghui/.m2/repository/com/youzan/NSQ-Client/2.3.20170406-RELEASE/NSQ-Client-2.3.20170406-RELEASE.jar!/com/youzan/nsq/client/configs/DCCMigrationControlConfig.class], URL [jar:file:/Users/wulonghui/.m2/repository/com/youzan/NSQ-Client/2.3.20170406-RELEASE/NSQ-Client-2.3.20170406-RELEASE.jar!/com/youzan/nsq/client/configs/DCCSeedLookupdConfig.class], URL [jar:file:/Users/wulonghui/.m2/repository/com/youzan/NSQ-Client/2.3.20170406-RELEASE/NSQ-Client-2.3.20170406-RELEASE.jar!/com/youzan/nsq/client/configs/DCCTraceConfigAccessDomain.class], URL [jar:file:/Users/wulonghui/.m2/repository/com/youzan/NSQ-Client/2.3.20170406-RELEASE/NSQ-Client-2.3.20170406-RELEASE.jar!/com/youzan/nsq/client/configs/DCCTraceConfigAccessKey.class], URL [jar:file:/Users/wulonghui/.m2/repository/com/youzan/NSQ-Client/2.3.20170406-RELEASE/NSQ-Client-2.3.20170406-RELEASE.jar!/com/youzan/nsq/client/configs/DoNothingConfigAccessAgent.class], URL [jar:file:/Users/wulonghui/.m2/repository/com/youzan/NSQ-Client/2.3.20170406-RELEASE/NSQ-Client-2.3.20170406-RELEASE.jar!/com/youzan/nsq/client/configs/ITopicRuleCategory.class], URL [jar:file:/Users/wulonghui/.m2/repository/com/youzan/NSQ-Client/2.3.20170406-RELEASE/NSQ-Client-2.3.20170406-RELEASE.jar!/com/youzan/nsq/client/configs/TopicRuleCategory$1.class], URL [jar:file:/Users/wulonghui/.m2/repository/com/youzan/NSQ-Client/2.3.20170406-RELEASE/NSQ-Client-2.3.20170406-RELEASE.jar!/com/youzan/nsq/client/configs/TopicRuleCategory.class], URL [jar:file:/Users/wulonghui/.m2/repository/com/youzan/NSQ-Client/2.3.20170406-RELEASE/NSQ-Client-2.3.20170406-RELEASE.jar!/com/youzan/nsq/client/Consumer.class], URL [jar:file:/Users/wulonghui/.m2/repository/com/youzan/NSQ-Client/2.3.20170406-RELEASE/NSQ-Client-2.3.20170406-RELEASE.jar!/com/youzan/nsq/client/ConsumerImplV2$1.class], URL [jar:file:/Users/wulonghui/.m2/repository/com/youzan/NSQ-Client/2.3.20170406-RELEASE/NSQ-Client-2.3.20170406-RELEASE.jar!/com/youzan/nsq/client/ConsumerImplV2$2.class], URL [jar:file:/Users/wulonghui/.m2/repository/com/youzan/NSQ-Client/2.3.20170406-RELEASE/NSQ-Client-2.3.20170406-RELEASE.jar!/com/youzan/nsq/client/ConsumerImplV2$3.class], URL [jar:file:/Users/wulonghui/.m2/repository/com/youzan/NSQ-Client/2.3.20170406-RELEASE/NSQ-Client-2.3.20170406-RELEASE.jar!/com/youzan/nsq/client/ConsumerImplV2$4.class], URL [jar:file:/Users/wulonghui/.m2/repository/com/youzan/NSQ-Client/2.3.20170406-RELEASE/NSQ-Client-2.3.20170406-RELEASE.jar!/com/youzan/nsq/client/ConsumerImplV2$5.class], URL [jar:file:/Users/wulonghui/.m2/repository/com/youzan/NSQ-Client/2.3.20170406-RELEASE/NSQ-Client-2.3.20170406-RELEASE.jar!/com/youzan/nsq/client/ConsumerImplV2.class], URL [jar:file:/Users/wulonghui/.m2/repository/com/youzan/NSQ-Client/2.3.20170406-RELEASE/NSQ-Client-2.3.20170406-RELEASE.jar!/com/youzan/nsq/client/core/Client.class], URL [jar:file:/Users/wulonghui/.m2/repository/com/youzan/NSQ-Client/2.3.20170406-RELEASE/NSQ-Client-2.3.20170406-RELEASE.jar!/com/youzan/nsq/client/core/command/Close$1.class], URL [jar:file:/Users/wulonghui/.m2/repository/com/youzan/NSQ-Client/2.3.20170406-RELEASE/NSQ-Client-2.3.20170406-RELEASE.jar!/com/youzan/nsq/client/core/command/Close$Instance.class], URL [jar:file:/Users/wulonghui/.m2/repository/com/youzan/NSQ-Client/2.3.20170406-RELEASE/NSQ-Client-2.3.20170406-RELEASE.jar!/com/youzan/nsq/client/core/command/Close.class], URL [jar:file:/Users/wulonghui/.m2/repository/com/youzan/NSQ-Client/2.3.20170406-RELEASE/NSQ-Client-2.3.20170406-RELEASE.jar!/com/youzan/nsq/client/core/command/Finish.class], URL [jar:file:/Users/wulonghui/.m2/repository/com/youzan/NSQ-Client/2.3.20170406-RELEASE/NSQ-Client-2.3.20170406-RELEASE.jar!/com/youzan/nsq/client/core/command/Identify.class], URL [jar:file:/Users/wulonghui/.m2/repository/com/youzan/NSQ-Client/2.3.20170406-RELEASE/NSQ-Client-2.3.20170406-RELEASE.jar!/com/youzan/nsq/client/core/command/Magic$1.class], URL [jar:file:/Users/wulonghui/.m2/repository/com/youzan/NSQ-Client/2.3.20170406-RELEASE/NSQ-Client-2.3.20170406-RELEASE.jar!/com/youzan/nsq/client/core/command/Magic$Instance.class], URL [jar:file:/Users/wulonghui/.m2/repository/com/youzan/NSQ-Client/2.3.20170406-RELEASE/NSQ-Client-2.3.20170406-RELEASE.jar!/com/youzan/nsq/client/core/command/Magic.class], URL [jar:file:/Users/wulonghui/.m2/repository/com/youzan/NSQ-Client/2.3.20170406-RELEASE/NSQ-Client-2.3.20170406-RELEASE.jar!/com/youzan/nsq/client/core/command/Mpub.class], URL [jar:file:/Users/wulonghui/.m2/repository/com/youzan/NSQ-Client/2.3.20170406-RELEASE/NSQ-Client-2.3.20170406-RELEASE.jar!/com/youzan/nsq/client/core/command/Nop$1.class], URL [jar:file:/Users/wulonghui/.m2/repository/com/youzan/NSQ-Client/2.3.20170406-RELEASE/NSQ-Client-2.3.20170406-RELEASE.jar!/com/youzan/nsq/client/core/command/Nop$Instance.class], URL [jar:file:/Users/wulonghui/.m2/repository/com/youzan/NSQ-Client/2.3.20170406-RELEASE/NSQ-Client-2.3.20170406-RELEASE.jar!/com/youzan/nsq/client/core/command/Nop.class], URL [jar:file:/Users/wulonghui/.m2/repository/com/youzan/NSQ-Client/2.3.20170406-RELEASE/NSQ-Client-2.3.20170406-RELEASE.jar!/com/youzan/nsq/client/core/command/NSQCommand.class], URL [jar:file:/Users/wulonghui/.m2/repository/com/youzan/NSQ-Client/2.3.20170406-RELEASE/NSQ-Client-2.3.20170406-RELEASE.jar!/com/youzan/nsq/client/core/command/PartitionEnable.class], URL [jar:file:/Users/wulonghui/.m2/repository/com/youzan/NSQ-Client/2.3.20170406-RELEASE/NSQ-Client-2.3.20170406-RELEASE.jar!/com/youzan/nsq/client/core/command/Pub.class], URL [jar:file:/Users/wulonghui/.m2/repository/com/youzan/NSQ-Client/2.3.20170406-RELEASE/NSQ-Client-2.3.20170406-RELEASE.jar!/com/youzan/nsq/client/core/command/PubOrdered.class], URL [jar:file:/Users/wulonghui/.m2/repository/com/youzan/NSQ-Client/2.3.20170406-RELEASE/NSQ-Client-2.3.20170406-RELEASE.jar!/com/youzan/nsq/client/core/command/PubTrace.class], URL [jar:file:/Users/wulonghui/.m2/repository/com/youzan/NSQ-Client/2.3.20170406-RELEASE/NSQ-Client-2.3.20170406-RELEASE.jar!/com/youzan/nsq/client/core/command/Rdy.class], URL [jar:file:/Users/wulonghui/.m2/repository/com/youzan/NSQ-Client/2.3.20170406-RELEASE/NSQ-Client-2.3.20170406-RELEASE.jar!/com/youzan/nsq/client/core/command/ReQueue.class], URL [jar:file:/Users/wulonghui/.m2/repository/com/youzan/NSQ-Client/2.3.20170406-RELEASE/NSQ-Client-2.3.20170406-RELEASE.jar!/com/youzan/nsq/client/core/command/Sub.class], URL [jar:file:/Users/wulonghui/.m2/repository/com/youzan/NSQ-Client/2.3.20170406-RELEASE/NSQ-Client-2.3.20170406-RELEASE.jar!/com/youzan/nsq/client/core/command/SubOrdered.class], URL [jar:file:/Users/wulonghui/.m2/repository/com/youzan/NSQ-Client/2.3.20170406-RELEASE/NSQ-Client-2.3.20170406-RELEASE.jar!/com/youzan/nsq/client/core/Feature.class], URL [jar:file:/Users/wulonghui/.m2/repository/com/youzan/NSQ-Client/2.3.20170406-RELEASE/NSQ-Client-2.3.20170406-RELEASE.jar!/com/youzan/nsq/client/core/lookup/LookupService.class], URL [jar:file:/Users/wulonghui/.m2/repository/com/youzan/NSQ-Client/2.3.20170406-RELEASE/NSQ-Client-2.3.20170406-RELEASE.jar!/com/youzan/nsq/client/core/lookup/LookupServiceImpl$1.class], URL [jar:file:/Users/wulonghui/.m2/repository/com/youzan/NSQ-Client/2.3.20170406-RELEASE/NSQ-Client-2.3.20170406-RELEASE.jar!/com/youzan/nsq/client/core/lookup/LookupServiceImpl.class], URL [jar:file:/Users/wulonghui/.m2/repository/com/youzan/NSQ-Client/2.3.20170406-RELEASE/NSQ-Client-2.3.20170406-RELEASE.jar!/com/youzan/nsq/client/core/LookupAddressUpdate$1.class], URL [jar:file:/Users/wulonghui/.m2/repository/com/youzan/NSQ-Client/2.3.20170406-RELEASE/NSQ-Client-2.3.20170406-RELEASE.jar!/com/youzan/nsq/client/core/LookupAddressUpdate$2.class], URL [jar:file:/Users/wulonghui/.m2/repository/com/youzan/NSQ-Client/2.3.20170406-RELEASE/NSQ-Client-2.3.20170406-RELEASE.jar!/com/youzan/nsq/client/core/LookupAddressUpdate$LookupAddressUpdateHandler.class], URL [jar:file:/Users/wulonghui/.m2/repository/com/youzan/NSQ-Client/2.3.20170406-RELEASE/NSQ-Client-2.3.20170406-RELEASE.jar!/com/youzan/nsq/client/core/LookupAddressUpdate.class], URL [jar:file:/Users/wulonghui/.m2/repository/com/youzan/NSQ-Client/2.3.20170406-RELEASE/NSQ-Client-2.3.20170406-RELEASE.jar!/com/youzan/nsq/client/core/NSQConnection.class], URL [jar:file:/Users/wulonghui/.m2/repository/com/youzan/NSQ-Client/2.3.20170406-RELEASE/NSQ-Client-2.3.20170406-RELEASE.jar!/com/youzan/nsq/client/core/NSQConnectionImpl.class], URL [jar:file:/Users/wulonghui/.m2/repository/com/youzan/NSQ-Client/2.3.20170406-RELEASE/NSQ-Client-2.3.20170406-RELEASE.jar!/com/youzan/nsq/client/core/NSQSimpleClient$1.class], URL [jar:file:/Users/wulonghui/.m2/repository/com/youzan/NSQ-Client/2.3.20170406-RELEASE/NSQ-Client-2.3.20170406-RELEASE.jar!/com/youzan/nsq/client/core/NSQSimpleClient$2.class], URL [jar:file:/Users/wulonghui/.m2/repository/com/youzan/NSQ-Client/2.3.20170406-RELEASE/NSQ-Client-2.3.20170406-RELEASE.jar!/com/youzan/nsq/client/core/NSQSimpleClient$3.class], URL [jar:file:/Users/wulonghui/.m2/repository/com/youzan/NSQ-Client/2.3.20170406-RELEASE/NSQ-Client-2.3.20170406-RELEASE.jar!/com/youzan/nsq/client/core/NSQSimpleClient.class], URL [jar:file:/Users/wulonghui/.m2/repository/com/youzan/NSQ-Client/2.3.20170406-RELEASE/NSQ-Client-2.3.20170406-RELEASE.jar!/com/youzan/nsq/client/core/pool/consumer/FixedPool.class], URL [jar:file:/Users/wulonghui/.m2/repository/com/youzan/NSQ-Client/2.3.20170406-RELEASE/NSQ-Client-2.3.20170406-RELEASE.jar!/com/youzan/nsq/client/core/pool/producer/KeyedPooledConnectionFactory.class], URL [jar:file:/Users/wulonghui/.m2/repository/com/youzan/NSQ-Client/2.3.20170406-RELEASE/NSQ-Client-2.3.20170406-RELEASE.jar!/com/youzan/nsq/client/core/RdySpectrum.class], URL [jar:file:/Users/wulonghui/.m2/repository/com/youzan/NSQ-Client/2.3.20170406-RELEASE/NSQ-Client-2.3.20170406-RELEASE.jar!/com/youzan/nsq/client/entity/Address.class], URL [jar:file:/Users/wulonghui/.m2/repository/com/youzan/NSQ-Client/2.3.20170406-RELEASE/NSQ-Client-2.3.20170406-RELEASE.jar!/com/youzan/nsq/client/entity/IPartitionsSelector.class], URL [jar:file:/Users/wulonghui/.m2/repository/com/youzan/NSQ-Client/2.3.20170406-RELEASE/NSQ-Client-2.3.20170406-RELEASE.jar!/com/youzan/nsq/client/entity/lookup/AbstractControlConfig$Gradation.class], URL [jar:file:/Users/wulonghui/.m2/repository/com/youzan/NSQ-Client/2.3.20170406-RELEASE/NSQ-Client-2.3.20170406-RELEASE.jar!/com/youzan/nsq/client/entity/lookup/AbstractControlConfig$Percentage.class], URL [jar:file:/Users/wulonghui/.m2/repository/com/youzan/NSQ-Client/2.3.20170406-RELEASE/NSQ-Client-2.3.20170406-RELEASE.jar!/com/youzan/nsq/client/entity/lookup/AbstractControlConfig.class], URL [jar:file:/Users/wulonghui/.m2/repository/com/youzan/NSQ-Client/2.3.20170406-RELEASE/NSQ-Client-2.3.20170406-RELEASE.jar!/com/youzan/nsq/client/entity/lookup/AbstractLookupdAddress.class], URL [jar:file:/Users/wulonghui/.m2/repository/com/youzan/NSQ-Client/2.3.20170406-RELEASE/NSQ-Client-2.3.20170406-RELEASE.jar!/com/youzan/nsq/client/entity/lookup/AbstractLookupdAddresses.class], URL [jar:file:/Users/wulonghui/.m2/repository/com/youzan/NSQ-Client/2.3.20170406-RELEASE/NSQ-Client-2.3.20170406-RELEASE.jar!/com/youzan/nsq/client/entity/lookup/AbstractLookupdConfig.class], URL [jar:file:/Users/wulonghui/.m2/repository/com/youzan/NSQ-Client/2.3.20170406-RELEASE/NSQ-Client-2.3.20170406-RELEASE.jar!/com/youzan/nsq/client/entity/lookup/AbstractSeedLookupdConfig.class], URL [jar:file:/Users/wulonghui/.m2/repository/com/youzan/NSQ-Client/2.3.20170406-RELEASE/NSQ-Client-2.3.20170406-RELEASE.jar!/com/youzan/nsq/client/entity/lookup/DefaultSeedLookupd.class], URL [jar:file:/Users/wulonghui/.m2/repository/com/youzan/NSQ-Client/2.3.20170406-RELEASE/NSQ-Client-2.3.20170406-RELEASE.jar!/com/youzan/nsq/client/entity/lookup/LookupdAddress.class], URL [jar:file:/Users/wulonghui/.m2/repository/com/youzan/NSQ-Client/2.3.20170406-RELEASE/NSQ-Client-2.3.20170406-RELEASE.jar!/com/youzan/nsq/client/entity/lookup/NSQLookupdAddresses$AddressCompatibility.class], URL [jar:file:/Users/wulonghui/.m2/repository/com/youzan/NSQ-Client/2.3.20170406-RELEASE/NSQ-Client-2.3.20170406-RELEASE.jar!/com/youzan/nsq/client/entity/lookup/NSQLookupdAddresses.class], URL [jar:file:/Users/wulonghui/.m2/repository/com/youzan/NSQ-Client/2.3.20170406-RELEASE/NSQ-Client-2.3.20170406-RELEASE.jar!/com/youzan/nsq/client/entity/lookup/NSQLookupdAddressesPair.class], URL [jar:file:/Users/wulonghui/.m2/repository/com/youzan/NSQ-Client/2.3.20170406-RELEASE/NSQ-Client-2.3.20170406-RELEASE.jar!/com/youzan/nsq/client/entity/lookup/SeedLookupdAddress.class], URL [jar:file:/Users/wulonghui/.m2/repository/com/youzan/NSQ-Client/2.3.20170406-RELEASE/NSQ-Client-2.3.20170406-RELEASE.jar!/com/youzan/nsq/client/entity/Message$1.class], URL [jar:file:/Users/wulonghui/.m2/repository/com/youzan/NSQ-Client/2.3.20170406-RELEASE/NSQ-Client-2.3.20170406-RELEASE.jar!/com/youzan/nsq/client/entity/Message.class], URL [jar:file:/Users/wulonghui/.m2/repository/com/youzan/NSQ-Client/2.3.20170406-RELEASE/NSQ-Client-2.3.20170406-RELEASE.jar!/com/youzan/nsq/client/entity/MigrationPartitionsSelector.class], URL [jar:file:/Users/wulonghui/.m2/repository/com/youzan/NSQ-Client/2.3.20170406-RELEASE/NSQ-Client-2.3.20170406-RELEASE.jar!/com/youzan/nsq/client/entity/NSQConfig$Compression.class], URL [jar:file:/Users/wulonghui/.m2/repository/com/youzan/NSQ-Client/2.3.20170406-RELEASE/NSQ-Client-2.3.20170406-RELEASE.jar!/com/youzan/nsq/client/entity/NSQConfig.class], URL [jar:file:/Users/wulonghui/.m2/repository/com/youzan/NSQ-Client/2.3.20170406-RELEASE/NSQ-Client-2.3.20170406-RELEASE.jar!/com/youzan/nsq/client/entity/NSQMessage.class], URL [jar:file:/Users/wulonghui/.m2/repository/com/youzan/NSQ-Client/2.3.20170406-RELEASE/NSQ-Client-2.3.20170406-RELEASE.jar!/com/youzan/nsq/client/entity/Partitions.class], URL [jar:file:/Users/wulonghui/.m2/repository/com/youzan/NSQ-Client/2.3.20170406-RELEASE/NSQ-Client-2.3.20170406-RELEASE.jar!/com/youzan/nsq/client/entity/Response.class], URL [jar:file:/Users/wulonghui/.m2/repository/com/youzan/NSQ-Client/2.3.20170406-RELEASE/NSQ-Client-2.3.20170406-RELEASE.jar!/com/youzan/nsq/client/entity/Role.class], URL [jar:file:/Users/wulonghui/.m2/repository/com/youzan/NSQ-Client/2.3.20170406-RELEASE/NSQ-Client-2.3.20170406-RELEASE.jar!/com/youzan/nsq/client/entity/SimplePartitionsSelector.class], URL [jar:file:/Users/wulonghui/.m2/repository/com/youzan/NSQ-Client/2.3.20170406-RELEASE/NSQ-Client-2.3.20170406-RELEASE.jar!/com/youzan/nsq/client/entity/Topic$1.class], URL [jar:file:/Users/wulonghui/.m2/repository/com/youzan/NSQ-Client/2.3.20170406-RELEASE/NSQ-Client-2.3.20170406-RELEASE.jar!/com/youzan/nsq/client/entity/Topic.class], URL [jar:file:/Users/wulonghui/.m2/repository/com/youzan/NSQ-Client/2.3.20170406-RELEASE/NSQ-Client-2.3.20170406-RELEASE.jar!/com/youzan/nsq/client/entity/TopicSharding.class], URL [jar:file:/Users/wulonghui/.m2/repository/com/youzan/NSQ-Client/2.3.20170406-RELEASE/NSQ-Client-2.3.20170406-RELEASE.jar!/com/youzan/nsq/client/entity/TraceLogger.class], URL [jar:file:/Users/wulonghui/.m2/repository/com/youzan/NSQ-Client/2.3.20170406-RELEASE/NSQ-Client-2.3.20170406-RELEASE.jar!/com/youzan/nsq/client/exception/ConfigAccessAgentException.class], URL [jar:file:/Users/wulonghui/.m2/repository/com/youzan/NSQ-Client/2.3.20170406-RELEASE/NSQ-Client-2.3.20170406-RELEASE.jar!/com/youzan/nsq/client/exception/ConfigAccessAgentInitializeException.class], URL [jar:file:/Users/wulonghui/.m2/repository/com/youzan/NSQ-Client/2.3.20170406-RELEASE/NSQ-Client-2.3.20170406-RELEASE.jar!/com/youzan/nsq/client/exception/NSQConfigAccessException.class], URL [jar:file:/Users/wulonghui/.m2/repository/com/youzan/NSQ-Client/2.3.20170406-RELEASE/NSQ-Client-2.3.20170406-RELEASE.jar!/com/youzan/nsq/client/exception/NSQDataNodesDownException.class], URL [jar:file:/Users/wulonghui/.m2/repository/com/youzan/NSQ-Client/2.3.20170406-RELEASE/NSQ-Client-2.3.20170406-RELEASE.jar!/com/youzan/nsq/client/exception/NSQException.class], URL [jar:file:/Users/wulonghui/.m2/repository/com/youzan/NSQ-Client/2.3.20170406-RELEASE/NSQ-Client-2.3.20170406-RELEASE.jar!/com/youzan/nsq/client/exception/NSQInvalidDataNodeException.class], URL [jar:file:/Users/wulonghui/.m2/repository/com/youzan/NSQ-Client/2.3.20170406-RELEASE/NSQ-Client-2.3.20170406-RELEASE.jar!/com/youzan/nsq/client/exception/NSQInvalidMessageException.class], URL [jar:file:/Users/wulonghui/.m2/repository/com/youzan/NSQ-Client/2.3.20170406-RELEASE/NSQ-Client-2.3.20170406-RELEASE.jar!/com/youzan/nsq/client/exception/NSQInvalidTopicException.class], URL [jar:file:/Users/wulonghui/.m2/repository/com/youzan/NSQ-Client/2.3.20170406-RELEASE/NSQ-Client-2.3.20170406-RELEASE.jar!/com/youzan/nsq/client/exception/NSQLookupException.class], URL [jar:file:/Users/wulonghui/.m2/repository/com/youzan/NSQ-Client/2.3.20170406-RELEASE/NSQ-Client-2.3.20170406-RELEASE.jar!/com/youzan/nsq/client/exception/NSQNoConnectionException.class], URL [jar:file:/Users/wulonghui/.m2/repository/com/youzan/NSQ-Client/2.3.20170406-RELEASE/NSQ-Client-2.3.20170406-RELEASE.jar!/com/youzan/nsq/client/exception/NSQPartitionNotAvailableException.class], URL [jar:file:/Users/wulonghui/.m2/repository/com/youzan/NSQ-Client/2.3.20170406-RELEASE/NSQ-Client-2.3.20170406-RELEASE.jar!/com/youzan/nsq/client/exception/NSQProducerNotFoundException.class], URL [jar:file:/Users/wulonghui/.m2/repository/com/youzan/NSQ-Client/2.3.20170406-RELEASE/NSQ-Client-2.3.20170406-RELEASE.jar!/com/youzan/nsq/client/exception/NSQPubException.class], URL [jar:file:/Users/wulonghui/.m2/repository/com/youzan/NSQ-Client/2.3.20170406-RELEASE/NSQ-Client-2.3.20170406-RELEASE.jar!/com/youzan/nsq/client/exception/NSQPubFactoryInitializeException.class], URL [jar:file:/Users/wulonghui/.m2/repository/com/youzan/NSQ-Client/2.3.20170406-RELEASE/NSQ-Client-2.3.20170406-RELEASE.jar!/com/youzan/nsq/client/exception/NSQTopicNotFoundException.class], URL [jar:file:/Users/wulonghui/.m2/repository/com/youzan/NSQ-Client/2.3.20170406-RELEASE/NSQ-Client-2.3.20170406-RELEASE.jar!/com/youzan/nsq/client/exception/RetryBusinessException.class], URL [jar:file:/Users/wulonghui/.m2/repository/com/youzan/NSQ-Client/2.3.20170406-RELEASE/NSQ-Client-2.3.20170406-RELEASE.jar!/com/youzan/nsq/client/IConfigAccessSubscriber.class], URL [jar:file:/Users/wulonghui/.m2/repository/com/youzan/NSQ-Client/2.3.20170406-RELEASE/NSQ-Client-2.3.20170406-RELEASE.jar!/com/youzan/nsq/client/IPartitionSelector.class], URL [jar:file:/Users/wulonghui/.m2/repository/com/youzan/NSQ-Client/2.3.20170406-RELEASE/NSQ-Client-2.3.20170406-RELEASE.jar!/com/youzan/nsq/client/MessageHandler.class], URL [jar:file:/Users/wulonghui/.m2/repository/com/youzan/NSQ-Client/2.3.20170406-RELEASE/NSQ-Client-2.3.20170406-RELEASE.jar!/com/youzan/nsq/client/MessageMetadata.class], URL [jar:file:/Users/wulonghui/.m2/repository/com/youzan/NSQ-Client/2.3.20170406-RELEASE/NSQ-Client-2.3.20170406-RELEASE.jar!/com/youzan/nsq/client/network/frame/ErrorFrame.class], URL [jar:file:/Users/wulonghui/.m2/repository/com/youzan/NSQ-Client/2.3.20170406-RELEASE/NSQ-Client-2.3.20170406-RELEASE.jar!/com/youzan/nsq/client/network/frame/MessageFrame.class], URL [jar:file:/Users/wulonghui/.m2/repository/com/youzan/NSQ-Client/2.3.20170406-RELEASE/NSQ-Client-2.3.20170406-RELEASE.jar!/com/youzan/nsq/client/network/frame/NSQFrame$FrameType.class], URL [jar:file:/Users/wulonghui/.m2/repository/com/youzan/NSQ-Client/2.3.20170406-RELEASE/NSQ-Client-2.3.20170406-RELEASE.jar!/com/youzan/nsq/client/network/frame/NSQFrame.class], URL [jar:file:/Users/wulonghui/.m2/repository/com/youzan/NSQ-Client/2.3.20170406-RELEASE/NSQ-Client-2.3.20170406-RELEASE.jar!/com/youzan/nsq/client/network/frame/OrderedMessageFrame.class], URL [jar:file:/Users/wulonghui/.m2/repository/com/youzan/NSQ-Client/2.3.20170406-RELEASE/NSQ-Client-2.3.20170406-RELEASE.jar!/com/youzan/nsq/client/network/frame/ResponseFrame.class], URL [jar:file:/Users/wulonghui/.m2/repository/com/youzan/NSQ-Client/2.3.20170406-RELEASE/NSQ-Client-2.3.20170406-RELEASE.jar!/com/youzan/nsq/client/network/netty/NSQClientInitializer.class], URL [jar:file:/Users/wulonghui/.m2/repository/com/youzan/NSQ-Client/2.3.20170406-RELEASE/NSQ-Client-2.3.20170406-RELEASE.jar!/com/youzan/nsq/client/network/netty/NSQDecoder.class], URL [jar:file:/Users/wulonghui/.m2/repository/com/youzan/NSQ-Client/2.3.20170406-RELEASE/NSQ-Client-2.3.20170406-RELEASE.jar!/com/youzan/nsq/client/network/netty/NSQEncoder.class], URL [jar:file:/Users/wulonghui/.m2/repository/com/youzan/NSQ-Client/2.3.20170406-RELEASE/NSQ-Client-2.3.20170406-RELEASE.jar!/com/youzan/nsq/client/network/netty/NSQFeatureDetectionHandler.class], URL [jar:file:/Users/wulonghui/.m2/repository/com/youzan/NSQ-Client/2.3.20170406-RELEASE/NSQ-Client-2.3.20170406-RELEASE.jar!/com/youzan/nsq/client/network/netty/NSQHandler$1.class], URL [jar:file:/Users/wulonghui/.m2/repository/com/youzan/NSQ-Client/2.3.20170406-RELEASE/NSQ-Client-2.3.20170406-RELEASE.jar!/com/youzan/nsq/client/network/netty/NSQHandler.class], URL [jar:file:/Users/wulonghui/.m2/repository/com/youzan/NSQ-Client/2.3.20170406-RELEASE/NSQ-Client-2.3.20170406-RELEASE.jar!/com/youzan/nsq/client/Producer.class], URL [jar:file:/Users/wulonghui/.m2/repository/com/youzan/NSQ-Client/2.3.20170406-RELEASE/NSQ-Client-2.3.20170406-RELEASE.jar!/com/youzan/nsq/client/ProducerImplV2$1.class], URL [jar:file:/Users/wulonghui/.m2/repository/com/youzan/NSQ-Client/2.3.20170406-RELEASE/NSQ-Client-2.3.20170406-RELEASE.jar!/com/youzan/nsq/client/ProducerImplV2$2.class], URL [jar:file:/Users/wulonghui/.m2/repository/com/youzan/NSQ-Client/2.3.20170406-RELEASE/NSQ-Client-2.3.20170406-RELEASE.jar!/com/youzan/nsq/client/ProducerImplV2.class], URL [jar:file:/Users/wulonghui/.m2/repository/com/youzan/NSQ-Client/2.3.20170406-RELEASE/NSQ-Client-2.3.20170406-RELEASE.jar!/com/youzan/nsq/client/PropertyNotFoundException.class], URL [jar:file:/Users/wulonghui/.m2/repository/com/youzan/NSQ-Client/2.3.20170406-RELEASE/NSQ-Client-2.3.20170406-RELEASE.jar!/com/youzan/nsq/client/PubCmdFactory$1.class], URL [jar:file:/Users/wulonghui/.m2/repository/com/youzan/NSQ-Client/2.3.20170406-RELEASE/NSQ-Client-2.3.20170406-RELEASE.jar!/com/youzan/nsq/client/PubCmdFactory.class], URL [jar:file:/Users/wulonghui/.m2/repository/com/youzan/NSQ-Client/2.3.20170406-RELEASE/NSQ-Client-2.3.20170406-RELEASE.jar!/com/youzan/nsq/client/Version.class], URL [jar:file:/Users/wulonghui/.m2/repository/com/youzan/NSQ-Client/2.3.20170406-RELEASE/NSQ-Client-2.3.20170406-RELEASE.jar!/com/youzan/util/ConcurrentSortedSet.class], URL [jar:file:/Users/wulonghui/.m2/repository/com/youzan/NSQ-Client/2.3.20170406-RELEASE/NSQ-Client-2.3.20170406-RELEASE.jar!/com/youzan/util/HostUtil.class], URL [jar:file:/Users/wulonghui/.m2/repository/com/youzan/NSQ-Client/2.3.20170406-RELEASE/NSQ-Client-2.3.20170406-RELEASE.jar!/com/youzan/util/IOUtil.class], URL [jar:file:/Users/wulonghui/.m2/repository/com/youzan/NSQ-Client/2.3.20170406-RELEASE/NSQ-Client-2.3.20170406-RELEASE.jar!/com/youzan/util/IPUtil.class], URL [jar:file:/Users/wulonghui/.m2/repository/com/youzan/NSQ-Client/2.3.20170406-RELEASE/NSQ-Client-2.3.20170406-RELEASE.jar!/com/youzan/util/Lists$1.class], URL [jar:file:/Users/wulonghui/.m2/repository/com/youzan/NSQ-Client/2.3.20170406-RELEASE/NSQ-Client-2.3.20170406-RELEASE.jar!/com/youzan/util/Lists$Partition.class], URL [jar:file:/Users/wulonghui/.m2/repository/com/youzan/NSQ-Client/2.3.20170406-RELEASE/NSQ-Client-2.3.20170406-RELEASE.jar!/com/youzan/util/Lists$RandomAccessPartition.class], URL [jar:file:/Users/wulonghui/.m2/repository/com/youzan/NSQ-Client/2.3.20170406-RELEASE/NSQ-Client-2.3.20170406-RELEASE.jar!/com/youzan/util/Lists.class], URL [jar:file:/Users/wulonghui/.m2/repository/com/youzan/NSQ-Client/2.3.20170406-RELEASE/NSQ-Client-2.3.20170406-RELEASE.jar!/com/youzan/util/NamedThreadFactory$1.class], URL [jar:file:/Users/wulonghui/.m2/repository/com/youzan/NSQ-Client/2.3.20170406-RELEASE/NSQ-Client-2.3.20170406-RELEASE.jar!/com/youzan/util/NamedThreadFactory.class], URL [jar:file:/Users/wulonghui/.m2/repository/com/youzan/NSQ-Client/2.3.20170406-RELEASE/NSQ-Client-2.3.20170406-RELEASE.jar!/com/youzan/util/NotThreadSafe.class], URL [jar:file:/Users/wulonghui/.m2/repository/com/youzan/NSQ-Client/2.3.20170406-RELEASE/NSQ-Client-2.3.20170406-RELEASE.jar!/com/youzan/util/SystemUtil.class], URL [jar:file:/Users/wulonghui/.m2/repository/com/youzan/NSQ-Client/2.3.20170406-RELEASE/NSQ-Client-2.3.20170406-RELEASE.jar!/com/youzan/util/ThreadSafe.class], URL [jar:file:/Users/wulonghui/.m2/repository/com/youzan/DCC-Client/1.1.0330-RELEASE/DCC-Client-1.1.0330-RELEASE.jar!/com/youzan/dcc/client/cache/CacheBackupWorker$CacheSyncJob.class], URL [jar:file:/Users/wulonghui/.m2/repository/com/youzan/DCC-Client/1.1.0330-RELEASE/DCC-Client-1.1.0330-RELEASE.jar!/com/youzan/dcc/client/cache/CacheBackupWorker$LineJob.class], URL [jar:file:/Users/wulonghui/.m2/repository/com/youzan/DCC-Client/1.1.0330-RELEASE/DCC-Client-1.1.0330-RELEASE.jar!/com/youzan/dcc/client/cache/CacheBackupWorker.class], URL [jar:file:/Users/wulonghui/.m2/repository/com/youzan/DCC-Client/1.1.0330-RELEASE/DCC-Client-1.1.0330-RELEASE.jar!/com/youzan/dcc/client/cache/ConfigCacheManager.class], URL [jar:file:/Users/wulonghui/.m2/repository/com/youzan/DCC-Client/1.1.0330-RELEASE/DCC-Client-1.1.0330-RELEASE.jar!/com/youzan/dcc/client/cache/interfaces/IBackupable.class], URL [jar:file:/Users/wulonghui/.m2/repository/com/youzan/DCC-Client/1.1.0330-RELEASE/DCC-Client-1.1.0330-RELEASE.jar!/com/youzan/dcc/client/ConfigClient$ResponseCallbackWrapper.class], URL [jar:file:/Users/wulonghui/.m2/repository/com/youzan/DCC-Client/1.1.0330-RELEASE/DCC-Client-1.1.0330-RELEASE.jar!/com/youzan/dcc/client/ConfigClient.class], URL [jar:file:/Users/wulonghui/.m2/repository/com/youzan/DCC-Client/1.1.0330-RELEASE/DCC-Client-1.1.0330-RELEASE.jar!/com/youzan/dcc/client/ConfigClientBuilder.class], URL [jar:file:/Users/wulonghui/.m2/repository/com/youzan/DCC-Client/1.1.0330-RELEASE/DCC-Client-1.1.0330-RELEASE.jar!/com/youzan/dcc/client/connection/ConnectionManager$1$1.class], URL [jar:file:/Users/wulonghui/.m2/repository/com/youzan/DCC-Client/1.1.0330-RELEASE/DCC-Client-1.1.0330-RELEASE.jar!/com/youzan/dcc/client/connection/ConnectionManager$1.class], URL [jar:file:/Users/wulonghui/.m2/repository/com/youzan/DCC-Client/1.1.0330-RELEASE/DCC-Client-1.1.0330-RELEASE.jar!/com/youzan/dcc/client/connection/ConnectionManager.class], URL [jar:file:/Users/wulonghui/.m2/repository/com/youzan/DCC-Client/1.1.0330-RELEASE/DCC-Client-1.1.0330-RELEASE.jar!/com/youzan/dcc/client/connection/DCCConnectionManager$AbstractRetryCallback$ConfigRequestKey.class], URL [jar:file:/Users/wulonghui/.m2/repository/com/youzan/DCC-Client/1.1.0330-RELEASE/DCC-Client-1.1.0330-RELEASE.jar!/com/youzan/dcc/client/connection/DCCConnectionManager$AbstractRetryCallback.class], URL [jar:file:/Users/wulonghui/.m2/repository/com/youzan/DCC-Client/1.1.0330-RELEASE/DCC-Client-1.1.0330-RELEASE.jar!/com/youzan/dcc/client/connection/DCCConnectionManager$RetryCallback.class], URL [jar:file:/Users/wulonghui/.m2/repository/com/youzan/DCC-Client/1.1.0330-RELEASE/DCC-Client-1.1.0330-RELEASE.jar!/com/youzan/dcc/client/connection/DCCConnectionManager$RetryGETCallback.class], URL [jar:file:/Users/wulonghui/.m2/repository/com/youzan/DCC-Client/1.1.0330-RELEASE/DCC-Client-1.1.0330-RELEASE.jar!/com/youzan/dcc/client/connection/DCCConnectionManager$RetrySUBCallback.class], URL [jar:file:/Users/wulonghui/.m2/repository/com/youzan/DCC-Client/1.1.0330-RELEASE/DCC-Client-1.1.0330-RELEASE.jar!/com/youzan/dcc/client/connection/DCCConnectionManager.class], URL [jar:file:/Users/wulonghui/.m2/repository/com/youzan/DCC-Client/1.1.0330-RELEASE/DCC-Client-1.1.0330-RELEASE.jar!/com/youzan/dcc/client/connection/NamedThreadFactory$1.class], URL [jar:file:/Users/wulonghui/.m2/repository/com/youzan/DCC-Client/1.1.0330-RELEASE/DCC-Client-1.1.0330-RELEASE.jar!/com/youzan/dcc/client/connection/NamedThreadFactory.class], URL [jar:file:/Users/wulonghui/.m2/repository/com/youzan/DCC-Client/1.1.0330-RELEASE/DCC-Client-1.1.0330-RELEASE.jar!/com/youzan/dcc/client/entity/CallbackSubscribe$1.class], URL [jar:file:/Users/wulonghui/.m2/repository/com/youzan/DCC-Client/1.1.0330-RELEASE/DCC-Client-1.1.0330-RELEASE.jar!/com/youzan/dcc/client/entity/CallbackSubscribe$Status.class], URL [jar:file:/Users/wulonghui/.m2/repository/com/youzan/DCC-Client/1.1.0330-RELEASE/DCC-Client-1.1.0330-RELEASE.jar!/com/youzan/dcc/client/entity/CallbackSubscribe.class], URL [jar:file:/Users/wulonghui/.m2/repository/com/youzan/DCC-Client/1.1.0330-RELEASE/DCC-Client-1.1.0330-RELEASE.jar!/com/youzan/dcc/client/entity/command/AbstractCommand.class], URL [jar:file:/Users/wulonghui/.m2/repository/com/youzan/DCC-Client/1.1.0330-RELEASE/DCC-Client-1.1.0330-RELEASE.jar!/com/youzan/dcc/client/entity/command/Delete.class], URL [jar:file:/Users/wulonghui/.m2/repository/com/youzan/DCC-Client/1.1.0330-RELEASE/DCC-Client-1.1.0330-RELEASE.jar!/com/youzan/dcc/client/entity/command/interfaces/ICommand.class], URL [jar:file:/Users/wulonghui/.m2/repository/com/youzan/DCC-Client/1.1.0330-RELEASE/DCC-Client-1.1.0330-RELEASE.jar!/com/youzan/dcc/client/entity/command/Publish.class], URL [jar:file:/Users/wulonghui/.m2/repository/com/youzan/DCC-Client/1.1.0330-RELEASE/DCC-Client-1.1.0330-RELEASE.jar!/com/youzan/dcc/client/entity/command/Subscribe.class], URL [jar:file:/Users/wulonghui/.m2/repository/com/youzan/DCC-Client/1.1.0330-RELEASE/DCC-Client-1.1.0330-RELEASE.jar!/com/youzan/dcc/client/entity/config/AbstractConfig$ConfigRequestField.class], URL [jar:file:/Users/wulonghui/.m2/repository/com/youzan/DCC-Client/1.1.0330-RELEASE/DCC-Client-1.1.0330-RELEASE.jar!/com/youzan/dcc/client/entity/config/AbstractConfig.class], URL [jar:file:/Users/wulonghui/.m2/repository/com/youzan/DCC-Client/1.1.0330-RELEASE/DCC-Client-1.1.0330-RELEASE.jar!/com/youzan/dcc/client/entity/config/Config$ConfigField.class], URL [jar:file:/Users/wulonghui/.m2/repository/com/youzan/DCC-Client/1.1.0330-RELEASE/DCC-Client-1.1.0330-RELEASE.jar!/com/youzan/dcc/client/entity/config/Config$ConfigType.class], URL [jar:file:/Users/wulonghui/.m2/repository/com/youzan/DCC-Client/1.1.0330-RELEASE/DCC-Client-1.1.0330-RELEASE.jar!/com/youzan/dcc/client/entity/config/Config.class], URL [jar:file:/Users/wulonghui/.m2/repository/com/youzan/DCC-Client/1.1.0330-RELEASE/DCC-Client-1.1.0330-RELEASE.jar!/com/youzan/dcc/client/entity/config/ConfigBuilder.class], URL [jar:file:/Users/wulonghui/.m2/repository/com/youzan/DCC-Client/1.1.0330-RELEASE/DCC-Client-1.1.0330-RELEASE.jar!/com/youzan/dcc/client/entity/config/ConfigRequest.class], URL [jar:file:/Users/wulonghui/.m2/repository/com/youzan/DCC-Client/1.1.0330-RELEASE/DCC-Client-1.1.0330-RELEASE.jar!/com/youzan/dcc/client/entity/config/ConfigRequestBuilder.class], URL [jar:file:/Users/wulonghui/.m2/repository/com/youzan/DCC-Client/1.1.0330-RELEASE/DCC-Client-1.1.0330-RELEASE.jar!/com/youzan/dcc/client/entity/config/interfaces/IDCCConfig.class], URL [jar:file:/Users/wulonghui/.m2/repository/com/youzan/DCC-Client/1.1.0330-RELEASE/DCC-Client-1.1.0330-RELEASE.jar!/com/youzan/dcc/client/entity/config/interfaces/IDCCResponse.class], URL [jar:file:/Users/wulonghui/.m2/repository/com/youzan/DCC-Client/1.1.0330-RELEASE/DCC-Client-1.1.0330-RELEASE.jar!/com/youzan/dcc/client/entity/config/interfaces/IResponseCallback.class], URL [jar:file:/Users/wulonghui/.m2/repository/com/youzan/DCC-Client/1.1.0330-RELEASE/DCC-Client-1.1.0330-RELEASE.jar!/com/youzan/dcc/client/entity/config/interfaces/IStatus$Status.class], URL [jar:file:/Users/wulonghui/.m2/repository/com/youzan/DCC-Client/1.1.0330-RELEASE/DCC-Client-1.1.0330-RELEASE.jar!/com/youzan/dcc/client/entity/config/interfaces/IStatus.class], URL [jar:file:/Users/wulonghui/.m2/repository/com/youzan/DCC-Client/1.1.0330-RELEASE/DCC-Client-1.1.0330-RELEASE.jar!/com/youzan/dcc/client/entity/ConfigPair.class], URL [jar:file:/Users/wulonghui/.m2/repository/com/youzan/DCC-Client/1.1.0330-RELEASE/DCC-Client-1.1.0330-RELEASE.jar!/com/youzan/dcc/client/entity/ConnectionStatus.class], URL [jar:file:/Users/wulonghui/.m2/repository/com/youzan/DCC-Client/1.1.0330-RELEASE/DCC-Client-1.1.0330-RELEASE.jar!/com/youzan/dcc/client/entity/PoolingResponseCallback.class], URL [jar:file:/Users/wulonghui/.m2/repository/com/youzan/DCC-Client/1.1.0330-RELEASE/DCC-Client-1.1.0330-RELEASE.jar!/com/youzan/dcc/client/entity/SubscribePoolingManager$1.class], URL [jar:file:/Users/wulonghui/.m2/repository/com/youzan/DCC-Client/1.1.0330-RELEASE/DCC-Client-1.1.0330-RELEASE.jar!/com/youzan/dcc/client/entity/SubscribePoolingManager$2.class], URL [jar:file:/Users/wulonghui/.m2/repository/com/youzan/DCC-Client/1.1.0330-RELEASE/DCC-Client-1.1.0330-RELEASE.jar!/com/youzan/dcc/client/entity/SubscribePoolingManager$ConfigPairsKey.class], URL [jar:file:/Users/wulonghui/.m2/repository/com/youzan/DCC-Client/1.1.0330-RELEASE/DCC-Client-1.1.0330-RELEASE.jar!/com/youzan/dcc/client/entity/SubscribePoolingManager.class], URL [jar:file:/Users/wulonghui/.m2/repository/com/youzan/DCC-Client/1.1.0330-RELEASE/DCC-Client-1.1.0330-RELEASE.jar!/com/youzan/dcc/client/exceptions/CallBackException.class], URL [jar:file:/Users/wulonghui/.m2/repository/com/youzan/DCC-Client/1.1.0330-RELEASE/DCC-Client-1.1.0330-RELEASE.jar!/com/youzan/dcc/client/exceptions/ClientException.class], URL [jar:file:/Users/wulonghui/.m2/repository/com/youzan/DCC-Client/1.1.0330-RELEASE/DCC-Client-1.1.0330-RELEASE.jar!/com/youzan/dcc/client/exceptions/ClientRuntimeException.class], URL [jar:file:/Users/wulonghui/.m2/repository/com/youzan/DCC-Client/1.1.0330-RELEASE/DCC-Client-1.1.0330-RELEASE.jar!/com/youzan/dcc/client/exceptions/ConfigParserException.class], URL [jar:file:/Users/wulonghui/.m2/repository/com/youzan/DCC-Client/1.1.0330-RELEASE/DCC-Client-1.1.0330-RELEASE.jar!/com/youzan/dcc/client/exceptions/InvalidConfigException.class], URL [jar:file:/Users/wulonghui/.m2/repository/com/youzan/DCC-Client/1.1.0330-RELEASE/DCC-Client-1.1.0330-RELEASE.jar!/com/youzan/dcc/client/IConfigClient.class], URL [jar:file:/Users/wulonghui/.m2/repository/com/youzan/DCC-Client/1.1.0330-RELEASE/DCC-Client-1.1.0330-RELEASE.jar!/com/youzan/dcc/client/util/AbstractDCCConfigBuilder.class], URL [jar:file:/Users/wulonghui/.m2/repository/com/youzan/DCC-Client/1.1.0330-RELEASE/DCC-Client-1.1.0330-RELEASE.jar!/com/youzan/dcc/client/util/inetrfaces/ClientConfig.class], URL [jar:file:/Users/wulonghui/.m2/repository/com/youzan/DCC-Client/1.1.0330-RELEASE/DCC-Client-1.1.0330-RELEASE.jar!/com/youzan/dcc/client/util/inetrfaces/IConfig.class], URL [jar:file:/Users/wulonghui/.m2/repository/com/youzan/DCC-Client/1.1.0330-RELEASE/DCC-Client-1.1.0330-RELEASE.jar!/com/youzan/dcc/client/util/SystemUtils.class], URL [jar:file:/Users/wulonghui/.m2/repository/com/youzan/DCC-Client/1.1.0330-RELEASE/DCC-Client-1.1.0330-RELEASE.jar!/com/youzan/dcc/client/Version.class], URL [jar:file:/Users/wulonghui/.m2/repository/com/youzan/httpasyncclient/4.1.2-RELEASE/httpasyncclient-4.1.2-RELEASE.jar!/com/youzan/http/impl/nio/client/AbstractClientExchangeHandler$1.class], URL [jar:file:/Users/wulonghui/.m2/repository/com/youzan/httpasyncclient/4.1.2-RELEASE/httpasyncclient-4.1.2-RELEASE.jar!/com/youzan/http/impl/nio/client/AbstractClientExchangeHandler.class], URL [jar:file:/Users/wulonghui/.m2/repository/com/youzan/httpasyncclient/4.1.2-RELEASE/httpasyncclient-4.1.2-RELEASE.jar!/com/youzan/http/impl/nio/client/AbstractHttpAsyncClient$1.class], URL [jar:file:/Users/wulonghui/.m2/repository/com/youzan/httpasyncclient/4.1.2-RELEASE/httpasyncclient-4.1.2-RELEASE.jar!/com/youzan/http/impl/nio/client/AbstractHttpAsyncClient.class], URL [jar:file:/Users/wulonghui/.m2/repository/com/youzan/httpasyncclient/4.1.2-RELEASE/httpasyncclient-4.1.2-RELEASE.jar!/com/youzan/http/impl/nio/client/CloseableHttpAsyncClient.class], URL [jar:file:/Users/wulonghui/.m2/repository/com/youzan/httpasyncclient/4.1.2-RELEASE/httpasyncclient-4.1.2-RELEASE.jar!/com/youzan/http/impl/nio/client/CloseableHttpAsyncClientBase$1.class], URL [jar:file:/Users/wulonghui/.m2/repository/com/youzan/httpasyncclient/4.1.2-RELEASE/httpasyncclient-4.1.2-RELEASE.jar!/com/youzan/http/impl/nio/client/CloseableHttpAsyncClientBase$Status.class], URL [jar:file:/Users/wulonghui/.m2/repository/com/youzan/httpasyncclient/4.1.2-RELEASE/httpasyncclient-4.1.2-RELEASE.jar!/com/youzan/http/impl/nio/client/CloseableHttpAsyncClientBase.class], URL [jar:file:/Users/wulonghui/.m2/repository/com/youzan/httpasyncclient/4.1.2-RELEASE/httpasyncclient-4.1.2-RELEASE.jar!/com/youzan/http/impl/nio/client/CloseableHttpPipeliningClient.class], URL [jar:file:/Users/wulonghui/.m2/repository/com/youzan/httpasyncclient/4.1.2-RELEASE/httpasyncclient-4.1.2-RELEASE.jar!/com/youzan/http/impl/nio/client/DefaultAsyncRequestDirector$1.class], URL [jar:file:/Users/wulonghui/.m2/repository/com/youzan/httpasyncclient/4.1.2-RELEASE/httpasyncclient-4.1.2-RELEASE.jar!/com/youzan/http/impl/nio/client/DefaultAsyncRequestDirector$InternalFutureCallback.class], URL [jar:file:/Users/wulonghui/.m2/repository/com/youzan/httpasyncclient/4.1.2-RELEASE/httpasyncclient-4.1.2-RELEASE.jar!/com/youzan/http/impl/nio/client/DefaultAsyncRequestDirector.class], URL [jar:file:/Users/wulonghui/.m2/repository/com/youzan/httpasyncclient/4.1.2-RELEASE/httpasyncclient-4.1.2-RELEASE.jar!/com/youzan/http/impl/nio/client/DefaultAsyncUserTokenHandler.class], URL [jar:file:/Users/wulonghui/.m2/repository/com/youzan/httpasyncclient/4.1.2-RELEASE/httpasyncclient-4.1.2-RELEASE.jar!/com/youzan/http/impl/nio/client/DefaultClientExchangeHandlerImpl.class], URL [jar:file:/Users/wulonghui/.m2/repository/com/youzan/httpasyncclient/4.1.2-RELEASE/httpasyncclient-4.1.2-RELEASE.jar!/com/youzan/http/impl/nio/client/DefaultHttpAsyncClient.class], URL [jar:file:/Users/wulonghui/.m2/repository/com/youzan/httpasyncclient/4.1.2-RELEASE/httpasyncclient-4.1.2-RELEASE.jar!/com/youzan/http/impl/nio/client/DefaultResultCallback.class], URL [jar:file:/Users/wulonghui/.m2/repository/com/youzan/httpasyncclient/4.1.2-RELEASE/httpasyncclient-4.1.2-RELEASE.jar!/com/youzan/http/impl/nio/client/HttpAsyncClientBuilder.class], URL [jar:file:/Users/wulonghui/.m2/repository/com/youzan/httpasyncclient/4.1.2-RELEASE/httpasyncclient-4.1.2-RELEASE.jar!/com/youzan/http/impl/nio/client/HttpAsyncClients.class], URL [jar:file:/Users/wulonghui/.m2/repository/com/youzan/httpasyncclient/4.1.2-RELEASE/httpasyncclient-4.1.2-RELEASE.jar!/com/youzan/http/impl/nio/client/InternalClientExec.class], URL [jar:file:/Users/wulonghui/.m2/repository/com/youzan/httpasyncclient/4.1.2-RELEASE/httpasyncclient-4.1.2-RELEASE.jar!/com/youzan/http/impl/nio/client/InternalHttpAsyncClient.class], URL [jar:file:/Users/wulonghui/.m2/repository/com/youzan/httpasyncclient/4.1.2-RELEASE/httpasyncclient-4.1.2-RELEASE.jar!/com/youzan/http/impl/nio/client/InternalIODispatch.class], URL [jar:file:/Users/wulonghui/.m2/repository/com/youzan/httpasyncclient/4.1.2-RELEASE/httpasyncclient-4.1.2-RELEASE.jar!/com/youzan/http/impl/nio/client/InternalIOReactorExceptionHandler.class], URL [jar:file:/Users/wulonghui/.m2/repository/com/youzan/httpasyncclient/4.1.2-RELEASE/httpasyncclient-4.1.2-RELEASE.jar!/com/youzan/http/impl/nio/client/InternalRequestExecutor.class], URL [jar:file:/Users/wulonghui/.m2/repository/com/youzan/httpasyncclient/4.1.2-RELEASE/httpasyncclient-4.1.2-RELEASE.jar!/com/youzan/http/impl/nio/client/InternalState.class], URL [jar:file:/Users/wulonghui/.m2/repository/com/youzan/httpasyncclient/4.1.2-RELEASE/httpasyncclient-4.1.2-RELEASE.jar!/com/youzan/http/impl/nio/client/IOReactorUtils.class], URL [jar:file:/Users/wulonghui/.m2/repository/com/youzan/httpasyncclient/4.1.2-RELEASE/httpasyncclient-4.1.2-RELEASE.jar!/com/youzan/http/impl/nio/client/MainClientExec.class], URL [jar:file:/Users/wulonghui/.m2/repository/com/youzan/httpasyncclient/4.1.2-RELEASE/httpasyncclient-4.1.2-RELEASE.jar!/com/youzan/http/impl/nio/client/MinimalClientExchangeHandlerImpl.class], URL [jar:file:/Users/wulonghui/.m2/repository/com/youzan/httpasyncclient/4.1.2-RELEASE/httpasyncclient-4.1.2-RELEASE.jar!/com/youzan/http/impl/nio/client/MinimalHttpAsyncClient.class], URL [jar:file:/Users/wulonghui/.m2/repository/com/youzan/httpasyncclient/4.1.2-RELEASE/httpasyncclient-4.1.2-RELEASE.jar!/com/youzan/http/impl/nio/client/MinimalHttpAsyncClientBuilder.class], URL [jar:file:/Users/wulonghui/.m2/repository/com/youzan/httpasyncclient/4.1.2-RELEASE/httpasyncclient-4.1.2-RELEASE.jar!/com/youzan/http/impl/nio/client/ParamConfig.class], URL [jar:file:/Users/wulonghui/.m2/repository/com/youzan/httpasyncclient/4.1.2-RELEASE/httpasyncclient-4.1.2-RELEASE.jar!/com/youzan/http/impl/nio/client/PipeliningClientExchangeHandlerImpl.class], URL [jar:file:/Users/wulonghui/.m2/repository/com/youzan/httpasyncclient/4.1.2-RELEASE/httpasyncclient-4.1.2-RELEASE.jar!/com/youzan/http/impl/nio/client/ResultCallback.class], URL [jar:file:/Users/wulonghui/.m2/repository/com/youzan/httpasyncclient/4.1.2-RELEASE/httpasyncclient-4.1.2-RELEASE.jar!/com/youzan/http/impl/nio/conn/AsyncSchemeRegistryFactory.class], URL [jar:file:/Users/wulonghui/.m2/repository/com/youzan/httpasyncclient/4.1.2-RELEASE/httpasyncclient-4.1.2-RELEASE.jar!/com/youzan/http/impl/nio/conn/CPool.class], URL [jar:file:/Users/wulonghui/.m2/repository/com/youzan/httpasyncclient/4.1.2-RELEASE/httpasyncclient-4.1.2-RELEASE.jar!/com/youzan/http/impl/nio/conn/CPoolEntry.class], URL [jar:file:/Users/wulonghui/.m2/repository/com/youzan/httpasyncclient/4.1.2-RELEASE/httpasyncclient-4.1.2-RELEASE.jar!/com/youzan/http/impl/nio/conn/CPoolProxy.class], URL [jar:file:/Users/wulonghui/.m2/repository/com/youzan/httpasyncclient/4.1.2-RELEASE/httpasyncclient-4.1.2-RELEASE.jar!/com/youzan/http/impl/nio/conn/DefaultClientAsyncConnection.class], URL [jar:file:/Users/wulonghui/.m2/repository/com/youzan/httpasyncclient/4.1.2-RELEASE/httpasyncclient-4.1.2-RELEASE.jar!/com/youzan/http/impl/nio/conn/DefaultClientAsyncConnectionFactory.class], URL [jar:file:/Users/wulonghui/.m2/repository/com/youzan/httpasyncclient/4.1.2-RELEASE/httpasyncclient-4.1.2-RELEASE.jar!/com/youzan/http/impl/nio/conn/DefaultHttpAsyncRoutePlanner.class], URL [jar:file:/Users/wulonghui/.m2/repository/com/youzan/httpasyncclient/4.1.2-RELEASE/httpasyncclient-4.1.2-RELEASE.jar!/com/youzan/http/impl/nio/conn/HttpNIOConnPool.class], URL [jar:file:/Users/wulonghui/.m2/repository/com/youzan/httpasyncclient/4.1.2-RELEASE/httpasyncclient-4.1.2-RELEASE.jar!/com/youzan/http/impl/nio/conn/HttpNIOConnPoolFactory.class], URL [jar:file:/Users/wulonghui/.m2/repository/com/youzan/httpasyncclient/4.1.2-RELEASE/httpasyncclient-4.1.2-RELEASE.jar!/com/youzan/http/impl/nio/conn/HttpPoolEntry.class], URL [jar:file:/Users/wulonghui/.m2/repository/com/youzan/httpasyncclient/4.1.2-RELEASE/httpasyncclient-4.1.2-RELEASE.jar!/com/youzan/http/impl/nio/conn/LoggingIOSession$LoggingByteChannel.class], URL [jar:file:/Users/wulonghui/.m2/repository/com/youzan/httpasyncclient/4.1.2-RELEASE/httpasyncclient-4.1.2-RELEASE.jar!/com/youzan/http/impl/nio/conn/LoggingIOSession.class], URL [jar:file:/Users/wulonghui/.m2/repository/com/youzan/httpasyncclient/4.1.2-RELEASE/httpasyncclient-4.1.2-RELEASE.jar!/com/youzan/http/impl/nio/conn/ManagedClientAsyncConnectionImpl.class], URL [jar:file:/Users/wulonghui/.m2/repository/com/youzan/httpasyncclient/4.1.2-RELEASE/httpasyncclient-4.1.2-RELEASE.jar!/com/youzan/http/impl/nio/conn/ManagedNHttpClientConnectionFactory.class], URL [jar:file:/Users/wulonghui/.m2/repository/com/youzan/httpasyncclient/4.1.2-RELEASE/httpasyncclient-4.1.2-RELEASE.jar!/com/youzan/http/impl/nio/conn/ManagedNHttpClientConnectionImpl.class], URL [jar:file:/Users/wulonghui/.m2/repository/com/youzan/httpasyncclient/4.1.2-RELEASE/httpasyncclient-4.1.2-RELEASE.jar!/com/youzan/http/impl/nio/conn/PoolingClientAsyncConnectionManager$InternalPoolEntryCallback.class], URL [jar:file:/Users/wulonghui/.m2/repository/com/youzan/httpasyncclient/4.1.2-RELEASE/httpasyncclient-4.1.2-RELEASE.jar!/com/youzan/http/impl/nio/conn/PoolingClientAsyncConnectionManager.class], URL [jar:file:/Users/wulonghui/.m2/repository/com/youzan/httpasyncclient/4.1.2-RELEASE/httpasyncclient-4.1.2-RELEASE.jar!/com/youzan/http/impl/nio/conn/PoolingNHttpClientConnectionManager$ConfigData.class], URL [jar:file:/Users/wulonghui/.m2/repository/com/youzan/httpasyncclient/4.1.2-RELEASE/httpasyncclient-4.1.2-RELEASE.jar!/com/youzan/http/impl/nio/conn/PoolingNHttpClientConnectionManager$InternalAddressResolver.class], URL [jar:file:/Users/wulonghui/.m2/repository/com/youzan/httpasyncclient/4.1.2-RELEASE/httpasyncclient-4.1.2-RELEASE.jar!/com/youzan/http/impl/nio/conn/PoolingNHttpClientConnectionManager$InternalConnectionFactory.class], URL [jar:file:/Users/wulonghui/.m2/repository/com/youzan/httpasyncclient/4.1.2-RELEASE/httpasyncclient-4.1.2-RELEASE.jar!/com/youzan/http/impl/nio/conn/PoolingNHttpClientConnectionManager$InternalPoolEntryCallback.class], URL [jar:file:/Users/wulonghui/.m2/repository/com/youzan/httpasyncclient/4.1.2-RELEASE/httpasyncclient-4.1.2-RELEASE.jar!/com/youzan/http/impl/nio/conn/PoolingNHttpClientConnectionManager.class], URL [jar:file:/Users/wulonghui/.m2/repository/com/youzan/httpasyncclient/4.1.2-RELEASE/httpasyncclient-4.1.2-RELEASE.jar!/com/youzan/http/impl/nio/conn/Wire.class], URL [jar:file:/Users/wulonghui/.m2/repository/com/youzan/httpasyncclient/4.1.2-RELEASE/httpasyncclient-4.1.2-RELEASE.jar!/com/youzan/http/nio/client/HttpAsyncClient.class], URL [jar:file:/Users/wulonghui/.m2/repository/com/youzan/httpasyncclient/4.1.2-RELEASE/httpasyncclient-4.1.2-RELEASE.jar!/com/youzan/http/nio/client/HttpPipeliningClient.class], URL [jar:file:/Users/wulonghui/.m2/repository/com/youzan/httpasyncclient/4.1.2-RELEASE/httpasyncclient-4.1.2-RELEASE.jar!/com/youzan/http/nio/client/methods/AsyncByteConsumer.class], URL [jar:file:/Users/wulonghui/.m2/repository/com/youzan/httpasyncclient/4.1.2-RELEASE/httpasyncclient-4.1.2-RELEASE.jar!/com/youzan/http/nio/client/methods/AsyncCharConsumer.class], URL [jar:file:/Users/wulonghui/.m2/repository/com/youzan/httpasyncclient/4.1.2-RELEASE/httpasyncclient-4.1.2-RELEASE.jar!/com/youzan/http/nio/client/methods/BaseZeroCopyRequestProducer.class], URL [jar:file:/Users/wulonghui/.m2/repository/com/youzan/httpasyncclient/4.1.2-RELEASE/httpasyncclient-4.1.2-RELEASE.jar!/com/youzan/http/nio/client/methods/HttpAsyncMethods$1.class], URL [jar:file:/Users/wulonghui/.m2/repository/com/youzan/httpasyncclient/4.1.2-RELEASE/httpasyncclient-4.1.2-RELEASE.jar!/com/youzan/http/nio/client/methods/HttpAsyncMethods$RequestProducerImpl.class], URL [jar:file:/Users/wulonghui/.m2/repository/com/youzan/httpasyncclient/4.1.2-RELEASE/httpasyncclient-4.1.2-RELEASE.jar!/com/youzan/http/nio/client/methods/HttpAsyncMethods.class], URL [jar:file:/Users/wulonghui/.m2/repository/com/youzan/httpasyncclient/4.1.2-RELEASE/httpasyncclient-4.1.2-RELEASE.jar!/com/youzan/http/nio/client/methods/ZeroCopyConsumer.class], URL [jar:file:/Users/wulonghui/.m2/repository/com/youzan/httpasyncclient/4.1.2-RELEASE/httpasyncclient-4.1.2-RELEASE.jar!/com/youzan/http/nio/client/methods/ZeroCopyPost.class], URL [jar:file:/Users/wulonghui/.m2/repository/com/youzan/httpasyncclient/4.1.2-RELEASE/httpasyncclient-4.1.2-RELEASE.jar!/com/youzan/http/nio/client/methods/ZeroCopyPut.class], URL [jar:file:/Users/wulonghui/.m2/repository/com/youzan/httpasyncclient/4.1.2-RELEASE/httpasyncclient-4.1.2-RELEASE.jar!/com/youzan/http/nio/client/util/HttpAsyncClientUtils.class], URL [jar:file:/Users/wulonghui/.m2/repository/com/youzan/httpasyncclient/4.1.2-RELEASE/httpasyncclient-4.1.2-RELEASE.jar!/com/youzan/http/nio/conn/ClientAsyncConnection.class], URL [jar:file:/Users/wulonghui/.m2/repository/com/youzan/httpasyncclient/4.1.2-RELEASE/httpasyncclient-4.1.2-RELEASE.jar!/com/youzan/http/nio/conn/ClientAsyncConnectionFactory.class], URL [jar:file:/Users/wulonghui/.m2/repository/com/youzan/httpasyncclient/4.1.2-RELEASE/httpasyncclient-4.1.2-RELEASE.jar!/com/youzan/http/nio/conn/ClientAsyncConnectionManager.class], URL [jar:file:/Users/wulonghui/.m2/repository/com/youzan/httpasyncclient/4.1.2-RELEASE/httpasyncclient-4.1.2-RELEASE.jar!/com/youzan/http/nio/conn/ManagedClientAsyncConnection.class], URL [jar:file:/Users/wulonghui/.m2/repository/com/youzan/httpasyncclient/4.1.2-RELEASE/httpasyncclient-4.1.2-RELEASE.jar!/com/youzan/http/nio/conn/ManagedNHttpClientConnection.class], URL [jar:file:/Users/wulonghui/.m2/repository/com/youzan/httpasyncclient/4.1.2-RELEASE/httpasyncclient-4.1.2-RELEASE.jar!/com/youzan/http/nio/conn/NHttpClientConnectionManager.class], URL [jar:file:/Users/wulonghui/.m2/repository/com/youzan/httpasyncclient/4.1.2-RELEASE/httpasyncclient-4.1.2-RELEASE.jar!/com/youzan/http/nio/conn/NHttpConnectionFactory.class], URL [jar:file:/Users/wulonghui/.m2/repository/com/youzan/httpasyncclient/4.1.2-RELEASE/httpasyncclient-4.1.2-RELEASE.jar!/com/youzan/http/nio/conn/NoopIOSessionStrategy.class], URL [jar:file:/Users/wulonghui/.m2/repository/com/youzan/httpasyncclient/4.1.2-RELEASE/httpasyncclient-4.1.2-RELEASE.jar!/com/youzan/http/nio/conn/scheme/AsyncScheme.class], URL [jar:file:/Users/wulonghui/.m2/repository/com/youzan/httpasyncclient/4.1.2-RELEASE/httpasyncclient-4.1.2-RELEASE.jar!/com/youzan/http/nio/conn/scheme/AsyncSchemeRegistry.class], URL [jar:file:/Users/wulonghui/.m2/repository/com/youzan/httpasyncclient/4.1.2-RELEASE/httpasyncclient-4.1.2-RELEASE.jar!/com/youzan/http/nio/conn/scheme/LayeringStrategy.class], URL [jar:file:/Users/wulonghui/.m2/repository/com/youzan/httpasyncclient/4.1.2-RELEASE/httpasyncclient-4.1.2-RELEASE.jar!/com/youzan/http/nio/conn/SchemeIOSessionStrategy.class], URL [jar:file:/Users/wulonghui/.m2/repository/com/youzan/httpasyncclient/4.1.2-RELEASE/httpasyncclient-4.1.2-RELEASE.jar!/com/youzan/http/nio/conn/ssl/SSLIOSessionStrategy$1.class], URL [jar:file:/Users/wulonghui/.m2/repository/com/youzan/httpasyncclient/4.1.2-RELEASE/httpasyncclient-4.1.2-RELEASE.jar!/com/youzan/http/nio/conn/ssl/SSLIOSessionStrategy.class], URL [jar:file:/Users/wulonghui/.m2/repository/com/youzan/httpasyncclient/4.1.2-RELEASE/httpasyncclient-4.1.2-RELEASE.jar!/com/youzan/http/nio/conn/ssl/SSLLayeringStrategy$1.class], URL [jar:file:/Users/wulonghui/.m2/repository/com/youzan/httpasyncclient/4.1.2-RELEASE/httpasyncclient-4.1.2-RELEASE.jar!/com/youzan/http/nio/conn/ssl/SSLLayeringStrategy.class], URL [jar:file:/Users/wulonghui/.m2/repository/com/youzan/httpasyncclient/4.1.2-RELEASE/httpasyncclient-4.1.2-RELEASE.jar!/com/youzan/http/nio/conn/ssl/TrustManagerDecorator.class], URL [jar:file:/Users/wulonghui/.m2/repository/com/youzan/pay/merchant-api/0.0.7-20170804-RELEASE/merchant-api-0.0.7-20170804-RELEASE.jar!/com/youzan/pay/customer/api/AuthenticationService.class], URL [jar:file:/Users/wulonghui/.m2/repository/com/youzan/pay/merchant-api/0.0.7-20170804-RELEASE/merchant-api-0.0.7-20170804-RELEASE.jar!/com/youzan/pay/customer/api/enums/MerchantContractStatusEnum.class], URL [jar:file:/Users/wulonghui/.m2/repository/com/youzan/pay/merchant-api/0.0.7-20170804-RELEASE/merchant-api-0.0.7-20170804-RELEASE.jar!/com/youzan/pay/customer/api/MerchantAccountService.class], URL [jar:file:/Users/wulonghui/.m2/repository/com/youzan/pay/merchant-api/0.0.7-20170804-RELEASE/merchant-api-0.0.7-20170804-RELEASE.jar!/com/youzan/pay/customer/api/MerchantLoginService.class], URL [jar:file:/Users/wulonghui/.m2/repository/com/youzan/pay/merchant-api/0.0.7-20170804-RELEASE/merchant-api-0.0.7-20170804-RELEASE.jar!/com/youzan/pay/customer/api/MerchantTradeService.class], URL [jar:file:/Users/wulonghui/.m2/repository/com/youzan/pay/merchant-api/0.0.7-20170804-RELEASE/merchant-api-0.0.7-20170804-RELEASE.jar!/com/youzan/pay/customer/api/product/constant/ExtendConst.class], URL [jar:file:/Users/wulonghui/.m2/repository/com/youzan/pay/merchant-api/0.0.7-20170804-RELEASE/merchant-api-0.0.7-20170804-RELEASE.jar!/com/youzan/pay/customer/api/product/request/BatchTerminateContractRequest.class], URL [jar:file:/Users/wulonghui/.m2/repository/com/youzan/pay/merchant-api/0.0.7-20170804-RELEASE/merchant-api-0.0.7-20170804-RELEASE.jar!/com/youzan/pay/customer/api/product/request/FetchCodesRequest.class], URL [jar:file:/Users/wulonghui/.m2/repository/com/youzan/pay/merchant-api/0.0.7-20170804-RELEASE/merchant-api-0.0.7-20170804-RELEASE.jar!/com/youzan/pay/customer/api/product/request/FetchUsableProductsRequest.class], URL [jar:file:/Users/wulonghui/.m2/repository/com/youzan/pay/merchant-api/0.0.7-20170804-RELEASE/merchant-api-0.0.7-20170804-RELEASE.jar!/com/youzan/pay/customer/api/product/request/TerminateContractRequest.class], URL [jar:file:/Users/wulonghui/.m2/repository/com/youzan/pay/merchant-api/0.0.7-20170804-RELEASE/merchant-api-0.0.7-20170804-RELEASE.jar!/com/youzan/pay/customer/api/product/result/ProductInfoDTO.class], URL [jar:file:/Users/wulonghui/.m2/repository/com/youzan/pay/merchant-api/0.0.7-20170804-RELEASE/merchant-api-0.0.7-20170804-RELEASE.jar!/com/youzan/pay/customer/api/product/UnifiedBizCodeService.class], URL [jar:file:/Users/wulonghui/.m2/repository/com/youzan/pay/merchant-api/0.0.7-20170804-RELEASE/merchant-api-0.0.7-20170804-RELEASE.jar!/com/youzan/pay/customer/api/request/ApplyWithDrawRequest.class], URL [jar:file:/Users/wulonghui/.m2/repository/com/youzan/pay/merchant-api/0.0.7-20170804-RELEASE/merchant-api-0.0.7-20170804-RELEASE.jar!/com/youzan/pay/customer/api/request/CheckRequest.class], URL [jar:file:/Users/wulonghui/.m2/repository/com/youzan/pay/merchant-api/0.0.7-20170804-RELEASE/merchant-api-0.0.7-20170804-RELEASE.jar!/com/youzan/pay/customer/api/request/MchAccountVO.class], URL [jar:file:/Users/wulonghui/.m2/repository/com/youzan/pay/merchant-api/0.0.7-20170804-RELEASE/merchant-api-0.0.7-20170804-RELEASE.jar!/com/youzan/pay/customer/api/request/MerchantRegRequest.class], URL [jar:file:/Users/wulonghui/.m2/repository/com/youzan/pay/merchant-api/0.0.7-20170804-RELEASE/merchant-api-0.0.7-20170804-RELEASE.jar!/com/youzan/pay/customer/api/request/MerchantTradeQueryRequest.class], URL [jar:file:/Users/wulonghui/.m2/repository/com/youzan/pay/merchant-api/0.0.7-20170804-RELEASE/merchant-api-0.0.7-20170804-RELEASE.jar!/com/youzan/pay/customer/api/request/MerchantUserRegRequest.class], URL [jar:file:/Users/wulonghui/.m2/repository/com/youzan/pay/merchant-api/0.0.7-20170804-RELEASE/merchant-api-0.0.7-20170804-RELEASE.jar!/com/youzan/pay/customer/api/request/QueryBaseRequest.class], URL [jar:file:/Users/wulonghui/.m2/repository/com/youzan/pay/merchant-api/0.0.7-20170804-RELEASE/merchant-api-0.0.7-20170804-RELEASE.jar!/com/youzan/pay/customer/api/request/QueryBoundCardRequest.class], URL [jar:file:/Users/wulonghui/.m2/repository/com/youzan/pay/merchant-api/0.0.7-20170804-RELEASE/merchant-api-0.0.7-20170804-RELEASE.jar!/com/youzan/pay/customer/api/request/QueryConfigRequest.class], URL [jar:file:/Users/wulonghui/.m2/repository/com/youzan/pay/merchant-api/0.0.7-20170804-RELEASE/merchant-api-0.0.7-20170804-RELEASE.jar!/com/youzan/pay/customer/api/request/QuerySignKeyRequest.class], URL [jar:file:/Users/wulonghui/.m2/repository/com/youzan/pay/merchant-api/0.0.7-20170804-RELEASE/merchant-api-0.0.7-20170804-RELEASE.jar!/com/youzan/pay/customer/api/result/AccountAvailableBalanceResult.class], URL [jar:file:/Users/wulonghui/.m2/repository/com/youzan/pay/merchant-api/0.0.7-20170804-RELEASE/merchant-api-0.0.7-20170804-RELEASE.jar!/com/youzan/pay/customer/api/result/BaseResult.class], URL [jar:file:/Users/wulonghui/.m2/repository/com/youzan/pay/merchant-api/0.0.7-20170804-RELEASE/merchant-api-0.0.7-20170804-RELEASE.jar!/com/youzan/pay/customer/api/result/GenerateUserNoResult.class], URL [jar:file:/Users/wulonghui/.m2/repository/com/youzan/pay/merchant-api/0.0.7-20170804-RELEASE/merchant-api-0.0.7-20170804-RELEASE.jar!/com/youzan/pay/customer/api/result/MerchantAccountingSummaryResult$AccountingSummary.class], URL [jar:file:/Users/wulonghui/.m2/repository/com/youzan/pay/merchant-api/0.0.7-20170804-RELEASE/merchant-api-0.0.7-20170804-RELEASE.jar!/com/youzan/pay/customer/api/result/MerchantContractResult.class], URL [jar:file:/Users/wulonghui/.m2/repository/com/youzan/pay/merchant-api/0.0.7-20170804-RELEASE/merchant-api-0.0.7-20170804-RELEASE.jar!/com/youzan/pay/customer/api/result/MerchantProductInfo$PayChannel.class], URL [jar:file:/Users/wulonghui/.m2/repository/com/youzan/pay/merchant-api/0.0.7-20170804-RELEASE/merchant-api-0.0.7-20170804-RELEASE.jar!/com/youzan/pay/customer/api/result/MerchantSalesStatInfo$StatInfo.class], URL [jar:file:/Users/wulonghui/.m2/repository/com/youzan/pay/merchant-api/0.0.7-20170804-RELEASE/merchant-api-0.0.7-20170804-RELEASE.jar!/com/youzan/pay/customer/api/result/MerchantSignContractInfoResult.class], URL [jar:file:/Users/wulonghui/.m2/repository/com/youzan/pay/merchant-api/0.0.7-20170804-RELEASE/merchant-api-0.0.7-20170804-RELEASE.jar!/com/youzan/pay/customer/api/result/PayToolConfig.class], URL [jar:file:/Users/wulonghui/.m2/repository/com/youzan/pay/merchant-api/0.0.7-20170804-RELEASE/merchant-api-0.0.7-20170804-RELEASE.jar!/com/youzan/pay/customer/api/result/QuerySignKeyResult.class], URL [jar:file:/Users/wulonghui/.m2/repository/com/youzan/pay/merchant-api/0.0.7-20170804-RELEASE/merchant-api-0.0.7-20170804-RELEASE.jar!/com/youzan/pay/customer/api/result/SubMerchantNameInfoResult.class], URL [jar:file:/Users/wulonghui/.m2/repository/com/youzan/pay/merchant-api/0.0.7-20170804-RELEASE/merchant-api-0.0.7-20170804-RELEASE.jar!/com/youzan/pay/customer/api/result/VerifyResult.class], URL [jar:file:/Users/wulonghui/.m2/repository/com/youzan/pay/merchant-api/0.0.7-20170804-RELEASE/merchant-api-0.0.7-20170804-RELEASE.jar!/com/youzan/pay/customer/api/ScheduledJobService.class], URL [jar:file:/Users/wulonghui/.m2/repository/com/youzan/pay/merchant-api/0.0.7-20170804-RELEASE/merchant-api-0.0.7-20170804-RELEASE.jar!/com/youzan/pay/customer/api/BankCardService.class], URL [jar:file:/Users/wulonghui/.m2/repository/com/youzan/pay/merchant-api/0.0.7-20170804-RELEASE/merchant-api-0.0.7-20170804-RELEASE.jar!/com/youzan/pay/customer/api/enums/ContractBusiTypeEnum.class], URL [jar:file:/Users/wulonghui/.m2/repository/com/youzan/pay/merchant-api/0.0.7-20170804-RELEASE/merchant-api-0.0.7-20170804-RELEASE.jar!/com/youzan/pay/customer/api/enums/MerchantContractTypeEnum.class], URL [jar:file:/Users/wulonghui/.m2/repository/com/youzan/pay/merchant-api/0.0.7-20170804-RELEASE/merchant-api-0.0.7-20170804-RELEASE.jar!/com/youzan/pay/customer/api/FundOperationService.class], URL [jar:file:/Users/wulonghui/.m2/repository/com/youzan/pay/merchant-api/0.0.7-20170804-RELEASE/merchant-api-0.0.7-20170804-RELEASE.jar!/com/youzan/pay/customer/api/MerchantContractService.class], URL [jar:file:/Users/wulonghui/.m2/repository/com/youzan/pay/merchant-api/0.0.7-20170804-RELEASE/merchant-api-0.0.7-20170804-RELEASE.jar!/com/youzan/pay/customer/api/MerchantService.class], URL [jar:file:/Users/wulonghui/.m2/repository/com/youzan/pay/merchant-api/0.0.7-20170804-RELEASE/merchant-api-0.0.7-20170804-RELEASE.jar!/com/youzan/pay/customer/api/PayToolsService.class], URL [jar:file:/Users/wulonghui/.m2/repository/com/youzan/pay/merchant-api/0.0.7-20170804-RELEASE/merchant-api-0.0.7-20170804-RELEASE.jar!/com/youzan/pay/customer/api/product/ProductService.class], URL [jar:file:/Users/wulonghui/.m2/repository/com/youzan/pay/merchant-api/0.0.7-20170804-RELEASE/merchant-api-0.0.7-20170804-RELEASE.jar!/com/youzan/pay/customer/api/product/request/CreateCodeRequest.class], URL [jar:file:/Users/wulonghui/.m2/repository/com/youzan/pay/merchant-api/0.0.7-20170804-RELEASE/merchant-api-0.0.7-20170804-RELEASE.jar!/com/youzan/pay/customer/api/product/request/QueryEffectiveContractRequest.class], URL [jar:file:/Users/wulonghui/.m2/repository/com/youzan/pay/merchant-api/0.0.7-20170804-RELEASE/merchant-api-0.0.7-20170804-RELEASE.jar!/com/youzan/pay/customer/api/product/result/BizCodeInfoDTO.class], URL [jar:file:/Users/wulonghui/.m2/repository/com/youzan/pay/merchant-api/0.0.7-20170804-RELEASE/merchant-api-0.0.7-20170804-RELEASE.jar!/com/youzan/pay/customer/api/product/result/FeeRateInfoDTO.class], URL [jar:file:/Users/wulonghui/.m2/repository/com/youzan/pay/merchant-api/0.0.7-20170804-RELEASE/merchant-api-0.0.7-20170804-RELEASE.jar!/com/youzan/pay/customer/api/product/result/SignResultDTO.class], URL [jar:file:/Users/wulonghui/.m2/repository/com/youzan/pay/merchant-api/0.0.7-20170804-RELEASE/merchant-api-0.0.7-20170804-RELEASE.jar!/com/youzan/pay/customer/api/request/BaseRequest.class], URL [jar:file:/Users/wulonghui/.m2/repository/com/youzan/pay/merchant-api/0.0.7-20170804-RELEASE/merchant-api-0.0.7-20170804-RELEASE.jar!/com/youzan/pay/customer/api/request/ContactsRequest.class], URL [jar:file:/Users/wulonghui/.m2/repository/com/youzan/pay/merchant-api/0.0.7-20170804-RELEASE/merchant-api-0.0.7-20170804-RELEASE.jar!/com/youzan/pay/customer/api/request/MerchantContractRequest.class], URL [jar:file:/Users/wulonghui/.m2/repository/com/youzan/pay/merchant-api/0.0.7-20170804-RELEASE/merchant-api-0.0.7-20170804-RELEASE.jar!/com/youzan/pay/customer/api/request/MerchantSignContractParam.class], URL [jar:file:/Users/wulonghui/.m2/repository/com/youzan/pay/merchant-api/0.0.7-20170804-RELEASE/merchant-api-0.0.7-20170804-RELEASE.jar!/com/youzan/pay/customer/api/request/PersonalAuthRequest.class], URL [jar:file:/Users/wulonghui/.m2/repository/com/youzan/pay/merchant-api/0.0.7-20170804-RELEASE/merchant-api-0.0.7-20170804-RELEASE.jar!/com/youzan/pay/customer/api/request/QueryBaseWithBuyerRequest.class], URL [jar:file:/Users/wulonghui/.m2/repository/com/youzan/pay/merchant-api/0.0.7-20170804-RELEASE/merchant-api-0.0.7-20170804-RELEASE.jar!/com/youzan/pay/customer/api/request/QueryPayToolsRequest.class], URL [jar:file:/Users/wulonghui/.m2/repository/com/youzan/pay/merchant-api/0.0.7-20170804-RELEASE/merchant-api-0.0.7-20170804-RELEASE.jar!/com/youzan/pay/customer/api/request/QueryWeixinSelfPaymentParamsRequest.class], URL [jar:file:/Users/wulonghui/.m2/repository/com/youzan/pay/merchant-api/0.0.7-20170804-RELEASE/merchant-api-0.0.7-20170804-RELEASE.jar!/com/youzan/pay/customer/api/request/SetPaymentSwitchRequest.class], URL [jar:file:/Users/wulonghui/.m2/repository/com/youzan/pay/merchant-api/0.0.7-20170804-RELEASE/merchant-api-0.0.7-20170804-RELEASE.jar!/com/youzan/pay/customer/api/result/AccountStatResult.class], URL [jar:file:/Users/wulonghui/.m2/repository/com/youzan/pay/merchant-api/0.0.7-20170804-RELEASE/merchant-api-0.0.7-20170804-RELEASE.jar!/com/youzan/pay/customer/api/result/AuthResult.class], URL [jar:file:/Users/wulonghui/.m2/repository/com/youzan/pay/merchant-api/0.0.7-20170804-RELEASE/merchant-api-0.0.7-20170804-RELEASE.jar!/com/youzan/pay/customer/api/result/CommonError.class], URL [jar:file:/Users/wulonghui/.m2/repository/com/youzan/pay/merchant-api/0.0.7-20170804-RELEASE/merchant-api-0.0.7-20170804-RELEASE.jar!/com/youzan/pay/customer/api/result/MerchantAuthenticationInfo.class], URL [jar:file:/Users/wulonghui/.m2/repository/com/youzan/pay/merchant-api/0.0.7-20170804-RELEASE/merchant-api-0.0.7-20170804-RELEASE.jar!/com/youzan/pay/customer/api/result/MerchantRechargeResult.class], URL [jar:file:/Users/wulonghui/.m2/repository/com/youzan/pay/merchant-api/0.0.7-20170804-RELEASE/merchant-api-0.0.7-20170804-RELEASE.jar!/com/youzan/pay/customer/api/result/Page.class], URL [jar:file:/Users/wulonghui/.m2/repository/com/youzan/pay/merchant-api/0.0.7-20170804-RELEASE/merchant-api-0.0.7-20170804-RELEASE.jar!/com/youzan/pay/customer/api/result/PaymentConfigResult.class], URL [jar:file:/Users/wulonghui/.m2/repository/com/youzan/pay/merchant-api/0.0.7-20170804-RELEASE/merchant-api-0.0.7-20170804-RELEASE.jar!/com/youzan/pay/customer/api/result/Response.class], URL [jar:file:/Users/wulonghui/.m2/repository/com/youzan/pay/merchant-api/0.0.7-20170804-RELEASE/merchant-api-0.0.7-20170804-RELEASE.jar!/com/youzan/pay/customer/api/result/SubMerchantSalesStatInfo.class], URL [jar:file:/Users/wulonghui/.m2/repository/com/youzan/pay/merchant-api/0.0.7-20170804-RELEASE/merchant-api-0.0.7-20170804-RELEASE.jar!/com/youzan/pay/customer/api/result/WithDrawBaseInfoResult$BankInfo.class], URL [jar:file:/Users/wulonghui/.m2/repository/com/youzan/pay/merchant-api/0.0.7-20170804-RELEASE/merchant-api-0.0.7-20170804-RELEASE.jar!/com/youzan/pay/customer/api/UserNoService.class], URL [jar:file:/Users/wulonghui/.m2/repository/com/youzan/pay/merchant-api/0.0.7-20170804-RELEASE/merchant-api-0.0.7-20170804-RELEASE.jar!/com/youzan/pay/customer/api/BusinessRegService.class], URL [jar:file:/Users/wulonghui/.m2/repository/com/youzan/pay/merchant-api/0.0.7-20170804-RELEASE/merchant-api-0.0.7-20170804-RELEASE.jar!/com/youzan/pay/customer/api/enums/MerchantTypeEnum.class], URL [jar:file:/Users/wulonghui/.m2/repository/com/youzan/pay/merchant-api/0.0.7-20170804-RELEASE/merchant-api-0.0.7-20170804-RELEASE.jar!/com/youzan/pay/customer/api/MerchantInfoService.class], URL [jar:file:/Users/wulonghui/.m2/repository/com/youzan/pay/merchant-api/0.0.7-20170804-RELEASE/merchant-api-0.0.7-20170804-RELEASE.jar!/com/youzan/pay/customer/api/MerchantSignContractService.class], URL [jar:file:/Users/wulonghui/.m2/repository/com/youzan/pay/merchant-api/0.0.7-20170804-RELEASE/merchant-api-0.0.7-20170804-RELEASE.jar!/com/youzan/pay/customer/api/product/ContractService.class], URL [jar:file:/Users/wulonghui/.m2/repository/com/youzan/pay/merchant-api/0.0.7-20170804-RELEASE/merchant-api-0.0.7-20170804-RELEASE.jar!/com/youzan/pay/customer/api/product/request/BizCodeInfoRequest.class], URL [jar:file:/Users/wulonghui/.m2/repository/com/youzan/pay/merchant-api/0.0.7-20170804-RELEASE/merchant-api-0.0.7-20170804-RELEASE.jar!/com/youzan/pay/customer/api/product/request/SignContractRequest.class], URL [jar:file:/Users/wulonghui/.m2/repository/com/youzan/pay/merchant-api/0.0.7-20170804-RELEASE/merchant-api-0.0.7-20170804-RELEASE.jar!/com/youzan/pay/customer/api/product/result/PayToolInfoDTO.class], URL [jar:file:/Users/wulonghui/.m2/repository/com/youzan/pay/merchant-api/0.0.7-20170804-RELEASE/merchant-api-0.0.7-20170804-RELEASE.jar!/com/youzan/pay/customer/api/RealNameAuthenticationService.class], URL [jar:file:/Users/wulonghui/.m2/repository/com/youzan/pay/merchant-api/0.0.7-20170804-RELEASE/merchant-api-0.0.7-20170804-RELEASE.jar!/com/youzan/pay/customer/api/request/BindCardRequest.class], URL [jar:file:/Users/wulonghui/.m2/repository/com/youzan/pay/merchant-api/0.0.7-20170804-RELEASE/merchant-api-0.0.7-20170804-RELEASE.jar!/com/youzan/pay/customer/api/request/GenerateUserNoRequest.class], URL [jar:file:/Users/wulonghui/.m2/repository/com/youzan/pay/merchant-api/0.0.7-20170804-RELEASE/merchant-api-0.0.7-20170804-RELEASE.jar!/com/youzan/pay/customer/api/request/GetBoundBankCardRequest.class], URL [jar:file:/Users/wulonghui/.m2/repository/com/youzan/pay/merchant-api/0.0.7-20170804-RELEASE/merchant-api-0.0.7-20170804-RELEASE.jar!/com/youzan/pay/customer/api/request/MerchantRechargeRequest.class], URL [jar:file:/Users/wulonghui/.m2/repository/com/youzan/pay/merchant-api/0.0.7-20170804-RELEASE/merchant-api-0.0.7-20170804-RELEASE.jar!/com/youzan/pay/customer/api/request/OpenServiceMerchantRequest.class], URL [jar:file:/Users/wulonghui/.m2/repository/com/youzan/pay/merchant-api/0.0.7-20170804-RELEASE/merchant-api-0.0.7-20170804-RELEASE.jar!/com/youzan/pay/customer/api/result/AccountingSummaryDetailResult.class], URL [jar:file:/Users/wulonghui/.m2/repository/com/youzan/pay/merchant-api/0.0.7-20170804-RELEASE/merchant-api-0.0.7-20170804-RELEASE.jar!/com/youzan/pay/customer/api/result/ConfigInfo.class], URL [jar:file:/Users/wulonghui/.m2/repository/com/youzan/pay/merchant-api/0.0.7-20170804-RELEASE/merchant-api-0.0.7-20170804-RELEASE.jar!/com/youzan/pay/customer/api/result/MerchantAccountingSummaryResult.class], URL [jar:file:/Users/wulonghui/.m2/repository/com/youzan/pay/merchant-api/0.0.7-20170804-RELEASE/merchant-api-0.0.7-20170804-RELEASE.jar!/com/youzan/pay/customer/api/result/MerchantInfo.class], URL [jar:file:/Users/wulonghui/.m2/repository/com/youzan/pay/merchant-api/0.0.7-20170804-RELEASE/merchant-api-0.0.7-20170804-RELEASE.jar!/com/youzan/pay/customer/api/result/MerchantSalesStatInfo.class], URL [jar:file:/Users/wulonghui/.m2/repository/com/youzan/pay/merchant-api/0.0.7-20170804-RELEASE/merchant-api-0.0.7-20170804-RELEASE.jar!/com/youzan/pay/customer/api/result/OpenAPIResult.class], URL [jar:file:/Users/wulonghui/.m2/repository/com/youzan/pay/merchant-api/0.0.7-20170804-RELEASE/merchant-api-0.0.7-20170804-RELEASE.jar!/com/youzan/pay/customer/api/result/OpenSubMerchantResult.class], URL [jar:file:/Users/wulonghui/.m2/repository/com/youzan/pay/merchant-api/0.0.7-20170804-RELEASE/merchant-api-0.0.7-20170804-RELEASE.jar!/com/youzan/pay/customer/api/result/PayTools.class], URL [jar:file:/Users/wulonghui/.m2/repository/com/youzan/pay/merchant-api/0.0.7-20170804-RELEASE/merchant-api-0.0.7-20170804-RELEASE.jar!/com/youzan/pay/customer/api/result/RepairCallResult.class], URL [jar:file:/Users/wulonghui/.m2/repository/com/youzan/pay/merchant-api/0.0.7-20170804-RELEASE/merchant-api-0.0.7-20170804-RELEASE.jar!/com/youzan/pay/customer/api/result/SubMerchantNoResult.class], URL [jar:file:/Users/wulonghui/.m2/repository/com/youzan/pay/merchant-api/0.0.7-20170804-RELEASE/merchant-api-0.0.7-20170804-RELEASE.jar!/com/youzan/pay/customer/api/result/WeixinSelfPaymentParamsResult.class], URL [jar:file:/Users/wulonghui/.m2/repository/com/youzan/pay/merchant-api/0.0.7-20170804-RELEASE/merchant-api-0.0.7-20170804-RELEASE.jar!/com/youzan/pay/customer/api/SignKeyService.class], URL [jar:file:/Users/wulonghui/.m2/repository/com/youzan/pay/merchant-api/0.0.7-20170804-RELEASE/merchant-api-0.0.7-20170804-RELEASE.jar!/com/youzan/pay/customer/api/enums/AccountTypeEnum.class], URL [jar:file:/Users/wulonghui/.m2/repository/com/youzan/pay/merchant-api/0.0.7-20170804-RELEASE/merchant-api-0.0.7-20170804-RELEASE.jar!/com/youzan/pay/customer/api/LoginService.class], URL [jar:file:/Users/wulonghui/.m2/repository/com/youzan/pay/merchant-api/0.0.7-20170804-RELEASE/merchant-api-0.0.7-20170804-RELEASE.jar!/com/youzan/pay/customer/api/MerchantConfigService.class], URL [jar:file:/Users/wulonghui/.m2/repository/com/youzan/pay/merchant-api/0.0.7-20170804-RELEASE/merchant-api-0.0.7-20170804-RELEASE.jar!/com/youzan/pay/customer/api/MerchantPaymentConfigService.class], URL [jar:file:/Users/wulonghui/.m2/repository/com/youzan/pay/merchant-api/0.0.7-20170804-RELEASE/merchant-api-0.0.7-20170804-RELEASE.jar!/com/youzan/pay/customer/api/openapi/OpenApi.class], URL [jar:file:/Users/wulonghui/.m2/repository/com/youzan/pay/merchant-api/0.0.7-20170804-RELEASE/merchant-api-0.0.7-20170804-RELEASE.jar!/com/youzan/pay/customer/api/product/request/BatchSignContractRequest.class], URL [jar:file:/Users/wulonghui/.m2/repository/com/youzan/pay/merchant-api/0.0.7-20170804-RELEASE/merchant-api-0.0.7-20170804-RELEASE.jar!/com/youzan/pay/customer/api/product/request/CreateProductRequest.class], URL [jar:file:/Users/wulonghui/.m2/repository/com/youzan/pay/merchant-api/0.0.7-20170804-RELEASE/merchant-api-0.0.7-20170804-RELEASE.jar!/com/youzan/pay/customer/api/product/request/TerminateContractRequestInfo.class], URL [jar:file:/Users/wulonghui/.m2/repository/com/youzan/pay/merchant-api/0.0.7-20170804-RELEASE/merchant-api-0.0.7-20170804-RELEASE.jar!/com/youzan/pay/customer/api/product/result/ContractInfoDTO.class], URL [jar:file:/Users/wulonghui/.m2/repository/com/youzan/pay/merchant-api/0.0.7-20170804-RELEASE/merchant-api-0.0.7-20170804-RELEASE.jar!/com/youzan/pay/customer/api/product/result/RateRuleInfoDTO.class], URL [jar:file:/Users/wulonghui/.m2/repository/com/youzan/pay/merchant-api/0.0.7-20170804-RELEASE/merchant-api-0.0.7-20170804-RELEASE.jar!/com/youzan/pay/customer/api/product/result/UnifiedBizCodeInfoDTO.class], URL [jar:file:/Users/wulonghui/.m2/repository/com/youzan/pay/merchant-api/0.0.7-20170804-RELEASE/merchant-api-0.0.7-20170804-RELEASE.jar!/com/youzan/pay/customer/api/request/EnterpriseAuthRequest.class], URL [jar:file:/Users/wulonghui/.m2/repository/com/youzan/pay/merchant-api/0.0.7-20170804-RELEASE/merchant-api-0.0.7-20170804-RELEASE.jar!/com/youzan/pay/customer/api/request/MerchantSignContractQueryParam.class], URL [jar:file:/Users/wulonghui/.m2/repository/com/youzan/pay/merchant-api/0.0.7-20170804-RELEASE/merchant-api-0.0.7-20170804-RELEASE.jar!/com/youzan/pay/customer/api/request/OpenSubMerchantRequest.class], URL [jar:file:/Users/wulonghui/.m2/repository/com/youzan/pay/merchant-api/0.0.7-20170804-RELEASE/merchant-api-0.0.7-20170804-RELEASE.jar!/com/youzan/pay/customer/api/request/WeixinSelfPaymentParamsRequest.class], URL [jar:file:/Users/wulonghui/.m2/repository/com/youzan/pay/merchant-api/0.0.7-20170804-RELEASE/merchant-api-0.0.7-20170804-RELEASE.jar!/com/youzan/pay/customer/api/result/AccountingSummaryDetailResult$AccountingSummaryDetail.class], URL [jar:file:/Users/wulonghui/.m2/repository/com/youzan/pay/merchant-api/0.0.7-20170804-RELEASE/merchant-api-0.0.7-20170804-RELEASE.jar!/com/youzan/pay/customer/api/result/BindCardResult.class], URL [jar:file:/Users/wulonghui/.m2/repository/com/youzan/pay/merchant-api/0.0.7-20170804-RELEASE/merchant-api-0.0.7-20170804-RELEASE.jar!/com/youzan/pay/customer/api/result/BizCode.class], URL [jar:file:/Users/wulonghui/.m2/repository/com/youzan/pay/merchant-api/0.0.7-20170804-RELEASE/merchant-api-0.0.7-20170804-RELEASE.jar!/com/youzan/pay/customer/api/result/BoundBankCardResult.class], URL [jar:file:/Users/wulonghui/.m2/repository/com/youzan/pay/merchant-api/0.0.7-20170804-RELEASE/merchant-api-0.0.7-20170804-RELEASE.jar!/com/youzan/pay/customer/api/result/LoginInfo.class], URL [jar:file:/Users/wulonghui/.m2/repository/com/youzan/pay/merchant-api/0.0.7-20170804-RELEASE/merchant-api-0.0.7-20170804-RELEASE.jar!/com/youzan/pay/customer/api/result/LoginResult.class], URL [jar:file:/Users/wulonghui/.m2/repository/com/youzan/pay/merchant-api/0.0.7-20170804-RELEASE/merchant-api-0.0.7-20170804-RELEASE.jar!/com/youzan/pay/customer/api/result/MerchantBusinessInfo.class], URL [jar:file:/Users/wulonghui/.m2/repository/com/youzan/pay/merchant-api/0.0.7-20170804-RELEASE/merchant-api-0.0.7-20170804-RELEASE.jar!/com/youzan/pay/customer/api/result/MerchantCompanyInfo.class], URL [jar:file:/Users/wulonghui/.m2/repository/com/youzan/pay/merchant-api/0.0.7-20170804-RELEASE/merchant-api-0.0.7-20170804-RELEASE.jar!/com/youzan/pay/customer/api/result/MerchantProductInfo.class], URL [jar:file:/Users/wulonghui/.m2/repository/com/youzan/pay/merchant-api/0.0.7-20170804-RELEASE/merchant-api-0.0.7-20170804-RELEASE.jar!/com/youzan/pay/customer/api/result/MerchantSecurityInfo.class], URL [jar:file:/Users/wulonghui/.m2/repository/com/youzan/pay/merchant-api/0.0.7-20170804-RELEASE/merchant-api-0.0.7-20170804-RELEASE.jar!/com/youzan/pay/customer/api/result/OpenServiceMerchantResult.class], URL [jar:file:/Users/wulonghui/.m2/repository/com/youzan/pay/merchant-api/0.0.7-20170804-RELEASE/merchant-api-0.0.7-20170804-RELEASE.jar!/com/youzan/pay/customer/api/result/RegResult.class], URL [jar:file:/Users/wulonghui/.m2/repository/com/youzan/pay/merchant-api/0.0.7-20170804-RELEASE/merchant-api-0.0.7-20170804-RELEASE.jar!/com/youzan/pay/customer/api/result/SubMerchantTradeStatResult.class], URL [jar:file:/Users/wulonghui/.m2/repository/com/youzan/pay/merchant-api/0.0.7-20170804-RELEASE/merchant-api-0.0.7-20170804-RELEASE.jar!/com/youzan/pay/customer/api/result/WithDrawBaseInfoResult.class], URL [jar:file:/Users/wulonghui/.m2/repository/com/youzan/pay/consumer-center/basesearch-api/1.0.0-SNAPSHOT/basesearch-api-1.0.0-SNAPSHOT.jar!/com/youzan/pay/consumercenter/basesearch/api/QueryService.class], URL [jar:file:/Users/wulonghui/.m2/repository/com/youzan/pay/consumer-center/basesearch-api/1.0.0-SNAPSHOT/basesearch-api-1.0.0-SNAPSHOT.jar!/com/youzan/pay/consumercenter/basesearch/to/TradeTO.class], URL [jar:file:/Users/wulonghui/.m2/repository/com/youzan/pay/core/api-model/1.0.5-20170710-RELEASE/api-model-1.0.5-20170710-RELEASE.jar!/com/youzan/pay/core/api/model/bean/PageInfo.class], URL [jar:file:/Users/wulonghui/.m2/repository/com/youzan/pay/core/api-model/1.0.5-20170710-RELEASE/api-model-1.0.5-20170710-RELEASE.jar!/com/youzan/pay/core/api/model/request/PageParam.class], URL [jar:file:/Users/wulonghui/.m2/repository/com/youzan/pay/core/api-model/1.0.5-20170710-RELEASE/api-model-1.0.5-20170710-RELEASE.jar!/com/youzan/pay/core/api/model/response/DataResult.class], URL [jar:file:/Users/wulonghui/.m2/repository/com/youzan/pay/core/api-model/1.0.5-20170710-RELEASE/api-model-1.0.5-20170710-RELEASE.jar!/com/youzan/pay/core/api/model/response/ListResult.class], URL [jar:file:/Users/wulonghui/.m2/repository/com/youzan/pay/core/api-model/1.0.5-20170710-RELEASE/api-model-1.0.5-20170710-RELEASE.jar!/com/youzan/pay/core/api/model/response/PageResult.class], URL [jar:file:/Users/wulonghui/.m2/repository/com/youzan/pay/core/common-model/1.0.5-20170710-RELEASE/common-model-1.0.5-20170710-RELEASE.jar!/com/youzan/pay/core/common/model/base/IntBaseType.class], URL [jar:file:/Users/wulonghui/.m2/repository/com/youzan/pay/core/common-model/1.0.5-20170710-RELEASE/common-model-1.0.5-20170710-RELEASE.jar!/com/youzan/pay/core/common/model/base/IType.class], URL [jar:file:/Users/wulonghui/.m2/repository/com/youzan/pay/core/common-model/1.0.5-20170710-RELEASE/common-model-1.0.5-20170710-RELEASE.jar!/com/youzan/pay/core/common/model/base/StringBaseType.class], URL [jar:file:/Users/wulonghui/.m2/repository/com/youzan/pay/core/common-model/1.0.5-20170710-RELEASE/common-model-1.0.5-20170710-RELEASE.jar!/com/youzan/pay/core/common/model/enums/Bank.class], URL [jar:file:/Users/wulonghui/.m2/repository/com/youzan/pay/core/common-model/1.0.5-20170710-RELEASE/common-model-1.0.5-20170710-RELEASE.jar!/com/youzan/pay/core/common/model/enums/BankCardType.class], URL [jar:file:/Users/wulonghui/.m2/repository/com/youzan/pay/core/common-model/1.0.5-20170710-RELEASE/common-model-1.0.5-20170710-RELEASE.jar!/com/youzan/pay/core/common/model/enums/BankCodeInfoType.class], URL [jar:file:/Users/wulonghui/.m2/repository/com/youzan/pay/core/common-model/1.0.5-20170710-RELEASE/common-model-1.0.5-20170710-RELEASE.jar!/com/youzan/pay/core/common/model/enums/bizcode/ActionType.class], URL [jar:file:/Users/wulonghui/.m2/repository/com/youzan/pay/core/common-model/1.0.5-20170710-RELEASE/common-model-1.0.5-20170710-RELEASE.jar!/com/youzan/pay/core/common/model/enums/bizcode/ChannelType.class], URL [jar:file:/Users/wulonghui/.m2/repository/com/youzan/pay/core/common-model/1.0.5-20170710-RELEASE/common-model-1.0.5-20170710-RELEASE.jar!/com/youzan/pay/core/common/model/enums/bizcode/ModeType.class], URL [jar:file:/Users/wulonghui/.m2/repository/com/youzan/pay/core/common-model/1.0.5-20170710-RELEASE/common-model-1.0.5-20170710-RELEASE.jar!/com/youzan/pay/core/common/model/enums/bizcode/PayToolType.class], URL [jar:file:/Users/wulonghui/.m2/repository/com/youzan/pay/core/common-model/1.0.5-20170710-RELEASE/common-model-1.0.5-20170710-RELEASE.jar!/com/youzan/pay/core/common/model/enums/bizcode/ProdType.class], URL [jar:file:/Users/wulonghui/.m2/repository/com/youzan/pay/core/common-model/1.0.5-20170710-RELEASE/common-model-1.0.5-20170710-RELEASE.jar!/com/youzan/pay/core/common/model/enums/bizcode/UnifiedBizCodeBaseType.class], URL [jar:file:/Users/wulonghui/.m2/repository/com/youzan/pay/core/common-model/1.0.5-20170710-RELEASE/common-model-1.0.5-20170710-RELEASE.jar!/com/youzan/pay/core/common/model/enums/CurrencyCode.class], URL [jar:file:/Users/wulonghui/.m2/repository/com/youzan/pay/core/common-model/1.0.5-20170710-RELEASE/common-model-1.0.5-20170710-RELEASE.jar!/com/youzan/pay/core/common/model/resultcode/CommonResultCode.class], URL [jar:file:/Users/wulonghui/.m2/repository/com/youzan/pay/core/common-model/1.0.5-20170710-RELEASE/common-model-1.0.5-20170710-RELEASE.jar!/com/youzan/pay/core/common/model/resultcode/IResultCode.class], URL [jar:file:/Users/wulonghui/.m2/repository/com/youzan/pay/core/common-model/1.0.5-20170710-RELEASE/common-model-1.0.5-20170710-RELEASE.jar!/com/youzan/pay/core/common/model/resultcode/R.class], URL [jar:file:/Users/wulonghui/.m2/repository/com/youzan/pay/core/common-model/1.0.5-20170710-RELEASE/common-model-1.0.5-20170710-RELEASE.jar!/com/youzan/pay/core/common/model/resultcode/RFactory.class], URL [jar:file:/Users/wulonghui/.m2/repository/com/youzan/pay/cardvoucher/cardvoucher-api/1.0.0-20170822-RELEASE/cardvoucher-api-1.0.0-20170822-RELEASE.jar!/com/youzan/pay/cardvoucher/api/card/CardProductionService.class], URL [jar:file:/Users/wulonghui/.m2/repository/com/youzan/pay/cardvoucher/cardvoucher-api/1.0.0-20170822-RELEASE/cardvoucher-api-1.0.0-20170822-RELEASE.jar!/com/youzan/pay/cardvoucher/api/card/dto/ActiveCardDTO.class], URL [jar:file:/Users/wulonghui/.m2/repository/com/youzan/pay/cardvoucher/cardvoucher-api/1.0.0-20170822-RELEASE/cardvoucher-api-1.0.0-20170822-RELEASE.jar!/com/youzan/pay/cardvoucher/api/card/dto/CardBalanceDTO.class], URL [jar:file:/Users/wulonghui/.m2/repository/com/youzan/pay/cardvoucher/cardvoucher-api/1.0.0-20170822-RELEASE/cardvoucher-api-1.0.0-20170822-RELEASE.jar!/com/youzan/pay/cardvoucher/api/card/dto/CardInfoDTO.class], URL [jar:file:/Users/wulonghui/.m2/repository/com/youzan/pay/cardvoucher/cardvoucher-api/1.0.0-20170822-RELEASE/cardvoucher-api-1.0.0-20170822-RELEASE.jar!/com/youzan/pay/cardvoucher/api/card/dto/CardPayDetailDTO.class], URL [jar:file:/Users/wulonghui/.m2/repository/com/youzan/pay/cardvoucher/cardvoucher-api/1.0.0-20170822-RELEASE/cardvoucher-api-1.0.0-20170822-RELEASE.jar!/com/youzan/pay/cardvoucher/api/card/dto/CardRefundDetailDTO.class], URL [jar:file:/Users/wulonghui/.m2/repository/com/youzan/pay/cardvoucher/cardvoucher-api/1.0.0-20170822-RELEASE/cardvoucher-api-1.0.0-20170822-RELEASE.jar!/com/youzan/pay/cardvoucher/api/card/dto/CreateCardDTO.class], URL [jar:file:/Users/wulonghui/.m2/repository/com/youzan/pay/cardvoucher/cardvoucher-api/1.0.0-20170822-RELEASE/cardvoucher-api-1.0.0-20170822-RELEASE.jar!/com/youzan/pay/cardvoucher/api/card/dto/CreateTemplateCardDTO.class], URL [jar:file:/Users/wulonghui/.m2/repository/com/youzan/pay/cardvoucher/cardvoucher-api/1.0.0-20170822-RELEASE/cardvoucher-api-1.0.0-20170822-RELEASE.jar!/com/youzan/pay/cardvoucher/api/card/dto/UseableCardDTO.class], URL [jar:file:/Users/wulonghui/.m2/repository/com/youzan/pay/cardvoucher/cardvoucher-api/1.0.0-20170822-RELEASE/cardvoucher-api-1.0.0-20170822-RELEASE.jar!/com/youzan/pay/cardvoucher/api/card/GiftCardManageService.class], URL [jar:file:/Users/wulonghui/.m2/repository/com/youzan/pay/cardvoucher/cardvoucher-api/1.0.0-20170822-RELEASE/cardvoucher-api-1.0.0-20170822-RELEASE.jar!/com/youzan/pay/cardvoucher/api/card/GiftCardService.class], URL [jar:file:/Users/wulonghui/.m2/repository/com/youzan/pay/cardvoucher/cardvoucher-api/1.0.0-20170822-RELEASE/cardvoucher-api-1.0.0-20170822-RELEASE.jar!/com/youzan/pay/cardvoucher/api/card/request/ActiveCardRequest.class], URL [jar:file:/Users/wulonghui/.m2/repository/com/youzan/pay/cardvoucher/cardvoucher-api/1.0.0-20170822-RELEASE/cardvoucher-api-1.0.0-20170822-RELEASE.jar!/com/youzan/pay/cardvoucher/api/card/request/BatchQueryCardInfoRequest.class], URL [jar:file:/Users/wulonghui/.m2/repository/com/youzan/pay/cardvoucher/cardvoucher-api/1.0.0-20170822-RELEASE/cardvoucher-api-1.0.0-20170822-RELEASE.jar!/com/youzan/pay/cardvoucher/api/card/request/CardPayDetailRequest.class], URL [jar:file:/Users/wulonghui/.m2/repository/com/youzan/pay/cardvoucher/cardvoucher-api/1.0.0-20170822-RELEASE/cardvoucher-api-1.0.0-20170822-RELEASE.jar!/com/youzan/pay/cardvoucher/api/card/request/CardRefundDetailRequest.class], URL [jar:file:/Users/wulonghui/.m2/repository/com/youzan/pay/cardvoucher/cardvoucher-api/1.0.0-20170822-RELEASE/cardvoucher-api-1.0.0-20170822-RELEASE.jar!/com/youzan/pay/cardvoucher/api/card/request/CreateCardRequest.class], URL [jar:file:/Users/wulonghui/.m2/repository/com/youzan/pay/cardvoucher/cardvoucher-api/1.0.0-20170822-RELEASE/cardvoucher-api-1.0.0-20170822-RELEASE.jar!/com/youzan/pay/cardvoucher/api/card/request/CreateTemplateCardRequest.class], URL [jar:file:/Users/wulonghui/.m2/repository/com/youzan/pay/cardvoucher/cardvoucher-api/1.0.0-20170822-RELEASE/cardvoucher-api-1.0.0-20170822-RELEASE.jar!/com/youzan/pay/cardvoucher/api/card/request/QueryCardListRequest.class], URL [jar:file:/Users/wulonghui/.m2/repository/com/youzan/pay/cardvoucher/cardvoucher-api/1.0.0-20170822-RELEASE/cardvoucher-api-1.0.0-20170822-RELEASE.jar!/com/youzan/pay/cardvoucher/api/card/request/UseableCardListRequest.class], URL [jar:file:/Users/wulonghui/.m2/repository/com/youzan/pay/cardvoucher/cardvoucher-api/1.0.0-20170822-RELEASE/cardvoucher-api-1.0.0-20170822-RELEASE.jar!/com/youzan/pay/cardvoucher/api/compensate/AcceptCompensateService.class], URL [jar:file:/Users/wulonghui/.m2/repository/com/youzan/pay/cardvoucher/cardvoucher-api/1.0.0-20170822-RELEASE/cardvoucher-api-1.0.0-20170822-RELEASE.jar!/com/youzan/pay/cardvoucher/api/compensate/request/CompensateRequest.class], URL [jar:file:/Users/wulonghui/.m2/repository/com/youzan/pay/cardvoucher/cardvoucher-api/1.0.0-20170822-RELEASE/cardvoucher-api-1.0.0-20170822-RELEASE.jar!/com/youzan/pay/cardvoucher/api/compensate/SplitCompensateService.class], URL [jar:file:/Users/wulonghui/.m2/repository/com/youzan/pay/cardvoucher/cardvoucher-api/1.0.0-20170822-RELEASE/cardvoucher-api-1.0.0-20170822-RELEASE.jar!/com/youzan/pay/cardvoucher/api/message/MessageTaskService.class], URL [jar:file:/Users/wulonghui/.m2/repository/com/youzan/pay/cardvoucher/cardvoucher-api/1.0.0-20170822-RELEASE/cardvoucher-api-1.0.0-20170822-RELEASE.jar!/com/youzan/pay/cardvoucher/api/summarycard/dto/CreateSummaryCardDTO.class], URL [jar:file:/Users/wulonghui/.m2/repository/com/youzan/pay/cardvoucher/cardvoucher-api/1.0.0-20170822-RELEASE/cardvoucher-api-1.0.0-20170822-RELEASE.jar!/com/youzan/pay/cardvoucher/api/summarycard/dto/CreateSummaryTemplateDTO.class], URL [jar:file:/Users/wulonghui/.m2/repository/com/youzan/pay/cardvoucher/cardvoucher-api/1.0.0-20170822-RELEASE/cardvoucher-api-1.0.0-20170822-RELEASE.jar!/com/youzan/pay/cardvoucher/api/summarycard/dto/SummaryCardInfoDTO.class], URL [jar:file:/Users/wulonghui/.m2/repository/com/youzan/pay/cardvoucher/cardvoucher-api/1.0.0-20170822-RELEASE/cardvoucher-api-1.0.0-20170822-RELEASE.jar!/com/youzan/pay/cardvoucher/api/summarycard/dto/SummaryCardPayDTO.class], URL [jar:file:/Users/wulonghui/.m2/repository/com/youzan/pay/cardvoucher/cardvoucher-api/1.0.0-20170822-RELEASE/cardvoucher-api-1.0.0-20170822-RELEASE.jar!/com/youzan/pay/cardvoucher/api/summarycard/dto/SummaryCardRefundDTO.class], URL [jar:file:/Users/wulonghui/.m2/repository/com/youzan/pay/cardvoucher/cardvoucher-api/1.0.0-20170822-RELEASE/cardvoucher-api-1.0.0-20170822-RELEASE.jar!/com/youzan/pay/cardvoucher/api/summarycard/dto/SummaryCardTemplateDTO.class], URL [jar:file:/Users/wulonghui/.m2/repository/com/youzan/pay/cardvoucher/cardvoucher-api/1.0.0-20170822-RELEASE/cardvoucher-api-1.0.0-20170822-RELEASE.jar!/com/youzan/pay/cardvoucher/api/summarycard/request/CardRechargeRequest.class], URL [jar:file:/Users/wulonghui/.m2/repository/com/youzan/pay/cardvoucher/cardvoucher-api/1.0.0-20170822-RELEASE/cardvoucher-api-1.0.0-20170822-RELEASE.jar!/com/youzan/pay/cardvoucher/api/summarycard/request/CreateSummaryCardRequest.class], URL [jar:file:/Users/wulonghui/.m2/repository/com/youzan/pay/cardvoucher/cardvoucher-api/1.0.0-20170822-RELEASE/cardvoucher-api-1.0.0-20170822-RELEASE.jar!/com/youzan/pay/cardvoucher/api/summarycard/request/CreateSummaryTemplateRequest.class], URL [jar:file:/Users/wulonghui/.m2/repository/com/youzan/pay/cardvoucher/cardvoucher-api/1.0.0-20170822-RELEASE/cardvoucher-api-1.0.0-20170822-RELEASE.jar!/com/youzan/pay/cardvoucher/api/summarycard/request/QuerySummaryCardInfoRequest.class], URL [jar:file:/Users/wulonghui/.m2/repository/com/youzan/pay/cardvoucher/cardvoucher-api/1.0.0-20170822-RELEASE/cardvoucher-api-1.0.0-20170822-RELEASE.jar!/com/youzan/pay/cardvoucher/api/summarycard/request/QuerySummaryCardPayRequest.class], URL [jar:file:/Users/wulonghui/.m2/repository/com/youzan/pay/cardvoucher/cardvoucher-api/1.0.0-20170822-RELEASE/cardvoucher-api-1.0.0-20170822-RELEASE.jar!/com/youzan/pay/cardvoucher/api/summarycard/request/QuerySummaryCardRefundRequest.class], URL [jar:file:/Users/wulonghui/.m2/repository/com/youzan/pay/cardvoucher/cardvoucher-api/1.0.0-20170822-RELEASE/cardvoucher-api-1.0.0-20170822-RELEASE.jar!/com/youzan/pay/cardvoucher/api/summarycard/request/QuerySummaryCardTemplateRequest.class], URL [jar:file:/Users/wulonghui/.m2/repository/com/youzan/pay/cardvoucher/cardvoucher-api/1.0.0-20170822-RELEASE/cardvoucher-api-1.0.0-20170822-RELEASE.jar!/com/youzan/pay/cardvoucher/api/summarycard/SummaryCardManageService.class], URL [jar:file:/Users/wulonghui/.m2/repository/com/youzan/pay/cardvoucher/cardvoucher-api/1.0.0-20170822-RELEASE/cardvoucher-api-1.0.0-20170822-RELEASE.jar!/com/youzan/pay/cardvoucher/api/summarycard/SummaryCardQueryService.class], URL [jar:file:/Users/wulonghui/.m2/repository/com/youzan/pay/cardvoucher/cardvoucher-api/1.0.0-20170822-RELEASE/cardvoucher-api-1.0.0-20170822-RELEASE.jar!/com/youzan/pay/cardvoucher/api/summarycard/SummaryCardTemplateService.class], URL [jar:file:/Users/wulonghui/.m2/repository/com/youzan/pay/cardvoucher/cardvoucher-common-model/1.0.0-20170822-RELEASE/cardvoucher-common-model-1.0.0-20170822-RELEASE.jar!/com/youzan/pay/cardvoucher/common/model/dts/DtsHearder.class], URL [jar:file:/Users/wulonghui/.m2/repository/com/youzan/pay/cardvoucher/cardvoucher-common-model/1.0.0-20170822-RELEASE/cardvoucher-common-model-1.0.0-20170822-RELEASE.jar!/com/youzan/pay/cardvoucher/common/model/enums/SummaryCardStatusEnum.class], URL [jar:file:/Users/wulonghui/.m2/repository/com/youzan/pay/cardvoucher/cardvoucher-common-model/1.0.0-20170822-RELEASE/cardvoucher-common-model-1.0.0-20170822-RELEASE.jar!/com/youzan/pay/cardvoucher/common/model/exception/NoRetryException.class], URL [jar:file:/Users/wulonghui/.m2/repository/com/youzan/pay/cardvoucher/cardvoucher-common-model/1.0.0-20170822-RELEASE/cardvoucher-common-model-1.0.0-20170822-RELEASE.jar!/com/youzan/pay/cardvoucher/common/model/resultcode/CardVoucherCardPayResultCode.class], URL [jar:file:/Users/wulonghui/.m2/repository/com/youzan/pay/cardvoucher/cardvoucher-common-model/1.0.0-20170822-RELEASE/cardvoucher-common-model-1.0.0-20170822-RELEASE.jar!/com/youzan/pay/cardvoucher/common/model/resultcode/CardVoucherCardResultCode.class], URL [jar:file:/Users/wulonghui/.m2/repository/com/youzan/pay/cardvoucher/cardvoucher-common-model/1.0.0-20170822-RELEASE/cardvoucher-common-model-1.0.0-20170822-RELEASE.jar!/com/youzan/pay/cardvoucher/common/model/resultcode/CardVoucherCommonResultCode.class], URL [jar:file:/Users/wulonghui/.m2/repository/com/youzan/pay/cardvoucher/cardvoucher-common-model/1.0.0-20170822-RELEASE/cardvoucher-common-model-1.0.0-20170822-RELEASE.jar!/com/youzan/pay/cardvoucher/common/model/resultcode/CardVoucherResultCode.class], URL [jar:file:/Users/wulonghui/.m2/repository/com/youzan/pay/cardvoucher/cardvoucher-common-model/1.0.0-20170822-RELEASE/cardvoucher-common-model-1.0.0-20170822-RELEASE.jar!/com/youzan/pay/cardvoucher/common/model/resultcode/SummaryCardResultCode.class]]
2017-08-28 17:42:02.882 [main] DEBUG o.s.context.annotation.ClassPathBeanDefinitionScanner - Identified candidate component class: file [/Users/wulonghui/work/unified_cashier/intergration/target/classes/com/youzan/pay/unified/cashier/intergration/client/AssetCenterUnifiedPayServiceClient.class]
2017-08-28 17:42:02.882 [main] DEBUG o.s.context.annotation.ClassPathBeanDefinitionScanner - Identified candidate component class: file [/Users/wulonghui/work/unified_cashier/intergration/target/classes/com/youzan/pay/unified/cashier/intergration/client/CashierOrderStatusSearchClient.class]
2017-08-28 17:42:02.882 [main] DEBUG o.s.context.annotation.ClassPathBeanDefinitionScanner - Identified candidate component class: file [/Users/wulonghui/work/unified_cashier/intergration/target/classes/com/youzan/pay/unified/cashier/intergration/client/CashierRechargeServiceClient.class]
2017-08-28 17:42:02.882 [main] DEBUG o.s.context.annotation.ClassPathBeanDefinitionScanner - Identified candidate component class: file [/Users/wulonghui/work/unified_cashier/intergration/target/classes/com/youzan/pay/unified/cashier/intergration/client/ChannelBankCardServiceClient.class]
2017-08-28 17:42:02.883 [main] DEBUG o.s.context.annotation.ClassPathBeanDefinitionScanner - Identified candidate component class: file [/Users/wulonghui/work/unified_cashier/intergration/target/classes/com/youzan/pay/unified/cashier/intergration/client/MerchantBankCardServiceClient.class]
2017-08-28 17:42:02.883 [main] DEBUG o.s.context.annotation.ClassPathBeanDefinitionScanner - Identified candidate component class: file [/Users/wulonghui/work/unified_cashier/intergration/target/classes/com/youzan/pay/unified/cashier/intergration/client/MicroAccoutServiceClient.class]
2017-08-28 17:42:02.883 [main] DEBUG o.s.context.annotation.ClassPathBeanDefinitionScanner - Identified candidate component class: file [/Users/wulonghui/work/unified_cashier/intergration/target/classes/com/youzan/pay/unified/cashier/intergration/client/QueryPayToolConfigServiceClient.class]
2017-08-28 17:42:02.883 [main] DEBUG o.s.context.annotation.ClassPathBeanDefinitionScanner - Identified candidate component class: file [/Users/wulonghui/work/unified_cashier/intergration/target/classes/com/youzan/pay/unified/cashier/intergration/client/SignKeyServiceClient.class]
2017-08-28 17:42:02.883 [main] DEBUG o.s.context.annotation.ClassPathBeanDefinitionScanner - Identified candidate component class: file [/Users/wulonghui/work/unified_cashier/intergration/target/classes/com/youzan/pay/unified/cashier/intergration/client/SummaryCardQueryServiceClient.class]
2017-08-28 17:42:02.883 [main] DEBUG o.s.context.annotation.ClassPathBeanDefinitionScanner - Identified candidate component class: file [/Users/wulonghui/work/unified_cashier/intergration/target/classes/com/youzan/pay/unified/cashier/intergration/client/UnifiedOrderServiceClient.class]
2017-08-28 17:42:02.883 [main] DEBUG o.s.context.annotation.ClassPathBeanDefinitionScanner - Identified candidate component class: file [/Users/wulonghui/work/unified_cashier/intergration/target/classes/com/youzan/pay/unified/cashier/intergration/client/UnifiedPayServiceClient.class]
2017-08-28 17:42:02.884 [main] DEBUG o.s.context.annotation.ClassPathBeanDefinitionScanner - Identified candidate component class: file [/Users/wulonghui/work/unified_cashier/intergration/target/classes/com/youzan/pay/unified/cashier/intergration/client/UserMerchantServiceClient.class]
2017-08-28 17:42:02.887 [main] DEBUG o.s.context.annotation.ClassPathBeanDefinitionScanner - Identified candidate component class: URL [jar:file:/Users/wulonghui/.m2/repository/com/youzan/pay/core/core-utils/1.0.1-SNAPSHOT/core-utils-1.0.1-SNAPSHOT.jar!/com/youzan/pay/core/utils/spring/SpringUtil.class]
2017-08-28 17:42:02.930 [main] DEBUG o.s.context.annotation.ClassPathBeanDefinitionScanner - Identified candidate component class: URL [jar:file:/Users/wulonghui/.m2/repository/com/youzan/pay/core/0.2.9-20170710-RELEASE/core-0.2.9-20170710-RELEASE.jar!/com/youzan/pay/core/aspect/AutoLogParamsAspect.class]
2017-08-28 17:42:02.930 [main] DEBUG o.s.context.annotation.ClassPathBeanDefinitionScanner - Identified candidate component class: URL [jar:file:/Users/wulonghui/.m2/repository/com/youzan/pay/core/0.2.9-20170710-RELEASE/core-0.2.9-20170710-RELEASE.jar!/com/youzan/pay/core/aspect/RetryAspect.class]
2017-08-28 17:42:02.933 [main] DEBUG o.s.context.annotation.ClassPathBeanDefinitionScanner - Identified candidate component class: URL [jar:file:/Users/wulonghui/.m2/repository/com/youzan/pay/core/0.2.9-20170710-RELEASE/core-0.2.9-20170710-RELEASE.jar!/com/youzan/pay/core/task/impl/nsq/NsqTaskDispatcher.class]
2017-08-28 17:42:02.963 [main] DEBUG o.s.context.annotation.ClassPathBeanDefinitionScanner - Ignored because not a concrete top-level class: URL [jar:file:/Users/wulonghui/.m2/repository/com/youzan/pay/consumer-center/basesearch-api/1.0.0-SNAPSHOT/basesearch-api-1.0.0-SNAPSHOT.jar!/com/youzan/pay/consumercenter/basesearch/api/QueryService.class]
2017-08-28 17:42:02.969 [main] DEBUG o.s.beans.factory.support.DefaultListableBeanFactory - Creating shared instance of singleton bean 'org.springframework.context.annotation.internalAutowiredAnnotationProcessor'
2017-08-28 17:42:02.969 [main] DEBUG o.s.beans.factory.support.DefaultListableBeanFactory - Creating instance of bean 'org.springframework.context.annotation.internalAutowiredAnnotationProcessor'
2017-08-28 17:42:02.969 [main] DEBUG o.s.beans.factory.support.DefaultListableBeanFactory - Eagerly caching bean 'org.springframework.context.annotation.internalAutowiredAnnotationProcessor' to allow for resolving potential circular references
2017-08-28 17:42:02.970 [main] DEBUG o.s.beans.factory.support.DefaultListableBeanFactory - Finished creating instance of bean 'org.springframework.context.annotation.internalAutowiredAnnotationProcessor'
2017-08-28 17:42:02.970 [main] DEBUG o.s.beans.factory.support.DefaultListableBeanFactory - Creating shared instance of singleton bean 'org.springframework.context.annotation.internalRequiredAnnotationProcessor'
2017-08-28 17:42:02.970 [main] DEBUG o.s.beans.factory.support.DefaultListableBeanFactory - Creating instance of bean 'org.springframework.context.annotation.internalRequiredAnnotationProcessor'
2017-08-28 17:42:02.970 [main] DEBUG o.s.beans.factory.support.DefaultListableBeanFactory - Eagerly caching bean 'org.springframework.context.annotation.internalRequiredAnnotationProcessor' to allow for resolving potential circular references
2017-08-28 17:42:02.970 [main] DEBUG o.s.beans.factory.support.DefaultListableBeanFactory - Finished creating instance of bean 'org.springframework.context.annotation.internalRequiredAnnotationProcessor'
2017-08-28 17:42:02.970 [main] DEBUG o.s.beans.factory.support.DefaultListableBeanFactory - Creating shared instance of singleton bean 'org.springframework.context.annotation.internalCommonAnnotationProcessor'
2017-08-28 17:42:02.970 [main] DEBUG o.s.beans.factory.support.DefaultListableBeanFactory - Creating instance of bean 'org.springframework.context.annotation.internalCommonAnnotationProcessor'
2017-08-28 17:42:02.970 [main] DEBUG o.s.beans.factory.support.DefaultListableBeanFactory - Eagerly caching bean 'org.springframework.context.annotation.internalCommonAnnotationProcessor' to allow for resolving potential circular references
2017-08-28 17:42:02.970 [main] DEBUG o.s.beans.factory.support.DefaultListableBeanFactory - Finished creating instance of bean 'org.springframework.context.annotation.internalCommonAnnotationProcessor'
2017-08-28 17:42:02.970 [main] DEBUG o.s.beans.factory.support.DefaultListableBeanFactory - Creating shared instance of singleton bean 'org.springframework.context.annotation.ConfigurationClassPostProcessor.importAwareProcessor'
2017-08-28 17:42:02.970 [main] DEBUG o.s.beans.factory.support.DefaultListableBeanFactory - Creating instance of bean 'org.springframework.context.annotation.ConfigurationClassPostProcessor.importAwareProcessor'
2017-08-28 17:42:02.970 [main] DEBUG o.s.beans.factory.support.DefaultListableBeanFactory - Eagerly caching bean 'org.springframework.context.annotation.ConfigurationClassPostProcessor.importAwareProcessor' to allow for resolving potential circular references
2017-08-28 17:42:02.970 [main] DEBUG o.s.beans.factory.support.DefaultListableBeanFactory - Finished creating instance of bean 'org.springframework.context.annotation.ConfigurationClassPostProcessor.importAwareProcessor'
2017-08-28 17:42:02.970 [main] DEBUG o.s.beans.factory.support.DefaultListableBeanFactory - Creating shared instance of singleton bean 'org.springframework.aop.config.internalAutoProxyCreator'
2017-08-28 17:42:02.970 [main] DEBUG o.s.beans.factory.support.DefaultListableBeanFactory - Creating instance of bean 'org.springframework.aop.config.internalAutoProxyCreator'
2017-08-28 17:42:02.970 [main] DEBUG o.s.beans.factory.support.DefaultListableBeanFactory - Eagerly caching bean 'org.springframework.aop.config.internalAutoProxyCreator' to allow for resolving potential circular references
2017-08-28 17:42:02.970 [main] DEBUG o.s.beans.factory.support.DefaultListableBeanFactory - Finished creating instance of bean 'org.springframework.aop.config.internalAutoProxyCreator'
2017-08-28 17:42:02.970 [main] DEBUG o.s.beans.factory.support.DefaultListableBeanFactory - Returning cached instance of singleton bean 'com.alibaba.dubbo.config.spring.AnnotationBean'
2017-08-28 17:42:02.970 [main] DEBUG o.s.context.support.GenericApplicationContext - Unable to locate MessageSource with name 'messageSource': using default [org.springframework.context.support.DelegatingMessageSource@1191f35]
2017-08-28 17:42:02.970 [main] DEBUG o.s.context.support.GenericApplicationContext - Unable to locate ApplicationEventMulticaster with name 'applicationEventMulticaster': using default [org.springframework.context.event.SimpleApplicationEventMulticaster@7ac9ef0c]
2017-08-28 17:42:02.971 [main] INFO  o.s.beans.factory.support.DefaultListableBeanFactory - Pre-instantiating singletons in org.springframework.beans.factory.support.DefaultListableBeanFactory@4a935e93: defining beans [org.springframework.context.support.PropertySourcesPlaceholderConfigurer#0,assetCenterUnifiedPayServiceClient,cashierOrderStatusSearchClient,cashierRechargeServiceClient,channelBankCardServiceClient,merchantBankCardServiceClient,microAccoutServiceClient,queryPayToolConfigServiceClient,signKeyServiceClient,summaryCardQueryServiceClient,unifiedOrderServiceClient,unifiedPayServiceClient,userMerchantServiceClient,org.springframework.context.annotation.internalConfigurationAnnotationProcessor,org.springframework.context.annotation.internalAutowiredAnnotationProcessor,org.springframework.context.annotation.internalRequiredAnnotationProcessor,org.springframework.context.annotation.internalCommonAnnotationProcessor,signKeyService,merchantConfigService,acquireOrderService,unifiedPayService,unifiedOrderQueryService,unifiedOrderService,bankCardService,merchantBankCardService,userMerchantService,rechargeService,payToolsService,accountService,summaryCardQueryService,novaContainer,beanFactory,org.springframework.aop.config.internalAutoProxyCreator,tracingAop,customerMethodAop,org.springframework.context.annotation.ConfigurationClassPostProcessor.importAwareProcessor,com.alibaba.dubbo.config.ApplicationConfig,haunt,com.alibaba.dubbo.config.MonitorConfig,dubbo,rest,com.alibaba.dubbo.config.spring.AnnotationBean,springUtil,autoLogParamsAspect,retryAspect,nsqTaskDispatcher]; root of factory hierarchy
2017-08-28 17:42:02.971 [main] DEBUG o.s.beans.factory.support.DefaultListableBeanFactory - Returning cached instance of singleton bean 'org.springframework.context.support.PropertySourcesPlaceholderConfigurer#0'
2017-08-28 17:42:02.971 [main] DEBUG o.s.beans.factory.support.DefaultListableBeanFactory - Creating shared instance of singleton bean 'assetCenterUnifiedPayServiceClient'
2017-08-28 17:42:02.971 [main] DEBUG o.s.beans.factory.support.DefaultListableBeanFactory - Creating instance of bean 'assetCenterUnifiedPayServiceClient'
2017-08-28 17:42:02.972 [main] DEBUG o.s.a.aspectj.annotation.ReflectiveAspectJAdvisorFactory - Found AspectJ method: public java.lang.Object com.youzan.nova.framework.cat.annotation.aop.TracingAop.aroundExec(org.aspectj.lang.ProceedingJoinPoint) throws java.lang.Throwable
2017-08-28 17:42:02.972 [main] DEBUG o.s.a.aspectj.annotation.ReflectiveAspectJAdvisorFactory - Found AspectJ method: public java.lang.Object com.youzan.nova.framework.cat.annotation.aop.CustomerMethodAop.aroundExec(org.aspectj.lang.ProceedingJoinPoint) throws java.lang.Throwable
2017-08-28 17:42:02.972 [main] DEBUG o.s.a.aspectj.annotation.ReflectiveAspectJAdvisorFactory - Found AspectJ method: public void com.youzan.pay.core.aspect.AutoLogParamsAspect.before(org.aspectj.lang.JoinPoint)
2017-08-28 17:42:02.972 [main] DEBUG o.s.a.aspectj.annotation.ReflectiveAspectJAdvisorFactory - Found AspectJ method: public java.lang.Object com.youzan.pay.core.aspect.RetryAspect.retryProcess(org.aspectj.lang.ProceedingJoinPoint) throws java.lang.Throwable
2017-08-28 17:42:02.972 [main] DEBUG o.s.beans.factory.annotation.InjectionMetadata - Registered injected element on class [com.youzan.pay.unified.cashier.intergration.client.AssetCenterUnifiedPayServiceClient]: ResourceElement for private com.youzan.pay.assetcenter.api.UnifiedPayService com.youzan.pay.unified.cashier.intergration.client.AssetCenterUnifiedPayServiceClient.unifiedPayService
2017-08-28 17:42:02.972 [main] DEBUG o.s.beans.factory.support.DefaultListableBeanFactory - Eagerly caching bean 'assetCenterUnifiedPayServiceClient' to allow for resolving potential circular references
2017-08-28 17:42:02.972 [main] DEBUG o.s.beans.factory.annotation.InjectionMetadata - Processing injected element of bean 'assetCenterUnifiedPayServiceClient': ResourceElement for private com.youzan.pay.assetcenter.api.UnifiedPayService com.youzan.pay.unified.cashier.intergration.client.AssetCenterUnifiedPayServiceClient.unifiedPayService
2017-08-28 17:42:02.972 [main] DEBUG o.s.beans.factory.support.DefaultListableBeanFactory - Creating shared instance of singleton bean 'unifiedPayService'
2017-08-28 17:42:02.972 [main] DEBUG o.s.beans.factory.support.DefaultListableBeanFactory - Creating instance of bean 'unifiedPayService'
2017-08-28 17:42:02.973 [main] DEBUG o.s.beans.factory.support.DefaultListableBeanFactory - Eagerly caching bean 'unifiedPayService' to allow for resolving potential circular references
2017-08-28 17:42:02.973 [main] DEBUG o.s.beans.factory.support.DefaultListableBeanFactory - Creating shared instance of singleton bean 'haunt'
2017-08-28 17:42:02.973 [main] DEBUG o.s.beans.factory.support.DefaultListableBeanFactory - Creating instance of bean 'haunt'
2017-08-28 17:42:02.973 [main] DEBUG o.s.beans.factory.support.DefaultListableBeanFactory - Eagerly caching bean 'haunt' to allow for resolving potential circular references
2017-08-28 17:42:03.006 [main] DEBUG o.s.beans.factory.support.DefaultListableBeanFactory - Finished creating instance of bean 'haunt'
2017-08-28 17:42:03.006 [main] DEBUG o.s.beans.factory.support.DefaultListableBeanFactory - Invoking afterPropertiesSet() on bean with name 'unifiedPayService'
2017-08-28 17:42:03.006 [main] DEBUG o.s.beans.factory.support.DefaultListableBeanFactory - Creating shared instance of singleton bean 'com.alibaba.dubbo.config.ApplicationConfig'
2017-08-28 17:42:03.006 [main] DEBUG o.s.beans.factory.support.DefaultListableBeanFactory - Creating instance of bean 'com.alibaba.dubbo.config.ApplicationConfig'
2017-08-28 17:42:03.006 [main] DEBUG o.s.beans.factory.support.DefaultListableBeanFactory - Eagerly caching bean 'com.alibaba.dubbo.config.ApplicationConfig' to allow for resolving potential circular references
2017-08-28 17:42:03.007 [main] INFO  com.alibaba.dubbo.common.logger.LoggerFactory - using logger: com.alibaba.dubbo.common.logger.slf4j.Slf4jLoggerAdapter
2017-08-28 17:42:03.020 [main] DEBUG o.s.beans.factory.support.DefaultListableBeanFactory - Finished creating instance of bean 'com.alibaba.dubbo.config.ApplicationConfig'
2017-08-28 17:42:03.021 [main] DEBUG o.s.beans.factory.support.DefaultListableBeanFactory - Creating shared instance of singleton bean 'com.alibaba.dubbo.config.MonitorConfig'
2017-08-28 17:42:03.021 [main] DEBUG o.s.beans.factory.support.DefaultListableBeanFactory - Creating instance of bean 'com.alibaba.dubbo.config.MonitorConfig'
2017-08-28 17:42:03.021 [main] DEBUG o.s.beans.factory.support.DefaultListableBeanFactory - Eagerly caching bean 'com.alibaba.dubbo.config.MonitorConfig' to allow for resolving potential circular references
2017-08-28 17:42:03.028 [main] DEBUG o.s.beans.factory.support.DefaultListableBeanFactory - Finished creating instance of bean 'com.alibaba.dubbo.config.MonitorConfig'
2017-08-28 17:42:03.118 [main] DEBUG o.s.beans.factory.support.DefaultListableBeanFactory - Finished creating instance of bean 'unifiedPayService'
2017-08-28 17:42:03.119 [main] INFO  com.youzan.nova.registry.haunt.HauntRegistry -  [Nova] Register: consumer://172.17.11.56/com.youzan.pay.assetcenter.api.UnifiedPayService?application=pay-ucashier&category=consumers&check=false&dubbo=3.0.9-RELEASE&interface=com.youzan.pay.assetcenter.api.UnifiedPayService&logger=slf4j&methods=warpMultiPay,multiPay,singlePay,wrapMultiPay,wrapSinglePay&owner=pay-ucashier&pid=43551&protocol=dubbo&retries=0&revision=0.0.9-20170817-SNAPSHOT&side=consumer&timeout=5000&timestamp=1503913323119, nova version: 3.0.9-RELEASE, current host: 172.17.11.56
2017-08-28 17:42:03.119 [main] INFO  com.youzan.nova.registry.haunt.HauntRegistry -  [Nova] Subscribe: consumer://172.17.11.56/com.youzan.pay.assetcenter.api.UnifiedPayService?application=pay-ucashier&category=providers,configurators,routers&check=false&dubbo=3.0.9-RELEASE&interface=com.youzan.pay.assetcenter.api.UnifiedPayService&logger=slf4j&methods=warpMultiPay,multiPay,singlePay,wrapMultiPay,wrapSinglePay&owner=pay-ucashier&pid=43551&protocol=dubbo&retries=0&revision=0.0.9-20170817-SNAPSHOT&side=consumer&timeout=5000&timestamp=1503913323119, nova version: 3.0.9-RELEASE, current host: 172.17.11.56
2017-08-28 17:42:03.119 [main] INFO  com.youzan.nova.registry.haunt.HauntRegistry -  [Nova] Notify urls for subscribe url consumer://172.17.11.56/com.youzan.pay.assetcenter.api.UnifiedPayService?application=pay-ucashier&category=providers,configurators,routers&check=false&dubbo=3.0.9-RELEASE&interface=com.youzan.pay.assetcenter.api.UnifiedPayService&logger=slf4j&methods=warpMultiPay,multiPay,singlePay,wrapMultiPay,wrapSinglePay&owner=pay-ucashier&pid=43551&protocol=dubbo&retries=0&revision=0.0.9-20170817-SNAPSHOT&side=consumer&timeout=5000&timestamp=1503913323119, urls: [dubbo://10.9.82.150:28094?application=pay-assetcenter&interface=com.youzan.pay.assetcenter.api.UnifiedPayService&methods=warpMultiPay,multiPay,singlePay,wrapMultiPay,batchPay,wrapSinglePay,&timestamp=1503890765498&weight=100, empty://172.17.11.56/com.youzan.pay.assetcenter.api.UnifiedPayService?application=pay-ucashier&category=configurators&check=false&dubbo=3.0.9-RELEASE&interface=com.youzan.pay.assetcenter.api.UnifiedPayService&logger=slf4j&methods=warpMultiPay,multiPay,singlePay,wrapMultiPay,wrapSinglePay&owner=pay-ucashier&pid=43551&protocol=dubbo&retries=0&revision=0.0.9-20170817-SNAPSHOT&side=consumer&timeout=5000&timestamp=1503913323119, empty://172.17.11.56/com.youzan.pay.assetcenter.api.UnifiedPayService?application=pay-ucashier&category=routers&check=false&dubbo=3.0.9-RELEASE&interface=com.youzan.pay.assetcenter.api.UnifiedPayService&logger=slf4j&methods=warpMultiPay,multiPay,singlePay,wrapMultiPay,wrapSinglePay&owner=pay-ucashier&pid=43551&protocol=dubbo&retries=0&revision=0.0.9-20170817-SNAPSHOT&side=consumer&timeout=5000&timestamp=1503913323119], nova version: 3.0.9-RELEASE, current host: 172.17.11.56
2017-08-28 17:42:03.152 [main] INFO  com.alibaba.dubbo.remoting.transport.AbstractClient -  [Nova] Successed connect to server /10.9.82.150:28094 from NettyClient 172.17.11.56 using dubbo version 3.0.9-RELEASE, channel is NettyChannel [channel=[id: 0xfdce01b1, /172.17.11.56:61779 => /10.9.82.150:28094]], nova version: 3.0.9-RELEASE, current host: 172.17.11.56
2017-08-28 17:42:03.152 [main] INFO  com.alibaba.dubbo.remoting.transport.AbstractClient -  [Nova] Start NettyClient wulonghuideMacBook-Pro.local/172.17.11.56 connect to the server /10.9.82.150:28094, nova version: 3.0.9-RELEASE, current host: 172.17.11.56
2017-08-28 17:42:03.153 [main] INFO  com.alibaba.dubbo.config.AbstractConfig -  [Nova] Refer dubbo service com.youzan.pay.assetcenter.api.UnifiedPayService from url haunt://etcd-dev.s.qima-inc.com:2379/com.alibaba.dubbo.registry.RegistryService?application=pay-ucashier&check=false&dubbo=3.0.9-RELEASE&interface=com.youzan.pay.assetcenter.api.UnifiedPayService&logger=slf4j&methods=warpMultiPay,multiPay,singlePay,wrapMultiPay,wrapSinglePay&monitor=http%3A%2F%2Fhawk-dev.s.qima-inc.com%3A80%3Fdubbo%3D3.0.9-RELEASE%26interface%3Dcom.alibaba.dubbo.monitor.MonitorService%26pid%3D43551%26timestamp%3D1503913323119&owner=pay-ucashier&pid=43551&protocol=dubbo&retries=0&revision=0.0.9-20170817-SNAPSHOT&side=consumer&timeout=5000&timestamp=1503913323119&weight=100, nova version: 3.0.9-RELEASE, current host: 172.17.11.56
2017-08-28 17:42:03.156 [main] DEBUG o.s.beans.factory.support.DefaultListableBeanFactory - Finished creating instance of bean 'assetCenterUnifiedPayServiceClient'
2017-08-28 17:42:03.156 [main] DEBUG o.s.beans.factory.support.DefaultListableBeanFactory - Creating shared instance of singleton bean 'cashierOrderStatusSearchClient'
2017-08-28 17:42:03.156 [main] DEBUG o.s.beans.factory.support.DefaultListableBeanFactory - Creating instance of bean 'cashierOrderStatusSearchClient'
2017-08-28 17:42:03.156 [main] DEBUG o.s.beans.factory.annotation.InjectionMetadata - Registered injected element on class [com.youzan.pay.unified.cashier.intergration.client.CashierOrderStatusSearchClient]: ResourceElement for private com.youzan.pay.assetcenter.api.AcquireOrderService com.youzan.pay.unified.cashier.intergration.client.CashierOrderStatusSearchClient.acquireOrderService
2017-08-28 17:42:03.156 [main] DEBUG o.s.beans.factory.support.DefaultListableBeanFactory - Eagerly caching bean 'cashierOrderStatusSearchClient' to allow for resolving potential circular references
2017-08-28 17:42:03.156 [main] DEBUG o.s.beans.factory.annotation.InjectionMetadata - Processing injected element of bean 'cashierOrderStatusSearchClient': ResourceElement for private com.youzan.pay.assetcenter.api.AcquireOrderService com.youzan.pay.unified.cashier.intergration.client.CashierOrderStatusSearchClient.acquireOrderService
2017-08-28 17:42:03.156 [main] DEBUG o.s.beans.factory.support.DefaultListableBeanFactory - Creating shared instance of singleton bean 'acquireOrderService'
2017-08-28 17:42:03.156 [main] DEBUG o.s.beans.factory.support.DefaultListableBeanFactory - Creating instance of bean 'acquireOrderService'
2017-08-28 17:42:03.157 [main] DEBUG o.s.beans.factory.support.DefaultListableBeanFactory - Eagerly caching bean 'acquireOrderService' to allow for resolving potential circular references
2017-08-28 17:42:03.157 [main] DEBUG o.s.beans.factory.support.DefaultListableBeanFactory - Returning cached instance of singleton bean 'haunt'
2017-08-28 17:42:03.157 [main] DEBUG o.s.beans.factory.support.DefaultListableBeanFactory - Invoking afterPropertiesSet() on bean with name 'acquireOrderService'
2017-08-28 17:42:03.157 [main] DEBUG o.s.beans.factory.support.DefaultListableBeanFactory - Returning cached instance of singleton bean 'com.alibaba.dubbo.config.ApplicationConfig'
2017-08-28 17:42:03.157 [main] DEBUG o.s.beans.factory.support.DefaultListableBeanFactory - Returning cached instance of singleton bean 'com.alibaba.dubbo.config.MonitorConfig'
2017-08-28 17:42:03.158 [main] DEBUG o.s.beans.factory.support.DefaultListableBeanFactory - Finished creating instance of bean 'acquireOrderService'
2017-08-28 17:42:03.159 [main] INFO  com.youzan.nova.registry.haunt.HauntRegistry -  [Nova] Register: consumer://172.17.11.56/com.youzan.pay.assetcenter.api.AcquireOrderService?application=pay-ucashier&category=consumers&check=false&dubbo=3.0.9-RELEASE&interface=com.youzan.pay.assetcenter.api.AcquireOrderService&logger=slf4j&methods=payNotify,retryInAccount,query,create,pay,revoke&owner=pay-ucashier&pid=43551&protocol=dubbo&retries=0&revision=0.0.9-20170817-SNAPSHOT&side=consumer&timeout=5000&timestamp=1503913323159, nova version: 3.0.9-RELEASE, current host: 172.17.11.56
2017-08-28 17:42:03.159 [main] INFO  com.youzan.nova.registry.haunt.HauntRegistry -  [Nova] Subscribe: consumer://172.17.11.56/com.youzan.pay.assetcenter.api.AcquireOrderService?application=pay-ucashier&category=providers,configurators,routers&check=false&dubbo=3.0.9-RELEASE&interface=com.youzan.pay.assetcenter.api.AcquireOrderService&logger=slf4j&methods=payNotify,retryInAccount,query,create,pay,revoke&owner=pay-ucashier&pid=43551&protocol=dubbo&retries=0&revision=0.0.9-20170817-SNAPSHOT&side=consumer&timeout=5000&timestamp=1503913323159, nova version: 3.0.9-RELEASE, current host: 172.17.11.56
2017-08-28 17:42:03.159 [main] INFO  com.youzan.nova.registry.haunt.HauntRegistry -  [Nova] Notify urls for subscribe url consumer://172.17.11.56/com.youzan.pay.assetcenter.api.AcquireOrderService?application=pay-ucashier&category=providers,configurators,routers&check=false&dubbo=3.0.9-RELEASE&interface=com.youzan.pay.assetcenter.api.AcquireOrderService&logger=slf4j&methods=payNotify,retryInAccount,query,create,pay,revoke&owner=pay-ucashier&pid=43551&protocol=dubbo&retries=0&revision=0.0.9-20170817-SNAPSHOT&side=consumer&timeout=5000&timestamp=1503913323159, urls: [dubbo://10.9.82.150:28094?application=pay-assetcenter&interface=com.youzan.pay.assetcenter.api.AcquireOrderService&methods=payNotify,retryInAccount,query,pay,revoke,create,&timestamp=1503890764801&weight=100, empty://172.17.11.56/com.youzan.pay.assetcenter.api.AcquireOrderService?application=pay-ucashier&category=configurators&check=false&dubbo=3.0.9-RELEASE&interface=com.youzan.pay.assetcenter.api.AcquireOrderService&logger=slf4j&methods=payNotify,retryInAccount,query,create,pay,revoke&owner=pay-ucashier&pid=43551&protocol=dubbo&retries=0&revision=0.0.9-20170817-SNAPSHOT&side=consumer&timeout=5000&timestamp=1503913323159, empty://172.17.11.56/com.youzan.pay.assetcenter.api.AcquireOrderService?application=pay-ucashier&category=routers&check=false&dubbo=3.0.9-RELEASE&interface=com.youzan.pay.assetcenter.api.AcquireOrderService&logger=slf4j&methods=payNotify,retryInAccount,query,create,pay,revoke&owner=pay-ucashier&pid=43551&protocol=dubbo&retries=0&revision=0.0.9-20170817-SNAPSHOT&side=consumer&timeout=5000&timestamp=1503913323159], nova version: 3.0.9-RELEASE, current host: 172.17.11.56
2017-08-28 17:42:03.160 [main] INFO  com.alibaba.dubbo.config.AbstractConfig -  [Nova] Refer dubbo service com.youzan.pay.assetcenter.api.AcquireOrderService from url haunt://etcd-dev.s.qima-inc.com:2379/com.alibaba.dubbo.registry.RegistryService?application=pay-ucashier&check=false&dubbo=3.0.9-RELEASE&interface=com.youzan.pay.assetcenter.api.AcquireOrderService&logger=slf4j&methods=payNotify,retryInAccount,query,create,pay,revoke&monitor=http%3A%2F%2Fhawk-dev.s.qima-inc.com%3A80%3Fdubbo%3D3.0.9-RELEASE%26interface%3Dcom.alibaba.dubbo.monitor.MonitorService%26pid%3D43551%26timestamp%3D1503913323159&owner=pay-ucashier&pid=43551&protocol=dubbo&retries=0&revision=0.0.9-20170817-SNAPSHOT&side=consumer&timeout=5000&timestamp=1503913323159&weight=100, nova version: 3.0.9-RELEASE, current host: 172.17.11.56
2017-08-28 17:42:03.164 [main] DEBUG o.s.beans.factory.support.DefaultListableBeanFactory - Finished creating instance of bean 'cashierOrderStatusSearchClient'
2017-08-28 17:42:03.164 [main] DEBUG o.s.beans.factory.support.DefaultListableBeanFactory - Creating shared instance of singleton bean 'cashierRechargeServiceClient'
2017-08-28 17:42:03.164 [main] DEBUG o.s.beans.factory.support.DefaultListableBeanFactory - Creating instance of bean 'cashierRechargeServiceClient'
2017-08-28 17:42:03.164 [main] DEBUG o.s.beans.factory.annotation.InjectionMetadata - Registered injected element on class [com.youzan.pay.unified.cashier.intergration.client.CashierRechargeServiceClient]: ResourceElement for private com.youzan.pay.assetcenter.api.RechargeService com.youzan.pay.unified.cashier.intergration.client.CashierRechargeServiceClient.rechargeService
2017-08-28 17:42:03.164 [main] DEBUG o.s.beans.factory.support.DefaultListableBeanFactory - Eagerly caching bean 'cashierRechargeServiceClient' to allow for resolving potential circular references
2017-08-28 17:42:03.164 [main] DEBUG o.s.beans.factory.annotation.InjectionMetadata - Processing injected element of bean 'cashierRechargeServiceClient': ResourceElement for private com.youzan.pay.assetcenter.api.RechargeService com.youzan.pay.unified.cashier.intergration.client.CashierRechargeServiceClient.rechargeService
2017-08-28 17:42:03.164 [main] DEBUG o.s.beans.factory.support.DefaultListableBeanFactory - Creating shared instance of singleton bean 'rechargeService'
2017-08-28 17:42:03.164 [main] DEBUG o.s.beans.factory.support.DefaultListableBeanFactory - Creating instance of bean 'rechargeService'
2017-08-28 17:42:03.164 [main] DEBUG o.s.beans.factory.support.DefaultListableBeanFactory - Eagerly caching bean 'rechargeService' to allow for resolving potential circular references
2017-08-28 17:42:03.164 [main] DEBUG o.s.beans.factory.support.DefaultListableBeanFactory - Returning cached instance of singleton bean 'haunt'
2017-08-28 17:42:03.164 [main] DEBUG o.s.beans.factory.support.DefaultListableBeanFactory - Invoking afterPropertiesSet() on bean with name 'rechargeService'
2017-08-28 17:42:03.165 [main] DEBUG o.s.beans.factory.support.DefaultListableBeanFactory - Returning cached instance of singleton bean 'com.alibaba.dubbo.config.ApplicationConfig'
2017-08-28 17:42:03.165 [main] DEBUG o.s.beans.factory.support.DefaultListableBeanFactory - Returning cached instance of singleton bean 'com.alibaba.dubbo.config.MonitorConfig'
2017-08-28 17:42:03.166 [main] DEBUG o.s.beans.factory.support.DefaultListableBeanFactory - Finished creating instance of bean 'rechargeService'
2017-08-28 17:42:03.167 [main] INFO  com.youzan.nova.registry.haunt.HauntRegistry -  [Nova] Register: consumer://172.17.11.56/com.youzan.pay.assetcenter.api.RechargeService?application=pay-ucashier&category=consumers&check=false&dubbo=3.0.9-RELEASE&interface=com.youzan.pay.assetcenter.api.RechargeService&logger=slf4j&methods=rechargePay,wrapCreate,create,wrapRechargePay&owner=pay-ucashier&pid=43551&protocol=dubbo&retries=0&revision=0.0.9-20170817-SNAPSHOT&side=consumer&timeout=5000&timestamp=1503913323166, nova version: 3.0.9-RELEASE, current host: 172.17.11.56
2017-08-28 17:42:03.167 [main] INFO  com.youzan.nova.registry.haunt.HauntRegistry -  [Nova] Subscribe: consumer://172.17.11.56/com.youzan.pay.assetcenter.api.RechargeService?application=pay-ucashier&category=providers,configurators,routers&check=false&dubbo=3.0.9-RELEASE&interface=com.youzan.pay.assetcenter.api.RechargeService&logger=slf4j&methods=rechargePay,wrapCreate,create,wrapRechargePay&owner=pay-ucashier&pid=43551&protocol=dubbo&retries=0&revision=0.0.9-20170817-SNAPSHOT&side=consumer&timeout=5000&timestamp=1503913323166, nova version: 3.0.9-RELEASE, current host: 172.17.11.56
2017-08-28 17:42:03.167 [main] INFO  com.youzan.nova.registry.haunt.HauntRegistry -  [Nova] Notify urls for subscribe url consumer://172.17.11.56/com.youzan.pay.assetcenter.api.RechargeService?application=pay-ucashier&category=providers,configurators,routers&check=false&dubbo=3.0.9-RELEASE&interface=com.youzan.pay.assetcenter.api.RechargeService&logger=slf4j&methods=rechargePay,wrapCreate,create,wrapRechargePay&owner=pay-ucashier&pid=43551&protocol=dubbo&retries=0&revision=0.0.9-20170817-SNAPSHOT&side=consumer&timeout=5000&timestamp=1503913323166, urls: [dubbo://10.9.82.150:28094?application=pay-assetcenter&interface=com.youzan.pay.assetcenter.api.RechargeService&methods=rechargePay,wrapCreate,create,wrapRechargePay,&timestamp=1503890766143&weight=100, empty://172.17.11.56/com.youzan.pay.assetcenter.api.RechargeService?application=pay-ucashier&category=configurators&check=false&dubbo=3.0.9-RELEASE&interface=com.youzan.pay.assetcenter.api.RechargeService&logger=slf4j&methods=rechargePay,wrapCreate,create,wrapRechargePay&owner=pay-ucashier&pid=43551&protocol=dubbo&retries=0&revision=0.0.9-20170817-SNAPSHOT&side=consumer&timeout=5000&timestamp=1503913323166, empty://172.17.11.56/com.youzan.pay.assetcenter.api.RechargeService?application=pay-ucashier&category=routers&check=false&dubbo=3.0.9-RELEASE&interface=com.youzan.pay.assetcenter.api.RechargeService&logger=slf4j&methods=rechargePay,wrapCreate,create,wrapRechargePay&owner=pay-ucashier&pid=43551&protocol=dubbo&retries=0&revision=0.0.9-20170817-SNAPSHOT&side=consumer&timeout=5000&timestamp=1503913323166], nova version: 3.0.9-RELEASE, current host: 172.17.11.56
2017-08-28 17:42:03.167 [main] INFO  com.alibaba.dubbo.config.AbstractConfig -  [Nova] Refer dubbo service com.youzan.pay.assetcenter.api.RechargeService from url haunt://etcd-dev.s.qima-inc.com:2379/com.alibaba.dubbo.registry.RegistryService?application=pay-ucashier&check=false&dubbo=3.0.9-RELEASE&interface=com.youzan.pay.assetcenter.api.RechargeService&logger=slf4j&methods=rechargePay,wrapCreate,create,wrapRechargePay&monitor=http%3A%2F%2Fhawk-dev.s.qima-inc.com%3A80%3Fdubbo%3D3.0.9-RELEASE%26interface%3Dcom.alibaba.dubbo.monitor.MonitorService%26pid%3D43551%26timestamp%3D1503913323167&owner=pay-ucashier&pid=43551&protocol=dubbo&retries=0&revision=0.0.9-20170817-SNAPSHOT&side=consumer&timeout=5000&timestamp=1503913323166&weight=100, nova version: 3.0.9-RELEASE, current host: 172.17.11.56
2017-08-28 17:42:03.172 [main] DEBUG o.s.beans.factory.support.DefaultListableBeanFactory - Finished creating instance of bean 'cashierRechargeServiceClient'
2017-08-28 17:42:03.172 [main] DEBUG o.s.beans.factory.support.DefaultListableBeanFactory - Creating shared instance of singleton bean 'channelBankCardServiceClient'
2017-08-28 17:42:03.172 [main] DEBUG o.s.beans.factory.support.DefaultListableBeanFactory - Creating instance of bean 'channelBankCardServiceClient'
2017-08-28 17:42:03.172 [main] DEBUG o.s.beans.factory.annotation.InjectionMetadata - Registered injected element on class [com.youzan.pay.unified.cashier.intergration.client.ChannelBankCardServiceClient]: ResourceElement for private com.youzan.pay.fundchannel.open.api.BankCardService com.youzan.pay.unified.cashier.intergration.client.ChannelBankCardServiceClient.bankCardService
2017-08-28 17:42:03.172 [main] DEBUG o.s.beans.factory.support.DefaultListableBeanFactory - Eagerly caching bean 'channelBankCardServiceClient' to allow for resolving potential circular references
2017-08-28 17:42:03.172 [main] DEBUG o.s.beans.factory.annotation.InjectionMetadata - Processing injected element of bean 'channelBankCardServiceClient': ResourceElement for private com.youzan.pay.fundchannel.open.api.BankCardService com.youzan.pay.unified.cashier.intergration.client.ChannelBankCardServiceClient.bankCardService
2017-08-28 17:42:03.172 [main] DEBUG o.s.beans.factory.support.DefaultListableBeanFactory - Creating shared instance of singleton bean 'bankCardService'
2017-08-28 17:42:03.172 [main] DEBUG o.s.beans.factory.support.DefaultListableBeanFactory - Creating instance of bean 'bankCardService'
2017-08-28 17:42:03.172 [main] DEBUG o.s.beans.factory.support.DefaultListableBeanFactory - Eagerly caching bean 'bankCardService' to allow for resolving potential circular references
2017-08-28 17:42:03.172 [main] DEBUG o.s.beans.factory.support.DefaultListableBeanFactory - Returning cached instance of singleton bean 'haunt'
2017-08-28 17:42:03.172 [main] DEBUG o.s.beans.factory.support.DefaultListableBeanFactory - Invoking afterPropertiesSet() on bean with name 'bankCardService'
2017-08-28 17:42:03.173 [main] DEBUG o.s.beans.factory.support.DefaultListableBeanFactory - Returning cached instance of singleton bean 'com.alibaba.dubbo.config.ApplicationConfig'
2017-08-28 17:42:03.173 [main] DEBUG o.s.beans.factory.support.DefaultListableBeanFactory - Returning cached instance of singleton bean 'com.alibaba.dubbo.config.MonitorConfig'
2017-08-28 17:42:03.174 [main] DEBUG o.s.beans.factory.support.DefaultListableBeanFactory - Finished creating instance of bean 'bankCardService'
2017-08-28 17:42:03.175 [main] INFO  com.youzan.nova.registry.haunt.HauntRegistry -  [Nova] Register: consumer://172.17.11.56/com.youzan.pay.fundchannel.open.api.BankCardService?application=pay-ucashier&category=consumers&check=false&dubbo=3.0.9-RELEASE&interface=com.youzan.pay.fundchannel.open.api.BankCardService&logger=slf4j&methods=checkCard,sendSms,checkBankBinding,payConfirm&owner=pay-ucashier&pid=43551&protocol=dubbo&retries=0&revision=1.0.0-20170710-RELEASE&side=consumer&timeout=5000&timestamp=1503913323174, nova version: 3.0.9-RELEASE, current host: 172.17.11.56
2017-08-28 17:42:03.175 [main] INFO  com.youzan.nova.registry.haunt.HauntRegistry -  [Nova] Subscribe: consumer://172.17.11.56/com.youzan.pay.fundchannel.open.api.BankCardService?application=pay-ucashier&category=providers,configurators,routers&check=false&dubbo=3.0.9-RELEASE&interface=com.youzan.pay.fundchannel.open.api.BankCardService&logger=slf4j&methods=checkCard,sendSms,checkBankBinding,payConfirm&owner=pay-ucashier&pid=43551&protocol=dubbo&retries=0&revision=1.0.0-20170710-RELEASE&side=consumer&timeout=5000&timestamp=1503913323174, nova version: 3.0.9-RELEASE, current host: 172.17.11.56
2017-08-28 17:42:03.175 [main] INFO  com.youzan.nova.registry.haunt.HauntRegistry -  [Nova] Notify urls for subscribe url consumer://172.17.11.56/com.youzan.pay.fundchannel.open.api.BankCardService?application=pay-ucashier&category=providers,configurators,routers&check=false&dubbo=3.0.9-RELEASE&interface=com.youzan.pay.fundchannel.open.api.BankCardService&logger=slf4j&methods=checkCard,sendSms,checkBankBinding,payConfirm&owner=pay-ucashier&pid=43551&protocol=dubbo&retries=0&revision=1.0.0-20170710-RELEASE&side=consumer&timeout=5000&timestamp=1503913323174, urls: [dubbo://10.9.196.183:28096?application=pay-fund-channel&interface=com.youzan.pay.fundchannel.open.api.BankCardService&methods=checkCard,sendSms,checkBankBinding,payConfirm,&timestamp=1503389549681&weight=100, empty://172.17.11.56/com.youzan.pay.fundchannel.open.api.BankCardService?application=pay-ucashier&category=configurators&check=false&dubbo=3.0.9-RELEASE&interface=com.youzan.pay.fundchannel.open.api.BankCardService&logger=slf4j&methods=checkCard,sendSms,checkBankBinding,payConfirm&owner=pay-ucashier&pid=43551&protocol=dubbo&retries=0&revision=1.0.0-20170710-RELEASE&side=consumer&timeout=5000&timestamp=1503913323174, empty://172.17.11.56/com.youzan.pay.fundchannel.open.api.BankCardService?application=pay-ucashier&category=routers&check=false&dubbo=3.0.9-RELEASE&interface=com.youzan.pay.fundchannel.open.api.BankCardService&logger=slf4j&methods=checkCard,sendSms,checkBankBinding,payConfirm&owner=pay-ucashier&pid=43551&protocol=dubbo&retries=0&revision=1.0.0-20170710-RELEASE&side=consumer&timeout=5000&timestamp=1503913323174], nova version: 3.0.9-RELEASE, current host: 172.17.11.56
2017-08-28 17:42:03.206 [main] INFO  com.alibaba.dubbo.remoting.transport.AbstractClient -  [Nova] Successed connect to server /10.9.196.183:28096 from NettyClient 172.17.11.56 using dubbo version 3.0.9-RELEASE, channel is NettyChannel [channel=[id: 0x674ce6cd, /172.17.11.56:61784 => /10.9.196.183:28096]], nova version: 3.0.9-RELEASE, current host: 172.17.11.56
2017-08-28 17:42:03.206 [main] INFO  com.alibaba.dubbo.remoting.transport.AbstractClient -  [Nova] Start NettyClient wulonghuideMacBook-Pro.local/172.17.11.56 connect to the server /10.9.196.183:28096, nova version: 3.0.9-RELEASE, current host: 172.17.11.56
2017-08-28 17:42:03.207 [main] INFO  com.alibaba.dubbo.config.AbstractConfig -  [Nova] Refer dubbo service com.youzan.pay.fundchannel.open.api.BankCardService from url haunt://etcd-dev.s.qima-inc.com:2379/com.alibaba.dubbo.registry.RegistryService?application=pay-ucashier&check=false&dubbo=3.0.9-RELEASE&interface=com.youzan.pay.fundchannel.open.api.BankCardService&logger=slf4j&methods=checkCard,sendSms,checkBankBinding,payConfirm&monitor=http%3A%2F%2Fhawk-dev.s.qima-inc.com%3A80%3Fdubbo%3D3.0.9-RELEASE%26interface%3Dcom.alibaba.dubbo.monitor.MonitorService%26pid%3D43551%26timestamp%3D1503913323175&owner=pay-ucashier&pid=43551&protocol=dubbo&retries=0&revision=1.0.0-20170710-RELEASE&side=consumer&timeout=5000&timestamp=1503913323174&weight=100, nova version: 3.0.9-RELEASE, current host: 172.17.11.56
2017-08-28 17:42:03.212 [main] DEBUG o.s.beans.factory.support.DefaultListableBeanFactory - Finished creating instance of bean 'channelBankCardServiceClient'
2017-08-28 17:42:03.212 [main] DEBUG o.s.beans.factory.support.DefaultListableBeanFactory - Creating shared instance of singleton bean 'merchantBankCardServiceClient'
2017-08-28 17:42:03.212 [main] DEBUG o.s.beans.factory.support.DefaultListableBeanFactory - Creating instance of bean 'merchantBankCardServiceClient'
2017-08-28 17:42:03.212 [main] DEBUG o.s.beans.factory.annotation.InjectionMetadata - Registered injected element on class [com.youzan.pay.unified.cashier.intergration.client.MerchantBankCardServiceClient]: ResourceElement for private com.youzan.pay.customer.api.BankCardService com.youzan.pay.unified.cashier.intergration.client.MerchantBankCardServiceClient.merchantBankCardService
2017-08-28 17:42:03.212 [main] DEBUG o.s.beans.factory.support.DefaultListableBeanFactory - Eagerly caching bean 'merchantBankCardServiceClient' to allow for resolving potential circular references
2017-08-28 17:42:03.212 [main] DEBUG o.s.beans.factory.annotation.InjectionMetadata - Processing injected element of bean 'merchantBankCardServiceClient': ResourceElement for private com.youzan.pay.customer.api.BankCardService com.youzan.pay.unified.cashier.intergration.client.MerchantBankCardServiceClient.merchantBankCardService
2017-08-28 17:42:03.212 [main] DEBUG o.s.beans.factory.support.DefaultListableBeanFactory - Creating shared instance of singleton bean 'merchantBankCardService'
2017-08-28 17:42:03.212 [main] DEBUG o.s.beans.factory.support.DefaultListableBeanFactory - Creating instance of bean 'merchantBankCardService'
2017-08-28 17:42:03.212 [main] DEBUG o.s.beans.factory.support.DefaultListableBeanFactory - Eagerly caching bean 'merchantBankCardService' to allow for resolving potential circular references
2017-08-28 17:42:03.212 [main] DEBUG o.s.beans.factory.support.DefaultListableBeanFactory - Returning cached instance of singleton bean 'haunt'
2017-08-28 17:42:03.213 [main] DEBUG o.s.beans.factory.support.DefaultListableBeanFactory - Invoking afterPropertiesSet() on bean with name 'merchantBankCardService'
2017-08-28 17:42:03.213 [main] DEBUG o.s.beans.factory.support.DefaultListableBeanFactory - Returning cached instance of singleton bean 'com.alibaba.dubbo.config.ApplicationConfig'
2017-08-28 17:42:03.213 [main] DEBUG o.s.beans.factory.support.DefaultListableBeanFactory - Returning cached instance of singleton bean 'com.alibaba.dubbo.config.MonitorConfig'
2017-08-28 17:42:03.214 [main] DEBUG o.s.beans.factory.support.DefaultListableBeanFactory - Finished creating instance of bean 'merchantBankCardService'
2017-08-28 17:42:03.215 [main] INFO  com.youzan.nova.registry.haunt.HauntRegistry -  [Nova] Register: consumer://172.17.11.56/com.youzan.pay.customer.api.BankCardService?application=pay-ucashier&category=consumers&check=false&dubbo=3.0.9-RELEASE&interface=com.youzan.pay.customer.api.BankCardService&logger=slf4j&methods=getBoundBankCard,bindQuackPayCard,bindCard,unbindQuickPayCard,queryBoundQuickPayCard&owner=pay-ucashier&pid=43551&protocol=dubbo&retries=0&revision=0.0.7-20170804-RELEASE&side=consumer&timeout=5000&timestamp=1503913323215, nova version: 3.0.9-RELEASE, current host: 172.17.11.56
2017-08-28 17:42:03.215 [main] INFO  com.youzan.nova.registry.haunt.HauntRegistry -  [Nova] Subscribe: consumer://172.17.11.56/com.youzan.pay.customer.api.BankCardService?application=pay-ucashier&category=providers,configurators,routers&check=false&dubbo=3.0.9-RELEASE&interface=com.youzan.pay.customer.api.BankCardService&logger=slf4j&methods=getBoundBankCard,bindQuackPayCard,bindCard,unbindQuickPayCard,queryBoundQuickPayCard&owner=pay-ucashier&pid=43551&protocol=dubbo&retries=0&revision=0.0.7-20170804-RELEASE&side=consumer&timeout=5000&timestamp=1503913323215, nova version: 3.0.9-RELEASE, current host: 172.17.11.56
2017-08-28 17:42:03.215 [main] INFO  com.youzan.nova.registry.haunt.HauntRegistry -  [Nova] Notify urls for subscribe url consumer://172.17.11.56/com.youzan.pay.customer.api.BankCardService?application=pay-ucashier&category=providers,configurators,routers&check=false&dubbo=3.0.9-RELEASE&interface=com.youzan.pay.customer.api.BankCardService&logger=slf4j&methods=getBoundBankCard,bindQuackPayCard,bindCard,unbindQuickPayCard,queryBoundQuickPayCard&owner=pay-ucashier&pid=43551&protocol=dubbo&retries=0&revision=0.0.7-20170804-RELEASE&side=consumer&timeout=5000&timestamp=1503913323215, urls: [dubbo://172.16.8.185:28081?application=pay-customer&interface=com.youzan.pay.customer.api.BankCardService&methods=bindQuackPayCard,getBoundBankCard,bindCard_2_0_0,unbindQuickPayCard,bindCard,queryBoundQuickPayCard,&timestamp=1503899411797&weight=100, dubbo://10.9.196.183:28081?application=pay-customer&interface=com.youzan.pay.customer.api.BankCardService&methods=bindQuackPayCard,getBoundBankCard,unbindQuickPayCard,bindCard,queryBoundQuickPayCard,&timestamp=1503886744702&weight=100, dubbo://10.9.82.150:28081?application=pay-customer&interface=com.youzan.pay.customer.api.BankCardService&methods=getBoundBankCard,bindQuackPayCard,unbindQuickPayCard,bindCard,queryBoundQuickPayCard,&timestamp=1499329634155&weight=100, empty://172.17.11.56/com.youzan.pay.customer.api.BankCardService?application=pay-ucashier&category=configurators&check=false&dubbo=3.0.9-RELEASE&interface=com.youzan.pay.customer.api.BankCardService&logger=slf4j&methods=getBoundBankCard,bindQuackPayCard,bindCard,unbindQuickPayCard,queryBoundQuickPayCard&owner=pay-ucashier&pid=43551&protocol=dubbo&retries=0&revision=0.0.7-20170804-RELEASE&side=consumer&timeout=5000&timestamp=1503913323215, empty://172.17.11.56/com.youzan.pay.customer.api.BankCardService?application=pay-ucashier&category=routers&check=false&dubbo=3.0.9-RELEASE&interface=com.youzan.pay.customer.api.BankCardService&logger=slf4j&methods=getBoundBankCard,bindQuackPayCard,bindCard,unbindQuickPayCard,queryBoundQuickPayCard&owner=pay-ucashier&pid=43551&protocol=dubbo&retries=0&revision=0.0.7-20170804-RELEASE&side=consumer&timeout=5000&timestamp=1503913323215], nova version: 3.0.9-RELEASE, current host: 172.17.11.56
2017-08-28 17:42:03.307 [main] INFO  com.alibaba.dubbo.remoting.transport.AbstractClient -  [Nova] Successed connect to server /172.16.8.185:28081 from NettyClient 172.17.11.56 using dubbo version 3.0.9-RELEASE, channel is NettyChannel [channel=[id: 0x007d5c8e, /172.17.11.56:61785 => /172.16.8.185:28081]], nova version: 3.0.9-RELEASE, current host: 172.17.11.56
2017-08-28 17:42:03.307 [main] INFO  com.alibaba.dubbo.remoting.transport.AbstractClient -  [Nova] Start NettyClient wulonghuideMacBook-Pro.local/172.17.11.56 connect to the server /172.16.8.185:28081, nova version: 3.0.9-RELEASE, current host: 172.17.11.56
2017-08-28 17:42:03.338 [main] INFO  com.alibaba.dubbo.remoting.transport.AbstractClient -  [Nova] Successed connect to server /10.9.196.183:28081 from NettyClient 172.17.11.56 using dubbo version 3.0.9-RELEASE, channel is NettyChannel [channel=[id: 0x072aadc3, /172.17.11.56:61786 => /10.9.196.183:28081]], nova version: 3.0.9-RELEASE, current host: 172.17.11.56
2017-08-28 17:42:03.338 [main] INFO  com.alibaba.dubbo.remoting.transport.AbstractClient -  [Nova] Start NettyClient wulonghuideMacBook-Pro.local/172.17.11.56 connect to the server /10.9.196.183:28081, nova version: 3.0.9-RELEASE, current host: 172.17.11.56
2017-08-28 17:42:03.387 [main] INFO  com.alibaba.dubbo.remoting.transport.AbstractClient -  [Nova] Successed connect to server /10.9.82.150:28081 from NettyClient 172.17.11.56 using dubbo version 3.0.9-RELEASE, channel is NettyChannel [channel=[id: 0xee98f06d, /172.17.11.56:61787 => /10.9.82.150:28081]], nova version: 3.0.9-RELEASE, current host: 172.17.11.56
2017-08-28 17:42:03.387 [main] INFO  com.alibaba.dubbo.remoting.transport.AbstractClient -  [Nova] Start NettyClient wulonghuideMacBook-Pro.local/172.17.11.56 connect to the server /10.9.82.150:28081, nova version: 3.0.9-RELEASE, current host: 172.17.11.56
2017-08-28 17:42:03.387 [main] INFO  com.alibaba.dubbo.config.AbstractConfig -  [Nova] Refer dubbo service com.youzan.pay.customer.api.BankCardService from url haunt://etcd-dev.s.qima-inc.com:2379/com.alibaba.dubbo.registry.RegistryService?application=pay-ucashier&check=false&dubbo=3.0.9-RELEASE&interface=com.youzan.pay.customer.api.BankCardService&logger=slf4j&methods=getBoundBankCard,bindQuackPayCard,bindCard,unbindQuickPayCard,queryBoundQuickPayCard&monitor=http%3A%2F%2Fhawk-dev.s.qima-inc.com%3A80%3Fdubbo%3D3.0.9-RELEASE%26interface%3Dcom.alibaba.dubbo.monitor.MonitorService%26pid%3D43551%26timestamp%3D1503913323215&owner=pay-ucashier&pid=43551&protocol=dubbo&retries=0&revision=0.0.7-20170804-RELEASE&side=consumer&timeout=5000&timestamp=1503913323215&weight=100, nova version: 3.0.9-RELEASE, current host: 172.17.11.56
2017-08-28 17:42:03.391 [main] DEBUG o.s.beans.factory.support.DefaultListableBeanFactory - Finished creating instance of bean 'merchantBankCardServiceClient'
2017-08-28 17:42:03.391 [main] DEBUG o.s.beans.factory.support.DefaultListableBeanFactory - Creating shared instance of singleton bean 'microAccoutServiceClient'
2017-08-28 17:42:03.391 [main] DEBUG o.s.beans.factory.support.DefaultListableBeanFactory - Creating instance of bean 'microAccoutServiceClient'
2017-08-28 17:42:03.391 [main] DEBUG o.s.beans.factory.annotation.InjectionMetadata - Registered injected element on class [com.youzan.pay.unified.cashier.intergration.client.MicroAccoutServiceClient]: ResourceElement for private com.youzan.pay.microaccount.prepaidcard.service.AccountService com.youzan.pay.unified.cashier.intergration.client.MicroAccoutServiceClient.accountService
2017-08-28 17:42:03.391 [main] DEBUG o.s.beans.factory.support.DefaultListableBeanFactory - Eagerly caching bean 'microAccoutServiceClient' to allow for resolving potential circular references
2017-08-28 17:42:03.391 [main] DEBUG o.s.beans.factory.annotation.InjectionMetadata - Processing injected element of bean 'microAccoutServiceClient': ResourceElement for private com.youzan.pay.microaccount.prepaidcard.service.AccountService com.youzan.pay.unified.cashier.intergration.client.MicroAccoutServiceClient.accountService
2017-08-28 17:42:03.391 [main] DEBUG o.s.beans.factory.support.DefaultListableBeanFactory - Creating shared instance of singleton bean 'accountService'
2017-08-28 17:42:03.391 [main] DEBUG o.s.beans.factory.support.DefaultListableBeanFactory - Creating instance of bean 'accountService'
2017-08-28 17:42:03.391 [main] DEBUG o.s.beans.factory.support.DefaultListableBeanFactory - Eagerly caching bean 'accountService' to allow for resolving potential circular references
2017-08-28 17:42:03.392 [main] DEBUG o.s.beans.factory.support.DefaultListableBeanFactory - Returning cached instance of singleton bean 'haunt'
2017-08-28 17:42:03.392 [main] DEBUG o.s.beans.factory.support.DefaultListableBeanFactory - Invoking afterPropertiesSet() on bean with name 'accountService'
2017-08-28 17:42:03.392 [main] DEBUG o.s.beans.factory.support.DefaultListableBeanFactory - Returning cached instance of singleton bean 'com.alibaba.dubbo.config.ApplicationConfig'
2017-08-28 17:42:03.392 [main] DEBUG o.s.beans.factory.support.DefaultListableBeanFactory - Returning cached instance of singleton bean 'com.alibaba.dubbo.config.MonitorConfig'
2017-08-28 17:42:03.393 [main] DEBUG o.s.beans.factory.support.DefaultListableBeanFactory - Finished creating instance of bean 'accountService'
2017-08-28 17:42:03.394 [main] INFO  com.youzan.nova.registry.haunt.HauntRegistry -  [Nova] Register: consumer://172.17.11.56/com.youzan.pay.microaccount.prepaidcard.service.AccountService?application=pay-ucashier&category=consumers&check=false&dubbo=3.0.9-RELEASE&interface=com.youzan.pay.microaccount.prepaidcard.service.AccountService&logger=slf4j&methods=getAccountByRefundNo,getAccountByPaymentNo,getAccountByRechargeNo,unfreeze,getAccountLogPaging,getPayAccount,freeze,getBatchOfBByUsers,getAccountLog,getAccountByUserNos,get&owner=pay-ucashier&pid=43551&protocol=dubbo&retries=0&revision=0.2.6-20170801-SNAPSHOT&side=consumer&timeout=5000&timestamp=1503913323394, nova version: 3.0.9-RELEASE, current host: 172.17.11.56
2017-08-28 17:42:03.394 [main] INFO  com.youzan.nova.registry.haunt.HauntRegistry -  [Nova] Subscribe: consumer://172.17.11.56/com.youzan.pay.microaccount.prepaidcard.service.AccountService?application=pay-ucashier&category=providers,configurators,routers&check=false&dubbo=3.0.9-RELEASE&interface=com.youzan.pay.microaccount.prepaidcard.service.AccountService&logger=slf4j&methods=getAccountByRefundNo,getAccountByPaymentNo,getAccountByRechargeNo,unfreeze,getAccountLogPaging,getPayAccount,freeze,getBatchOfBByUsers,getAccountLog,getAccountByUserNos,get&owner=pay-ucashier&pid=43551&protocol=dubbo&retries=0&revision=0.2.6-20170801-SNAPSHOT&side=consumer&timeout=5000&timestamp=1503913323394, nova version: 3.0.9-RELEASE, current host: 172.17.11.56
2017-08-28 17:42:03.394 [main] INFO  com.youzan.nova.registry.haunt.HauntRegistry -  [Nova] Notify urls for subscribe url consumer://172.17.11.56/com.youzan.pay.microaccount.prepaidcard.service.AccountService?application=pay-ucashier&category=providers,configurators,routers&check=false&dubbo=3.0.9-RELEASE&interface=com.youzan.pay.microaccount.prepaidcard.service.AccountService&logger=slf4j&methods=getAccountByRefundNo,getAccountByPaymentNo,getAccountByRechargeNo,unfreeze,getAccountLogPaging,getPayAccount,freeze,getBatchOfBByUsers,getAccountLog,getAccountByUserNos,get&owner=pay-ucashier&pid=43551&protocol=dubbo&retries=0&revision=0.2.6-20170801-SNAPSHOT&side=consumer&timeout=5000&timestamp=1503913323394, urls: [empty://172.17.11.56/com.youzan.pay.microaccount.prepaidcard.service.AccountService?application=pay-ucashier&category=providers&check=false&dubbo=3.0.9-RELEASE&interface=com.youzan.pay.microaccount.prepaidcard.service.AccountService&logger=slf4j&methods=getAccountByRefundNo,getAccountByPaymentNo,getAccountByRechargeNo,unfreeze,getAccountLogPaging,getPayAccount,freeze,getBatchOfBByUsers,getAccountLog,getAccountByUserNos,get&owner=pay-ucashier&pid=43551&protocol=dubbo&retries=0&revision=0.2.6-20170801-SNAPSHOT&side=consumer&timeout=5000&timestamp=1503913323394, empty://172.17.11.56/com.youzan.pay.microaccount.prepaidcard.service.AccountService?application=pay-ucashier&category=configurators&check=false&dubbo=3.0.9-RELEASE&interface=com.youzan.pay.microaccount.prepaidcard.service.AccountService&logger=slf4j&methods=getAccountByRefundNo,getAccountByPaymentNo,getAccountByRechargeNo,unfreeze,getAccountLogPaging,getPayAccount,freeze,getBatchOfBByUsers,getAccountLog,getAccountByUserNos,get&owner=pay-ucashier&pid=43551&protocol=dubbo&retries=0&revision=0.2.6-20170801-SNAPSHOT&side=consumer&timeout=5000&timestamp=1503913323394, empty://172.17.11.56/com.youzan.pay.microaccount.prepaidcard.service.AccountService?application=pay-ucashier&category=routers&check=false&dubbo=3.0.9-RELEASE&interface=com.youzan.pay.microaccount.prepaidcard.service.AccountService&logger=slf4j&methods=getAccountByRefundNo,getAccountByPaymentNo,getAccountByRechargeNo,unfreeze,getAccountLogPaging,getPayAccount,freeze,getBatchOfBByUsers,getAccountLog,getAccountByUserNos,get&owner=pay-ucashier&pid=43551&protocol=dubbo&retries=0&revision=0.2.6-20170801-SNAPSHOT&side=consumer&timeout=5000&timestamp=1503913323394], nova version: 3.0.9-RELEASE, current host: 172.17.11.56
2017-08-28 17:42:03.394 [main] INFO  com.alibaba.dubbo.config.AbstractConfig -  [Nova] Refer dubbo service com.youzan.pay.microaccount.prepaidcard.service.AccountService from url haunt://etcd-dev.s.qima-inc.com:2379/com.alibaba.dubbo.registry.RegistryService?application=pay-ucashier&check=false&dubbo=3.0.9-RELEASE&interface=com.youzan.pay.microaccount.prepaidcard.service.AccountService&logger=slf4j&methods=getAccountByRefundNo,getAccountByPaymentNo,getAccountByRechargeNo,unfreeze,getAccountLogPaging,getPayAccount,freeze,getBatchOfBByUsers,getAccountLog,getAccountByUserNos,get&owner=pay-ucashier&pid=43551&protocol=dubbo&retries=0&revision=0.2.6-20170801-SNAPSHOT&side=consumer&timeout=5000&timestamp=1503913323394, nova version: 3.0.9-RELEASE, current host: 172.17.11.56
2017-08-28 17:42:03.402 [main] DEBUG o.s.beans.factory.support.DefaultListableBeanFactory - Finished creating instance of bean 'microAccoutServiceClient'
2017-08-28 17:42:03.402 [main] DEBUG o.s.beans.factory.support.DefaultListableBeanFactory - Creating shared instance of singleton bean 'queryPayToolConfigServiceClient'
2017-08-28 17:42:03.402 [main] DEBUG o.s.beans.factory.support.DefaultListableBeanFactory - Creating instance of bean 'queryPayToolConfigServiceClient'
2017-08-28 17:42:03.402 [main] DEBUG o.s.beans.factory.annotation.InjectionMetadata - Registered injected element on class [com.youzan.pay.unified.cashier.intergration.client.QueryPayToolConfigServiceClient]: ResourceElement for private com.youzan.pay.customer.api.PayToolsService com.youzan.pay.unified.cashier.intergration.client.QueryPayToolConfigServiceClient.payToolsService
2017-08-28 17:42:03.402 [main] DEBUG o.s.beans.factory.annotation.InjectionMetadata - Registered injected element on class [com.youzan.pay.unified.cashier.intergration.client.QueryPayToolConfigServiceClient]: ResourceElement for private com.youzan.account.api.UserMerchantService com.youzan.pay.unified.cashier.intergration.client.QueryPayToolConfigServiceClient.userMerchantService
2017-08-28 17:42:03.402 [main] DEBUG o.s.beans.factory.annotation.InjectionMetadata - Registered injected element on class [com.youzan.pay.unified.cashier.intergration.client.QueryPayToolConfigServiceClient]: ResourceElement for private com.youzan.pay.core.cache.redis.RedisCacheManager com.youzan.pay.unified.cashier.intergration.client.QueryPayToolConfigServiceClient.redisCacheManager
2017-08-28 17:42:03.402 [main] DEBUG o.s.beans.factory.support.DefaultListableBeanFactory - Eagerly caching bean 'queryPayToolConfigServiceClient' to allow for resolving potential circular references
2017-08-28 17:42:03.402 [main] DEBUG o.s.beans.factory.annotation.InjectionMetadata - Processing injected element of bean 'queryPayToolConfigServiceClient': ResourceElement for private com.youzan.pay.customer.api.PayToolsService com.youzan.pay.unified.cashier.intergration.client.QueryPayToolConfigServiceClient.payToolsService
2017-08-28 17:42:03.402 [main] DEBUG o.s.beans.factory.support.DefaultListableBeanFactory - Creating shared instance of singleton bean 'payToolsService'
2017-08-28 17:42:03.402 [main] DEBUG o.s.beans.factory.support.DefaultListableBeanFactory - Creating instance of bean 'payToolsService'
2017-08-28 17:42:03.402 [main] DEBUG o.s.beans.factory.support.DefaultListableBeanFactory - Eagerly caching bean 'payToolsService' to allow for resolving potential circular references
2017-08-28 17:42:03.403 [main] DEBUG o.s.beans.factory.support.DefaultListableBeanFactory - Returning cached instance of singleton bean 'haunt'
2017-08-28 17:42:03.403 [main] DEBUG o.s.beans.factory.support.DefaultListableBeanFactory - Invoking afterPropertiesSet() on bean with name 'payToolsService'
2017-08-28 17:42:03.403 [main] DEBUG o.s.beans.factory.support.DefaultListableBeanFactory - Returning cached instance of singleton bean 'com.alibaba.dubbo.config.ApplicationConfig'
2017-08-28 17:42:03.403 [main] DEBUG o.s.beans.factory.support.DefaultListableBeanFactory - Returning cached instance of singleton bean 'com.alibaba.dubbo.config.MonitorConfig'
2017-08-28 17:42:03.404 [main] DEBUG o.s.beans.factory.support.DefaultListableBeanFactory - Finished creating instance of bean 'payToolsService'
2017-08-28 17:42:03.405 [main] INFO  com.youzan.nova.registry.haunt.HauntRegistry -  [Nova] Register: consumer://172.17.11.56/com.youzan.pay.customer.api.PayToolsService?application=pay-ucashier&category=consumers&check=false&dubbo=3.0.9-RELEASE&interface=com.youzan.pay.customer.api.PayToolsService&logger=slf4j&methods=getAvailablePayToolList&owner=pay-ucashier&pid=43551&protocol=dubbo&retries=0&revision=0.0.7-20170804-RELEASE&side=consumer&timeout=5000&timestamp=1503913323405, nova version: 3.0.9-RELEASE, current host: 172.17.11.56
2017-08-28 17:42:03.405 [main] INFO  com.youzan.nova.registry.haunt.HauntRegistry -  [Nova] Subscribe: consumer://172.17.11.56/com.youzan.pay.customer.api.PayToolsService?application=pay-ucashier&category=providers,configurators,routers&check=false&dubbo=3.0.9-RELEASE&interface=com.youzan.pay.customer.api.PayToolsService&logger=slf4j&methods=getAvailablePayToolList&owner=pay-ucashier&pid=43551&protocol=dubbo&retries=0&revision=0.0.7-20170804-RELEASE&side=consumer&timeout=5000&timestamp=1503913323405, nova version: 3.0.9-RELEASE, current host: 172.17.11.56
2017-08-28 17:42:03.405 [main] INFO  com.youzan.nova.registry.haunt.HauntRegistry -  [Nova] Notify urls for subscribe url consumer://172.17.11.56/com.youzan.pay.customer.api.PayToolsService?application=pay-ucashier&category=providers,configurators,routers&check=false&dubbo=3.0.9-RELEASE&interface=com.youzan.pay.customer.api.PayToolsService&logger=slf4j&methods=getAvailablePayToolList&owner=pay-ucashier&pid=43551&protocol=dubbo&retries=0&revision=0.0.7-20170804-RELEASE&side=consumer&timeout=5000&timestamp=1503913323405, urls: [dubbo://172.16.8.185:28081?application=pay-customer&interface=com.youzan.pay.customer.api.PayToolsService&methods=getAvailablePayToolList,&timestamp=1503899423630&weight=100, dubbo://10.9.196.183:28081?application=pay-customer&interface=com.youzan.pay.customer.api.PayToolsService&methods=getAvailablePayToolList,&timestamp=1503886744850&weight=100, empty://172.17.11.56/com.youzan.pay.customer.api.PayToolsService?application=pay-ucashier&category=configurators&check=false&dubbo=3.0.9-RELEASE&interface=com.youzan.pay.customer.api.PayToolsService&logger=slf4j&methods=getAvailablePayToolList&owner=pay-ucashier&pid=43551&protocol=dubbo&retries=0&revision=0.0.7-20170804-RELEASE&side=consumer&timeout=5000&timestamp=1503913323405, empty://172.17.11.56/com.youzan.pay.customer.api.PayToolsService?application=pay-ucashier&category=routers&check=false&dubbo=3.0.9-RELEASE&interface=com.youzan.pay.customer.api.PayToolsService&logger=slf4j&methods=getAvailablePayToolList&owner=pay-ucashier&pid=43551&protocol=dubbo&retries=0&revision=0.0.7-20170804-RELEASE&side=consumer&timeout=5000&timestamp=1503913323405], nova version: 3.0.9-RELEASE, current host: 172.17.11.56
2017-08-28 17:42:03.406 [main] INFO  com.alibaba.dubbo.config.AbstractConfig -  [Nova] Refer dubbo service com.youzan.pay.customer.api.PayToolsService from url haunt://etcd-dev.s.qima-inc.com:2379/com.alibaba.dubbo.registry.RegistryService?application=pay-ucashier&check=false&dubbo=3.0.9-RELEASE&interface=com.youzan.pay.customer.api.PayToolsService&logger=slf4j&methods=getAvailablePayToolList&monitor=http%3A%2F%2Fhawk-dev.s.qima-inc.com%3A80%3Fdubbo%3D3.0.9-RELEASE%26interface%3Dcom.alibaba.dubbo.monitor.MonitorService%26pid%3D43551%26timestamp%3D1503913323405&owner=pay-ucashier&pid=43551&protocol=dubbo&retries=0&revision=0.0.7-20170804-RELEASE&side=consumer&timeout=5000&timestamp=1503913323405&weight=100, nova version: 3.0.9-RELEASE, current host: 172.17.11.56
2017-08-28 17:42:03.408 [main] DEBUG o.s.beans.factory.annotation.InjectionMetadata - Processing injected element of bean 'queryPayToolConfigServiceClient': ResourceElement for private com.youzan.account.api.UserMerchantService com.youzan.pay.unified.cashier.intergration.client.QueryPayToolConfigServiceClient.userMerchantService
2017-08-28 17:42:03.408 [main] DEBUG o.s.beans.factory.support.DefaultListableBeanFactory - Creating shared instance of singleton bean 'userMerchantService'
2017-08-28 17:42:03.408 [main] DEBUG o.s.beans.factory.support.DefaultListableBeanFactory - Creating instance of bean 'userMerchantService'
2017-08-28 17:42:03.408 [main] DEBUG o.s.beans.factory.support.DefaultListableBeanFactory - Eagerly caching bean 'userMerchantService' to allow for resolving potential circular references
2017-08-28 17:42:03.408 [main] DEBUG o.s.beans.factory.support.DefaultListableBeanFactory - Returning cached instance of singleton bean 'haunt'
2017-08-28 17:42:03.408 [main] DEBUG o.s.beans.factory.support.DefaultListableBeanFactory - Invoking afterPropertiesSet() on bean with name 'userMerchantService'
2017-08-28 17:42:03.408 [main] DEBUG o.s.beans.factory.support.DefaultListableBeanFactory - Returning cached instance of singleton bean 'com.alibaba.dubbo.config.ApplicationConfig'
2017-08-28 17:42:03.409 [main] DEBUG o.s.beans.factory.support.DefaultListableBeanFactory - Returning cached instance of singleton bean 'com.alibaba.dubbo.config.MonitorConfig'
2017-08-28 17:42:03.410 [main] DEBUG o.s.beans.factory.support.DefaultListableBeanFactory - Finished creating instance of bean 'userMerchantService'
2017-08-28 17:42:03.411 [main] INFO  com.youzan.nova.registry.haunt.HauntRegistry -  [Nova] Register: consumer://172.17.11.56/com.youzan.account.api.UserMerchantService?application=pay-ucashier&category=consumers&check=false&dubbo=3.0.9-RELEASE&interface=com.youzan.account.api.UserMerchantService&logger=slf4j&methods=getMerchantIdSingleUserId,queryUserIdByMerchantId,getMerchantIdsBatch&owner=pay-ucashier&pid=43551&protocol=dubbo&retries=0&revision=1.1.16-RELEASE&side=consumer&timeout=5000&timestamp=1503913323410, nova version: 3.0.9-RELEASE, current host: 172.17.11.56
2017-08-28 17:42:03.411 [main] INFO  com.youzan.nova.registry.haunt.HauntRegistry -  [Nova] Subscribe: consumer://172.17.11.56/com.youzan.account.api.UserMerchantService?application=pay-ucashier&category=providers,configurators,routers&check=false&dubbo=3.0.9-RELEASE&interface=com.youzan.account.api.UserMerchantService&logger=slf4j&methods=getMerchantIdSingleUserId,queryUserIdByMerchantId,getMerchantIdsBatch&owner=pay-ucashier&pid=43551&protocol=dubbo&retries=0&revision=1.1.16-RELEASE&side=consumer&timeout=5000&timestamp=1503913323410, nova version: 3.0.9-RELEASE, current host: 172.17.11.56
2017-08-28 17:42:03.411 [main] INFO  com.youzan.nova.registry.haunt.HauntRegistry -  [Nova] Notify urls for subscribe url consumer://172.17.11.56/com.youzan.account.api.UserMerchantService?application=pay-ucashier&category=providers,configurators,routers&check=false&dubbo=3.0.9-RELEASE&interface=com.youzan.account.api.UserMerchantService&logger=slf4j&methods=getMerchantIdSingleUserId,queryUserIdByMerchantId,getMerchantIdsBatch&owner=pay-ucashier&pid=43551&protocol=dubbo&retries=0&revision=1.1.16-RELEASE&side=consumer&timeout=5000&timestamp=1503913323410, urls: [dubbo://10.9.75.207:20881?application=account&interface=com.youzan.account.api.UserMerchantService&methods=getMerchantIdSingleUserId,queryUserIdByMerchantId,getMerchantIdsBatch,&timestamp=1502275196151&weight=100, dubbo://172.17.12.196:20881?application=account&interface=com.youzan.account.api.UserMerchantService&methods=getMerchantIdSingleUserId,queryUserIdByMerchantId,getMerchantIdsBatch,&timestamp=1503911345384&weight=100, empty://172.17.11.56/com.youzan.account.api.UserMerchantService?application=pay-ucashier&category=configurators&check=false&dubbo=3.0.9-RELEASE&interface=com.youzan.account.api.UserMerchantService&logger=slf4j&methods=getMerchantIdSingleUserId,queryUserIdByMerchantId,getMerchantIdsBatch&owner=pay-ucashier&pid=43551&protocol=dubbo&retries=0&revision=1.1.16-RELEASE&side=consumer&timeout=5000&timestamp=1503913323410, empty://172.17.11.56/com.youzan.account.api.UserMerchantService?application=pay-ucashier&category=routers&check=false&dubbo=3.0.9-RELEASE&interface=com.youzan.account.api.UserMerchantService&logger=slf4j&methods=getMerchantIdSingleUserId,queryUserIdByMerchantId,getMerchantIdsBatch&owner=pay-ucashier&pid=43551&protocol=dubbo&retries=0&revision=1.1.16-RELEASE&side=consumer&timeout=5000&timestamp=1503913323410], nova version: 3.0.9-RELEASE, current host: 172.17.11.56
2017-08-28 17:42:03.441 [main] INFO  com.alibaba.dubbo.remoting.transport.AbstractClient -  [Nova] Successed connect to server /10.9.75.207:20881 from NettyClient 172.17.11.56 using dubbo version 3.0.9-RELEASE, channel is NettyChannel [channel=[id: 0x2ec53a9f, /172.17.11.56:61788 => /10.9.75.207:20881]], nova version: 3.0.9-RELEASE, current host: 172.17.11.56
2017-08-28 17:42:03.441 [main] INFO  com.alibaba.dubbo.remoting.transport.AbstractClient -  [Nova] Start NettyClient wulonghuideMacBook-Pro.local/172.17.11.56 connect to the server /10.9.75.207:20881, nova version: 3.0.9-RELEASE, current host: 172.17.11.56
2017-08-28 17:42:03.444 [main] INFO  com.alibaba.dubbo.remoting.transport.AbstractClient -  [Nova] Successed connect to server /172.17.12.196:20881 from NettyClient 172.17.11.56 using dubbo version 3.0.9-RELEASE, channel is NettyChannel [channel=[id: 0x1afdfb4c, /172.17.11.56:61789 => /172.17.12.196:20881]], nova version: 3.0.9-RELEASE, current host: 172.17.11.56
2017-08-28 17:42:03.444 [main] INFO  com.alibaba.dubbo.remoting.transport.AbstractClient -  [Nova] Start NettyClient wulonghuideMacBook-Pro.local/172.17.11.56 connect to the server /172.17.12.196:20881, nova version: 3.0.9-RELEASE, current host: 172.17.11.56
2017-08-28 17:42:03.444 [main] INFO  com.alibaba.dubbo.config.AbstractConfig -  [Nova] Refer dubbo service com.youzan.account.api.UserMerchantService from url haunt://etcd-dev.s.qima-inc.com:2379/com.alibaba.dubbo.registry.RegistryService?application=pay-ucashier&check=false&dubbo=3.0.9-RELEASE&interface=com.youzan.account.api.UserMerchantService&logger=slf4j&methods=getMerchantIdSingleUserId,queryUserIdByMerchantId,getMerchantIdsBatch&monitor=http%3A%2F%2Fhawk-dev.s.qima-inc.com%3A80%3Fdubbo%3D3.0.9-RELEASE%26interface%3Dcom.alibaba.dubbo.monitor.MonitorService%26pid%3D43551%26timestamp%3D1503913323411&owner=pay-ucashier&pid=43551&protocol=dubbo&retries=0&revision=1.1.16-RELEASE&side=consumer&timeout=5000&timestamp=1503913323410&weight=100, nova version: 3.0.9-RELEASE, current host: 172.17.11.56
2017-08-28 17:42:03.447 [main] DEBUG o.s.beans.factory.annotation.InjectionMetadata - Processing injected element of bean 'queryPayToolConfigServiceClient': ResourceElement for private com.youzan.pay.core.cache.redis.RedisCacheManager com.youzan.pay.unified.cashier.intergration.client.QueryPayToolConfigServiceClient.redisCacheManager
2017-08-28 17:42:03.447 [main] DEBUG o.s.beans.factory.support.DefaultListableBeanFactory - Creating shared instance of singleton bean 'signKeyService'
2017-08-28 17:42:03.447 [main] DEBUG o.s.beans.factory.support.DefaultListableBeanFactory - Creating instance of bean 'signKeyService'
2017-08-28 17:42:03.447 [main] DEBUG o.s.beans.factory.support.DefaultListableBeanFactory - Eagerly caching bean 'signKeyService' to allow for resolving potential circular references
2017-08-28 17:42:03.448 [main] DEBUG o.s.beans.factory.support.DefaultListableBeanFactory - Returning cached instance of singleton bean 'haunt'
2017-08-28 17:42:03.448 [main] DEBUG o.s.beans.factory.support.DefaultListableBeanFactory - Invoking afterPropertiesSet() on bean with name 'signKeyService'
2017-08-28 17:42:03.448 [main] DEBUG o.s.beans.factory.support.DefaultListableBeanFactory - Returning cached instance of singleton bean 'com.alibaba.dubbo.config.ApplicationConfig'
2017-08-28 17:42:03.448 [main] DEBUG o.s.beans.factory.support.DefaultListableBeanFactory - Returning cached instance of singleton bean 'com.alibaba.dubbo.config.MonitorConfig'
2017-08-28 17:42:03.450 [main] DEBUG o.s.beans.factory.support.DefaultListableBeanFactory - Finished creating instance of bean 'signKeyService'
2017-08-28 17:42:03.450 [main] DEBUG o.s.beans.factory.support.DefaultListableBeanFactory - Creating shared instance of singleton bean 'merchantConfigService'
2017-08-28 17:42:03.450 [main] DEBUG o.s.beans.factory.support.DefaultListableBeanFactory - Creating instance of bean 'merchantConfigService'
2017-08-28 17:42:03.450 [main] DEBUG o.s.beans.factory.support.DefaultListableBeanFactory - Eagerly caching bean 'merchantConfigService' to allow for resolving potential circular references
2017-08-28 17:42:03.450 [main] DEBUG o.s.beans.factory.support.DefaultListableBeanFactory - Returning cached instance of singleton bean 'haunt'
2017-08-28 17:42:03.450 [main] DEBUG o.s.beans.factory.support.DefaultListableBeanFactory - Invoking afterPropertiesSet() on bean with name 'merchantConfigService'
2017-08-28 17:42:03.451 [main] DEBUG o.s.beans.factory.support.DefaultListableBeanFactory - Returning cached instance of singleton bean 'com.alibaba.dubbo.config.ApplicationConfig'
2017-08-28 17:42:03.451 [main] DEBUG o.s.beans.factory.support.DefaultListableBeanFactory - Returning cached instance of singleton bean 'com.alibaba.dubbo.config.MonitorConfig'
2017-08-28 17:42:03.452 [main] DEBUG o.s.beans.factory.support.DefaultListableBeanFactory - Finished creating instance of bean 'merchantConfigService'
2017-08-28 17:42:03.452 [main] DEBUG o.s.beans.factory.support.DefaultListableBeanFactory - Creating shared instance of singleton bean 'unifiedOrderQueryService'
2017-08-28 17:42:03.452 [main] DEBUG o.s.beans.factory.support.DefaultListableBeanFactory - Creating instance of bean 'unifiedOrderQueryService'
2017-08-28 17:42:03.453 [main] DEBUG o.s.beans.factory.support.DefaultListableBeanFactory - Eagerly caching bean 'unifiedOrderQueryService' to allow for resolving potential circular references
2017-08-28 17:42:03.453 [main] DEBUG o.s.beans.factory.support.DefaultListableBeanFactory - Returning cached instance of singleton bean 'haunt'
2017-08-28 17:42:03.453 [main] DEBUG o.s.beans.factory.support.DefaultListableBeanFactory - Invoking afterPropertiesSet() on bean with name 'unifiedOrderQueryService'
2017-08-28 17:42:03.453 [main] DEBUG o.s.beans.factory.support.DefaultListableBeanFactory - Returning cached instance of singleton bean 'com.alibaba.dubbo.config.ApplicationConfig'
2017-08-28 17:42:03.453 [main] DEBUG o.s.beans.factory.support.DefaultListableBeanFactory - Returning cached instance of singleton bean 'com.alibaba.dubbo.config.MonitorConfig'
2017-08-28 17:42:03.455 [main] DEBUG o.s.beans.factory.support.DefaultListableBeanFactory - Finished creating instance of bean 'unifiedOrderQueryService'
2017-08-28 17:42:03.455 [main] DEBUG o.s.beans.factory.support.DefaultListableBeanFactory - Creating shared instance of singleton bean 'unifiedOrderService'
2017-08-28 17:42:03.455 [main] DEBUG o.s.beans.factory.support.DefaultListableBeanFactory - Creating instance of bean 'unifiedOrderService'
2017-08-28 17:42:03.455 [main] DEBUG o.s.beans.factory.support.DefaultListableBeanFactory - Eagerly caching bean 'unifiedOrderService' to allow for resolving potential circular references
2017-08-28 17:42:03.456 [main] DEBUG o.s.beans.factory.support.DefaultListableBeanFactory - Returning cached instance of singleton bean 'haunt'
2017-08-28 17:42:03.456 [main] DEBUG o.s.beans.factory.support.DefaultListableBeanFactory - Invoking afterPropertiesSet() on bean with name 'unifiedOrderService'
2017-08-28 17:42:03.456 [main] DEBUG o.s.beans.factory.support.DefaultListableBeanFactory - Returning cached instance of singleton bean 'com.alibaba.dubbo.config.ApplicationConfig'
2017-08-28 17:42:03.456 [main] DEBUG o.s.beans.factory.support.DefaultListableBeanFactory - Returning cached instance of singleton bean 'com.alibaba.dubbo.config.MonitorConfig'
2017-08-28 17:42:03.457 [main] DEBUG o.s.beans.factory.support.DefaultListableBeanFactory - Finished creating instance of bean 'unifiedOrderService'
2017-08-28 17:42:03.457 [main] DEBUG o.s.beans.factory.support.DefaultListableBeanFactory - Creating shared instance of singleton bean 'summaryCardQueryService'
2017-08-28 17:42:03.457 [main] DEBUG o.s.beans.factory.support.DefaultListableBeanFactory - Creating instance of bean 'summaryCardQueryService'
2017-08-28 17:42:03.458 [main] DEBUG o.s.beans.factory.support.DefaultListableBeanFactory - Eagerly caching bean 'summaryCardQueryService' to allow for resolving potential circular references
2017-08-28 17:42:03.458 [main] DEBUG o.s.beans.factory.support.DefaultListableBeanFactory - Returning cached instance of singleton bean 'haunt'
2017-08-28 17:42:03.458 [main] DEBUG o.s.beans.factory.support.DefaultListableBeanFactory - Invoking afterPropertiesSet() on bean with name 'summaryCardQueryService'
2017-08-28 17:42:03.458 [main] DEBUG o.s.beans.factory.support.DefaultListableBeanFactory - Returning cached instance of singleton bean 'com.alibaba.dubbo.config.ApplicationConfig'
2017-08-28 17:42:03.458 [main] DEBUG o.s.beans.factory.support.DefaultListableBeanFactory - Returning cached instance of singleton bean 'com.alibaba.dubbo.config.MonitorConfig'
2017-08-28 17:42:03.459 [main] DEBUG o.s.beans.factory.support.DefaultListableBeanFactory - Finished creating instance of bean 'summaryCardQueryService'
2017-08-28 17:42:03.460 [main] WARN  o.s.context.support.GenericApplicationContext - Exception encountered during context initialization - cancelling refresh attempt
org.springframework.beans.factory.BeanCreationException: Error creating bean with name 'queryPayToolConfigServiceClient': Injection of resource dependencies failed; nested exception is org.springframework.beans.factory.NoSuchBeanDefinitionException: No qualifying bean of type [com.youzan.pay.core.cache.redis.RedisCacheManager] found for dependency: expected at least 1 bean which qualifies as autowire candidate for this dependency. Dependency annotations: {@javax.annotation.Resource(shareable=true, lookup=, name=, description=, authenticationType=CONTAINER, type=class java.lang.Object, mappedName=)}
	at org.springframework.context.annotation.CommonAnnotationBeanPostProcessor.postProcessPropertyValues(CommonAnnotationBeanPostProcessor.java:307) ~[spring-context-3.2.13.RELEASE.jar:3.2.13.RELEASE]
	at org.springframework.beans.factory.support.AbstractAutowireCapableBeanFactory.populateBean(AbstractAutowireCapableBeanFactory.java:1148) ~[spring-beans-3.2.13.RELEASE.jar:3.2.13.RELEASE]
	at org.springframework.beans.factory.support.AbstractAutowireCapableBeanFactory.doCreateBean(AbstractAutowireCapableBeanFactory.java:519) ~[spring-beans-3.2.13.RELEASE.jar:3.2.13.RELEASE]
	at org.springframework.beans.factory.support.AbstractAutowireCapableBeanFactory.createBean(AbstractAutowireCapableBeanFactory.java:458) ~[spring-beans-3.2.13.RELEASE.jar:3.2.13.RELEASE]
	at org.springframework.beans.factory.support.AbstractBeanFactory$1.getObject(AbstractBeanFactory.java:293) ~[spring-beans-3.2.13.RELEASE.jar:3.2.13.RELEASE]
	at org.springframework.beans.factory.support.DefaultSingletonBeanRegistry.getSingleton(DefaultSingletonBeanRegistry.java:223) ~[spring-beans-3.2.13.RELEASE.jar:3.2.13.RELEASE]
	at org.springframework.beans.factory.support.AbstractBeanFactory.doGetBean(AbstractBeanFactory.java:290) ~[spring-beans-3.2.13.RELEASE.jar:3.2.13.RELEASE]
	at org.springframework.beans.factory.support.AbstractBeanFactory.getBean(AbstractBeanFactory.java:191) ~[spring-beans-3.2.13.RELEASE.jar:3.2.13.RELEASE]
	at org.springframework.beans.factory.support.DefaultListableBeanFactory.preInstantiateSingletons(DefaultListableBeanFactory.java:636) ~[spring-beans-3.2.13.RELEASE.jar:3.2.13.RELEASE]
	at org.springframework.context.support.AbstractApplicationContext.finishBeanFactoryInitialization(AbstractApplicationContext.java:934) ~[spring-context-3.2.13.RELEASE.jar:3.2.13.RELEASE]
	at org.springframework.context.support.AbstractApplicationContext.refresh(AbstractApplicationContext.java:479) ~[spring-context-3.2.13.RELEASE.jar:3.2.13.RELEASE]
	at org.springframework.test.context.support.AbstractGenericContextLoader.loadContext(AbstractGenericContextLoader.java:120) [spring-test-3.2.13.RELEASE.jar:3.2.13.RELEASE]
	at org.springframework.test.context.support.AbstractGenericContextLoader.loadContext(AbstractGenericContextLoader.java:60) [spring-test-3.2.13.RELEASE.jar:3.2.13.RELEASE]
	at org.springframework.test.context.support.AbstractDelegatingSmartContextLoader.delegateLoading(AbstractDelegatingSmartContextLoader.java:102) [spring-test-3.2.13.RELEASE.jar:3.2.13.RELEASE]
	at org.springframework.test.context.support.AbstractDelegatingSmartContextLoader.loadContext(AbstractDelegatingSmartContextLoader.java:246) [spring-test-3.2.13.RELEASE.jar:3.2.13.RELEASE]
	at org.springframework.test.context.CacheAwareContextLoaderDelegate.loadContextInternal(CacheAwareContextLoaderDelegate.java:69) [spring-test-3.2.13.RELEASE.jar:3.2.13.RELEASE]
	at org.springframework.test.context.CacheAwareContextLoaderDelegate.loadContext(CacheAwareContextLoaderDelegate.java:95) [spring-test-3.2.13.RELEASE.jar:3.2.13.RELEASE]
	at org.springframework.test.context.TestContext.getApplicationContext(TestContext.java:122) [spring-test-3.2.13.RELEASE.jar:3.2.13.RELEASE]
	at org.springframework.test.context.support.DependencyInjectionTestExecutionListener.injectDependencies(DependencyInjectionTestExecutionListener.java:109) [spring-test-3.2.13.RELEASE.jar:3.2.13.RELEASE]
	at org.springframework.test.context.support.DependencyInjectionTestExecutionListener.prepareTestInstance(DependencyInjectionTestExecutionListener.java:75) [spring-test-3.2.13.RELEASE.jar:3.2.13.RELEASE]
	at org.springframework.test.context.TestContextManager.prepareTestInstance(TestContextManager.java:321) [spring-test-3.2.13.RELEASE.jar:3.2.13.RELEASE]
	at org.springframework.test.context.junit4.SpringJUnit4ClassRunner.createTest(SpringJUnit4ClassRunner.java:211) [spring-test-3.2.13.RELEASE.jar:3.2.13.RELEASE]
	at org.springframework.test.context.junit4.SpringJUnit4ClassRunner$1.runReflectiveCall(SpringJUnit4ClassRunner.java:288) [spring-test-3.2.13.RELEASE.jar:3.2.13.RELEASE]
	at org.junit.internal.runners.model.ReflectiveCallable.run(ReflectiveCallable.java:12) [junit-4.12.jar:4.12]
	at org.springframework.test.context.junit4.SpringJUnit4ClassRunner.methodBlock(SpringJUnit4ClassRunner.java:284) [spring-test-3.2.13.RELEASE.jar:3.2.13.RELEASE]
	at org.springframework.test.context.junit4.SpringJUnit4ClassRunner.runChild(SpringJUnit4ClassRunner.java:231) [spring-test-3.2.13.RELEASE.jar:3.2.13.RELEASE]
	at org.springframework.test.context.junit4.SpringJUnit4ClassRunner.runChild(SpringJUnit4ClassRunner.java:88) [spring-test-3.2.13.RELEASE.jar:3.2.13.RELEASE]
	at org.junit.runners.ParentRunner$3.run(ParentRunner.java:290) [junit-4.12.jar:4.12]
	at org.junit.runners.ParentRunner$1.schedule(ParentRunner.java:71) [junit-4.12.jar:4.12]
	at org.junit.runners.ParentRunner.runChildren(ParentRunner.java:288) [junit-4.12.jar:4.12]
	at org.junit.runners.ParentRunner.access$000(ParentRunner.java:58) [junit-4.12.jar:4.12]
	at org.junit.runners.ParentRunner$2.evaluate(ParentRunner.java:268) [junit-4.12.jar:4.12]
	at org.springframework.test.context.junit4.statements.RunBeforeTestClassCallbacks.evaluate(RunBeforeTestClassCallbacks.java:61) [spring-test-3.2.13.RELEASE.jar:3.2.13.RELEASE]
	at org.springframework.test.context.junit4.statements.RunAfterTestClassCallbacks.evaluate(RunAfterTestClassCallbacks.java:71) [spring-test-3.2.13.RELEASE.jar:3.2.13.RELEASE]
	at org.junit.runners.ParentRunner.run(ParentRunner.java:363) [junit-4.12.jar:4.12]
	at org.springframework.test.context.junit4.SpringJUnit4ClassRunner.run(SpringJUnit4ClassRunner.java:174) [spring-test-3.2.13.RELEASE.jar:3.2.13.RELEASE]
	at org.apache.maven.surefire.junit4.JUnit4Provider.execute(JUnit4Provider.java:283) [surefire-junit4-2.18.1.jar:2.18.1]
	at org.apache.maven.surefire.junit4.JUnit4Provider.executeWithRerun(JUnit4Provider.java:173) [surefire-junit4-2.18.1.jar:2.18.1]
	at org.apache.maven.surefire.junit4.JUnit4Provider.executeTestSet(JUnit4Provider.java:153) [surefire-junit4-2.18.1.jar:2.18.1]
	at org.apache.maven.surefire.junit4.JUnit4Provider.invoke(JUnit4Provider.java:128) [surefire-junit4-2.18.1.jar:2.18.1]
	at org.apache.maven.surefire.booter.ForkedBooter.invokeProviderInSameClassLoader(ForkedBooter.java:203) [surefire-booter-2.18.1.jar:2.18.1]
	at org.apache.maven.surefire.booter.ForkedBooter.runSuitesInProcess(ForkedBooter.java:155) [surefire-booter-2.18.1.jar:2.18.1]
	at org.apache.maven.surefire.booter.ForkedBooter.main(ForkedBooter.java:103) [surefire-booter-2.18.1.jar:2.18.1]
Caused by: org.springframework.beans.factory.NoSuchBeanDefinitionException: No qualifying bean of type [com.youzan.pay.core.cache.redis.RedisCacheManager] found for dependency: expected at least 1 bean which qualifies as autowire candidate for this dependency. Dependency annotations: {@javax.annotation.Resource(shareable=true, lookup=, name=, description=, authenticationType=CONTAINER, type=class java.lang.Object, mappedName=)}
	at org.springframework.beans.factory.support.DefaultListableBeanFactory.raiseNoSuchBeanDefinitionException(DefaultListableBeanFactory.java:997) ~[spring-beans-3.2.13.RELEASE.jar:3.2.13.RELEASE]
	at org.springframework.beans.factory.support.DefaultListableBeanFactory.doResolveDependency(DefaultListableBeanFactory.java:867) ~[spring-beans-3.2.13.RELEASE.jar:3.2.13.RELEASE]
	at org.springframework.beans.factory.support.DefaultListableBeanFactory.resolveDependency(DefaultListableBeanFactory.java:779) ~[spring-beans-3.2.13.RELEASE.jar:3.2.13.RELEASE]
	at org.springframework.context.annotation.CommonAnnotationBeanPostProcessor.autowireResource(CommonAnnotationBeanPostProcessor.java:445) ~[spring-context-3.2.13.RELEASE.jar:3.2.13.RELEASE]
	at org.springframework.context.annotation.CommonAnnotationBeanPostProcessor.getResource(CommonAnnotationBeanPostProcessor.java:423) ~[spring-context-3.2.13.RELEASE.jar:3.2.13.RELEASE]
	at org.springframework.context.annotation.CommonAnnotationBeanPostProcessor$ResourceElement.getResourceToInject(CommonAnnotationBeanPostProcessor.java:551) ~[spring-context-3.2.13.RELEASE.jar:3.2.13.RELEASE]
	at org.springframework.beans.factory.annotation.InjectionMetadata$InjectedElement.inject(InjectionMetadata.java:169) ~[spring-beans-3.2.13.RELEASE.jar:3.2.13.RELEASE]
	at org.springframework.beans.factory.annotation.InjectionMetadata.inject(InjectionMetadata.java:88) ~[spring-beans-3.2.13.RELEASE.jar:3.2.13.RELEASE]
	at org.springframework.context.annotation.CommonAnnotationBeanPostProcessor.postProcessPropertyValues(CommonAnnotationBeanPostProcessor.java:304) ~[spring-context-3.2.13.RELEASE.jar:3.2.13.RELEASE]
	... 42 common frames omitted
2017-08-28 17:42:03.460 [main] INFO  o.s.beans.factory.support.DefaultListableBeanFactory - Destroying singletons in org.springframework.beans.factory.support.DefaultListableBeanFactory@4a935e93: defining beans [org.springframework.context.support.PropertySourcesPlaceholderConfigurer#0,assetCenterUnifiedPayServiceClient,cashierOrderStatusSearchClient,cashierRechargeServiceClient,channelBankCardServiceClient,merchantBankCardServiceClient,microAccoutServiceClient,queryPayToolConfigServiceClient,signKeyServiceClient,summaryCardQueryServiceClient,unifiedOrderServiceClient,unifiedPayServiceClient,userMerchantServiceClient,org.springframework.context.annotation.internalConfigurationAnnotationProcessor,org.springframework.context.annotation.internalAutowiredAnnotationProcessor,org.springframework.context.annotation.internalRequiredAnnotationProcessor,org.springframework.context.annotation.internalCommonAnnotationProcessor,signKeyService,merchantConfigService,acquireOrderService,unifiedPayService,unifiedOrderQueryService,unifiedOrderService,bankCardService,merchantBankCardService,userMerchantService,rechargeService,payToolsService,accountService,summaryCardQueryService,novaContainer,beanFactory,org.springframework.aop.config.internalAutoProxyCreator,tracingAop,customerMethodAop,org.springframework.context.annotation.ConfigurationClassPostProcessor.importAwareProcessor,com.alibaba.dubbo.config.ApplicationConfig,haunt,com.alibaba.dubbo.config.MonitorConfig,dubbo,rest,com.alibaba.dubbo.config.spring.AnnotationBean,springUtil,autoLogParamsAspect,retryAspect,nsqTaskDispatcher]; root of factory hierarchy
2017-08-28 17:42:03.460 [main] DEBUG o.s.beans.factory.support.DisposableBeanAdapter - Invoking destroy() on bean with name 'summaryCardQueryService'
2017-08-28 17:42:03.460 [main] DEBUG o.s.beans.factory.support.DisposableBeanAdapter - Invoking destroy() on bean with name 'unifiedOrderService'
2017-08-28 17:42:03.460 [main] DEBUG o.s.beans.factory.support.DisposableBeanAdapter - Invoking destroy() on bean with name 'unifiedOrderQueryService'
2017-08-28 17:42:03.460 [main] DEBUG o.s.beans.factory.support.DisposableBeanAdapter - Invoking destroy() on bean with name 'merchantConfigService'
2017-08-28 17:42:03.460 [main] DEBUG o.s.beans.factory.support.DisposableBeanAdapter - Invoking destroy() on bean with name 'signKeyService'
2017-08-28 17:42:03.460 [main] DEBUG o.s.beans.factory.support.DisposableBeanAdapter - Invoking destroy() on bean with name 'userMerchantService'
2017-08-28 17:42:03.460 [main] INFO  com.youzan.nova.registry.haunt.HauntRegistry -  [Nova] Unsubscribe: consumer://172.17.11.56/com.youzan.account.api.UserMerchantService?application=pay-ucashier&category=providers,configurators,routers&check=false&dubbo=3.0.9-RELEASE&interface=com.youzan.account.api.UserMerchantService&logger=slf4j&methods=getMerchantIdSingleUserId,queryUserIdByMerchantId,getMerchantIdsBatch&owner=pay-ucashier&pid=43551&protocol=dubbo&retries=0&revision=1.1.16-RELEASE&side=consumer&timeout=5000&timestamp=1503913323410, nova version: 3.0.9-RELEASE, current host: 172.17.11.56
2017-08-28 17:42:03.460 [main] INFO  com.alibaba.dubbo.remoting.transport.netty.NettyChannel -  [Nova] Close netty channel [id: 0x2ec53a9f, /172.17.11.56:61788 => /10.9.75.207:20881], nova version: 3.0.9-RELEASE, current host: 172.17.11.56
2017-08-28 17:42:03.461 [DubboSharedHandler-thread-1] INFO  com.alibaba.dubbo.rpc.protocol.dubbo.DubboProtocol -  [Nova] disconected from /10.9.75.207:20881,url:dubbo://10.9.75.207:20881/com.youzan.account.api.UserMerchantService?application=pay-ucashier&check=false&codec=dubbo&dubbo=3.0.9-RELEASE&heartbeat=60000&interface=com.youzan.account.api.UserMerchantService&logger=slf4j&methods=getMerchantIdSingleUserId,queryUserIdByMerchantId,getMerchantIdsBatch,&monitor=http%3A%2F%2Fhawk-dev.s.qima-inc.com%3A80%3Fdubbo%3D3.0.9-RELEASE%26interface%3Dcom.alibaba.dubbo.monitor.MonitorService%26pid%3D43551%26timestamp%3D1503913323411&owner=pay-ucashier&pid=43551&protocol=dubbo&retries=0&revision=1.1.16-RELEASE&side=consumer&timeout=5000&timestamp=1503913323410&weight=100, nova version: 3.0.9-RELEASE, current host: 172.17.11.56
2017-08-28 17:42:03.461 [main] INFO  com.alibaba.dubbo.remoting.transport.netty.NettyChannel -  [Nova] Close netty channel [id: 0x1afdfb4c, /172.17.11.56:61789 => /172.17.12.196:20881], nova version: 3.0.9-RELEASE, current host: 172.17.11.56
2017-08-28 17:42:03.461 [DubboSharedHandler-thread-1] INFO  com.alibaba.dubbo.rpc.protocol.dubbo.DubboProtocol -  [Nova] disconected from /172.17.12.196:20881,url:dubbo://172.17.12.196:20881/com.youzan.account.api.UserMerchantService?application=pay-ucashier&check=false&codec=dubbo&dubbo=3.0.9-RELEASE&heartbeat=60000&interface=com.youzan.account.api.UserMerchantService&logger=slf4j&methods=getMerchantIdSingleUserId,queryUserIdByMerchantId,getMerchantIdsBatch,&monitor=http%3A%2F%2Fhawk-dev.s.qima-inc.com%3A80%3Fdubbo%3D3.0.9-RELEASE%26interface%3Dcom.alibaba.dubbo.monitor.MonitorService%26pid%3D43551%26timestamp%3D1503913323411&owner=pay-ucashier&pid=43551&protocol=dubbo&retries=0&revision=1.1.16-RELEASE&side=consumer&timeout=5000&timestamp=1503913323410&weight=100, nova version: 3.0.9-RELEASE, current host: 172.17.11.56
2017-08-28 17:42:03.461 [main] DEBUG o.s.beans.factory.support.DisposableBeanAdapter - Invoking destroy() on bean with name 'payToolsService'
2017-08-28 17:42:03.461 [main] INFO  com.youzan.nova.registry.haunt.HauntRegistry -  [Nova] Unsubscribe: consumer://172.17.11.56/com.youzan.pay.customer.api.PayToolsService?application=pay-ucashier&category=providers,configurators,routers&check=false&dubbo=3.0.9-RELEASE&interface=com.youzan.pay.customer.api.PayToolsService&logger=slf4j&methods=getAvailablePayToolList&owner=pay-ucashier&pid=43551&protocol=dubbo&retries=0&revision=0.0.7-20170804-RELEASE&side=consumer&timeout=5000&timestamp=1503913323405, nova version: 3.0.9-RELEASE, current host: 172.17.11.56
2017-08-28 17:42:03.461 [main] DEBUG o.s.beans.factory.support.DisposableBeanAdapter - Invoking destroy() on bean with name 'accountService'
2017-08-28 17:42:03.461 [main] INFO  com.youzan.nova.registry.haunt.HauntRegistry -  [Nova] Unsubscribe: consumer://172.17.11.56/com.youzan.pay.microaccount.prepaidcard.service.AccountService?application=pay-ucashier&category=providers,configurators,routers&check=false&dubbo=3.0.9-RELEASE&interface=com.youzan.pay.microaccount.prepaidcard.service.AccountService&logger=slf4j&methods=getAccountByRefundNo,getAccountByPaymentNo,getAccountByRechargeNo,unfreeze,getAccountLogPaging,getPayAccount,freeze,getBatchOfBByUsers,getAccountLog,getAccountByUserNos,get&owner=pay-ucashier&pid=43551&protocol=dubbo&retries=0&revision=0.2.6-20170801-SNAPSHOT&side=consumer&timeout=5000&timestamp=1503913323394, nova version: 3.0.9-RELEASE, current host: 172.17.11.56
2017-08-28 17:42:03.461 [main] DEBUG o.s.beans.factory.support.DisposableBeanAdapter - Invoking destroy() on bean with name 'merchantBankCardService'
2017-08-28 17:42:03.461 [main] INFO  com.youzan.nova.registry.haunt.HauntRegistry -  [Nova] Unsubscribe: consumer://172.17.11.56/com.youzan.pay.customer.api.BankCardService?application=pay-ucashier&category=providers,configurators,routers&check=false&dubbo=3.0.9-RELEASE&interface=com.youzan.pay.customer.api.BankCardService&logger=slf4j&methods=getBoundBankCard,bindQuackPayCard,bindCard,unbindQuickPayCard,queryBoundQuickPayCard&owner=pay-ucashier&pid=43551&protocol=dubbo&retries=0&revision=0.0.7-20170804-RELEASE&side=consumer&timeout=5000&timestamp=1503913323215, nova version: 3.0.9-RELEASE, current host: 172.17.11.56
2017-08-28 17:42:03.461 [main] INFO  com.alibaba.dubbo.remoting.transport.netty.NettyChannel -  [Nova] Close netty channel [id: 0xee98f06d, /172.17.11.56:61787 => /10.9.82.150:28081], nova version: 3.0.9-RELEASE, current host: 172.17.11.56
2017-08-28 17:42:03.461 [DubboSharedHandler-thread-1] INFO  com.alibaba.dubbo.rpc.protocol.dubbo.DubboProtocol -  [Nova] disconected from /10.9.82.150:28081,url:dubbo://10.9.82.150:28081/com.youzan.pay.customer.api.BankCardService?application=pay-ucashier&check=false&codec=dubbo&dubbo=3.0.9-RELEASE&heartbeat=60000&interface=com.youzan.pay.customer.api.BankCardService&logger=slf4j&methods=getBoundBankCard,bindQuackPayCard,unbindQuickPayCard,bindCard,queryBoundQuickPayCard,&monitor=http%3A%2F%2Fhawk-dev.s.qima-inc.com%3A80%3Fdubbo%3D3.0.9-RELEASE%26interface%3Dcom.alibaba.dubbo.monitor.MonitorService%26pid%3D43551%26timestamp%3D1503913323215&owner=pay-ucashier&pid=43551&protocol=dubbo&retries=0&revision=0.0.7-20170804-RELEASE&side=consumer&timeout=5000&timestamp=1503913323215&weight=100, nova version: 3.0.9-RELEASE, current host: 172.17.11.56
2017-08-28 17:42:03.462 [main] INFO  com.alibaba.dubbo.remoting.transport.netty.NettyChannel -  [Nova] Close netty channel [id: 0x007d5c8e, /172.17.11.56:61785 => /172.16.8.185:28081], nova version: 3.0.9-RELEASE, current host: 172.17.11.56
2017-08-28 17:42:03.462 [DubboSharedHandler-thread-1] INFO  com.alibaba.dubbo.rpc.protocol.dubbo.DubboProtocol -  [Nova] disconected from /172.16.8.185:28081,url:dubbo://172.16.8.185:28081/com.youzan.pay.customer.api.BankCardService?application=pay-ucashier&check=false&codec=dubbo&dubbo=3.0.9-RELEASE&heartbeat=60000&interface=com.youzan.pay.customer.api.BankCardService&logger=slf4j&methods=bindQuackPayCard,getBoundBankCard,bindCard_2_0_0,unbindQuickPayCard,bindCard,queryBoundQuickPayCard,&monitor=http%3A%2F%2Fhawk-dev.s.qima-inc.com%3A80%3Fdubbo%3D3.0.9-RELEASE%26interface%3Dcom.alibaba.dubbo.monitor.MonitorService%26pid%3D43551%26timestamp%3D1503913323215&owner=pay-ucashier&pid=43551&protocol=dubbo&retries=0&revision=0.0.7-20170804-RELEASE&side=consumer&timeout=5000&timestamp=1503913323215&weight=100, nova version: 3.0.9-RELEASE, current host: 172.17.11.56
2017-08-28 17:42:03.462 [main] INFO  com.alibaba.dubbo.remoting.transport.netty.NettyChannel -  [Nova] Close netty channel [id: 0x072aadc3, /172.17.11.56:61786 => /10.9.196.183:28081], nova version: 3.0.9-RELEASE, current host: 172.17.11.56
2017-08-28 17:42:03.462 [DubboSharedHandler-thread-1] INFO  com.alibaba.dubbo.rpc.protocol.dubbo.DubboProtocol -  [Nova] disconected from /10.9.196.183:28081,url:dubbo://10.9.196.183:28081/com.youzan.pay.customer.api.BankCardService?application=pay-ucashier&check=false&codec=dubbo&dubbo=3.0.9-RELEASE&heartbeat=60000&interface=com.youzan.pay.customer.api.BankCardService&logger=slf4j&methods=bindQuackPayCard,getBoundBankCard,unbindQuickPayCard,bindCard,queryBoundQuickPayCard,&monitor=http%3A%2F%2Fhawk-dev.s.qima-inc.com%3A80%3Fdubbo%3D3.0.9-RELEASE%26interface%3Dcom.alibaba.dubbo.monitor.MonitorService%26pid%3D43551%26timestamp%3D1503913323215&owner=pay-ucashier&pid=43551&protocol=dubbo&retries=0&revision=0.0.7-20170804-RELEASE&side=consumer&timeout=5000&timestamp=1503913323215&weight=100, nova version: 3.0.9-RELEASE, current host: 172.17.11.56
2017-08-28 17:42:03.462 [main] DEBUG o.s.beans.factory.support.DisposableBeanAdapter - Invoking destroy() on bean with name 'bankCardService'
2017-08-28 17:42:03.462 [main] INFO  com.youzan.nova.registry.haunt.HauntRegistry -  [Nova] Unsubscribe: consumer://172.17.11.56/com.youzan.pay.fundchannel.open.api.BankCardService?application=pay-ucashier&category=providers,configurators,routers&check=false&dubbo=3.0.9-RELEASE&interface=com.youzan.pay.fundchannel.open.api.BankCardService&logger=slf4j&methods=checkCard,sendSms,checkBankBinding,payConfirm&owner=pay-ucashier&pid=43551&protocol=dubbo&retries=0&revision=1.0.0-20170710-RELEASE&side=consumer&timeout=5000&timestamp=1503913323174, nova version: 3.0.9-RELEASE, current host: 172.17.11.56
2017-08-28 17:42:03.462 [main] INFO  com.alibaba.dubbo.remoting.transport.netty.NettyChannel -  [Nova] Close netty channel [id: 0x674ce6cd, /172.17.11.56:61784 => /10.9.196.183:28096], nova version: 3.0.9-RELEASE, current host: 172.17.11.56
2017-08-28 17:42:03.462 [DubboSharedHandler-thread-1] INFO  com.alibaba.dubbo.rpc.protocol.dubbo.DubboProtocol -  [Nova] disconected from /10.9.196.183:28096,url:dubbo://10.9.196.183:28096/com.youzan.pay.fundchannel.open.api.BankCardService?application=pay-ucashier&check=false&codec=dubbo&dubbo=3.0.9-RELEASE&heartbeat=60000&interface=com.youzan.pay.fundchannel.open.api.BankCardService&logger=slf4j&methods=checkCard,sendSms,checkBankBinding,payConfirm,&monitor=http%3A%2F%2Fhawk-dev.s.qima-inc.com%3A80%3Fdubbo%3D3.0.9-RELEASE%26interface%3Dcom.alibaba.dubbo.monitor.MonitorService%26pid%3D43551%26timestamp%3D1503913323175&owner=pay-ucashier&pid=43551&protocol=dubbo&retries=0&revision=1.0.0-20170710-RELEASE&side=consumer&timeout=5000&timestamp=1503913323174&weight=100, nova version: 3.0.9-RELEASE, current host: 172.17.11.56
2017-08-28 17:42:03.462 [main] DEBUG o.s.beans.factory.support.DisposableBeanAdapter - Invoking destroy() on bean with name 'rechargeService'
2017-08-28 17:42:03.462 [main] INFO  com.youzan.nova.registry.haunt.HauntRegistry -  [Nova] Unsubscribe: consumer://172.17.11.56/com.youzan.pay.assetcenter.api.RechargeService?application=pay-ucashier&category=providers,configurators,routers&check=false&dubbo=3.0.9-RELEASE&interface=com.youzan.pay.assetcenter.api.RechargeService&logger=slf4j&methods=rechargePay,wrapCreate,create,wrapRechargePay&owner=pay-ucashier&pid=43551&protocol=dubbo&retries=0&revision=0.0.9-20170817-SNAPSHOT&side=consumer&timeout=5000&timestamp=1503913323166, nova version: 3.0.9-RELEASE, current host: 172.17.11.56
2017-08-28 17:42:03.462 [main] DEBUG o.s.beans.factory.support.DisposableBeanAdapter - Invoking destroy() on bean with name 'acquireOrderService'
2017-08-28 17:42:03.462 [main] INFO  com.youzan.nova.registry.haunt.HauntRegistry -  [Nova] Unsubscribe: consumer://172.17.11.56/com.youzan.pay.assetcenter.api.AcquireOrderService?application=pay-ucashier&category=providers,configurators,routers&check=false&dubbo=3.0.9-RELEASE&interface=com.youzan.pay.assetcenter.api.AcquireOrderService&logger=slf4j&methods=payNotify,retryInAccount,query,create,pay,revoke&owner=pay-ucashier&pid=43551&protocol=dubbo&retries=0&revision=0.0.9-20170817-SNAPSHOT&side=consumer&timeout=5000&timestamp=1503913323159, nova version: 3.0.9-RELEASE, current host: 172.17.11.56
2017-08-28 17:42:03.463 [main] DEBUG o.s.beans.factory.support.DisposableBeanAdapter - Invoking destroy() on bean with name 'unifiedPayService'
2017-08-28 17:42:03.463 [main] INFO  com.youzan.nova.registry.haunt.HauntRegistry -  [Nova] Unsubscribe: consumer://172.17.11.56/com.youzan.pay.assetcenter.api.UnifiedPayService?application=pay-ucashier&category=providers,configurators,routers&check=false&dubbo=3.0.9-RELEASE&interface=com.youzan.pay.assetcenter.api.UnifiedPayService&logger=slf4j&methods=warpMultiPay,multiPay,singlePay,wrapMultiPay,wrapSinglePay&owner=pay-ucashier&pid=43551&protocol=dubbo&retries=0&revision=0.0.9-20170817-SNAPSHOT&side=consumer&timeout=5000&timestamp=1503913323119, nova version: 3.0.9-RELEASE, current host: 172.17.11.56
2017-08-28 17:42:03.463 [main] INFO  com.alibaba.dubbo.remoting.transport.netty.NettyChannel -  [Nova] Close netty channel [id: 0xfdce01b1, /172.17.11.56:61779 => /10.9.82.150:28094], nova version: 3.0.9-RELEASE, current host: 172.17.11.56
2017-08-28 17:42:03.463 [main] DEBUG o.s.beans.factory.support.DisposableBeanAdapter - Invoking destroy() on bean with name 'com.alibaba.dubbo.config.spring.AnnotationBean'
2017-08-28 17:42:03.463 [DubboSharedHandler-thread-1] INFO  com.alibaba.dubbo.rpc.protocol.dubbo.DubboProtocol -  [Nova] disconected from /10.9.82.150:28094,url:dubbo://10.9.82.150:28094/com.youzan.pay.assetcenter.api.UnifiedPayService?application=pay-ucashier&check=false&codec=dubbo&dubbo=3.0.9-RELEASE&heartbeat=60000&interface=com.youzan.pay.assetcenter.api.UnifiedPayService&logger=slf4j&methods=warpMultiPay,multiPay,singlePay,wrapMultiPay,batchPay,wrapSinglePay,&monitor=http%3A%2F%2Fhawk-dev.s.qima-inc.com%3A80%3Fdubbo%3D3.0.9-RELEASE%26interface%3Dcom.alibaba.dubbo.monitor.MonitorService%26pid%3D43551%26timestamp%3D1503913323119&owner=pay-ucashier&pid=43551&protocol=dubbo&retries=0&revision=0.0.9-20170817-SNAPSHOT&side=consumer&timeout=5000&timestamp=1503913323119&weight=100, nova version: 3.0.9-RELEASE, current host: 172.17.11.56
2017-08-28 17:42:03.463 [main] ERROR org.springframework.test.context.TestContextManager - Caught exception while allowing TestExecutionListener [org.springframework.test.context.support.DependencyInjectionTestExecutionListener@59cce842] to prepare test instance [com.youzan.pay.unified.cashier.intergration.client.UserMerchantServiceClientTest@346df600]
java.lang.IllegalStateException: Failed to load ApplicationContext
	at org.springframework.test.context.CacheAwareContextLoaderDelegate.loadContext(CacheAwareContextLoaderDelegate.java:103) ~[spring-test-3.2.13.RELEASE.jar:3.2.13.RELEASE]
	at org.springframework.test.context.TestContext.getApplicationContext(TestContext.java:122) ~[spring-test-3.2.13.RELEASE.jar:3.2.13.RELEASE]
	at org.springframework.test.context.support.DependencyInjectionTestExecutionListener.injectDependencies(DependencyInjectionTestExecutionListener.java:109) ~[spring-test-3.2.13.RELEASE.jar:3.2.13.RELEASE]
	at org.springframework.test.context.support.DependencyInjectionTestExecutionListener.prepareTestInstance(DependencyInjectionTestExecutionListener.java:75) ~[spring-test-3.2.13.RELEASE.jar:3.2.13.RELEASE]
	at org.springframework.test.context.TestContextManager.prepareTestInstance(TestContextManager.java:321) ~[spring-test-3.2.13.RELEASE.jar:3.2.13.RELEASE]
	at org.springframework.test.context.junit4.SpringJUnit4ClassRunner.createTest(SpringJUnit4ClassRunner.java:211) [spring-test-3.2.13.RELEASE.jar:3.2.13.RELEASE]
	at org.springframework.test.context.junit4.SpringJUnit4ClassRunner$1.runReflectiveCall(SpringJUnit4ClassRunner.java:288) [spring-test-3.2.13.RELEASE.jar:3.2.13.RELEASE]
	at org.junit.internal.runners.model.ReflectiveCallable.run(ReflectiveCallable.java:12) [junit-4.12.jar:4.12]
	at org.springframework.test.context.junit4.SpringJUnit4ClassRunner.methodBlock(SpringJUnit4ClassRunner.java:284) [spring-test-3.2.13.RELEASE.jar:3.2.13.RELEASE]
	at org.springframework.test.context.junit4.SpringJUnit4ClassRunner.runChild(SpringJUnit4ClassRunner.java:231) [spring-test-3.2.13.RELEASE.jar:3.2.13.RELEASE]
	at org.springframework.test.context.junit4.SpringJUnit4ClassRunner.runChild(SpringJUnit4ClassRunner.java:88) [spring-test-3.2.13.RELEASE.jar:3.2.13.RELEASE]
	at org.junit.runners.ParentRunner$3.run(ParentRunner.java:290) [junit-4.12.jar:4.12]
	at org.junit.runners.ParentRunner$1.schedule(ParentRunner.java:71) [junit-4.12.jar:4.12]
	at org.junit.runners.ParentRunner.runChildren(ParentRunner.java:288) [junit-4.12.jar:4.12]
	at org.junit.runners.ParentRunner.access$000(ParentRunner.java:58) [junit-4.12.jar:4.12]
	at org.junit.runners.ParentRunner$2.evaluate(ParentRunner.java:268) [junit-4.12.jar:4.12]
	at org.springframework.test.context.junit4.statements.RunBeforeTestClassCallbacks.evaluate(RunBeforeTestClassCallbacks.java:61) [spring-test-3.2.13.RELEASE.jar:3.2.13.RELEASE]
	at org.springframework.test.context.junit4.statements.RunAfterTestClassCallbacks.evaluate(RunAfterTestClassCallbacks.java:71) [spring-test-3.2.13.RELEASE.jar:3.2.13.RELEASE]
	at org.junit.runners.ParentRunner.run(ParentRunner.java:363) [junit-4.12.jar:4.12]
	at org.springframework.test.context.junit4.SpringJUnit4ClassRunner.run(SpringJUnit4ClassRunner.java:174) [spring-test-3.2.13.RELEASE.jar:3.2.13.RELEASE]
	at org.apache.maven.surefire.junit4.JUnit4Provider.execute(JUnit4Provider.java:283) [surefire-junit4-2.18.1.jar:2.18.1]
	at org.apache.maven.surefire.junit4.JUnit4Provider.executeWithRerun(JUnit4Provider.java:173) [surefire-junit4-2.18.1.jar:2.18.1]
	at org.apache.maven.surefire.junit4.JUnit4Provider.executeTestSet(JUnit4Provider.java:153) [surefire-junit4-2.18.1.jar:2.18.1]
	at org.apache.maven.surefire.junit4.JUnit4Provider.invoke(JUnit4Provider.java:128) [surefire-junit4-2.18.1.jar:2.18.1]
	at org.apache.maven.surefire.booter.ForkedBooter.invokeProviderInSameClassLoader(ForkedBooter.java:203) [surefire-booter-2.18.1.jar:2.18.1]
	at org.apache.maven.surefire.booter.ForkedBooter.runSuitesInProcess(ForkedBooter.java:155) [surefire-booter-2.18.1.jar:2.18.1]
	at org.apache.maven.surefire.booter.ForkedBooter.main(ForkedBooter.java:103) [surefire-booter-2.18.1.jar:2.18.1]
Caused by: org.springframework.beans.factory.BeanCreationException: Error creating bean with name 'queryPayToolConfigServiceClient': Injection of resource dependencies failed; nested exception is org.springframework.beans.factory.NoSuchBeanDefinitionException: No qualifying bean of type [com.youzan.pay.core.cache.redis.RedisCacheManager] found for dependency: expected at least 1 bean which qualifies as autowire candidate for this dependency. Dependency annotations: {@javax.annotation.Resource(shareable=true, lookup=, name=, description=, authenticationType=CONTAINER, type=class java.lang.Object, mappedName=)}
	at org.springframework.context.annotation.CommonAnnotationBeanPostProcessor.postProcessPropertyValues(CommonAnnotationBeanPostProcessor.java:307) ~[spring-context-3.2.13.RELEASE.jar:3.2.13.RELEASE]
	at org.springframework.beans.factory.support.AbstractAutowireCapableBeanFactory.populateBean(AbstractAutowireCapableBeanFactory.java:1148) ~[spring-beans-3.2.13.RELEASE.jar:3.2.13.RELEASE]
	at org.springframework.beans.factory.support.AbstractAutowireCapableBeanFactory.doCreateBean(AbstractAutowireCapableBeanFactory.java:519) ~[spring-beans-3.2.13.RELEASE.jar:3.2.13.RELEASE]
	at org.springframework.beans.factory.support.AbstractAutowireCapableBeanFactory.createBean(AbstractAutowireCapableBeanFactory.java:458) ~[spring-beans-3.2.13.RELEASE.jar:3.2.13.RELEASE]
	at org.springframework.beans.factory.support.AbstractBeanFactory$1.getObject(AbstractBeanFactory.java:293) ~[spring-beans-3.2.13.RELEASE.jar:3.2.13.RELEASE]
	at org.springframework.beans.factory.support.DefaultSingletonBeanRegistry.getSingleton(DefaultSingletonBeanRegistry.java:223) ~[spring-beans-3.2.13.RELEASE.jar:3.2.13.RELEASE]
	at org.springframework.beans.factory.support.AbstractBeanFactory.doGetBean(AbstractBeanFactory.java:290) ~[spring-beans-3.2.13.RELEASE.jar:3.2.13.RELEASE]
	at org.springframework.beans.factory.support.AbstractBeanFactory.getBean(AbstractBeanFactory.java:191) ~[spring-beans-3.2.13.RELEASE.jar:3.2.13.RELEASE]
	at org.springframework.beans.factory.support.DefaultListableBeanFactory.preInstantiateSingletons(DefaultListableBeanFactory.java:636) ~[spring-beans-3.2.13.RELEASE.jar:3.2.13.RELEASE]
	at org.springframework.context.support.AbstractApplicationContext.finishBeanFactoryInitialization(AbstractApplicationContext.java:934) ~[spring-context-3.2.13.RELEASE.jar:3.2.13.RELEASE]
	at org.springframework.context.support.AbstractApplicationContext.refresh(AbstractApplicationContext.java:479) ~[spring-context-3.2.13.RELEASE.jar:3.2.13.RELEASE]
	at org.springframework.test.context.support.AbstractGenericContextLoader.loadContext(AbstractGenericContextLoader.java:120) ~[spring-test-3.2.13.RELEASE.jar:3.2.13.RELEASE]
	at org.springframework.test.context.support.AbstractGenericContextLoader.loadContext(AbstractGenericContextLoader.java:60) ~[spring-test-3.2.13.RELEASE.jar:3.2.13.RELEASE]
	at org.springframework.test.context.support.AbstractDelegatingSmartContextLoader.delegateLoading(AbstractDelegatingSmartContextLoader.java:102) ~[spring-test-3.2.13.RELEASE.jar:3.2.13.RELEASE]
	at org.springframework.test.context.support.AbstractDelegatingSmartContextLoader.loadContext(AbstractDelegatingSmartContextLoader.java:246) ~[spring-test-3.2.13.RELEASE.jar:3.2.13.RELEASE]
	at org.springframework.test.context.CacheAwareContextLoaderDelegate.loadContextInternal(CacheAwareContextLoaderDelegate.java:69) ~[spring-test-3.2.13.RELEASE.jar:3.2.13.RELEASE]
	at org.springframework.test.context.CacheAwareContextLoaderDelegate.loadContext(CacheAwareContextLoaderDelegate.java:95) ~[spring-test-3.2.13.RELEASE.jar:3.2.13.RELEASE]
	... 26 common frames omitted
Caused by: org.springframework.beans.factory.NoSuchBeanDefinitionException: No qualifying bean of type [com.youzan.pay.core.cache.redis.RedisCacheManager] found for dependency: expected at least 1 bean which qualifies as autowire candidate for this dependency. Dependency annotations: {@javax.annotation.Resource(shareable=true, lookup=, name=, description=, authenticationType=CONTAINER, type=class java.lang.Object, mappedName=)}
	at org.springframework.beans.factory.support.DefaultListableBeanFactory.raiseNoSuchBeanDefinitionException(DefaultListableBeanFactory.java:997) ~[spring-beans-3.2.13.RELEASE.jar:3.2.13.RELEASE]
	at org.springframework.beans.factory.support.DefaultListableBeanFactory.doResolveDependency(DefaultListableBeanFactory.java:867) ~[spring-beans-3.2.13.RELEASE.jar:3.2.13.RELEASE]
	at org.springframework.beans.factory.support.DefaultListableBeanFactory.resolveDependency(DefaultListableBeanFactory.java:779) ~[spring-beans-3.2.13.RELEASE.jar:3.2.13.RELEASE]
	at org.springframework.context.annotation.CommonAnnotationBeanPostProcessor.autowireResource(CommonAnnotationBeanPostProcessor.java:445) ~[spring-context-3.2.13.RELEASE.jar:3.2.13.RELEASE]
	at org.springframework.context.annotation.CommonAnnotationBeanPostProcessor.getResource(CommonAnnotationBeanPostProcessor.java:423) ~[spring-context-3.2.13.RELEASE.jar:3.2.13.RELEASE]
	at org.springframework.context.annotation.CommonAnnotationBeanPostProcessor$ResourceElement.getResourceToInject(CommonAnnotationBeanPostProcessor.java:551) ~[spring-context-3.2.13.RELEASE.jar:3.2.13.RELEASE]
	at org.springframework.beans.factory.annotation.InjectionMetadata$InjectedElement.inject(InjectionMetadata.java:169) ~[spring-beans-3.2.13.RELEASE.jar:3.2.13.RELEASE]
	at org.springframework.beans.factory.annotation.InjectionMetadata.inject(InjectionMetadata.java:88) ~[spring-beans-3.2.13.RELEASE.jar:3.2.13.RELEASE]
	at org.springframework.context.annotation.CommonAnnotationBeanPostProcessor.postProcessPropertyValues(CommonAnnotationBeanPostProcessor.java:304) ~[spring-context-3.2.13.RELEASE.jar:3.2.13.RELEASE]
	... 42 common frames omitted
]]></system-out>
  </testcase>
</testsuite>