<?xml version="1.0" encoding="UTF-8"?>
<testsuite name="com.youzan.pay.unified.cashier.intergration.client.AssetCenterUnifiedPayServiceClientTest" time="16.551" tests="4" errors="4" skipped="0" failures="0">
  <properties>
    <property name="java.runtime.name" value="Java(TM) SE Runtime Environment"/>
    <property name="sun.boot.library.path" value="/Library/Java/JavaVirtualMachines/jdk1.8.0_111.jdk/Contents/Home/jre/lib"/>
    <property name="java.vm.version" value="25.111-b14"/>
    <property name="gopherProxySet" value="false"/>
    <property name="java.vm.vendor" value="Oracle Corporation"/>
    <property name="maven.multiModuleProjectDirectory" value="/Users/wulonghui/work/unified_cashier"/>
    <property name="java.vendor.url" value="http://java.oracle.com/"/>
    <property name="path.separator" value=":"/>
    <property name="guice.disable.misplaced.annotation.check" value="true"/>
    <property name="java.vm.name" value="Java HotSpot(TM) 64-Bit Server VM"/>
    <property name="file.encoding.pkg" value="sun.io"/>
    <property name="user.country" value="CN"/>
    <property name="sun.java.launcher" value="SUN_STANDARD"/>
    <property name="sun.os.patch.level" value="unknown"/>
    <property name="java.vm.specification.name" value="Java Virtual Machine Specification"/>
    <property name="user.dir" value="/Users/wulonghui/work/unified_cashier"/>
    <property name="java.runtime.version" value="1.8.0_111-b14"/>
    <property name="java.awt.graphicsenv" value="sun.awt.CGraphicsEnvironment"/>
    <property name="java.endorsed.dirs" value="/Library/Java/JavaVirtualMachines/jdk1.8.0_111.jdk/Contents/Home/jre/lib/endorsed"/>
    <property name="os.arch" value="x86_64"/>
    <property name="java.io.tmpdir" value="/var/folders/gj/b7p8d0cx4v54sz9_rlky12d00000gn/T/"/>
    <property name="line.separator" value="&#10;"/>
    <property name="java.vm.specification.vendor" value="Oracle Corporation"/>
    <property name="os.name" value="Mac OS X"/>
    <property name="classworlds.conf" value="/Users/wulonghui/Library/apache-maven-3.3.9/bin/m2.conf"/>
    <property name="sun.jnu.encoding" value="UTF-8"/>
    <property name="java.library.path" value="/Users/wulonghui/Library/Java/Extensions:/Library/Java/Extensions:/Network/Library/Java/Extensions:/System/Library/Java/Extensions:/usr/lib/java:."/>
    <property name="java.specification.name" value="Java Platform API Specification"/>
    <property name="java.class.version" value="52.0"/>
    <property name="sun.management.compiler" value="HotSpot 64-Bit Tiered Compilers"/>
    <property name="os.version" value="10.11.6"/>
    <property name="user.home" value="/Users/wulonghui"/>
    <property name="user.timezone" value="Asia/Shanghai"/>
    <property name="java.awt.printerjob" value="sun.lwawt.macosx.CPrinterJob"/>
    <property name="java.specification.version" value="1.8"/>
    <property name="file.encoding" value="UTF-8"/>
    <property name="user.name" value="wulonghui"/>
    <property name="java.class.path" value="/Users/wulonghui/Library/apache-maven-3.3.9/boot/plexus-classworlds-2.5.2.jar"/>
    <property name="java.vm.specification.version" value="1.8"/>
    <property name="sun.arch.data.model" value="64"/>
    <property name="java.home" value="/Library/Java/JavaVirtualMachines/jdk1.8.0_111.jdk/Contents/Home/jre"/>
    <property name="sun.java.command" value="org.codehaus.plexus.classworlds.launcher.Launcher clean test sonar:sonar"/>
    <property name="java.specification.vendor" value="Oracle Corporation"/>
    <property name="user.language" value="zh"/>
    <property name="awt.toolkit" value="sun.lwawt.macosx.LWCToolkit"/>
    <property name="java.vm.info" value="mixed mode"/>
    <property name="java.version" value="1.8.0_111"/>
    <property name="java.ext.dirs" value="/Users/wulonghui/Library/Java/Extensions:/Library/Java/JavaVirtualMachines/jdk1.8.0_111.jdk/Contents/Home/jre/lib/ext:/Library/Java/Extensions:/Network/Library/Java/Extensions:/System/Library/Java/Extensions:/usr/lib/java"/>
    <property name="sun.boot.class.path" value="/Library/Java/JavaVirtualMachines/jdk1.8.0_111.jdk/Contents/Home/jre/lib/resources.jar:/Library/Java/JavaVirtualMachines/jdk1.8.0_111.jdk/Contents/Home/jre/lib/rt.jar:/Library/Java/JavaVirtualMachines/jdk1.8.0_111.jdk/Contents/Home/jre/lib/sunrsasign.jar:/Library/Java/JavaVirtualMachines/jdk1.8.0_111.jdk/Contents/Home/jre/lib/jsse.jar:/Library/Java/JavaVirtualMachines/jdk1.8.0_111.jdk/Contents/Home/jre/lib/jce.jar:/Library/Java/JavaVirtualMachines/jdk1.8.0_111.jdk/Contents/Home/jre/lib/charsets.jar:/Library/Java/JavaVirtualMachines/jdk1.8.0_111.jdk/Contents/Home/jre/lib/jfr.jar:/Library/Java/JavaVirtualMachines/jdk1.8.0_111.jdk/Contents/Home/jre/classes"/>
    <property name="java.vendor" value="Oracle Corporation"/>
    <property name="maven.home" value="/Users/wulonghui/Library/apache-maven-3.3.9"/>
    <property name="file.separator" value="/"/>
    <property name="java.vendor.url.bug" value="http://bugreport.sun.com/bugreport/"/>
    <property name="sun.cpu.endian" value="little"/>
    <property name="sun.io.unicode.encoding" value="UnicodeBig"/>
    <property name="sun.cpu.isalist" value=""/>
  </properties>
  <testcase name="testMultiPaySucc" classname="com.youzan.pay.unified.cashier.intergration.client.AssetCenterUnifiedPayServiceClientTest" time="10.527">
    <error message="Failed to load ApplicationContext" type="java.lang.IllegalStateException">java.lang.IllegalStateException: Failed to load ApplicationContext
	at org.springframework.test.context.CacheAwareContextLoaderDelegate.loadContext(CacheAwareContextLoaderDelegate.java:103)
	at org.springframework.test.context.TestContext.getApplicationContext(TestContext.java:122)
	at org.springframework.test.context.support.DependencyInjectionTestExecutionListener.injectDependencies(DependencyInjectionTestExecutionListener.java:109)
	at org.springframework.test.context.support.DependencyInjectionTestExecutionListener.prepareTestInstance(DependencyInjectionTestExecutionListener.java:75)
	at org.springframework.test.context.TestContextManager.prepareTestInstance(TestContextManager.java:321)
	at org.springframework.test.context.junit4.SpringJUnit4ClassRunner.createTest(SpringJUnit4ClassRunner.java:211)
	at org.springframework.test.context.junit4.SpringJUnit4ClassRunner$1.runReflectiveCall(SpringJUnit4ClassRunner.java:288)
	at org.junit.internal.runners.model.ReflectiveCallable.run(ReflectiveCallable.java:12)
	at org.springframework.test.context.junit4.SpringJUnit4ClassRunner.methodBlock(SpringJUnit4ClassRunner.java:284)
	at org.springframework.test.context.junit4.SpringJUnit4ClassRunner.runChild(SpringJUnit4ClassRunner.java:231)
	at org.springframework.test.context.junit4.SpringJUnit4ClassRunner.runChild(SpringJUnit4ClassRunner.java:88)
	at org.junit.runners.ParentRunner$3.run(ParentRunner.java:290)
	at org.junit.runners.ParentRunner$1.schedule(ParentRunner.java:71)
	at org.junit.runners.ParentRunner.runChildren(ParentRunner.java:288)
	at org.junit.runners.ParentRunner.access$000(ParentRunner.java:58)
	at org.junit.runners.ParentRunner$2.evaluate(ParentRunner.java:268)
	at org.springframework.test.context.junit4.statements.RunBeforeTestClassCallbacks.evaluate(RunBeforeTestClassCallbacks.java:61)
	at org.springframework.test.context.junit4.statements.RunAfterTestClassCallbacks.evaluate(RunAfterTestClassCallbacks.java:71)
	at org.junit.runners.ParentRunner.run(ParentRunner.java:363)
	at org.springframework.test.context.junit4.SpringJUnit4ClassRunner.run(SpringJUnit4ClassRunner.java:174)
	at org.apache.maven.surefire.junit4.JUnit4Provider.execute(JUnit4Provider.java:283)
	at org.apache.maven.surefire.junit4.JUnit4Provider.executeWithRerun(JUnit4Provider.java:173)
	at org.apache.maven.surefire.junit4.JUnit4Provider.executeTestSet(JUnit4Provider.java:153)
	at org.apache.maven.surefire.junit4.JUnit4Provider.invoke(JUnit4Provider.java:128)
	at org.apache.maven.surefire.booter.ForkedBooter.invokeProviderInSameClassLoader(ForkedBooter.java:203)
	at org.apache.maven.surefire.booter.ForkedBooter.runSuitesInProcess(ForkedBooter.java:155)
	at org.apache.maven.surefire.booter.ForkedBooter.main(ForkedBooter.java:103)
Caused by: org.springframework.beans.factory.BeanCreationException: Error creating bean with name 'queryPayToolConfigServiceClient': Injection of resource dependencies failed; nested exception is org.springframework.beans.factory.NoSuchBeanDefinitionException: No qualifying bean of type [com.youzan.pay.core.cache.redis.RedisCacheManager] found for dependency: expected at least 1 bean which qualifies as autowire candidate for this dependency. Dependency annotations: {@javax.annotation.Resource(shareable=true, lookup=, name=, description=, authenticationType=CONTAINER, type=class java.lang.Object, mappedName=)}
	at org.springframework.context.annotation.CommonAnnotationBeanPostProcessor.postProcessPropertyValues(CommonAnnotationBeanPostProcessor.java:307)
	at org.springframework.beans.factory.support.AbstractAutowireCapableBeanFactory.populateBean(AbstractAutowireCapableBeanFactory.java:1148)
	at org.springframework.beans.factory.support.AbstractAutowireCapableBeanFactory.doCreateBean(AbstractAutowireCapableBeanFactory.java:519)
	at org.springframework.beans.factory.support.AbstractAutowireCapableBeanFactory.createBean(AbstractAutowireCapableBeanFactory.java:458)
	at org.springframework.beans.factory.support.AbstractBeanFactory$1.getObject(AbstractBeanFactory.java:293)
	at org.springframework.beans.factory.support.DefaultSingletonBeanRegistry.getSingleton(DefaultSingletonBeanRegistry.java:223)
	at org.springframework.beans.factory.support.AbstractBeanFactory.doGetBean(AbstractBeanFactory.java:290)
	at org.springframework.beans.factory.support.AbstractBeanFactory.getBean(AbstractBeanFactory.java:191)
	at org.springframework.beans.factory.support.DefaultListableBeanFactory.preInstantiateSingletons(DefaultListableBeanFactory.java:636)
	at org.springframework.context.support.AbstractApplicationContext.finishBeanFactoryInitialization(AbstractApplicationContext.java:934)
	at org.springframework.context.support.AbstractApplicationContext.refresh(AbstractApplicationContext.java:479)
	at org.springframework.test.context.support.AbstractGenericContextLoader.loadContext(AbstractGenericContextLoader.java:120)
	at org.springframework.test.context.support.AbstractGenericContextLoader.loadContext(AbstractGenericContextLoader.java:60)
	at org.springframework.test.context.support.AbstractDelegatingSmartContextLoader.delegateLoading(AbstractDelegatingSmartContextLoader.java:102)
	at org.springframework.test.context.support.AbstractDelegatingSmartContextLoader.loadContext(AbstractDelegatingSmartContextLoader.java:246)
	at org.springframework.test.context.CacheAwareContextLoaderDelegate.loadContextInternal(CacheAwareContextLoaderDelegate.java:69)
	at org.springframework.test.context.CacheAwareContextLoaderDelegate.loadContext(CacheAwareContextLoaderDelegate.java:95)
	at org.springframework.test.context.TestContext.getApplicationContext(TestContext.java:122)
	at org.springframework.test.context.support.DependencyInjectionTestExecutionListener.injectDependencies(DependencyInjectionTestExecutionListener.java:109)
	at org.springframework.test.context.support.DependencyInjectionTestExecutionListener.prepareTestInstance(DependencyInjectionTestExecutionListener.java:75)
	at org.springframework.test.context.TestContextManager.prepareTestInstance(TestContextManager.java:321)
	at org.springframework.test.context.junit4.SpringJUnit4ClassRunner.createTest(SpringJUnit4ClassRunner.java:211)
	at org.springframework.test.context.junit4.SpringJUnit4ClassRunner$1.runReflectiveCall(SpringJUnit4ClassRunner.java:288)
	at org.junit.internal.runners.model.ReflectiveCallable.run(ReflectiveCallable.java:12)
	at org.springframework.test.context.junit4.SpringJUnit4ClassRunner.methodBlock(SpringJUnit4ClassRunner.java:284)
	at org.springframework.test.context.junit4.SpringJUnit4ClassRunner.runChild(SpringJUnit4ClassRunner.java:231)
	at org.springframework.test.context.junit4.SpringJUnit4ClassRunner.runChild(SpringJUnit4ClassRunner.java:88)
	at org.junit.runners.ParentRunner$3.run(ParentRunner.java:290)
	at org.junit.runners.ParentRunner$1.schedule(ParentRunner.java:71)
	at org.junit.runners.ParentRunner.runChildren(ParentRunner.java:288)
	at org.junit.runners.ParentRunner.access$000(ParentRunner.java:58)
	at org.junit.runners.ParentRunner$2.evaluate(ParentRunner.java:268)
	at org.springframework.test.context.junit4.statements.RunBeforeTestClassCallbacks.evaluate(RunBeforeTestClassCallbacks.java:61)
	at org.springframework.test.context.junit4.statements.RunAfterTestClassCallbacks.evaluate(RunAfterTestClassCallbacks.java:71)
	at org.junit.runners.ParentRunner.run(ParentRunner.java:363)
	at org.springframework.test.context.junit4.SpringJUnit4ClassRunner.run(SpringJUnit4ClassRunner.java:174)
	at org.apache.maven.surefire.junit4.JUnit4Provider.execute(JUnit4Provider.java:283)
	at org.apache.maven.surefire.junit4.JUnit4Provider.executeWithRerun(JUnit4Provider.java:173)
	at org.apache.maven.surefire.junit4.JUnit4Provider.executeTestSet(JUnit4Provider.java:153)
	at org.apache.maven.surefire.junit4.JUnit4Provider.invoke(JUnit4Provider.java:128)
	at org.apache.maven.surefire.booter.ForkedBooter.invokeProviderInSameClassLoader(ForkedBooter.java:203)
	at org.apache.maven.surefire.booter.ForkedBooter.runSuitesInProcess(ForkedBooter.java:155)
	at org.apache.maven.surefire.booter.ForkedBooter.main(ForkedBooter.java:103)
Caused by: org.springframework.beans.factory.NoSuchBeanDefinitionException: No qualifying bean of type [com.youzan.pay.core.cache.redis.RedisCacheManager] found for dependency: expected at least 1 bean which qualifies as autowire candidate for this dependency. Dependency annotations: {@javax.annotation.Resource(shareable=true, lookup=, name=, description=, authenticationType=CONTAINER, type=class java.lang.Object, mappedName=)}
	at org.springframework.beans.factory.support.DefaultListableBeanFactory.raiseNoSuchBeanDefinitionException(DefaultListableBeanFactory.java:997)
	at org.springframework.beans.factory.support.DefaultListableBeanFactory.doResolveDependency(DefaultListableBeanFactory.java:867)
	at org.springframework.beans.factory.support.DefaultListableBeanFactory.resolveDependency(DefaultListableBeanFactory.java:779)
	at org.springframework.context.annotation.CommonAnnotationBeanPostProcessor.autowireResource(CommonAnnotationBeanPostProcessor.java:445)
	at org.springframework.context.annotation.CommonAnnotationBeanPostProcessor.getResource(CommonAnnotationBeanPostProcessor.java:423)
	at org.springframework.context.annotation.CommonAnnotationBeanPostProcessor$ResourceElement.getResourceToInject(CommonAnnotationBeanPostProcessor.java:551)
	at org.springframework.beans.factory.annotation.InjectionMetadata$InjectedElement.inject(InjectionMetadata.java:169)
	at org.springframework.beans.factory.annotation.InjectionMetadata.inject(InjectionMetadata.java:88)
	at org.springframework.context.annotation.CommonAnnotationBeanPostProcessor.postProcessPropertyValues(CommonAnnotationBeanPostProcessor.java:304)
	at org.springframework.beans.factory.support.AbstractAutowireCapableBeanFactory.populateBean(AbstractAutowireCapableBeanFactory.java:1148)
	at org.springframework.beans.factory.support.AbstractAutowireCapableBeanFactory.doCreateBean(AbstractAutowireCapableBeanFactory.java:519)
	at org.springframework.beans.factory.support.AbstractAutowireCapableBeanFactory.createBean(AbstractAutowireCapableBeanFactory.java:458)
	at org.springframework.beans.factory.support.AbstractBeanFactory$1.getObject(AbstractBeanFactory.java:293)
	at org.springframework.beans.factory.support.DefaultSingletonBeanRegistry.getSingleton(DefaultSingletonBeanRegistry.java:223)
	at org.springframework.beans.factory.support.AbstractBeanFactory.doGetBean(AbstractBeanFactory.java:290)
	at org.springframework.beans.factory.support.AbstractBeanFactory.getBean(AbstractBeanFactory.java:191)
	at org.springframework.beans.factory.support.DefaultListableBeanFactory.preInstantiateSingletons(DefaultListableBeanFactory.java:636)
	at org.springframework.context.support.AbstractApplicationContext.finishBeanFactoryInitialization(AbstractApplicationContext.java:934)
	at org.springframework.context.support.AbstractApplicationContext.refresh(AbstractApplicationContext.java:479)
	at org.springframework.test.context.support.AbstractGenericContextLoader.loadContext(AbstractGenericContextLoader.java:120)
	at org.springframework.test.context.support.AbstractGenericContextLoader.loadContext(AbstractGenericContextLoader.java:60)
	at org.springframework.test.context.support.AbstractDelegatingSmartContextLoader.delegateLoading(AbstractDelegatingSmartContextLoader.java:102)
	at org.springframework.test.context.support.AbstractDelegatingSmartContextLoader.loadContext(AbstractDelegatingSmartContextLoader.java:246)
	at org.springframework.test.context.CacheAwareContextLoaderDelegate.loadContextInternal(CacheAwareContextLoaderDelegate.java:69)
	at org.springframework.test.context.CacheAwareContextLoaderDelegate.loadContext(CacheAwareContextLoaderDelegate.java:95)
	at org.springframework.test.context.TestContext.getApplicationContext(TestContext.java:122)
	at org.springframework.test.context.support.DependencyInjectionTestExecutionListener.injectDependencies(DependencyInjectionTestExecutionListener.java:109)
	at org.springframework.test.context.support.DependencyInjectionTestExecutionListener.prepareTestInstance(DependencyInjectionTestExecutionListener.java:75)
	at org.springframework.test.context.TestContextManager.prepareTestInstance(TestContextManager.java:321)
	at org.springframework.test.context.junit4.SpringJUnit4ClassRunner.createTest(SpringJUnit4ClassRunner.java:211)
	at org.springframework.test.context.junit4.SpringJUnit4ClassRunner$1.runReflectiveCall(SpringJUnit4ClassRunner.java:288)
	at org.junit.internal.runners.model.ReflectiveCallable.run(ReflectiveCallable.java:12)
	at org.springframework.test.context.junit4.SpringJUnit4ClassRunner.methodBlock(SpringJUnit4ClassRunner.java:284)
	at org.springframework.test.context.junit4.SpringJUnit4ClassRunner.runChild(SpringJUnit4ClassRunner.java:231)
	at org.springframework.test.context.junit4.SpringJUnit4ClassRunner.runChild(SpringJUnit4ClassRunner.java:88)
	at org.junit.runners.ParentRunner$3.run(ParentRunner.java:290)
	at org.junit.runners.ParentRunner$1.schedule(ParentRunner.java:71)
	at org.junit.runners.ParentRunner.runChildren(ParentRunner.java:288)
	at org.junit.runners.ParentRunner.access$000(ParentRunner.java:58)
	at org.junit.runners.ParentRunner$2.evaluate(ParentRunner.java:268)
	at org.springframework.test.context.junit4.statements.RunBeforeTestClassCallbacks.evaluate(RunBeforeTestClassCallbacks.java:61)
	at org.springframework.test.context.junit4.statements.RunAfterTestClassCallbacks.evaluate(RunAfterTestClassCallbacks.java:71)
	at org.junit.runners.ParentRunner.run(ParentRunner.java:363)
	at org.springframework.test.context.junit4.SpringJUnit4ClassRunner.run(SpringJUnit4ClassRunner.java:174)
	at org.apache.maven.surefire.junit4.JUnit4Provider.execute(JUnit4Provider.java:283)
	at org.apache.maven.surefire.junit4.JUnit4Provider.executeWithRerun(JUnit4Provider.java:173)
	at org.apache.maven.surefire.junit4.JUnit4Provider.executeTestSet(JUnit4Provider.java:153)
	at org.apache.maven.surefire.junit4.JUnit4Provider.invoke(JUnit4Provider.java:128)
	at org.apache.maven.surefire.booter.ForkedBooter.invokeProviderInSameClassLoader(ForkedBooter.java:203)
	at org.apache.maven.surefire.booter.ForkedBooter.runSuitesInProcess(ForkedBooter.java:155)
	at org.apache.maven.surefire.booter.ForkedBooter.main(ForkedBooter.java:103)
</error>
    <system-out><![CDATA[17:41:08,411 |-INFO in ch.qos.logback.classic.LoggerContext[default] - Could NOT find resource [logback.groovy]
17:41:08,412 |-INFO in ch.qos.logback.classic.LoggerContext[default] - Could NOT find resource [logback-test.xml]
17:41:08,412 |-INFO in ch.qos.logback.classic.LoggerContext[default] - Found resource [logback.xml] at [file:/Users/wulonghui/work/unified_cashier/intergration/target/test-classes/logback.xml]
17:41:08,413 |-WARN in ch.qos.logback.classic.LoggerContext[default] - Resource [logback.xml] occurs multiple times on the classpath.
17:41:08,414 |-WARN in ch.qos.logback.classic.LoggerContext[default] - Resource [logback.xml] occurs at [file:/Users/wulonghui/work/unified_cashier/intergration/target/test-classes/logback.xml]
17:41:08,414 |-WARN in ch.qos.logback.classic.LoggerContext[default] - Resource [logback.xml] occurs at [jar:file:/Users/wulonghui/.m2/repository/com/youzan/NSQ-Client/2.3.20170406-RELEASE/NSQ-Client-2.3.20170406-RELEASE.jar!/logback.xml]
17:41:08,748 |-INFO in ch.qos.logback.classic.joran.action.ConfigurationAction - debug attribute not set
17:41:08,753 |-INFO in ch.qos.logback.classic.joran.action.ConfigurationAction - Setting ReconfigureOnChangeFilter scanning period to 5 seconds
17:41:08,753 |-INFO in ReconfigureOnChangeFilter{invocationCounter=0} - Will scan for changes in [[/Users/wulonghui/work/unified_cashier/intergration/target/test-classes/logback.xml]] every 5 seconds. 
17:41:08,753 |-INFO in ch.qos.logback.classic.joran.action.ConfigurationAction - Adding ReconfigureOnChangeFilter as a turbo filter
17:41:08,755 |-INFO in ch.qos.logback.classic.joran.action.JMXConfiguratorAction - begin
17:41:08,920 |-INFO in ch.qos.logback.core.joran.action.AppenderAction - About to instantiate appender of type [ch.qos.logback.core.ConsoleAppender]
17:41:08,927 |-INFO in ch.qos.logback.core.joran.action.AppenderAction - Naming appender as [STDOUT]
17:41:08,962 |-INFO in ch.qos.logback.core.joran.action.NestedComplexPropertyIA - Assuming default type [ch.qos.logback.classic.encoder.PatternLayoutEncoder] for [encoder] property
17:41:09,168 |-INFO in ch.qos.logback.core.joran.action.AppenderAction - About to instantiate appender of type [ch.qos.logback.core.rolling.RollingFileAppender]
17:41:09,179 |-INFO in ch.qos.logback.core.joran.action.AppenderAction - Naming appender as [ERROR_APPENDER]
17:41:09,242 |-INFO in c.q.l.core.rolling.TimeBasedRollingPolicy - Will use gz compression
17:41:09,248 |-INFO in c.q.l.core.rolling.TimeBasedRollingPolicy - Will use the pattern /data/logs/pay-ucashier/%d{yyyy-MM-dd}/error-%d{yyyy-MM-dd}-%i.log for the active file
17:41:09,257 |-INFO in ch.qos.logback.core.rolling.SizeAndTimeBasedFNATP@5b989dc7 - The date pattern is 'yyyy-MM-dd' from file name pattern '/data/logs/pay-ucashier/%d{yyyy-MM-dd}/error-%d{yyyy-MM-dd}-%i.log.gz'.
17:41:09,257 |-INFO in ch.qos.logback.core.rolling.SizeAndTimeBasedFNATP@5b989dc7 - Roll-over at midnight.
17:41:09,261 |-INFO in ch.qos.logback.core.rolling.SizeAndTimeBasedFNATP@5b989dc7 - Setting initial period to Mon Aug 21 19:29:57 CST 2017
17:41:09,275 |-INFO in ch.qos.logback.core.joran.action.NestedComplexPropertyIA - Assuming default type [ch.qos.logback.classic.encoder.PatternLayoutEncoder] for [encoder] property
17:41:09,280 |-INFO in ch.qos.logback.core.rolling.RollingFileAppender[ERROR_APPENDER] - Active log file name: /data/logs/pay-ucashier/error.log
17:41:09,280 |-INFO in ch.qos.logback.core.rolling.RollingFileAppender[ERROR_APPENDER] - File property is set to [/data/logs/pay-ucashier/error.log]
17:41:09,283 |-INFO in ch.qos.logback.core.joran.action.AppenderAction - About to instantiate appender of type [ch.qos.logback.core.rolling.RollingFileAppender]
17:41:09,283 |-INFO in ch.qos.logback.core.joran.action.AppenderAction - Naming appender as [DUBBO]
17:41:09,287 |-INFO in c.q.l.core.rolling.TimeBasedRollingPolicy - Will use gz compression
17:41:09,287 |-INFO in c.q.l.core.rolling.TimeBasedRollingPolicy - Will use the pattern /data/logs/pay-ucashier/%d{yyyy-MM-dd}/dubbo-%d{yyyy-MM-dd}-%i.log for the active file
17:41:09,288 |-INFO in ch.qos.logback.core.rolling.SizeAndTimeBasedFNATP@70d8de - The date pattern is 'yyyy-MM-dd' from file name pattern '/data/logs/pay-ucashier/%d{yyyy-MM-dd}/dubbo-%d{yyyy-MM-dd}-%i.log.gz'.
17:41:09,288 |-INFO in ch.qos.logback.core.rolling.SizeAndTimeBasedFNATP@70d8de - Roll-over at midnight.
17:41:09,288 |-INFO in ch.qos.logback.core.rolling.SizeAndTimeBasedFNATP@70d8de - Setting initial period to Mon Aug 21 19:29:58 CST 2017
17:41:09,290 |-INFO in ch.qos.logback.core.joran.action.NestedComplexPropertyIA - Assuming default type [ch.qos.logback.classic.encoder.PatternLayoutEncoder] for [encoder] property
17:41:09,291 |-INFO in ch.qos.logback.core.rolling.RollingFileAppender[DUBBO] - Active log file name: /data/logs/pay-ucashier/dubbo.log
17:41:09,291 |-INFO in ch.qos.logback.core.rolling.RollingFileAppender[DUBBO] - File property is set to [/data/logs/pay-ucashier/dubbo.log]
17:41:09,291 |-INFO in ch.qos.logback.core.joran.action.AppenderAction - About to instantiate appender of type [ch.qos.logback.core.rolling.RollingFileAppender]
17:41:09,292 |-INFO in ch.qos.logback.core.joran.action.AppenderAction - Naming appender as [NOVA]
17:41:09,295 |-INFO in c.q.l.core.rolling.TimeBasedRollingPolicy - Will use gz compression
17:41:09,295 |-INFO in c.q.l.core.rolling.TimeBasedRollingPolicy - Will use the pattern /data/logs/pay-ucashier/%d{yyyy-MM-dd}/nova-%d{yyyy-MM-dd}-%i.log for the active file
17:41:09,296 |-INFO in ch.qos.logback.core.rolling.SizeAndTimeBasedFNATP@42561fba - The date pattern is 'yyyy-MM-dd' from file name pattern '/data/logs/pay-ucashier/%d{yyyy-MM-dd}/nova-%d{yyyy-MM-dd}-%i.log.gz'.
17:41:09,296 |-INFO in ch.qos.logback.core.rolling.SizeAndTimeBasedFNATP@42561fba - Roll-over at midnight.
17:41:09,297 |-INFO in ch.qos.logback.core.rolling.SizeAndTimeBasedFNATP@42561fba - Setting initial period to Mon Aug 21 19:29:57 CST 2017
17:41:09,297 |-INFO in ch.qos.logback.core.joran.action.NestedComplexPropertyIA - Assuming default type [ch.qos.logback.classic.encoder.PatternLayoutEncoder] for [encoder] property
17:41:09,298 |-INFO in ch.qos.logback.core.rolling.RollingFileAppender[NOVA] - Active log file name: /data/logs/pay-ucashier/nova.log
17:41:09,298 |-INFO in ch.qos.logback.core.rolling.RollingFileAppender[NOVA] - File property is set to [/data/logs/pay-ucashier/nova.log]
17:41:09,299 |-INFO in ch.qos.logback.core.joran.action.AppenderAction - About to instantiate appender of type [ch.qos.logback.core.rolling.RollingFileAppender]
17:41:09,300 |-INFO in ch.qos.logback.core.joran.action.AppenderAction - Naming appender as [ROOT]
17:41:09,302 |-INFO in c.q.l.core.rolling.TimeBasedRollingPolicy - Will use gz compression
17:41:09,306 |-INFO in c.q.l.core.rolling.TimeBasedRollingPolicy - Will use the pattern /data/logs/pay-ucashier/%d{yyyy-MM-dd}/root-%d{yyyy-MM-dd}-%i.log for the active file
17:41:09,311 |-INFO in ch.qos.logback.core.rolling.SizeAndTimeBasedFNATP@595f4da5 - The date pattern is 'yyyy-MM-dd' from file name pattern '/data/logs/pay-ucashier/%d{yyyy-MM-dd}/root-%d{yyyy-MM-dd}-%i.log.gz'.
17:41:09,311 |-INFO in ch.qos.logback.core.rolling.SizeAndTimeBasedFNATP@595f4da5 - Roll-over at midnight.
17:41:09,312 |-INFO in ch.qos.logback.core.rolling.SizeAndTimeBasedFNATP@595f4da5 - Setting initial period to Thu Aug 24 11:45:56 CST 2017
17:41:09,315 |-INFO in ch.qos.logback.core.joran.action.NestedComplexPropertyIA - Assuming default type [ch.qos.logback.classic.encoder.PatternLayoutEncoder] for [encoder] property
17:41:09,318 |-INFO in ch.qos.logback.core.rolling.RollingFileAppender[ROOT] - Active log file name: /data/logs/pay-ucashier/root.log
17:41:09,318 |-INFO in ch.qos.logback.core.rolling.RollingFileAppender[ROOT] - File property is set to [/data/logs/pay-ucashier/root.log]
17:41:09,318 |-INFO in ch.qos.logback.core.joran.action.AppenderAction - About to instantiate appender of type [ch.qos.logback.core.rolling.RollingFileAppender]
17:41:09,318 |-INFO in ch.qos.logback.core.joran.action.AppenderAction - Naming appender as [SQL]
17:41:09,320 |-INFO in c.q.l.core.rolling.TimeBasedRollingPolicy - Will use gz compression
17:41:09,322 |-INFO in c.q.l.core.rolling.TimeBasedRollingPolicy - Will use the pattern /data/logs/pay-ucashier/%d{yyyy-MM-dd}/sql-%d{yyyy-MM-dd}-%i.log for the active file
17:41:09,323 |-INFO in ch.qos.logback.core.rolling.SizeAndTimeBasedFNATP@46b695ec - The date pattern is 'yyyy-MM-dd' from file name pattern '/data/logs/pay-ucashier/%d{yyyy-MM-dd}/sql-%d{yyyy-MM-dd}-%i.log.gz'.
17:41:09,323 |-INFO in ch.qos.logback.core.rolling.SizeAndTimeBasedFNATP@46b695ec - Roll-over at midnight.
17:41:09,323 |-INFO in ch.qos.logback.core.rolling.SizeAndTimeBasedFNATP@46b695ec - Setting initial period to Mon Aug 21 19:29:57 CST 2017
17:41:09,323 |-INFO in ch.qos.logback.core.joran.action.NestedComplexPropertyIA - Assuming default type [ch.qos.logback.classic.encoder.PatternLayoutEncoder] for [encoder] property
17:41:09,326 |-INFO in ch.qos.logback.core.rolling.RollingFileAppender[SQL] - Active log file name: /data/logs/pay-ucashier/sql.log
17:41:09,326 |-INFO in ch.qos.logback.core.rolling.RollingFileAppender[SQL] - File property is set to [/data/logs/pay-ucashier/sql.log]
17:41:09,327 |-INFO in ch.qos.logback.core.joran.action.AppenderAction - About to instantiate appender of type [com.youzan.track.appender.TrackAppender]
17:41:09,433 |-INFO in ch.qos.logback.core.joran.action.AppenderAction - Naming appender as [TRACK]
17:41:09,639 |-INFO in ch.qos.logback.core.joran.action.AppenderAction - About to instantiate appender of type [ch.qos.logback.core.rolling.RollingFileAppender]
17:41:09,639 |-INFO in ch.qos.logback.core.joran.action.AppenderAction - Naming appender as [API_IMPL]
17:41:09,643 |-INFO in c.q.l.core.rolling.TimeBasedRollingPolicy - Will use gz compression
17:41:09,644 |-INFO in c.q.l.core.rolling.TimeBasedRollingPolicy - Will use the pattern /data/logs/pay-ucashier/%d{yyyy-MM-dd}/api_impl-%d{yyyy-MM-dd}-%i.log for the active file
17:41:09,647 |-INFO in ch.qos.logback.core.rolling.SizeAndTimeBasedFNATP@408613cc - The date pattern is 'yyyy-MM-dd' from file name pattern '/data/logs/pay-ucashier/%d{yyyy-MM-dd}/api_impl-%d{yyyy-MM-dd}-%i.log.gz'.
17:41:09,647 |-INFO in ch.qos.logback.core.rolling.SizeAndTimeBasedFNATP@408613cc - Roll-over at midnight.
17:41:09,647 |-INFO in ch.qos.logback.core.rolling.SizeAndTimeBasedFNATP@408613cc - Setting initial period to Mon Aug 21 19:29:57 CST 2017
17:41:09,650 |-INFO in ch.qos.logback.core.joran.action.NestedComplexPropertyIA - Assuming default type [ch.qos.logback.classic.encoder.PatternLayoutEncoder] for [encoder] property
17:41:09,652 |-INFO in ch.qos.logback.core.rolling.RollingFileAppender[API_IMPL] - Active log file name: /data/logs/pay-ucashier/api_impl.log
17:41:09,652 |-INFO in ch.qos.logback.core.rolling.RollingFileAppender[API_IMPL] - File property is set to [/data/logs/pay-ucashier/api_impl.log]
17:41:09,655 |-INFO in ch.qos.logback.core.joran.action.AppenderAction - About to instantiate appender of type [ch.qos.logback.core.rolling.RollingFileAppender]
17:41:09,655 |-INFO in ch.qos.logback.core.joran.action.AppenderAction - Naming appender as [BIZ_SHARED]
17:41:09,657 |-INFO in c.q.l.core.rolling.TimeBasedRollingPolicy - Will use gz compression
17:41:09,657 |-INFO in c.q.l.core.rolling.TimeBasedRollingPolicy - Will use the pattern /data/logs/pay-ucashier/%d{yyyy-MM-dd}/biz_shared-%d{yyyy-MM-dd}-%i.log for the active file
17:41:09,658 |-INFO in ch.qos.logback.core.rolling.SizeAndTimeBasedFNATP@325f7fa9 - The date pattern is 'yyyy-MM-dd' from file name pattern '/data/logs/pay-ucashier/%d{yyyy-MM-dd}/biz_shared-%d{yyyy-MM-dd}-%i.log.gz'.
17:41:09,658 |-INFO in ch.qos.logback.core.rolling.SizeAndTimeBasedFNATP@325f7fa9 - Roll-over at midnight.
17:41:09,659 |-INFO in ch.qos.logback.core.rolling.SizeAndTimeBasedFNATP@325f7fa9 - Setting initial period to Wed Mar 15 17:59:03 CST 2017
17:41:09,664 |-INFO in ch.qos.logback.core.joran.action.NestedComplexPropertyIA - Assuming default type [ch.qos.logback.classic.encoder.PatternLayoutEncoder] for [encoder] property
17:41:09,665 |-INFO in ch.qos.logback.core.rolling.RollingFileAppender[BIZ_SHARED] - Active log file name: /data/logs/pay-ucashier/biz_shared.log
17:41:09,665 |-INFO in ch.qos.logback.core.rolling.RollingFileAppender[BIZ_SHARED] - File property is set to [/data/logs/pay-ucashier/biz_shared.log]
17:41:09,665 |-INFO in ch.qos.logback.core.joran.action.AppenderAction - About to instantiate appender of type [ch.qos.logback.core.rolling.RollingFileAppender]
17:41:09,665 |-INFO in ch.qos.logback.core.joran.action.AppenderAction - Naming appender as [COMMON_SERVICE_INTERGRATION]
17:41:09,667 |-INFO in c.q.l.core.rolling.TimeBasedRollingPolicy - Will use gz compression
17:41:09,668 |-INFO in c.q.l.core.rolling.TimeBasedRollingPolicy - Will use the pattern /data/logs/pay-ucashier/%d{yyyy-MM-dd}/common_service_intergration-%d{yyyy-MM-dd}-%i.log for the active file
17:41:09,668 |-INFO in ch.qos.logback.core.rolling.SizeAndTimeBasedFNATP@11ce2e22 - The date pattern is 'yyyy-MM-dd' from file name pattern '/data/logs/pay-ucashier/%d{yyyy-MM-dd}/common_service_intergration-%d{yyyy-MM-dd}-%i.log.gz'.
17:41:09,668 |-INFO in ch.qos.logback.core.rolling.SizeAndTimeBasedFNATP@11ce2e22 - Roll-over at midnight.
17:41:09,669 |-INFO in ch.qos.logback.core.rolling.SizeAndTimeBasedFNATP@11ce2e22 - Setting initial period to Sat Jun 24 21:35:44 CST 2017
17:41:09,672 |-INFO in ch.qos.logback.core.joran.action.NestedComplexPropertyIA - Assuming default type [ch.qos.logback.classic.encoder.PatternLayoutEncoder] for [encoder] property
17:41:09,674 |-INFO in ch.qos.logback.core.rolling.RollingFileAppender[COMMON_SERVICE_INTERGRATION] - Active log file name: /data/logs/pay-ucashier/common_service_intergration.log
17:41:09,674 |-INFO in ch.qos.logback.core.rolling.RollingFileAppender[COMMON_SERVICE_INTERGRATION] - File property is set to [/data/logs/pay-ucashier/common_service_intergration.log]
17:41:09,674 |-INFO in ch.qos.logback.core.joran.action.AppenderAction - About to instantiate appender of type [ch.qos.logback.core.rolling.RollingFileAppender]
17:41:09,674 |-INFO in ch.qos.logback.core.joran.action.AppenderAction - Naming appender as [CORE_SERVICE]
17:41:09,676 |-INFO in c.q.l.core.rolling.TimeBasedRollingPolicy - Will use gz compression
17:41:09,676 |-INFO in c.q.l.core.rolling.TimeBasedRollingPolicy - Will use the pattern /data/logs/pay-ucashier/%d{yyyy-MM-dd}/core_service-%d{yyyy-MM-dd}-%i.log for the active file
17:41:09,677 |-INFO in ch.qos.logback.core.rolling.SizeAndTimeBasedFNATP@63a5d002 - The date pattern is 'yyyy-MM-dd' from file name pattern '/data/logs/pay-ucashier/%d{yyyy-MM-dd}/core_service-%d{yyyy-MM-dd}-%i.log.gz'.
17:41:09,677 |-INFO in ch.qos.logback.core.rolling.SizeAndTimeBasedFNATP@63a5d002 - Roll-over at midnight.
17:41:09,677 |-INFO in ch.qos.logback.core.rolling.SizeAndTimeBasedFNATP@63a5d002 - Setting initial period to Wed Mar 15 17:59:03 CST 2017
17:41:09,679 |-INFO in ch.qos.logback.core.joran.action.NestedComplexPropertyIA - Assuming default type [ch.qos.logback.classic.encoder.PatternLayoutEncoder] for [encoder] property
17:41:09,680 |-INFO in ch.qos.logback.core.rolling.RollingFileAppender[CORE_SERVICE] - Active log file name: /data/logs/pay-ucashier/core_service.log
17:41:09,680 |-INFO in ch.qos.logback.core.rolling.RollingFileAppender[CORE_SERVICE] - File property is set to [/data/logs/pay-ucashier/core_service.log]
17:41:09,681 |-INFO in ch.qos.logback.classic.joran.action.LoggerAction - Setting additivity of logger [com.alibaba.dubbo] to false
17:41:09,682 |-INFO in ch.qos.logback.classic.joran.action.LevelAction - com.alibaba.dubbo level set to DEBUG
17:41:09,682 |-INFO in ch.qos.logback.core.joran.action.AppenderRefAction - Attaching appender named [STDOUT] to Logger[com.alibaba.dubbo]
17:41:09,684 |-INFO in ch.qos.logback.classic.joran.action.LoggerAction - Setting additivity of logger [druid.sql.Statement] to false
17:41:09,684 |-INFO in ch.qos.logback.classic.joran.action.LevelAction - druid.sql.Statement level set to DEBUG
17:41:09,684 |-INFO in ch.qos.logback.core.joran.action.AppenderRefAction - Attaching appender named [STDOUT] to Logger[druid.sql.Statement]
17:41:09,684 |-INFO in ch.qos.logback.classic.joran.action.LoggerAction - Setting additivity of logger [com.youzan.nova.framework.ibatis.SqlMonitorManager] to false
17:41:09,684 |-INFO in ch.qos.logback.classic.joran.action.LevelAction - com.youzan.nova.framework.ibatis.SqlMonitorManager level set to INFO
17:41:09,684 |-INFO in ch.qos.logback.core.joran.action.AppenderRefAction - Attaching appender named [STDOUT] to Logger[com.youzan.nova.framework.ibatis.SqlMonitorManager]
17:41:09,685 |-INFO in ch.qos.logback.classic.joran.action.LoggerAction - Setting additivity of logger [com.youzan.nova] to false
17:41:09,685 |-INFO in ch.qos.logback.classic.joran.action.LevelAction - com.youzan.nova level set to DEBUG
17:41:09,685 |-INFO in ch.qos.logback.core.joran.action.AppenderRefAction - Attaching appender named [STDOUT] to Logger[com.youzan.nova]
17:41:09,685 |-INFO in ch.qos.logback.classic.joran.action.LoggerAction - Setting additivity of logger [com.youzan.platform] to false
17:41:09,685 |-INFO in ch.qos.logback.classic.joran.action.LevelAction - com.youzan.platform level set to DEBUG
17:41:09,685 |-INFO in ch.qos.logback.core.joran.action.AppenderRefAction - Attaching appender named [STDOUT] to Logger[com.youzan.platform]
17:41:09,685 |-INFO in ch.qos.logback.classic.joran.action.LoggerAction - Setting additivity of logger [com.youzan.pay.unified.cashier.api.impl] to false
17:41:09,685 |-INFO in ch.qos.logback.core.joran.action.AppenderRefAction - Attaching appender named [STDOUT] to Logger[com.youzan.pay.unified.cashier.api.impl]
17:41:09,685 |-INFO in ch.qos.logback.classic.joran.action.LoggerAction - Setting additivity of logger [com.youzan.pay.unified.cashier.intergration] to false
17:41:09,685 |-INFO in ch.qos.logback.classic.joran.action.LevelAction - com.youzan.pay.unified.cashier.intergration level set to INFO
17:41:09,685 |-INFO in ch.qos.logback.core.joran.action.AppenderRefAction - Attaching appender named [STDOUT] to Logger[com.youzan.pay.unified.cashier.intergration]
17:41:09,685 |-INFO in ch.qos.logback.classic.joran.action.LoggerAction - Setting additivity of logger [com.youzan.pay.unified.cashier.service] to false
17:41:09,685 |-INFO in ch.qos.logback.classic.joran.action.LevelAction - com.youzan.pay.unified.cashier.service level set to INFO
17:41:09,685 |-INFO in ch.qos.logback.core.joran.action.AppenderRefAction - Attaching appender named [STDOUT] to Logger[com.youzan.pay.unified.cashier.service]
17:41:09,685 |-INFO in ch.qos.logback.classic.joran.action.RootLoggerAction - Setting level of ROOT logger to DEBUG
17:41:09,686 |-INFO in ch.qos.logback.core.joran.action.AppenderRefAction - Attaching appender named [ROOT] to Logger[ROOT]
17:41:09,686 |-INFO in ch.qos.logback.core.joran.action.AppenderRefAction - Attaching appender named [STDOUT] to Logger[ROOT]
17:41:09,686 |-INFO in ch.qos.logback.classic.joran.action.ConfigurationAction - End of configuration.
17:41:09,686 |-INFO in ch.qos.logback.classic.joran.JoranConfigurator@13cda7c9 - Registering current configuration as safe fallback point

2017-08-28 17:41:09.992 [main] DEBUG o.s.test.context.junit4.SpringJUnit4ClassRunner - SpringJUnit4ClassRunner constructor called with [class com.youzan.pay.unified.cashier.intergration.client.AssetCenterUnifiedPayServiceClientTest].
2017-08-28 17:41:10.191 [main] DEBUG o.s.t.c.support.AbstractDelegatingSmartContextLoader - Delegating to GenericXmlContextLoader to process context configuration [ContextConfigurationAttributes@3b9632d1 declaringClass = 'com.youzan.pay.unified.cashier.intergration.BaseTest', classes = '{}', locations = '{classpath*:META-INF/spring/*.xml}', inheritLocations = true, initializers = '{}', inheritInitializers = true, name = [null], contextLoaderClass = 'org.springframework.test.context.ContextLoader'].
2017-08-28 17:41:10.194 [main] DEBUG org.springframework.test.context.ContextLoaderUtils - Could not find an 'annotation declaring class' for annotation type [org.springframework.test.context.ActiveProfiles] and class [com.youzan.pay.unified.cashier.intergration.client.AssetCenterUnifiedPayServiceClientTest]
2017-08-28 17:41:10.197 [main] DEBUG org.springframework.test.context.TestContextManager - @TestExecutionListeners is not present for class [com.youzan.pay.unified.cashier.intergration.client.AssetCenterUnifiedPayServiceClientTest]: using defaults.
2017-08-28 17:41:10.269 [main] DEBUG o.s.test.context.junit4.SpringJUnit4ClassRunner - SpringJUnit4ClassRunner constructor called with [class com.youzan.pay.unified.cashier.intergration.client.ChannelBankCardServiceClientTest].
2017-08-28 17:41:10.270 [main] DEBUG o.s.t.c.support.AbstractDelegatingSmartContextLoader - Delegating to GenericXmlContextLoader to process context configuration [ContextConfigurationAttributes@7dd611c8 declaringClass = 'com.youzan.pay.unified.cashier.intergration.BaseTest', classes = '{}', locations = '{classpath*:META-INF/spring/*.xml}', inheritLocations = true, initializers = '{}', inheritInitializers = true, name = [null], contextLoaderClass = 'org.springframework.test.context.ContextLoader'].
2017-08-28 17:41:10.271 [main] DEBUG org.springframework.test.context.ContextLoaderUtils - Could not find an 'annotation declaring class' for annotation type [org.springframework.test.context.ActiveProfiles] and class [com.youzan.pay.unified.cashier.intergration.client.ChannelBankCardServiceClientTest]
2017-08-28 17:41:10.271 [main] DEBUG org.springframework.test.context.TestContextManager - @TestExecutionListeners is not present for class [com.youzan.pay.unified.cashier.intergration.client.ChannelBankCardServiceClientTest]: using defaults.
2017-08-28 17:41:10.304 [main] DEBUG o.s.test.context.junit4.SpringJUnit4ClassRunner - SpringJUnit4ClassRunner constructor called with [class com.youzan.pay.unified.cashier.intergration.client.MerchantBankCardServiceClientTest].
2017-08-28 17:41:10.305 [main] DEBUG o.s.t.c.support.AbstractDelegatingSmartContextLoader - Delegating to GenericXmlContextLoader to process context configuration [ContextConfigurationAttributes@14b7786 declaringClass = 'com.youzan.pay.unified.cashier.intergration.BaseTest', classes = '{}', locations = '{classpath*:META-INF/spring/*.xml}', inheritLocations = true, initializers = '{}', inheritInitializers = true, name = [null], contextLoaderClass = 'org.springframework.test.context.ContextLoader'].
2017-08-28 17:41:10.306 [main] DEBUG org.springframework.test.context.ContextLoaderUtils - Could not find an 'annotation declaring class' for annotation type [org.springframework.test.context.ActiveProfiles] and class [com.youzan.pay.unified.cashier.intergration.client.MerchantBankCardServiceClientTest]
2017-08-28 17:41:10.306 [main] DEBUG org.springframework.test.context.TestContextManager - @TestExecutionListeners is not present for class [com.youzan.pay.unified.cashier.intergration.client.MerchantBankCardServiceClientTest]: using defaults.
2017-08-28 17:41:10.318 [main] DEBUG o.s.test.context.junit4.SpringJUnit4ClassRunner - SpringJUnit4ClassRunner constructor called with [class com.youzan.pay.unified.cashier.intergration.client.QueryPayToolConfigServiceClietTest].
2017-08-28 17:41:10.319 [main] DEBUG o.s.t.c.support.AbstractDelegatingSmartContextLoader - Delegating to GenericXmlContextLoader to process context configuration [ContextConfigurationAttributes@77ec6a3d declaringClass = 'com.youzan.pay.unified.cashier.intergration.BaseTest', classes = '{}', locations = '{classpath*:META-INF/spring/*.xml}', inheritLocations = true, initializers = '{}', inheritInitializers = true, name = [null], contextLoaderClass = 'org.springframework.test.context.ContextLoader'].
2017-08-28 17:41:10.323 [main] DEBUG org.springframework.test.context.ContextLoaderUtils - Could not find an 'annotation declaring class' for annotation type [org.springframework.test.context.ActiveProfiles] and class [com.youzan.pay.unified.cashier.intergration.client.QueryPayToolConfigServiceClietTest]
2017-08-28 17:41:10.353 [main] DEBUG org.springframework.test.context.TestContextManager - @TestExecutionListeners is not present for class [com.youzan.pay.unified.cashier.intergration.client.QueryPayToolConfigServiceClietTest]: using defaults.
2017-08-28 17:41:10.369 [main] DEBUG o.s.test.context.junit4.SpringJUnit4ClassRunner - SpringJUnit4ClassRunner constructor called with [class com.youzan.pay.unified.cashier.intergration.client.UserMerchantServiceClientTest].
2017-08-28 17:41:10.373 [main] DEBUG o.s.t.c.support.AbstractDelegatingSmartContextLoader - Delegating to GenericXmlContextLoader to process context configuration [ContextConfigurationAttributes@36bf84e declaringClass = 'com.youzan.pay.unified.cashier.intergration.BaseTest', classes = '{}', locations = '{classpath*:META-INF/spring/*.xml}', inheritLocations = true, initializers = '{}', inheritInitializers = true, name = [null], contextLoaderClass = 'org.springframework.test.context.ContextLoader'].
2017-08-28 17:41:10.376 [main] DEBUG org.springframework.test.context.ContextLoaderUtils - Could not find an 'annotation declaring class' for annotation type [org.springframework.test.context.ActiveProfiles] and class [com.youzan.pay.unified.cashier.intergration.client.UserMerchantServiceClientTest]
2017-08-28 17:41:10.376 [main] DEBUG org.springframework.test.context.TestContextManager - @TestExecutionListeners is not present for class [com.youzan.pay.unified.cashier.intergration.client.UserMerchantServiceClientTest]: using defaults.
2017-08-28 17:41:10.403 [main] DEBUG org.springframework.test.annotation.ProfileValueUtils - Retrieved @ProfileValueSourceConfiguration [null] for test class [com.youzan.pay.unified.cashier.intergration.client.AssetCenterUnifiedPayServiceClientTest]
2017-08-28 17:41:10.408 [main] DEBUG org.springframework.test.annotation.ProfileValueUtils - Retrieved ProfileValueSource type [class org.springframework.test.annotation.SystemProfileValueSource] for class [com.youzan.pay.unified.cashier.intergration.client.AssetCenterUnifiedPayServiceClientTest]
2017-08-28 17:41:10.409 [main] DEBUG org.springframework.test.annotation.ProfileValueUtils - Retrieved @ProfileValueSourceConfiguration [null] for test class [com.youzan.pay.unified.cashier.intergration.client.ChannelBankCardServiceClientTest]
2017-08-28 17:41:10.410 [main] DEBUG org.springframework.test.annotation.ProfileValueUtils - Retrieved ProfileValueSource type [class org.springframework.test.annotation.SystemProfileValueSource] for class [com.youzan.pay.unified.cashier.intergration.client.ChannelBankCardServiceClientTest]
2017-08-28 17:41:10.417 [main] DEBUG org.springframework.test.annotation.ProfileValueUtils - Retrieved @ProfileValueSourceConfiguration [null] for test class [com.youzan.pay.unified.cashier.intergration.client.MerchantBankCardServiceClientTest]
2017-08-28 17:41:10.419 [main] DEBUG org.springframework.test.annotation.ProfileValueUtils - Retrieved ProfileValueSource type [class org.springframework.test.annotation.SystemProfileValueSource] for class [com.youzan.pay.unified.cashier.intergration.client.MerchantBankCardServiceClientTest]
2017-08-28 17:41:10.425 [main] DEBUG org.springframework.test.annotation.ProfileValueUtils - Retrieved @ProfileValueSourceConfiguration [null] for test class [com.youzan.pay.unified.cashier.intergration.client.QueryPayToolConfigServiceClietTest]
2017-08-28 17:41:10.427 [main] DEBUG org.springframework.test.annotation.ProfileValueUtils - Retrieved ProfileValueSource type [class org.springframework.test.annotation.SystemProfileValueSource] for class [com.youzan.pay.unified.cashier.intergration.client.QueryPayToolConfigServiceClietTest]
2017-08-28 17:41:10.428 [main] DEBUG org.springframework.test.annotation.ProfileValueUtils - Retrieved @ProfileValueSourceConfiguration [null] for test class [com.youzan.pay.unified.cashier.intergration.client.UserMerchantServiceClientTest]
2017-08-28 17:41:10.430 [main] DEBUG org.springframework.test.annotation.ProfileValueUtils - Retrieved ProfileValueSource type [class org.springframework.test.annotation.SystemProfileValueSource] for class [com.youzan.pay.unified.cashier.intergration.client.UserMerchantServiceClientTest]
2017-08-28 17:41:10.447 [main] DEBUG o.s.test.context.junit4.SpringJUnit4ClassRunner - SpringJUnit4ClassRunner constructor called with [class com.youzan.pay.unified.cashier.intergration.client.AssetCenterUnifiedPayServiceClientTest].
2017-08-28 17:41:10.451 [main] DEBUG o.s.t.c.support.AbstractDelegatingSmartContextLoader - Delegating to GenericXmlContextLoader to process context configuration [ContextConfigurationAttributes@4d3ca6c7 declaringClass = 'com.youzan.pay.unified.cashier.intergration.BaseTest', classes = '{}', locations = '{classpath*:META-INF/spring/*.xml}', inheritLocations = true, initializers = '{}', inheritInitializers = true, name = [null], contextLoaderClass = 'org.springframework.test.context.ContextLoader'].
2017-08-28 17:41:10.457 [main] DEBUG org.springframework.test.context.ContextLoaderUtils - Could not find an 'annotation declaring class' for annotation type [org.springframework.test.context.ActiveProfiles] and class [com.youzan.pay.unified.cashier.intergration.client.AssetCenterUnifiedPayServiceClientTest]
2017-08-28 17:41:10.459 [main] DEBUG org.springframework.test.context.TestContextManager - @TestExecutionListeners is not present for class [com.youzan.pay.unified.cashier.intergration.client.AssetCenterUnifiedPayServiceClientTest]: using defaults.
2017-08-28 17:41:10.462 [main] DEBUG org.springframework.test.annotation.ProfileValueUtils - Retrieved @ProfileValueSourceConfiguration [null] for test class [com.youzan.pay.unified.cashier.intergration.client.AssetCenterUnifiedPayServiceClientTest]
2017-08-28 17:41:10.469 [main] DEBUG org.springframework.test.annotation.ProfileValueUtils - Retrieved ProfileValueSource type [class org.springframework.test.annotation.SystemProfileValueSource] for class [com.youzan.pay.unified.cashier.intergration.client.AssetCenterUnifiedPayServiceClientTest]
2017-08-28 17:41:10.480 [main] DEBUG org.springframework.test.annotation.ProfileValueUtils - Retrieved @ProfileValueSourceConfiguration [null] for test class [com.youzan.pay.unified.cashier.intergration.client.AssetCenterUnifiedPayServiceClientTest]
2017-08-28 17:41:10.482 [main] DEBUG org.springframework.test.annotation.ProfileValueUtils - Retrieved ProfileValueSource type [class org.springframework.test.annotation.SystemProfileValueSource] for class [com.youzan.pay.unified.cashier.intergration.client.AssetCenterUnifiedPayServiceClientTest]
2017-08-28 17:41:10.531 [main] DEBUG org.springframework.test.annotation.ProfileValueUtils - Retrieved @ProfileValueSourceConfiguration [null] for test class [com.youzan.pay.unified.cashier.intergration.client.AssetCenterUnifiedPayServiceClientTest]
2017-08-28 17:41:10.544 [main] DEBUG org.springframework.test.annotation.ProfileValueUtils - Retrieved ProfileValueSource type [class org.springframework.test.annotation.SystemProfileValueSource] for class [com.youzan.pay.unified.cashier.intergration.client.AssetCenterUnifiedPayServiceClientTest]
2017-08-28 17:41:10.555 [main] DEBUG o.s.t.c.support.DependencyInjectionTestExecutionListener - Performing dependency injection for test context [[TestContext@1894e40d testClass = AssetCenterUnifiedPayServiceClientTest, testInstance = com.youzan.pay.unified.cashier.intergration.client.AssetCenterUnifiedPayServiceClientTest@21c815e4, testMethod = [null], testException = [null], mergedContextConfiguration = [MergedContextConfiguration@7342e05d testClass = AssetCenterUnifiedPayServiceClientTest, locations = '{classpath*:META-INF/spring/*.xml}', classes = '{}', contextInitializerClasses = '[]', activeProfiles = '{}', contextLoader = 'org.springframework.test.context.support.DelegatingSmartContextLoader', parent = [null]]]].
2017-08-28 17:41:10.556 [main] DEBUG o.s.t.c.support.AbstractDelegatingSmartContextLoader - Delegating to GenericXmlContextLoader to load context from [MergedContextConfiguration@7342e05d testClass = AssetCenterUnifiedPayServiceClientTest, locations = '{classpath*:META-INF/spring/*.xml}', classes = '{}', contextInitializerClasses = '[]', activeProfiles = '{}', contextLoader = 'org.springframework.test.context.support.DelegatingSmartContextLoader', parent = [null]].
2017-08-28 17:41:10.557 [main] DEBUG o.s.test.context.support.AbstractGenericContextLoader - Loading ApplicationContext for merged context configuration [[MergedContextConfiguration@7342e05d testClass = AssetCenterUnifiedPayServiceClientTest, locations = '{classpath*:META-INF/spring/*.xml}', classes = '{}', contextInitializerClasses = '[]', activeProfiles = '{}', contextLoader = 'org.springframework.test.context.support.DelegatingSmartContextLoader', parent = [null]]].
2017-08-28 17:41:10.785 [main] DEBUG org.springframework.core.env.StandardEnvironment - Adding [systemProperties] PropertySource with lowest search precedence
2017-08-28 17:41:10.787 [main] DEBUG org.springframework.core.env.StandardEnvironment - Adding [systemEnvironment] PropertySource with lowest search precedence
2017-08-28 17:41:10.788 [main] DEBUG org.springframework.core.env.StandardEnvironment - Initialized StandardEnvironment with PropertySources [systemProperties,systemEnvironment]
2017-08-28 17:41:10.828 [main] DEBUG o.s.core.io.support.PathMatchingResourcePatternResolver - Looking for matching resources in directory tree [/Users/wulonghui/work/unified_cashier/intergration/target/test-classes/META-INF/spring]
2017-08-28 17:41:10.830 [main] DEBUG o.s.core.io.support.PathMatchingResourcePatternResolver - Searching directory [/Users/wulonghui/work/unified_cashier/intergration/target/test-classes/META-INF/spring] for files matching pattern [/Users/wulonghui/work/unified_cashier/intergration/target/test-classes/META-INF/spring/*.xml]
2017-08-28 17:41:10.893 [main] DEBUG o.s.core.io.support.PathMatchingResourcePatternResolver - Looking for matching resources in directory tree [/Users/wulonghui/work/unified_cashier/intergration/target/classes/META-INF/spring]
2017-08-28 17:41:10.895 [main] DEBUG o.s.core.io.support.PathMatchingResourcePatternResolver - Searching directory [/Users/wulonghui/work/unified_cashier/intergration/target/classes/META-INF/spring] for files matching pattern [/Users/wulonghui/work/unified_cashier/intergration/target/classes/META-INF/spring/*.xml]
2017-08-28 17:41:10.899 [main] DEBUG o.s.core.io.support.PathMatchingResourcePatternResolver - Looking for matching resources in jar file [file:/Users/wulonghui/.m2/repository/com/youzan/platform/bootstrap/3.0.9-RELEASE/bootstrap-3.0.9-RELEASE.jar]
2017-08-28 17:41:10.901 [main] DEBUG o.s.core.io.support.PathMatchingResourcePatternResolver - Looking for matching resources in jar file [file:/Users/wulonghui/.m2/repository/com/youzan/nova/framework/framework-cat/1.0.7-RELEASE/framework-cat-1.0.7-RELEASE.jar]
2017-08-28 17:41:10.902 [main] DEBUG o.s.core.io.support.PathMatchingResourcePatternResolver - Resolved location pattern [classpath*:META-INF/spring/*.xml] to resources [file [/Users/wulonghui/work/unified_cashier/intergration/target/test-classes/META-INF/spring/spring-test-config.xml], file [/Users/wulonghui/work/unified_cashier/intergration/target/classes/META-INF/spring/spring-dubbo-services.xml], URL [jar:file:/Users/wulonghui/.m2/repository/com/youzan/platform/bootstrap/3.0.9-RELEASE/bootstrap-3.0.9-RELEASE.jar!/META-INF/spring/container.xml], URL [jar:file:/Users/wulonghui/.m2/repository/com/youzan/nova/framework/framework-cat/1.0.7-RELEASE/framework-cat-1.0.7-RELEASE.jar!/META-INF/spring/framework-cat-context.xml]]
2017-08-28 17:41:10.903 [main] INFO  o.s.beans.factory.xml.XmlBeanDefinitionReader - Loading XML bean definitions from file [/Users/wulonghui/work/unified_cashier/intergration/target/test-classes/META-INF/spring/spring-test-config.xml]
2017-08-28 17:41:10.923 [main] DEBUG o.s.beans.factory.xml.DefaultDocumentLoader - Using JAXP provider [com.sun.org.apache.xerces.internal.jaxp.DocumentBuilderFactoryImpl]
2017-08-28 17:41:11.042 [main] DEBUG o.s.beans.factory.xml.PluggableSchemaResolver - Loading schema mappings from [META-INF/spring.schemas]
2017-08-28 17:41:11.051 [main] DEBUG o.s.beans.factory.xml.PluggableSchemaResolver - Loaded schema mappings: {http://mybatis.org/schema/mybatis-spring-1.2.xsd=org/mybatis/spring/config/mybatis-spring-1.2.xsd, http://code.alibabatech.com/schema/dubbo/dubbo.xsd=META-INF/dubbo.xsd, http://www.springframework.org/schema/util/spring-util.xsd=org/springframework/beans/factory/xml/spring-util-3.2.xsd, http://www.springframework.org/schema/jee/spring-jee-3.2.xsd=org/springframework/ejb/config/spring-jee-3.2.xsd, http://www.springframework.org/schema/beans/spring-beans-3.1.xsd=org/springframework/beans/factory/xml/spring-beans-3.1.xsd, http://www.springframework.org/schema/task/spring-task.xsd=org/springframework/scheduling/config/spring-task-3.2.xsd, http://www.springframework.org/schema/cache/spring-cache.xsd=org/springframework/cache/config/spring-cache-3.2.xsd, http://www.springframework.org/schema/aop/spring-aop-3.0.xsd=org/springframework/aop/config/spring-aop-3.0.xsd, http://www.springframework.org/schema/aop/spring-aop-2.0.xsd=org/springframework/aop/config/spring-aop-2.0.xsd, http://www.springframework.org/schema/task/spring-task-3.1.xsd=org/springframework/scheduling/config/spring-task-3.1.xsd, http://www.springframework.org/schema/tool/spring-tool-2.5.xsd=org/springframework/beans/factory/xml/spring-tool-2.5.xsd, http://www.springframework.org/schema/beans/spring-beans.xsd=org/springframework/beans/factory/xml/spring-beans-3.2.xsd, http://www.springframework.org/schema/jee/spring-jee-2.5.xsd=org/springframework/ejb/config/spring-jee-2.5.xsd, http://www.springframework.org/schema/jdbc/spring-jdbc-3.1.xsd=org/springframework/jdbc/config/spring-jdbc-3.1.xsd, http://www.springframework.org/schema/tool/spring-tool-3.1.xsd=org/springframework/beans/factory/xml/spring-tool-3.1.xsd, http://code.alibabatech.com/schema/dubbo/nova.xsd=META-INF/nova.xsd, http://www.springframework.org/schema/aop/spring-aop.xsd=org/springframework/aop/config/spring-aop-3.2.xsd, http://www.springframework.org/schema/jee/spring-jee-3.1.xsd=org/springframework/ejb/config/spring-jee-3.1.xsd, http://www.springframework.org/schema/tx/spring-tx-3.2.xsd=org/springframework/transaction/config/spring-tx-3.2.xsd, http://www.springframework.org/schema/context/spring-context-3.2.xsd=org/springframework/context/config/spring-context-3.2.xsd, http://www.springframework.org/schema/util/spring-util-3.2.xsd=org/springframework/beans/factory/xml/spring-util-3.2.xsd, http://www.springframework.org/schema/beans/spring-beans-2.0.xsd=org/springframework/beans/factory/xml/spring-beans-2.0.xsd, http://www.springframework.org/schema/lang/spring-lang-3.2.xsd=org/springframework/scripting/config/spring-lang-3.2.xsd, http://www.springframework.org/schema/beans/spring-beans-3.0.xsd=org/springframework/beans/factory/xml/spring-beans-3.0.xsd, http://www.springframework.org/schema/cache/spring-cache-3.2.xsd=org/springframework/cache/config/spring-cache-3.2.xsd, http://www.springframework.org/schema/task/spring-task-3.0.xsd=org/springframework/scheduling/config/spring-task-3.0.xsd, http://mybatis.org/schema/mybatis-spring.xsd=org/mybatis/spring/config/mybatis-spring-1.2.xsd, http://www.springframework.org/schema/tx/spring-tx-2.5.xsd=org/springframework/transaction/config/spring-tx-2.5.xsd, http://www.springframework.org/schema/context/spring-context-2.5.xsd=org/springframework/context/config/spring-context-2.5.xsd, http://www.springframework.org/schema/jdbc/spring-jdbc-3.0.xsd=org/springframework/jdbc/config/spring-jdbc-3.0.xsd, http://www.springframework.org/schema/tool/spring-tool-3.0.xsd=org/springframework/beans/factory/xml/spring-tool-3.0.xsd, http://www.springframework.org/schema/tx/spring-tx.xsd=org/springframework/transaction/config/spring-tx-3.2.xsd, http://www.springframework.org/schema/util/spring-util-2.5.xsd=org/springframework/beans/factory/xml/spring-util-2.5.xsd, http://www.springframework.org/schema/tool/spring-tool-2.0.xsd=org/springframework/beans/factory/xml/spring-tool-2.0.xsd, http://www.springframework.org/schema/lang/spring-lang.xsd=org/springframework/scripting/config/spring-lang-3.2.xsd, http://www.springframework.org/schema/lang/spring-lang-2.5.xsd=org/springframework/scripting/config/spring-lang-2.5.xsd, http://www.springframework.org/schema/aop/spring-aop-3.2.xsd=org/springframework/aop/config/spring-aop-3.2.xsd, http://www.springframework.org/schema/jee/spring-jee-3.0.xsd=org/springframework/ejb/config/spring-jee-3.0.xsd, http://www.springframework.org/schema/tx/spring-tx-3.1.xsd=org/springframework/transaction/config/spring-tx-3.1.xsd, http://www.springframework.org/schema/jee/spring-jee-2.0.xsd=org/springframework/ejb/config/spring-jee-2.0.xsd, http://www.springframework.org/schema/context/spring-context-3.1.xsd=org/springframework/context/config/spring-context-3.1.xsd, http://www.springframework.org/schema/util/spring-util-3.1.xsd=org/springframework/beans/factory/xml/spring-util-3.1.xsd, http://www.springframework.org/schema/lang/spring-lang-3.1.xsd=org/springframework/scripting/config/spring-lang-3.1.xsd, http://www.springframework.org/schema/cache/spring-cache-3.1.xsd=org/springframework/cache/config/spring-cache-3.1.xsd, http://www.springframework.org/schema/context/spring-context.xsd=org/springframework/context/config/spring-context-3.2.xsd, http://www.springframework.org/schema/jee/spring-jee.xsd=org/springframework/ejb/config/spring-jee-3.2.xsd, http://www.youzan.com/schema/nsq/spring-nsq-1.0.1.xsd=META-INF/spring-nsq-1.0.1.xsd, http://www.springframework.org/schema/aop/spring-aop-2.5.xsd=org/springframework/aop/config/spring-aop-2.5.xsd, http://www.springframework.org/schema/jdbc/spring-jdbc.xsd=org/springframework/jdbc/config/spring-jdbc-3.2.xsd, http://www.youzan.com/schema/nsq/spring-nsq-1.0.xsd=META-INF/spring-nsq-1.0.xsd, http://www.springframework.org/schema/beans/spring-beans-3.2.xsd=org/springframework/beans/factory/xml/spring-beans-3.2.xsd, http://www.springframework.org/schema/tx/spring-tx-2.0.xsd=org/springframework/transaction/config/spring-tx-2.0.xsd, http://www.springframework.org/schema/aop/spring-aop-3.1.xsd=org/springframework/aop/config/spring-aop-3.1.xsd, http://www.springframework.org/schema/task/spring-task-3.2.xsd=org/springframework/scheduling/config/spring-task-3.2.xsd, http://www.springframework.org/schema/tx/spring-tx-3.0.xsd=org/springframework/transaction/config/spring-tx-3.0.xsd, http://www.springframework.org/schema/context/spring-context-3.0.xsd=org/springframework/context/config/spring-context-3.0.xsd, http://www.springframework.org/schema/tool/spring-tool.xsd=org/springframework/beans/factory/xml/spring-tool-3.2.xsd, http://www.youzan.com/schema/task/spring-task-1.0.xsd=META-INF/spring-task-1.0.xsd, http://www.springframework.org/schema/util/spring-util-3.0.xsd=org/springframework/beans/factory/xml/spring-util-3.0.xsd, http://www.springframework.org/schema/util/spring-util-2.0.xsd=org/springframework/beans/factory/xml/spring-util-2.0.xsd, http://www.springframework.org/schema/lang/spring-lang-3.0.xsd=org/springframework/scripting/config/spring-lang-3.0.xsd, http://www.springframework.org/schema/lang/spring-lang-2.0.xsd=org/springframework/scripting/config/spring-lang-2.0.xsd, http://www.springframework.org/schema/jdbc/spring-jdbc-3.2.xsd=org/springframework/jdbc/config/spring-jdbc-3.2.xsd, http://www.springframework.org/schema/tool/spring-tool-3.2.xsd=org/springframework/beans/factory/xml/spring-tool-3.2.xsd, http://www.springframework.org/schema/beans/spring-beans-2.5.xsd=org/springframework/beans/factory/xml/spring-beans-2.5.xsd}
2017-08-28 17:41:11.055 [main] DEBUG o.s.beans.factory.xml.PluggableSchemaResolver - Found XML schema [http://www.springframework.org/schema/beans/spring-beans-3.2.xsd] in classpath: org/springframework/beans/factory/xml/spring-beans-3.2.xsd
2017-08-28 17:41:11.156 [main] DEBUG o.s.beans.factory.xml.PluggableSchemaResolver - Found XML schema [http://www.springframework.org/schema/context/spring-context-3.2.xsd] in classpath: org/springframework/context/config/spring-context-3.2.xsd
2017-08-28 17:41:11.174 [main] DEBUG o.s.beans.factory.xml.PluggableSchemaResolver - Found XML schema [http://www.springframework.org/schema/tool/spring-tool-3.2.xsd] in classpath: org/springframework/beans/factory/xml/spring-tool-3.2.xsd
2017-08-28 17:41:11.237 [main] DEBUG o.s.b.factory.xml.DefaultBeanDefinitionDocumentReader - Loading bean definitions
2017-08-28 17:41:11.326 [main] DEBUG o.s.beans.factory.xml.DefaultNamespaceHandlerResolver - Loaded NamespaceHandler mappings: {http://www.springframework.org/schema/p=org.springframework.beans.factory.xml.SimplePropertyNamespaceHandler, http://www.springframework.org/schema/util=org.springframework.beans.factory.xml.UtilNamespaceHandler, http://code.alibabatech.com/schema/dubbo=com.alibaba.dubbo.config.spring.schema.DubboNamespaceHandler, http://www.springframework.org/schema/jee=org.springframework.ejb.config.JeeNamespaceHandler, http://www.springframework.org/schema/aop=org.springframework.aop.config.AopNamespaceHandler, http://www.springframework.org/schema/jdbc=org.springframework.jdbc.config.JdbcNamespaceHandler, http://www.springframework.org/schema/cache=org.springframework.cache.config.CacheNamespaceHandler, http://mybatis.org/schema/mybatis-spring=org.mybatis.spring.config.NamespaceHandler, http://www.springframework.org/schema/c=org.springframework.beans.factory.xml.SimpleConstructorNamespaceHandler, http://www.springframework.org/schema/tx=org.springframework.transaction.config.TxNamespaceHandler, http://code.alibabatech.com/schema/nova=com.youzan.nova.framework.schema.HauntNamespaceHandler, http://www.youzan.com/schema/task=com.youzan.pay.core.task.spring.TaskNamespaceHandler, http://www.springframework.org/schema/task=org.springframework.scheduling.config.TaskNamespaceHandler, http://www.springframework.org/schema/lang=org.springframework.scripting.config.LangNamespaceHandler, http://www.youzan.com/schema/nsq=com.youzan.pay.core.nsq.spring.NsqNamespaceHandler, http://www.springframework.org/schema/context=org.springframework.context.config.ContextNamespaceHandler}
2017-08-28 17:41:11.471 [main] DEBUG o.s.context.annotation.ClassPathBeanDefinitionScanner - JSR-250 'javax.annotation.ManagedBean' found and supported for component scanning
2017-08-28 17:41:11.483 [main] DEBUG o.s.core.io.support.PathMatchingResourcePatternResolver - Looking for matching resources in directory tree [/Users/wulonghui/work/unified_cashier/intergration/target/test-classes/com/youzan/pay/unified/cashier/intergration]
2017-08-28 17:41:11.484 [main] DEBUG o.s.core.io.support.PathMatchingResourcePatternResolver - Searching directory [/Users/wulonghui/work/unified_cashier/intergration/target/test-classes/com/youzan/pay/unified/cashier/intergration] for files matching pattern [/Users/wulonghui/work/unified_cashier/intergration/target/test-classes/com/youzan/pay/unified/cashier/intergration/**/*.class]
2017-08-28 17:41:11.485 [main] DEBUG o.s.core.io.support.PathMatchingResourcePatternResolver - Searching directory [/Users/wulonghui/work/unified_cashier/intergration/target/test-classes/com/youzan/pay/unified/cashier/intergration/client] for files matching pattern [/Users/wulonghui/work/unified_cashier/intergration/target/test-classes/com/youzan/pay/unified/cashier/intergration/**/*.class]
2017-08-28 17:41:11.486 [main] DEBUG o.s.core.io.support.PathMatchingResourcePatternResolver - Looking for matching resources in directory tree [/Users/wulonghui/work/unified_cashier/intergration/target/classes/com/youzan/pay/unified/cashier/intergration]
2017-08-28 17:41:11.487 [main] DEBUG o.s.core.io.support.PathMatchingResourcePatternResolver - Searching directory [/Users/wulonghui/work/unified_cashier/intergration/target/classes/com/youzan/pay/unified/cashier/intergration] for files matching pattern [/Users/wulonghui/work/unified_cashier/intergration/target/classes/com/youzan/pay/unified/cashier/intergration/**/*.class]
2017-08-28 17:41:11.488 [main] DEBUG o.s.core.io.support.PathMatchingResourcePatternResolver - Searching directory [/Users/wulonghui/work/unified_cashier/intergration/target/classes/com/youzan/pay/unified/cashier/intergration/client] for files matching pattern [/Users/wulonghui/work/unified_cashier/intergration/target/classes/com/youzan/pay/unified/cashier/intergration/**/*.class]
2017-08-28 17:41:11.490 [main] DEBUG o.s.core.io.support.PathMatchingResourcePatternResolver - Searching directory [/Users/wulonghui/work/unified_cashier/intergration/target/classes/com/youzan/pay/unified/cashier/intergration/common] for files matching pattern [/Users/wulonghui/work/unified_cashier/intergration/target/classes/com/youzan/pay/unified/cashier/intergration/**/*.class]
2017-08-28 17:41:11.492 [main] DEBUG o.s.core.io.support.PathMatchingResourcePatternResolver - Resolved location pattern [classpath*:com/youzan/pay/unified/cashier/intergration/**/*.class] to resources [file [/Users/wulonghui/work/unified_cashier/intergration/target/test-classes/com/youzan/pay/unified/cashier/intergration/BaseTest.class], file [/Users/wulonghui/work/unified_cashier/intergration/target/test-classes/com/youzan/pay/unified/cashier/intergration/client/AssetCenterUnifiedPayServiceClientTest.class], file [/Users/wulonghui/work/unified_cashier/intergration/target/test-classes/com/youzan/pay/unified/cashier/intergration/client/ChannelBankCardServiceClientTest.class], file [/Users/wulonghui/work/unified_cashier/intergration/target/test-classes/com/youzan/pay/unified/cashier/intergration/client/MerchantBankCardServiceClientTest.class], file [/Users/wulonghui/work/unified_cashier/intergration/target/test-classes/com/youzan/pay/unified/cashier/intergration/client/QueryPayToolConfigServiceClietTest.class], file [/Users/wulonghui/work/unified_cashier/intergration/target/test-classes/com/youzan/pay/unified/cashier/intergration/client/UserMerchantServiceClientTest.class], file [/Users/wulonghui/work/unified_cashier/intergration/target/classes/com/youzan/pay/unified/cashier/intergration/client/AssetCenterUnifiedPayServiceClient$1.class], file [/Users/wulonghui/work/unified_cashier/intergration/target/classes/com/youzan/pay/unified/cashier/intergration/client/AssetCenterUnifiedPayServiceClient.class], file [/Users/wulonghui/work/unified_cashier/intergration/target/classes/com/youzan/pay/unified/cashier/intergration/client/CashierOrderStatusSearchClient.class], file [/Users/wulonghui/work/unified_cashier/intergration/target/classes/com/youzan/pay/unified/cashier/intergration/client/CashierRechargeServiceClient.class], file [/Users/wulonghui/work/unified_cashier/intergration/target/classes/com/youzan/pay/unified/cashier/intergration/client/ChannelBankCardServiceClient$1.class], file [/Users/wulonghui/work/unified_cashier/intergration/target/classes/com/youzan/pay/unified/cashier/intergration/client/ChannelBankCardServiceClient$2.class], file [/Users/wulonghui/work/unified_cashier/intergration/target/classes/com/youzan/pay/unified/cashier/intergration/client/ChannelBankCardServiceClient$3.class], file [/Users/wulonghui/work/unified_cashier/intergration/target/classes/com/youzan/pay/unified/cashier/intergration/client/ChannelBankCardServiceClient$4.class], file [/Users/wulonghui/work/unified_cashier/intergration/target/classes/com/youzan/pay/unified/cashier/intergration/client/ChannelBankCardServiceClient.class], file [/Users/wulonghui/work/unified_cashier/intergration/target/classes/com/youzan/pay/unified/cashier/intergration/client/MerchantBankCardServiceClient$1.class], file [/Users/wulonghui/work/unified_cashier/intergration/target/classes/com/youzan/pay/unified/cashier/intergration/client/MerchantBankCardServiceClient$2.class], file [/Users/wulonghui/work/unified_cashier/intergration/target/classes/com/youzan/pay/unified/cashier/intergration/client/MerchantBankCardServiceClient$3.class], file [/Users/wulonghui/work/unified_cashier/intergration/target/classes/com/youzan/pay/unified/cashier/intergration/client/MerchantBankCardServiceClient.class], file [/Users/wulonghui/work/unified_cashier/intergration/target/classes/com/youzan/pay/unified/cashier/intergration/client/MicroAccoutServiceClient.class], file [/Users/wulonghui/work/unified_cashier/intergration/target/classes/com/youzan/pay/unified/cashier/intergration/client/QueryPayToolConfigServiceClient.class], file [/Users/wulonghui/work/unified_cashier/intergration/target/classes/com/youzan/pay/unified/cashier/intergration/client/SignKeyServiceClient.class], file [/Users/wulonghui/work/unified_cashier/intergration/target/classes/com/youzan/pay/unified/cashier/intergration/client/SummaryCardQueryServiceClient.class], file [/Users/wulonghui/work/unified_cashier/intergration/target/classes/com/youzan/pay/unified/cashier/intergration/client/UnifiedOrderServiceClient.class], file [/Users/wulonghui/work/unified_cashier/intergration/target/classes/com/youzan/pay/unified/cashier/intergration/client/UnifiedPayServiceClient.class], file [/Users/wulonghui/work/unified_cashier/intergration/target/classes/com/youzan/pay/unified/cashier/intergration/client/UserMerchantServiceClient$1.class], file [/Users/wulonghui/work/unified_cashier/intergration/target/classes/com/youzan/pay/unified/cashier/intergration/client/UserMerchantServiceClient.class], file [/Users/wulonghui/work/unified_cashier/intergration/target/classes/com/youzan/pay/unified/cashier/intergration/common/CashierHandleTemplate.class], file [/Users/wulonghui/work/unified_cashier/intergration/target/classes/com/youzan/pay/unified/cashier/intergration/common/CashierProcessCallBack.class]]
2017-08-28 17:41:11.591 [main] DEBUG o.s.context.annotation.ClassPathBeanDefinitionScanner - Identified candidate component class: file [/Users/wulonghui/work/unified_cashier/intergration/target/classes/com/youzan/pay/unified/cashier/intergration/client/AssetCenterUnifiedPayServiceClient.class]
2017-08-28 17:41:11.592 [main] DEBUG o.s.context.annotation.ClassPathBeanDefinitionScanner - Identified candidate component class: file [/Users/wulonghui/work/unified_cashier/intergration/target/classes/com/youzan/pay/unified/cashier/intergration/client/CashierOrderStatusSearchClient.class]
2017-08-28 17:41:11.593 [main] DEBUG o.s.context.annotation.ClassPathBeanDefinitionScanner - Identified candidate component class: file [/Users/wulonghui/work/unified_cashier/intergration/target/classes/com/youzan/pay/unified/cashier/intergration/client/CashierRechargeServiceClient.class]
2017-08-28 17:41:11.595 [main] DEBUG o.s.context.annotation.ClassPathBeanDefinitionScanner - Identified candidate component class: file [/Users/wulonghui/work/unified_cashier/intergration/target/classes/com/youzan/pay/unified/cashier/intergration/client/ChannelBankCardServiceClient.class]
2017-08-28 17:41:11.597 [main] DEBUG o.s.context.annotation.ClassPathBeanDefinitionScanner - Identified candidate component class: file [/Users/wulonghui/work/unified_cashier/intergration/target/classes/com/youzan/pay/unified/cashier/intergration/client/MerchantBankCardServiceClient.class]
2017-08-28 17:41:11.599 [main] DEBUG o.s.context.annotation.ClassPathBeanDefinitionScanner - Identified candidate component class: file [/Users/wulonghui/work/unified_cashier/intergration/target/classes/com/youzan/pay/unified/cashier/intergration/client/MicroAccoutServiceClient.class]
2017-08-28 17:41:11.600 [main] DEBUG o.s.context.annotation.ClassPathBeanDefinitionScanner - Identified candidate component class: file [/Users/wulonghui/work/unified_cashier/intergration/target/classes/com/youzan/pay/unified/cashier/intergration/client/QueryPayToolConfigServiceClient.class]
2017-08-28 17:41:11.601 [main] DEBUG o.s.context.annotation.ClassPathBeanDefinitionScanner - Identified candidate component class: file [/Users/wulonghui/work/unified_cashier/intergration/target/classes/com/youzan/pay/unified/cashier/intergration/client/SignKeyServiceClient.class]
2017-08-28 17:41:11.603 [main] DEBUG o.s.context.annotation.ClassPathBeanDefinitionScanner - Identified candidate component class: file [/Users/wulonghui/work/unified_cashier/intergration/target/classes/com/youzan/pay/unified/cashier/intergration/client/SummaryCardQueryServiceClient.class]
2017-08-28 17:41:11.603 [main] DEBUG o.s.context.annotation.ClassPathBeanDefinitionScanner - Identified candidate component class: file [/Users/wulonghui/work/unified_cashier/intergration/target/classes/com/youzan/pay/unified/cashier/intergration/client/UnifiedOrderServiceClient.class]
2017-08-28 17:41:11.607 [main] DEBUG o.s.context.annotation.ClassPathBeanDefinitionScanner - Identified candidate component class: file [/Users/wulonghui/work/unified_cashier/intergration/target/classes/com/youzan/pay/unified/cashier/intergration/client/UnifiedPayServiceClient.class]
2017-08-28 17:41:11.609 [main] DEBUG o.s.context.annotation.ClassPathBeanDefinitionScanner - Identified candidate component class: file [/Users/wulonghui/work/unified_cashier/intergration/target/classes/com/youzan/pay/unified/cashier/intergration/client/UserMerchantServiceClient.class]
2017-08-28 17:41:11.730 [main] DEBUG o.s.core.io.support.PathMatchingResourcePatternResolver - Resolved location pattern [classpath*:beans/spring-*.xml] to resources []
2017-08-28 17:41:11.731 [main] DEBUG o.s.beans.factory.xml.XmlBeanDefinitionReader - Loaded 0 bean definitions from location pattern [classpath*:beans/spring-*.xml]
2017-08-28 17:41:11.734 [main] DEBUG o.s.b.factory.xml.DefaultBeanDefinitionDocumentReader - Imported 0 bean definitions from URL location [classpath*:beans/spring-*.xml]
2017-08-28 17:41:11.742 [main] INFO  o.s.beans.factory.xml.XmlBeanDefinitionReader - Loading XML bean definitions from file [/Users/wulonghui/work/unified_cashier/intergration/target/classes/META-INF/spring/spring-dubbo-services.xml]
2017-08-28 17:41:11.745 [main] DEBUG o.s.beans.factory.xml.DefaultDocumentLoader - Using JAXP provider [com.sun.org.apache.xerces.internal.jaxp.DocumentBuilderFactoryImpl]
2017-08-28 17:41:11.750 [main] DEBUG o.s.beans.factory.xml.PluggableSchemaResolver - Found XML schema [http://www.springframework.org/schema/beans/spring-beans-2.5.xsd] in classpath: org/springframework/beans/factory/xml/spring-beans-2.5.xsd
2017-08-28 17:41:11.802 [main] DEBUG o.s.beans.factory.xml.PluggableSchemaResolver - Found XML schema [http://www.springframework.org/schema/context/spring-context.xsd] in classpath: org/springframework/context/config/spring-context-3.2.xsd
2017-08-28 17:41:11.812 [main] DEBUG o.s.beans.factory.xml.PluggableSchemaResolver - Found XML schema [http://www.springframework.org/schema/tool/spring-tool-3.2.xsd] in classpath: org/springframework/beans/factory/xml/spring-tool-3.2.xsd
2017-08-28 17:41:11.825 [main] DEBUG o.s.beans.factory.xml.PluggableSchemaResolver - Found XML schema [http://code.alibabatech.com/schema/dubbo/dubbo.xsd] in classpath: META-INF/dubbo.xsd
2017-08-28 17:41:11.858 [main] DEBUG o.s.b.factory.xml.DefaultBeanDefinitionDocumentReader - Loading bean definitions
2017-08-28 17:41:11.861 [main] DEBUG o.s.context.annotation.ClassPathBeanDefinitionScanner - JSR-250 'javax.annotation.ManagedBean' found and supported for component scanning
2017-08-28 17:41:11.863 [main] DEBUG o.s.core.io.support.PathMatchingResourcePatternResolver - Looking for matching resources in directory tree [/Users/wulonghui/work/unified_cashier/intergration/target/test-classes/com/youzan/pay/unified/cashier/intergration/client]
2017-08-28 17:41:11.864 [main] DEBUG o.s.core.io.support.PathMatchingResourcePatternResolver - Searching directory [/Users/wulonghui/work/unified_cashier/intergration/target/test-classes/com/youzan/pay/unified/cashier/intergration/client] for files matching pattern [/Users/wulonghui/work/unified_cashier/intergration/target/test-classes/com/youzan/pay/unified/cashier/intergration/client/**/*.class]
2017-08-28 17:41:11.866 [main] DEBUG o.s.core.io.support.PathMatchingResourcePatternResolver - Looking for matching resources in directory tree [/Users/wulonghui/work/unified_cashier/intergration/target/classes/com/youzan/pay/unified/cashier/intergration/client]
2017-08-28 17:41:11.866 [main] DEBUG o.s.core.io.support.PathMatchingResourcePatternResolver - Searching directory [/Users/wulonghui/work/unified_cashier/intergration/target/classes/com/youzan/pay/unified/cashier/intergration/client] for files matching pattern [/Users/wulonghui/work/unified_cashier/intergration/target/classes/com/youzan/pay/unified/cashier/intergration/client/**/*.class]
2017-08-28 17:41:11.873 [main] DEBUG o.s.core.io.support.PathMatchingResourcePatternResolver - Resolved location pattern [classpath*:com/youzan/pay/unified/cashier/intergration/client/**/*.class] to resources [file [/Users/wulonghui/work/unified_cashier/intergration/target/test-classes/com/youzan/pay/unified/cashier/intergration/client/AssetCenterUnifiedPayServiceClientTest.class], file [/Users/wulonghui/work/unified_cashier/intergration/target/test-classes/com/youzan/pay/unified/cashier/intergration/client/ChannelBankCardServiceClientTest.class], file [/Users/wulonghui/work/unified_cashier/intergration/target/test-classes/com/youzan/pay/unified/cashier/intergration/client/MerchantBankCardServiceClientTest.class], file [/Users/wulonghui/work/unified_cashier/intergration/target/test-classes/com/youzan/pay/unified/cashier/intergration/client/QueryPayToolConfigServiceClietTest.class], file [/Users/wulonghui/work/unified_cashier/intergration/target/test-classes/com/youzan/pay/unified/cashier/intergration/client/UserMerchantServiceClientTest.class], file [/Users/wulonghui/work/unified_cashier/intergration/target/classes/com/youzan/pay/unified/cashier/intergration/client/AssetCenterUnifiedPayServiceClient$1.class], file [/Users/wulonghui/work/unified_cashier/intergration/target/classes/com/youzan/pay/unified/cashier/intergration/client/AssetCenterUnifiedPayServiceClient.class], file [/Users/wulonghui/work/unified_cashier/intergration/target/classes/com/youzan/pay/unified/cashier/intergration/client/CashierOrderStatusSearchClient.class], file [/Users/wulonghui/work/unified_cashier/intergration/target/classes/com/youzan/pay/unified/cashier/intergration/client/CashierRechargeServiceClient.class], file [/Users/wulonghui/work/unified_cashier/intergration/target/classes/com/youzan/pay/unified/cashier/intergration/client/ChannelBankCardServiceClient$1.class], file [/Users/wulonghui/work/unified_cashier/intergration/target/classes/com/youzan/pay/unified/cashier/intergration/client/ChannelBankCardServiceClient$2.class], file [/Users/wulonghui/work/unified_cashier/intergration/target/classes/com/youzan/pay/unified/cashier/intergration/client/ChannelBankCardServiceClient$3.class], file [/Users/wulonghui/work/unified_cashier/intergration/target/classes/com/youzan/pay/unified/cashier/intergration/client/ChannelBankCardServiceClient$4.class], file [/Users/wulonghui/work/unified_cashier/intergration/target/classes/com/youzan/pay/unified/cashier/intergration/client/ChannelBankCardServiceClient.class], file [/Users/wulonghui/work/unified_cashier/intergration/target/classes/com/youzan/pay/unified/cashier/intergration/client/MerchantBankCardServiceClient$1.class], file [/Users/wulonghui/work/unified_cashier/intergration/target/classes/com/youzan/pay/unified/cashier/intergration/client/MerchantBankCardServiceClient$2.class], file [/Users/wulonghui/work/unified_cashier/intergration/target/classes/com/youzan/pay/unified/cashier/intergration/client/MerchantBankCardServiceClient$3.class], file [/Users/wulonghui/work/unified_cashier/intergration/target/classes/com/youzan/pay/unified/cashier/intergration/client/MerchantBankCardServiceClient.class], file [/Users/wulonghui/work/unified_cashier/intergration/target/classes/com/youzan/pay/unified/cashier/intergration/client/MicroAccoutServiceClient.class], file [/Users/wulonghui/work/unified_cashier/intergration/target/classes/com/youzan/pay/unified/cashier/intergration/client/QueryPayToolConfigServiceClient.class], file [/Users/wulonghui/work/unified_cashier/intergration/target/classes/com/youzan/pay/unified/cashier/intergration/client/SignKeyServiceClient.class], file [/Users/wulonghui/work/unified_cashier/intergration/target/classes/com/youzan/pay/unified/cashier/intergration/client/SummaryCardQueryServiceClient.class], file [/Users/wulonghui/work/unified_cashier/intergration/target/classes/com/youzan/pay/unified/cashier/intergration/client/UnifiedOrderServiceClient.class], file [/Users/wulonghui/work/unified_cashier/intergration/target/classes/com/youzan/pay/unified/cashier/intergration/client/UnifiedPayServiceClient.class], file [/Users/wulonghui/work/unified_cashier/intergration/target/classes/com/youzan/pay/unified/cashier/intergration/client/UserMerchantServiceClient$1.class], file [/Users/wulonghui/work/unified_cashier/intergration/target/classes/com/youzan/pay/unified/cashier/intergration/client/UserMerchantServiceClient.class]]
2017-08-28 17:41:11.895 [main] DEBUG o.s.context.annotation.ClassPathBeanDefinitionScanner - Identified candidate component class: file [/Users/wulonghui/work/unified_cashier/intergration/target/classes/com/youzan/pay/unified/cashier/intergration/client/AssetCenterUnifiedPayServiceClient.class]
2017-08-28 17:41:11.897 [main] DEBUG o.s.context.annotation.ClassPathBeanDefinitionScanner - Identified candidate component class: file [/Users/wulonghui/work/unified_cashier/intergration/target/classes/com/youzan/pay/unified/cashier/intergration/client/CashierOrderStatusSearchClient.class]
2017-08-28 17:41:11.901 [main] DEBUG o.s.context.annotation.ClassPathBeanDefinitionScanner - Identified candidate component class: file [/Users/wulonghui/work/unified_cashier/intergration/target/classes/com/youzan/pay/unified/cashier/intergration/client/CashierRechargeServiceClient.class]
2017-08-28 17:41:11.909 [main] DEBUG o.s.context.annotation.ClassPathBeanDefinitionScanner - Identified candidate component class: file [/Users/wulonghui/work/unified_cashier/intergration/target/classes/com/youzan/pay/unified/cashier/intergration/client/ChannelBankCardServiceClient.class]
2017-08-28 17:41:11.912 [main] DEBUG o.s.context.annotation.ClassPathBeanDefinitionScanner - Identified candidate component class: file [/Users/wulonghui/work/unified_cashier/intergration/target/classes/com/youzan/pay/unified/cashier/intergration/client/MerchantBankCardServiceClient.class]
2017-08-28 17:41:11.913 [main] DEBUG o.s.context.annotation.ClassPathBeanDefinitionScanner - Identified candidate component class: file [/Users/wulonghui/work/unified_cashier/intergration/target/classes/com/youzan/pay/unified/cashier/intergration/client/MicroAccoutServiceClient.class]
2017-08-28 17:41:11.914 [main] DEBUG o.s.context.annotation.ClassPathBeanDefinitionScanner - Identified candidate component class: file [/Users/wulonghui/work/unified_cashier/intergration/target/classes/com/youzan/pay/unified/cashier/intergration/client/QueryPayToolConfigServiceClient.class]
2017-08-28 17:41:11.915 [main] DEBUG o.s.context.annotation.ClassPathBeanDefinitionScanner - Identified candidate component class: file [/Users/wulonghui/work/unified_cashier/intergration/target/classes/com/youzan/pay/unified/cashier/intergration/client/SignKeyServiceClient.class]
2017-08-28 17:41:11.916 [main] DEBUG o.s.context.annotation.ClassPathBeanDefinitionScanner - Identified candidate component class: file [/Users/wulonghui/work/unified_cashier/intergration/target/classes/com/youzan/pay/unified/cashier/intergration/client/SummaryCardQueryServiceClient.class]
2017-08-28 17:41:11.917 [main] DEBUG o.s.context.annotation.ClassPathBeanDefinitionScanner - Identified candidate component class: file [/Users/wulonghui/work/unified_cashier/intergration/target/classes/com/youzan/pay/unified/cashier/intergration/client/UnifiedOrderServiceClient.class]
2017-08-28 17:41:11.918 [main] DEBUG o.s.context.annotation.ClassPathBeanDefinitionScanner - Identified candidate component class: file [/Users/wulonghui/work/unified_cashier/intergration/target/classes/com/youzan/pay/unified/cashier/intergration/client/UnifiedPayServiceClient.class]
2017-08-28 17:41:11.922 [main] DEBUG o.s.context.annotation.ClassPathBeanDefinitionScanner - Identified candidate component class: file [/Users/wulonghui/work/unified_cashier/intergration/target/classes/com/youzan/pay/unified/cashier/intergration/client/UserMerchantServiceClient.class]
2017-08-28 17:41:11.975 [main] INFO  com.alibaba.dubbo.common.logger.LoggerFactory - using logger: com.alibaba.dubbo.common.logger.log4j.Log4jLoggerAdapter
2017-08-28 17:41:12.065 [main] INFO  o.s.beans.factory.xml.XmlBeanDefinitionReader - Loading XML bean definitions from URL [jar:file:/Users/wulonghui/.m2/repository/com/youzan/platform/bootstrap/3.0.9-RELEASE/bootstrap-3.0.9-RELEASE.jar!/META-INF/spring/container.xml]
2017-08-28 17:41:12.068 [main] DEBUG o.s.beans.factory.xml.DefaultDocumentLoader - Using JAXP provider [com.sun.org.apache.xerces.internal.jaxp.DocumentBuilderFactoryImpl]
2017-08-28 17:41:12.071 [main] DEBUG o.s.beans.factory.xml.PluggableSchemaResolver - Found XML schema [http://www.springframework.org/schema/beans/spring-beans-2.5.xsd] in classpath: org/springframework/beans/factory/xml/spring-beans-2.5.xsd
2017-08-28 17:41:12.088 [main] DEBUG o.s.b.factory.xml.DefaultBeanDefinitionDocumentReader - Loading bean definitions
2017-08-28 17:41:12.095 [main] INFO  o.s.beans.factory.xml.XmlBeanDefinitionReader - Loading XML bean definitions from URL [jar:file:/Users/wulonghui/.m2/repository/com/youzan/nova/framework/framework-cat/1.0.7-RELEASE/framework-cat-1.0.7-RELEASE.jar!/META-INF/spring/framework-cat-context.xml]
2017-08-28 17:41:12.097 [main] DEBUG o.s.beans.factory.xml.DefaultDocumentLoader - Using JAXP provider [com.sun.org.apache.xerces.internal.jaxp.DocumentBuilderFactoryImpl]
2017-08-28 17:41:12.100 [main] DEBUG o.s.beans.factory.xml.PluggableSchemaResolver - Found XML schema [http://www.springframework.org/schema/beans/spring-beans-2.5.xsd] in classpath: org/springframework/beans/factory/xml/spring-beans-2.5.xsd
2017-08-28 17:41:12.117 [main] DEBUG o.s.beans.factory.xml.PluggableSchemaResolver - Found XML schema [http://www.springframework.org/schema/aop/spring-aop-3.0.xsd] in classpath: org/springframework/aop/config/spring-aop-3.0.xsd
2017-08-28 17:41:12.123 [main] DEBUG o.s.beans.factory.xml.PluggableSchemaResolver - Found XML schema [http://www.springframework.org/schema/tool/spring-tool-3.0.xsd] in classpath: org/springframework/beans/factory/xml/spring-tool-3.0.xsd
2017-08-28 17:41:12.132 [main] DEBUG o.s.b.factory.xml.DefaultBeanDefinitionDocumentReader - Loading bean definitions
2017-08-28 17:41:12.217 [main] DEBUG o.s.beans.factory.xml.XmlBeanDefinitionReader - Loaded 35 bean definitions from location pattern [classpath*:META-INF/spring/*.xml]
2017-08-28 17:41:12.218 [main] INFO  o.s.context.support.GenericApplicationContext - Refreshing org.springframework.context.support.GenericApplicationContext@7baf1f5a: startup date [Mon Aug 28 17:41:12 CST 2017]; root of context hierarchy
2017-08-28 17:41:12.220 [main] DEBUG o.s.context.support.GenericApplicationContext - Bean factory for org.springframework.context.support.GenericApplicationContext@7baf1f5a: org.springframework.beans.factory.support.DefaultListableBeanFactory@299a43d9: defining beans [org.springframework.context.support.PropertySourcesPlaceholderConfigurer#0,assetCenterUnifiedPayServiceClient,cashierOrderStatusSearchClient,cashierRechargeServiceClient,channelBankCardServiceClient,merchantBankCardServiceClient,microAccoutServiceClient,queryPayToolConfigServiceClient,signKeyServiceClient,summaryCardQueryServiceClient,unifiedOrderServiceClient,unifiedPayServiceClient,userMerchantServiceClient,org.springframework.context.annotation.internalConfigurationAnnotationProcessor,org.springframework.context.annotation.internalAutowiredAnnotationProcessor,org.springframework.context.annotation.internalRequiredAnnotationProcessor,org.springframework.context.annotation.internalCommonAnnotationProcessor,signKeyService,merchantConfigService,acquireOrderService,unifiedPayService,unifiedOrderQueryService,unifiedOrderService,bankCardService,merchantBankCardService,userMerchantService,rechargeService,payToolsService,accountService,summaryCardQueryService,novaContainer,beanFactory,org.springframework.aop.config.internalAutoProxyCreator,tracingAop,customerMethodAop]; root of factory hierarchy
2017-08-28 17:41:12.315 [main] DEBUG o.s.beans.factory.support.DefaultListableBeanFactory - Creating shared instance of singleton bean 'org.springframework.context.annotation.internalConfigurationAnnotationProcessor'
2017-08-28 17:41:12.315 [main] DEBUG o.s.beans.factory.support.DefaultListableBeanFactory - Creating instance of bean 'org.springframework.context.annotation.internalConfigurationAnnotationProcessor'
2017-08-28 17:41:12.378 [main] DEBUG o.s.beans.factory.support.DefaultListableBeanFactory - Eagerly caching bean 'org.springframework.context.annotation.internalConfigurationAnnotationProcessor' to allow for resolving potential circular references
2017-08-28 17:41:12.385 [main] DEBUG o.s.beans.factory.support.DefaultListableBeanFactory - Finished creating instance of bean 'org.springframework.context.annotation.internalConfigurationAnnotationProcessor'
2017-08-28 17:41:12.386 [main] DEBUG o.s.beans.factory.support.DefaultListableBeanFactory - Creating shared instance of singleton bean 'novaContainer'
2017-08-28 17:41:12.386 [main] DEBUG o.s.beans.factory.support.DefaultListableBeanFactory - Creating instance of bean 'novaContainer'
2017-08-28 17:41:12.387 [main] DEBUG o.s.beans.factory.support.DefaultListableBeanFactory - Eagerly caching bean 'novaContainer' to allow for resolving potential circular references
2017-08-28 17:41:12.388 [main] DEBUG o.s.beans.factory.support.DefaultListableBeanFactory - Finished creating instance of bean 'novaContainer'
2017-08-28 17:41:12.525 [main] DEBUG o.s.beans.factory.support.DefaultListableBeanFactory - Creating shared instance of singleton bean 'org.springframework.context.support.PropertySourcesPlaceholderConfigurer#0'
2017-08-28 17:41:12.525 [main] DEBUG o.s.beans.factory.support.DefaultListableBeanFactory - Creating instance of bean 'org.springframework.context.support.PropertySourcesPlaceholderConfigurer#0'
2017-08-28 17:41:12.531 [main] DEBUG o.s.beans.factory.support.DefaultListableBeanFactory - Eagerly caching bean 'org.springframework.context.support.PropertySourcesPlaceholderConfigurer#0' to allow for resolving potential circular references
2017-08-28 17:41:12.619 [main] DEBUG o.s.core.io.support.PathMatchingResourcePatternResolver - Looking for matching resources in directory tree [/Users/wulonghui/work/unified_cashier/intergration/target/test-classes]
2017-08-28 17:41:12.620 [main] DEBUG o.s.core.io.support.PathMatchingResourcePatternResolver - Searching directory [/Users/wulonghui/work/unified_cashier/intergration/target/test-classes] for files matching pattern [/Users/wulonghui/work/unified_cashier/intergration/target/test-classes/*.properties]
2017-08-28 17:41:12.623 [main] DEBUG o.s.core.io.support.PathMatchingResourcePatternResolver - Looking for matching resources in directory tree [/Users/wulonghui/work/unified_cashier/intergration/target/classes]
2017-08-28 17:41:12.626 [main] DEBUG o.s.core.io.support.PathMatchingResourcePatternResolver - Searching directory [/Users/wulonghui/work/unified_cashier/intergration/target/classes] for files matching pattern [/Users/wulonghui/work/unified_cashier/intergration/target/classes/*.properties]
2017-08-28 17:41:12.627 [main] DEBUG o.s.core.io.support.PathMatchingResourcePatternResolver - Looking for matching resources in directory tree [/Users/wulonghui/work/unified_cashier/core-utils/target/classes]
2017-08-28 17:41:12.627 [main] DEBUG o.s.core.io.support.PathMatchingResourcePatternResolver - Searching directory [/Users/wulonghui/work/unified_cashier/core-utils/target/classes] for files matching pattern [/Users/wulonghui/work/unified_cashier/core-utils/target/classes/*.properties]
2017-08-28 17:41:12.629 [main] DEBUG o.s.core.io.support.PathMatchingResourcePatternResolver - Looking for matching resources in directory tree [/Users/wulonghui/work/unified_cashier/core-model/target/classes]
2017-08-28 17:41:12.630 [main] DEBUG o.s.core.io.support.PathMatchingResourcePatternResolver - Searching directory [/Users/wulonghui/work/unified_cashier/core-model/target/classes] for files matching pattern [/Users/wulonghui/work/unified_cashier/core-model/target/classes/*.properties]
2017-08-28 17:41:12.632 [main] DEBUG o.s.core.io.support.PathMatchingResourcePatternResolver - Resolved location pattern [classpath*:*.properties] to resources [file [/Users/wulonghui/work/unified_cashier/intergration/target/test-classes/container.properties], file [/Users/wulonghui/work/unified_cashier/intergration/target/test-classes/dev.properties]]
2017-08-28 17:41:12.634 [main] DEBUG o.s.beans.factory.support.DefaultListableBeanFactory - Finished creating instance of bean 'org.springframework.context.support.PropertySourcesPlaceholderConfigurer#0'
2017-08-28 17:41:12.636 [main] DEBUG org.springframework.core.env.MutablePropertySources - Adding [environmentProperties] PropertySource with lowest search precedence
2017-08-28 17:41:12.636 [main] INFO  o.s.context.support.PropertySourcesPlaceholderConfigurer - Loading properties file from file [/Users/wulonghui/work/unified_cashier/intergration/target/test-classes/container.properties]
2017-08-28 17:41:12.637 [main] INFO  o.s.context.support.PropertySourcesPlaceholderConfigurer - Loading properties file from file [/Users/wulonghui/work/unified_cashier/intergration/target/test-classes/dev.properties]
2017-08-28 17:41:12.639 [main] DEBUG org.springframework.core.env.MutablePropertySources - Adding [localProperties] PropertySource with lowest search precedence
2017-08-28 17:41:12.669 [main] DEBUG o.s.core.env.PropertySourcesPropertyResolver - Searching for key 'application.monitor.address' in [environmentProperties]
2017-08-28 17:41:12.671 [main] DEBUG o.s.core.env.PropertySourcesPropertyResolver - Searching for key 'application.monitor.address' in [systemProperties]
2017-08-28 17:41:12.675 [main] DEBUG o.s.core.env.PropertySourcesPropertyResolver - Searching for key 'application.monitor.address' in [systemEnvironment]
2017-08-28 17:41:12.678 [main] DEBUG o.s.core.env.PropertySourcesPropertyResolver - Could not find key 'application.monitor.address' in any property source. Returning [null]
2017-08-28 17:41:12.679 [main] DEBUG o.s.core.env.PropertySourcesPropertyResolver - Searching for key 'application.monitor.address' in [localProperties]
2017-08-28 17:41:12.679 [main] DEBUG o.s.core.env.PropertySourcesPropertyResolver - Found key 'application.monitor.address' in [localProperties] with type [String] and value 'http://hawk-dev.s.qima-inc.com'
2017-08-28 17:41:12.685 [main] DEBUG o.s.beans.factory.support.DefaultListableBeanFactory - Creating shared instance of singleton bean 'com.alibaba.dubbo.config.spring.AnnotationBean'
2017-08-28 17:41:12.685 [main] DEBUG o.s.beans.factory.support.DefaultListableBeanFactory - Creating instance of bean 'com.alibaba.dubbo.config.spring.AnnotationBean'
2017-08-28 17:41:12.696 [main] DEBUG o.s.beans.factory.support.DefaultListableBeanFactory - Eagerly caching bean 'com.alibaba.dubbo.config.spring.AnnotationBean' to allow for resolving potential circular references
2017-08-28 17:41:12.759 [main] DEBUG o.s.beans.factory.support.DefaultListableBeanFactory - Finished creating instance of bean 'com.alibaba.dubbo.config.spring.AnnotationBean'
2017-08-28 17:41:12.778 [main] DEBUG org.springframework.core.env.StandardEnvironment - Adding [systemProperties] PropertySource with lowest search precedence
2017-08-28 17:41:12.781 [main] DEBUG org.springframework.core.env.StandardEnvironment - Adding [systemEnvironment] PropertySource with lowest search precedence
2017-08-28 17:41:12.782 [main] DEBUG org.springframework.core.env.StandardEnvironment - Initialized StandardEnvironment with PropertySources [systemProperties,systemEnvironment]
2017-08-28 17:41:12.789 [main] DEBUG o.s.context.annotation.ClassPathBeanDefinitionScanner - JSR-250 'javax.annotation.ManagedBean' found and supported for component scanning
2017-08-28 17:41:12.803 [main] DEBUG o.s.core.io.support.PathMatchingResourcePatternResolver - Looking for matching resources in directory tree [/Users/wulonghui/work/unified_cashier/intergration/target/test-classes/com/youzan]
2017-08-28 17:41:12.803 [main] DEBUG o.s.core.io.support.PathMatchingResourcePatternResolver - Searching directory [/Users/wulonghui/work/unified_cashier/intergration/target/test-classes/com/youzan] for files matching pattern [/Users/wulonghui/work/unified_cashier/intergration/target/test-classes/com/youzan/**/*.class]
2017-08-28 17:41:12.805 [main] DEBUG o.s.core.io.support.PathMatchingResourcePatternResolver - Searching directory [/Users/wulonghui/work/unified_cashier/intergration/target/test-classes/com/youzan/pay] for files matching pattern [/Users/wulonghui/work/unified_cashier/intergration/target/test-classes/com/youzan/**/*.class]
2017-08-28 17:41:12.807 [main] DEBUG o.s.core.io.support.PathMatchingResourcePatternResolver - Searching directory [/Users/wulonghui/work/unified_cashier/intergration/target/test-classes/com/youzan/pay/unified] for files matching pattern [/Users/wulonghui/work/unified_cashier/intergration/target/test-classes/com/youzan/**/*.class]
2017-08-28 17:41:12.808 [main] DEBUG o.s.core.io.support.PathMatchingResourcePatternResolver - Searching directory [/Users/wulonghui/work/unified_cashier/intergration/target/test-classes/com/youzan/pay/unified/cashier] for files matching pattern [/Users/wulonghui/work/unified_cashier/intergration/target/test-classes/com/youzan/**/*.class]
2017-08-28 17:41:12.810 [main] DEBUG o.s.core.io.support.PathMatchingResourcePatternResolver - Searching directory [/Users/wulonghui/work/unified_cashier/intergration/target/test-classes/com/youzan/pay/unified/cashier/intergration] for files matching pattern [/Users/wulonghui/work/unified_cashier/intergration/target/test-classes/com/youzan/**/*.class]
2017-08-28 17:41:12.821 [main] DEBUG o.s.core.io.support.PathMatchingResourcePatternResolver - Searching directory [/Users/wulonghui/work/unified_cashier/intergration/target/test-classes/com/youzan/pay/unified/cashier/intergration/client] for files matching pattern [/Users/wulonghui/work/unified_cashier/intergration/target/test-classes/com/youzan/**/*.class]
2017-08-28 17:41:12.831 [main] DEBUG o.s.core.io.support.PathMatchingResourcePatternResolver - Looking for matching resources in directory tree [/Users/wulonghui/work/unified_cashier/intergration/target/classes/com/youzan]
2017-08-28 17:41:12.832 [main] DEBUG o.s.core.io.support.PathMatchingResourcePatternResolver - Searching directory [/Users/wulonghui/work/unified_cashier/intergration/target/classes/com/youzan] for files matching pattern [/Users/wulonghui/work/unified_cashier/intergration/target/classes/com/youzan/**/*.class]
2017-08-28 17:41:12.832 [main] DEBUG o.s.core.io.support.PathMatchingResourcePatternResolver - Searching directory [/Users/wulonghui/work/unified_cashier/intergration/target/classes/com/youzan/pay] for files matching pattern [/Users/wulonghui/work/unified_cashier/intergration/target/classes/com/youzan/**/*.class]
2017-08-28 17:41:12.833 [main] DEBUG o.s.core.io.support.PathMatchingResourcePatternResolver - Searching directory [/Users/wulonghui/work/unified_cashier/intergration/target/classes/com/youzan/pay/unified] for files matching pattern [/Users/wulonghui/work/unified_cashier/intergration/target/classes/com/youzan/**/*.class]
2017-08-28 17:41:12.833 [main] DEBUG o.s.core.io.support.PathMatchingResourcePatternResolver - Searching directory [/Users/wulonghui/work/unified_cashier/intergration/target/classes/com/youzan/pay/unified/cashier] for files matching pattern [/Users/wulonghui/work/unified_cashier/intergration/target/classes/com/youzan/**/*.class]
2017-08-28 17:41:12.834 [main] DEBUG o.s.core.io.support.PathMatchingResourcePatternResolver - Searching directory [/Users/wulonghui/work/unified_cashier/intergration/target/classes/com/youzan/pay/unified/cashier/intergration] for files matching pattern [/Users/wulonghui/work/unified_cashier/intergration/target/classes/com/youzan/**/*.class]
2017-08-28 17:41:12.834 [main] DEBUG o.s.core.io.support.PathMatchingResourcePatternResolver - Searching directory [/Users/wulonghui/work/unified_cashier/intergration/target/classes/com/youzan/pay/unified/cashier/intergration/client] for files matching pattern [/Users/wulonghui/work/unified_cashier/intergration/target/classes/com/youzan/**/*.class]
2017-08-28 17:41:12.835 [main] DEBUG o.s.core.io.support.PathMatchingResourcePatternResolver - Searching directory [/Users/wulonghui/work/unified_cashier/intergration/target/classes/com/youzan/pay/unified/cashier/intergration/common] for files matching pattern [/Users/wulonghui/work/unified_cashier/intergration/target/classes/com/youzan/**/*.class]
2017-08-28 17:41:12.837 [main] DEBUG o.s.core.io.support.PathMatchingResourcePatternResolver - Looking for matching resources in directory tree [/Users/wulonghui/work/unified_cashier/core-utils/target/classes/com/youzan]
2017-08-28 17:41:12.837 [main] DEBUG o.s.core.io.support.PathMatchingResourcePatternResolver - Searching directory [/Users/wulonghui/work/unified_cashier/core-utils/target/classes/com/youzan] for files matching pattern [/Users/wulonghui/work/unified_cashier/core-utils/target/classes/com/youzan/**/*.class]
2017-08-28 17:41:12.842 [main] DEBUG o.s.core.io.support.PathMatchingResourcePatternResolver - Searching directory [/Users/wulonghui/work/unified_cashier/core-utils/target/classes/com/youzan/pay] for files matching pattern [/Users/wulonghui/work/unified_cashier/core-utils/target/classes/com/youzan/**/*.class]
2017-08-28 17:41:12.844 [main] DEBUG o.s.core.io.support.PathMatchingResourcePatternResolver - Searching directory [/Users/wulonghui/work/unified_cashier/core-utils/target/classes/com/youzan/pay/unified] for files matching pattern [/Users/wulonghui/work/unified_cashier/core-utils/target/classes/com/youzan/**/*.class]
2017-08-28 17:41:12.845 [main] DEBUG o.s.core.io.support.PathMatchingResourcePatternResolver - Searching directory [/Users/wulonghui/work/unified_cashier/core-utils/target/classes/com/youzan/pay/unified/cashier] for files matching pattern [/Users/wulonghui/work/unified_cashier/core-utils/target/classes/com/youzan/**/*.class]
2017-08-28 17:41:12.846 [main] DEBUG o.s.core.io.support.PathMatchingResourcePatternResolver - Searching directory [/Users/wulonghui/work/unified_cashier/core-utils/target/classes/com/youzan/pay/unified/cashier/core] for files matching pattern [/Users/wulonghui/work/unified_cashier/core-utils/target/classes/com/youzan/**/*.class]
2017-08-28 17:41:12.848 [main] DEBUG o.s.core.io.support.PathMatchingResourcePatternResolver - Searching directory [/Users/wulonghui/work/unified_cashier/core-utils/target/classes/com/youzan/pay/unified/cashier/core/utils] for files matching pattern [/Users/wulonghui/work/unified_cashier/core-utils/target/classes/com/youzan/**/*.class]
2017-08-28 17:41:12.850 [main] DEBUG o.s.core.io.support.PathMatchingResourcePatternResolver - Searching directory [/Users/wulonghui/work/unified_cashier/core-utils/target/classes/com/youzan/pay/unified/cashier/core/utils/common] for files matching pattern [/Users/wulonghui/work/unified_cashier/core-utils/target/classes/com/youzan/**/*.class]
2017-08-28 17:41:12.851 [main] DEBUG o.s.core.io.support.PathMatchingResourcePatternResolver - Searching directory [/Users/wulonghui/work/unified_cashier/core-utils/target/classes/com/youzan/pay/unified/cashier/core/utils/enums] for files matching pattern [/Users/wulonghui/work/unified_cashier/core-utils/target/classes/com/youzan/**/*.class]
2017-08-28 17:41:12.851 [main] DEBUG o.s.core.io.support.PathMatchingResourcePatternResolver - Searching directory [/Users/wulonghui/work/unified_cashier/core-utils/target/classes/com/youzan/pay/unified/cashier/core/utils/exception] for files matching pattern [/Users/wulonghui/work/unified_cashier/core-utils/target/classes/com/youzan/**/*.class]
2017-08-28 17:41:12.852 [main] DEBUG o.s.core.io.support.PathMatchingResourcePatternResolver - Searching directory [/Users/wulonghui/work/unified_cashier/core-utils/target/classes/com/youzan/pay/unified/cashier/core/utils/model] for files matching pattern [/Users/wulonghui/work/unified_cashier/core-utils/target/classes/com/youzan/**/*.class]
2017-08-28 17:41:12.854 [main] DEBUG o.s.core.io.support.PathMatchingResourcePatternResolver - Searching directory [/Users/wulonghui/work/unified_cashier/core-utils/target/classes/com/youzan/pay/unified/cashier/core/utils/resultcode] for files matching pattern [/Users/wulonghui/work/unified_cashier/core-utils/target/classes/com/youzan/**/*.class]
2017-08-28 17:41:12.856 [main] DEBUG o.s.core.io.support.PathMatchingResourcePatternResolver - Searching directory [/Users/wulonghui/work/unified_cashier/core-utils/target/classes/com/youzan/pay/unified/cashier/core/utils/resultcode/errorcode] for files matching pattern [/Users/wulonghui/work/unified_cashier/core-utils/target/classes/com/youzan/**/*.class]
2017-08-28 17:41:12.884 [main] DEBUG o.s.core.io.support.PathMatchingResourcePatternResolver - Looking for matching resources in directory tree [/Users/wulonghui/work/unified_cashier/core-model/target/classes/com/youzan]
2017-08-28 17:41:12.900 [main] DEBUG o.s.core.io.support.PathMatchingResourcePatternResolver - Searching directory [/Users/wulonghui/work/unified_cashier/core-model/target/classes/com/youzan] for files matching pattern [/Users/wulonghui/work/unified_cashier/core-model/target/classes/com/youzan/**/*.class]
2017-08-28 17:41:12.904 [main] DEBUG o.s.core.io.support.PathMatchingResourcePatternResolver - Searching directory [/Users/wulonghui/work/unified_cashier/core-model/target/classes/com/youzan/pay] for files matching pattern [/Users/wulonghui/work/unified_cashier/core-model/target/classes/com/youzan/**/*.class]
2017-08-28 17:41:12.910 [main] DEBUG o.s.core.io.support.PathMatchingResourcePatternResolver - Searching directory [/Users/wulonghui/work/unified_cashier/core-model/target/classes/com/youzan/pay/unified] for files matching pattern [/Users/wulonghui/work/unified_cashier/core-model/target/classes/com/youzan/**/*.class]
2017-08-28 17:41:12.912 [main] DEBUG o.s.core.io.support.PathMatchingResourcePatternResolver - Searching directory [/Users/wulonghui/work/unified_cashier/core-model/target/classes/com/youzan/pay/unified/cashier] for files matching pattern [/Users/wulonghui/work/unified_cashier/core-model/target/classes/com/youzan/**/*.class]
2017-08-28 17:41:12.912 [main] DEBUG o.s.core.io.support.PathMatchingResourcePatternResolver - Searching directory [/Users/wulonghui/work/unified_cashier/core-model/target/classes/com/youzan/pay/unified/cashier/core] for files matching pattern [/Users/wulonghui/work/unified_cashier/core-model/target/classes/com/youzan/**/*.class]
2017-08-28 17:41:12.913 [main] DEBUG o.s.core.io.support.PathMatchingResourcePatternResolver - Searching directory [/Users/wulonghui/work/unified_cashier/core-model/target/classes/com/youzan/pay/unified/cashier/core/model] for files matching pattern [/Users/wulonghui/work/unified_cashier/core-model/target/classes/com/youzan/**/*.class]
2017-08-28 17:41:12.929 [main] DEBUG o.s.core.io.support.PathMatchingResourcePatternResolver - Searching directory [/Users/wulonghui/work/unified_cashier/core-model/target/classes/com/youzan/pay/unified/cashier/core/model/domain] for files matching pattern [/Users/wulonghui/work/unified_cashier/core-model/target/classes/com/youzan/**/*.class]
2017-08-28 17:41:12.930 [main] DEBUG o.s.core.io.support.PathMatchingResourcePatternResolver - Looking for matching resources in jar file [file:/Users/wulonghui/.m2/repository/com/youzan/pay/core/core-utils/1.0.1-SNAPSHOT/core-utils-1.0.1-SNAPSHOT.jar]
2017-08-28 17:41:12.948 [main] DEBUG o.s.core.io.support.PathMatchingResourcePatternResolver - Looking for matching resources in jar file [file:/Users/wulonghui/.m2/repository/com/youzan/pay/core/core-model/1.0.1-SNAPSHOT/core-model-1.0.1-SNAPSHOT.jar]
2017-08-28 17:41:12.949 [main] DEBUG o.s.core.io.support.PathMatchingResourcePatternResolver - Looking for matching resources in jar file [file:/Users/wulonghui/.m2/repository/com/youzan/platform/bootstrap/3.0.9-RELEASE/bootstrap-3.0.9-RELEASE.jar]
2017-08-28 17:41:12.956 [main] DEBUG o.s.core.io.support.PathMatchingResourcePatternResolver - Looking for matching resources in jar file [file:/Users/wulonghui/.m2/repository/com/youzan/platform/haunt-client/3.0.7-RELEASE/haunt-client-3.0.7-RELEASE.jar]
2017-08-28 17:41:12.965 [main] DEBUG o.s.core.io.support.PathMatchingResourcePatternResolver - Looking for matching resources in jar file [file:/Users/wulonghui/.m2/repository/com/youzan/nova/framework/framework-cat/1.0.7-RELEASE/framework-cat-1.0.7-RELEASE.jar]
2017-08-28 17:41:12.967 [main] DEBUG o.s.core.io.support.PathMatchingResourcePatternResolver - Looking for matching resources in jar file [file:/Users/wulonghui/.m2/repository/com/youzan/platform/commons-util/2.0.0-SNAPSHOT/commons-util-2.0.0-SNAPSHOT.jar]
2017-08-28 17:41:12.969 [main] DEBUG o.s.core.io.support.PathMatchingResourcePatternResolver - Looking for matching resources in jar file [file:/Users/wulonghui/.m2/repository/com/alibaba/dubbo/3.0.9-RELEASE/dubbo-3.0.9-RELEASE.jar]
2017-08-28 17:41:12.982 [main] DEBUG o.s.core.io.support.PathMatchingResourcePatternResolver - Looking for matching resources in jar file [file:/Users/wulonghui/.m2/repository/com/youzan/lightning-sdk/0.1.1-SNAPSHOT/lightning-sdk-0.1.1-SNAPSHOT.jar]
2017-08-28 17:41:12.986 [main] DEBUG o.s.core.io.support.PathMatchingResourcePatternResolver - Looking for matching resources in jar file [file:/Users/wulonghui/.m2/repository/com/youzan/platform/track-appender/2.3/track-appender-2.3.jar]
2017-08-28 17:41:12.989 [main] DEBUG o.s.core.io.support.PathMatchingResourcePatternResolver - Looking for matching resources in jar file [file:/Users/wulonghui/.m2/repository/com/youzan/pay/assetcenter.api/0.0.9-20170817-SNAPSHOT/assetcenter.api-0.0.9-20170817-SNAPSHOT.jar]
2017-08-28 17:41:13.013 [main] DEBUG o.s.core.io.support.PathMatchingResourcePatternResolver - Looking for matching resources in jar file [file:/Users/wulonghui/.m2/repository/com/youzan/pay/assetcenter.spi/0.0.9-20170817-SNAPSHOT/assetcenter.spi-0.0.9-20170817-SNAPSHOT.jar]
2017-08-28 17:41:13.015 [main] DEBUG o.s.core.io.support.PathMatchingResourcePatternResolver - Looking for matching resources in jar file [file:/Users/wulonghui/.m2/repository/com/youzan/pay/core/core-validate/1.0.2-20170515-RELEASE/core-validate-1.0.2-20170515-RELEASE.jar]
2017-08-28 17:41:13.016 [main] DEBUG o.s.core.io.support.PathMatchingResourcePatternResolver - Looking for matching resources in jar file [file:/Users/wulonghui/.m2/repository/com/youzan/pay/microaccount-api/0.2.6-20170801-SNAPSHOT/microaccount-api-0.2.6-20170801-SNAPSHOT.jar]
2017-08-28 17:41:13.020 [main] DEBUG o.s.core.io.support.PathMatchingResourcePatternResolver - Looking for matching resources in jar file [file:/Users/wulonghui/.m2/repository/com/youzan/account-api/1.1.16-RELEASE/account-api-1.1.16-RELEASE.jar]
2017-08-28 17:41:13.024 [main] DEBUG o.s.core.io.support.PathMatchingResourcePatternResolver - Looking for matching resources in jar file [file:/Users/wulonghui/.m2/repository/com/youzan/common-model/1.0.1-SNAPSHOT/common-model-1.0.1-SNAPSHOT.jar]
2017-08-28 17:41:13.024 [main] DEBUG o.s.core.io.support.PathMatchingResourcePatternResolver - Looking for matching resources in jar file [file:/Users/wulonghui/.m2/repository/com/youzan/pay/fund_channel.open-api/1.0.0-20170710-RELEASE/fund_channel.open-api-1.0.0-20170710-RELEASE.jar]
2017-08-28 17:41:13.027 [main] DEBUG o.s.core.io.support.PathMatchingResourcePatternResolver - Looking for matching resources in jar file [file:/Users/wulonghui/.m2/repository/com/youzan/pay/fund_channel.core-commons/1.0.0-20170710-RELEASE/fund_channel.core-commons-1.0.0-20170710-RELEASE.jar]
2017-08-28 17:41:13.028 [main] DEBUG o.s.core.io.support.PathMatchingResourcePatternResolver - Looking for matching resources in jar file [file:/Users/wulonghui/.m2/repository/com/youzan/pay/core/0.2.9-20170710-RELEASE/core-0.2.9-20170710-RELEASE.jar]
2017-08-28 17:41:13.031 [main] DEBUG o.s.core.io.support.PathMatchingResourcePatternResolver - Looking for matching resources in jar file [file:/Users/wulonghui/.m2/repository/com/youzan/pay/core/mq-nsq/1.0.2-20170515-RELEASE/mq-nsq-1.0.2-20170515-RELEASE.jar]
2017-08-28 17:41:13.032 [main] DEBUG o.s.core.io.support.PathMatchingResourcePatternResolver - Looking for matching resources in jar file [file:/Users/wulonghui/.m2/repository/com/youzan/NSQ-Client/2.3.20170406-RELEASE/NSQ-Client-2.3.20170406-RELEASE.jar]
2017-08-28 17:41:13.037 [main] DEBUG o.s.core.io.support.PathMatchingResourcePatternResolver - Looking for matching resources in jar file [file:/Users/wulonghui/.m2/repository/com/youzan/DCC-Client/1.1.0330-RELEASE/DCC-Client-1.1.0330-RELEASE.jar]
2017-08-28 17:41:13.041 [main] DEBUG o.s.core.io.support.PathMatchingResourcePatternResolver - Looking for matching resources in jar file [file:/Users/wulonghui/.m2/repository/com/youzan/httpasyncclient/4.1.2-RELEASE/httpasyncclient-4.1.2-RELEASE.jar]
2017-08-28 17:41:13.045 [main] DEBUG o.s.core.io.support.PathMatchingResourcePatternResolver - Looking for matching resources in jar file [file:/Users/wulonghui/.m2/repository/com/youzan/pay/merchant-api/0.0.7-20170804-RELEASE/merchant-api-0.0.7-20170804-RELEASE.jar]
2017-08-28 17:41:13.051 [main] DEBUG o.s.core.io.support.PathMatchingResourcePatternResolver - Looking for matching resources in jar file [file:/Users/wulonghui/.m2/repository/com/youzan/pay/consumer-center/basesearch-api/1.0.0-SNAPSHOT/basesearch-api-1.0.0-SNAPSHOT.jar]
2017-08-28 17:41:13.052 [main] DEBUG o.s.core.io.support.PathMatchingResourcePatternResolver - Looking for matching resources in jar file [file:/Users/wulonghui/.m2/repository/com/youzan/pay/core/api-model/1.0.5-20170710-RELEASE/api-model-1.0.5-20170710-RELEASE.jar]
2017-08-28 17:41:13.053 [main] DEBUG o.s.core.io.support.PathMatchingResourcePatternResolver - Looking for matching resources in jar file [file:/Users/wulonghui/.m2/repository/com/youzan/pay/core/common-model/1.0.5-20170710-RELEASE/common-model-1.0.5-20170710-RELEASE.jar]
2017-08-28 17:41:13.056 [main] DEBUG o.s.core.io.support.PathMatchingResourcePatternResolver - Looking for matching resources in jar file [file:/Users/wulonghui/.m2/repository/com/youzan/pay/cardvoucher/cardvoucher-api/1.0.0-20170822-RELEASE/cardvoucher-api-1.0.0-20170822-RELEASE.jar]
2017-08-28 17:41:13.059 [main] DEBUG o.s.core.io.support.PathMatchingResourcePatternResolver - Looking for matching resources in jar file [file:/Users/wulonghui/.m2/repository/com/youzan/pay/cardvoucher/cardvoucher-common-model/1.0.0-20170822-RELEASE/cardvoucher-common-model-1.0.0-20170822-RELEASE.jar]
2017-08-28 17:41:13.063 [main] DEBUG o.s.core.io.support.PathMatchingResourcePatternResolver - Resolved location pattern [classpath*:com/youzan/**/*.class] to resources [file [/Users/wulonghui/work/unified_cashier/intergration/target/test-classes/com/youzan/pay/unified/cashier/intergration/BaseTest.class], file [/Users/wulonghui/work/unified_cashier/intergration/target/test-classes/com/youzan/pay/unified/cashier/intergration/client/AssetCenterUnifiedPayServiceClientTest.class], file [/Users/wulonghui/work/unified_cashier/intergration/target/test-classes/com/youzan/pay/unified/cashier/intergration/client/ChannelBankCardServiceClientTest.class], file [/Users/wulonghui/work/unified_cashier/intergration/target/test-classes/com/youzan/pay/unified/cashier/intergration/client/MerchantBankCardServiceClientTest.class], file [/Users/wulonghui/work/unified_cashier/intergration/target/test-classes/com/youzan/pay/unified/cashier/intergration/client/QueryPayToolConfigServiceClietTest.class], file [/Users/wulonghui/work/unified_cashier/intergration/target/test-classes/com/youzan/pay/unified/cashier/intergration/client/UserMerchantServiceClientTest.class], file [/Users/wulonghui/work/unified_cashier/intergration/target/classes/com/youzan/pay/unified/cashier/intergration/client/AssetCenterUnifiedPayServiceClient$1.class], file [/Users/wulonghui/work/unified_cashier/intergration/target/classes/com/youzan/pay/unified/cashier/intergration/client/AssetCenterUnifiedPayServiceClient.class], file [/Users/wulonghui/work/unified_cashier/intergration/target/classes/com/youzan/pay/unified/cashier/intergration/client/CashierOrderStatusSearchClient.class], file [/Users/wulonghui/work/unified_cashier/intergration/target/classes/com/youzan/pay/unified/cashier/intergration/client/CashierRechargeServiceClient.class], file [/Users/wulonghui/work/unified_cashier/intergration/target/classes/com/youzan/pay/unified/cashier/intergration/client/ChannelBankCardServiceClient$1.class], file [/Users/wulonghui/work/unified_cashier/intergration/target/classes/com/youzan/pay/unified/cashier/intergration/client/ChannelBankCardServiceClient$2.class], file [/Users/wulonghui/work/unified_cashier/intergration/target/classes/com/youzan/pay/unified/cashier/intergration/client/ChannelBankCardServiceClient$3.class], file [/Users/wulonghui/work/unified_cashier/intergration/target/classes/com/youzan/pay/unified/cashier/intergration/client/ChannelBankCardServiceClient$4.class], file [/Users/wulonghui/work/unified_cashier/intergration/target/classes/com/youzan/pay/unified/cashier/intergration/client/ChannelBankCardServiceClient.class], file [/Users/wulonghui/work/unified_cashier/intergration/target/classes/com/youzan/pay/unified/cashier/intergration/client/MerchantBankCardServiceClient$1.class], file [/Users/wulonghui/work/unified_cashier/intergration/target/classes/com/youzan/pay/unified/cashier/intergration/client/MerchantBankCardServiceClient$2.class], file [/Users/wulonghui/work/unified_cashier/intergration/target/classes/com/youzan/pay/unified/cashier/intergration/client/MerchantBankCardServiceClient$3.class], file [/Users/wulonghui/work/unified_cashier/intergration/target/classes/com/youzan/pay/unified/cashier/intergration/client/MerchantBankCardServiceClient.class], file [/Users/wulonghui/work/unified_cashier/intergration/target/classes/com/youzan/pay/unified/cashier/intergration/client/MicroAccoutServiceClient.class], file [/Users/wulonghui/work/unified_cashier/intergration/target/classes/com/youzan/pay/unified/cashier/intergration/client/QueryPayToolConfigServiceClient.class], file [/Users/wulonghui/work/unified_cashier/intergration/target/classes/com/youzan/pay/unified/cashier/intergration/client/SignKeyServiceClient.class], file [/Users/wulonghui/work/unified_cashier/intergration/target/classes/com/youzan/pay/unified/cashier/intergration/client/SummaryCardQueryServiceClient.class], file [/Users/wulonghui/work/unified_cashier/intergration/target/classes/com/youzan/pay/unified/cashier/intergration/client/UnifiedOrderServiceClient.class], file [/Users/wulonghui/work/unified_cashier/intergration/target/classes/com/youzan/pay/unified/cashier/intergration/client/UnifiedPayServiceClient.class], file [/Users/wulonghui/work/unified_cashier/intergration/target/classes/com/youzan/pay/unified/cashier/intergration/client/UserMerchantServiceClient$1.class], file [/Users/wulonghui/work/unified_cashier/intergration/target/classes/com/youzan/pay/unified/cashier/intergration/client/UserMerchantServiceClient.class], file [/Users/wulonghui/work/unified_cashier/intergration/target/classes/com/youzan/pay/unified/cashier/intergration/common/CashierHandleTemplate.class], file [/Users/wulonghui/work/unified_cashier/intergration/target/classes/com/youzan/pay/unified/cashier/intergration/common/CashierProcessCallBack.class], file [/Users/wulonghui/work/unified_cashier/core-utils/target/classes/com/youzan/pay/unified/cashier/core/utils/common/BankIconConfig.class], file [/Users/wulonghui/work/unified_cashier/core-utils/target/classes/com/youzan/pay/unified/cashier/core/utils/common/DataMixProcessor.class], file [/Users/wulonghui/work/unified_cashier/core-utils/target/classes/com/youzan/pay/unified/cashier/core/utils/common/MyCollector.class], file [/Users/wulonghui/work/unified_cashier/core-utils/target/classes/com/youzan/pay/unified/cashier/core/utils/common/StringNumProcessor.class], file [/Users/wulonghui/work/unified_cashier/core-utils/target/classes/com/youzan/pay/unified/cashier/core/utils/enums/CorrectionLevel.class], file [/Users/wulonghui/work/unified_cashier/core-utils/target/classes/com/youzan/pay/unified/cashier/core/utils/exception/BaseException.class], file [/Users/wulonghui/work/unified_cashier/core-utils/target/classes/com/youzan/pay/unified/cashier/core/utils/exception/CardBaseException.class], file [/Users/wulonghui/work/unified_cashier/core-utils/target/classes/com/youzan/pay/unified/cashier/core/utils/exception/CreateOrderException.class], file [/Users/wulonghui/work/unified_cashier/core-utils/target/classes/com/youzan/pay/unified/cashier/core/utils/model/CacheTradeInfo.class], file [/Users/wulonghui/work/unified_cashier/core-utils/target/classes/com/youzan/pay/unified/cashier/core/utils/model/CashierRechargeGetData.class], file [/Users/wulonghui/work/unified_cashier/core-utils/target/classes/com/youzan/pay/unified/cashier/core/utils/model/GenRechargeInfo.class], file [/Users/wulonghui/work/unified_cashier/core-utils/target/classes/com/youzan/pay/unified/cashier/core/utils/QRCodeGenerator.class], file [/Users/wulonghui/work/unified_cashier/core-utils/target/classes/com/youzan/pay/unified/cashier/core/utils/resultcode/errorcode/CardErrorCode.class], file [/Users/wulonghui/work/unified_cashier/core-utils/target/classes/com/youzan/pay/unified/cashier/core/utils/resultcode/errorcode/CommonErrorCode.class], file [/Users/wulonghui/work/unified_cashier/core-utils/target/classes/com/youzan/pay/unified/cashier/core/utils/resultcode/errorcode/CreateOrderErrorCode.class], file [/Users/wulonghui/work/unified_cashier/core-utils/target/classes/com/youzan/pay/unified/cashier/core/utils/resultcode/errorcode/DispatcherPayErrorCode.class], file [/Users/wulonghui/work/unified_cashier/core-utils/target/classes/com/youzan/pay/unified/cashier/core/utils/resultcode/ModuleCode.class], file [/Users/wulonghui/work/unified_cashier/core-utils/target/classes/com/youzan/pay/unified/cashier/core/utils/resultcode/ResultCode.class], file [/Users/wulonghui/work/unified_cashier/core-utils/target/classes/com/youzan/pay/unified/cashier/core/utils/resultcode/SystemCode.class], file [/Users/wulonghui/work/unified_cashier/core-utils/target/classes/com/youzan/pay/unified/cashier/core/utils/SerializationUtils.class], file [/Users/wulonghui/work/unified_cashier/core-utils/target/classes/com/youzan/pay/unified/cashier/core/utils/SignCheckUtils.class], file [/Users/wulonghui/work/unified_cashier/core-model/target/classes/com/youzan/pay/unified/cashier/core/model/domain/ApiDigestLogInfo.class], file [/Users/wulonghui/work/unified_cashier/core-model/target/classes/com/youzan/pay/unified/cashier/core/model/domain/BaseMonitorLogInfo.class], file [/Users/wulonghui/work/unified_cashier/core-model/target/classes/com/youzan/pay/unified/cashier/core/model/domain/MchBizLogInfo.class], file [/Users/wulonghui/work/unified_cashier/core-model/target/classes/com/youzan/pay/unified/cashier/core/model/domain/QRCodeImage.class], URL [jar:file:/Users/wulonghui/.m2/repository/com/youzan/pay/core/core-utils/1.0.1-SNAPSHOT/core-utils-1.0.1-SNAPSHOT.jar!/com/youzan/pay/core/utils/bean/BeanConvertUtil.class], URL [jar:file:/Users/wulonghui/.m2/repository/com/youzan/pay/core/core-utils/1.0.1-SNAPSHOT/core-utils-1.0.1-SNAPSHOT.jar!/com/youzan/pay/core/utils/bean/converter/IType2ValueConverter.class], URL [jar:file:/Users/wulonghui/.m2/repository/com/youzan/pay/core/core-utils/1.0.1-SNAPSHOT/core-utils-1.0.1-SNAPSHOT.jar!/com/youzan/pay/core/utils/bean/converter/Value2ITypeConverter.class], URL [jar:file:/Users/wulonghui/.m2/repository/com/youzan/pay/core/core-utils/1.0.1-SNAPSHOT/core-utils-1.0.1-SNAPSHOT.jar!/com/youzan/pay/core/utils/bean/converter/ValueOfConverter.class], URL [jar:file:/Users/wulonghui/.m2/repository/com/youzan/pay/core/core-utils/1.0.1-SNAPSHOT/core-utils-1.0.1-SNAPSHOT.jar!/com/youzan/pay/core/utils/bean/hack/HackBeanUtilsBean.class], URL [jar:file:/Users/wulonghui/.m2/repository/com/youzan/pay/core/core-utils/1.0.1-SNAPSHOT/core-utils-1.0.1-SNAPSHOT.jar!/com/youzan/pay/core/utils/bean/hack/HackConvertUtilsBean.class], URL [jar:file:/Users/wulonghui/.m2/repository/com/youzan/pay/core/core-utils/1.0.1-SNAPSHOT/core-utils-1.0.1-SNAPSHOT.jar!/com/youzan/pay/core/utils/bean/IBeanConvert.class], URL [jar:file:/Users/wulonghui/.m2/repository/com/youzan/pay/core/core-utils/1.0.1-SNAPSHOT/core-utils-1.0.1-SNAPSHOT.jar!/com/youzan/pay/core/utils/bizcode/BizCodeUtils.class], URL [jar:file:/Users/wulonghui/.m2/repository/com/youzan/pay/core/core-utils/1.0.1-SNAPSHOT/core-utils-1.0.1-SNAPSHOT.jar!/com/youzan/pay/core/utils/bizcode/BizCodeValidate.class], URL [jar:file:/Users/wulonghui/.m2/repository/com/youzan/pay/core/core-utils/1.0.1-SNAPSHOT/core-utils-1.0.1-SNAPSHOT.jar!/com/youzan/pay/core/utils/bizcode/UnifiedBizCode.class], URL [jar:file:/Users/wulonghui/.m2/repository/com/youzan/pay/core/core-utils/1.0.1-SNAPSHOT/core-utils-1.0.1-SNAPSHOT.jar!/com/youzan/pay/core/utils/exception/ExceptionUtils.class], URL [jar:file:/Users/wulonghui/.m2/repository/com/youzan/pay/core/core-utils/1.0.1-SNAPSHOT/core-utils-1.0.1-SNAPSHOT.jar!/com/youzan/pay/core/utils/format/MsgFmtUtils.class], URL [jar:file:/Users/wulonghui/.m2/repository/com/youzan/pay/core/core-utils/1.0.1-SNAPSHOT/core-utils-1.0.1-SNAPSHOT.jar!/com/youzan/pay/core/utils/handler/Handler.class], URL [jar:file:/Users/wulonghui/.m2/repository/com/youzan/pay/core/core-utils/1.0.1-SNAPSHOT/core-utils-1.0.1-SNAPSHOT.jar!/com/youzan/pay/core/utils/handler/HandlerUtils.class], URL [jar:file:/Users/wulonghui/.m2/repository/com/youzan/pay/core/core-utils/1.0.1-SNAPSHOT/core-utils-1.0.1-SNAPSHOT.jar!/com/youzan/pay/core/utils/log/LogUtils$LogArgEntity.class], URL [jar:file:/Users/wulonghui/.m2/repository/com/youzan/pay/core/core-utils/1.0.1-SNAPSHOT/core-utils-1.0.1-SNAPSHOT.jar!/com/youzan/pay/core/utils/log/LogUtils.class], URL [jar:file:/Users/wulonghui/.m2/repository/com/youzan/pay/core/core-utils/1.0.1-SNAPSHOT/core-utils-1.0.1-SNAPSHOT.jar!/com/youzan/pay/core/utils/money/MoneyUtils.class], URL [jar:file:/Users/wulonghui/.m2/repository/com/youzan/pay/core/core-utils/1.0.1-SNAPSHOT/core-utils-1.0.1-SNAPSHOT.jar!/com/youzan/pay/core/utils/reflect/Reflections.class], URL [jar:file:/Users/wulonghui/.m2/repository/com/youzan/pay/core/core-utils/1.0.1-SNAPSHOT/core-utils-1.0.1-SNAPSHOT.jar!/com/youzan/pay/core/utils/sequence/KeyUtils.class], URL [jar:file:/Users/wulonghui/.m2/repository/com/youzan/pay/core/core-utils/1.0.1-SNAPSHOT/core-utils-1.0.1-SNAPSHOT.jar!/com/youzan/pay/core/utils/spring/SpringUtil.class], URL [jar:file:/Users/wulonghui/.m2/repository/com/youzan/pay/core/core-utils/1.0.1-SNAPSHOT/core-utils-1.0.1-SNAPSHOT.jar!/com/youzan/pay/core/utils/tracer/TracerContextUtils.class], URL [jar:file:/Users/wulonghui/.m2/repository/com/youzan/pay/core/core-utils/1.0.1-SNAPSHOT/core-utils-1.0.1-SNAPSHOT.jar!/com/youzan/pay/core/utils/validate/ValidationResult.class], URL [jar:file:/Users/wulonghui/.m2/repository/com/youzan/pay/core/core-utils/1.0.1-SNAPSHOT/core-utils-1.0.1-SNAPSHOT.jar!/com/youzan/pay/core/utils/validate/ValidationUtils.class], URL [jar:file:/Users/wulonghui/.m2/repository/com/youzan/pay/core/core-utils/1.0.1-SNAPSHOT/core-utils-1.0.1-SNAPSHOT.jar!/com/youzan/pay/core/utils/value/ValueUtils.class], URL [jar:file:/Users/wulonghui/.m2/repository/com/youzan/pay/core/core-model/1.0.1-SNAPSHOT/core-model-1.0.1-SNAPSHOT.jar!/com/youzan/pay/core/model/bean/Genericable.class], URL [jar:file:/Users/wulonghui/.m2/repository/com/youzan/pay/core/core-model/1.0.1-SNAPSHOT/core-model-1.0.1-SNAPSHOT.jar!/com/youzan/pay/core/model/expection/PayBusinessException.class], URL [jar:file:/Users/wulonghui/.m2/repository/com/youzan/pay/core/core-model/1.0.1-SNAPSHOT/core-model-1.0.1-SNAPSHOT.jar!/com/youzan/pay/core/model/expection/PayIdempotentException.class], URL [jar:file:/Users/wulonghui/.m2/repository/com/youzan/pay/core/core-model/1.0.1-SNAPSHOT/core-model-1.0.1-SNAPSHOT.jar!/com/youzan/pay/core/model/param/PageParam.class], URL [jar:file:/Users/wulonghui/.m2/repository/com/youzan/pay/core/core-model/1.0.1-SNAPSHOT/core-model-1.0.1-SNAPSHOT.jar!/com/youzan/pay/core/model/result/PageResult.class], URL [jar:file:/Users/wulonghui/.m2/repository/com/youzan/platform/bootstrap/3.0.9-RELEASE/bootstrap-3.0.9-RELEASE.jar!/com/youzan/platform/bootstrap/common/BeanFactory.class], URL [jar:file:/Users/wulonghui/.m2/repository/com/youzan/platform/bootstrap/3.0.9-RELEASE/bootstrap-3.0.9-RELEASE.jar!/com/youzan/platform/bootstrap/common/ContainerConfig.class], URL [jar:file:/Users/wulonghui/.m2/repository/com/youzan/platform/bootstrap/3.0.9-RELEASE/bootstrap-3.0.9-RELEASE.jar!/com/youzan/platform/bootstrap/container/NovaContainer.class], URL [jar:file:/Users/wulonghui/.m2/repository/com/youzan/platform/bootstrap/3.0.9-RELEASE/bootstrap-3.0.9-RELEASE.jar!/com/youzan/platform/bootstrap/example/api/Demo.class], URL [jar:file:/Users/wulonghui/.m2/repository/com/youzan/platform/bootstrap/3.0.9-RELEASE/bootstrap-3.0.9-RELEASE.jar!/com/youzan/platform/bootstrap/example/api/DemoService.class], URL [jar:file:/Users/wulonghui/.m2/repository/com/youzan/platform/bootstrap/3.0.9-RELEASE/bootstrap-3.0.9-RELEASE.jar!/com/youzan/platform/bootstrap/example/provider/DemoServiceImpl.class], URL [jar:file:/Users/wulonghui/.m2/repository/com/youzan/platform/bootstrap/3.0.9-RELEASE/bootstrap-3.0.9-RELEASE.jar!/com/youzan/platform/bootstrap/exception/BusinessException.class], URL [jar:file:/Users/wulonghui/.m2/repository/com/youzan/platform/bootstrap/3.0.9-RELEASE/bootstrap-3.0.9-RELEASE.jar!/com/youzan/platform/bootstrap/exception/SystemException.class], URL [jar:file:/Users/wulonghui/.m2/repository/com/youzan/platform/bootstrap/3.0.9-RELEASE/bootstrap-3.0.9-RELEASE.jar!/com/youzan/platform/bootstrap/hook/NovaHookServlet.class], URL [jar:file:/Users/wulonghui/.m2/repository/com/youzan/platform/bootstrap/3.0.9-RELEASE/bootstrap-3.0.9-RELEASE.jar!/com/youzan/platform/bootstrap/hook/NovaWebHookProcessor.class], URL [jar:file:/Users/wulonghui/.m2/repository/com/youzan/platform/bootstrap/3.0.9-RELEASE/bootstrap-3.0.9-RELEASE.jar!/com/youzan/platform/bootstrap/rest/extension/AbstractHandler.class], URL [jar:file:/Users/wulonghui/.m2/repository/com/youzan/platform/bootstrap/3.0.9-RELEASE/bootstrap-3.0.9-RELEASE.jar!/com/youzan/platform/bootstrap/rest/extension/CustomerJsonProvider.class], URL [jar:file:/Users/wulonghui/.m2/repository/com/youzan/platform/bootstrap/3.0.9-RELEASE/bootstrap-3.0.9-RELEASE.jar!/com/youzan/platform/bootstrap/rest/extension/RequestHandler.class], URL [jar:file:/Users/wulonghui/.m2/repository/com/youzan/platform/bootstrap/3.0.9-RELEASE/bootstrap-3.0.9-RELEASE.jar!/com/youzan/platform/bootstrap/rest/extension/ResponseHandler.class], URL [jar:file:/Users/wulonghui/.m2/repository/com/youzan/platform/bootstrap/3.0.9-RELEASE/bootstrap-3.0.9-RELEASE.jar!/com/youzan/platform/bootstrap/rest/extension/RestContext$1.class], URL [jar:file:/Users/wulonghui/.m2/repository/com/youzan/platform/bootstrap/3.0.9-RELEASE/bootstrap-3.0.9-RELEASE.jar!/com/youzan/platform/bootstrap/rest/extension/RestContext.class], URL [jar:file:/Users/wulonghui/.m2/repository/com/youzan/platform/bootstrap/3.0.9-RELEASE/bootstrap-3.0.9-RELEASE.jar!/com/youzan/platform/bootstrap/rest/extension/RestExceptionHandler.class], URL [jar:file:/Users/wulonghui/.m2/repository/com/youzan/platform/bootstrap/3.0.9-RELEASE/bootstrap-3.0.9-RELEASE.jar!/com/youzan/platform/bootstrap/rest/message/RestErrorResponse.class], URL [jar:file:/Users/wulonghui/.m2/repository/com/youzan/platform/bootstrap/3.0.9-RELEASE/bootstrap-3.0.9-RELEASE.jar!/com/youzan/platform/bootstrap/rest/message/RestResponse.class], URL [jar:file:/Users/wulonghui/.m2/repository/com/youzan/platform/bootstrap/3.0.9-RELEASE/bootstrap-3.0.9-RELEASE.jar!/com/youzan/platform/bootstrap/rest/php/CallConnectionManager.class], URL [jar:file:/Users/wulonghui/.m2/repository/com/youzan/platform/bootstrap/3.0.9-RELEASE/bootstrap-3.0.9-RELEASE.jar!/com/youzan/platform/bootstrap/rest/php/PhpResponse.class], URL [jar:file:/Users/wulonghui/.m2/repository/com/youzan/platform/bootstrap/3.0.9-RELEASE/bootstrap-3.0.9-RELEASE.jar!/com/youzan/platform/bootstrap/rest/php/PhpResponseConver.class], URL [jar:file:/Users/wulonghui/.m2/repository/com/youzan/platform/bootstrap/3.0.9-RELEASE/bootstrap-3.0.9-RELEASE.jar!/com/youzan/platform/bootstrap/rest/php/PhpService.class], URL [jar:file:/Users/wulonghui/.m2/repository/com/youzan/platform/bootstrap/3.0.9-RELEASE/bootstrap-3.0.9-RELEASE.jar!/com/youzan/platform/bootstrap/rest/php/PhpServiceConfig.class], URL [jar:file:/Users/wulonghui/.m2/repository/com/youzan/platform/bootstrap/3.0.9-RELEASE/bootstrap-3.0.9-RELEASE.jar!/com/youzan/platform/bootstrap/service/ok/impl/OkServiceImpl.class], URL [jar:file:/Users/wulonghui/.m2/repository/com/youzan/platform/bootstrap/3.0.9-RELEASE/bootstrap-3.0.9-RELEASE.jar!/com/youzan/platform/bootstrap/service/ok/OkService.class], URL [jar:file:/Users/wulonghui/.m2/repository/com/youzan/platform/bootstrap/3.0.9-RELEASE/bootstrap-3.0.9-RELEASE.jar!/com/youzan/platform/bootstrap/startup/Bootstrap.class], URL [jar:file:/Users/wulonghui/.m2/repository/com/youzan/platform/haunt-client/3.0.7-RELEASE/haunt-client-3.0.7-RELEASE.jar!/com/youzan/platform/haunt/AbsEtcdWatcher.class], URL [jar:file:/Users/wulonghui/.m2/repository/com/youzan/platform/haunt-client/3.0.7-RELEASE/haunt-client-3.0.7-RELEASE.jar!/com/youzan/platform/haunt/AbstractNode.class], URL [jar:file:/Users/wulonghui/.m2/repository/com/youzan/platform/haunt-client/3.0.7-RELEASE/haunt-client-3.0.7-RELEASE.jar!/com/youzan/platform/haunt/bean/GovernanceInfo.class], URL [jar:file:/Users/wulonghui/.m2/repository/com/youzan/platform/haunt-client/3.0.7-RELEASE/haunt-client-3.0.7-RELEASE.jar!/com/youzan/platform/haunt/bean/GovernRecoverInfo.class], URL [jar:file:/Users/wulonghui/.m2/repository/com/youzan/platform/haunt-client/3.0.7-RELEASE/haunt-client-3.0.7-RELEASE.jar!/com/youzan/platform/haunt/bean/NodeKVInfo.class], URL [jar:file:/Users/wulonghui/.m2/repository/com/youzan/platform/haunt-client/3.0.7-RELEASE/haunt-client-3.0.7-RELEASE.jar!/com/youzan/platform/haunt/cmd/Command.class], URL [jar:file:/Users/wulonghui/.m2/repository/com/youzan/platform/haunt-client/3.0.7-RELEASE/haunt-client-3.0.7-RELEASE.jar!/com/youzan/platform/haunt/cmd/CreateDirCmd.class], URL [jar:file:/Users/wulonghui/.m2/repository/com/youzan/platform/haunt-client/3.0.7-RELEASE/haunt-client-3.0.7-RELEASE.jar!/com/youzan/platform/haunt/cmd/CreateServiceNodeCmd.class], URL [jar:file:/Users/wulonghui/.m2/repository/com/youzan/platform/haunt-client/3.0.7-RELEASE/haunt-client-3.0.7-RELEASE.jar!/com/youzan/platform/haunt/cmd/DeleteDirCmd.class], URL [jar:file:/Users/wulonghui/.m2/repository/com/youzan/platform/haunt-client/3.0.7-RELEASE/haunt-client-3.0.7-RELEASE.jar!/com/youzan/platform/haunt/cmd/GetNodeInfoCmd.class], URL [jar:file:/Users/wulonghui/.m2/repository/com/youzan/platform/haunt-client/3.0.7-RELEASE/haunt-client-3.0.7-RELEASE.jar!/com/youzan/platform/haunt/cmd/ListModuleCmd.class], URL [jar:file:/Users/wulonghui/.m2/repository/com/youzan/platform/haunt-client/3.0.7-RELEASE/haunt-client-3.0.7-RELEASE.jar!/com/youzan/platform/haunt/cmd/ListRecursiveCmd.class], URL [jar:file:/Users/wulonghui/.m2/repository/com/youzan/platform/haunt-client/3.0.7-RELEASE/haunt-client-3.0.7-RELEASE.jar!/com/youzan/platform/haunt/cmd/RemoveServiceNodeCmd.class], URL [jar:file:/Users/wulonghui/.m2/repository/com/youzan/platform/haunt-client/3.0.7-RELEASE/haunt-client-3.0.7-RELEASE.jar!/com/youzan/platform/haunt/cmd/WatchCmd.class], URL [jar:file:/Users/wulonghui/.m2/repository/com/youzan/platform/haunt-client/3.0.7-RELEASE/haunt-client-3.0.7-RELEASE.jar!/com/youzan/platform/haunt/common/Constants.class], URL [jar:file:/Users/wulonghui/.m2/repository/com/youzan/platform/haunt-client/3.0.7-RELEASE/haunt-client-3.0.7-RELEASE.jar!/com/youzan/platform/haunt/common/EtcdErroCode.class], URL [jar:file:/Users/wulonghui/.m2/repository/com/youzan/platform/haunt-client/3.0.7-RELEASE/haunt-client-3.0.7-RELEASE.jar!/com/youzan/platform/haunt/common/NamedThreadFactory.class], URL [jar:file:/Users/wulonghui/.m2/repository/com/youzan/platform/haunt-client/3.0.7-RELEASE/haunt-client-3.0.7-RELEASE.jar!/com/youzan/platform/haunt/common/ParseEtcdError.class], URL [jar:file:/Users/wulonghui/.m2/repository/com/youzan/platform/haunt-client/3.0.7-RELEASE/haunt-client-3.0.7-RELEASE.jar!/com/youzan/platform/haunt/core/EtcdAgentConnectException.class], URL [jar:file:/Users/wulonghui/.m2/repository/com/youzan/platform/haunt-client/3.0.7-RELEASE/haunt-client-3.0.7-RELEASE.jar!/com/youzan/platform/haunt/core/EtcdAgentConnector.class], URL [jar:file:/Users/wulonghui/.m2/repository/com/youzan/platform/haunt-client/3.0.7-RELEASE/haunt-client-3.0.7-RELEASE.jar!/com/youzan/platform/haunt/core/EtcdConnector$1.class], URL [jar:file:/Users/wulonghui/.m2/repository/com/youzan/platform/haunt-client/3.0.7-RELEASE/haunt-client-3.0.7-RELEASE.jar!/com/youzan/platform/haunt/core/EtcdConnector$AsyncTransformation$TransformerWorker.class], URL [jar:file:/Users/wulonghui/.m2/repository/com/youzan/platform/haunt-client/3.0.7-RELEASE/haunt-client-3.0.7-RELEASE.jar!/com/youzan/platform/haunt/core/EtcdConnector$AsyncTransformation.class], URL [jar:file:/Users/wulonghui/.m2/repository/com/youzan/platform/haunt-client/3.0.7-RELEASE/haunt-client-3.0.7-RELEASE.jar!/com/youzan/platform/haunt/core/EtcdConnector$DaemonThreadFactory.class], URL [jar:file:/Users/wulonghui/.m2/repository/com/youzan/platform/haunt-client/3.0.7-RELEASE/haunt-client-3.0.7-RELEASE.jar!/com/youzan/platform/haunt/core/EtcdConnector.class], URL [jar:file:/Users/wulonghui/.m2/repository/com/youzan/platform/haunt-client/3.0.7-RELEASE/haunt-client-3.0.7-RELEASE.jar!/com/youzan/platform/haunt/core/EtcdConnectorException.class], URL [jar:file:/Users/wulonghui/.m2/repository/com/youzan/platform/haunt-client/3.0.7-RELEASE/haunt-client-3.0.7-RELEASE.jar!/com/youzan/platform/haunt/core/EtcdNode.class], URL [jar:file:/Users/wulonghui/.m2/repository/com/youzan/platform/haunt-client/3.0.7-RELEASE/haunt-client-3.0.7-RELEASE.jar!/com/youzan/platform/haunt/core/EtcdResult.class], URL [jar:file:/Users/wulonghui/.m2/repository/com/youzan/platform/haunt-client/3.0.7-RELEASE/haunt-client-3.0.7-RELEASE.jar!/com/youzan/platform/haunt/EtcdClient.class], URL [jar:file:/Users/wulonghui/.m2/repository/com/youzan/platform/haunt-client/3.0.7-RELEASE/haunt-client-3.0.7-RELEASE.jar!/com/youzan/platform/haunt/EtcdClientHandle.class], URL [jar:file:/Users/wulonghui/.m2/repository/com/youzan/platform/haunt-client/3.0.7-RELEASE/haunt-client-3.0.7-RELEASE.jar!/com/youzan/platform/haunt/EtcdDirectoryNode.class], URL [jar:file:/Users/wulonghui/.m2/repository/com/youzan/platform/haunt-client/3.0.7-RELEASE/haunt-client-3.0.7-RELEASE.jar!/com/youzan/platform/haunt/EtcdEventThread$1.class], URL [jar:file:/Users/wulonghui/.m2/repository/com/youzan/platform/haunt-client/3.0.7-RELEASE/haunt-client-3.0.7-RELEASE.jar!/com/youzan/platform/haunt/EtcdEventThread$EtcdEventThreadFactory.class], URL [jar:file:/Users/wulonghui/.m2/repository/com/youzan/platform/haunt-client/3.0.7-RELEASE/haunt-client-3.0.7-RELEASE.jar!/com/youzan/platform/haunt/EtcdEventThread.class], URL [jar:file:/Users/wulonghui/.m2/repository/com/youzan/platform/haunt-client/3.0.7-RELEASE/haunt-client-3.0.7-RELEASE.jar!/com/youzan/platform/haunt/EtcdGovernDirNode.class], URL [jar:file:/Users/wulonghui/.m2/repository/com/youzan/platform/haunt-client/3.0.7-RELEASE/haunt-client-3.0.7-RELEASE.jar!/com/youzan/platform/haunt/EtcdKeyNode.class], URL [jar:file:/Users/wulonghui/.m2/repository/com/youzan/platform/haunt-client/3.0.7-RELEASE/haunt-client-3.0.7-RELEASE.jar!/com/youzan/platform/haunt/EtcdNodeChangeExecutor$1.class], URL [jar:file:/Users/wulonghui/.m2/repository/com/youzan/platform/haunt-client/3.0.7-RELEASE/haunt-client-3.0.7-RELEASE.jar!/com/youzan/platform/haunt/EtcdNodeChangeExecutor$ValueChangeThreadFactory.class], URL [jar:file:/Users/wulonghui/.m2/repository/com/youzan/platform/haunt-client/3.0.7-RELEASE/haunt-client-3.0.7-RELEASE.jar!/com/youzan/platform/haunt/EtcdNodeChangeExecutor.class], URL [jar:file:/Users/wulonghui/.m2/repository/com/youzan/platform/haunt-client/3.0.7-RELEASE/haunt-client-3.0.7-RELEASE.jar!/com/youzan/platform/haunt/HauntClient.class], URL [jar:file:/Users/wulonghui/.m2/repository/com/youzan/platform/haunt-client/3.0.7-RELEASE/haunt-client-3.0.7-RELEASE.jar!/com/youzan/platform/haunt/HauntClientCluster.class], URL [jar:file:/Users/wulonghui/.m2/repository/com/youzan/platform/haunt-client/3.0.7-RELEASE/haunt-client-3.0.7-RELEASE.jar!/com/youzan/platform/haunt/IModuleListener.class], URL [jar:file:/Users/wulonghui/.m2/repository/com/youzan/platform/haunt-client/3.0.7-RELEASE/haunt-client-3.0.7-RELEASE.jar!/com/youzan/platform/haunt/loadbalance/AbstractLoadBalance.class], URL [jar:file:/Users/wulonghui/.m2/repository/com/youzan/platform/haunt-client/3.0.7-RELEASE/haunt-client-3.0.7-RELEASE.jar!/com/youzan/platform/haunt/loadbalance/AtomicPositiveInteger.class], URL [jar:file:/Users/wulonghui/.m2/repository/com/youzan/platform/haunt-client/3.0.7-RELEASE/haunt-client-3.0.7-RELEASE.jar!/com/youzan/platform/haunt/loadbalance/LBConfig.class], URL [jar:file:/Users/wulonghui/.m2/repository/com/youzan/platform/haunt-client/3.0.7-RELEASE/haunt-client-3.0.7-RELEASE.jar!/com/youzan/platform/haunt/loadbalance/LeastActiveLoadBalance.class], URL [jar:file:/Users/wulonghui/.m2/repository/com/youzan/platform/haunt-client/3.0.7-RELEASE/haunt-client-3.0.7-RELEASE.jar!/com/youzan/platform/haunt/loadbalance/LoadBalance.class], URL [jar:file:/Users/wulonghui/.m2/repository/com/youzan/platform/haunt-client/3.0.7-RELEASE/haunt-client-3.0.7-RELEASE.jar!/com/youzan/platform/haunt/loadbalance/LoadBalanceSelector.class], URL [jar:file:/Users/wulonghui/.m2/repository/com/youzan/platform/haunt-client/3.0.7-RELEASE/haunt-client-3.0.7-RELEASE.jar!/com/youzan/platform/haunt/loadbalance/RandomLoadBalance.class], URL [jar:file:/Users/wulonghui/.m2/repository/com/youzan/platform/haunt-client/3.0.7-RELEASE/haunt-client-3.0.7-RELEASE.jar!/com/youzan/platform/haunt/loadbalance/RoundRobinLoadBalance.class], URL [jar:file:/Users/wulonghui/.m2/repository/com/youzan/platform/haunt-client/3.0.7-RELEASE/haunt-client-3.0.7-RELEASE.jar!/com/youzan/platform/haunt/serviceExt/ContainerConfig.class], URL [jar:file:/Users/wulonghui/.m2/repository/com/youzan/platform/haunt-client/3.0.7-RELEASE/haunt-client-3.0.7-RELEASE.jar!/com/youzan/platform/haunt/serviceExt/events/EtcdRegistration.class], URL [jar:file:/Users/wulonghui/.m2/repository/com/youzan/platform/haunt-client/3.0.7-RELEASE/haunt-client-3.0.7-RELEASE.jar!/com/youzan/platform/haunt/serviceExt/events/GovernEventType.class], URL [jar:file:/Users/wulonghui/.m2/repository/com/youzan/platform/haunt-client/3.0.7-RELEASE/haunt-client-3.0.7-RELEASE.jar!/com/youzan/platform/haunt/serviceExt/NovaGovernance$1.class], URL [jar:file:/Users/wulonghui/.m2/repository/com/youzan/platform/haunt-client/3.0.7-RELEASE/haunt-client-3.0.7-RELEASE.jar!/com/youzan/platform/haunt/serviceExt/NovaGovernance$2.class], URL [jar:file:/Users/wulonghui/.m2/repository/com/youzan/platform/haunt-client/3.0.7-RELEASE/haunt-client-3.0.7-RELEASE.jar!/com/youzan/platform/haunt/serviceExt/NovaGovernance.class], URL [jar:file:/Users/wulonghui/.m2/repository/com/youzan/platform/haunt-client/3.0.7-RELEASE/haunt-client-3.0.7-RELEASE.jar!/com/youzan/platform/haunt/serviceExt/NovaGovernCache.class], URL [jar:file:/Users/wulonghui/.m2/repository/com/youzan/platform/haunt-client/3.0.7-RELEASE/haunt-client-3.0.7-RELEASE.jar!/com/youzan/platform/haunt/serviceExt/ServiceUtils.class], URL [jar:file:/Users/wulonghui/.m2/repository/com/youzan/platform/haunt-client/3.0.7-RELEASE/haunt-client-3.0.7-RELEASE.jar!/com/youzan/platform/haunt/ServiceNodeInfo.class], URL [jar:file:/Users/wulonghui/.m2/repository/com/youzan/platform/haunt-client/3.0.7-RELEASE/haunt-client-3.0.7-RELEASE.jar!/com/youzan/platform/haunt/URL.class], URL [jar:file:/Users/wulonghui/.m2/repository/com/youzan/nova/framework/framework-cat/1.0.7-RELEASE/framework-cat-1.0.7-RELEASE.jar!/com/youzan/nova/framework/cat/annotation/aop/CustomerMethodAop.class], URL [jar:file:/Users/wulonghui/.m2/repository/com/youzan/nova/framework/framework-cat/1.0.7-RELEASE/framework-cat-1.0.7-RELEASE.jar!/com/youzan/nova/framework/cat/annotation/aop/TracingAop.class], URL [jar:file:/Users/wulonghui/.m2/repository/com/youzan/nova/framework/framework-cat/1.0.7-RELEASE/framework-cat-1.0.7-RELEASE.jar!/com/youzan/nova/framework/cat/annotation/CustomerMethod.class], URL [jar:file:/Users/wulonghui/.m2/repository/com/youzan/nova/framework/framework-cat/1.0.7-RELEASE/framework-cat-1.0.7-RELEASE.jar!/com/youzan/nova/framework/cat/annotation/TracingAnnotation.class], URL [jar:file:/Users/wulonghui/.m2/repository/com/youzan/nova/framework/framework-cat/1.0.7-RELEASE/framework-cat-1.0.7-RELEASE.jar!/com/youzan/nova/framework/cat/context/MyCatContext.class], URL [jar:file:/Users/wulonghui/.m2/repository/com/youzan/nova/framework/framework-cat/1.0.7-RELEASE/framework-cat-1.0.7-RELEASE.jar!/com/youzan/nova/framework/cat/context/RpcCatContext$1.class], URL [jar:file:/Users/wulonghui/.m2/repository/com/youzan/nova/framework/framework-cat/1.0.7-RELEASE/framework-cat-1.0.7-RELEASE.jar!/com/youzan/nova/framework/cat/context/RpcCatContext.class], URL [jar:file:/Users/wulonghui/.m2/repository/com/youzan/nova/framework/framework-cat/1.0.7-RELEASE/framework-cat-1.0.7-RELEASE.jar!/com/youzan/nova/framework/cat/filter/AbstractMyCatFilter.class], URL [jar:file:/Users/wulonghui/.m2/repository/com/youzan/nova/framework/framework-cat/1.0.7-RELEASE/framework-cat-1.0.7-RELEASE.jar!/com/youzan/nova/framework/cat/filter/ConsumerCatFilter.class], URL [jar:file:/Users/wulonghui/.m2/repository/com/youzan/nova/framework/framework-cat/1.0.7-RELEASE/framework-cat-1.0.7-RELEASE.jar!/com/youzan/nova/framework/cat/filter/ProviderCatFilter.class], URL [jar:file:/Users/wulonghui/.m2/repository/com/youzan/platform/commons-util/2.0.0-SNAPSHOT/commons-util-2.0.0-SNAPSHOT.jar!/com/youzan/platform/util/json/JsonUtil.class], URL [jar:file:/Users/wulonghui/.m2/repository/com/youzan/platform/commons-util/2.0.0-SNAPSHOT/commons-util-2.0.0-SNAPSHOT.jar!/com/youzan/platform/util/lang/DateUtil.class], URL [jar:file:/Users/wulonghui/.m2/repository/com/youzan/platform/commons-util/2.0.0-SNAPSHOT/commons-util-2.0.0-SNAPSHOT.jar!/com/youzan/platform/util/lang/StringUtil.class], URL [jar:file:/Users/wulonghui/.m2/repository/com/youzan/platform/commons-util/2.0.0-SNAPSHOT/commons-util-2.0.0-SNAPSHOT.jar!/com/youzan/platform/util/net/HttpUtil.class], URL [jar:file:/Users/wulonghui/.m2/repository/com/youzan/platform/commons-util/2.0.0-SNAPSHOT/commons-util-2.0.0-SNAPSHOT.jar!/com/youzan/platform/util/security/MD5.class], URL [jar:file:/Users/wulonghui/.m2/repository/com/youzan/platform/commons-util/2.0.0-SNAPSHOT/commons-util-2.0.0-SNAPSHOT.jar!/com/youzan/platform/util/xml/XmlMapConverUtil.class], URL [jar:file:/Users/wulonghui/.m2/repository/com/alibaba/dubbo/3.0.9-RELEASE/dubbo-3.0.9-RELEASE.jar!/com/youzan/nova/framework/config/HauntIsolatorConfig.class], URL [jar:file:/Users/wulonghui/.m2/repository/com/alibaba/dubbo/3.0.9-RELEASE/dubbo-3.0.9-RELEASE.jar!/com/youzan/nova/framework/schema/HauntIsolatorParser.class], URL [jar:file:/Users/wulonghui/.m2/repository/com/alibaba/dubbo/3.0.9-RELEASE/dubbo-3.0.9-RELEASE.jar!/com/youzan/nova/framework/schema/HauntNamespaceHandler.class], URL [jar:file:/Users/wulonghui/.m2/repository/com/alibaba/dubbo/3.0.9-RELEASE/dubbo-3.0.9-RELEASE.jar!/com/youzan/nova/framework/filter/NovaThriftCheckFilter.class], URL [jar:file:/Users/wulonghui/.m2/repository/com/alibaba/dubbo/3.0.9-RELEASE/dubbo-3.0.9-RELEASE.jar!/com/youzan/nova/rpc/protocol/nova/ext/MultiServiceProcessor.class], URL [jar:file:/Users/wulonghui/.m2/repository/com/alibaba/dubbo/3.0.9-RELEASE/dubbo-3.0.9-RELEASE.jar!/com/youzan/nova/rpc/protocol/nova/io/InputStreamWrapper.class], URL [jar:file:/Users/wulonghui/.m2/repository/com/alibaba/dubbo/3.0.9-RELEASE/dubbo-3.0.9-RELEASE.jar!/com/youzan/nova/rpc/protocol/nova/io/RandomAccessByteArrayOutputStream.class], URL [jar:file:/Users/wulonghui/.m2/repository/com/alibaba/dubbo/3.0.9-RELEASE/dubbo-3.0.9-RELEASE.jar!/com/youzan/nova/rpc/protocol/nova/NovaCodec.class], URL [jar:file:/Users/wulonghui/.m2/repository/com/alibaba/dubbo/3.0.9-RELEASE/dubbo-3.0.9-RELEASE.jar!/com/youzan/nova/rpc/protocol/nova/NovaConstants.class], URL [jar:file:/Users/wulonghui/.m2/repository/com/alibaba/dubbo/3.0.9-RELEASE/dubbo-3.0.9-RELEASE.jar!/com/youzan/nova/rpc/protocol/nova/NovaInvoker.class], URL [jar:file:/Users/wulonghui/.m2/repository/com/alibaba/dubbo/3.0.9-RELEASE/dubbo-3.0.9-RELEASE.jar!/com/youzan/nova/rpc/protocol/nova/NovaLazyConnectExchangeClient.class], URL [jar:file:/Users/wulonghui/.m2/repository/com/alibaba/dubbo/3.0.9-RELEASE/dubbo-3.0.9-RELEASE.jar!/com/youzan/nova/rpc/protocol/nova/NovaProtocol$1.class], URL [jar:file:/Users/wulonghui/.m2/repository/com/alibaba/dubbo/3.0.9-RELEASE/dubbo-3.0.9-RELEASE.jar!/com/youzan/nova/rpc/protocol/nova/NovaProtocol.class], URL [jar:file:/Users/wulonghui/.m2/repository/com/alibaba/dubbo/3.0.9-RELEASE/dubbo-3.0.9-RELEASE.jar!/com/youzan/nova/rpc/protocol/nova/NovaReferCountExchangeClient.class], URL [jar:file:/Users/wulonghui/.m2/repository/com/alibaba/dubbo/3.0.9-RELEASE/dubbo-3.0.9-RELEASE.jar!/com/youzan/nova/rpc/protocol/nova/RemotingBuilder$RequestBuilder.class], URL [jar:file:/Users/wulonghui/.m2/repository/com/alibaba/dubbo/3.0.9-RELEASE/dubbo-3.0.9-RELEASE.jar!/com/youzan/nova/rpc/protocol/nova/RemotingBuilder$ResponseBuilder.class], URL [jar:file:/Users/wulonghui/.m2/repository/com/alibaba/dubbo/3.0.9-RELEASE/dubbo-3.0.9-RELEASE.jar!/com/youzan/nova/rpc/protocol/nova/RemotingBuilder.class], URL [jar:file:/Users/wulonghui/.m2/repository/com/alibaba/dubbo/3.0.9-RELEASE/dubbo-3.0.9-RELEASE.jar!/com/youzan/nova/registry/haunt/ChildListener.class], URL [jar:file:/Users/wulonghui/.m2/repository/com/alibaba/dubbo/3.0.9-RELEASE/dubbo-3.0.9-RELEASE.jar!/com/youzan/nova/registry/haunt/HauntRegistry$1.class], URL [jar:file:/Users/wulonghui/.m2/repository/com/alibaba/dubbo/3.0.9-RELEASE/dubbo-3.0.9-RELEASE.jar!/com/youzan/nova/registry/haunt/HauntRegistry.class], URL [jar:file:/Users/wulonghui/.m2/repository/com/alibaba/dubbo/3.0.9-RELEASE/dubbo-3.0.9-RELEASE.jar!/com/youzan/nova/registry/haunt/HauntRegistryContainer$1.class], URL [jar:file:/Users/wulonghui/.m2/repository/com/alibaba/dubbo/3.0.9-RELEASE/dubbo-3.0.9-RELEASE.jar!/com/youzan/nova/registry/haunt/HauntRegistryContainer$GovernEvent.class], URL [jar:file:/Users/wulonghui/.m2/repository/com/alibaba/dubbo/3.0.9-RELEASE/dubbo-3.0.9-RELEASE.jar!/com/youzan/nova/registry/haunt/HauntRegistryContainer$ProviderContainer.class], URL [jar:file:/Users/wulonghui/.m2/repository/com/alibaba/dubbo/3.0.9-RELEASE/dubbo-3.0.9-RELEASE.jar!/com/youzan/nova/registry/haunt/HauntRegistryContainer.class], URL [jar:file:/Users/wulonghui/.m2/repository/com/alibaba/dubbo/3.0.9-RELEASE/dubbo-3.0.9-RELEASE.jar!/com/youzan/nova/registry/haunt/HauntRegistryFactory.class], URL [jar:file:/Users/wulonghui/.m2/repository/com/alibaba/dubbo/3.0.9-RELEASE/dubbo-3.0.9-RELEASE.jar!/com/youzan/nova/registry/haunt/ServiceInfo.class], URL [jar:file:/Users/wulonghui/.m2/repository/com/alibaba/dubbo/3.0.9-RELEASE/dubbo-3.0.9-RELEASE.jar!/com/youzan/nova/container/hook/ExtContainerHook.class], URL [jar:file:/Users/wulonghui/.m2/repository/com/alibaba/dubbo/3.0.9-RELEASE/dubbo-3.0.9-RELEASE.jar!/com/youzan/nova/container/hook/HookContainer.class], URL [jar:file:/Users/wulonghui/.m2/repository/com/alibaba/dubbo/3.0.9-RELEASE/dubbo-3.0.9-RELEASE.jar!/com/youzan/nova/monitor/hawk/v1/HawkMonitor$1.class], URL [jar:file:/Users/wulonghui/.m2/repository/com/alibaba/dubbo/3.0.9-RELEASE/dubbo-3.0.9-RELEASE.jar!/com/youzan/nova/monitor/hawk/v1/HawkMonitor.class], URL [jar:file:/Users/wulonghui/.m2/repository/com/alibaba/dubbo/3.0.9-RELEASE/dubbo-3.0.9-RELEASE.jar!/com/youzan/nova/monitor/hawk/v1/HawkMonitorFactory.class], URL [jar:file:/Users/wulonghui/.m2/repository/com/alibaba/dubbo/3.0.9-RELEASE/dubbo-3.0.9-RELEASE.jar!/com/youzan/nova/monitor/hawk/v1/HawkService.class], URL [jar:file:/Users/wulonghui/.m2/repository/com/alibaba/dubbo/3.0.9-RELEASE/dubbo-3.0.9-RELEASE.jar!/com/youzan/nova/monitor/hawk/v1/MonitorFormat.class], URL [jar:file:/Users/wulonghui/.m2/repository/com/alibaba/dubbo/3.0.9-RELEASE/dubbo-3.0.9-RELEASE.jar!/com/youzan/nova/monitor/hawk/v1/Statistics.class], URL [jar:file:/Users/wulonghui/.m2/repository/com/alibaba/dubbo/3.0.9-RELEASE/dubbo-3.0.9-RELEASE.jar!/com/youzan/nova/monitor/hawk/v2/HawkClient.class], URL [jar:file:/Users/wulonghui/.m2/repository/com/alibaba/dubbo/3.0.9-RELEASE/dubbo-3.0.9-RELEASE.jar!/com/youzan/nova/monitor/hawk/v2/HawkStatistics.class], URL [jar:file:/Users/wulonghui/.m2/repository/com/alibaba/dubbo/3.0.9-RELEASE/dubbo-3.0.9-RELEASE.jar!/com/youzan/nova/monitor/hawk/v2/MockHawkClient.class], URL [jar:file:/Users/wulonghui/.m2/repository/com/alibaba/dubbo/3.0.9-RELEASE/dubbo-3.0.9-RELEASE.jar!/com/youzan/nova/monitor/hawk/v2/SimpleHawkClient.class], URL [jar:file:/Users/wulonghui/.m2/repository/com/alibaba/dubbo/3.0.9-RELEASE/dubbo-3.0.9-RELEASE.jar!/com/youzan/nova/monitor/hawk/v2/SimpleHawkMonitor$1.class], URL [jar:file:/Users/wulonghui/.m2/repository/com/alibaba/dubbo/3.0.9-RELEASE/dubbo-3.0.9-RELEASE.jar!/com/youzan/nova/monitor/hawk/v2/SimpleHawkMonitor.class], URL [jar:file:/Users/wulonghui/.m2/repository/com/alibaba/dubbo/3.0.9-RELEASE/dubbo-3.0.9-RELEASE.jar!/com/youzan/nova/monitor/hawk/v2/SimpleHawkMonitorFactory.class], URL [jar:file:/Users/wulonghui/.m2/repository/com/youzan/lightning-sdk/0.1.1-SNAPSHOT/lightning-sdk-0.1.1-SNAPSHOT.jar!/com/youzan/lightning/sdk/adapter/Adapter.class], URL [jar:file:/Users/wulonghui/.m2/repository/com/youzan/lightning-sdk/0.1.1-SNAPSHOT/lightning-sdk-0.1.1-SNAPSHOT.jar!/com/youzan/lightning/sdk/adapter/ClientRequestAdapter.class], URL [jar:file:/Users/wulonghui/.m2/repository/com/youzan/lightning-sdk/0.1.1-SNAPSHOT/lightning-sdk-0.1.1-SNAPSHOT.jar!/com/youzan/lightning/sdk/adapter/ClientResponseAdapter$NoneClientResponseAdapter.class], URL [jar:file:/Users/wulonghui/.m2/repository/com/youzan/lightning-sdk/0.1.1-SNAPSHOT/lightning-sdk-0.1.1-SNAPSHOT.jar!/com/youzan/lightning/sdk/adapter/ClientResponseAdapter.class], URL [jar:file:/Users/wulonghui/.m2/repository/com/youzan/lightning-sdk/0.1.1-SNAPSHOT/lightning-sdk-0.1.1-SNAPSHOT.jar!/com/youzan/lightning/sdk/adapter/ServerRequestAdapter.class], URL [jar:file:/Users/wulonghui/.m2/repository/com/youzan/lightning-sdk/0.1.1-SNAPSHOT/lightning-sdk-0.1.1-SNAPSHOT.jar!/com/youzan/lightning/sdk/adapter/ServerResponseAdapter$NoneServerResponseAdapter.class], URL [jar:file:/Users/wulonghui/.m2/repository/com/youzan/lightning-sdk/0.1.1-SNAPSHOT/lightning-sdk-0.1.1-SNAPSHOT.jar!/com/youzan/lightning/sdk/adapter/ServerResponseAdapter.class], URL [jar:file:/Users/wulonghui/.m2/repository/com/youzan/lightning-sdk/0.1.1-SNAPSHOT/lightning-sdk-0.1.1-SNAPSHOT.jar!/com/youzan/lightning/sdk/Application.class], URL [jar:file:/Users/wulonghui/.m2/repository/com/youzan/lightning-sdk/0.1.1-SNAPSHOT/lightning-sdk-0.1.1-SNAPSHOT.jar!/com/youzan/lightning/sdk/ApplicationType.class], URL [jar:file:/Users/wulonghui/.m2/repository/com/youzan/lightning-sdk/0.1.1-SNAPSHOT/lightning-sdk-0.1.1-SNAPSHOT.jar!/com/youzan/lightning/sdk/ClientTracer$ClientTracerBuilder.class], URL [jar:file:/Users/wulonghui/.m2/repository/com/youzan/lightning-sdk/0.1.1-SNAPSHOT/lightning-sdk-0.1.1-SNAPSHOT.jar!/com/youzan/lightning/sdk/ClientTracer.class], URL [jar:file:/Users/wulonghui/.m2/repository/com/youzan/lightning-sdk/0.1.1-SNAPSHOT/lightning-sdk-0.1.1-SNAPSHOT.jar!/com/youzan/lightning/sdk/context/ClientSpanContext.class], URL [jar:file:/Users/wulonghui/.m2/repository/com/youzan/lightning-sdk/0.1.1-SNAPSHOT/lightning-sdk-0.1.1-SNAPSHOT.jar!/com/youzan/lightning/sdk/context/LightningContext.class], URL [jar:file:/Users/wulonghui/.m2/repository/com/youzan/lightning-sdk/0.1.1-SNAPSHOT/lightning-sdk-0.1.1-SNAPSHOT.jar!/com/youzan/lightning/sdk/context/LocalSpanContext.class], URL [jar:file:/Users/wulonghui/.m2/repository/com/youzan/lightning-sdk/0.1.1-SNAPSHOT/lightning-sdk-0.1.1-SNAPSHOT.jar!/com/youzan/lightning/sdk/context/NamedThreadLocal.class], URL [jar:file:/Users/wulonghui/.m2/repository/com/youzan/lightning-sdk/0.1.1-SNAPSHOT/lightning-sdk-0.1.1-SNAPSHOT.jar!/com/youzan/lightning/sdk/context/ServerSpan.class], URL [jar:file:/Users/wulonghui/.m2/repository/com/youzan/lightning-sdk/0.1.1-SNAPSHOT/lightning-sdk-0.1.1-SNAPSHOT.jar!/com/youzan/lightning/sdk/context/ServerSpanContext.class], URL [jar:file:/Users/wulonghui/.m2/repository/com/youzan/lightning-sdk/0.1.1-SNAPSHOT/lightning-sdk-0.1.1-SNAPSHOT.jar!/com/youzan/lightning/sdk/context/ThreadLocalContext.class], URL [jar:file:/Users/wulonghui/.m2/repository/com/youzan/lightning-sdk/0.1.1-SNAPSHOT/lightning-sdk-0.1.1-SNAPSHOT.jar!/com/youzan/lightning/sdk/DefaultRandomIDGenerator.class], URL [jar:file:/Users/wulonghui/.m2/repository/com/youzan/lightning-sdk/0.1.1-SNAPSHOT/lightning-sdk-0.1.1-SNAPSHOT.jar!/com/youzan/lightning/sdk/Endpoint.class], URL [jar:file:/Users/wulonghui/.m2/repository/com/youzan/lightning-sdk/0.1.1-SNAPSHOT/lightning-sdk-0.1.1-SNAPSHOT.jar!/com/youzan/lightning/sdk/IDGenerator.class], URL [jar:file:/Users/wulonghui/.m2/repository/com/youzan/lightning-sdk/0.1.1-SNAPSHOT/lightning-sdk-0.1.1-SNAPSHOT.jar!/com/youzan/lightning/sdk/interceptor/ClientRequestInterceptor.class], URL [jar:file:/Users/wulonghui/.m2/repository/com/youzan/lightning-sdk/0.1.1-SNAPSHOT/lightning-sdk-0.1.1-SNAPSHOT.jar!/com/youzan/lightning/sdk/interceptor/ClientResponseInterceptor.class], URL [jar:file:/Users/wulonghui/.m2/repository/com/youzan/lightning-sdk/0.1.1-SNAPSHOT/lightning-sdk-0.1.1-SNAPSHOT.jar!/com/youzan/lightning/sdk/interceptor/Interceptor.class], URL [jar:file:/Users/wulonghui/.m2/repository/com/youzan/lightning-sdk/0.1.1-SNAPSHOT/lightning-sdk-0.1.1-SNAPSHOT.jar!/com/youzan/lightning/sdk/interceptor/ServerRequestInterceptor.class], URL [jar:file:/Users/wulonghui/.m2/repository/com/youzan/lightning-sdk/0.1.1-SNAPSHOT/lightning-sdk-0.1.1-SNAPSHOT.jar!/com/youzan/lightning/sdk/interceptor/ServerResponseInterceptor.class], URL [jar:file:/Users/wulonghui/.m2/repository/com/youzan/lightning-sdk/0.1.1-SNAPSHOT/lightning-sdk-0.1.1-SNAPSHOT.jar!/com/youzan/lightning/sdk/Lightning$Builder.class], URL [jar:file:/Users/wulonghui/.m2/repository/com/youzan/lightning-sdk/0.1.1-SNAPSHOT/lightning-sdk-0.1.1-SNAPSHOT.jar!/com/youzan/lightning/sdk/Lightning.class], URL [jar:file:/Users/wulonghui/.m2/repository/com/youzan/lightning-sdk/0.1.1-SNAPSHOT/lightning-sdk-0.1.1-SNAPSHOT.jar!/com/youzan/lightning/sdk/LoggingSpanCollector.class], URL [jar:file:/Users/wulonghui/.m2/repository/com/youzan/lightning-sdk/0.1.1-SNAPSHOT/lightning-sdk-0.1.1-SNAPSHOT.jar!/com/youzan/lightning/sdk/protocol/Constants.class], URL [jar:file:/Users/wulonghui/.m2/repository/com/youzan/lightning-sdk/0.1.1-SNAPSHOT/lightning-sdk-0.1.1-SNAPSHOT.jar!/com/youzan/lightning/sdk/protocol/Span$BinAnnotation.class], URL [jar:file:/Users/wulonghui/.m2/repository/com/youzan/lightning-sdk/0.1.1-SNAPSHOT/lightning-sdk-0.1.1-SNAPSHOT.jar!/com/youzan/lightning/sdk/protocol/Span.class], URL [jar:file:/Users/wulonghui/.m2/repository/com/youzan/lightning-sdk/0.1.1-SNAPSHOT/lightning-sdk-0.1.1-SNAPSHOT.jar!/com/youzan/lightning/sdk/ServerTracer$ServerTracerBuilder.class], URL [jar:file:/Users/wulonghui/.m2/repository/com/youzan/lightning-sdk/0.1.1-SNAPSHOT/lightning-sdk-0.1.1-SNAPSHOT.jar!/com/youzan/lightning/sdk/ServerTracer.class], URL [jar:file:/Users/wulonghui/.m2/repository/com/youzan/lightning-sdk/0.1.1-SNAPSHOT/lightning-sdk-0.1.1-SNAPSHOT.jar!/com/youzan/lightning/sdk/SpanAndEndpoint$ClientSpanAndEndPoint.class], URL [jar:file:/Users/wulonghui/.m2/repository/com/youzan/lightning-sdk/0.1.1-SNAPSHOT/lightning-sdk-0.1.1-SNAPSHOT.jar!/com/youzan/lightning/sdk/SpanAndEndpoint$ServerSpanAndEndPoint.class], URL [jar:file:/Users/wulonghui/.m2/repository/com/youzan/lightning-sdk/0.1.1-SNAPSHOT/lightning-sdk-0.1.1-SNAPSHOT.jar!/com/youzan/lightning/sdk/SpanAndEndpoint.class], URL [jar:file:/Users/wulonghui/.m2/repository/com/youzan/lightning-sdk/0.1.1-SNAPSHOT/lightning-sdk-0.1.1-SNAPSHOT.jar!/com/youzan/lightning/sdk/SpanCollector.class], URL [jar:file:/Users/wulonghui/.m2/repository/com/youzan/lightning-sdk/0.1.1-SNAPSHOT/lightning-sdk-0.1.1-SNAPSHOT.jar!/com/youzan/lightning/sdk/SpanId.class], URL [jar:file:/Users/wulonghui/.m2/repository/com/youzan/lightning-sdk/0.1.1-SNAPSHOT/lightning-sdk-0.1.1-SNAPSHOT.jar!/com/youzan/lightning/sdk/Submitter$1.class], URL [jar:file:/Users/wulonghui/.m2/repository/com/youzan/lightning-sdk/0.1.1-SNAPSHOT/lightning-sdk-0.1.1-SNAPSHOT.jar!/com/youzan/lightning/sdk/Submitter$AnnotationSubmitterImpl.class], URL [jar:file:/Users/wulonghui/.m2/repository/com/youzan/lightning-sdk/0.1.1-SNAPSHOT/lightning-sdk-0.1.1-SNAPSHOT.jar!/com/youzan/lightning/sdk/Submitter.class], URL [jar:file:/Users/wulonghui/.m2/repository/com/youzan/platform/track-appender/2.3/track-appender-2.3.jar!/com/youzan/track/appender/BaseAppender.class], URL [jar:file:/Users/wulonghui/.m2/repository/com/youzan/platform/track-appender/2.3/track-appender-2.3.jar!/com/youzan/track/appender/entity/Error.class], URL [jar:file:/Users/wulonghui/.m2/repository/com/youzan/platform/track-appender/2.3/track-appender-2.3.jar!/com/youzan/track/appender/entity/LogData.class], URL [jar:file:/Users/wulonghui/.m2/repository/com/youzan/platform/track-appender/2.3/track-appender-2.3.jar!/com/youzan/track/appender/entity/LogDataDetail.class], URL [jar:file:/Users/wulonghui/.m2/repository/com/youzan/platform/track-appender/2.3/track-appender-2.3.jar!/com/youzan/track/appender/entity/LogType.class], URL [jar:file:/Users/wulonghui/.m2/repository/com/youzan/platform/track-appender/2.3/track-appender-2.3.jar!/com/youzan/track/appender/entity/Topic.class], URL [jar:file:/Users/wulonghui/.m2/repository/com/youzan/platform/track-appender/2.3/track-appender-2.3.jar!/com/youzan/track/appender/FrameworkAppender.class], URL [jar:file:/Users/wulonghui/.m2/repository/com/youzan/platform/track-appender/2.3/track-appender-2.3.jar!/com/youzan/track/appender/NullAppender.class], URL [jar:file:/Users/wulonghui/.m2/repository/com/youzan/platform/track-appender/2.3/track-appender-2.3.jar!/com/youzan/track/appender/PersistenceAppender.class], URL [jar:file:/Users/wulonghui/.m2/repository/com/youzan/platform/track-appender/2.3/track-appender-2.3.jar!/com/youzan/track/appender/sender/TrackSender.class], URL [jar:file:/Users/wulonghui/.m2/repository/com/youzan/platform/track-appender/2.3/track-appender-2.3.jar!/com/youzan/track/appender/sender/TrackTask.class], URL [jar:file:/Users/wulonghui/.m2/repository/com/youzan/platform/track-appender/2.3/track-appender-2.3.jar!/com/youzan/track/appender/sender/TrackTCPSender$1.class], URL [jar:file:/Users/wulonghui/.m2/repository/com/youzan/platform/track-appender/2.3/track-appender-2.3.jar!/com/youzan/track/appender/sender/TrackTCPSender.class], URL [jar:file:/Users/wulonghui/.m2/repository/com/youzan/platform/track-appender/2.3/track-appender-2.3.jar!/com/youzan/track/appender/sender/TrackThreadFactory.class], URL [jar:file:/Users/wulonghui/.m2/repository/com/youzan/platform/track-appender/2.3/track-appender-2.3.jar!/com/youzan/track/appender/sender/TrackUDPSender$1.class], URL [jar:file:/Users/wulonghui/.m2/repository/com/youzan/platform/track-appender/2.3/track-appender-2.3.jar!/com/youzan/track/appender/sender/TrackUDPSender.class], URL [jar:file:/Users/wulonghui/.m2/repository/com/youzan/platform/track-appender/2.3/track-appender-2.3.jar!/com/youzan/track/appender/SoaAppender.class], URL [jar:file:/Users/wulonghui/.m2/repository/com/youzan/platform/track-appender/2.3/track-appender-2.3.jar!/com/youzan/track/appender/TrackAppender.class], URL [jar:file:/Users/wulonghui/.m2/repository/com/youzan/platform/track-appender/2.3/track-appender-2.3.jar!/com/youzan/track/appender/util/Config.class], URL [jar:file:/Users/wulonghui/.m2/repository/com/youzan/pay/assetcenter.api/0.0.9-20170817-SNAPSHOT/assetcenter.api-0.0.9-20170817-SNAPSHOT.jar!/com/youzan/pay/assetcenter/api/AcquireOrderQueryService.class], URL [jar:file:/Users/wulonghui/.m2/repository/com/youzan/pay/assetcenter.api/0.0.9-20170817-SNAPSHOT/assetcenter.api-0.0.9-20170817-SNAPSHOT.jar!/com/youzan/pay/assetcenter/api/AcquireOrderService.class], URL [jar:file:/Users/wulonghui/.m2/repository/com/youzan/pay/assetcenter.api/0.0.9-20170817-SNAPSHOT/assetcenter.api-0.0.9-20170817-SNAPSHOT.jar!/com/youzan/pay/assetcenter/api/AcquireRefundService.class], URL [jar:file:/Users/wulonghui/.m2/repository/com/youzan/pay/assetcenter.api/0.0.9-20170817-SNAPSHOT/assetcenter.api-0.0.9-20170817-SNAPSHOT.jar!/com/youzan/pay/assetcenter/api/AcquireWithdrawService.class], URL [jar:file:/Users/wulonghui/.m2/repository/com/youzan/pay/assetcenter.api/0.0.9-20170817-SNAPSHOT/assetcenter.api-0.0.9-20170817-SNAPSHOT.jar!/com/youzan/pay/assetcenter/api/enums/AcquireQueryStatus.class], URL [jar:file:/Users/wulonghui/.m2/repository/com/youzan/pay/assetcenter.api/0.0.9-20170817-SNAPSHOT/assetcenter.api-0.0.9-20170817-SNAPSHOT.jar!/com/youzan/pay/assetcenter/api/enums/BizActionEnum.class], URL [jar:file:/Users/wulonghui/.m2/repository/com/youzan/pay/assetcenter.api/0.0.9-20170817-SNAPSHOT/assetcenter.api-0.0.9-20170817-SNAPSHOT.jar!/com/youzan/pay/assetcenter/api/enums/BizModeEnum.class], URL [jar:file:/Users/wulonghui/.m2/repository/com/youzan/pay/assetcenter.api/0.0.9-20170817-SNAPSHOT/assetcenter.api-0.0.9-20170817-SNAPSHOT.jar!/com/youzan/pay/assetcenter/api/enums/BizProdEnum.class], URL [jar:file:/Users/wulonghui/.m2/repository/com/youzan/pay/assetcenter.api/0.0.9-20170817-SNAPSHOT/assetcenter.api-0.0.9-20170817-SNAPSHOT.jar!/com/youzan/pay/assetcenter/api/enums/CardRechargeStatus.class], URL [jar:file:/Users/wulonghui/.m2/repository/com/youzan/pay/assetcenter.api/0.0.9-20170817-SNAPSHOT/assetcenter.api-0.0.9-20170817-SNAPSHOT.jar!/com/youzan/pay/assetcenter/api/enums/EnvEnum.class], URL [jar:file:/Users/wulonghui/.m2/repository/com/youzan/pay/assetcenter.api/0.0.9-20170817-SNAPSHOT/assetcenter.api-0.0.9-20170817-SNAPSHOT.jar!/com/youzan/pay/assetcenter/api/enums/ErrorEnum.class], URL [jar:file:/Users/wulonghui/.m2/repository/com/youzan/pay/assetcenter.api/0.0.9-20170817-SNAPSHOT/assetcenter.api-0.0.9-20170817-SNAPSHOT.jar!/com/youzan/pay/assetcenter/api/enums/InstAccountTypeEnum.class], URL [jar:file:/Users/wulonghui/.m2/repository/com/youzan/pay/assetcenter.api/0.0.9-20170817-SNAPSHOT/assetcenter.api-0.0.9-20170817-SNAPSHOT.jar!/com/youzan/pay/assetcenter/api/enums/PayTagEnum.class], URL [jar:file:/Users/wulonghui/.m2/repository/com/youzan/pay/assetcenter.api/0.0.9-20170817-SNAPSHOT/assetcenter.api-0.0.9-20170817-SNAPSHOT.jar!/com/youzan/pay/assetcenter/api/enums/RechargePayStatus.class], URL [jar:file:/Users/wulonghui/.m2/repository/com/youzan/pay/assetcenter.api/0.0.9-20170817-SNAPSHOT/assetcenter.api-0.0.9-20170817-SNAPSHOT.jar!/com/youzan/pay/assetcenter/api/enums/RechargePayType.class], URL [jar:file:/Users/wulonghui/.m2/repository/com/youzan/pay/assetcenter.api/0.0.9-20170817-SNAPSHOT/assetcenter.api-0.0.9-20170817-SNAPSHOT.jar!/com/youzan/pay/assetcenter/api/enums/RefundResultEnum.class], URL [jar:file:/Users/wulonghui/.m2/repository/com/youzan/pay/assetcenter.api/0.0.9-20170817-SNAPSHOT/assetcenter.api-0.0.9-20170817-SNAPSHOT.jar!/com/youzan/pay/assetcenter/api/enums/WithdrawResultEnum.class], URL [jar:file:/Users/wulonghui/.m2/repository/com/youzan/pay/assetcenter.api/0.0.9-20170817-SNAPSHOT/assetcenter.api-0.0.9-20170817-SNAPSHOT.jar!/com/youzan/pay/assetcenter/api/HeartBeatService.class], URL [jar:file:/Users/wulonghui/.m2/repository/com/youzan/pay/assetcenter.api/0.0.9-20170817-SNAPSHOT/assetcenter.api-0.0.9-20170817-SNAPSHOT.jar!/com/youzan/pay/assetcenter/api/nsq/model/AcqSettleEvent.class], URL [jar:file:/Users/wulonghui/.m2/repository/com/youzan/pay/assetcenter.api/0.0.9-20170817-SNAPSHOT/assetcenter.api-0.0.9-20170817-SNAPSHOT.jar!/com/youzan/pay/assetcenter/api/nsq/model/CardRechargeResultMsg.class], URL [jar:file:/Users/wulonghui/.m2/repository/com/youzan/pay/assetcenter.api/0.0.9-20170817-SNAPSHOT/assetcenter.api-0.0.9-20170817-SNAPSHOT.jar!/com/youzan/pay/assetcenter/api/nsq/model/NsqEntity.class], URL [jar:file:/Users/wulonghui/.m2/repository/com/youzan/pay/assetcenter.api/0.0.9-20170817-SNAPSHOT/assetcenter.api-0.0.9-20170817-SNAPSHOT.jar!/com/youzan/pay/assetcenter/api/nsq/model/RechargeNotifyMessage.class], URL [jar:file:/Users/wulonghui/.m2/repository/com/youzan/pay/assetcenter.api/0.0.9-20170817-SNAPSHOT/assetcenter.api-0.0.9-20170817-SNAPSHOT.jar!/com/youzan/pay/assetcenter/api/nsq/model/RefundNsqMessage.class], URL [jar:file:/Users/wulonghui/.m2/repository/com/youzan/pay/assetcenter.api/0.0.9-20170817-SNAPSHOT/assetcenter.api-0.0.9-20170817-SNAPSHOT.jar!/com/youzan/pay/assetcenter/api/nsq/model/UniformPayEvent.class], URL [jar:file:/Users/wulonghui/.m2/repository/com/youzan/pay/assetcenter.api/0.0.9-20170817-SNAPSHOT/assetcenter.api-0.0.9-20170817-SNAPSHOT.jar!/com/youzan/pay/assetcenter/api/nsq/model/WithdrawNsqMessage.class], URL [jar:file:/Users/wulonghui/.m2/repository/com/youzan/pay/assetcenter.api/0.0.9-20170817-SNAPSHOT/assetcenter.api-0.0.9-20170817-SNAPSHOT.jar!/com/youzan/pay/assetcenter/api/RechargeService.class], URL [jar:file:/Users/wulonghui/.m2/repository/com/youzan/pay/assetcenter.api/0.0.9-20170817-SNAPSHOT/assetcenter.api-0.0.9-20170817-SNAPSHOT.jar!/com/youzan/pay/assetcenter/api/RecoveryService.class], URL [jar:file:/Users/wulonghui/.m2/repository/com/youzan/pay/assetcenter.api/0.0.9-20170817-SNAPSHOT/assetcenter.api-0.0.9-20170817-SNAPSHOT.jar!/com/youzan/pay/assetcenter/api/RecoveryWatchmanService.class], URL [jar:file:/Users/wulonghui/.m2/repository/com/youzan/pay/assetcenter.api/0.0.9-20170817-SNAPSHOT/assetcenter.api-0.0.9-20170817-SNAPSHOT.jar!/com/youzan/pay/assetcenter/api/RefundCheckWatchManService.class], URL [jar:file:/Users/wulonghui/.m2/repository/com/youzan/pay/assetcenter.api/0.0.9-20170817-SNAPSHOT/assetcenter.api-0.0.9-20170817-SNAPSHOT.jar!/com/youzan/pay/assetcenter/api/request/AbstractBaseRequest.class], URL [jar:file:/Users/wulonghui/.m2/repository/com/youzan/pay/assetcenter.api/0.0.9-20170817-SNAPSHOT/assetcenter.api-0.0.9-20170817-SNAPSHOT.jar!/com/youzan/pay/assetcenter/api/request/AssetPayDetailRequest.class], URL [jar:file:/Users/wulonghui/.m2/repository/com/youzan/pay/assetcenter.api/0.0.9-20170817-SNAPSHOT/assetcenter.api-0.0.9-20170817-SNAPSHOT.jar!/com/youzan/pay/assetcenter/api/request/BatchRefundRequest.class], URL [jar:file:/Users/wulonghui/.m2/repository/com/youzan/pay/assetcenter.api/0.0.9-20170817-SNAPSHOT/assetcenter.api-0.0.9-20170817-SNAPSHOT.jar!/com/youzan/pay/assetcenter/api/request/ChangePriceRequest.class], URL [jar:file:/Users/wulonghui/.m2/repository/com/youzan/pay/assetcenter.api/0.0.9-20170817-SNAPSHOT/assetcenter.api-0.0.9-20170817-SNAPSHOT.jar!/com/youzan/pay/assetcenter/api/request/CreateAcquireRequest.class], URL [jar:file:/Users/wulonghui/.m2/repository/com/youzan/pay/assetcenter.api/0.0.9-20170817-SNAPSHOT/assetcenter.api-0.0.9-20170817-SNAPSHOT.jar!/com/youzan/pay/assetcenter/api/request/group/AliPayWapGroup.class], URL [jar:file:/Users/wulonghui/.m2/repository/com/youzan/pay/assetcenter.api/0.0.9-20170817-SNAPSHOT/assetcenter.api-0.0.9-20170817-SNAPSHOT.jar!/com/youzan/pay/assetcenter/api/request/group/BarcodeGroup.class], URL [jar:file:/Users/wulonghui/.m2/repository/com/youzan/pay/assetcenter.api/0.0.9-20170817-SNAPSHOT/assetcenter.api-0.0.9-20170817-SNAPSHOT.jar!/com/youzan/pay/assetcenter/api/request/group/ValueCardPayGroup.class], URL [jar:file:/Users/wulonghui/.m2/repository/com/youzan/pay/assetcenter.api/0.0.9-20170817-SNAPSHOT/assetcenter.api-0.0.9-20170817-SNAPSHOT.jar!/com/youzan/pay/assetcenter/api/request/group/ValueCardRechargeGroup.class], URL [jar:file:/Users/wulonghui/.m2/repository/com/youzan/pay/assetcenter.api/0.0.9-20170817-SNAPSHOT/assetcenter.api-0.0.9-20170817-SNAPSHOT.jar!/com/youzan/pay/assetcenter/api/request/group/WxJSPayGroup.class], URL [jar:file:/Users/wulonghui/.m2/repository/com/youzan/pay/assetcenter.api/0.0.9-20170817-SNAPSHOT/assetcenter.api-0.0.9-20170817-SNAPSHOT.jar!/com/youzan/pay/assetcenter/api/request/group/YzUserGroup.class], URL [jar:file:/Users/wulonghui/.m2/repository/com/youzan/pay/assetcenter.api/0.0.9-20170817-SNAPSHOT/assetcenter.api-0.0.9-20170817-SNAPSHOT.jar!/com/youzan/pay/assetcenter/api/request/group/YzUserTokenGroup.class], URL [jar:file:/Users/wulonghui/.m2/repository/com/youzan/pay/assetcenter.api/0.0.9-20170817-SNAPSHOT/assetcenter.api-0.0.9-20170817-SNAPSHOT.jar!/com/youzan/pay/assetcenter/api/request/model/PayDetailInfo.class], URL [jar:file:/Users/wulonghui/.m2/repository/com/youzan/pay/assetcenter.api/0.0.9-20170817-SNAPSHOT/assetcenter.api-0.0.9-20170817-SNAPSHOT.jar!/com/youzan/pay/assetcenter/api/request/model/TradingInfo.class], URL [jar:file:/Users/wulonghui/.m2/repository/com/youzan/pay/assetcenter.api/0.0.9-20170817-SNAPSHOT/assetcenter.api-0.0.9-20170817-SNAPSHOT.jar!/com/youzan/pay/assetcenter/api/request/MultiPayRequest.class], URL [jar:file:/Users/wulonghui/.m2/repository/com/youzan/pay/assetcenter.api/0.0.9-20170817-SNAPSHOT/assetcenter.api-0.0.9-20170817-SNAPSHOT.jar!/com/youzan/pay/assetcenter/api/request/PayNotifyRequest.class], URL [jar:file:/Users/wulonghui/.m2/repository/com/youzan/pay/assetcenter.api/0.0.9-20170817-SNAPSHOT/assetcenter.api-0.0.9-20170817-SNAPSHOT.jar!/com/youzan/pay/assetcenter/api/request/PayRequest.class], URL [jar:file:/Users/wulonghui/.m2/repository/com/youzan/pay/assetcenter.api/0.0.9-20170817-SNAPSHOT/assetcenter.api-0.0.9-20170817-SNAPSHOT.jar!/com/youzan/pay/assetcenter/api/request/QueryAcquireRequest.class], URL [jar:file:/Users/wulonghui/.m2/repository/com/youzan/pay/assetcenter.api/0.0.9-20170817-SNAPSHOT/assetcenter.api-0.0.9-20170817-SNAPSHOT.jar!/com/youzan/pay/assetcenter/api/request/QueryRefundRequest.class], URL [jar:file:/Users/wulonghui/.m2/repository/com/youzan/pay/assetcenter.api/0.0.9-20170817-SNAPSHOT/assetcenter.api-0.0.9-20170817-SNAPSHOT.jar!/com/youzan/pay/assetcenter/api/request/QueryRefundRequestV2.class], URL [jar:file:/Users/wulonghui/.m2/repository/com/youzan/pay/assetcenter.api/0.0.9-20170817-SNAPSHOT/assetcenter.api-0.0.9-20170817-SNAPSHOT.jar!/com/youzan/pay/assetcenter/api/request/RechargeOrderCreatingRequest.class], URL [jar:file:/Users/wulonghui/.m2/repository/com/youzan/pay/assetcenter.api/0.0.9-20170817-SNAPSHOT/assetcenter.api-0.0.9-20170817-SNAPSHOT.jar!/com/youzan/pay/assetcenter/api/request/RechargePayRequest.class], URL [jar:file:/Users/wulonghui/.m2/repository/com/youzan/pay/assetcenter.api/0.0.9-20170817-SNAPSHOT/assetcenter.api-0.0.9-20170817-SNAPSHOT.jar!/com/youzan/pay/assetcenter/api/request/RefundRequest.class], URL [jar:file:/Users/wulonghui/.m2/repository/com/youzan/pay/assetcenter.api/0.0.9-20170817-SNAPSHOT/assetcenter.api-0.0.9-20170817-SNAPSHOT.jar!/com/youzan/pay/assetcenter/api/request/RevokeRequest.class], URL [jar:file:/Users/wulonghui/.m2/repository/com/youzan/pay/assetcenter.api/0.0.9-20170817-SNAPSHOT/assetcenter.api-0.0.9-20170817-SNAPSHOT.jar!/com/youzan/pay/assetcenter/api/request/SinglePayRequest.class], URL [jar:file:/Users/wulonghui/.m2/repository/com/youzan/pay/assetcenter.api/0.0.9-20170817-SNAPSHOT/assetcenter.api-0.0.9-20170817-SNAPSHOT.jar!/com/youzan/pay/assetcenter/api/request/UnifiedOrderCreatingRequest.class], URL [jar:file:/Users/wulonghui/.m2/repository/com/youzan/pay/assetcenter.api/0.0.9-20170817-SNAPSHOT/assetcenter.api-0.0.9-20170817-SNAPSHOT.jar!/com/youzan/pay/assetcenter/api/request/UnifiedOrderQueryRequest.class], URL [jar:file:/Users/wulonghui/.m2/repository/com/youzan/pay/assetcenter.api/0.0.9-20170817-SNAPSHOT/assetcenter.api-0.0.9-20170817-SNAPSHOT.jar!/com/youzan/pay/assetcenter/api/request/UnifiedOrderSettleRequest.class], URL [jar:file:/Users/wulonghui/.m2/repository/com/youzan/pay/assetcenter.api/0.0.9-20170817-SNAPSHOT/assetcenter.api-0.0.9-20170817-SNAPSHOT.jar!/com/youzan/pay/assetcenter/api/request/WithdrawCustQueryRequest.class], URL [jar:file:/Users/wulonghui/.m2/repository/com/youzan/pay/assetcenter.api/0.0.9-20170817-SNAPSHOT/assetcenter.api-0.0.9-20170817-SNAPSHOT.jar!/com/youzan/pay/assetcenter/api/request/WithdrawRequest.class], URL [jar:file:/Users/wulonghui/.m2/repository/com/youzan/pay/assetcenter.api/0.0.9-20170817-SNAPSHOT/assetcenter.api-0.0.9-20170817-SNAPSHOT.jar!/com/youzan/pay/assetcenter/api/request/WithdrawSingleQueryRequest.class], URL [jar:file:/Users/wulonghui/.m2/repository/com/youzan/pay/assetcenter.api/0.0.9-20170817-SNAPSHOT/assetcenter.api-0.0.9-20170817-SNAPSHOT.jar!/com/youzan/pay/assetcenter/api/response/BaseResponse.class], URL [jar:file:/Users/wulonghui/.m2/repository/com/youzan/pay/assetcenter.api/0.0.9-20170817-SNAPSHOT/assetcenter.api-0.0.9-20170817-SNAPSHOT.jar!/com/youzan/pay/assetcenter/api/response/Response.class], URL [jar:file:/Users/wulonghui/.m2/repository/com/youzan/pay/assetcenter.api/0.0.9-20170817-SNAPSHOT/assetcenter.api-0.0.9-20170817-SNAPSHOT.jar!/com/youzan/pay/assetcenter/api/result/AssetPayDetailItem.class], URL [jar:file:/Users/wulonghui/.m2/repository/com/youzan/pay/assetcenter.api/0.0.9-20170817-SNAPSHOT/assetcenter.api-0.0.9-20170817-SNAPSHOT.jar!/com/youzan/pay/assetcenter/api/result/BasePayResult.class], URL [jar:file:/Users/wulonghui/.m2/repository/com/youzan/pay/assetcenter.api/0.0.9-20170817-SNAPSHOT/assetcenter.api-0.0.9-20170817-SNAPSHOT.jar!/com/youzan/pay/assetcenter/api/result/ChangePriceResult.class], URL [jar:file:/Users/wulonghui/.m2/repository/com/youzan/pay/assetcenter.api/0.0.9-20170817-SNAPSHOT/assetcenter.api-0.0.9-20170817-SNAPSHOT.jar!/com/youzan/pay/assetcenter/api/result/CommonResult.class], URL [jar:file:/Users/wulonghui/.m2/repository/com/youzan/pay/assetcenter.api/0.0.9-20170817-SNAPSHOT/assetcenter.api-0.0.9-20170817-SNAPSHOT.jar!/com/youzan/pay/assetcenter/api/result/CreateAcquireResult.class], URL [jar:file:/Users/wulonghui/.m2/repository/com/youzan/pay/assetcenter.api/0.0.9-20170817-SNAPSHOT/assetcenter.api-0.0.9-20170817-SNAPSHOT.jar!/com/youzan/pay/assetcenter/api/result/model/PayDetailResult.class], URL [jar:file:/Users/wulonghui/.m2/repository/com/youzan/pay/assetcenter.api/0.0.9-20170817-SNAPSHOT/assetcenter.api-0.0.9-20170817-SNAPSHOT.jar!/com/youzan/pay/assetcenter/api/result/MultiPayResult.class], URL [jar:file:/Users/wulonghui/.m2/repository/com/youzan/pay/assetcenter.api/0.0.9-20170817-SNAPSHOT/assetcenter.api-0.0.9-20170817-SNAPSHOT.jar!/com/youzan/pay/assetcenter/api/result/PageResult.class], URL [jar:file:/Users/wulonghui/.m2/repository/com/youzan/pay/assetcenter.api/0.0.9-20170817-SNAPSHOT/assetcenter.api-0.0.9-20170817-SNAPSHOT.jar!/com/youzan/pay/assetcenter/api/result/PayResult.class], URL [jar:file:/Users/wulonghui/.m2/repository/com/youzan/pay/assetcenter.api/0.0.9-20170817-SNAPSHOT/assetcenter.api-0.0.9-20170817-SNAPSHOT.jar!/com/youzan/pay/assetcenter/api/result/PayToolItem.class], URL [jar:file:/Users/wulonghui/.m2/repository/com/youzan/pay/assetcenter.api/0.0.9-20170817-SNAPSHOT/assetcenter.api-0.0.9-20170817-SNAPSHOT.jar!/com/youzan/pay/assetcenter/api/result/QueryAcquireResult.class], URL [jar:file:/Users/wulonghui/.m2/repository/com/youzan/pay/assetcenter.api/0.0.9-20170817-SNAPSHOT/assetcenter.api-0.0.9-20170817-SNAPSHOT.jar!/com/youzan/pay/assetcenter/api/result/QueryRefundResult.class], URL [jar:file:/Users/wulonghui/.m2/repository/com/youzan/pay/assetcenter.api/0.0.9-20170817-SNAPSHOT/assetcenter.api-0.0.9-20170817-SNAPSHOT.jar!/com/youzan/pay/assetcenter/api/result/RechargeOrderCreatingResult.class], URL [jar:file:/Users/wulonghui/.m2/repository/com/youzan/pay/assetcenter.api/0.0.9-20170817-SNAPSHOT/assetcenter.api-0.0.9-20170817-SNAPSHOT.jar!/com/youzan/pay/assetcenter/api/result/RechargePayResult.class], URL [jar:file:/Users/wulonghui/.m2/repository/com/youzan/pay/assetcenter.api/0.0.9-20170817-SNAPSHOT/assetcenter.api-0.0.9-20170817-SNAPSHOT.jar!/com/youzan/pay/assetcenter/api/result/RefundApplyResult.class], URL [jar:file:/Users/wulonghui/.m2/repository/com/youzan/pay/assetcenter.api/0.0.9-20170817-SNAPSHOT/assetcenter.api-0.0.9-20170817-SNAPSHOT.jar!/com/youzan/pay/assetcenter/api/result/RefundResult.class], URL [jar:file:/Users/wulonghui/.m2/repository/com/youzan/pay/assetcenter.api/0.0.9-20170817-SNAPSHOT/assetcenter.api-0.0.9-20170817-SNAPSHOT.jar!/com/youzan/pay/assetcenter/api/result/RevokeResult.class], URL [jar:file:/Users/wulonghui/.m2/repository/com/youzan/pay/assetcenter.api/0.0.9-20170817-SNAPSHOT/assetcenter.api-0.0.9-20170817-SNAPSHOT.jar!/com/youzan/pay/assetcenter/api/result/SinglePayResult.class], URL [jar:file:/Users/wulonghui/.m2/repository/com/youzan/pay/assetcenter.api/0.0.9-20170817-SNAPSHOT/assetcenter.api-0.0.9-20170817-SNAPSHOT.jar!/com/youzan/pay/assetcenter/api/result/UnifiedOrderBaseResult.class], URL [jar:file:/Users/wulonghui/.m2/repository/com/youzan/pay/assetcenter.api/0.0.9-20170817-SNAPSHOT/assetcenter.api-0.0.9-20170817-SNAPSHOT.jar!/com/youzan/pay/assetcenter/api/result/UnifiedOrderCreatingResult.class], URL [jar:file:/Users/wulonghui/.m2/repository/com/youzan/pay/assetcenter.api/0.0.9-20170817-SNAPSHOT/assetcenter.api-0.0.9-20170817-SNAPSHOT.jar!/com/youzan/pay/assetcenter/api/result/UnifiedOrderQueryResult.class], URL [jar:file:/Users/wulonghui/.m2/repository/com/youzan/pay/assetcenter.api/0.0.9-20170817-SNAPSHOT/assetcenter.api-0.0.9-20170817-SNAPSHOT.jar!/com/youzan/pay/assetcenter/api/result/UnifiedOrderSettleResult.class], URL [jar:file:/Users/wulonghui/.m2/repository/com/youzan/pay/assetcenter.api/0.0.9-20170817-SNAPSHOT/assetcenter.api-0.0.9-20170817-SNAPSHOT.jar!/com/youzan/pay/assetcenter/api/result/WithdrawApplyResult.class], URL [jar:file:/Users/wulonghui/.m2/repository/com/youzan/pay/assetcenter.api/0.0.9-20170817-SNAPSHOT/assetcenter.api-0.0.9-20170817-SNAPSHOT.jar!/com/youzan/pay/assetcenter/api/result/WithdrawCustQueryResult.class], URL [jar:file:/Users/wulonghui/.m2/repository/com/youzan/pay/assetcenter.api/0.0.9-20170817-SNAPSHOT/assetcenter.api-0.0.9-20170817-SNAPSHOT.jar!/com/youzan/pay/assetcenter/api/result/WithdrawSingleQueryResult.class], URL [jar:file:/Users/wulonghui/.m2/repository/com/youzan/pay/assetcenter.api/0.0.9-20170817-SNAPSHOT/assetcenter.api-0.0.9-20170817-SNAPSHOT.jar!/com/youzan/pay/assetcenter/api/UnifiedOrderQueryService.class], URL [jar:file:/Users/wulonghui/.m2/repository/com/youzan/pay/assetcenter.api/0.0.9-20170817-SNAPSHOT/assetcenter.api-0.0.9-20170817-SNAPSHOT.jar!/com/youzan/pay/assetcenter/api/UnifiedOrderService.class], URL [jar:file:/Users/wulonghui/.m2/repository/com/youzan/pay/assetcenter.api/0.0.9-20170817-SNAPSHOT/assetcenter.api-0.0.9-20170817-SNAPSHOT.jar!/com/youzan/pay/assetcenter/api/UnifiedPayService.class], URL [jar:file:/Users/wulonghui/.m2/repository/com/youzan/pay/assetcenter.spi/0.0.9-20170817-SNAPSHOT/assetcenter.spi-0.0.9-20170817-SNAPSHOT.jar!/com/youzan/pay/assetcenter/service/spi/BalancePayToolSpi.class], URL [jar:file:/Users/wulonghui/.m2/repository/com/youzan/pay/assetcenter.spi/0.0.9-20170817-SNAPSHOT/assetcenter.spi-0.0.9-20170817-SNAPSHOT.jar!/com/youzan/pay/assetcenter/service/spi/CardPayToolSpi.class], URL [jar:file:/Users/wulonghui/.m2/repository/com/youzan/pay/assetcenter.spi/0.0.9-20170817-SNAPSHOT/assetcenter.spi-0.0.9-20170817-SNAPSHOT.jar!/com/youzan/pay/assetcenter/service/spi/constants/EnvironmentConstants.class], URL [jar:file:/Users/wulonghui/.m2/repository/com/youzan/pay/assetcenter.spi/0.0.9-20170817-SNAPSHOT/assetcenter.spi-0.0.9-20170817-SNAPSHOT.jar!/com/youzan/pay/assetcenter/service/spi/constants/ErrorConstants.class], URL [jar:file:/Users/wulonghui/.m2/repository/com/youzan/pay/assetcenter.spi/0.0.9-20170817-SNAPSHOT/assetcenter.spi-0.0.9-20170817-SNAPSHOT.jar!/com/youzan/pay/assetcenter/service/spi/constants/ExtraKeyConstants.class], URL [jar:file:/Users/wulonghui/.m2/repository/com/youzan/pay/assetcenter.spi/0.0.9-20170817-SNAPSHOT/assetcenter.spi-0.0.9-20170817-SNAPSHOT.jar!/com/youzan/pay/assetcenter/service/spi/constants/PayChannelApiConstants.class], URL [jar:file:/Users/wulonghui/.m2/repository/com/youzan/pay/assetcenter.spi/0.0.9-20170817-SNAPSHOT/assetcenter.spi-0.0.9-20170817-SNAPSHOT.jar!/com/youzan/pay/assetcenter/service/spi/ECardPayToolSpi.class], URL [jar:file:/Users/wulonghui/.m2/repository/com/youzan/pay/assetcenter.spi/0.0.9-20170817-SNAPSHOT/assetcenter.spi-0.0.9-20170817-SNAPSHOT.jar!/com/youzan/pay/assetcenter/service/spi/enums/AccountOperateResultCode.class], URL [jar:file:/Users/wulonghui/.m2/repository/com/youzan/pay/assetcenter.spi/0.0.9-20170817-SNAPSHOT/assetcenter.spi-0.0.9-20170817-SNAPSHOT.jar!/com/youzan/pay/assetcenter/service/spi/enums/CurrencyCode.class], URL [jar:file:/Users/wulonghui/.m2/repository/com/youzan/pay/assetcenter.spi/0.0.9-20170817-SNAPSHOT/assetcenter.spi-0.0.9-20170817-SNAPSHOT.jar!/com/youzan/pay/assetcenter/service/spi/enums/PayToolPayStatus.class], URL [jar:file:/Users/wulonghui/.m2/repository/com/youzan/pay/assetcenter.spi/0.0.9-20170817-SNAPSHOT/assetcenter.spi-0.0.9-20170817-SNAPSHOT.jar!/com/youzan/pay/assetcenter/service/spi/enums/PayToolRefundStatus.class], URL [jar:file:/Users/wulonghui/.m2/repository/com/youzan/pay/assetcenter.spi/0.0.9-20170817-SNAPSHOT/assetcenter.spi-0.0.9-20170817-SNAPSHOT.jar!/com/youzan/pay/assetcenter/service/spi/enums/PayToolRevokeStatus.class], URL [jar:file:/Users/wulonghui/.m2/repository/com/youzan/pay/assetcenter.spi/0.0.9-20170817-SNAPSHOT/assetcenter.spi-0.0.9-20170817-SNAPSHOT.jar!/com/youzan/pay/assetcenter/service/spi/enums/PayToolTypeEnum.class], URL [jar:file:/Users/wulonghui/.m2/repository/com/youzan/pay/assetcenter.spi/0.0.9-20170817-SNAPSHOT/assetcenter.spi-0.0.9-20170817-SNAPSHOT.jar!/com/youzan/pay/assetcenter/service/spi/enums/PayToolWithdrawStatus.class], URL [jar:file:/Users/wulonghui/.m2/repository/com/youzan/pay/assetcenter.spi/0.0.9-20170817-SNAPSHOT/assetcenter.spi-0.0.9-20170817-SNAPSHOT.jar!/com/youzan/pay/assetcenter/service/spi/PayToolStandardSpi.class], URL [jar:file:/Users/wulonghui/.m2/repository/com/youzan/pay/assetcenter.spi/0.0.9-20170817-SNAPSHOT/assetcenter.spi-0.0.9-20170817-SNAPSHOT.jar!/com/youzan/pay/assetcenter/service/spi/PayToolWithdrawSpi.class], URL [jar:file:/Users/wulonghui/.m2/repository/com/youzan/pay/assetcenter.spi/0.0.9-20170817-SNAPSHOT/assetcenter.spi-0.0.9-20170817-SNAPSHOT.jar!/com/youzan/pay/assetcenter/service/spi/PrepaidPayToolSpi.class], URL [jar:file:/Users/wulonghui/.m2/repository/com/youzan/pay/assetcenter.spi/0.0.9-20170817-SNAPSHOT/assetcenter.spi-0.0.9-20170817-SNAPSHOT.jar!/com/youzan/pay/assetcenter/service/spi/request/BaseRequest.class], URL [jar:file:/Users/wulonghui/.m2/repository/com/youzan/pay/assetcenter.spi/0.0.9-20170817-SNAPSHOT/assetcenter.spi-0.0.9-20170817-SNAPSHOT.jar!/com/youzan/pay/assetcenter/service/spi/request/Money.class], URL [jar:file:/Users/wulonghui/.m2/repository/com/youzan/pay/assetcenter.spi/0.0.9-20170817-SNAPSHOT/assetcenter.spi-0.0.9-20170817-SNAPSHOT.jar!/com/youzan/pay/assetcenter/service/spi/request/PayToolPayQueryRequest.class], URL [jar:file:/Users/wulonghui/.m2/repository/com/youzan/pay/assetcenter.spi/0.0.9-20170817-SNAPSHOT/assetcenter.spi-0.0.9-20170817-SNAPSHOT.jar!/com/youzan/pay/assetcenter/service/spi/request/PayToolPayRequest.class], URL [jar:file:/Users/wulonghui/.m2/repository/com/youzan/pay/assetcenter.spi/0.0.9-20170817-SNAPSHOT/assetcenter.spi-0.0.9-20170817-SNAPSHOT.jar!/com/youzan/pay/assetcenter/service/spi/request/PayToolRefundQueryRequest.class], URL [jar:file:/Users/wulonghui/.m2/repository/com/youzan/pay/assetcenter.spi/0.0.9-20170817-SNAPSHOT/assetcenter.spi-0.0.9-20170817-SNAPSHOT.jar!/com/youzan/pay/assetcenter/service/spi/request/PayToolRefundRequest.class], URL [jar:file:/Users/wulonghui/.m2/repository/com/youzan/pay/assetcenter.spi/0.0.9-20170817-SNAPSHOT/assetcenter.spi-0.0.9-20170817-SNAPSHOT.jar!/com/youzan/pay/assetcenter/service/spi/request/PayToolRevokeRequest.class], URL [jar:file:/Users/wulonghui/.m2/repository/com/youzan/pay/assetcenter.spi/0.0.9-20170817-SNAPSHOT/assetcenter.spi-0.0.9-20170817-SNAPSHOT.jar!/com/youzan/pay/assetcenter/service/spi/request/PayToolWithdrawQueryRequest.class], URL [jar:file:/Users/wulonghui/.m2/repository/com/youzan/pay/assetcenter.spi/0.0.9-20170817-SNAPSHOT/assetcenter.spi-0.0.9-20170817-SNAPSHOT.jar!/com/youzan/pay/assetcenter/service/spi/request/PayToolWithdrawRequest$ExtentionKey.class], URL [jar:file:/Users/wulonghui/.m2/repository/com/youzan/pay/assetcenter.spi/0.0.9-20170817-SNAPSHOT/assetcenter.spi-0.0.9-20170817-SNAPSHOT.jar!/com/youzan/pay/assetcenter/service/spi/request/PayToolWithdrawRequest.class], URL [jar:file:/Users/wulonghui/.m2/repository/com/youzan/pay/assetcenter.spi/0.0.9-20170817-SNAPSHOT/assetcenter.spi-0.0.9-20170817-SNAPSHOT.jar!/com/youzan/pay/assetcenter/service/spi/request/TraceContext.class], URL [jar:file:/Users/wulonghui/.m2/repository/com/youzan/pay/assetcenter.spi/0.0.9-20170817-SNAPSHOT/assetcenter.spi-0.0.9-20170817-SNAPSHOT.jar!/com/youzan/pay/assetcenter/service/spi/Result/AccountOperationResult.class], URL [jar:file:/Users/wulonghui/.m2/repository/com/youzan/pay/assetcenter.spi/0.0.9-20170817-SNAPSHOT/assetcenter.spi-0.0.9-20170817-SNAPSHOT.jar!/com/youzan/pay/assetcenter/service/spi/Result/AccountResult.class], URL [jar:file:/Users/wulonghui/.m2/repository/com/youzan/pay/assetcenter.spi/0.0.9-20170817-SNAPSHOT/assetcenter.spi-0.0.9-20170817-SNAPSHOT.jar!/com/youzan/pay/assetcenter/service/spi/Result/BaseResult.class], URL [jar:file:/Users/wulonghui/.m2/repository/com/youzan/pay/assetcenter.spi/0.0.9-20170817-SNAPSHOT/assetcenter.spi-0.0.9-20170817-SNAPSHOT.jar!/com/youzan/pay/assetcenter/service/spi/Result/CommonError.class], URL [jar:file:/Users/wulonghui/.m2/repository/com/youzan/pay/assetcenter.spi/0.0.9-20170817-SNAPSHOT/assetcenter.spi-0.0.9-20170817-SNAPSHOT.jar!/com/youzan/pay/assetcenter/service/spi/Result/ErrorContext.class], URL [jar:file:/Users/wulonghui/.m2/repository/com/youzan/pay/assetcenter.spi/0.0.9-20170817-SNAPSHOT/assetcenter.spi-0.0.9-20170817-SNAPSHOT.jar!/com/youzan/pay/assetcenter/service/spi/Result/HttpResult.class], URL [jar:file:/Users/wulonghui/.m2/repository/com/youzan/pay/assetcenter.spi/0.0.9-20170817-SNAPSHOT/assetcenter.spi-0.0.9-20170817-SNAPSHOT.jar!/com/youzan/pay/assetcenter/service/spi/Result/MircoAccountResult.class], URL [jar:file:/Users/wulonghui/.m2/repository/com/youzan/pay/assetcenter.spi/0.0.9-20170817-SNAPSHOT/assetcenter.spi-0.0.9-20170817-SNAPSHOT.jar!/com/youzan/pay/assetcenter/service/spi/Result/PayToolPayResult.class], URL [jar:file:/Users/wulonghui/.m2/repository/com/youzan/pay/assetcenter.spi/0.0.9-20170817-SNAPSHOT/assetcenter.spi-0.0.9-20170817-SNAPSHOT.jar!/com/youzan/pay/assetcenter/service/spi/Result/PayToolRefundQueryResult.class], URL [jar:file:/Users/wulonghui/.m2/repository/com/youzan/pay/assetcenter.spi/0.0.9-20170817-SNAPSHOT/assetcenter.spi-0.0.9-20170817-SNAPSHOT.jar!/com/youzan/pay/assetcenter/service/spi/Result/PayToolRefundResult.class], URL [jar:file:/Users/wulonghui/.m2/repository/com/youzan/pay/assetcenter.spi/0.0.9-20170817-SNAPSHOT/assetcenter.spi-0.0.9-20170817-SNAPSHOT.jar!/com/youzan/pay/assetcenter/service/spi/Result/PayToolRevokeResult.class], URL [jar:file:/Users/wulonghui/.m2/repository/com/youzan/pay/assetcenter.spi/0.0.9-20170817-SNAPSHOT/assetcenter.spi-0.0.9-20170817-SNAPSHOT.jar!/com/youzan/pay/assetcenter/service/spi/Result/PayToolWithdrawResult.class], URL [jar:file:/Users/wulonghui/.m2/repository/com/youzan/pay/assetcenter.spi/0.0.9-20170817-SNAPSHOT/assetcenter.spi-0.0.9-20170817-SNAPSHOT.jar!/com/youzan/pay/assetcenter/service/spi/UnifiedPrepaidCardPayToolSpi.class], URL [jar:file:/Users/wulonghui/.m2/repository/com/youzan/pay/core/core-validate/1.0.2-20170515-RELEASE/core-validate-1.0.2-20170515-RELEASE.jar!/com/youzan/pay/core/validate/constraints/InEnum.class], URL [jar:file:/Users/wulonghui/.m2/repository/com/youzan/pay/core/core-validate/1.0.2-20170515-RELEASE/core-validate-1.0.2-20170515-RELEASE.jar!/com/youzan/pay/core/validate/constraints/InEnumValidator.class], URL [jar:file:/Users/wulonghui/.m2/repository/com/youzan/pay/microaccount-api/0.2.6-20170801-SNAPSHOT/microaccount-api-0.2.6-20170801-SNAPSHOT.jar!/com/youzan/pay/microaccount/prepaidcard/error/CommonError.class], URL [jar:file:/Users/wulonghui/.m2/repository/com/youzan/pay/microaccount-api/0.2.6-20170801-SNAPSHOT/microaccount-api-0.2.6-20170801-SNAPSHOT.jar!/com/youzan/pay/microaccount/prepaidcard/error/MicroAccountErrorCode.class], URL [jar:file:/Users/wulonghui/.m2/repository/com/youzan/pay/microaccount-api/0.2.6-20170801-SNAPSHOT/microaccount-api-0.2.6-20170801-SNAPSHOT.jar!/com/youzan/pay/microaccount/prepaidcard/exception/BizException.class], URL [jar:file:/Users/wulonghui/.m2/repository/com/youzan/pay/microaccount-api/0.2.6-20170801-SNAPSHOT/microaccount-api-0.2.6-20170801-SNAPSHOT.jar!/com/youzan/pay/microaccount/prepaidcard/exception/BizIdempotentException.class], URL [jar:file:/Users/wulonghui/.m2/repository/com/youzan/pay/microaccount-api/0.2.6-20170801-SNAPSHOT/microaccount-api-0.2.6-20170801-SNAPSHOT.jar!/com/youzan/pay/microaccount/prepaidcard/exception/InternalSystemException.class], URL [jar:file:/Users/wulonghui/.m2/repository/com/youzan/pay/microaccount-api/0.2.6-20170801-SNAPSHOT/microaccount-api-0.2.6-20170801-SNAPSHOT.jar!/com/youzan/pay/microaccount/prepaidcard/exception/NoRetryException.class], URL [jar:file:/Users/wulonghui/.m2/repository/com/youzan/pay/microaccount-api/0.2.6-20170801-SNAPSHOT/microaccount-api-0.2.6-20170801-SNAPSHOT.jar!/com/youzan/pay/microaccount/prepaidcard/exception/TradeBusinessException.class], URL [jar:file:/Users/wulonghui/.m2/repository/com/youzan/pay/microaccount-api/0.2.6-20170801-SNAPSHOT/microaccount-api-0.2.6-20170801-SNAPSHOT.jar!/com/youzan/pay/microaccount/prepaidcard/exception/TradeQueryException.class], URL [jar:file:/Users/wulonghui/.m2/repository/com/youzan/pay/microaccount-api/0.2.6-20170801-SNAPSHOT/microaccount-api-0.2.6-20170801-SNAPSHOT.jar!/com/youzan/pay/microaccount/prepaidcard/exception/TransferBussinessException.class], URL [jar:file:/Users/wulonghui/.m2/repository/com/youzan/pay/microaccount-api/0.2.6-20170801-SNAPSHOT/microaccount-api-0.2.6-20170801-SNAPSHOT.jar!/com/youzan/pay/microaccount/prepaidcard/params/base/ValidateParmeter.class], URL [jar:file:/Users/wulonghui/.m2/repository/com/youzan/pay/microaccount-api/0.2.6-20170801-SNAPSHOT/microaccount-api-0.2.6-20170801-SNAPSHOT.jar!/com/youzan/pay/microaccount/prepaidcard/params/PaymentParam.class], URL [jar:file:/Users/wulonghui/.m2/repository/com/youzan/pay/microaccount-api/0.2.6-20170801-SNAPSHOT/microaccount-api-0.2.6-20170801-SNAPSHOT.jar!/com/youzan/pay/microaccount/prepaidcard/params/RechargeParam.class], URL [jar:file:/Users/wulonghui/.m2/repository/com/youzan/pay/microaccount-api/0.2.6-20170801-SNAPSHOT/microaccount-api-0.2.6-20170801-SNAPSHOT.jar!/com/youzan/pay/microaccount/prepaidcard/params/RefundParam.class], URL [jar:file:/Users/wulonghui/.m2/repository/com/youzan/pay/microaccount-api/0.2.6-20170801-SNAPSHOT/microaccount-api-0.2.6-20170801-SNAPSHOT.jar!/com/youzan/pay/microaccount/prepaidcard/params/TradeExtParam.class], URL [jar:file:/Users/wulonghui/.m2/repository/com/youzan/pay/microaccount-api/0.2.6-20170801-SNAPSHOT/microaccount-api-0.2.6-20170801-SNAPSHOT.jar!/com/youzan/pay/microaccount/prepaidcard/params/TradeParam.class], URL [jar:file:/Users/wulonghui/.m2/repository/com/youzan/pay/microaccount-api/0.2.6-20170801-SNAPSHOT/microaccount-api-0.2.6-20170801-SNAPSHOT.jar!/com/youzan/pay/microaccount/prepaidcard/params/TransferParam.class], URL [jar:file:/Users/wulonghui/.m2/repository/com/youzan/pay/microaccount-api/0.2.6-20170801-SNAPSHOT/microaccount-api-0.2.6-20170801-SNAPSHOT.jar!/com/youzan/pay/microaccount/prepaidcard/result/PageResult.class], URL [jar:file:/Users/wulonghui/.m2/repository/com/youzan/pay/microaccount-api/0.2.6-20170801-SNAPSHOT/microaccount-api-0.2.6-20170801-SNAPSHOT.jar!/com/youzan/pay/microaccount/prepaidcard/result/Result.class], URL [jar:file:/Users/wulonghui/.m2/repository/com/youzan/pay/microaccount-api/0.2.6-20170801-SNAPSHOT/microaccount-api-0.2.6-20170801-SNAPSHOT.jar!/com/youzan/pay/microaccount/prepaidcard/result/TradeResult.class], URL [jar:file:/Users/wulonghui/.m2/repository/com/youzan/pay/microaccount-api/0.2.6-20170801-SNAPSHOT/microaccount-api-0.2.6-20170801-SNAPSHOT.jar!/com/youzan/pay/microaccount/prepaidcard/service/AccountService.class], URL [jar:file:/Users/wulonghui/.m2/repository/com/youzan/pay/microaccount-api/0.2.6-20170801-SNAPSHOT/microaccount-api-0.2.6-20170801-SNAPSHOT.jar!/com/youzan/pay/microaccount/prepaidcard/service/TradeService.class], URL [jar:file:/Users/wulonghui/.m2/repository/com/youzan/pay/microaccount-api/0.2.6-20170801-SNAPSHOT/microaccount-api-0.2.6-20170801-SNAPSHOT.jar!/com/youzan/pay/microaccount/prepaidcard/SpringContext/AbstractSpringContext.class], URL [jar:file:/Users/wulonghui/.m2/repository/com/youzan/pay/microaccount-api/0.2.6-20170801-SNAPSHOT/microaccount-api-0.2.6-20170801-SNAPSHOT.jar!/com/youzan/pay/microaccount/prepaidcard/taskService/TaskService.class], URL [jar:file:/Users/wulonghui/.m2/repository/com/youzan/pay/microaccount-api/0.2.6-20170801-SNAPSHOT/microaccount-api-0.2.6-20170801-SNAPSHOT.jar!/com/youzan/pay/microaccount/prepaidcard/to/AccountLogTO.class], URL [jar:file:/Users/wulonghui/.m2/repository/com/youzan/pay/microaccount-api/0.2.6-20170801-SNAPSHOT/microaccount-api-0.2.6-20170801-SNAPSHOT.jar!/com/youzan/pay/microaccount/prepaidcard/to/AccountPayTO.class], URL [jar:file:/Users/wulonghui/.m2/repository/com/youzan/pay/microaccount-api/0.2.6-20170801-SNAPSHOT/microaccount-api-0.2.6-20170801-SNAPSHOT.jar!/com/youzan/pay/microaccount/prepaidcard/to/AccountTO.class], URL [jar:file:/Users/wulonghui/.m2/repository/com/youzan/pay/microaccount-api/0.2.6-20170801-SNAPSHOT/microaccount-api-0.2.6-20170801-SNAPSHOT.jar!/com/youzan/pay/microaccount/prepaidcard/to/TradeTO.class], URL [jar:file:/Users/wulonghui/.m2/repository/com/youzan/account-api/1.1.16-RELEASE/account-api-1.1.16-RELEASE.jar!/com/youzan/account/api/AdminService.class], URL [jar:file:/Users/wulonghui/.m2/repository/com/youzan/account-api/1.1.16-RELEASE/account-api-1.1.16-RELEASE.jar!/com/youzan/account/api/CountryCodeService.class], URL [jar:file:/Users/wulonghui/.m2/repository/com/youzan/account-api/1.1.16-RELEASE/account-api-1.1.16-RELEASE.jar!/com/youzan/account/api/dto/base/BaseResult.class], URL [jar:file:/Users/wulonghui/.m2/repository/com/youzan/account-api/1.1.16-RELEASE/account-api-1.1.16-RELEASE.jar!/com/youzan/account/api/dto/base/PageResult.class], URL [jar:file:/Users/wulonghui/.m2/repository/com/youzan/account-api/1.1.16-RELEASE/account-api-1.1.16-RELEASE.jar!/com/youzan/account/api/dto/CountryCodeDto$CountryCodeDtoBuilder.class], URL [jar:file:/Users/wulonghui/.m2/repository/com/youzan/account-api/1.1.16-RELEASE/account-api-1.1.16-RELEASE.jar!/com/youzan/account/api/dto/CountryCodeDto.class], URL [jar:file:/Users/wulonghui/.m2/repository/com/youzan/account-api/1.1.16-RELEASE/account-api-1.1.16-RELEASE.jar!/com/youzan/account/api/dto/CountryCodePyDto.class], URL [jar:file:/Users/wulonghui/.m2/repository/com/youzan/account-api/1.1.16-RELEASE/account-api-1.1.16-RELEASE.jar!/com/youzan/account/api/dto/merchant/GetUserIdRequestDTO.class], URL [jar:file:/Users/wulonghui/.m2/repository/com/youzan/account-api/1.1.16-RELEASE/account-api-1.1.16-RELEASE.jar!/com/youzan/account/api/dto/merchant/GetUserIdResponseDTO.class], URL [jar:file:/Users/wulonghui/.m2/repository/com/youzan/account-api/1.1.16-RELEASE/account-api-1.1.16-RELEASE.jar!/com/youzan/account/api/dto/merchant/UserMerchantDto.class], URL [jar:file:/Users/wulonghui/.m2/repository/com/youzan/account-api/1.1.16-RELEASE/account-api-1.1.16-RELEASE.jar!/com/youzan/account/api/dto/merchant/UserMerchantDtoRequest.class], URL [jar:file:/Users/wulonghui/.m2/repository/com/youzan/account-api/1.1.16-RELEASE/account-api-1.1.16-RELEASE.jar!/com/youzan/account/api/dto/merchant/UserMerchantDtoResponse.class], URL [jar:file:/Users/wulonghui/.m2/repository/com/youzan/account-api/1.1.16-RELEASE/account-api-1.1.16-RELEASE.jar!/com/youzan/account/api/dto/merchant/UserMerchantSinleRequest.class], URL [jar:file:/Users/wulonghui/.m2/repository/com/youzan/account-api/1.1.16-RELEASE/account-api-1.1.16-RELEASE.jar!/com/youzan/account/api/dto/PlatformUserDto$DftValue.class], URL [jar:file:/Users/wulonghui/.m2/repository/com/youzan/account-api/1.1.16-RELEASE/account-api-1.1.16-RELEASE.jar!/com/youzan/account/api/dto/PlatformUserDto$PlatformUserDtoBuilder.class], URL [jar:file:/Users/wulonghui/.m2/repository/com/youzan/account-api/1.1.16-RELEASE/account-api-1.1.16-RELEASE.jar!/com/youzan/account/api/dto/PlatformUserDto.class], URL [jar:file:/Users/wulonghui/.m2/repository/com/youzan/account-api/1.1.16-RELEASE/account-api-1.1.16-RELEASE.jar!/com/youzan/account/api/dto/PlatformUserInfoDto$PlatformUserInfoDtoBuilder.class], URL [jar:file:/Users/wulonghui/.m2/repository/com/youzan/account-api/1.1.16-RELEASE/account-api-1.1.16-RELEASE.jar!/com/youzan/account/api/dto/PlatformUserInfoDto.class], URL [jar:file:/Users/wulonghui/.m2/repository/com/youzan/account-api/1.1.16-RELEASE/account-api-1.1.16-RELEASE.jar!/com/youzan/account/api/dto/ResultDto.class], URL [jar:file:/Users/wulonghui/.m2/repository/com/youzan/account-api/1.1.16-RELEASE/account-api-1.1.16-RELEASE.jar!/com/youzan/account/api/dto/UserAddressDto.class], URL [jar:file:/Users/wulonghui/.m2/repository/com/youzan/account-api/1.1.16-RELEASE/account-api-1.1.16-RELEASE.jar!/com/youzan/account/api/dto/UserContactDto$UserContactDtoBuilder.class], URL [jar:file:/Users/wulonghui/.m2/repository/com/youzan/account-api/1.1.16-RELEASE/account-api-1.1.16-RELEASE.jar!/com/youzan/account/api/dto/UserContactDto.class], URL [jar:file:/Users/wulonghui/.m2/repository/com/youzan/account-api/1.1.16-RELEASE/account-api-1.1.16-RELEASE.jar!/com/youzan/account/api/dto/UserDetailDto$UserDetailDtoBuilder.class], URL [jar:file:/Users/wulonghui/.m2/repository/com/youzan/account-api/1.1.16-RELEASE/account-api-1.1.16-RELEASE.jar!/com/youzan/account/api/dto/UserDetailDto.class], URL [jar:file:/Users/wulonghui/.m2/repository/com/youzan/account-api/1.1.16-RELEASE/account-api-1.1.16-RELEASE.jar!/com/youzan/account/api/dto/UserFansBindDto$UserFansBindDtoBuilder.class], URL [jar:file:/Users/wulonghui/.m2/repository/com/youzan/account-api/1.1.16-RELEASE/account-api-1.1.16-RELEASE.jar!/com/youzan/account/api/dto/UserFansBindDto.class], URL [jar:file:/Users/wulonghui/.m2/repository/com/youzan/account-api/1.1.16-RELEASE/account-api-1.1.16-RELEASE.jar!/com/youzan/account/api/dto/UserInfoDto$UserInfoDtoBuilder.class], URL [jar:file:/Users/wulonghui/.m2/repository/com/youzan/account-api/1.1.16-RELEASE/account-api-1.1.16-RELEASE.jar!/com/youzan/account/api/dto/UserInfoDto.class], URL [jar:file:/Users/wulonghui/.m2/repository/com/youzan/account-api/1.1.16-RELEASE/account-api-1.1.16-RELEASE.jar!/com/youzan/account/api/dto/UserLoginDto$UserLoginDtoBuilder.class], URL [jar:file:/Users/wulonghui/.m2/repository/com/youzan/account-api/1.1.16-RELEASE/account-api-1.1.16-RELEASE.jar!/com/youzan/account/api/dto/UserLoginDto.class], URL [jar:file:/Users/wulonghui/.m2/repository/com/youzan/account-api/1.1.16-RELEASE/account-api-1.1.16-RELEASE.jar!/com/youzan/account/api/dto/UserPasswordDto$UserPasswordDtoBuilder.class], URL [jar:file:/Users/wulonghui/.m2/repository/com/youzan/account-api/1.1.16-RELEASE/account-api-1.1.16-RELEASE.jar!/com/youzan/account/api/dto/UserPasswordDto.class], URL [jar:file:/Users/wulonghui/.m2/repository/com/youzan/account-api/1.1.16-RELEASE/account-api-1.1.16-RELEASE.jar!/com/youzan/account/api/dto/UserSimpleDto$UserSimpleDtoBuilder.class], URL [jar:file:/Users/wulonghui/.m2/repository/com/youzan/account-api/1.1.16-RELEASE/account-api-1.1.16-RELEASE.jar!/com/youzan/account/api/dto/UserSimpleDto.class], URL [jar:file:/Users/wulonghui/.m2/repository/com/youzan/account-api/1.1.16-RELEASE/account-api-1.1.16-RELEASE.jar!/com/youzan/account/api/dto/UserTagDictionaryDto.class], URL [jar:file:/Users/wulonghui/.m2/repository/com/youzan/account-api/1.1.16-RELEASE/account-api-1.1.16-RELEASE.jar!/com/youzan/account/api/dto/UserTagDto.class], URL [jar:file:/Users/wulonghui/.m2/repository/com/youzan/account-api/1.1.16-RELEASE/account-api-1.1.16-RELEASE.jar!/com/youzan/account/api/dto/UserTagValueDto.class], URL [jar:file:/Users/wulonghui/.m2/repository/com/youzan/account-api/1.1.16-RELEASE/account-api-1.1.16-RELEASE.jar!/com/youzan/account/api/fans/dto/FansDto$FansDtoBuilder.class], URL [jar:file:/Users/wulonghui/.m2/repository/com/youzan/account-api/1.1.16-RELEASE/account-api-1.1.16-RELEASE.jar!/com/youzan/account/api/fans/dto/FansDto.class], URL [jar:file:/Users/wulonghui/.m2/repository/com/youzan/account-api/1.1.16-RELEASE/account-api-1.1.16-RELEASE.jar!/com/youzan/account/api/fans/dto/KdtUaDto$KdtUaDtoBuilder.class], URL [jar:file:/Users/wulonghui/.m2/repository/com/youzan/account-api/1.1.16-RELEASE/account-api-1.1.16-RELEASE.jar!/com/youzan/account/api/fans/dto/KdtUaDto.class], URL [jar:file:/Users/wulonghui/.m2/repository/com/youzan/account-api/1.1.16-RELEASE/account-api-1.1.16-RELEASE.jar!/com/youzan/account/api/fans/dto/KdtUserFansDto$KdtUserFansDtoBuilder.class], URL [jar:file:/Users/wulonghui/.m2/repository/com/youzan/account-api/1.1.16-RELEASE/account-api-1.1.16-RELEASE.jar!/com/youzan/account/api/fans/dto/KdtUserFansDto.class], URL [jar:file:/Users/wulonghui/.m2/repository/com/youzan/account-api/1.1.16-RELEASE/account-api-1.1.16-RELEASE.jar!/com/youzan/account/api/fans/KdtUaService.class], URL [jar:file:/Users/wulonghui/.m2/repository/com/youzan/account-api/1.1.16-RELEASE/account-api-1.1.16-RELEASE.jar!/com/youzan/account/api/fans/KdtUserFansService.class], URL [jar:file:/Users/wulonghui/.m2/repository/com/youzan/account-api/1.1.16-RELEASE/account-api-1.1.16-RELEASE.jar!/com/youzan/account/api/PlatformUserReadService.class], URL [jar:file:/Users/wulonghui/.m2/repository/com/youzan/account-api/1.1.16-RELEASE/account-api-1.1.16-RELEASE.jar!/com/youzan/account/api/PlatformUserService.class], URL [jar:file:/Users/wulonghui/.m2/repository/com/youzan/account-api/1.1.16-RELEASE/account-api-1.1.16-RELEASE.jar!/com/youzan/account/api/PlatformUserWriteService.class], URL [jar:file:/Users/wulonghui/.m2/repository/com/youzan/account-api/1.1.16-RELEASE/account-api-1.1.16-RELEASE.jar!/com/youzan/account/api/query/base/BaseQuery.class], URL [jar:file:/Users/wulonghui/.m2/repository/com/youzan/account-api/1.1.16-RELEASE/account-api-1.1.16-RELEASE.jar!/com/youzan/account/api/query/KdtUserFansQuery$KdtUserFansQueryBuilder.class], URL [jar:file:/Users/wulonghui/.m2/repository/com/youzan/account-api/1.1.16-RELEASE/account-api-1.1.16-RELEASE.jar!/com/youzan/account/api/query/KdtUserFansQuery.class], URL [jar:file:/Users/wulonghui/.m2/repository/com/youzan/account-api/1.1.16-RELEASE/account-api-1.1.16-RELEASE.jar!/com/youzan/account/api/query/UserConditionQuery.class], URL [jar:file:/Users/wulonghui/.m2/repository/com/youzan/account-api/1.1.16-RELEASE/account-api-1.1.16-RELEASE.jar!/com/youzan/account/api/query/UserInfoQuery$UserInfoQueryBuilder.class], URL [jar:file:/Users/wulonghui/.m2/repository/com/youzan/account-api/1.1.16-RELEASE/account-api-1.1.16-RELEASE.jar!/com/youzan/account/api/query/UserInfoQuery.class], URL [jar:file:/Users/wulonghui/.m2/repository/com/youzan/account-api/1.1.16-RELEASE/account-api-1.1.16-RELEASE.jar!/com/youzan/account/api/request/CountryCodeQueryRequest.class], URL [jar:file:/Users/wulonghui/.m2/repository/com/youzan/account-api/1.1.16-RELEASE/account-api-1.1.16-RELEASE.jar!/com/youzan/account/api/UserAddressReadService.class], URL [jar:file:/Users/wulonghui/.m2/repository/com/youzan/account-api/1.1.16-RELEASE/account-api-1.1.16-RELEASE.jar!/com/youzan/account/api/UserAddressWriteService.class], URL [jar:file:/Users/wulonghui/.m2/repository/com/youzan/account-api/1.1.16-RELEASE/account-api-1.1.16-RELEASE.jar!/com/youzan/account/api/UserContactService.class], URL [jar:file:/Users/wulonghui/.m2/repository/com/youzan/account-api/1.1.16-RELEASE/account-api-1.1.16-RELEASE.jar!/com/youzan/account/api/UserMerchantService.class], URL [jar:file:/Users/wulonghui/.m2/repository/com/youzan/account-api/1.1.16-RELEASE/account-api-1.1.16-RELEASE.jar!/com/youzan/account/api/UserReadService.class], URL [jar:file:/Users/wulonghui/.m2/repository/com/youzan/account-api/1.1.16-RELEASE/account-api-1.1.16-RELEASE.jar!/com/youzan/account/api/UserTagDicWriteService.class], URL [jar:file:/Users/wulonghui/.m2/repository/com/youzan/account-api/1.1.16-RELEASE/account-api-1.1.16-RELEASE.jar!/com/youzan/account/api/UserTagReadService.class], URL [jar:file:/Users/wulonghui/.m2/repository/com/youzan/account-api/1.1.16-RELEASE/account-api-1.1.16-RELEASE.jar!/com/youzan/account/api/UserTagWriteService.class], URL [jar:file:/Users/wulonghui/.m2/repository/com/youzan/account-api/1.1.16-RELEASE/account-api-1.1.16-RELEASE.jar!/com/youzan/account/api/UserWriteService.class], URL [jar:file:/Users/wulonghui/.m2/repository/com/youzan/account-api/1.1.16-RELEASE/account-api-1.1.16-RELEASE.jar!/com/youzan/account/domain/Admin$AdminBuilder.class], URL [jar:file:/Users/wulonghui/.m2/repository/com/youzan/account-api/1.1.16-RELEASE/account-api-1.1.16-RELEASE.jar!/com/youzan/account/domain/Admin.class], URL [jar:file:/Users/wulonghui/.m2/repository/com/youzan/account-api/1.1.16-RELEASE/account-api-1.1.16-RELEASE.jar!/com/youzan/account/domain/AdminSimple$AdminSimpleBuilder.class], URL [jar:file:/Users/wulonghui/.m2/repository/com/youzan/account-api/1.1.16-RELEASE/account-api-1.1.16-RELEASE.jar!/com/youzan/account/domain/AdminSimple.class], URL [jar:file:/Users/wulonghui/.m2/repository/com/youzan/account-api/1.1.16-RELEASE/account-api-1.1.16-RELEASE.jar!/com/youzan/uic/api/common/fans/FansQueryService.class], URL [jar:file:/Users/wulonghui/.m2/repository/com/youzan/account-api/1.1.16-RELEASE/account-api-1.1.16-RELEASE.jar!/com/youzan/uic/api/dto/FansInfoDto$FansInfoDtoBuilder.class], URL [jar:file:/Users/wulonghui/.m2/repository/com/youzan/account-api/1.1.16-RELEASE/account-api-1.1.16-RELEASE.jar!/com/youzan/uic/api/dto/FansInfoDto.class], URL [jar:file:/Users/wulonghui/.m2/repository/com/youzan/account-api/1.1.16-RELEASE/account-api-1.1.16-RELEASE.jar!/com/youzan/uic/api/exception/CommonExceptionEnum.class], URL [jar:file:/Users/wulonghui/.m2/repository/com/youzan/account-api/1.1.16-RELEASE/account-api-1.1.16-RELEASE.jar!/com/youzan/uic/api/exception/KdtUserFansExceptionEnum.class], URL [jar:file:/Users/wulonghui/.m2/repository/com/youzan/account-api/1.1.16-RELEASE/account-api-1.1.16-RELEASE.jar!/com/youzan/uic/api/exception/UserAddressExceptionEnum.class], URL [jar:file:/Users/wulonghui/.m2/repository/com/youzan/account-api/1.1.16-RELEASE/account-api-1.1.16-RELEASE.jar!/com/youzan/uic/api/exception/UserExceptionEnum.class], URL [jar:file:/Users/wulonghui/.m2/repository/com/youzan/account-api/1.1.16-RELEASE/account-api-1.1.16-RELEASE.jar!/com/youzan/uic/api/exception/UserSafeCheckExceptionEnum.class], URL [jar:file:/Users/wulonghui/.m2/repository/com/youzan/account-api/1.1.16-RELEASE/account-api-1.1.16-RELEASE.jar!/com/youzan/uic/api/exception/UserSecurityExceptionEnum.class], URL [jar:file:/Users/wulonghui/.m2/repository/com/youzan/account-api/1.1.16-RELEASE/account-api-1.1.16-RELEASE.jar!/com/youzan/uic/api/exception/UserTagExceptionEnum.class], URL [jar:file:/Users/wulonghui/.m2/repository/com/youzan/account-api/1.1.16-RELEASE/account-api-1.1.16-RELEASE.jar!/com/youzan/uic/api/request/common/fans/FansQueryByFans$FansQueryByFansBuilder.class], URL [jar:file:/Users/wulonghui/.m2/repository/com/youzan/account-api/1.1.16-RELEASE/account-api-1.1.16-RELEASE.jar!/com/youzan/uic/api/request/common/fans/FansQueryByFans.class], URL [jar:file:/Users/wulonghui/.m2/repository/com/youzan/account-api/1.1.16-RELEASE/account-api-1.1.16-RELEASE.jar!/com/youzan/uic/api/request/common/fans/FansQueryByUser$FansQueryByUserBuilder.class], URL [jar:file:/Users/wulonghui/.m2/repository/com/youzan/account-api/1.1.16-RELEASE/account-api-1.1.16-RELEASE.jar!/com/youzan/uic/api/request/common/fans/FansQueryByUser.class], URL [jar:file:/Users/wulonghui/.m2/repository/com/youzan/account-api/1.1.16-RELEASE/account-api-1.1.16-RELEASE.jar!/com/youzan/uic/api/request/common/fans/FansQueryInfo$FansQueryInfoBuilder.class], URL [jar:file:/Users/wulonghui/.m2/repository/com/youzan/account-api/1.1.16-RELEASE/account-api-1.1.16-RELEASE.jar!/com/youzan/uic/api/request/common/fans/FansQueryInfo.class], URL [jar:file:/Users/wulonghui/.m2/repository/com/youzan/account-api/1.1.16-RELEASE/account-api-1.1.16-RELEASE.jar!/com/youzan/uic/api/request/common/FansPlatformType.class], URL [jar:file:/Users/wulonghui/.m2/repository/com/youzan/account-api/1.1.16-RELEASE/account-api-1.1.16-RELEASE.jar!/com/youzan/uic/api/request/QueryUserRequest$QueryUserRequestBuilder.class], URL [jar:file:/Users/wulonghui/.m2/repository/com/youzan/account-api/1.1.16-RELEASE/account-api-1.1.16-RELEASE.jar!/com/youzan/uic/api/request/QueryUserRequest.class], URL [jar:file:/Users/wulonghui/.m2/repository/com/youzan/account-api/1.1.16-RELEASE/account-api-1.1.16-RELEASE.jar!/com/youzan/uic/api/request/security/UserSecurityInfo$UserSecurityInfoBuilder.class], URL [jar:file:/Users/wulonghui/.m2/repository/com/youzan/account-api/1.1.16-RELEASE/account-api-1.1.16-RELEASE.jar!/com/youzan/uic/api/request/security/UserSecurityInfo.class], URL [jar:file:/Users/wulonghui/.m2/repository/com/youzan/account-api/1.1.16-RELEASE/account-api-1.1.16-RELEASE.jar!/com/youzan/uic/api/security/UserSecurityService.class], URL [jar:file:/Users/wulonghui/.m2/repository/com/youzan/account-api/1.1.16-RELEASE/account-api-1.1.16-RELEASE.jar!/com/youzan/uic/api/UserService.class], URL [jar:file:/Users/wulonghui/.m2/repository/com/youzan/common-model/1.0.1-SNAPSHOT/common-model-1.0.1-SNAPSHOT.jar!/com/youzan/api/common/enums/IErrorCode.class], URL [jar:file:/Users/wulonghui/.m2/repository/com/youzan/common-model/1.0.1-SNAPSHOT/common-model-1.0.1-SNAPSHOT.jar!/com/youzan/api/common/request/BaseRequest.class], URL [jar:file:/Users/wulonghui/.m2/repository/com/youzan/common-model/1.0.1-SNAPSHOT/common-model-1.0.1-SNAPSHOT.jar!/com/youzan/api/common/response/BaseResult.class], URL [jar:file:/Users/wulonghui/.m2/repository/com/youzan/common-model/1.0.1-SNAPSHOT/common-model-1.0.1-SNAPSHOT.jar!/com/youzan/api/common/response/CommonResultCode.class], URL [jar:file:/Users/wulonghui/.m2/repository/com/youzan/common-model/1.0.1-SNAPSHOT/common-model-1.0.1-SNAPSHOT.jar!/com/youzan/api/common/response/DataResult.class], URL [jar:file:/Users/wulonghui/.m2/repository/com/youzan/common-model/1.0.1-SNAPSHOT/common-model-1.0.1-SNAPSHOT.jar!/com/youzan/api/common/response/ListResult.class], URL [jar:file:/Users/wulonghui/.m2/repository/com/youzan/common-model/1.0.1-SNAPSHOT/common-model-1.0.1-SNAPSHOT.jar!/com/youzan/api/common/response/MapResult.class], URL [jar:file:/Users/wulonghui/.m2/repository/com/youzan/common-model/1.0.1-SNAPSHOT/common-model-1.0.1-SNAPSHOT.jar!/com/youzan/api/common/response/Paginator.class], URL [jar:file:/Users/wulonghui/.m2/repository/com/youzan/common-model/1.0.1-SNAPSHOT/common-model-1.0.1-SNAPSHOT.jar!/com/youzan/api/common/response/PaginatorResult.class], URL [jar:file:/Users/wulonghui/.m2/repository/com/youzan/common-model/1.0.1-SNAPSHOT/common-model-1.0.1-SNAPSHOT.jar!/com/youzan/api/common/response/PlainResult.class], URL [jar:file:/Users/wulonghui/.m2/repository/com/youzan/common-model/1.0.1-SNAPSHOT/common-model-1.0.1-SNAPSHOT.jar!/com/youzan/api/common/response/SimpleResult.class], URL [jar:file:/Users/wulonghui/.m2/repository/com/youzan/common-model/1.0.1-SNAPSHOT/common-model-1.0.1-SNAPSHOT.jar!/com/youzan/api/common/vo/ListWithPaginatorVO.class], URL [jar:file:/Users/wulonghui/.m2/repository/com/youzan/pay/fund_channel.open-api/1.0.0-20170710-RELEASE/fund_channel.open-api-1.0.0-20170710-RELEASE.jar!/com/youzan/pay/fundchannel/open/api/BankCardService.class], URL [jar:file:/Users/wulonghui/.m2/repository/com/youzan/pay/fund_channel.open-api/1.0.0-20170710-RELEASE/fund_channel.open-api-1.0.0-20170710-RELEASE.jar!/com/youzan/pay/fundchannel/open/enums/BankErrorCode.class], URL [jar:file:/Users/wulonghui/.m2/repository/com/youzan/pay/fund_channel.open-api/1.0.0-20170710-RELEASE/fund_channel.open-api-1.0.0-20170710-RELEASE.jar!/com/youzan/pay/fundchannel/open/enums/ChannelBindStatus.class], URL [jar:file:/Users/wulonghui/.m2/repository/com/youzan/pay/fund_channel.open-api/1.0.0-20170710-RELEASE/fund_channel.open-api-1.0.0-20170710-RELEASE.jar!/com/youzan/pay/fundchannel/open/enums/IdCardType.class], URL [jar:file:/Users/wulonghui/.m2/repository/com/youzan/pay/fund_channel.open-api/1.0.0-20170710-RELEASE/fund_channel.open-api-1.0.0-20170710-RELEASE.jar!/com/youzan/pay/fundchannel/open/enums/SmsType.class], URL [jar:file:/Users/wulonghui/.m2/repository/com/youzan/pay/fund_channel.open-api/1.0.0-20170710-RELEASE/fund_channel.open-api-1.0.0-20170710-RELEASE.jar!/com/youzan/pay/fundchannel/open/model/bankcard/BankBindCheckRequest.class], URL [jar:file:/Users/wulonghui/.m2/repository/com/youzan/pay/fund_channel.open-api/1.0.0-20170710-RELEASE/fund_channel.open-api-1.0.0-20170710-RELEASE.jar!/com/youzan/pay/fundchannel/open/model/bankcard/BankBindCheckResult$Result.class], URL [jar:file:/Users/wulonghui/.m2/repository/com/youzan/pay/fund_channel.open-api/1.0.0-20170710-RELEASE/fund_channel.open-api-1.0.0-20170710-RELEASE.jar!/com/youzan/pay/fundchannel/open/model/bankcard/BankBindCheckResult.class], URL [jar:file:/Users/wulonghui/.m2/repository/com/youzan/pay/fund_channel.open-api/1.0.0-20170710-RELEASE/fund_channel.open-api-1.0.0-20170710-RELEASE.jar!/com/youzan/pay/fundchannel/open/model/bankcard/BankCardCheckRequest.class], URL [jar:file:/Users/wulonghui/.m2/repository/com/youzan/pay/fund_channel.open-api/1.0.0-20170710-RELEASE/fund_channel.open-api-1.0.0-20170710-RELEASE.jar!/com/youzan/pay/fundchannel/open/model/bankcard/BankCardCheckResult.class], URL [jar:file:/Users/wulonghui/.m2/repository/com/youzan/pay/fund_channel.open-api/1.0.0-20170710-RELEASE/fund_channel.open-api-1.0.0-20170710-RELEASE.jar!/com/youzan/pay/fundchannel/open/model/bankcard/BankPayConfirmRequest$BankCardInfo.class], URL [jar:file:/Users/wulonghui/.m2/repository/com/youzan/pay/fund_channel.open-api/1.0.0-20170710-RELEASE/fund_channel.open-api-1.0.0-20170710-RELEASE.jar!/com/youzan/pay/fundchannel/open/model/bankcard/BankPayConfirmRequest.class], URL [jar:file:/Users/wulonghui/.m2/repository/com/youzan/pay/fund_channel.open-api/1.0.0-20170710-RELEASE/fund_channel.open-api-1.0.0-20170710-RELEASE.jar!/com/youzan/pay/fundchannel/open/model/bankcard/BankPayConfirmResult.class], URL [jar:file:/Users/wulonghui/.m2/repository/com/youzan/pay/fund_channel.open-api/1.0.0-20170710-RELEASE/fund_channel.open-api-1.0.0-20170710-RELEASE.jar!/com/youzan/pay/fundchannel/open/model/bankcard/SendSmsRequest.class], URL [jar:file:/Users/wulonghui/.m2/repository/com/youzan/pay/fund_channel.open-api/1.0.0-20170710-RELEASE/fund_channel.open-api-1.0.0-20170710-RELEASE.jar!/com/youzan/pay/fundchannel/open/model/bankcard/SendSmsResult.class], URL [jar:file:/Users/wulonghui/.m2/repository/com/youzan/pay/fund_channel.open-api/1.0.0-20170710-RELEASE/fund_channel.open-api-1.0.0-20170710-RELEASE.jar!/com/youzan/pay/fundchannel/open/model/BaseRequest.class], URL [jar:file:/Users/wulonghui/.m2/repository/com/youzan/pay/fund_channel.open-api/1.0.0-20170710-RELEASE/fund_channel.open-api-1.0.0-20170710-RELEASE.jar!/com/youzan/pay/fundchannel/open/model/BaseResponse.class], URL [jar:file:/Users/wulonghui/.m2/repository/com/youzan/pay/fund_channel.core-commons/1.0.0-20170710-RELEASE/fund_channel.core-commons-1.0.0-20170710-RELEASE.jar!/com/youzan/pay/fundchannel/commons/annotation/AttributeAlias.class], URL [jar:file:/Users/wulonghui/.m2/repository/com/youzan/pay/fund_channel.core-commons/1.0.0-20170710-RELEASE/fund_channel.core-commons-1.0.0-20170710-RELEASE.jar!/com/youzan/pay/fundchannel/commons/component/HttpTools.class], URL [jar:file:/Users/wulonghui/.m2/repository/com/youzan/pay/fund_channel.core-commons/1.0.0-20170710-RELEASE/fund_channel.core-commons-1.0.0-20170710-RELEASE.jar!/com/youzan/pay/fundchannel/commons/constant/GlobalConstants.class], URL [jar:file:/Users/wulonghui/.m2/repository/com/youzan/pay/fund_channel.core-commons/1.0.0-20170710-RELEASE/fund_channel.core-commons-1.0.0-20170710-RELEASE.jar!/com/youzan/pay/fundchannel/commons/enums/BankTypeEnum.class], URL [jar:file:/Users/wulonghui/.m2/repository/com/youzan/pay/fund_channel.core-commons/1.0.0-20170710-RELEASE/fund_channel.core-commons-1.0.0-20170710-RELEASE.jar!/com/youzan/pay/fundchannel/commons/enums/BaseModelStatus.class], URL [jar:file:/Users/wulonghui/.m2/repository/com/youzan/pay/fund_channel.core-commons/1.0.0-20170710-RELEASE/fund_channel.core-commons-1.0.0-20170710-RELEASE.jar!/com/youzan/pay/fundchannel/commons/enums/ChannelFeeType.class], URL [jar:file:/Users/wulonghui/.m2/repository/com/youzan/pay/fund_channel.core-commons/1.0.0-20170710-RELEASE/fund_channel.core-commons-1.0.0-20170710-RELEASE.jar!/com/youzan/pay/fundchannel/commons/enums/CommandType.class], URL [jar:file:/Users/wulonghui/.m2/repository/com/youzan/pay/fund_channel.core-commons/1.0.0-20170710-RELEASE/fund_channel.core-commons-1.0.0-20170710-RELEASE.jar!/com/youzan/pay/fundchannel/commons/enums/CurrencyCode.class], URL [jar:file:/Users/wulonghui/.m2/repository/com/youzan/pay/fund_channel.core-commons/1.0.0-20170710-RELEASE/fund_channel.core-commons-1.0.0-20170710-RELEASE.jar!/com/youzan/pay/fundchannel/commons/enums/ErrorCode.class], URL [jar:file:/Users/wulonghui/.m2/repository/com/youzan/pay/fund_channel.core-commons/1.0.0-20170710-RELEASE/fund_channel.core-commons-1.0.0-20170710-RELEASE.jar!/com/youzan/pay/fundchannel/commons/enums/ErrorType.class], URL [jar:file:/Users/wulonghui/.m2/repository/com/youzan/pay/fund_channel.core-commons/1.0.0-20170710-RELEASE/fund_channel.core-commons-1.0.0-20170710-RELEASE.jar!/com/youzan/pay/fundchannel/commons/enums/Institution.class], URL [jar:file:/Users/wulonghui/.m2/repository/com/youzan/pay/fund_channel.core-commons/1.0.0-20170710-RELEASE/fund_channel.core-commons-1.0.0-20170710-RELEASE.jar!/com/youzan/pay/fundchannel/commons/enums/InstructState.class], URL [jar:file:/Users/wulonghui/.m2/repository/com/youzan/pay/fund_channel.core-commons/1.0.0-20170710-RELEASE/fund_channel.core-commons-1.0.0-20170710-RELEASE.jar!/com/youzan/pay/fundchannel/commons/enums/PartnerCode.class], URL [jar:file:/Users/wulonghui/.m2/repository/com/youzan/pay/fund_channel.core-commons/1.0.0-20170710-RELEASE/fund_channel.core-commons-1.0.0-20170710-RELEASE.jar!/com/youzan/pay/fundchannel/commons/enums/PayChannel.class], URL [jar:file:/Users/wulonghui/.m2/repository/com/youzan/pay/fund_channel.core-commons/1.0.0-20170710-RELEASE/fund_channel.core-commons-1.0.0-20170710-RELEASE.jar!/com/youzan/pay/fundchannel/commons/enums/PayMode.class], URL [jar:file:/Users/wulonghui/.m2/repository/com/youzan/pay/fund_channel.core-commons/1.0.0-20170710-RELEASE/fund_channel.core-commons-1.0.0-20170710-RELEASE.jar!/com/youzan/pay/fundchannel/commons/enums/RedisKey$1.class], URL [jar:file:/Users/wulonghui/.m2/repository/com/youzan/pay/fund_channel.core-commons/1.0.0-20170710-RELEASE/fund_channel.core-commons-1.0.0-20170710-RELEASE.jar!/com/youzan/pay/fundchannel/commons/enums/RedisKey.class], URL [jar:file:/Users/wulonghui/.m2/repository/com/youzan/pay/fund_channel.core-commons/1.0.0-20170710-RELEASE/fund_channel.core-commons-1.0.0-20170710-RELEASE.jar!/com/youzan/pay/fundchannel/commons/enums/SelfPayTypeEnum.class], URL [jar:file:/Users/wulonghui/.m2/repository/com/youzan/pay/fund_channel.core-commons/1.0.0-20170710-RELEASE/fund_channel.core-commons-1.0.0-20170710-RELEASE.jar!/com/youzan/pay/fundchannel/commons/exception/BaseException.class], URL [jar:file:/Users/wulonghui/.m2/repository/com/youzan/pay/fund_channel.core-commons/1.0.0-20170710-RELEASE/fund_channel.core-commons-1.0.0-20170710-RELEASE.jar!/com/youzan/pay/fundchannel/commons/exception/ChannelException.class], URL [jar:file:/Users/wulonghui/.m2/repository/com/youzan/pay/fund_channel.core-commons/1.0.0-20170710-RELEASE/fund_channel.core-commons-1.0.0-20170710-RELEASE.jar!/com/youzan/pay/fundchannel/commons/exception/HttpException.class], URL [jar:file:/Users/wulonghui/.m2/repository/com/youzan/pay/fund_channel.core-commons/1.0.0-20170710-RELEASE/fund_channel.core-commons-1.0.0-20170710-RELEASE.jar!/com/youzan/pay/fundchannel/commons/exception/ServiceException.class], URL [jar:file:/Users/wulonghui/.m2/repository/com/youzan/pay/fund_channel.core-commons/1.0.0-20170710-RELEASE/fund_channel.core-commons-1.0.0-20170710-RELEASE.jar!/com/youzan/pay/fundchannel/commons/utils/AESUtils.class], URL [jar:file:/Users/wulonghui/.m2/repository/com/youzan/pay/fund_channel.core-commons/1.0.0-20170710-RELEASE/fund_channel.core-commons-1.0.0-20170710-RELEASE.jar!/com/youzan/pay/fundchannel/commons/utils/BeanUtils.class], URL [jar:file:/Users/wulonghui/.m2/repository/com/youzan/pay/fund_channel.core-commons/1.0.0-20170710-RELEASE/fund_channel.core-commons-1.0.0-20170710-RELEASE.jar!/com/youzan/pay/fundchannel/commons/utils/DateUtils.class], URL [jar:file:/Users/wulonghui/.m2/repository/com/youzan/pay/fund_channel.core-commons/1.0.0-20170710-RELEASE/fund_channel.core-commons-1.0.0-20170710-RELEASE.jar!/com/youzan/pay/fundchannel/commons/utils/GeneralUtils.class], URL [jar:file:/Users/wulonghui/.m2/repository/com/youzan/pay/fund_channel.core-commons/1.0.0-20170710-RELEASE/fund_channel.core-commons-1.0.0-20170710-RELEASE.jar!/com/youzan/pay/fundchannel/commons/utils/HexUtils.class], URL [jar:file:/Users/wulonghui/.m2/repository/com/youzan/pay/fund_channel.core-commons/1.0.0-20170710-RELEASE/fund_channel.core-commons-1.0.0-20170710-RELEASE.jar!/com/youzan/pay/fundchannel/commons/utils/JsonUtils.class], URL [jar:file:/Users/wulonghui/.m2/repository/com/youzan/pay/fund_channel.core-commons/1.0.0-20170710-RELEASE/fund_channel.core-commons-1.0.0-20170710-RELEASE.jar!/com/youzan/pay/fundchannel/commons/utils/MapConvert.class], URL [jar:file:/Users/wulonghui/.m2/repository/com/youzan/pay/fund_channel.core-commons/1.0.0-20170710-RELEASE/fund_channel.core-commons-1.0.0-20170710-RELEASE.jar!/com/youzan/pay/fundchannel/commons/utils/PreCheckUtils.class], URL [jar:file:/Users/wulonghui/.m2/repository/com/youzan/pay/fund_channel.core-commons/1.0.0-20170710-RELEASE/fund_channel.core-commons-1.0.0-20170710-RELEASE.jar!/com/youzan/pay/fundchannel/commons/utils/PropertyUtils.class], URL [jar:file:/Users/wulonghui/.m2/repository/com/youzan/pay/fund_channel.core-commons/1.0.0-20170710-RELEASE/fund_channel.core-commons-1.0.0-20170710-RELEASE.jar!/com/youzan/pay/fundchannel/commons/utils/ReflectUtil.class], URL [jar:file:/Users/wulonghui/.m2/repository/com/youzan/pay/fund_channel.core-commons/1.0.0-20170710-RELEASE/fund_channel.core-commons-1.0.0-20170710-RELEASE.jar!/com/youzan/pay/fundchannel/commons/utils/StringUtils.class], URL [jar:file:/Users/wulonghui/.m2/repository/com/youzan/pay/fund_channel.core-commons/1.0.0-20170710-RELEASE/fund_channel.core-commons-1.0.0-20170710-RELEASE.jar!/com/youzan/pay/fundchannel/commons/utils/XmlUtil$1.class], URL [jar:file:/Users/wulonghui/.m2/repository/com/youzan/pay/fund_channel.core-commons/1.0.0-20170710-RELEASE/fund_channel.core-commons-1.0.0-20170710-RELEASE.jar!/com/youzan/pay/fundchannel/commons/utils/XmlUtil$MapEntryConverter.class], URL [jar:file:/Users/wulonghui/.m2/repository/com/youzan/pay/fund_channel.core-commons/1.0.0-20170710-RELEASE/fund_channel.core-commons-1.0.0-20170710-RELEASE.jar!/com/youzan/pay/fundchannel/commons/utils/XmlUtil.class], URL [jar:file:/Users/wulonghui/.m2/repository/com/youzan/pay/core/0.2.9-20170710-RELEASE/core-0.2.9-20170710-RELEASE.jar!/com/youzan/pay/core/alarm/Alarm.class], URL [jar:file:/Users/wulonghui/.m2/repository/com/youzan/pay/core/0.2.9-20170710-RELEASE/core-0.2.9-20170710-RELEASE.jar!/com/youzan/pay/core/alarm/bean/AlarmBean.class], URL [jar:file:/Users/wulonghui/.m2/repository/com/youzan/pay/core/0.2.9-20170710-RELEASE/core-0.2.9-20170710-RELEASE.jar!/com/youzan/pay/core/alarm/bean/TimeRangeBean.class], URL [jar:file:/Users/wulonghui/.m2/repository/com/youzan/pay/core/0.2.9-20170710-RELEASE/core-0.2.9-20170710-RELEASE.jar!/com/youzan/pay/core/alarm/bean/WeixinAlarmBean.class], URL [jar:file:/Users/wulonghui/.m2/repository/com/youzan/pay/core/0.2.9-20170710-RELEASE/core-0.2.9-20170710-RELEASE.jar!/com/youzan/pay/core/alarm/helper/WeixinAlarmHelper.class], URL [jar:file:/Users/wulonghui/.m2/repository/com/youzan/pay/core/0.2.9-20170710-RELEASE/core-0.2.9-20170710-RELEASE.jar!/com/youzan/pay/core/alarm/WeixinAlarm.class], URL [jar:file:/Users/wulonghui/.m2/repository/com/youzan/pay/core/0.2.9-20170710-RELEASE/core-0.2.9-20170710-RELEASE.jar!/com/youzan/pay/core/annotation/AutoLogParams.class], URL [jar:file:/Users/wulonghui/.m2/repository/com/youzan/pay/core/0.2.9-20170710-RELEASE/core-0.2.9-20170710-RELEASE.jar!/com/youzan/pay/core/annotation/DataSourceToggle.class], URL [jar:file:/Users/wulonghui/.m2/repository/com/youzan/pay/core/0.2.9-20170710-RELEASE/core-0.2.9-20170710-RELEASE.jar!/com/youzan/pay/core/annotation/Retry.class], URL [jar:file:/Users/wulonghui/.m2/repository/com/youzan/pay/core/0.2.9-20170710-RELEASE/core-0.2.9-20170710-RELEASE.jar!/com/youzan/pay/core/annotation/Validator.class], URL [jar:file:/Users/wulonghui/.m2/repository/com/youzan/pay/core/0.2.9-20170710-RELEASE/core-0.2.9-20170710-RELEASE.jar!/com/youzan/pay/core/aspect/AutoLogParamsAspect.class], URL [jar:file:/Users/wulonghui/.m2/repository/com/youzan/pay/core/0.2.9-20170710-RELEASE/core-0.2.9-20170710-RELEASE.jar!/com/youzan/pay/core/aspect/RetryAspect.class], URL [jar:file:/Users/wulonghui/.m2/repository/com/youzan/pay/core/0.2.9-20170710-RELEASE/core-0.2.9-20170710-RELEASE.jar!/com/youzan/pay/core/bean/Account.class], URL [jar:file:/Users/wulonghui/.m2/repository/com/youzan/pay/core/0.2.9-20170710-RELEASE/core-0.2.9-20170710-RELEASE.jar!/com/youzan/pay/core/bean/Genericable.class], URL [jar:file:/Users/wulonghui/.m2/repository/com/youzan/pay/core/0.2.9-20170710-RELEASE/core-0.2.9-20170710-RELEASE.jar!/com/youzan/pay/core/bean/PageResult.class], URL [jar:file:/Users/wulonghui/.m2/repository/com/youzan/pay/core/0.2.9-20170710-RELEASE/core-0.2.9-20170710-RELEASE.jar!/com/youzan/pay/core/bean/Subjects.class], URL [jar:file:/Users/wulonghui/.m2/repository/com/youzan/pay/core/0.2.9-20170710-RELEASE/core-0.2.9-20170710-RELEASE.jar!/com/youzan/pay/core/bean/ValidationResult.class], URL [jar:file:/Users/wulonghui/.m2/repository/com/youzan/pay/core/0.2.9-20170710-RELEASE/core-0.2.9-20170710-RELEASE.jar!/com/youzan/pay/core/cache/redis/impl/RedisCacheManagerImpl.class], URL [jar:file:/Users/wulonghui/.m2/repository/com/youzan/pay/core/0.2.9-20170710-RELEASE/core-0.2.9-20170710-RELEASE.jar!/com/youzan/pay/core/cache/redis/RedisCacheManager.class], URL [jar:file:/Users/wulonghui/.m2/repository/com/youzan/pay/core/0.2.9-20170710-RELEASE/core-0.2.9-20170710-RELEASE.jar!/com/youzan/pay/core/common/SwitcherEnum.class], URL [jar:file:/Users/wulonghui/.m2/repository/com/youzan/pay/core/0.2.9-20170710-RELEASE/core-0.2.9-20170710-RELEASE.jar!/com/youzan/pay/core/common/TypeReference.class], URL [jar:file:/Users/wulonghui/.m2/repository/com/youzan/pay/core/0.2.9-20170710-RELEASE/core-0.2.9-20170710-RELEASE.jar!/com/youzan/pay/core/config/AccountCurrency.class], URL [jar:file:/Users/wulonghui/.m2/repository/com/youzan/pay/core/0.2.9-20170710-RELEASE/core-0.2.9-20170710-RELEASE.jar!/com/youzan/pay/core/config/AccountFrom.class], URL [jar:file:/Users/wulonghui/.m2/repository/com/youzan/pay/core/0.2.9-20170710-RELEASE/core-0.2.9-20170710-RELEASE.jar!/com/youzan/pay/core/config/AccountingElements$1.class], URL [jar:file:/Users/wulonghui/.m2/repository/com/youzan/pay/core/0.2.9-20170710-RELEASE/core-0.2.9-20170710-RELEASE.jar!/com/youzan/pay/core/config/AccountingElements.class], URL [jar:file:/Users/wulonghui/.m2/repository/com/youzan/pay/core/0.2.9-20170710-RELEASE/core-0.2.9-20170710-RELEASE.jar!/com/youzan/pay/core/config/AccountState.class], URL [jar:file:/Users/wulonghui/.m2/repository/com/youzan/pay/core/0.2.9-20170710-RELEASE/core-0.2.9-20170710-RELEASE.jar!/com/youzan/pay/core/config/AccountType.class], URL [jar:file:/Users/wulonghui/.m2/repository/com/youzan/pay/core/0.2.9-20170710-RELEASE/core-0.2.9-20170710-RELEASE.jar!/com/youzan/pay/core/config/Channel$Type.class], URL [jar:file:/Users/wulonghui/.m2/repository/com/youzan/pay/core/0.2.9-20170710-RELEASE/core-0.2.9-20170710-RELEASE.jar!/com/youzan/pay/core/config/Channel.class], URL [jar:file:/Users/wulonghui/.m2/repository/com/youzan/pay/core/0.2.9-20170710-RELEASE/core-0.2.9-20170710-RELEASE.jar!/com/youzan/pay/core/config/CharsetEnum.class], URL [jar:file:/Users/wulonghui/.m2/repository/com/youzan/pay/core/0.2.9-20170710-RELEASE/core-0.2.9-20170710-RELEASE.jar!/com/youzan/pay/core/config/Currency.class], URL [jar:file:/Users/wulonghui/.m2/repository/com/youzan/pay/core/0.2.9-20170710-RELEASE/core-0.2.9-20170710-RELEASE.jar!/com/youzan/pay/core/config/DebitCredit.class], URL [jar:file:/Users/wulonghui/.m2/repository/com/youzan/pay/core/0.2.9-20170710-RELEASE/core-0.2.9-20170710-RELEASE.jar!/com/youzan/pay/core/config/InOut.class], URL [jar:file:/Users/wulonghui/.m2/repository/com/youzan/pay/core/0.2.9-20170710-RELEASE/core-0.2.9-20170710-RELEASE.jar!/com/youzan/pay/core/config/MerchType.class], URL [jar:file:/Users/wulonghui/.m2/repository/com/youzan/pay/core/0.2.9-20170710-RELEASE/core-0.2.9-20170710-RELEASE.jar!/com/youzan/pay/core/config/MethodEnum.class], URL [jar:file:/Users/wulonghui/.m2/repository/com/youzan/pay/core/0.2.9-20170710-RELEASE/core-0.2.9-20170710-RELEASE.jar!/com/youzan/pay/core/config/PayMethod.class], URL [jar:file:/Users/wulonghui/.m2/repository/com/youzan/pay/core/0.2.9-20170710-RELEASE/core-0.2.9-20170710-RELEASE.jar!/com/youzan/pay/core/config/SubjectsCat.class], URL [jar:file:/Users/wulonghui/.m2/repository/com/youzan/pay/core/0.2.9-20170710-RELEASE/core-0.2.9-20170710-RELEASE.jar!/com/youzan/pay/core/dal/DAOFactoryBean$DAOProxy.class], URL [jar:file:/Users/wulonghui/.m2/repository/com/youzan/pay/core/0.2.9-20170710-RELEASE/core-0.2.9-20170710-RELEASE.jar!/com/youzan/pay/core/dal/DAOFactoryBean.class], URL [jar:file:/Users/wulonghui/.m2/repository/com/youzan/pay/core/0.2.9-20170710-RELEASE/core-0.2.9-20170710-RELEASE.jar!/com/youzan/pay/core/dal/DataSourceSwitcher.class], URL [jar:file:/Users/wulonghui/.m2/repository/com/youzan/pay/core/0.2.9-20170710-RELEASE/core-0.2.9-20170710-RELEASE.jar!/com/youzan/pay/core/dal/DynamicDataSource$1.class], URL [jar:file:/Users/wulonghui/.m2/repository/com/youzan/pay/core/0.2.9-20170710-RELEASE/core-0.2.9-20170710-RELEASE.jar!/com/youzan/pay/core/dal/DynamicDataSource.class], URL [jar:file:/Users/wulonghui/.m2/repository/com/youzan/pay/core/0.2.9-20170710-RELEASE/core-0.2.9-20170710-RELEASE.jar!/com/youzan/pay/core/dal/DynamicTransactionTemplate.class], URL [jar:file:/Users/wulonghui/.m2/repository/com/youzan/pay/core/0.2.9-20170710-RELEASE/core-0.2.9-20170710-RELEASE.jar!/com/youzan/pay/core/exception/BusinessException.class], URL [jar:file:/Users/wulonghui/.m2/repository/com/youzan/pay/core/0.2.9-20170710-RELEASE/core-0.2.9-20170710-RELEASE.jar!/com/youzan/pay/core/exception/NullArgumentException.class], URL [jar:file:/Users/wulonghui/.m2/repository/com/youzan/pay/core/0.2.9-20170710-RELEASE/core-0.2.9-20170710-RELEASE.jar!/com/youzan/pay/core/exception/StringOutOfLengthException.class], URL [jar:file:/Users/wulonghui/.m2/repository/com/youzan/pay/core/0.2.9-20170710-RELEASE/core-0.2.9-20170710-RELEASE.jar!/com/youzan/pay/core/exception/SubjectsException.class], URL [jar:file:/Users/wulonghui/.m2/repository/com/youzan/pay/core/0.2.9-20170710-RELEASE/core-0.2.9-20170710-RELEASE.jar!/com/youzan/pay/core/formatter/Money.class], URL [jar:file:/Users/wulonghui/.m2/repository/com/youzan/pay/core/0.2.9-20170710-RELEASE/core-0.2.9-20170710-RELEASE.jar!/com/youzan/pay/core/formatter/ObjectConvert.class], URL [jar:file:/Users/wulonghui/.m2/repository/com/youzan/pay/core/0.2.9-20170710-RELEASE/core-0.2.9-20170710-RELEASE.jar!/com/youzan/pay/core/log/YZLoggerFactory.class], URL [jar:file:/Users/wulonghui/.m2/repository/com/youzan/pay/core/0.2.9-20170710-RELEASE/core-0.2.9-20170710-RELEASE.jar!/com/youzan/pay/core/nsq/Filter.class], URL [jar:file:/Users/wulonghui/.m2/repository/com/youzan/pay/core/0.2.9-20170710-RELEASE/core-0.2.9-20170710-RELEASE.jar!/com/youzan/pay/core/nsq/NsqConsumer.class], URL [jar:file:/Users/wulonghui/.m2/repository/com/youzan/pay/core/0.2.9-20170710-RELEASE/core-0.2.9-20170710-RELEASE.jar!/com/youzan/pay/core/task/Action.class], URL [jar:file:/Users/wulonghui/.m2/repository/com/youzan/pay/core/0.2.9-20170710-RELEASE/core-0.2.9-20170710-RELEASE.jar!/com/youzan/pay/core/task/Executer.class], URL [jar:file:/Users/wulonghui/.m2/repository/com/youzan/pay/core/0.2.9-20170710-RELEASE/core-0.2.9-20170710-RELEASE.jar!/com/youzan/pay/core/task/impl/nsq/action/AbstractAction.class], URL [jar:file:/Users/wulonghui/.m2/repository/com/youzan/pay/core/0.2.9-20170710-RELEASE/core-0.2.9-20170710-RELEASE.jar!/com/youzan/pay/core/task/impl/nsq/action/ExecuteAction.class], URL [jar:file:/Users/wulonghui/.m2/repository/com/youzan/pay/core/0.2.9-20170710-RELEASE/core-0.2.9-20170710-RELEASE.jar!/com/youzan/pay/core/task/impl/nsq/action/LoadAction.class], URL [jar:file:/Users/wulonghui/.m2/repository/com/youzan/pay/core/0.2.9-20170710-RELEASE/core-0.2.9-20170710-RELEASE.jar!/com/youzan/pay/core/task/impl/nsq/action/SplitAction.class], URL [jar:file:/Users/wulonghui/.m2/repository/com/youzan/pay/core/0.2.9-20170710-RELEASE/core-0.2.9-20170710-RELEASE.jar!/com/youzan/pay/core/task/impl/nsq/NsqSingleEnvFilter.class], URL [jar:file:/Users/wulonghui/.m2/repository/com/youzan/pay/core/0.2.9-20170710-RELEASE/core-0.2.9-20170710-RELEASE.jar!/com/youzan/pay/core/task/impl/nsq/NsqTaskDispatcher.class], URL [jar:file:/Users/wulonghui/.m2/repository/com/youzan/pay/core/0.2.9-20170710-RELEASE/core-0.2.9-20170710-RELEASE.jar!/com/youzan/pay/core/task/impl/nsq/NsqTaskManager$1.class], URL [jar:file:/Users/wulonghui/.m2/repository/com/youzan/pay/core/0.2.9-20170710-RELEASE/core-0.2.9-20170710-RELEASE.jar!/com/youzan/pay/core/task/impl/nsq/NsqTaskManager$ActionTask.class], URL [jar:file:/Users/wulonghui/.m2/repository/com/youzan/pay/core/0.2.9-20170710-RELEASE/core-0.2.9-20170710-RELEASE.jar!/com/youzan/pay/core/task/impl/nsq/NsqTaskManager.class], URL [jar:file:/Users/wulonghui/.m2/repository/com/youzan/pay/core/0.2.9-20170710-RELEASE/core-0.2.9-20170710-RELEASE.jar!/com/youzan/pay/core/task/Loader.class], URL [jar:file:/Users/wulonghui/.m2/repository/com/youzan/pay/core/0.2.9-20170710-RELEASE/core-0.2.9-20170710-RELEASE.jar!/com/youzan/pay/core/task/model/TaskActionEnum.class], URL [jar:file:/Users/wulonghui/.m2/repository/com/youzan/pay/core/0.2.9-20170710-RELEASE/core-0.2.9-20170710-RELEASE.jar!/com/youzan/pay/core/task/model/TaskConfig.class], URL [jar:file:/Users/wulonghui/.m2/repository/com/youzan/pay/core/0.2.9-20170710-RELEASE/core-0.2.9-20170710-RELEASE.jar!/com/youzan/pay/core/task/model/TaskNsqConfig.class], URL [jar:file:/Users/wulonghui/.m2/repository/com/youzan/pay/core/0.2.9-20170710-RELEASE/core-0.2.9-20170710-RELEASE.jar!/com/youzan/pay/core/task/model/TaskNsqEntity.class], URL [jar:file:/Users/wulonghui/.m2/repository/com/youzan/pay/core/0.2.9-20170710-RELEASE/core-0.2.9-20170710-RELEASE.jar!/com/youzan/pay/core/task/model/TaskStatusEnum.class], URL [jar:file:/Users/wulonghui/.m2/repository/com/youzan/pay/core/0.2.9-20170710-RELEASE/core-0.2.9-20170710-RELEASE.jar!/com/youzan/pay/core/task/Monitor.class], URL [jar:file:/Users/wulonghui/.m2/repository/com/youzan/pay/core/0.2.9-20170710-RELEASE/core-0.2.9-20170710-RELEASE.jar!/com/youzan/pay/core/task/Splitor.class], URL [jar:file:/Users/wulonghui/.m2/repository/com/youzan/pay/core/0.2.9-20170710-RELEASE/core-0.2.9-20170710-RELEASE.jar!/com/youzan/pay/core/task/spring/TaskConfigDefinitionParser.class], URL [jar:file:/Users/wulonghui/.m2/repository/com/youzan/pay/core/0.2.9-20170710-RELEASE/core-0.2.9-20170710-RELEASE.jar!/com/youzan/pay/core/task/spring/TaskManagerDefinitionParser.class], URL [jar:file:/Users/wulonghui/.m2/repository/com/youzan/pay/core/0.2.9-20170710-RELEASE/core-0.2.9-20170710-RELEASE.jar!/com/youzan/pay/core/task/spring/TaskNamespaceHandler.class], URL [jar:file:/Users/wulonghui/.m2/repository/com/youzan/pay/core/0.2.9-20170710-RELEASE/core-0.2.9-20170710-RELEASE.jar!/com/youzan/pay/core/task/TaskManager.class], URL [jar:file:/Users/wulonghui/.m2/repository/com/youzan/pay/core/0.2.9-20170710-RELEASE/core-0.2.9-20170710-RELEASE.jar!/com/youzan/pay/core/utils/AcctUtils.class], URL [jar:file:/Users/wulonghui/.m2/repository/com/youzan/pay/core/0.2.9-20170710-RELEASE/core-0.2.9-20170710-RELEASE.jar!/com/youzan/pay/core/utils/AlarmUtils.class], URL [jar:file:/Users/wulonghui/.m2/repository/com/youzan/pay/core/0.2.9-20170710-RELEASE/core-0.2.9-20170710-RELEASE.jar!/com/youzan/pay/core/utils/CommonUtils.class], URL [jar:file:/Users/wulonghui/.m2/repository/com/youzan/pay/core/0.2.9-20170710-RELEASE/core-0.2.9-20170710-RELEASE.jar!/com/youzan/pay/core/utils/DateUtils.class], URL [jar:file:/Users/wulonghui/.m2/repository/com/youzan/pay/core/0.2.9-20170710-RELEASE/core-0.2.9-20170710-RELEASE.jar!/com/youzan/pay/core/utils/HttpOutUtils.class], URL [jar:file:/Users/wulonghui/.m2/repository/com/youzan/pay/core/0.2.9-20170710-RELEASE/core-0.2.9-20170710-RELEASE.jar!/com/youzan/pay/core/utils/HttpUtils.class], URL [jar:file:/Users/wulonghui/.m2/repository/com/youzan/pay/core/0.2.9-20170710-RELEASE/core-0.2.9-20170710-RELEASE.jar!/com/youzan/pay/core/utils/KeyUtils.class], URL [jar:file:/Users/wulonghui/.m2/repository/com/youzan/pay/core/0.2.9-20170710-RELEASE/core-0.2.9-20170710-RELEASE.jar!/com/youzan/pay/core/utils/LogUtils$LogArgEntity.class], URL [jar:file:/Users/wulonghui/.m2/repository/com/youzan/pay/core/0.2.9-20170710-RELEASE/core-0.2.9-20170710-RELEASE.jar!/com/youzan/pay/core/utils/LogUtils.class], URL [jar:file:/Users/wulonghui/.m2/repository/com/youzan/pay/core/0.2.9-20170710-RELEASE/core-0.2.9-20170710-RELEASE.jar!/com/youzan/pay/core/utils/MailUtils.class], URL [jar:file:/Users/wulonghui/.m2/repository/com/youzan/pay/core/0.2.9-20170710-RELEASE/core-0.2.9-20170710-RELEASE.jar!/com/youzan/pay/core/utils/MoneyUtils.class], URL [jar:file:/Users/wulonghui/.m2/repository/com/youzan/pay/core/0.2.9-20170710-RELEASE/core-0.2.9-20170710-RELEASE.jar!/com/youzan/pay/core/utils/MsgFmtUtils.class], URL [jar:file:/Users/wulonghui/.m2/repository/com/youzan/pay/core/0.2.9-20170710-RELEASE/core-0.2.9-20170710-RELEASE.jar!/com/youzan/pay/core/utils/Reflections.class], URL [jar:file:/Users/wulonghui/.m2/repository/com/youzan/pay/core/0.2.9-20170710-RELEASE/core-0.2.9-20170710-RELEASE.jar!/com/youzan/pay/core/utils/Signature$CharCaseType.class], URL [jar:file:/Users/wulonghui/.m2/repository/com/youzan/pay/core/0.2.9-20170710-RELEASE/core-0.2.9-20170710-RELEASE.jar!/com/youzan/pay/core/utils/Signature.class], URL [jar:file:/Users/wulonghui/.m2/repository/com/youzan/pay/core/0.2.9-20170710-RELEASE/core-0.2.9-20170710-RELEASE.jar!/com/youzan/pay/core/utils/SubjectsNoUtils.class], URL [jar:file:/Users/wulonghui/.m2/repository/com/youzan/pay/core/0.2.9-20170710-RELEASE/core-0.2.9-20170710-RELEASE.jar!/com/youzan/pay/core/utils/TracerContextUtils.class], URL [jar:file:/Users/wulonghui/.m2/repository/com/youzan/pay/core/0.2.9-20170710-RELEASE/core-0.2.9-20170710-RELEASE.jar!/com/youzan/pay/core/utils/UnicodeUtils.class], URL [jar:file:/Users/wulonghui/.m2/repository/com/youzan/pay/core/0.2.9-20170710-RELEASE/core-0.2.9-20170710-RELEASE.jar!/com/youzan/pay/core/utils/ValidateUtils.class], URL [jar:file:/Users/wulonghui/.m2/repository/com/youzan/pay/core/0.2.9-20170710-RELEASE/core-0.2.9-20170710-RELEASE.jar!/com/youzan/pay/core/utils/ValidationUtils.class], URL [jar:file:/Users/wulonghui/.m2/repository/com/youzan/pay/core/mq-nsq/1.0.2-20170515-RELEASE/mq-nsq-1.0.2-20170515-RELEASE.jar!/com/youzan/pay/core/exception/NsqRequeueException.class], URL [jar:file:/Users/wulonghui/.m2/repository/com/youzan/pay/core/mq-nsq/1.0.2-20170515-RELEASE/mq-nsq-1.0.2-20170515-RELEASE.jar!/com/youzan/pay/core/nsq/exception/NsqRequeueException.class], URL [jar:file:/Users/wulonghui/.m2/repository/com/youzan/pay/core/mq-nsq/1.0.2-20170515-RELEASE/mq-nsq-1.0.2-20170515-RELEASE.jar!/com/youzan/pay/core/nsq/Filter.class], URL [jar:file:/Users/wulonghui/.m2/repository/com/youzan/pay/core/mq-nsq/1.0.2-20170515-RELEASE/mq-nsq-1.0.2-20170515-RELEASE.jar!/com/youzan/pay/core/nsq/Listener.class], URL [jar:file:/Users/wulonghui/.m2/repository/com/youzan/pay/core/mq-nsq/1.0.2-20170515-RELEASE/mq-nsq-1.0.2-20170515-RELEASE.jar!/com/youzan/pay/core/nsq/NsqConfig.class], URL [jar:file:/Users/wulonghui/.m2/repository/com/youzan/pay/core/mq-nsq/1.0.2-20170515-RELEASE/mq-nsq-1.0.2-20170515-RELEASE.jar!/com/youzan/pay/core/nsq/NsqConsumer.class], URL [jar:file:/Users/wulonghui/.m2/repository/com/youzan/pay/core/mq-nsq/1.0.2-20170515-RELEASE/mq-nsq-1.0.2-20170515-RELEASE.jar!/com/youzan/pay/core/nsq/NsqProducer.class], URL [jar:file:/Users/wulonghui/.m2/repository/com/youzan/pay/core/mq-nsq/1.0.2-20170515-RELEASE/mq-nsq-1.0.2-20170515-RELEASE.jar!/com/youzan/pay/core/nsq/NsqRetryHandler.class], URL [jar:file:/Users/wulonghui/.m2/repository/com/youzan/pay/core/mq-nsq/1.0.2-20170515-RELEASE/mq-nsq-1.0.2-20170515-RELEASE.jar!/com/youzan/pay/core/nsq/spring/NsqConsumerDefinitionParser.class], URL [jar:file:/Users/wulonghui/.m2/repository/com/youzan/pay/core/mq-nsq/1.0.2-20170515-RELEASE/mq-nsq-1.0.2-20170515-RELEASE.jar!/com/youzan/pay/core/nsq/spring/NsqNamespaceHandler.class], URL [jar:file:/Users/wulonghui/.m2/repository/com/youzan/pay/core/mq-nsq/1.0.2-20170515-RELEASE/mq-nsq-1.0.2-20170515-RELEASE.jar!/com/youzan/pay/core/nsq/spring/NsqProducerDefinitionParser.class], URL [jar:file:/Users/wulonghui/.m2/repository/com/youzan/pay/core/mq-nsq/1.0.2-20170515-RELEASE/mq-nsq-1.0.2-20170515-RELEASE.jar!/com/youzan/pay/core/nsq/support/CirculateRetryPolicy.class], URL [jar:file:/Users/wulonghui/.m2/repository/com/youzan/pay/core/mq-nsq/1.0.2-20170515-RELEASE/mq-nsq-1.0.2-20170515-RELEASE.jar!/com/youzan/pay/core/nsq/support/MaxRetryDiscardPolicy.class], URL [jar:file:/Users/wulonghui/.m2/repository/com/youzan/NSQ-Client/2.3.20170406-RELEASE/NSQ-Client-2.3.20170406-RELEASE.jar!/com/youzan/nsq/client/configs/AbstractConfigAccessDomain.class], URL [jar:file:/Users/wulonghui/.m2/repository/com/youzan/NSQ-Client/2.3.20170406-RELEASE/NSQ-Client-2.3.20170406-RELEASE.jar!/com/youzan/nsq/client/configs/AbstractConfigAccessKey.class], URL [jar:file:/Users/wulonghui/.m2/repository/com/youzan/NSQ-Client/2.3.20170406-RELEASE/NSQ-Client-2.3.20170406-RELEASE.jar!/com/youzan/nsq/client/configs/ConfigAccessAgent$IConfigAccessCallback.class], URL [jar:file:/Users/wulonghui/.m2/repository/com/youzan/NSQ-Client/2.3.20170406-RELEASE/NSQ-Client-2.3.20170406-RELEASE.jar!/com/youzan/nsq/client/configs/ConfigAccessAgent.class], URL [jar:file:/Users/wulonghui/.m2/repository/com/youzan/NSQ-Client/2.3.20170406-RELEASE/NSQ-Client-2.3.20170406-RELEASE.jar!/com/youzan/nsq/client/configs/DCCConfigAccessAgent$1.class], URL [jar:file:/Users/wulonghui/.m2/repository/com/youzan/NSQ-Client/2.3.20170406-RELEASE/NSQ-Client-2.3.20170406-RELEASE.jar!/com/youzan/nsq/client/configs/DCCConfigAccessAgent.class], URL [jar:file:/Users/wulonghui/.m2/repository/com/youzan/NSQ-Client/2.3.20170406-RELEASE/NSQ-Client-2.3.20170406-RELEASE.jar!/com/youzan/nsq/client/configs/DCCMigrationConfigAccessDomain.class], URL [jar:file:/Users/wulonghui/.m2/repository/com/youzan/NSQ-Client/2.3.20170406-RELEASE/NSQ-Client-2.3.20170406-RELEASE.jar!/com/youzan/nsq/client/configs/DCCMigrationConfigAccessKey.class], URL [jar:file:/Users/wulonghui/.m2/repository/com/youzan/NSQ-Client/2.3.20170406-RELEASE/NSQ-Client-2.3.20170406-RELEASE.jar!/com/youzan/nsq/client/configs/DCCMigrationControlConfig.class], URL [jar:file:/Users/wulonghui/.m2/repository/com/youzan/NSQ-Client/2.3.20170406-RELEASE/NSQ-Client-2.3.20170406-RELEASE.jar!/com/youzan/nsq/client/configs/DCCSeedLookupdConfig.class], URL [jar:file:/Users/wulonghui/.m2/repository/com/youzan/NSQ-Client/2.3.20170406-RELEASE/NSQ-Client-2.3.20170406-RELEASE.jar!/com/youzan/nsq/client/configs/DCCTraceConfigAccessDomain.class], URL [jar:file:/Users/wulonghui/.m2/repository/com/youzan/NSQ-Client/2.3.20170406-RELEASE/NSQ-Client-2.3.20170406-RELEASE.jar!/com/youzan/nsq/client/configs/DCCTraceConfigAccessKey.class], URL [jar:file:/Users/wulonghui/.m2/repository/com/youzan/NSQ-Client/2.3.20170406-RELEASE/NSQ-Client-2.3.20170406-RELEASE.jar!/com/youzan/nsq/client/configs/DoNothingConfigAccessAgent.class], URL [jar:file:/Users/wulonghui/.m2/repository/com/youzan/NSQ-Client/2.3.20170406-RELEASE/NSQ-Client-2.3.20170406-RELEASE.jar!/com/youzan/nsq/client/configs/ITopicRuleCategory.class], URL [jar:file:/Users/wulonghui/.m2/repository/com/youzan/NSQ-Client/2.3.20170406-RELEASE/NSQ-Client-2.3.20170406-RELEASE.jar!/com/youzan/nsq/client/configs/TopicRuleCategory$1.class], URL [jar:file:/Users/wulonghui/.m2/repository/com/youzan/NSQ-Client/2.3.20170406-RELEASE/NSQ-Client-2.3.20170406-RELEASE.jar!/com/youzan/nsq/client/configs/TopicRuleCategory.class], URL [jar:file:/Users/wulonghui/.m2/repository/com/youzan/NSQ-Client/2.3.20170406-RELEASE/NSQ-Client-2.3.20170406-RELEASE.jar!/com/youzan/nsq/client/Consumer.class], URL [jar:file:/Users/wulonghui/.m2/repository/com/youzan/NSQ-Client/2.3.20170406-RELEASE/NSQ-Client-2.3.20170406-RELEASE.jar!/com/youzan/nsq/client/ConsumerImplV2$1.class], URL [jar:file:/Users/wulonghui/.m2/repository/com/youzan/NSQ-Client/2.3.20170406-RELEASE/NSQ-Client-2.3.20170406-RELEASE.jar!/com/youzan/nsq/client/ConsumerImplV2$2.class], URL [jar:file:/Users/wulonghui/.m2/repository/com/youzan/NSQ-Client/2.3.20170406-RELEASE/NSQ-Client-2.3.20170406-RELEASE.jar!/com/youzan/nsq/client/ConsumerImplV2$3.class], URL [jar:file:/Users/wulonghui/.m2/repository/com/youzan/NSQ-Client/2.3.20170406-RELEASE/NSQ-Client-2.3.20170406-RELEASE.jar!/com/youzan/nsq/client/ConsumerImplV2$4.class], URL [jar:file:/Users/wulonghui/.m2/repository/com/youzan/NSQ-Client/2.3.20170406-RELEASE/NSQ-Client-2.3.20170406-RELEASE.jar!/com/youzan/nsq/client/ConsumerImplV2$5.class], URL [jar:file:/Users/wulonghui/.m2/repository/com/youzan/NSQ-Client/2.3.20170406-RELEASE/NSQ-Client-2.3.20170406-RELEASE.jar!/com/youzan/nsq/client/ConsumerImplV2.class], URL [jar:file:/Users/wulonghui/.m2/repository/com/youzan/NSQ-Client/2.3.20170406-RELEASE/NSQ-Client-2.3.20170406-RELEASE.jar!/com/youzan/nsq/client/core/Client.class], URL [jar:file:/Users/wulonghui/.m2/repository/com/youzan/NSQ-Client/2.3.20170406-RELEASE/NSQ-Client-2.3.20170406-RELEASE.jar!/com/youzan/nsq/client/core/command/Close$1.class], URL [jar:file:/Users/wulonghui/.m2/repository/com/youzan/NSQ-Client/2.3.20170406-RELEASE/NSQ-Client-2.3.20170406-RELEASE.jar!/com/youzan/nsq/client/core/command/Close$Instance.class], URL [jar:file:/Users/wulonghui/.m2/repository/com/youzan/NSQ-Client/2.3.20170406-RELEASE/NSQ-Client-2.3.20170406-RELEASE.jar!/com/youzan/nsq/client/core/command/Close.class], URL [jar:file:/Users/wulonghui/.m2/repository/com/youzan/NSQ-Client/2.3.20170406-RELEASE/NSQ-Client-2.3.20170406-RELEASE.jar!/com/youzan/nsq/client/core/command/Finish.class], URL [jar:file:/Users/wulonghui/.m2/repository/com/youzan/NSQ-Client/2.3.20170406-RELEASE/NSQ-Client-2.3.20170406-RELEASE.jar!/com/youzan/nsq/client/core/command/Identify.class], URL [jar:file:/Users/wulonghui/.m2/repository/com/youzan/NSQ-Client/2.3.20170406-RELEASE/NSQ-Client-2.3.20170406-RELEASE.jar!/com/youzan/nsq/client/core/command/Magic$1.class], URL [jar:file:/Users/wulonghui/.m2/repository/com/youzan/NSQ-Client/2.3.20170406-RELEASE/NSQ-Client-2.3.20170406-RELEASE.jar!/com/youzan/nsq/client/core/command/Magic$Instance.class], URL [jar:file:/Users/wulonghui/.m2/repository/com/youzan/NSQ-Client/2.3.20170406-RELEASE/NSQ-Client-2.3.20170406-RELEASE.jar!/com/youzan/nsq/client/core/command/Magic.class], URL [jar:file:/Users/wulonghui/.m2/repository/com/youzan/NSQ-Client/2.3.20170406-RELEASE/NSQ-Client-2.3.20170406-RELEASE.jar!/com/youzan/nsq/client/core/command/Mpub.class], URL [jar:file:/Users/wulonghui/.m2/repository/com/youzan/NSQ-Client/2.3.20170406-RELEASE/NSQ-Client-2.3.20170406-RELEASE.jar!/com/youzan/nsq/client/core/command/Nop$1.class], URL [jar:file:/Users/wulonghui/.m2/repository/com/youzan/NSQ-Client/2.3.20170406-RELEASE/NSQ-Client-2.3.20170406-RELEASE.jar!/com/youzan/nsq/client/core/command/Nop$Instance.class], URL [jar:file:/Users/wulonghui/.m2/repository/com/youzan/NSQ-Client/2.3.20170406-RELEASE/NSQ-Client-2.3.20170406-RELEASE.jar!/com/youzan/nsq/client/core/command/Nop.class], URL [jar:file:/Users/wulonghui/.m2/repository/com/youzan/NSQ-Client/2.3.20170406-RELEASE/NSQ-Client-2.3.20170406-RELEASE.jar!/com/youzan/nsq/client/core/command/NSQCommand.class], URL [jar:file:/Users/wulonghui/.m2/repository/com/youzan/NSQ-Client/2.3.20170406-RELEASE/NSQ-Client-2.3.20170406-RELEASE.jar!/com/youzan/nsq/client/core/command/PartitionEnable.class], URL [jar:file:/Users/wulonghui/.m2/repository/com/youzan/NSQ-Client/2.3.20170406-RELEASE/NSQ-Client-2.3.20170406-RELEASE.jar!/com/youzan/nsq/client/core/command/Pub.class], URL [jar:file:/Users/wulonghui/.m2/repository/com/youzan/NSQ-Client/2.3.20170406-RELEASE/NSQ-Client-2.3.20170406-RELEASE.jar!/com/youzan/nsq/client/core/command/PubOrdered.class], URL [jar:file:/Users/wulonghui/.m2/repository/com/youzan/NSQ-Client/2.3.20170406-RELEASE/NSQ-Client-2.3.20170406-RELEASE.jar!/com/youzan/nsq/client/core/command/PubTrace.class], URL [jar:file:/Users/wulonghui/.m2/repository/com/youzan/NSQ-Client/2.3.20170406-RELEASE/NSQ-Client-2.3.20170406-RELEASE.jar!/com/youzan/nsq/client/core/command/Rdy.class], URL [jar:file:/Users/wulonghui/.m2/repository/com/youzan/NSQ-Client/2.3.20170406-RELEASE/NSQ-Client-2.3.20170406-RELEASE.jar!/com/youzan/nsq/client/core/command/ReQueue.class], URL [jar:file:/Users/wulonghui/.m2/repository/com/youzan/NSQ-Client/2.3.20170406-RELEASE/NSQ-Client-2.3.20170406-RELEASE.jar!/com/youzan/nsq/client/core/command/Sub.class], URL [jar:file:/Users/wulonghui/.m2/repository/com/youzan/NSQ-Client/2.3.20170406-RELEASE/NSQ-Client-2.3.20170406-RELEASE.jar!/com/youzan/nsq/client/core/command/SubOrdered.class], URL [jar:file:/Users/wulonghui/.m2/repository/com/youzan/NSQ-Client/2.3.20170406-RELEASE/NSQ-Client-2.3.20170406-RELEASE.jar!/com/youzan/nsq/client/core/Feature.class], URL [jar:file:/Users/wulonghui/.m2/repository/com/youzan/NSQ-Client/2.3.20170406-RELEASE/NSQ-Client-2.3.20170406-RELEASE.jar!/com/youzan/nsq/client/core/lookup/LookupService.class], URL [jar:file:/Users/wulonghui/.m2/repository/com/youzan/NSQ-Client/2.3.20170406-RELEASE/NSQ-Client-2.3.20170406-RELEASE.jar!/com/youzan/nsq/client/core/lookup/LookupServiceImpl$1.class], URL [jar:file:/Users/wulonghui/.m2/repository/com/youzan/NSQ-Client/2.3.20170406-RELEASE/NSQ-Client-2.3.20170406-RELEASE.jar!/com/youzan/nsq/client/core/lookup/LookupServiceImpl.class], URL [jar:file:/Users/wulonghui/.m2/repository/com/youzan/NSQ-Client/2.3.20170406-RELEASE/NSQ-Client-2.3.20170406-RELEASE.jar!/com/youzan/nsq/client/core/LookupAddressUpdate$1.class], URL [jar:file:/Users/wulonghui/.m2/repository/com/youzan/NSQ-Client/2.3.20170406-RELEASE/NSQ-Client-2.3.20170406-RELEASE.jar!/com/youzan/nsq/client/core/LookupAddressUpdate$2.class], URL [jar:file:/Users/wulonghui/.m2/repository/com/youzan/NSQ-Client/2.3.20170406-RELEASE/NSQ-Client-2.3.20170406-RELEASE.jar!/com/youzan/nsq/client/core/LookupAddressUpdate$LookupAddressUpdateHandler.class], URL [jar:file:/Users/wulonghui/.m2/repository/com/youzan/NSQ-Client/2.3.20170406-RELEASE/NSQ-Client-2.3.20170406-RELEASE.jar!/com/youzan/nsq/client/core/LookupAddressUpdate.class], URL [jar:file:/Users/wulonghui/.m2/repository/com/youzan/NSQ-Client/2.3.20170406-RELEASE/NSQ-Client-2.3.20170406-RELEASE.jar!/com/youzan/nsq/client/core/NSQConnection.class], URL [jar:file:/Users/wulonghui/.m2/repository/com/youzan/NSQ-Client/2.3.20170406-RELEASE/NSQ-Client-2.3.20170406-RELEASE.jar!/com/youzan/nsq/client/core/NSQConnectionImpl.class], URL [jar:file:/Users/wulonghui/.m2/repository/com/youzan/NSQ-Client/2.3.20170406-RELEASE/NSQ-Client-2.3.20170406-RELEASE.jar!/com/youzan/nsq/client/core/NSQSimpleClient$1.class], URL [jar:file:/Users/wulonghui/.m2/repository/com/youzan/NSQ-Client/2.3.20170406-RELEASE/NSQ-Client-2.3.20170406-RELEASE.jar!/com/youzan/nsq/client/core/NSQSimpleClient$2.class], URL [jar:file:/Users/wulonghui/.m2/repository/com/youzan/NSQ-Client/2.3.20170406-RELEASE/NSQ-Client-2.3.20170406-RELEASE.jar!/com/youzan/nsq/client/core/NSQSimpleClient$3.class], URL [jar:file:/Users/wulonghui/.m2/repository/com/youzan/NSQ-Client/2.3.20170406-RELEASE/NSQ-Client-2.3.20170406-RELEASE.jar!/com/youzan/nsq/client/core/NSQSimpleClient.class], URL [jar:file:/Users/wulonghui/.m2/repository/com/youzan/NSQ-Client/2.3.20170406-RELEASE/NSQ-Client-2.3.20170406-RELEASE.jar!/com/youzan/nsq/client/core/pool/consumer/FixedPool.class], URL [jar:file:/Users/wulonghui/.m2/repository/com/youzan/NSQ-Client/2.3.20170406-RELEASE/NSQ-Client-2.3.20170406-RELEASE.jar!/com/youzan/nsq/client/core/pool/producer/KeyedPooledConnectionFactory.class], URL [jar:file:/Users/wulonghui/.m2/repository/com/youzan/NSQ-Client/2.3.20170406-RELEASE/NSQ-Client-2.3.20170406-RELEASE.jar!/com/youzan/nsq/client/core/RdySpectrum.class], URL [jar:file:/Users/wulonghui/.m2/repository/com/youzan/NSQ-Client/2.3.20170406-RELEASE/NSQ-Client-2.3.20170406-RELEASE.jar!/com/youzan/nsq/client/entity/Address.class], URL [jar:file:/Users/wulonghui/.m2/repository/com/youzan/NSQ-Client/2.3.20170406-RELEASE/NSQ-Client-2.3.20170406-RELEASE.jar!/com/youzan/nsq/client/entity/IPartitionsSelector.class], URL [jar:file:/Users/wulonghui/.m2/repository/com/youzan/NSQ-Client/2.3.20170406-RELEASE/NSQ-Client-2.3.20170406-RELEASE.jar!/com/youzan/nsq/client/entity/lookup/AbstractControlConfig$Gradation.class], URL [jar:file:/Users/wulonghui/.m2/repository/com/youzan/NSQ-Client/2.3.20170406-RELEASE/NSQ-Client-2.3.20170406-RELEASE.jar!/com/youzan/nsq/client/entity/lookup/AbstractControlConfig$Percentage.class], URL [jar:file:/Users/wulonghui/.m2/repository/com/youzan/NSQ-Client/2.3.20170406-RELEASE/NSQ-Client-2.3.20170406-RELEASE.jar!/com/youzan/nsq/client/entity/lookup/AbstractControlConfig.class], URL [jar:file:/Users/wulonghui/.m2/repository/com/youzan/NSQ-Client/2.3.20170406-RELEASE/NSQ-Client-2.3.20170406-RELEASE.jar!/com/youzan/nsq/client/entity/lookup/AbstractLookupdAddress.class], URL [jar:file:/Users/wulonghui/.m2/repository/com/youzan/NSQ-Client/2.3.20170406-RELEASE/NSQ-Client-2.3.20170406-RELEASE.jar!/com/youzan/nsq/client/entity/lookup/AbstractLookupdAddresses.class], URL [jar:file:/Users/wulonghui/.m2/repository/com/youzan/NSQ-Client/2.3.20170406-RELEASE/NSQ-Client-2.3.20170406-RELEASE.jar!/com/youzan/nsq/client/entity/lookup/AbstractLookupdConfig.class], URL [jar:file:/Users/wulonghui/.m2/repository/com/youzan/NSQ-Client/2.3.20170406-RELEASE/NSQ-Client-2.3.20170406-RELEASE.jar!/com/youzan/nsq/client/entity/lookup/AbstractSeedLookupdConfig.class], URL [jar:file:/Users/wulonghui/.m2/repository/com/youzan/NSQ-Client/2.3.20170406-RELEASE/NSQ-Client-2.3.20170406-RELEASE.jar!/com/youzan/nsq/client/entity/lookup/DefaultSeedLookupd.class], URL [jar:file:/Users/wulonghui/.m2/repository/com/youzan/NSQ-Client/2.3.20170406-RELEASE/NSQ-Client-2.3.20170406-RELEASE.jar!/com/youzan/nsq/client/entity/lookup/LookupdAddress.class], URL [jar:file:/Users/wulonghui/.m2/repository/com/youzan/NSQ-Client/2.3.20170406-RELEASE/NSQ-Client-2.3.20170406-RELEASE.jar!/com/youzan/nsq/client/entity/lookup/NSQLookupdAddresses$AddressCompatibility.class], URL [jar:file:/Users/wulonghui/.m2/repository/com/youzan/NSQ-Client/2.3.20170406-RELEASE/NSQ-Client-2.3.20170406-RELEASE.jar!/com/youzan/nsq/client/entity/lookup/NSQLookupdAddresses.class], URL [jar:file:/Users/wulonghui/.m2/repository/com/youzan/NSQ-Client/2.3.20170406-RELEASE/NSQ-Client-2.3.20170406-RELEASE.jar!/com/youzan/nsq/client/entity/lookup/NSQLookupdAddressesPair.class], URL [jar:file:/Users/wulonghui/.m2/repository/com/youzan/NSQ-Client/2.3.20170406-RELEASE/NSQ-Client-2.3.20170406-RELEASE.jar!/com/youzan/nsq/client/entity/lookup/SeedLookupdAddress.class], URL [jar:file:/Users/wulonghui/.m2/repository/com/youzan/NSQ-Client/2.3.20170406-RELEASE/NSQ-Client-2.3.20170406-RELEASE.jar!/com/youzan/nsq/client/entity/Message$1.class], URL [jar:file:/Users/wulonghui/.m2/repository/com/youzan/NSQ-Client/2.3.20170406-RELEASE/NSQ-Client-2.3.20170406-RELEASE.jar!/com/youzan/nsq/client/entity/Message.class], URL [jar:file:/Users/wulonghui/.m2/repository/com/youzan/NSQ-Client/2.3.20170406-RELEASE/NSQ-Client-2.3.20170406-RELEASE.jar!/com/youzan/nsq/client/entity/MigrationPartitionsSelector.class], URL [jar:file:/Users/wulonghui/.m2/repository/com/youzan/NSQ-Client/2.3.20170406-RELEASE/NSQ-Client-2.3.20170406-RELEASE.jar!/com/youzan/nsq/client/entity/NSQConfig$Compression.class], URL [jar:file:/Users/wulonghui/.m2/repository/com/youzan/NSQ-Client/2.3.20170406-RELEASE/NSQ-Client-2.3.20170406-RELEASE.jar!/com/youzan/nsq/client/entity/NSQConfig.class], URL [jar:file:/Users/wulonghui/.m2/repository/com/youzan/NSQ-Client/2.3.20170406-RELEASE/NSQ-Client-2.3.20170406-RELEASE.jar!/com/youzan/nsq/client/entity/NSQMessage.class], URL [jar:file:/Users/wulonghui/.m2/repository/com/youzan/NSQ-Client/2.3.20170406-RELEASE/NSQ-Client-2.3.20170406-RELEASE.jar!/com/youzan/nsq/client/entity/Partitions.class], URL [jar:file:/Users/wulonghui/.m2/repository/com/youzan/NSQ-Client/2.3.20170406-RELEASE/NSQ-Client-2.3.20170406-RELEASE.jar!/com/youzan/nsq/client/entity/Response.class], URL [jar:file:/Users/wulonghui/.m2/repository/com/youzan/NSQ-Client/2.3.20170406-RELEASE/NSQ-Client-2.3.20170406-RELEASE.jar!/com/youzan/nsq/client/entity/Role.class], URL [jar:file:/Users/wulonghui/.m2/repository/com/youzan/NSQ-Client/2.3.20170406-RELEASE/NSQ-Client-2.3.20170406-RELEASE.jar!/com/youzan/nsq/client/entity/SimplePartitionsSelector.class], URL [jar:file:/Users/wulonghui/.m2/repository/com/youzan/NSQ-Client/2.3.20170406-RELEASE/NSQ-Client-2.3.20170406-RELEASE.jar!/com/youzan/nsq/client/entity/Topic$1.class], URL [jar:file:/Users/wulonghui/.m2/repository/com/youzan/NSQ-Client/2.3.20170406-RELEASE/NSQ-Client-2.3.20170406-RELEASE.jar!/com/youzan/nsq/client/entity/Topic.class], URL [jar:file:/Users/wulonghui/.m2/repository/com/youzan/NSQ-Client/2.3.20170406-RELEASE/NSQ-Client-2.3.20170406-RELEASE.jar!/com/youzan/nsq/client/entity/TopicSharding.class], URL [jar:file:/Users/wulonghui/.m2/repository/com/youzan/NSQ-Client/2.3.20170406-RELEASE/NSQ-Client-2.3.20170406-RELEASE.jar!/com/youzan/nsq/client/entity/TraceLogger.class], URL [jar:file:/Users/wulonghui/.m2/repository/com/youzan/NSQ-Client/2.3.20170406-RELEASE/NSQ-Client-2.3.20170406-RELEASE.jar!/com/youzan/nsq/client/exception/ConfigAccessAgentException.class], URL [jar:file:/Users/wulonghui/.m2/repository/com/youzan/NSQ-Client/2.3.20170406-RELEASE/NSQ-Client-2.3.20170406-RELEASE.jar!/com/youzan/nsq/client/exception/ConfigAccessAgentInitializeException.class], URL [jar:file:/Users/wulonghui/.m2/repository/com/youzan/NSQ-Client/2.3.20170406-RELEASE/NSQ-Client-2.3.20170406-RELEASE.jar!/com/youzan/nsq/client/exception/NSQConfigAccessException.class], URL [jar:file:/Users/wulonghui/.m2/repository/com/youzan/NSQ-Client/2.3.20170406-RELEASE/NSQ-Client-2.3.20170406-RELEASE.jar!/com/youzan/nsq/client/exception/NSQDataNodesDownException.class], URL [jar:file:/Users/wulonghui/.m2/repository/com/youzan/NSQ-Client/2.3.20170406-RELEASE/NSQ-Client-2.3.20170406-RELEASE.jar!/com/youzan/nsq/client/exception/NSQException.class], URL [jar:file:/Users/wulonghui/.m2/repository/com/youzan/NSQ-Client/2.3.20170406-RELEASE/NSQ-Client-2.3.20170406-RELEASE.jar!/com/youzan/nsq/client/exception/NSQInvalidDataNodeException.class], URL [jar:file:/Users/wulonghui/.m2/repository/com/youzan/NSQ-Client/2.3.20170406-RELEASE/NSQ-Client-2.3.20170406-RELEASE.jar!/com/youzan/nsq/client/exception/NSQInvalidMessageException.class], URL [jar:file:/Users/wulonghui/.m2/repository/com/youzan/NSQ-Client/2.3.20170406-RELEASE/NSQ-Client-2.3.20170406-RELEASE.jar!/com/youzan/nsq/client/exception/NSQInvalidTopicException.class], URL [jar:file:/Users/wulonghui/.m2/repository/com/youzan/NSQ-Client/2.3.20170406-RELEASE/NSQ-Client-2.3.20170406-RELEASE.jar!/com/youzan/nsq/client/exception/NSQLookupException.class], URL [jar:file:/Users/wulonghui/.m2/repository/com/youzan/NSQ-Client/2.3.20170406-RELEASE/NSQ-Client-2.3.20170406-RELEASE.jar!/com/youzan/nsq/client/exception/NSQNoConnectionException.class], URL [jar:file:/Users/wulonghui/.m2/repository/com/youzan/NSQ-Client/2.3.20170406-RELEASE/NSQ-Client-2.3.20170406-RELEASE.jar!/com/youzan/nsq/client/exception/NSQPartitionNotAvailableException.class], URL [jar:file:/Users/wulonghui/.m2/repository/com/youzan/NSQ-Client/2.3.20170406-RELEASE/NSQ-Client-2.3.20170406-RELEASE.jar!/com/youzan/nsq/client/exception/NSQProducerNotFoundException.class], URL [jar:file:/Users/wulonghui/.m2/repository/com/youzan/NSQ-Client/2.3.20170406-RELEASE/NSQ-Client-2.3.20170406-RELEASE.jar!/com/youzan/nsq/client/exception/NSQPubException.class], URL [jar:file:/Users/wulonghui/.m2/repository/com/youzan/NSQ-Client/2.3.20170406-RELEASE/NSQ-Client-2.3.20170406-RELEASE.jar!/com/youzan/nsq/client/exception/NSQPubFactoryInitializeException.class], URL [jar:file:/Users/wulonghui/.m2/repository/com/youzan/NSQ-Client/2.3.20170406-RELEASE/NSQ-Client-2.3.20170406-RELEASE.jar!/com/youzan/nsq/client/exception/NSQTopicNotFoundException.class], URL [jar:file:/Users/wulonghui/.m2/repository/com/youzan/NSQ-Client/2.3.20170406-RELEASE/NSQ-Client-2.3.20170406-RELEASE.jar!/com/youzan/nsq/client/exception/RetryBusinessException.class], URL [jar:file:/Users/wulonghui/.m2/repository/com/youzan/NSQ-Client/2.3.20170406-RELEASE/NSQ-Client-2.3.20170406-RELEASE.jar!/com/youzan/nsq/client/IConfigAccessSubscriber.class], URL [jar:file:/Users/wulonghui/.m2/repository/com/youzan/NSQ-Client/2.3.20170406-RELEASE/NSQ-Client-2.3.20170406-RELEASE.jar!/com/youzan/nsq/client/IPartitionSelector.class], URL [jar:file:/Users/wulonghui/.m2/repository/com/youzan/NSQ-Client/2.3.20170406-RELEASE/NSQ-Client-2.3.20170406-RELEASE.jar!/com/youzan/nsq/client/MessageHandler.class], URL [jar:file:/Users/wulonghui/.m2/repository/com/youzan/NSQ-Client/2.3.20170406-RELEASE/NSQ-Client-2.3.20170406-RELEASE.jar!/com/youzan/nsq/client/MessageMetadata.class], URL [jar:file:/Users/wulonghui/.m2/repository/com/youzan/NSQ-Client/2.3.20170406-RELEASE/NSQ-Client-2.3.20170406-RELEASE.jar!/com/youzan/nsq/client/network/frame/ErrorFrame.class], URL [jar:file:/Users/wulonghui/.m2/repository/com/youzan/NSQ-Client/2.3.20170406-RELEASE/NSQ-Client-2.3.20170406-RELEASE.jar!/com/youzan/nsq/client/network/frame/MessageFrame.class], URL [jar:file:/Users/wulonghui/.m2/repository/com/youzan/NSQ-Client/2.3.20170406-RELEASE/NSQ-Client-2.3.20170406-RELEASE.jar!/com/youzan/nsq/client/network/frame/NSQFrame$FrameType.class], URL [jar:file:/Users/wulonghui/.m2/repository/com/youzan/NSQ-Client/2.3.20170406-RELEASE/NSQ-Client-2.3.20170406-RELEASE.jar!/com/youzan/nsq/client/network/frame/NSQFrame.class], URL [jar:file:/Users/wulonghui/.m2/repository/com/youzan/NSQ-Client/2.3.20170406-RELEASE/NSQ-Client-2.3.20170406-RELEASE.jar!/com/youzan/nsq/client/network/frame/OrderedMessageFrame.class], URL [jar:file:/Users/wulonghui/.m2/repository/com/youzan/NSQ-Client/2.3.20170406-RELEASE/NSQ-Client-2.3.20170406-RELEASE.jar!/com/youzan/nsq/client/network/frame/ResponseFrame.class], URL [jar:file:/Users/wulonghui/.m2/repository/com/youzan/NSQ-Client/2.3.20170406-RELEASE/NSQ-Client-2.3.20170406-RELEASE.jar!/com/youzan/nsq/client/network/netty/NSQClientInitializer.class], URL [jar:file:/Users/wulonghui/.m2/repository/com/youzan/NSQ-Client/2.3.20170406-RELEASE/NSQ-Client-2.3.20170406-RELEASE.jar!/com/youzan/nsq/client/network/netty/NSQDecoder.class], URL [jar:file:/Users/wulonghui/.m2/repository/com/youzan/NSQ-Client/2.3.20170406-RELEASE/NSQ-Client-2.3.20170406-RELEASE.jar!/com/youzan/nsq/client/network/netty/NSQEncoder.class], URL [jar:file:/Users/wulonghui/.m2/repository/com/youzan/NSQ-Client/2.3.20170406-RELEASE/NSQ-Client-2.3.20170406-RELEASE.jar!/com/youzan/nsq/client/network/netty/NSQFeatureDetectionHandler.class], URL [jar:file:/Users/wulonghui/.m2/repository/com/youzan/NSQ-Client/2.3.20170406-RELEASE/NSQ-Client-2.3.20170406-RELEASE.jar!/com/youzan/nsq/client/network/netty/NSQHandler$1.class], URL [jar:file:/Users/wulonghui/.m2/repository/com/youzan/NSQ-Client/2.3.20170406-RELEASE/NSQ-Client-2.3.20170406-RELEASE.jar!/com/youzan/nsq/client/network/netty/NSQHandler.class], URL [jar:file:/Users/wulonghui/.m2/repository/com/youzan/NSQ-Client/2.3.20170406-RELEASE/NSQ-Client-2.3.20170406-RELEASE.jar!/com/youzan/nsq/client/Producer.class], URL [jar:file:/Users/wulonghui/.m2/repository/com/youzan/NSQ-Client/2.3.20170406-RELEASE/NSQ-Client-2.3.20170406-RELEASE.jar!/com/youzan/nsq/client/ProducerImplV2$1.class], URL [jar:file:/Users/wulonghui/.m2/repository/com/youzan/NSQ-Client/2.3.20170406-RELEASE/NSQ-Client-2.3.20170406-RELEASE.jar!/com/youzan/nsq/client/ProducerImplV2$2.class], URL [jar:file:/Users/wulonghui/.m2/repository/com/youzan/NSQ-Client/2.3.20170406-RELEASE/NSQ-Client-2.3.20170406-RELEASE.jar!/com/youzan/nsq/client/ProducerImplV2.class], URL [jar:file:/Users/wulonghui/.m2/repository/com/youzan/NSQ-Client/2.3.20170406-RELEASE/NSQ-Client-2.3.20170406-RELEASE.jar!/com/youzan/nsq/client/PropertyNotFoundException.class], URL [jar:file:/Users/wulonghui/.m2/repository/com/youzan/NSQ-Client/2.3.20170406-RELEASE/NSQ-Client-2.3.20170406-RELEASE.jar!/com/youzan/nsq/client/PubCmdFactory$1.class], URL [jar:file:/Users/wulonghui/.m2/repository/com/youzan/NSQ-Client/2.3.20170406-RELEASE/NSQ-Client-2.3.20170406-RELEASE.jar!/com/youzan/nsq/client/PubCmdFactory.class], URL [jar:file:/Users/wulonghui/.m2/repository/com/youzan/NSQ-Client/2.3.20170406-RELEASE/NSQ-Client-2.3.20170406-RELEASE.jar!/com/youzan/nsq/client/Version.class], URL [jar:file:/Users/wulonghui/.m2/repository/com/youzan/NSQ-Client/2.3.20170406-RELEASE/NSQ-Client-2.3.20170406-RELEASE.jar!/com/youzan/util/ConcurrentSortedSet.class], URL [jar:file:/Users/wulonghui/.m2/repository/com/youzan/NSQ-Client/2.3.20170406-RELEASE/NSQ-Client-2.3.20170406-RELEASE.jar!/com/youzan/util/HostUtil.class], URL [jar:file:/Users/wulonghui/.m2/repository/com/youzan/NSQ-Client/2.3.20170406-RELEASE/NSQ-Client-2.3.20170406-RELEASE.jar!/com/youzan/util/IOUtil.class], URL [jar:file:/Users/wulonghui/.m2/repository/com/youzan/NSQ-Client/2.3.20170406-RELEASE/NSQ-Client-2.3.20170406-RELEASE.jar!/com/youzan/util/IPUtil.class], URL [jar:file:/Users/wulonghui/.m2/repository/com/youzan/NSQ-Client/2.3.20170406-RELEASE/NSQ-Client-2.3.20170406-RELEASE.jar!/com/youzan/util/Lists$1.class], URL [jar:file:/Users/wulonghui/.m2/repository/com/youzan/NSQ-Client/2.3.20170406-RELEASE/NSQ-Client-2.3.20170406-RELEASE.jar!/com/youzan/util/Lists$Partition.class], URL [jar:file:/Users/wulonghui/.m2/repository/com/youzan/NSQ-Client/2.3.20170406-RELEASE/NSQ-Client-2.3.20170406-RELEASE.jar!/com/youzan/util/Lists$RandomAccessPartition.class], URL [jar:file:/Users/wulonghui/.m2/repository/com/youzan/NSQ-Client/2.3.20170406-RELEASE/NSQ-Client-2.3.20170406-RELEASE.jar!/com/youzan/util/Lists.class], URL [jar:file:/Users/wulonghui/.m2/repository/com/youzan/NSQ-Client/2.3.20170406-RELEASE/NSQ-Client-2.3.20170406-RELEASE.jar!/com/youzan/util/NamedThreadFactory$1.class], URL [jar:file:/Users/wulonghui/.m2/repository/com/youzan/NSQ-Client/2.3.20170406-RELEASE/NSQ-Client-2.3.20170406-RELEASE.jar!/com/youzan/util/NamedThreadFactory.class], URL [jar:file:/Users/wulonghui/.m2/repository/com/youzan/NSQ-Client/2.3.20170406-RELEASE/NSQ-Client-2.3.20170406-RELEASE.jar!/com/youzan/util/NotThreadSafe.class], URL [jar:file:/Users/wulonghui/.m2/repository/com/youzan/NSQ-Client/2.3.20170406-RELEASE/NSQ-Client-2.3.20170406-RELEASE.jar!/com/youzan/util/SystemUtil.class], URL [jar:file:/Users/wulonghui/.m2/repository/com/youzan/NSQ-Client/2.3.20170406-RELEASE/NSQ-Client-2.3.20170406-RELEASE.jar!/com/youzan/util/ThreadSafe.class], URL [jar:file:/Users/wulonghui/.m2/repository/com/youzan/DCC-Client/1.1.0330-RELEASE/DCC-Client-1.1.0330-RELEASE.jar!/com/youzan/dcc/client/cache/CacheBackupWorker$CacheSyncJob.class], URL [jar:file:/Users/wulonghui/.m2/repository/com/youzan/DCC-Client/1.1.0330-RELEASE/DCC-Client-1.1.0330-RELEASE.jar!/com/youzan/dcc/client/cache/CacheBackupWorker$LineJob.class], URL [jar:file:/Users/wulonghui/.m2/repository/com/youzan/DCC-Client/1.1.0330-RELEASE/DCC-Client-1.1.0330-RELEASE.jar!/com/youzan/dcc/client/cache/CacheBackupWorker.class], URL [jar:file:/Users/wulonghui/.m2/repository/com/youzan/DCC-Client/1.1.0330-RELEASE/DCC-Client-1.1.0330-RELEASE.jar!/com/youzan/dcc/client/cache/ConfigCacheManager.class], URL [jar:file:/Users/wulonghui/.m2/repository/com/youzan/DCC-Client/1.1.0330-RELEASE/DCC-Client-1.1.0330-RELEASE.jar!/com/youzan/dcc/client/cache/interfaces/IBackupable.class], URL [jar:file:/Users/wulonghui/.m2/repository/com/youzan/DCC-Client/1.1.0330-RELEASE/DCC-Client-1.1.0330-RELEASE.jar!/com/youzan/dcc/client/ConfigClient$ResponseCallbackWrapper.class], URL [jar:file:/Users/wulonghui/.m2/repository/com/youzan/DCC-Client/1.1.0330-RELEASE/DCC-Client-1.1.0330-RELEASE.jar!/com/youzan/dcc/client/ConfigClient.class], URL [jar:file:/Users/wulonghui/.m2/repository/com/youzan/DCC-Client/1.1.0330-RELEASE/DCC-Client-1.1.0330-RELEASE.jar!/com/youzan/dcc/client/ConfigClientBuilder.class], URL [jar:file:/Users/wulonghui/.m2/repository/com/youzan/DCC-Client/1.1.0330-RELEASE/DCC-Client-1.1.0330-RELEASE.jar!/com/youzan/dcc/client/connection/ConnectionManager$1$1.class], URL [jar:file:/Users/wulonghui/.m2/repository/com/youzan/DCC-Client/1.1.0330-RELEASE/DCC-Client-1.1.0330-RELEASE.jar!/com/youzan/dcc/client/connection/ConnectionManager$1.class], URL [jar:file:/Users/wulonghui/.m2/repository/com/youzan/DCC-Client/1.1.0330-RELEASE/DCC-Client-1.1.0330-RELEASE.jar!/com/youzan/dcc/client/connection/ConnectionManager.class], URL [jar:file:/Users/wulonghui/.m2/repository/com/youzan/DCC-Client/1.1.0330-RELEASE/DCC-Client-1.1.0330-RELEASE.jar!/com/youzan/dcc/client/connection/DCCConnectionManager$AbstractRetryCallback$ConfigRequestKey.class], URL [jar:file:/Users/wulonghui/.m2/repository/com/youzan/DCC-Client/1.1.0330-RELEASE/DCC-Client-1.1.0330-RELEASE.jar!/com/youzan/dcc/client/connection/DCCConnectionManager$AbstractRetryCallback.class], URL [jar:file:/Users/wulonghui/.m2/repository/com/youzan/DCC-Client/1.1.0330-RELEASE/DCC-Client-1.1.0330-RELEASE.jar!/com/youzan/dcc/client/connection/DCCConnectionManager$RetryCallback.class], URL [jar:file:/Users/wulonghui/.m2/repository/com/youzan/DCC-Client/1.1.0330-RELEASE/DCC-Client-1.1.0330-RELEASE.jar!/com/youzan/dcc/client/connection/DCCConnectionManager$RetryGETCallback.class], URL [jar:file:/Users/wulonghui/.m2/repository/com/youzan/DCC-Client/1.1.0330-RELEASE/DCC-Client-1.1.0330-RELEASE.jar!/com/youzan/dcc/client/connection/DCCConnectionManager$RetrySUBCallback.class], URL [jar:file:/Users/wulonghui/.m2/repository/com/youzan/DCC-Client/1.1.0330-RELEASE/DCC-Client-1.1.0330-RELEASE.jar!/com/youzan/dcc/client/connection/DCCConnectionManager.class], URL [jar:file:/Users/wulonghui/.m2/repository/com/youzan/DCC-Client/1.1.0330-RELEASE/DCC-Client-1.1.0330-RELEASE.jar!/com/youzan/dcc/client/connection/NamedThreadFactory$1.class], URL [jar:file:/Users/wulonghui/.m2/repository/com/youzan/DCC-Client/1.1.0330-RELEASE/DCC-Client-1.1.0330-RELEASE.jar!/com/youzan/dcc/client/connection/NamedThreadFactory.class], URL [jar:file:/Users/wulonghui/.m2/repository/com/youzan/DCC-Client/1.1.0330-RELEASE/DCC-Client-1.1.0330-RELEASE.jar!/com/youzan/dcc/client/entity/CallbackSubscribe$1.class], URL [jar:file:/Users/wulonghui/.m2/repository/com/youzan/DCC-Client/1.1.0330-RELEASE/DCC-Client-1.1.0330-RELEASE.jar!/com/youzan/dcc/client/entity/CallbackSubscribe$Status.class], URL [jar:file:/Users/wulonghui/.m2/repository/com/youzan/DCC-Client/1.1.0330-RELEASE/DCC-Client-1.1.0330-RELEASE.jar!/com/youzan/dcc/client/entity/CallbackSubscribe.class], URL [jar:file:/Users/wulonghui/.m2/repository/com/youzan/DCC-Client/1.1.0330-RELEASE/DCC-Client-1.1.0330-RELEASE.jar!/com/youzan/dcc/client/entity/command/AbstractCommand.class], URL [jar:file:/Users/wulonghui/.m2/repository/com/youzan/DCC-Client/1.1.0330-RELEASE/DCC-Client-1.1.0330-RELEASE.jar!/com/youzan/dcc/client/entity/command/Delete.class], URL [jar:file:/Users/wulonghui/.m2/repository/com/youzan/DCC-Client/1.1.0330-RELEASE/DCC-Client-1.1.0330-RELEASE.jar!/com/youzan/dcc/client/entity/command/interfaces/ICommand.class], URL [jar:file:/Users/wulonghui/.m2/repository/com/youzan/DCC-Client/1.1.0330-RELEASE/DCC-Client-1.1.0330-RELEASE.jar!/com/youzan/dcc/client/entity/command/Publish.class], URL [jar:file:/Users/wulonghui/.m2/repository/com/youzan/DCC-Client/1.1.0330-RELEASE/DCC-Client-1.1.0330-RELEASE.jar!/com/youzan/dcc/client/entity/command/Subscribe.class], URL [jar:file:/Users/wulonghui/.m2/repository/com/youzan/DCC-Client/1.1.0330-RELEASE/DCC-Client-1.1.0330-RELEASE.jar!/com/youzan/dcc/client/entity/config/AbstractConfig$ConfigRequestField.class], URL [jar:file:/Users/wulonghui/.m2/repository/com/youzan/DCC-Client/1.1.0330-RELEASE/DCC-Client-1.1.0330-RELEASE.jar!/com/youzan/dcc/client/entity/config/AbstractConfig.class], URL [jar:file:/Users/wulonghui/.m2/repository/com/youzan/DCC-Client/1.1.0330-RELEASE/DCC-Client-1.1.0330-RELEASE.jar!/com/youzan/dcc/client/entity/config/Config$ConfigField.class], URL [jar:file:/Users/wulonghui/.m2/repository/com/youzan/DCC-Client/1.1.0330-RELEASE/DCC-Client-1.1.0330-RELEASE.jar!/com/youzan/dcc/client/entity/config/Config$ConfigType.class], URL [jar:file:/Users/wulonghui/.m2/repository/com/youzan/DCC-Client/1.1.0330-RELEASE/DCC-Client-1.1.0330-RELEASE.jar!/com/youzan/dcc/client/entity/config/Config.class], URL [jar:file:/Users/wulonghui/.m2/repository/com/youzan/DCC-Client/1.1.0330-RELEASE/DCC-Client-1.1.0330-RELEASE.jar!/com/youzan/dcc/client/entity/config/ConfigBuilder.class], URL [jar:file:/Users/wulonghui/.m2/repository/com/youzan/DCC-Client/1.1.0330-RELEASE/DCC-Client-1.1.0330-RELEASE.jar!/com/youzan/dcc/client/entity/config/ConfigRequest.class], URL [jar:file:/Users/wulonghui/.m2/repository/com/youzan/DCC-Client/1.1.0330-RELEASE/DCC-Client-1.1.0330-RELEASE.jar!/com/youzan/dcc/client/entity/config/ConfigRequestBuilder.class], URL [jar:file:/Users/wulonghui/.m2/repository/com/youzan/DCC-Client/1.1.0330-RELEASE/DCC-Client-1.1.0330-RELEASE.jar!/com/youzan/dcc/client/entity/config/interfaces/IDCCConfig.class], URL [jar:file:/Users/wulonghui/.m2/repository/com/youzan/DCC-Client/1.1.0330-RELEASE/DCC-Client-1.1.0330-RELEASE.jar!/com/youzan/dcc/client/entity/config/interfaces/IDCCResponse.class], URL [jar:file:/Users/wulonghui/.m2/repository/com/youzan/DCC-Client/1.1.0330-RELEASE/DCC-Client-1.1.0330-RELEASE.jar!/com/youzan/dcc/client/entity/config/interfaces/IResponseCallback.class], URL [jar:file:/Users/wulonghui/.m2/repository/com/youzan/DCC-Client/1.1.0330-RELEASE/DCC-Client-1.1.0330-RELEASE.jar!/com/youzan/dcc/client/entity/config/interfaces/IStatus$Status.class], URL [jar:file:/Users/wulonghui/.m2/repository/com/youzan/DCC-Client/1.1.0330-RELEASE/DCC-Client-1.1.0330-RELEASE.jar!/com/youzan/dcc/client/entity/config/interfaces/IStatus.class], URL [jar:file:/Users/wulonghui/.m2/repository/com/youzan/DCC-Client/1.1.0330-RELEASE/DCC-Client-1.1.0330-RELEASE.jar!/com/youzan/dcc/client/entity/ConfigPair.class], URL [jar:file:/Users/wulonghui/.m2/repository/com/youzan/DCC-Client/1.1.0330-RELEASE/DCC-Client-1.1.0330-RELEASE.jar!/com/youzan/dcc/client/entity/ConnectionStatus.class], URL [jar:file:/Users/wulonghui/.m2/repository/com/youzan/DCC-Client/1.1.0330-RELEASE/DCC-Client-1.1.0330-RELEASE.jar!/com/youzan/dcc/client/entity/PoolingResponseCallback.class], URL [jar:file:/Users/wulonghui/.m2/repository/com/youzan/DCC-Client/1.1.0330-RELEASE/DCC-Client-1.1.0330-RELEASE.jar!/com/youzan/dcc/client/entity/SubscribePoolingManager$1.class], URL [jar:file:/Users/wulonghui/.m2/repository/com/youzan/DCC-Client/1.1.0330-RELEASE/DCC-Client-1.1.0330-RELEASE.jar!/com/youzan/dcc/client/entity/SubscribePoolingManager$2.class], URL [jar:file:/Users/wulonghui/.m2/repository/com/youzan/DCC-Client/1.1.0330-RELEASE/DCC-Client-1.1.0330-RELEASE.jar!/com/youzan/dcc/client/entity/SubscribePoolingManager$ConfigPairsKey.class], URL [jar:file:/Users/wulonghui/.m2/repository/com/youzan/DCC-Client/1.1.0330-RELEASE/DCC-Client-1.1.0330-RELEASE.jar!/com/youzan/dcc/client/entity/SubscribePoolingManager.class], URL [jar:file:/Users/wulonghui/.m2/repository/com/youzan/DCC-Client/1.1.0330-RELEASE/DCC-Client-1.1.0330-RELEASE.jar!/com/youzan/dcc/client/exceptions/CallBackException.class], URL [jar:file:/Users/wulonghui/.m2/repository/com/youzan/DCC-Client/1.1.0330-RELEASE/DCC-Client-1.1.0330-RELEASE.jar!/com/youzan/dcc/client/exceptions/ClientException.class], URL [jar:file:/Users/wulonghui/.m2/repository/com/youzan/DCC-Client/1.1.0330-RELEASE/DCC-Client-1.1.0330-RELEASE.jar!/com/youzan/dcc/client/exceptions/ClientRuntimeException.class], URL [jar:file:/Users/wulonghui/.m2/repository/com/youzan/DCC-Client/1.1.0330-RELEASE/DCC-Client-1.1.0330-RELEASE.jar!/com/youzan/dcc/client/exceptions/ConfigParserException.class], URL [jar:file:/Users/wulonghui/.m2/repository/com/youzan/DCC-Client/1.1.0330-RELEASE/DCC-Client-1.1.0330-RELEASE.jar!/com/youzan/dcc/client/exceptions/InvalidConfigException.class], URL [jar:file:/Users/wulonghui/.m2/repository/com/youzan/DCC-Client/1.1.0330-RELEASE/DCC-Client-1.1.0330-RELEASE.jar!/com/youzan/dcc/client/IConfigClient.class], URL [jar:file:/Users/wulonghui/.m2/repository/com/youzan/DCC-Client/1.1.0330-RELEASE/DCC-Client-1.1.0330-RELEASE.jar!/com/youzan/dcc/client/util/AbstractDCCConfigBuilder.class], URL [jar:file:/Users/wulonghui/.m2/repository/com/youzan/DCC-Client/1.1.0330-RELEASE/DCC-Client-1.1.0330-RELEASE.jar!/com/youzan/dcc/client/util/inetrfaces/ClientConfig.class], URL [jar:file:/Users/wulonghui/.m2/repository/com/youzan/DCC-Client/1.1.0330-RELEASE/DCC-Client-1.1.0330-RELEASE.jar!/com/youzan/dcc/client/util/inetrfaces/IConfig.class], URL [jar:file:/Users/wulonghui/.m2/repository/com/youzan/DCC-Client/1.1.0330-RELEASE/DCC-Client-1.1.0330-RELEASE.jar!/com/youzan/dcc/client/util/SystemUtils.class], URL [jar:file:/Users/wulonghui/.m2/repository/com/youzan/DCC-Client/1.1.0330-RELEASE/DCC-Client-1.1.0330-RELEASE.jar!/com/youzan/dcc/client/Version.class], URL [jar:file:/Users/wulonghui/.m2/repository/com/youzan/httpasyncclient/4.1.2-RELEASE/httpasyncclient-4.1.2-RELEASE.jar!/com/youzan/http/impl/nio/client/AbstractClientExchangeHandler$1.class], URL [jar:file:/Users/wulonghui/.m2/repository/com/youzan/httpasyncclient/4.1.2-RELEASE/httpasyncclient-4.1.2-RELEASE.jar!/com/youzan/http/impl/nio/client/AbstractClientExchangeHandler.class], URL [jar:file:/Users/wulonghui/.m2/repository/com/youzan/httpasyncclient/4.1.2-RELEASE/httpasyncclient-4.1.2-RELEASE.jar!/com/youzan/http/impl/nio/client/AbstractHttpAsyncClient$1.class], URL [jar:file:/Users/wulonghui/.m2/repository/com/youzan/httpasyncclient/4.1.2-RELEASE/httpasyncclient-4.1.2-RELEASE.jar!/com/youzan/http/impl/nio/client/AbstractHttpAsyncClient.class], URL [jar:file:/Users/wulonghui/.m2/repository/com/youzan/httpasyncclient/4.1.2-RELEASE/httpasyncclient-4.1.2-RELEASE.jar!/com/youzan/http/impl/nio/client/CloseableHttpAsyncClient.class], URL [jar:file:/Users/wulonghui/.m2/repository/com/youzan/httpasyncclient/4.1.2-RELEASE/httpasyncclient-4.1.2-RELEASE.jar!/com/youzan/http/impl/nio/client/CloseableHttpAsyncClientBase$1.class], URL [jar:file:/Users/wulonghui/.m2/repository/com/youzan/httpasyncclient/4.1.2-RELEASE/httpasyncclient-4.1.2-RELEASE.jar!/com/youzan/http/impl/nio/client/CloseableHttpAsyncClientBase$Status.class], URL [jar:file:/Users/wulonghui/.m2/repository/com/youzan/httpasyncclient/4.1.2-RELEASE/httpasyncclient-4.1.2-RELEASE.jar!/com/youzan/http/impl/nio/client/CloseableHttpAsyncClientBase.class], URL [jar:file:/Users/wulonghui/.m2/repository/com/youzan/httpasyncclient/4.1.2-RELEASE/httpasyncclient-4.1.2-RELEASE.jar!/com/youzan/http/impl/nio/client/CloseableHttpPipeliningClient.class], URL [jar:file:/Users/wulonghui/.m2/repository/com/youzan/httpasyncclient/4.1.2-RELEASE/httpasyncclient-4.1.2-RELEASE.jar!/com/youzan/http/impl/nio/client/DefaultAsyncRequestDirector$1.class], URL [jar:file:/Users/wulonghui/.m2/repository/com/youzan/httpasyncclient/4.1.2-RELEASE/httpasyncclient-4.1.2-RELEASE.jar!/com/youzan/http/impl/nio/client/DefaultAsyncRequestDirector$InternalFutureCallback.class], URL [jar:file:/Users/wulonghui/.m2/repository/com/youzan/httpasyncclient/4.1.2-RELEASE/httpasyncclient-4.1.2-RELEASE.jar!/com/youzan/http/impl/nio/client/DefaultAsyncRequestDirector.class], URL [jar:file:/Users/wulonghui/.m2/repository/com/youzan/httpasyncclient/4.1.2-RELEASE/httpasyncclient-4.1.2-RELEASE.jar!/com/youzan/http/impl/nio/client/DefaultAsyncUserTokenHandler.class], URL [jar:file:/Users/wulonghui/.m2/repository/com/youzan/httpasyncclient/4.1.2-RELEASE/httpasyncclient-4.1.2-RELEASE.jar!/com/youzan/http/impl/nio/client/DefaultClientExchangeHandlerImpl.class], URL [jar:file:/Users/wulonghui/.m2/repository/com/youzan/httpasyncclient/4.1.2-RELEASE/httpasyncclient-4.1.2-RELEASE.jar!/com/youzan/http/impl/nio/client/DefaultHttpAsyncClient.class], URL [jar:file:/Users/wulonghui/.m2/repository/com/youzan/httpasyncclient/4.1.2-RELEASE/httpasyncclient-4.1.2-RELEASE.jar!/com/youzan/http/impl/nio/client/DefaultResultCallback.class], URL [jar:file:/Users/wulonghui/.m2/repository/com/youzan/httpasyncclient/4.1.2-RELEASE/httpasyncclient-4.1.2-RELEASE.jar!/com/youzan/http/impl/nio/client/HttpAsyncClientBuilder.class], URL [jar:file:/Users/wulonghui/.m2/repository/com/youzan/httpasyncclient/4.1.2-RELEASE/httpasyncclient-4.1.2-RELEASE.jar!/com/youzan/http/impl/nio/client/HttpAsyncClients.class], URL [jar:file:/Users/wulonghui/.m2/repository/com/youzan/httpasyncclient/4.1.2-RELEASE/httpasyncclient-4.1.2-RELEASE.jar!/com/youzan/http/impl/nio/client/InternalClientExec.class], URL [jar:file:/Users/wulonghui/.m2/repository/com/youzan/httpasyncclient/4.1.2-RELEASE/httpasyncclient-4.1.2-RELEASE.jar!/com/youzan/http/impl/nio/client/InternalHttpAsyncClient.class], URL [jar:file:/Users/wulonghui/.m2/repository/com/youzan/httpasyncclient/4.1.2-RELEASE/httpasyncclient-4.1.2-RELEASE.jar!/com/youzan/http/impl/nio/client/InternalIODispatch.class], URL [jar:file:/Users/wulonghui/.m2/repository/com/youzan/httpasyncclient/4.1.2-RELEASE/httpasyncclient-4.1.2-RELEASE.jar!/com/youzan/http/impl/nio/client/InternalIOReactorExceptionHandler.class], URL [jar:file:/Users/wulonghui/.m2/repository/com/youzan/httpasyncclient/4.1.2-RELEASE/httpasyncclient-4.1.2-RELEASE.jar!/com/youzan/http/impl/nio/client/InternalRequestExecutor.class], URL [jar:file:/Users/wulonghui/.m2/repository/com/youzan/httpasyncclient/4.1.2-RELEASE/httpasyncclient-4.1.2-RELEASE.jar!/com/youzan/http/impl/nio/client/InternalState.class], URL [jar:file:/Users/wulonghui/.m2/repository/com/youzan/httpasyncclient/4.1.2-RELEASE/httpasyncclient-4.1.2-RELEASE.jar!/com/youzan/http/impl/nio/client/IOReactorUtils.class], URL [jar:file:/Users/wulonghui/.m2/repository/com/youzan/httpasyncclient/4.1.2-RELEASE/httpasyncclient-4.1.2-RELEASE.jar!/com/youzan/http/impl/nio/client/MainClientExec.class], URL [jar:file:/Users/wulonghui/.m2/repository/com/youzan/httpasyncclient/4.1.2-RELEASE/httpasyncclient-4.1.2-RELEASE.jar!/com/youzan/http/impl/nio/client/MinimalClientExchangeHandlerImpl.class], URL [jar:file:/Users/wulonghui/.m2/repository/com/youzan/httpasyncclient/4.1.2-RELEASE/httpasyncclient-4.1.2-RELEASE.jar!/com/youzan/http/impl/nio/client/MinimalHttpAsyncClient.class], URL [jar:file:/Users/wulonghui/.m2/repository/com/youzan/httpasyncclient/4.1.2-RELEASE/httpasyncclient-4.1.2-RELEASE.jar!/com/youzan/http/impl/nio/client/MinimalHttpAsyncClientBuilder.class], URL [jar:file:/Users/wulonghui/.m2/repository/com/youzan/httpasyncclient/4.1.2-RELEASE/httpasyncclient-4.1.2-RELEASE.jar!/com/youzan/http/impl/nio/client/ParamConfig.class], URL [jar:file:/Users/wulonghui/.m2/repository/com/youzan/httpasyncclient/4.1.2-RELEASE/httpasyncclient-4.1.2-RELEASE.jar!/com/youzan/http/impl/nio/client/PipeliningClientExchangeHandlerImpl.class], URL [jar:file:/Users/wulonghui/.m2/repository/com/youzan/httpasyncclient/4.1.2-RELEASE/httpasyncclient-4.1.2-RELEASE.jar!/com/youzan/http/impl/nio/client/ResultCallback.class], URL [jar:file:/Users/wulonghui/.m2/repository/com/youzan/httpasyncclient/4.1.2-RELEASE/httpasyncclient-4.1.2-RELEASE.jar!/com/youzan/http/impl/nio/conn/AsyncSchemeRegistryFactory.class], URL [jar:file:/Users/wulonghui/.m2/repository/com/youzan/httpasyncclient/4.1.2-RELEASE/httpasyncclient-4.1.2-RELEASE.jar!/com/youzan/http/impl/nio/conn/CPool.class], URL [jar:file:/Users/wulonghui/.m2/repository/com/youzan/httpasyncclient/4.1.2-RELEASE/httpasyncclient-4.1.2-RELEASE.jar!/com/youzan/http/impl/nio/conn/CPoolEntry.class], URL [jar:file:/Users/wulonghui/.m2/repository/com/youzan/httpasyncclient/4.1.2-RELEASE/httpasyncclient-4.1.2-RELEASE.jar!/com/youzan/http/impl/nio/conn/CPoolProxy.class], URL [jar:file:/Users/wulonghui/.m2/repository/com/youzan/httpasyncclient/4.1.2-RELEASE/httpasyncclient-4.1.2-RELEASE.jar!/com/youzan/http/impl/nio/conn/DefaultClientAsyncConnection.class], URL [jar:file:/Users/wulonghui/.m2/repository/com/youzan/httpasyncclient/4.1.2-RELEASE/httpasyncclient-4.1.2-RELEASE.jar!/com/youzan/http/impl/nio/conn/DefaultClientAsyncConnectionFactory.class], URL [jar:file:/Users/wulonghui/.m2/repository/com/youzan/httpasyncclient/4.1.2-RELEASE/httpasyncclient-4.1.2-RELEASE.jar!/com/youzan/http/impl/nio/conn/DefaultHttpAsyncRoutePlanner.class], URL [jar:file:/Users/wulonghui/.m2/repository/com/youzan/httpasyncclient/4.1.2-RELEASE/httpasyncclient-4.1.2-RELEASE.jar!/com/youzan/http/impl/nio/conn/HttpNIOConnPool.class], URL [jar:file:/Users/wulonghui/.m2/repository/com/youzan/httpasyncclient/4.1.2-RELEASE/httpasyncclient-4.1.2-RELEASE.jar!/com/youzan/http/impl/nio/conn/HttpNIOConnPoolFactory.class], URL [jar:file:/Users/wulonghui/.m2/repository/com/youzan/httpasyncclient/4.1.2-RELEASE/httpasyncclient-4.1.2-RELEASE.jar!/com/youzan/http/impl/nio/conn/HttpPoolEntry.class], URL [jar:file:/Users/wulonghui/.m2/repository/com/youzan/httpasyncclient/4.1.2-RELEASE/httpasyncclient-4.1.2-RELEASE.jar!/com/youzan/http/impl/nio/conn/LoggingIOSession$LoggingByteChannel.class], URL [jar:file:/Users/wulonghui/.m2/repository/com/youzan/httpasyncclient/4.1.2-RELEASE/httpasyncclient-4.1.2-RELEASE.jar!/com/youzan/http/impl/nio/conn/LoggingIOSession.class], URL [jar:file:/Users/wulonghui/.m2/repository/com/youzan/httpasyncclient/4.1.2-RELEASE/httpasyncclient-4.1.2-RELEASE.jar!/com/youzan/http/impl/nio/conn/ManagedClientAsyncConnectionImpl.class], URL [jar:file:/Users/wulonghui/.m2/repository/com/youzan/httpasyncclient/4.1.2-RELEASE/httpasyncclient-4.1.2-RELEASE.jar!/com/youzan/http/impl/nio/conn/ManagedNHttpClientConnectionFactory.class], URL [jar:file:/Users/wulonghui/.m2/repository/com/youzan/httpasyncclient/4.1.2-RELEASE/httpasyncclient-4.1.2-RELEASE.jar!/com/youzan/http/impl/nio/conn/ManagedNHttpClientConnectionImpl.class], URL [jar:file:/Users/wulonghui/.m2/repository/com/youzan/httpasyncclient/4.1.2-RELEASE/httpasyncclient-4.1.2-RELEASE.jar!/com/youzan/http/impl/nio/conn/PoolingClientAsyncConnectionManager$InternalPoolEntryCallback.class], URL [jar:file:/Users/wulonghui/.m2/repository/com/youzan/httpasyncclient/4.1.2-RELEASE/httpasyncclient-4.1.2-RELEASE.jar!/com/youzan/http/impl/nio/conn/PoolingClientAsyncConnectionManager.class], URL [jar:file:/Users/wulonghui/.m2/repository/com/youzan/httpasyncclient/4.1.2-RELEASE/httpasyncclient-4.1.2-RELEASE.jar!/com/youzan/http/impl/nio/conn/PoolingNHttpClientConnectionManager$ConfigData.class], URL [jar:file:/Users/wulonghui/.m2/repository/com/youzan/httpasyncclient/4.1.2-RELEASE/httpasyncclient-4.1.2-RELEASE.jar!/com/youzan/http/impl/nio/conn/PoolingNHttpClientConnectionManager$InternalAddressResolver.class], URL [jar:file:/Users/wulonghui/.m2/repository/com/youzan/httpasyncclient/4.1.2-RELEASE/httpasyncclient-4.1.2-RELEASE.jar!/com/youzan/http/impl/nio/conn/PoolingNHttpClientConnectionManager$InternalConnectionFactory.class], URL [jar:file:/Users/wulonghui/.m2/repository/com/youzan/httpasyncclient/4.1.2-RELEASE/httpasyncclient-4.1.2-RELEASE.jar!/com/youzan/http/impl/nio/conn/PoolingNHttpClientConnectionManager$InternalPoolEntryCallback.class], URL [jar:file:/Users/wulonghui/.m2/repository/com/youzan/httpasyncclient/4.1.2-RELEASE/httpasyncclient-4.1.2-RELEASE.jar!/com/youzan/http/impl/nio/conn/PoolingNHttpClientConnectionManager.class], URL [jar:file:/Users/wulonghui/.m2/repository/com/youzan/httpasyncclient/4.1.2-RELEASE/httpasyncclient-4.1.2-RELEASE.jar!/com/youzan/http/impl/nio/conn/Wire.class], URL [jar:file:/Users/wulonghui/.m2/repository/com/youzan/httpasyncclient/4.1.2-RELEASE/httpasyncclient-4.1.2-RELEASE.jar!/com/youzan/http/nio/client/HttpAsyncClient.class], URL [jar:file:/Users/wulonghui/.m2/repository/com/youzan/httpasyncclient/4.1.2-RELEASE/httpasyncclient-4.1.2-RELEASE.jar!/com/youzan/http/nio/client/HttpPipeliningClient.class], URL [jar:file:/Users/wulonghui/.m2/repository/com/youzan/httpasyncclient/4.1.2-RELEASE/httpasyncclient-4.1.2-RELEASE.jar!/com/youzan/http/nio/client/methods/AsyncByteConsumer.class], URL [jar:file:/Users/wulonghui/.m2/repository/com/youzan/httpasyncclient/4.1.2-RELEASE/httpasyncclient-4.1.2-RELEASE.jar!/com/youzan/http/nio/client/methods/AsyncCharConsumer.class], URL [jar:file:/Users/wulonghui/.m2/repository/com/youzan/httpasyncclient/4.1.2-RELEASE/httpasyncclient-4.1.2-RELEASE.jar!/com/youzan/http/nio/client/methods/BaseZeroCopyRequestProducer.class], URL [jar:file:/Users/wulonghui/.m2/repository/com/youzan/httpasyncclient/4.1.2-RELEASE/httpasyncclient-4.1.2-RELEASE.jar!/com/youzan/http/nio/client/methods/HttpAsyncMethods$1.class], URL [jar:file:/Users/wulonghui/.m2/repository/com/youzan/httpasyncclient/4.1.2-RELEASE/httpasyncclient-4.1.2-RELEASE.jar!/com/youzan/http/nio/client/methods/HttpAsyncMethods$RequestProducerImpl.class], URL [jar:file:/Users/wulonghui/.m2/repository/com/youzan/httpasyncclient/4.1.2-RELEASE/httpasyncclient-4.1.2-RELEASE.jar!/com/youzan/http/nio/client/methods/HttpAsyncMethods.class], URL [jar:file:/Users/wulonghui/.m2/repository/com/youzan/httpasyncclient/4.1.2-RELEASE/httpasyncclient-4.1.2-RELEASE.jar!/com/youzan/http/nio/client/methods/ZeroCopyConsumer.class], URL [jar:file:/Users/wulonghui/.m2/repository/com/youzan/httpasyncclient/4.1.2-RELEASE/httpasyncclient-4.1.2-RELEASE.jar!/com/youzan/http/nio/client/methods/ZeroCopyPost.class], URL [jar:file:/Users/wulonghui/.m2/repository/com/youzan/httpasyncclient/4.1.2-RELEASE/httpasyncclient-4.1.2-RELEASE.jar!/com/youzan/http/nio/client/methods/ZeroCopyPut.class], URL [jar:file:/Users/wulonghui/.m2/repository/com/youzan/httpasyncclient/4.1.2-RELEASE/httpasyncclient-4.1.2-RELEASE.jar!/com/youzan/http/nio/client/util/HttpAsyncClientUtils.class], URL [jar:file:/Users/wulonghui/.m2/repository/com/youzan/httpasyncclient/4.1.2-RELEASE/httpasyncclient-4.1.2-RELEASE.jar!/com/youzan/http/nio/conn/ClientAsyncConnection.class], URL [jar:file:/Users/wulonghui/.m2/repository/com/youzan/httpasyncclient/4.1.2-RELEASE/httpasyncclient-4.1.2-RELEASE.jar!/com/youzan/http/nio/conn/ClientAsyncConnectionFactory.class], URL [jar:file:/Users/wulonghui/.m2/repository/com/youzan/httpasyncclient/4.1.2-RELEASE/httpasyncclient-4.1.2-RELEASE.jar!/com/youzan/http/nio/conn/ClientAsyncConnectionManager.class], URL [jar:file:/Users/wulonghui/.m2/repository/com/youzan/httpasyncclient/4.1.2-RELEASE/httpasyncclient-4.1.2-RELEASE.jar!/com/youzan/http/nio/conn/ManagedClientAsyncConnection.class], URL [jar:file:/Users/wulonghui/.m2/repository/com/youzan/httpasyncclient/4.1.2-RELEASE/httpasyncclient-4.1.2-RELEASE.jar!/com/youzan/http/nio/conn/ManagedNHttpClientConnection.class], URL [jar:file:/Users/wulonghui/.m2/repository/com/youzan/httpasyncclient/4.1.2-RELEASE/httpasyncclient-4.1.2-RELEASE.jar!/com/youzan/http/nio/conn/NHttpClientConnectionManager.class], URL [jar:file:/Users/wulonghui/.m2/repository/com/youzan/httpasyncclient/4.1.2-RELEASE/httpasyncclient-4.1.2-RELEASE.jar!/com/youzan/http/nio/conn/NHttpConnectionFactory.class], URL [jar:file:/Users/wulonghui/.m2/repository/com/youzan/httpasyncclient/4.1.2-RELEASE/httpasyncclient-4.1.2-RELEASE.jar!/com/youzan/http/nio/conn/NoopIOSessionStrategy.class], URL [jar:file:/Users/wulonghui/.m2/repository/com/youzan/httpasyncclient/4.1.2-RELEASE/httpasyncclient-4.1.2-RELEASE.jar!/com/youzan/http/nio/conn/scheme/AsyncScheme.class], URL [jar:file:/Users/wulonghui/.m2/repository/com/youzan/httpasyncclient/4.1.2-RELEASE/httpasyncclient-4.1.2-RELEASE.jar!/com/youzan/http/nio/conn/scheme/AsyncSchemeRegistry.class], URL [jar:file:/Users/wulonghui/.m2/repository/com/youzan/httpasyncclient/4.1.2-RELEASE/httpasyncclient-4.1.2-RELEASE.jar!/com/youzan/http/nio/conn/scheme/LayeringStrategy.class], URL [jar:file:/Users/wulonghui/.m2/repository/com/youzan/httpasyncclient/4.1.2-RELEASE/httpasyncclient-4.1.2-RELEASE.jar!/com/youzan/http/nio/conn/SchemeIOSessionStrategy.class], URL [jar:file:/Users/wulonghui/.m2/repository/com/youzan/httpasyncclient/4.1.2-RELEASE/httpasyncclient-4.1.2-RELEASE.jar!/com/youzan/http/nio/conn/ssl/SSLIOSessionStrategy$1.class], URL [jar:file:/Users/wulonghui/.m2/repository/com/youzan/httpasyncclient/4.1.2-RELEASE/httpasyncclient-4.1.2-RELEASE.jar!/com/youzan/http/nio/conn/ssl/SSLIOSessionStrategy.class], URL [jar:file:/Users/wulonghui/.m2/repository/com/youzan/httpasyncclient/4.1.2-RELEASE/httpasyncclient-4.1.2-RELEASE.jar!/com/youzan/http/nio/conn/ssl/SSLLayeringStrategy$1.class], URL [jar:file:/Users/wulonghui/.m2/repository/com/youzan/httpasyncclient/4.1.2-RELEASE/httpasyncclient-4.1.2-RELEASE.jar!/com/youzan/http/nio/conn/ssl/SSLLayeringStrategy.class], URL [jar:file:/Users/wulonghui/.m2/repository/com/youzan/httpasyncclient/4.1.2-RELEASE/httpasyncclient-4.1.2-RELEASE.jar!/com/youzan/http/nio/conn/ssl/TrustManagerDecorator.class], URL [jar:file:/Users/wulonghui/.m2/repository/com/youzan/pay/merchant-api/0.0.7-20170804-RELEASE/merchant-api-0.0.7-20170804-RELEASE.jar!/com/youzan/pay/customer/api/AuthenticationService.class], URL [jar:file:/Users/wulonghui/.m2/repository/com/youzan/pay/merchant-api/0.0.7-20170804-RELEASE/merchant-api-0.0.7-20170804-RELEASE.jar!/com/youzan/pay/customer/api/enums/MerchantContractStatusEnum.class], URL [jar:file:/Users/wulonghui/.m2/repository/com/youzan/pay/merchant-api/0.0.7-20170804-RELEASE/merchant-api-0.0.7-20170804-RELEASE.jar!/com/youzan/pay/customer/api/MerchantAccountService.class], URL [jar:file:/Users/wulonghui/.m2/repository/com/youzan/pay/merchant-api/0.0.7-20170804-RELEASE/merchant-api-0.0.7-20170804-RELEASE.jar!/com/youzan/pay/customer/api/MerchantLoginService.class], URL [jar:file:/Users/wulonghui/.m2/repository/com/youzan/pay/merchant-api/0.0.7-20170804-RELEASE/merchant-api-0.0.7-20170804-RELEASE.jar!/com/youzan/pay/customer/api/MerchantTradeService.class], URL [jar:file:/Users/wulonghui/.m2/repository/com/youzan/pay/merchant-api/0.0.7-20170804-RELEASE/merchant-api-0.0.7-20170804-RELEASE.jar!/com/youzan/pay/customer/api/product/constant/ExtendConst.class], URL [jar:file:/Users/wulonghui/.m2/repository/com/youzan/pay/merchant-api/0.0.7-20170804-RELEASE/merchant-api-0.0.7-20170804-RELEASE.jar!/com/youzan/pay/customer/api/product/request/BatchTerminateContractRequest.class], URL [jar:file:/Users/wulonghui/.m2/repository/com/youzan/pay/merchant-api/0.0.7-20170804-RELEASE/merchant-api-0.0.7-20170804-RELEASE.jar!/com/youzan/pay/customer/api/product/request/FetchCodesRequest.class], URL [jar:file:/Users/wulonghui/.m2/repository/com/youzan/pay/merchant-api/0.0.7-20170804-RELEASE/merchant-api-0.0.7-20170804-RELEASE.jar!/com/youzan/pay/customer/api/product/request/FetchUsableProductsRequest.class], URL [jar:file:/Users/wulonghui/.m2/repository/com/youzan/pay/merchant-api/0.0.7-20170804-RELEASE/merchant-api-0.0.7-20170804-RELEASE.jar!/com/youzan/pay/customer/api/product/request/TerminateContractRequest.class], URL [jar:file:/Users/wulonghui/.m2/repository/com/youzan/pay/merchant-api/0.0.7-20170804-RELEASE/merchant-api-0.0.7-20170804-RELEASE.jar!/com/youzan/pay/customer/api/product/result/ProductInfoDTO.class], URL [jar:file:/Users/wulonghui/.m2/repository/com/youzan/pay/merchant-api/0.0.7-20170804-RELEASE/merchant-api-0.0.7-20170804-RELEASE.jar!/com/youzan/pay/customer/api/product/UnifiedBizCodeService.class], URL [jar:file:/Users/wulonghui/.m2/repository/com/youzan/pay/merchant-api/0.0.7-20170804-RELEASE/merchant-api-0.0.7-20170804-RELEASE.jar!/com/youzan/pay/customer/api/request/ApplyWithDrawRequest.class], URL [jar:file:/Users/wulonghui/.m2/repository/com/youzan/pay/merchant-api/0.0.7-20170804-RELEASE/merchant-api-0.0.7-20170804-RELEASE.jar!/com/youzan/pay/customer/api/request/CheckRequest.class], URL [jar:file:/Users/wulonghui/.m2/repository/com/youzan/pay/merchant-api/0.0.7-20170804-RELEASE/merchant-api-0.0.7-20170804-RELEASE.jar!/com/youzan/pay/customer/api/request/MchAccountVO.class], URL [jar:file:/Users/wulonghui/.m2/repository/com/youzan/pay/merchant-api/0.0.7-20170804-RELEASE/merchant-api-0.0.7-20170804-RELEASE.jar!/com/youzan/pay/customer/api/request/MerchantRegRequest.class], URL [jar:file:/Users/wulonghui/.m2/repository/com/youzan/pay/merchant-api/0.0.7-20170804-RELEASE/merchant-api-0.0.7-20170804-RELEASE.jar!/com/youzan/pay/customer/api/request/MerchantTradeQueryRequest.class], URL [jar:file:/Users/wulonghui/.m2/repository/com/youzan/pay/merchant-api/0.0.7-20170804-RELEASE/merchant-api-0.0.7-20170804-RELEASE.jar!/com/youzan/pay/customer/api/request/MerchantUserRegRequest.class], URL [jar:file:/Users/wulonghui/.m2/repository/com/youzan/pay/merchant-api/0.0.7-20170804-RELEASE/merchant-api-0.0.7-20170804-RELEASE.jar!/com/youzan/pay/customer/api/request/QueryBaseRequest.class], URL [jar:file:/Users/wulonghui/.m2/repository/com/youzan/pay/merchant-api/0.0.7-20170804-RELEASE/merchant-api-0.0.7-20170804-RELEASE.jar!/com/youzan/pay/customer/api/request/QueryBoundCardRequest.class], URL [jar:file:/Users/wulonghui/.m2/repository/com/youzan/pay/merchant-api/0.0.7-20170804-RELEASE/merchant-api-0.0.7-20170804-RELEASE.jar!/com/youzan/pay/customer/api/request/QueryConfigRequest.class], URL [jar:file:/Users/wulonghui/.m2/repository/com/youzan/pay/merchant-api/0.0.7-20170804-RELEASE/merchant-api-0.0.7-20170804-RELEASE.jar!/com/youzan/pay/customer/api/request/QuerySignKeyRequest.class], URL [jar:file:/Users/wulonghui/.m2/repository/com/youzan/pay/merchant-api/0.0.7-20170804-RELEASE/merchant-api-0.0.7-20170804-RELEASE.jar!/com/youzan/pay/customer/api/result/AccountAvailableBalanceResult.class], URL [jar:file:/Users/wulonghui/.m2/repository/com/youzan/pay/merchant-api/0.0.7-20170804-RELEASE/merchant-api-0.0.7-20170804-RELEASE.jar!/com/youzan/pay/customer/api/result/BaseResult.class], URL [jar:file:/Users/wulonghui/.m2/repository/com/youzan/pay/merchant-api/0.0.7-20170804-RELEASE/merchant-api-0.0.7-20170804-RELEASE.jar!/com/youzan/pay/customer/api/result/GenerateUserNoResult.class], URL [jar:file:/Users/wulonghui/.m2/repository/com/youzan/pay/merchant-api/0.0.7-20170804-RELEASE/merchant-api-0.0.7-20170804-RELEASE.jar!/com/youzan/pay/customer/api/result/MerchantAccountingSummaryResult$AccountingSummary.class], URL [jar:file:/Users/wulonghui/.m2/repository/com/youzan/pay/merchant-api/0.0.7-20170804-RELEASE/merchant-api-0.0.7-20170804-RELEASE.jar!/com/youzan/pay/customer/api/result/MerchantContractResult.class], URL [jar:file:/Users/wulonghui/.m2/repository/com/youzan/pay/merchant-api/0.0.7-20170804-RELEASE/merchant-api-0.0.7-20170804-RELEASE.jar!/com/youzan/pay/customer/api/result/MerchantProductInfo$PayChannel.class], URL [jar:file:/Users/wulonghui/.m2/repository/com/youzan/pay/merchant-api/0.0.7-20170804-RELEASE/merchant-api-0.0.7-20170804-RELEASE.jar!/com/youzan/pay/customer/api/result/MerchantSalesStatInfo$StatInfo.class], URL [jar:file:/Users/wulonghui/.m2/repository/com/youzan/pay/merchant-api/0.0.7-20170804-RELEASE/merchant-api-0.0.7-20170804-RELEASE.jar!/com/youzan/pay/customer/api/result/MerchantSignContractInfoResult.class], URL [jar:file:/Users/wulonghui/.m2/repository/com/youzan/pay/merchant-api/0.0.7-20170804-RELEASE/merchant-api-0.0.7-20170804-RELEASE.jar!/com/youzan/pay/customer/api/result/PayToolConfig.class], URL [jar:file:/Users/wulonghui/.m2/repository/com/youzan/pay/merchant-api/0.0.7-20170804-RELEASE/merchant-api-0.0.7-20170804-RELEASE.jar!/com/youzan/pay/customer/api/result/QuerySignKeyResult.class], URL [jar:file:/Users/wulonghui/.m2/repository/com/youzan/pay/merchant-api/0.0.7-20170804-RELEASE/merchant-api-0.0.7-20170804-RELEASE.jar!/com/youzan/pay/customer/api/result/SubMerchantNameInfoResult.class], URL [jar:file:/Users/wulonghui/.m2/repository/com/youzan/pay/merchant-api/0.0.7-20170804-RELEASE/merchant-api-0.0.7-20170804-RELEASE.jar!/com/youzan/pay/customer/api/result/VerifyResult.class], URL [jar:file:/Users/wulonghui/.m2/repository/com/youzan/pay/merchant-api/0.0.7-20170804-RELEASE/merchant-api-0.0.7-20170804-RELEASE.jar!/com/youzan/pay/customer/api/ScheduledJobService.class], URL [jar:file:/Users/wulonghui/.m2/repository/com/youzan/pay/merchant-api/0.0.7-20170804-RELEASE/merchant-api-0.0.7-20170804-RELEASE.jar!/com/youzan/pay/customer/api/BankCardService.class], URL [jar:file:/Users/wulonghui/.m2/repository/com/youzan/pay/merchant-api/0.0.7-20170804-RELEASE/merchant-api-0.0.7-20170804-RELEASE.jar!/com/youzan/pay/customer/api/enums/ContractBusiTypeEnum.class], URL [jar:file:/Users/wulonghui/.m2/repository/com/youzan/pay/merchant-api/0.0.7-20170804-RELEASE/merchant-api-0.0.7-20170804-RELEASE.jar!/com/youzan/pay/customer/api/enums/MerchantContractTypeEnum.class], URL [jar:file:/Users/wulonghui/.m2/repository/com/youzan/pay/merchant-api/0.0.7-20170804-RELEASE/merchant-api-0.0.7-20170804-RELEASE.jar!/com/youzan/pay/customer/api/FundOperationService.class], URL [jar:file:/Users/wulonghui/.m2/repository/com/youzan/pay/merchant-api/0.0.7-20170804-RELEASE/merchant-api-0.0.7-20170804-RELEASE.jar!/com/youzan/pay/customer/api/MerchantContractService.class], URL [jar:file:/Users/wulonghui/.m2/repository/com/youzan/pay/merchant-api/0.0.7-20170804-RELEASE/merchant-api-0.0.7-20170804-RELEASE.jar!/com/youzan/pay/customer/api/MerchantService.class], URL [jar:file:/Users/wulonghui/.m2/repository/com/youzan/pay/merchant-api/0.0.7-20170804-RELEASE/merchant-api-0.0.7-20170804-RELEASE.jar!/com/youzan/pay/customer/api/PayToolsService.class], URL [jar:file:/Users/wulonghui/.m2/repository/com/youzan/pay/merchant-api/0.0.7-20170804-RELEASE/merchant-api-0.0.7-20170804-RELEASE.jar!/com/youzan/pay/customer/api/product/ProductService.class], URL [jar:file:/Users/wulonghui/.m2/repository/com/youzan/pay/merchant-api/0.0.7-20170804-RELEASE/merchant-api-0.0.7-20170804-RELEASE.jar!/com/youzan/pay/customer/api/product/request/CreateCodeRequest.class], URL [jar:file:/Users/wulonghui/.m2/repository/com/youzan/pay/merchant-api/0.0.7-20170804-RELEASE/merchant-api-0.0.7-20170804-RELEASE.jar!/com/youzan/pay/customer/api/product/request/QueryEffectiveContractRequest.class], URL [jar:file:/Users/wulonghui/.m2/repository/com/youzan/pay/merchant-api/0.0.7-20170804-RELEASE/merchant-api-0.0.7-20170804-RELEASE.jar!/com/youzan/pay/customer/api/product/result/BizCodeInfoDTO.class], URL [jar:file:/Users/wulonghui/.m2/repository/com/youzan/pay/merchant-api/0.0.7-20170804-RELEASE/merchant-api-0.0.7-20170804-RELEASE.jar!/com/youzan/pay/customer/api/product/result/FeeRateInfoDTO.class], URL [jar:file:/Users/wulonghui/.m2/repository/com/youzan/pay/merchant-api/0.0.7-20170804-RELEASE/merchant-api-0.0.7-20170804-RELEASE.jar!/com/youzan/pay/customer/api/product/result/SignResultDTO.class], URL [jar:file:/Users/wulonghui/.m2/repository/com/youzan/pay/merchant-api/0.0.7-20170804-RELEASE/merchant-api-0.0.7-20170804-RELEASE.jar!/com/youzan/pay/customer/api/request/BaseRequest.class], URL [jar:file:/Users/wulonghui/.m2/repository/com/youzan/pay/merchant-api/0.0.7-20170804-RELEASE/merchant-api-0.0.7-20170804-RELEASE.jar!/com/youzan/pay/customer/api/request/ContactsRequest.class], URL [jar:file:/Users/wulonghui/.m2/repository/com/youzan/pay/merchant-api/0.0.7-20170804-RELEASE/merchant-api-0.0.7-20170804-RELEASE.jar!/com/youzan/pay/customer/api/request/MerchantContractRequest.class], URL [jar:file:/Users/wulonghui/.m2/repository/com/youzan/pay/merchant-api/0.0.7-20170804-RELEASE/merchant-api-0.0.7-20170804-RELEASE.jar!/com/youzan/pay/customer/api/request/MerchantSignContractParam.class], URL [jar:file:/Users/wulonghui/.m2/repository/com/youzan/pay/merchant-api/0.0.7-20170804-RELEASE/merchant-api-0.0.7-20170804-RELEASE.jar!/com/youzan/pay/customer/api/request/PersonalAuthRequest.class], URL [jar:file:/Users/wulonghui/.m2/repository/com/youzan/pay/merchant-api/0.0.7-20170804-RELEASE/merchant-api-0.0.7-20170804-RELEASE.jar!/com/youzan/pay/customer/api/request/QueryBaseWithBuyerRequest.class], URL [jar:file:/Users/wulonghui/.m2/repository/com/youzan/pay/merchant-api/0.0.7-20170804-RELEASE/merchant-api-0.0.7-20170804-RELEASE.jar!/com/youzan/pay/customer/api/request/QueryPayToolsRequest.class], URL [jar:file:/Users/wulonghui/.m2/repository/com/youzan/pay/merchant-api/0.0.7-20170804-RELEASE/merchant-api-0.0.7-20170804-RELEASE.jar!/com/youzan/pay/customer/api/request/QueryWeixinSelfPaymentParamsRequest.class], URL [jar:file:/Users/wulonghui/.m2/repository/com/youzan/pay/merchant-api/0.0.7-20170804-RELEASE/merchant-api-0.0.7-20170804-RELEASE.jar!/com/youzan/pay/customer/api/request/SetPaymentSwitchRequest.class], URL [jar:file:/Users/wulonghui/.m2/repository/com/youzan/pay/merchant-api/0.0.7-20170804-RELEASE/merchant-api-0.0.7-20170804-RELEASE.jar!/com/youzan/pay/customer/api/result/AccountStatResult.class], URL [jar:file:/Users/wulonghui/.m2/repository/com/youzan/pay/merchant-api/0.0.7-20170804-RELEASE/merchant-api-0.0.7-20170804-RELEASE.jar!/com/youzan/pay/customer/api/result/AuthResult.class], URL [jar:file:/Users/wulonghui/.m2/repository/com/youzan/pay/merchant-api/0.0.7-20170804-RELEASE/merchant-api-0.0.7-20170804-RELEASE.jar!/com/youzan/pay/customer/api/result/CommonError.class], URL [jar:file:/Users/wulonghui/.m2/repository/com/youzan/pay/merchant-api/0.0.7-20170804-RELEASE/merchant-api-0.0.7-20170804-RELEASE.jar!/com/youzan/pay/customer/api/result/MerchantAuthenticationInfo.class], URL [jar:file:/Users/wulonghui/.m2/repository/com/youzan/pay/merchant-api/0.0.7-20170804-RELEASE/merchant-api-0.0.7-20170804-RELEASE.jar!/com/youzan/pay/customer/api/result/MerchantRechargeResult.class], URL [jar:file:/Users/wulonghui/.m2/repository/com/youzan/pay/merchant-api/0.0.7-20170804-RELEASE/merchant-api-0.0.7-20170804-RELEASE.jar!/com/youzan/pay/customer/api/result/Page.class], URL [jar:file:/Users/wulonghui/.m2/repository/com/youzan/pay/merchant-api/0.0.7-20170804-RELEASE/merchant-api-0.0.7-20170804-RELEASE.jar!/com/youzan/pay/customer/api/result/PaymentConfigResult.class], URL [jar:file:/Users/wulonghui/.m2/repository/com/youzan/pay/merchant-api/0.0.7-20170804-RELEASE/merchant-api-0.0.7-20170804-RELEASE.jar!/com/youzan/pay/customer/api/result/Response.class], URL [jar:file:/Users/wulonghui/.m2/repository/com/youzan/pay/merchant-api/0.0.7-20170804-RELEASE/merchant-api-0.0.7-20170804-RELEASE.jar!/com/youzan/pay/customer/api/result/SubMerchantSalesStatInfo.class], URL [jar:file:/Users/wulonghui/.m2/repository/com/youzan/pay/merchant-api/0.0.7-20170804-RELEASE/merchant-api-0.0.7-20170804-RELEASE.jar!/com/youzan/pay/customer/api/result/WithDrawBaseInfoResult$BankInfo.class], URL [jar:file:/Users/wulonghui/.m2/repository/com/youzan/pay/merchant-api/0.0.7-20170804-RELEASE/merchant-api-0.0.7-20170804-RELEASE.jar!/com/youzan/pay/customer/api/UserNoService.class], URL [jar:file:/Users/wulonghui/.m2/repository/com/youzan/pay/merchant-api/0.0.7-20170804-RELEASE/merchant-api-0.0.7-20170804-RELEASE.jar!/com/youzan/pay/customer/api/BusinessRegService.class], URL [jar:file:/Users/wulonghui/.m2/repository/com/youzan/pay/merchant-api/0.0.7-20170804-RELEASE/merchant-api-0.0.7-20170804-RELEASE.jar!/com/youzan/pay/customer/api/enums/MerchantTypeEnum.class], URL [jar:file:/Users/wulonghui/.m2/repository/com/youzan/pay/merchant-api/0.0.7-20170804-RELEASE/merchant-api-0.0.7-20170804-RELEASE.jar!/com/youzan/pay/customer/api/MerchantInfoService.class], URL [jar:file:/Users/wulonghui/.m2/repository/com/youzan/pay/merchant-api/0.0.7-20170804-RELEASE/merchant-api-0.0.7-20170804-RELEASE.jar!/com/youzan/pay/customer/api/MerchantSignContractService.class], URL [jar:file:/Users/wulonghui/.m2/repository/com/youzan/pay/merchant-api/0.0.7-20170804-RELEASE/merchant-api-0.0.7-20170804-RELEASE.jar!/com/youzan/pay/customer/api/product/ContractService.class], URL [jar:file:/Users/wulonghui/.m2/repository/com/youzan/pay/merchant-api/0.0.7-20170804-RELEASE/merchant-api-0.0.7-20170804-RELEASE.jar!/com/youzan/pay/customer/api/product/request/BizCodeInfoRequest.class], URL [jar:file:/Users/wulonghui/.m2/repository/com/youzan/pay/merchant-api/0.0.7-20170804-RELEASE/merchant-api-0.0.7-20170804-RELEASE.jar!/com/youzan/pay/customer/api/product/request/SignContractRequest.class], URL [jar:file:/Users/wulonghui/.m2/repository/com/youzan/pay/merchant-api/0.0.7-20170804-RELEASE/merchant-api-0.0.7-20170804-RELEASE.jar!/com/youzan/pay/customer/api/product/result/PayToolInfoDTO.class], URL [jar:file:/Users/wulonghui/.m2/repository/com/youzan/pay/merchant-api/0.0.7-20170804-RELEASE/merchant-api-0.0.7-20170804-RELEASE.jar!/com/youzan/pay/customer/api/RealNameAuthenticationService.class], URL [jar:file:/Users/wulonghui/.m2/repository/com/youzan/pay/merchant-api/0.0.7-20170804-RELEASE/merchant-api-0.0.7-20170804-RELEASE.jar!/com/youzan/pay/customer/api/request/BindCardRequest.class], URL [jar:file:/Users/wulonghui/.m2/repository/com/youzan/pay/merchant-api/0.0.7-20170804-RELEASE/merchant-api-0.0.7-20170804-RELEASE.jar!/com/youzan/pay/customer/api/request/GenerateUserNoRequest.class], URL [jar:file:/Users/wulonghui/.m2/repository/com/youzan/pay/merchant-api/0.0.7-20170804-RELEASE/merchant-api-0.0.7-20170804-RELEASE.jar!/com/youzan/pay/customer/api/request/GetBoundBankCardRequest.class], URL [jar:file:/Users/wulonghui/.m2/repository/com/youzan/pay/merchant-api/0.0.7-20170804-RELEASE/merchant-api-0.0.7-20170804-RELEASE.jar!/com/youzan/pay/customer/api/request/MerchantRechargeRequest.class], URL [jar:file:/Users/wulonghui/.m2/repository/com/youzan/pay/merchant-api/0.0.7-20170804-RELEASE/merchant-api-0.0.7-20170804-RELEASE.jar!/com/youzan/pay/customer/api/request/OpenServiceMerchantRequest.class], URL [jar:file:/Users/wulonghui/.m2/repository/com/youzan/pay/merchant-api/0.0.7-20170804-RELEASE/merchant-api-0.0.7-20170804-RELEASE.jar!/com/youzan/pay/customer/api/result/AccountingSummaryDetailResult.class], URL [jar:file:/Users/wulonghui/.m2/repository/com/youzan/pay/merchant-api/0.0.7-20170804-RELEASE/merchant-api-0.0.7-20170804-RELEASE.jar!/com/youzan/pay/customer/api/result/ConfigInfo.class], URL [jar:file:/Users/wulonghui/.m2/repository/com/youzan/pay/merchant-api/0.0.7-20170804-RELEASE/merchant-api-0.0.7-20170804-RELEASE.jar!/com/youzan/pay/customer/api/result/MerchantAccountingSummaryResult.class], URL [jar:file:/Users/wulonghui/.m2/repository/com/youzan/pay/merchant-api/0.0.7-20170804-RELEASE/merchant-api-0.0.7-20170804-RELEASE.jar!/com/youzan/pay/customer/api/result/MerchantInfo.class], URL [jar:file:/Users/wulonghui/.m2/repository/com/youzan/pay/merchant-api/0.0.7-20170804-RELEASE/merchant-api-0.0.7-20170804-RELEASE.jar!/com/youzan/pay/customer/api/result/MerchantSalesStatInfo.class], URL [jar:file:/Users/wulonghui/.m2/repository/com/youzan/pay/merchant-api/0.0.7-20170804-RELEASE/merchant-api-0.0.7-20170804-RELEASE.jar!/com/youzan/pay/customer/api/result/OpenAPIResult.class], URL [jar:file:/Users/wulonghui/.m2/repository/com/youzan/pay/merchant-api/0.0.7-20170804-RELEASE/merchant-api-0.0.7-20170804-RELEASE.jar!/com/youzan/pay/customer/api/result/OpenSubMerchantResult.class], URL [jar:file:/Users/wulonghui/.m2/repository/com/youzan/pay/merchant-api/0.0.7-20170804-RELEASE/merchant-api-0.0.7-20170804-RELEASE.jar!/com/youzan/pay/customer/api/result/PayTools.class], URL [jar:file:/Users/wulonghui/.m2/repository/com/youzan/pay/merchant-api/0.0.7-20170804-RELEASE/merchant-api-0.0.7-20170804-RELEASE.jar!/com/youzan/pay/customer/api/result/RepairCallResult.class], URL [jar:file:/Users/wulonghui/.m2/repository/com/youzan/pay/merchant-api/0.0.7-20170804-RELEASE/merchant-api-0.0.7-20170804-RELEASE.jar!/com/youzan/pay/customer/api/result/SubMerchantNoResult.class], URL [jar:file:/Users/wulonghui/.m2/repository/com/youzan/pay/merchant-api/0.0.7-20170804-RELEASE/merchant-api-0.0.7-20170804-RELEASE.jar!/com/youzan/pay/customer/api/result/WeixinSelfPaymentParamsResult.class], URL [jar:file:/Users/wulonghui/.m2/repository/com/youzan/pay/merchant-api/0.0.7-20170804-RELEASE/merchant-api-0.0.7-20170804-RELEASE.jar!/com/youzan/pay/customer/api/SignKeyService.class], URL [jar:file:/Users/wulonghui/.m2/repository/com/youzan/pay/merchant-api/0.0.7-20170804-RELEASE/merchant-api-0.0.7-20170804-RELEASE.jar!/com/youzan/pay/customer/api/enums/AccountTypeEnum.class], URL [jar:file:/Users/wulonghui/.m2/repository/com/youzan/pay/merchant-api/0.0.7-20170804-RELEASE/merchant-api-0.0.7-20170804-RELEASE.jar!/com/youzan/pay/customer/api/LoginService.class], URL [jar:file:/Users/wulonghui/.m2/repository/com/youzan/pay/merchant-api/0.0.7-20170804-RELEASE/merchant-api-0.0.7-20170804-RELEASE.jar!/com/youzan/pay/customer/api/MerchantConfigService.class], URL [jar:file:/Users/wulonghui/.m2/repository/com/youzan/pay/merchant-api/0.0.7-20170804-RELEASE/merchant-api-0.0.7-20170804-RELEASE.jar!/com/youzan/pay/customer/api/MerchantPaymentConfigService.class], URL [jar:file:/Users/wulonghui/.m2/repository/com/youzan/pay/merchant-api/0.0.7-20170804-RELEASE/merchant-api-0.0.7-20170804-RELEASE.jar!/com/youzan/pay/customer/api/openapi/OpenApi.class], URL [jar:file:/Users/wulonghui/.m2/repository/com/youzan/pay/merchant-api/0.0.7-20170804-RELEASE/merchant-api-0.0.7-20170804-RELEASE.jar!/com/youzan/pay/customer/api/product/request/BatchSignContractRequest.class], URL [jar:file:/Users/wulonghui/.m2/repository/com/youzan/pay/merchant-api/0.0.7-20170804-RELEASE/merchant-api-0.0.7-20170804-RELEASE.jar!/com/youzan/pay/customer/api/product/request/CreateProductRequest.class], URL [jar:file:/Users/wulonghui/.m2/repository/com/youzan/pay/merchant-api/0.0.7-20170804-RELEASE/merchant-api-0.0.7-20170804-RELEASE.jar!/com/youzan/pay/customer/api/product/request/TerminateContractRequestInfo.class], URL [jar:file:/Users/wulonghui/.m2/repository/com/youzan/pay/merchant-api/0.0.7-20170804-RELEASE/merchant-api-0.0.7-20170804-RELEASE.jar!/com/youzan/pay/customer/api/product/result/ContractInfoDTO.class], URL [jar:file:/Users/wulonghui/.m2/repository/com/youzan/pay/merchant-api/0.0.7-20170804-RELEASE/merchant-api-0.0.7-20170804-RELEASE.jar!/com/youzan/pay/customer/api/product/result/RateRuleInfoDTO.class], URL [jar:file:/Users/wulonghui/.m2/repository/com/youzan/pay/merchant-api/0.0.7-20170804-RELEASE/merchant-api-0.0.7-20170804-RELEASE.jar!/com/youzan/pay/customer/api/product/result/UnifiedBizCodeInfoDTO.class], URL [jar:file:/Users/wulonghui/.m2/repository/com/youzan/pay/merchant-api/0.0.7-20170804-RELEASE/merchant-api-0.0.7-20170804-RELEASE.jar!/com/youzan/pay/customer/api/request/EnterpriseAuthRequest.class], URL [jar:file:/Users/wulonghui/.m2/repository/com/youzan/pay/merchant-api/0.0.7-20170804-RELEASE/merchant-api-0.0.7-20170804-RELEASE.jar!/com/youzan/pay/customer/api/request/MerchantSignContractQueryParam.class], URL [jar:file:/Users/wulonghui/.m2/repository/com/youzan/pay/merchant-api/0.0.7-20170804-RELEASE/merchant-api-0.0.7-20170804-RELEASE.jar!/com/youzan/pay/customer/api/request/OpenSubMerchantRequest.class], URL [jar:file:/Users/wulonghui/.m2/repository/com/youzan/pay/merchant-api/0.0.7-20170804-RELEASE/merchant-api-0.0.7-20170804-RELEASE.jar!/com/youzan/pay/customer/api/request/WeixinSelfPaymentParamsRequest.class], URL [jar:file:/Users/wulonghui/.m2/repository/com/youzan/pay/merchant-api/0.0.7-20170804-RELEASE/merchant-api-0.0.7-20170804-RELEASE.jar!/com/youzan/pay/customer/api/result/AccountingSummaryDetailResult$AccountingSummaryDetail.class], URL [jar:file:/Users/wulonghui/.m2/repository/com/youzan/pay/merchant-api/0.0.7-20170804-RELEASE/merchant-api-0.0.7-20170804-RELEASE.jar!/com/youzan/pay/customer/api/result/BindCardResult.class], URL [jar:file:/Users/wulonghui/.m2/repository/com/youzan/pay/merchant-api/0.0.7-20170804-RELEASE/merchant-api-0.0.7-20170804-RELEASE.jar!/com/youzan/pay/customer/api/result/BizCode.class], URL [jar:file:/Users/wulonghui/.m2/repository/com/youzan/pay/merchant-api/0.0.7-20170804-RELEASE/merchant-api-0.0.7-20170804-RELEASE.jar!/com/youzan/pay/customer/api/result/BoundBankCardResult.class], URL [jar:file:/Users/wulonghui/.m2/repository/com/youzan/pay/merchant-api/0.0.7-20170804-RELEASE/merchant-api-0.0.7-20170804-RELEASE.jar!/com/youzan/pay/customer/api/result/LoginInfo.class], URL [jar:file:/Users/wulonghui/.m2/repository/com/youzan/pay/merchant-api/0.0.7-20170804-RELEASE/merchant-api-0.0.7-20170804-RELEASE.jar!/com/youzan/pay/customer/api/result/LoginResult.class], URL [jar:file:/Users/wulonghui/.m2/repository/com/youzan/pay/merchant-api/0.0.7-20170804-RELEASE/merchant-api-0.0.7-20170804-RELEASE.jar!/com/youzan/pay/customer/api/result/MerchantBusinessInfo.class], URL [jar:file:/Users/wulonghui/.m2/repository/com/youzan/pay/merchant-api/0.0.7-20170804-RELEASE/merchant-api-0.0.7-20170804-RELEASE.jar!/com/youzan/pay/customer/api/result/MerchantCompanyInfo.class], URL [jar:file:/Users/wulonghui/.m2/repository/com/youzan/pay/merchant-api/0.0.7-20170804-RELEASE/merchant-api-0.0.7-20170804-RELEASE.jar!/com/youzan/pay/customer/api/result/MerchantProductInfo.class], URL [jar:file:/Users/wulonghui/.m2/repository/com/youzan/pay/merchant-api/0.0.7-20170804-RELEASE/merchant-api-0.0.7-20170804-RELEASE.jar!/com/youzan/pay/customer/api/result/MerchantSecurityInfo.class], URL [jar:file:/Users/wulonghui/.m2/repository/com/youzan/pay/merchant-api/0.0.7-20170804-RELEASE/merchant-api-0.0.7-20170804-RELEASE.jar!/com/youzan/pay/customer/api/result/OpenServiceMerchantResult.class], URL [jar:file:/Users/wulonghui/.m2/repository/com/youzan/pay/merchant-api/0.0.7-20170804-RELEASE/merchant-api-0.0.7-20170804-RELEASE.jar!/com/youzan/pay/customer/api/result/RegResult.class], URL [jar:file:/Users/wulonghui/.m2/repository/com/youzan/pay/merchant-api/0.0.7-20170804-RELEASE/merchant-api-0.0.7-20170804-RELEASE.jar!/com/youzan/pay/customer/api/result/SubMerchantTradeStatResult.class], URL [jar:file:/Users/wulonghui/.m2/repository/com/youzan/pay/merchant-api/0.0.7-20170804-RELEASE/merchant-api-0.0.7-20170804-RELEASE.jar!/com/youzan/pay/customer/api/result/WithDrawBaseInfoResult.class], URL [jar:file:/Users/wulonghui/.m2/repository/com/youzan/pay/consumer-center/basesearch-api/1.0.0-SNAPSHOT/basesearch-api-1.0.0-SNAPSHOT.jar!/com/youzan/pay/consumercenter/basesearch/api/QueryService.class], URL [jar:file:/Users/wulonghui/.m2/repository/com/youzan/pay/consumer-center/basesearch-api/1.0.0-SNAPSHOT/basesearch-api-1.0.0-SNAPSHOT.jar!/com/youzan/pay/consumercenter/basesearch/to/TradeTO.class], URL [jar:file:/Users/wulonghui/.m2/repository/com/youzan/pay/core/api-model/1.0.5-20170710-RELEASE/api-model-1.0.5-20170710-RELEASE.jar!/com/youzan/pay/core/api/model/bean/PageInfo.class], URL [jar:file:/Users/wulonghui/.m2/repository/com/youzan/pay/core/api-model/1.0.5-20170710-RELEASE/api-model-1.0.5-20170710-RELEASE.jar!/com/youzan/pay/core/api/model/request/PageParam.class], URL [jar:file:/Users/wulonghui/.m2/repository/com/youzan/pay/core/api-model/1.0.5-20170710-RELEASE/api-model-1.0.5-20170710-RELEASE.jar!/com/youzan/pay/core/api/model/response/DataResult.class], URL [jar:file:/Users/wulonghui/.m2/repository/com/youzan/pay/core/api-model/1.0.5-20170710-RELEASE/api-model-1.0.5-20170710-RELEASE.jar!/com/youzan/pay/core/api/model/response/ListResult.class], URL [jar:file:/Users/wulonghui/.m2/repository/com/youzan/pay/core/api-model/1.0.5-20170710-RELEASE/api-model-1.0.5-20170710-RELEASE.jar!/com/youzan/pay/core/api/model/response/PageResult.class], URL [jar:file:/Users/wulonghui/.m2/repository/com/youzan/pay/core/common-model/1.0.5-20170710-RELEASE/common-model-1.0.5-20170710-RELEASE.jar!/com/youzan/pay/core/common/model/base/IntBaseType.class], URL [jar:file:/Users/wulonghui/.m2/repository/com/youzan/pay/core/common-model/1.0.5-20170710-RELEASE/common-model-1.0.5-20170710-RELEASE.jar!/com/youzan/pay/core/common/model/base/IType.class], URL [jar:file:/Users/wulonghui/.m2/repository/com/youzan/pay/core/common-model/1.0.5-20170710-RELEASE/common-model-1.0.5-20170710-RELEASE.jar!/com/youzan/pay/core/common/model/base/StringBaseType.class], URL [jar:file:/Users/wulonghui/.m2/repository/com/youzan/pay/core/common-model/1.0.5-20170710-RELEASE/common-model-1.0.5-20170710-RELEASE.jar!/com/youzan/pay/core/common/model/enums/Bank.class], URL [jar:file:/Users/wulonghui/.m2/repository/com/youzan/pay/core/common-model/1.0.5-20170710-RELEASE/common-model-1.0.5-20170710-RELEASE.jar!/com/youzan/pay/core/common/model/enums/BankCardType.class], URL [jar:file:/Users/wulonghui/.m2/repository/com/youzan/pay/core/common-model/1.0.5-20170710-RELEASE/common-model-1.0.5-20170710-RELEASE.jar!/com/youzan/pay/core/common/model/enums/BankCodeInfoType.class], URL [jar:file:/Users/wulonghui/.m2/repository/com/youzan/pay/core/common-model/1.0.5-20170710-RELEASE/common-model-1.0.5-20170710-RELEASE.jar!/com/youzan/pay/core/common/model/enums/bizcode/ActionType.class], URL [jar:file:/Users/wulonghui/.m2/repository/com/youzan/pay/core/common-model/1.0.5-20170710-RELEASE/common-model-1.0.5-20170710-RELEASE.jar!/com/youzan/pay/core/common/model/enums/bizcode/ChannelType.class], URL [jar:file:/Users/wulonghui/.m2/repository/com/youzan/pay/core/common-model/1.0.5-20170710-RELEASE/common-model-1.0.5-20170710-RELEASE.jar!/com/youzan/pay/core/common/model/enums/bizcode/ModeType.class], URL [jar:file:/Users/wulonghui/.m2/repository/com/youzan/pay/core/common-model/1.0.5-20170710-RELEASE/common-model-1.0.5-20170710-RELEASE.jar!/com/youzan/pay/core/common/model/enums/bizcode/PayToolType.class], URL [jar:file:/Users/wulonghui/.m2/repository/com/youzan/pay/core/common-model/1.0.5-20170710-RELEASE/common-model-1.0.5-20170710-RELEASE.jar!/com/youzan/pay/core/common/model/enums/bizcode/ProdType.class], URL [jar:file:/Users/wulonghui/.m2/repository/com/youzan/pay/core/common-model/1.0.5-20170710-RELEASE/common-model-1.0.5-20170710-RELEASE.jar!/com/youzan/pay/core/common/model/enums/bizcode/UnifiedBizCodeBaseType.class], URL [jar:file:/Users/wulonghui/.m2/repository/com/youzan/pay/core/common-model/1.0.5-20170710-RELEASE/common-model-1.0.5-20170710-RELEASE.jar!/com/youzan/pay/core/common/model/enums/CurrencyCode.class], URL [jar:file:/Users/wulonghui/.m2/repository/com/youzan/pay/core/common-model/1.0.5-20170710-RELEASE/common-model-1.0.5-20170710-RELEASE.jar!/com/youzan/pay/core/common/model/resultcode/CommonResultCode.class], URL [jar:file:/Users/wulonghui/.m2/repository/com/youzan/pay/core/common-model/1.0.5-20170710-RELEASE/common-model-1.0.5-20170710-RELEASE.jar!/com/youzan/pay/core/common/model/resultcode/IResultCode.class], URL [jar:file:/Users/wulonghui/.m2/repository/com/youzan/pay/core/common-model/1.0.5-20170710-RELEASE/common-model-1.0.5-20170710-RELEASE.jar!/com/youzan/pay/core/common/model/resultcode/R.class], URL [jar:file:/Users/wulonghui/.m2/repository/com/youzan/pay/core/common-model/1.0.5-20170710-RELEASE/common-model-1.0.5-20170710-RELEASE.jar!/com/youzan/pay/core/common/model/resultcode/RFactory.class], URL [jar:file:/Users/wulonghui/.m2/repository/com/youzan/pay/cardvoucher/cardvoucher-api/1.0.0-20170822-RELEASE/cardvoucher-api-1.0.0-20170822-RELEASE.jar!/com/youzan/pay/cardvoucher/api/card/CardProductionService.class], URL [jar:file:/Users/wulonghui/.m2/repository/com/youzan/pay/cardvoucher/cardvoucher-api/1.0.0-20170822-RELEASE/cardvoucher-api-1.0.0-20170822-RELEASE.jar!/com/youzan/pay/cardvoucher/api/card/dto/ActiveCardDTO.class], URL [jar:file:/Users/wulonghui/.m2/repository/com/youzan/pay/cardvoucher/cardvoucher-api/1.0.0-20170822-RELEASE/cardvoucher-api-1.0.0-20170822-RELEASE.jar!/com/youzan/pay/cardvoucher/api/card/dto/CardBalanceDTO.class], URL [jar:file:/Users/wulonghui/.m2/repository/com/youzan/pay/cardvoucher/cardvoucher-api/1.0.0-20170822-RELEASE/cardvoucher-api-1.0.0-20170822-RELEASE.jar!/com/youzan/pay/cardvoucher/api/card/dto/CardInfoDTO.class], URL [jar:file:/Users/wulonghui/.m2/repository/com/youzan/pay/cardvoucher/cardvoucher-api/1.0.0-20170822-RELEASE/cardvoucher-api-1.0.0-20170822-RELEASE.jar!/com/youzan/pay/cardvoucher/api/card/dto/CardPayDetailDTO.class], URL [jar:file:/Users/wulonghui/.m2/repository/com/youzan/pay/cardvoucher/cardvoucher-api/1.0.0-20170822-RELEASE/cardvoucher-api-1.0.0-20170822-RELEASE.jar!/com/youzan/pay/cardvoucher/api/card/dto/CardRefundDetailDTO.class], URL [jar:file:/Users/wulonghui/.m2/repository/com/youzan/pay/cardvoucher/cardvoucher-api/1.0.0-20170822-RELEASE/cardvoucher-api-1.0.0-20170822-RELEASE.jar!/com/youzan/pay/cardvoucher/api/card/dto/CreateCardDTO.class], URL [jar:file:/Users/wulonghui/.m2/repository/com/youzan/pay/cardvoucher/cardvoucher-api/1.0.0-20170822-RELEASE/cardvoucher-api-1.0.0-20170822-RELEASE.jar!/com/youzan/pay/cardvoucher/api/card/dto/CreateTemplateCardDTO.class], URL [jar:file:/Users/wulonghui/.m2/repository/com/youzan/pay/cardvoucher/cardvoucher-api/1.0.0-20170822-RELEASE/cardvoucher-api-1.0.0-20170822-RELEASE.jar!/com/youzan/pay/cardvoucher/api/card/dto/UseableCardDTO.class], URL [jar:file:/Users/wulonghui/.m2/repository/com/youzan/pay/cardvoucher/cardvoucher-api/1.0.0-20170822-RELEASE/cardvoucher-api-1.0.0-20170822-RELEASE.jar!/com/youzan/pay/cardvoucher/api/card/GiftCardManageService.class], URL [jar:file:/Users/wulonghui/.m2/repository/com/youzan/pay/cardvoucher/cardvoucher-api/1.0.0-20170822-RELEASE/cardvoucher-api-1.0.0-20170822-RELEASE.jar!/com/youzan/pay/cardvoucher/api/card/GiftCardService.class], URL [jar:file:/Users/wulonghui/.m2/repository/com/youzan/pay/cardvoucher/cardvoucher-api/1.0.0-20170822-RELEASE/cardvoucher-api-1.0.0-20170822-RELEASE.jar!/com/youzan/pay/cardvoucher/api/card/request/ActiveCardRequest.class], URL [jar:file:/Users/wulonghui/.m2/repository/com/youzan/pay/cardvoucher/cardvoucher-api/1.0.0-20170822-RELEASE/cardvoucher-api-1.0.0-20170822-RELEASE.jar!/com/youzan/pay/cardvoucher/api/card/request/BatchQueryCardInfoRequest.class], URL [jar:file:/Users/wulonghui/.m2/repository/com/youzan/pay/cardvoucher/cardvoucher-api/1.0.0-20170822-RELEASE/cardvoucher-api-1.0.0-20170822-RELEASE.jar!/com/youzan/pay/cardvoucher/api/card/request/CardPayDetailRequest.class], URL [jar:file:/Users/wulonghui/.m2/repository/com/youzan/pay/cardvoucher/cardvoucher-api/1.0.0-20170822-RELEASE/cardvoucher-api-1.0.0-20170822-RELEASE.jar!/com/youzan/pay/cardvoucher/api/card/request/CardRefundDetailRequest.class], URL [jar:file:/Users/wulonghui/.m2/repository/com/youzan/pay/cardvoucher/cardvoucher-api/1.0.0-20170822-RELEASE/cardvoucher-api-1.0.0-20170822-RELEASE.jar!/com/youzan/pay/cardvoucher/api/card/request/CreateCardRequest.class], URL [jar:file:/Users/wulonghui/.m2/repository/com/youzan/pay/cardvoucher/cardvoucher-api/1.0.0-20170822-RELEASE/cardvoucher-api-1.0.0-20170822-RELEASE.jar!/com/youzan/pay/cardvoucher/api/card/request/CreateTemplateCardRequest.class], URL [jar:file:/Users/wulonghui/.m2/repository/com/youzan/pay/cardvoucher/cardvoucher-api/1.0.0-20170822-RELEASE/cardvoucher-api-1.0.0-20170822-RELEASE.jar!/com/youzan/pay/cardvoucher/api/card/request/QueryCardListRequest.class], URL [jar:file:/Users/wulonghui/.m2/repository/com/youzan/pay/cardvoucher/cardvoucher-api/1.0.0-20170822-RELEASE/cardvoucher-api-1.0.0-20170822-RELEASE.jar!/com/youzan/pay/cardvoucher/api/card/request/UseableCardListRequest.class], URL [jar:file:/Users/wulonghui/.m2/repository/com/youzan/pay/cardvoucher/cardvoucher-api/1.0.0-20170822-RELEASE/cardvoucher-api-1.0.0-20170822-RELEASE.jar!/com/youzan/pay/cardvoucher/api/compensate/AcceptCompensateService.class], URL [jar:file:/Users/wulonghui/.m2/repository/com/youzan/pay/cardvoucher/cardvoucher-api/1.0.0-20170822-RELEASE/cardvoucher-api-1.0.0-20170822-RELEASE.jar!/com/youzan/pay/cardvoucher/api/compensate/request/CompensateRequest.class], URL [jar:file:/Users/wulonghui/.m2/repository/com/youzan/pay/cardvoucher/cardvoucher-api/1.0.0-20170822-RELEASE/cardvoucher-api-1.0.0-20170822-RELEASE.jar!/com/youzan/pay/cardvoucher/api/compensate/SplitCompensateService.class], URL [jar:file:/Users/wulonghui/.m2/repository/com/youzan/pay/cardvoucher/cardvoucher-api/1.0.0-20170822-RELEASE/cardvoucher-api-1.0.0-20170822-RELEASE.jar!/com/youzan/pay/cardvoucher/api/message/MessageTaskService.class], URL [jar:file:/Users/wulonghui/.m2/repository/com/youzan/pay/cardvoucher/cardvoucher-api/1.0.0-20170822-RELEASE/cardvoucher-api-1.0.0-20170822-RELEASE.jar!/com/youzan/pay/cardvoucher/api/summarycard/dto/CreateSummaryCardDTO.class], URL [jar:file:/Users/wulonghui/.m2/repository/com/youzan/pay/cardvoucher/cardvoucher-api/1.0.0-20170822-RELEASE/cardvoucher-api-1.0.0-20170822-RELEASE.jar!/com/youzan/pay/cardvoucher/api/summarycard/dto/CreateSummaryTemplateDTO.class], URL [jar:file:/Users/wulonghui/.m2/repository/com/youzan/pay/cardvoucher/cardvoucher-api/1.0.0-20170822-RELEASE/cardvoucher-api-1.0.0-20170822-RELEASE.jar!/com/youzan/pay/cardvoucher/api/summarycard/dto/SummaryCardInfoDTO.class], URL [jar:file:/Users/wulonghui/.m2/repository/com/youzan/pay/cardvoucher/cardvoucher-api/1.0.0-20170822-RELEASE/cardvoucher-api-1.0.0-20170822-RELEASE.jar!/com/youzan/pay/cardvoucher/api/summarycard/dto/SummaryCardPayDTO.class], URL [jar:file:/Users/wulonghui/.m2/repository/com/youzan/pay/cardvoucher/cardvoucher-api/1.0.0-20170822-RELEASE/cardvoucher-api-1.0.0-20170822-RELEASE.jar!/com/youzan/pay/cardvoucher/api/summarycard/dto/SummaryCardRefundDTO.class], URL [jar:file:/Users/wulonghui/.m2/repository/com/youzan/pay/cardvoucher/cardvoucher-api/1.0.0-20170822-RELEASE/cardvoucher-api-1.0.0-20170822-RELEASE.jar!/com/youzan/pay/cardvoucher/api/summarycard/dto/SummaryCardTemplateDTO.class], URL [jar:file:/Users/wulonghui/.m2/repository/com/youzan/pay/cardvoucher/cardvoucher-api/1.0.0-20170822-RELEASE/cardvoucher-api-1.0.0-20170822-RELEASE.jar!/com/youzan/pay/cardvoucher/api/summarycard/request/CardRechargeRequest.class], URL [jar:file:/Users/wulonghui/.m2/repository/com/youzan/pay/cardvoucher/cardvoucher-api/1.0.0-20170822-RELEASE/cardvoucher-api-1.0.0-20170822-RELEASE.jar!/com/youzan/pay/cardvoucher/api/summarycard/request/CreateSummaryCardRequest.class], URL [jar:file:/Users/wulonghui/.m2/repository/com/youzan/pay/cardvoucher/cardvoucher-api/1.0.0-20170822-RELEASE/cardvoucher-api-1.0.0-20170822-RELEASE.jar!/com/youzan/pay/cardvoucher/api/summarycard/request/CreateSummaryTemplateRequest.class], URL [jar:file:/Users/wulonghui/.m2/repository/com/youzan/pay/cardvoucher/cardvoucher-api/1.0.0-20170822-RELEASE/cardvoucher-api-1.0.0-20170822-RELEASE.jar!/com/youzan/pay/cardvoucher/api/summarycard/request/QuerySummaryCardInfoRequest.class], URL [jar:file:/Users/wulonghui/.m2/repository/com/youzan/pay/cardvoucher/cardvoucher-api/1.0.0-20170822-RELEASE/cardvoucher-api-1.0.0-20170822-RELEASE.jar!/com/youzan/pay/cardvoucher/api/summarycard/request/QuerySummaryCardPayRequest.class], URL [jar:file:/Users/wulonghui/.m2/repository/com/youzan/pay/cardvoucher/cardvoucher-api/1.0.0-20170822-RELEASE/cardvoucher-api-1.0.0-20170822-RELEASE.jar!/com/youzan/pay/cardvoucher/api/summarycard/request/QuerySummaryCardRefundRequest.class], URL [jar:file:/Users/wulonghui/.m2/repository/com/youzan/pay/cardvoucher/cardvoucher-api/1.0.0-20170822-RELEASE/cardvoucher-api-1.0.0-20170822-RELEASE.jar!/com/youzan/pay/cardvoucher/api/summarycard/request/QuerySummaryCardTemplateRequest.class], URL [jar:file:/Users/wulonghui/.m2/repository/com/youzan/pay/cardvoucher/cardvoucher-api/1.0.0-20170822-RELEASE/cardvoucher-api-1.0.0-20170822-RELEASE.jar!/com/youzan/pay/cardvoucher/api/summarycard/SummaryCardManageService.class], URL [jar:file:/Users/wulonghui/.m2/repository/com/youzan/pay/cardvoucher/cardvoucher-api/1.0.0-20170822-RELEASE/cardvoucher-api-1.0.0-20170822-RELEASE.jar!/com/youzan/pay/cardvoucher/api/summarycard/SummaryCardQueryService.class], URL [jar:file:/Users/wulonghui/.m2/repository/com/youzan/pay/cardvoucher/cardvoucher-api/1.0.0-20170822-RELEASE/cardvoucher-api-1.0.0-20170822-RELEASE.jar!/com/youzan/pay/cardvoucher/api/summarycard/SummaryCardTemplateService.class], URL [jar:file:/Users/wulonghui/.m2/repository/com/youzan/pay/cardvoucher/cardvoucher-common-model/1.0.0-20170822-RELEASE/cardvoucher-common-model-1.0.0-20170822-RELEASE.jar!/com/youzan/pay/cardvoucher/common/model/dts/DtsHearder.class], URL [jar:file:/Users/wulonghui/.m2/repository/com/youzan/pay/cardvoucher/cardvoucher-common-model/1.0.0-20170822-RELEASE/cardvoucher-common-model-1.0.0-20170822-RELEASE.jar!/com/youzan/pay/cardvoucher/common/model/enums/SummaryCardStatusEnum.class], URL [jar:file:/Users/wulonghui/.m2/repository/com/youzan/pay/cardvoucher/cardvoucher-common-model/1.0.0-20170822-RELEASE/cardvoucher-common-model-1.0.0-20170822-RELEASE.jar!/com/youzan/pay/cardvoucher/common/model/exception/NoRetryException.class], URL [jar:file:/Users/wulonghui/.m2/repository/com/youzan/pay/cardvoucher/cardvoucher-common-model/1.0.0-20170822-RELEASE/cardvoucher-common-model-1.0.0-20170822-RELEASE.jar!/com/youzan/pay/cardvoucher/common/model/resultcode/CardVoucherCardPayResultCode.class], URL [jar:file:/Users/wulonghui/.m2/repository/com/youzan/pay/cardvoucher/cardvoucher-common-model/1.0.0-20170822-RELEASE/cardvoucher-common-model-1.0.0-20170822-RELEASE.jar!/com/youzan/pay/cardvoucher/common/model/resultcode/CardVoucherCardResultCode.class], URL [jar:file:/Users/wulonghui/.m2/repository/com/youzan/pay/cardvoucher/cardvoucher-common-model/1.0.0-20170822-RELEASE/cardvoucher-common-model-1.0.0-20170822-RELEASE.jar!/com/youzan/pay/cardvoucher/common/model/resultcode/CardVoucherCommonResultCode.class], URL [jar:file:/Users/wulonghui/.m2/repository/com/youzan/pay/cardvoucher/cardvoucher-common-model/1.0.0-20170822-RELEASE/cardvoucher-common-model-1.0.0-20170822-RELEASE.jar!/com/youzan/pay/cardvoucher/common/model/resultcode/CardVoucherResultCode.class], URL [jar:file:/Users/wulonghui/.m2/repository/com/youzan/pay/cardvoucher/cardvoucher-common-model/1.0.0-20170822-RELEASE/cardvoucher-common-model-1.0.0-20170822-RELEASE.jar!/com/youzan/pay/cardvoucher/common/model/resultcode/SummaryCardResultCode.class]]
2017-08-28 17:41:13.114 [main] DEBUG o.s.context.annotation.ClassPathBeanDefinitionScanner - Identified candidate component class: file [/Users/wulonghui/work/unified_cashier/intergration/target/classes/com/youzan/pay/unified/cashier/intergration/client/AssetCenterUnifiedPayServiceClient.class]
2017-08-28 17:41:13.116 [main] DEBUG o.s.context.annotation.ClassPathBeanDefinitionScanner - Identified candidate component class: file [/Users/wulonghui/work/unified_cashier/intergration/target/classes/com/youzan/pay/unified/cashier/intergration/client/CashierOrderStatusSearchClient.class]
2017-08-28 17:41:13.116 [main] DEBUG o.s.context.annotation.ClassPathBeanDefinitionScanner - Identified candidate component class: file [/Users/wulonghui/work/unified_cashier/intergration/target/classes/com/youzan/pay/unified/cashier/intergration/client/CashierRechargeServiceClient.class]
2017-08-28 17:41:13.120 [main] DEBUG o.s.context.annotation.ClassPathBeanDefinitionScanner - Identified candidate component class: file [/Users/wulonghui/work/unified_cashier/intergration/target/classes/com/youzan/pay/unified/cashier/intergration/client/ChannelBankCardServiceClient.class]
2017-08-28 17:41:13.123 [main] DEBUG o.s.context.annotation.ClassPathBeanDefinitionScanner - Identified candidate component class: file [/Users/wulonghui/work/unified_cashier/intergration/target/classes/com/youzan/pay/unified/cashier/intergration/client/MerchantBankCardServiceClient.class]
2017-08-28 17:41:13.125 [main] DEBUG o.s.context.annotation.ClassPathBeanDefinitionScanner - Identified candidate component class: file [/Users/wulonghui/work/unified_cashier/intergration/target/classes/com/youzan/pay/unified/cashier/intergration/client/MicroAccoutServiceClient.class]
2017-08-28 17:41:13.129 [main] DEBUG o.s.context.annotation.ClassPathBeanDefinitionScanner - Identified candidate component class: file [/Users/wulonghui/work/unified_cashier/intergration/target/classes/com/youzan/pay/unified/cashier/intergration/client/QueryPayToolConfigServiceClient.class]
2017-08-28 17:41:13.131 [main] DEBUG o.s.context.annotation.ClassPathBeanDefinitionScanner - Identified candidate component class: file [/Users/wulonghui/work/unified_cashier/intergration/target/classes/com/youzan/pay/unified/cashier/intergration/client/SignKeyServiceClient.class]
2017-08-28 17:41:13.135 [main] DEBUG o.s.context.annotation.ClassPathBeanDefinitionScanner - Identified candidate component class: file [/Users/wulonghui/work/unified_cashier/intergration/target/classes/com/youzan/pay/unified/cashier/intergration/client/SummaryCardQueryServiceClient.class]
2017-08-28 17:41:13.136 [main] DEBUG o.s.context.annotation.ClassPathBeanDefinitionScanner - Identified candidate component class: file [/Users/wulonghui/work/unified_cashier/intergration/target/classes/com/youzan/pay/unified/cashier/intergration/client/UnifiedOrderServiceClient.class]
2017-08-28 17:41:13.136 [main] DEBUG o.s.context.annotation.ClassPathBeanDefinitionScanner - Identified candidate component class: file [/Users/wulonghui/work/unified_cashier/intergration/target/classes/com/youzan/pay/unified/cashier/intergration/client/UnifiedPayServiceClient.class]
2017-08-28 17:41:13.137 [main] DEBUG o.s.context.annotation.ClassPathBeanDefinitionScanner - Identified candidate component class: file [/Users/wulonghui/work/unified_cashier/intergration/target/classes/com/youzan/pay/unified/cashier/intergration/client/UserMerchantServiceClient.class]
2017-08-28 17:41:13.219 [main] DEBUG o.s.context.annotation.ClassPathBeanDefinitionScanner - Identified candidate component class: URL [jar:file:/Users/wulonghui/.m2/repository/com/youzan/pay/core/core-utils/1.0.1-SNAPSHOT/core-utils-1.0.1-SNAPSHOT.jar!/com/youzan/pay/core/utils/spring/SpringUtil.class]
2017-08-28 17:41:13.437 [main] DEBUG o.s.context.annotation.ClassPathBeanDefinitionScanner - Identified candidate component class: URL [jar:file:/Users/wulonghui/.m2/repository/com/youzan/pay/core/0.2.9-20170710-RELEASE/core-0.2.9-20170710-RELEASE.jar!/com/youzan/pay/core/aspect/AutoLogParamsAspect.class]
2017-08-28 17:41:13.438 [main] DEBUG o.s.context.annotation.ClassPathBeanDefinitionScanner - Identified candidate component class: URL [jar:file:/Users/wulonghui/.m2/repository/com/youzan/pay/core/0.2.9-20170710-RELEASE/core-0.2.9-20170710-RELEASE.jar!/com/youzan/pay/core/aspect/RetryAspect.class]
2017-08-28 17:41:13.446 [main] DEBUG o.s.context.annotation.ClassPathBeanDefinitionScanner - Identified candidate component class: URL [jar:file:/Users/wulonghui/.m2/repository/com/youzan/pay/core/0.2.9-20170710-RELEASE/core-0.2.9-20170710-RELEASE.jar!/com/youzan/pay/core/task/impl/nsq/NsqTaskDispatcher.class]
2017-08-28 17:41:13.571 [main] DEBUG o.s.context.annotation.ClassPathBeanDefinitionScanner - Ignored because not a concrete top-level class: URL [jar:file:/Users/wulonghui/.m2/repository/com/youzan/pay/consumer-center/basesearch-api/1.0.0-SNAPSHOT/basesearch-api-1.0.0-SNAPSHOT.jar!/com/youzan/pay/consumercenter/basesearch/api/QueryService.class]
2017-08-28 17:41:13.604 [main] DEBUG o.s.beans.factory.support.DefaultListableBeanFactory - Creating shared instance of singleton bean 'org.springframework.context.annotation.internalAutowiredAnnotationProcessor'
2017-08-28 17:41:13.604 [main] DEBUG o.s.beans.factory.support.DefaultListableBeanFactory - Creating instance of bean 'org.springframework.context.annotation.internalAutowiredAnnotationProcessor'
2017-08-28 17:41:13.606 [main] DEBUG o.s.beans.factory.support.DefaultListableBeanFactory - Eagerly caching bean 'org.springframework.context.annotation.internalAutowiredAnnotationProcessor' to allow for resolving potential circular references
2017-08-28 17:41:13.607 [main] DEBUG o.s.beans.factory.support.DefaultListableBeanFactory - Finished creating instance of bean 'org.springframework.context.annotation.internalAutowiredAnnotationProcessor'
2017-08-28 17:41:13.607 [main] DEBUG o.s.beans.factory.support.DefaultListableBeanFactory - Creating shared instance of singleton bean 'org.springframework.context.annotation.internalRequiredAnnotationProcessor'
2017-08-28 17:41:13.608 [main] DEBUG o.s.beans.factory.support.DefaultListableBeanFactory - Creating instance of bean 'org.springframework.context.annotation.internalRequiredAnnotationProcessor'
2017-08-28 17:41:13.609 [main] DEBUG o.s.beans.factory.support.DefaultListableBeanFactory - Eagerly caching bean 'org.springframework.context.annotation.internalRequiredAnnotationProcessor' to allow for resolving potential circular references
2017-08-28 17:41:13.610 [main] DEBUG o.s.beans.factory.support.DefaultListableBeanFactory - Finished creating instance of bean 'org.springframework.context.annotation.internalRequiredAnnotationProcessor'
2017-08-28 17:41:13.611 [main] DEBUG o.s.beans.factory.support.DefaultListableBeanFactory - Creating shared instance of singleton bean 'org.springframework.context.annotation.internalCommonAnnotationProcessor'
2017-08-28 17:41:13.612 [main] DEBUG o.s.beans.factory.support.DefaultListableBeanFactory - Creating instance of bean 'org.springframework.context.annotation.internalCommonAnnotationProcessor'
2017-08-28 17:41:13.628 [main] DEBUG o.s.beans.factory.support.DefaultListableBeanFactory - Eagerly caching bean 'org.springframework.context.annotation.internalCommonAnnotationProcessor' to allow for resolving potential circular references
2017-08-28 17:41:13.629 [main] DEBUG o.s.beans.factory.support.DefaultListableBeanFactory - Finished creating instance of bean 'org.springframework.context.annotation.internalCommonAnnotationProcessor'
2017-08-28 17:41:13.631 [main] DEBUG o.s.beans.factory.support.DefaultListableBeanFactory - Creating shared instance of singleton bean 'org.springframework.context.annotation.ConfigurationClassPostProcessor.importAwareProcessor'
2017-08-28 17:41:13.631 [main] DEBUG o.s.beans.factory.support.DefaultListableBeanFactory - Creating instance of bean 'org.springframework.context.annotation.ConfigurationClassPostProcessor.importAwareProcessor'
2017-08-28 17:41:13.631 [main] DEBUG o.s.beans.factory.support.DefaultListableBeanFactory - Eagerly caching bean 'org.springframework.context.annotation.ConfigurationClassPostProcessor.importAwareProcessor' to allow for resolving potential circular references
2017-08-28 17:41:13.632 [main] DEBUG o.s.beans.factory.support.DefaultListableBeanFactory - Finished creating instance of bean 'org.springframework.context.annotation.ConfigurationClassPostProcessor.importAwareProcessor'
2017-08-28 17:41:13.632 [main] DEBUG o.s.beans.factory.support.DefaultListableBeanFactory - Creating shared instance of singleton bean 'org.springframework.aop.config.internalAutoProxyCreator'
2017-08-28 17:41:13.632 [main] DEBUG o.s.beans.factory.support.DefaultListableBeanFactory - Creating instance of bean 'org.springframework.aop.config.internalAutoProxyCreator'
2017-08-28 17:41:13.726 [main] DEBUG o.s.beans.factory.support.DefaultListableBeanFactory - Eagerly caching bean 'org.springframework.aop.config.internalAutoProxyCreator' to allow for resolving potential circular references
2017-08-28 17:41:13.750 [main] DEBUG o.s.beans.factory.support.DefaultListableBeanFactory - Finished creating instance of bean 'org.springframework.aop.config.internalAutoProxyCreator'
2017-08-28 17:41:13.751 [main] DEBUG o.s.beans.factory.support.DefaultListableBeanFactory - Returning cached instance of singleton bean 'com.alibaba.dubbo.config.spring.AnnotationBean'
2017-08-28 17:41:13.757 [main] DEBUG o.s.context.support.GenericApplicationContext - Unable to locate MessageSource with name 'messageSource': using default [org.springframework.context.support.DelegatingMessageSource@504274c1]
2017-08-28 17:41:13.768 [main] DEBUG o.s.context.support.GenericApplicationContext - Unable to locate ApplicationEventMulticaster with name 'applicationEventMulticaster': using default [org.springframework.context.event.SimpleApplicationEventMulticaster@5408fca1]
2017-08-28 17:41:13.780 [main] INFO  o.s.beans.factory.support.DefaultListableBeanFactory - Pre-instantiating singletons in org.springframework.beans.factory.support.DefaultListableBeanFactory@299a43d9: defining beans [org.springframework.context.support.PropertySourcesPlaceholderConfigurer#0,assetCenterUnifiedPayServiceClient,cashierOrderStatusSearchClient,cashierRechargeServiceClient,channelBankCardServiceClient,merchantBankCardServiceClient,microAccoutServiceClient,queryPayToolConfigServiceClient,signKeyServiceClient,summaryCardQueryServiceClient,unifiedOrderServiceClient,unifiedPayServiceClient,userMerchantServiceClient,org.springframework.context.annotation.internalConfigurationAnnotationProcessor,org.springframework.context.annotation.internalAutowiredAnnotationProcessor,org.springframework.context.annotation.internalRequiredAnnotationProcessor,org.springframework.context.annotation.internalCommonAnnotationProcessor,signKeyService,merchantConfigService,acquireOrderService,unifiedPayService,unifiedOrderQueryService,unifiedOrderService,bankCardService,merchantBankCardService,userMerchantService,rechargeService,payToolsService,accountService,summaryCardQueryService,novaContainer,beanFactory,org.springframework.aop.config.internalAutoProxyCreator,tracingAop,customerMethodAop,org.springframework.context.annotation.ConfigurationClassPostProcessor.importAwareProcessor,com.alibaba.dubbo.config.ApplicationConfig,haunt,com.alibaba.dubbo.config.MonitorConfig,dubbo,rest,com.alibaba.dubbo.config.spring.AnnotationBean,springUtil,autoLogParamsAspect,retryAspect,nsqTaskDispatcher]; root of factory hierarchy
2017-08-28 17:41:13.780 [main] DEBUG o.s.beans.factory.support.DefaultListableBeanFactory - Returning cached instance of singleton bean 'org.springframework.context.support.PropertySourcesPlaceholderConfigurer#0'
2017-08-28 17:41:13.781 [main] DEBUG o.s.beans.factory.support.DefaultListableBeanFactory - Creating shared instance of singleton bean 'assetCenterUnifiedPayServiceClient'
2017-08-28 17:41:13.781 [main] DEBUG o.s.beans.factory.support.DefaultListableBeanFactory - Creating instance of bean 'assetCenterUnifiedPayServiceClient'
2017-08-28 17:41:13.867 [main] DEBUG o.s.a.aspectj.annotation.ReflectiveAspectJAdvisorFactory - Found AspectJ method: public java.lang.Object com.youzan.nova.framework.cat.annotation.aop.TracingAop.aroundExec(org.aspectj.lang.ProceedingJoinPoint) throws java.lang.Throwable
2017-08-28 17:41:13.874 [main] DEBUG o.s.a.aspectj.annotation.ReflectiveAspectJAdvisorFactory - Found AspectJ method: public java.lang.Object com.youzan.nova.framework.cat.annotation.aop.CustomerMethodAop.aroundExec(org.aspectj.lang.ProceedingJoinPoint) throws java.lang.Throwable
2017-08-28 17:41:13.879 [main] DEBUG o.s.a.aspectj.annotation.ReflectiveAspectJAdvisorFactory - Found AspectJ method: public void com.youzan.pay.core.aspect.AutoLogParamsAspect.before(org.aspectj.lang.JoinPoint)
2017-08-28 17:41:13.884 [main] DEBUG o.s.a.aspectj.annotation.ReflectiveAspectJAdvisorFactory - Found AspectJ method: public java.lang.Object com.youzan.pay.core.aspect.RetryAspect.retryProcess(org.aspectj.lang.ProceedingJoinPoint) throws java.lang.Throwable
2017-08-28 17:41:13.917 [main] DEBUG o.s.beans.factory.annotation.InjectionMetadata - Registered injected element on class [com.youzan.pay.unified.cashier.intergration.client.AssetCenterUnifiedPayServiceClient]: ResourceElement for private com.youzan.pay.assetcenter.api.UnifiedPayService com.youzan.pay.unified.cashier.intergration.client.AssetCenterUnifiedPayServiceClient.unifiedPayService
2017-08-28 17:41:13.919 [main] DEBUG o.s.beans.factory.support.DefaultListableBeanFactory - Eagerly caching bean 'assetCenterUnifiedPayServiceClient' to allow for resolving potential circular references
2017-08-28 17:41:13.923 [main] DEBUG o.s.beans.factory.annotation.InjectionMetadata - Processing injected element of bean 'assetCenterUnifiedPayServiceClient': ResourceElement for private com.youzan.pay.assetcenter.api.UnifiedPayService com.youzan.pay.unified.cashier.intergration.client.AssetCenterUnifiedPayServiceClient.unifiedPayService
2017-08-28 17:41:13.923 [main] DEBUG o.s.beans.factory.support.DefaultListableBeanFactory - Creating shared instance of singleton bean 'unifiedPayService'
2017-08-28 17:41:13.923 [main] DEBUG o.s.beans.factory.support.DefaultListableBeanFactory - Creating instance of bean 'unifiedPayService'
2017-08-28 17:41:14.075 [main] DEBUG com.alibaba.dubbo.common.extension.ExtensionLoader -  [Nova] package com.alibaba.dubbo.rpc;
import com.alibaba.dubbo.common.extension.ExtensionLoader;
public class Protocol$Adpative implements com.alibaba.dubbo.rpc.Protocol {
public void destroy() {throw new UnsupportedOperationException("method public abstract void com.alibaba.dubbo.rpc.Protocol.destroy() of interface com.alibaba.dubbo.rpc.Protocol is not adaptive method!");
}
public int getDefaultPort() {throw new UnsupportedOperationException("method public abstract int com.alibaba.dubbo.rpc.Protocol.getDefaultPort() of interface com.alibaba.dubbo.rpc.Protocol is not adaptive method!");
}
public com.alibaba.dubbo.rpc.Exporter export(com.alibaba.dubbo.rpc.Invoker arg0) throws com.alibaba.dubbo.rpc.Invoker {
if (arg0 == null) throw new IllegalArgumentException("com.alibaba.dubbo.rpc.Invoker argument == null");
if (arg0.getUrl() == null) throw new IllegalArgumentException("com.alibaba.dubbo.rpc.Invoker argument getUrl() == null");com.alibaba.dubbo.common.URL url = arg0.getUrl();
String extName = ( url.getProtocol() == null ? "dubbo" : url.getProtocol() );
if(extName == null) throw new IllegalStateException("Fail to get extension(com.alibaba.dubbo.rpc.Protocol) name from url(" + url.toString() + ") use keys([protocol])");
com.alibaba.dubbo.rpc.Protocol extension = (com.alibaba.dubbo.rpc.Protocol)ExtensionLoader.getExtensionLoader(com.alibaba.dubbo.rpc.Protocol.class).getExtension(extName);
return extension.export(arg0);
}
public com.alibaba.dubbo.rpc.Invoker refer(java.lang.Class arg0, com.alibaba.dubbo.common.URL arg1) throws java.lang.Class {
if (arg1 == null) throw new IllegalArgumentException("url == null");
com.alibaba.dubbo.common.URL url = arg1;
String extName = ( url.getProtocol() == null ? "dubbo" : url.getProtocol() );
if(extName == null) throw new IllegalStateException("Fail to get extension(com.alibaba.dubbo.rpc.Protocol) name from url(" + url.toString() + ") use keys([protocol])");
com.alibaba.dubbo.rpc.Protocol extension = (com.alibaba.dubbo.rpc.Protocol)ExtensionLoader.getExtensionLoader(com.alibaba.dubbo.rpc.Protocol.class).getExtension(extName);
return extension.refer(arg0, arg1);
}
}, nova version: 3.0.9-RELEASE, current host: 127.0.0.1
init soa appener 成功
2017-08-28 17:41:14.730 [main] DEBUG com.alibaba.dubbo.common.extension.ExtensionLoader -  [Nova] package com.alibaba.dubbo.rpc.cluster;
import com.alibaba.dubbo.common.extension.ExtensionLoader;
public class Cluster$Adpative implements com.alibaba.dubbo.rpc.cluster.Cluster {
public com.alibaba.dubbo.rpc.Invoker join(com.alibaba.dubbo.rpc.cluster.Directory arg0) throws com.alibaba.dubbo.rpc.cluster.Directory {
if (arg0 == null) throw new IllegalArgumentException("com.alibaba.dubbo.rpc.cluster.Directory argument == null");
if (arg0.getUrl() == null) throw new IllegalArgumentException("com.alibaba.dubbo.rpc.cluster.Directory argument getUrl() == null");com.alibaba.dubbo.common.URL url = arg0.getUrl();
String extName = url.getParameter("cluster", "failover");
if(extName == null) throw new IllegalStateException("Fail to get extension(com.alibaba.dubbo.rpc.cluster.Cluster) name from url(" + url.toString() + ") use keys([cluster])");
com.alibaba.dubbo.rpc.cluster.Cluster extension = (com.alibaba.dubbo.rpc.cluster.Cluster)ExtensionLoader.getExtensionLoader(com.alibaba.dubbo.rpc.cluster.Cluster.class).getExtension(extName);
return extension.join(arg0);
}
}, nova version: 3.0.9-RELEASE, current host: 127.0.0.1
2017-08-28 17:41:14.796 [main] DEBUG com.alibaba.dubbo.common.extension.ExtensionLoader -  [Nova] package com.alibaba.dubbo.rpc;
import com.alibaba.dubbo.common.extension.ExtensionLoader;
public class ProxyFactory$Adpative implements com.alibaba.dubbo.rpc.ProxyFactory {
public java.lang.Object getProxy(com.alibaba.dubbo.rpc.Invoker arg0) throws com.alibaba.dubbo.rpc.Invoker {
if (arg0 == null) throw new IllegalArgumentException("com.alibaba.dubbo.rpc.Invoker argument == null");
if (arg0.getUrl() == null) throw new IllegalArgumentException("com.alibaba.dubbo.rpc.Invoker argument getUrl() == null");com.alibaba.dubbo.common.URL url = arg0.getUrl();
String extName = url.getParameter("proxy", "javassist");
if(extName == null) throw new IllegalStateException("Fail to get extension(com.alibaba.dubbo.rpc.ProxyFactory) name from url(" + url.toString() + ") use keys([proxy])");
com.alibaba.dubbo.rpc.ProxyFactory extension = (com.alibaba.dubbo.rpc.ProxyFactory)ExtensionLoader.getExtensionLoader(com.alibaba.dubbo.rpc.ProxyFactory.class).getExtension(extName);
return extension.getProxy(arg0);
}
public com.alibaba.dubbo.rpc.Invoker getInvoker(java.lang.Object arg0, java.lang.Class arg1, com.alibaba.dubbo.common.URL arg2) throws java.lang.Object {
if (arg2 == null) throw new IllegalArgumentException("url == null");
com.alibaba.dubbo.common.URL url = arg2;
String extName = url.getParameter("proxy", "javassist");
if(extName == null) throw new IllegalStateException("Fail to get extension(com.alibaba.dubbo.rpc.ProxyFactory) name from url(" + url.toString() + ") use keys([proxy])");
com.alibaba.dubbo.rpc.ProxyFactory extension = (com.alibaba.dubbo.rpc.ProxyFactory)ExtensionLoader.getExtensionLoader(com.alibaba.dubbo.rpc.ProxyFactory.class).getExtension(extName);
return extension.getInvoker(arg0, arg1, arg2);
}
}, nova version: 3.0.9-RELEASE, current host: 127.0.0.1
2017-08-28 17:41:14.836 [main] DEBUG o.s.beans.factory.support.DefaultListableBeanFactory - Eagerly caching bean 'unifiedPayService' to allow for resolving potential circular references
2017-08-28 17:41:14.894 [main] DEBUG o.s.beans.factory.support.DefaultListableBeanFactory - Creating shared instance of singleton bean 'haunt'
2017-08-28 17:41:14.894 [main] DEBUG o.s.beans.factory.support.DefaultListableBeanFactory - Creating instance of bean 'haunt'
2017-08-28 17:41:14.897 [main] DEBUG o.s.beans.factory.support.DefaultListableBeanFactory - Eagerly caching bean 'haunt' to allow for resolving potential circular references
2017-08-28 17:41:15.671 [main] DEBUG o.s.beans.factory.support.DefaultListableBeanFactory - Finished creating instance of bean 'haunt'
2017-08-28 17:41:15.675 [main] DEBUG o.s.beans.factory.support.DefaultListableBeanFactory - Invoking afterPropertiesSet() on bean with name 'unifiedPayService'
2017-08-28 17:41:15.677 [main] DEBUG o.s.beans.factory.support.DefaultListableBeanFactory - Creating shared instance of singleton bean 'com.alibaba.dubbo.config.ApplicationConfig'
2017-08-28 17:41:15.678 [main] DEBUG o.s.beans.factory.support.DefaultListableBeanFactory - Creating instance of bean 'com.alibaba.dubbo.config.ApplicationConfig'
2017-08-28 17:41:15.680 [main] DEBUG o.s.beans.factory.support.DefaultListableBeanFactory - Eagerly caching bean 'com.alibaba.dubbo.config.ApplicationConfig' to allow for resolving potential circular references
2017-08-28 17:41:15.695 [main] INFO  com.alibaba.dubbo.common.logger.LoggerFactory - using logger: com.alibaba.dubbo.common.logger.slf4j.Slf4jLoggerAdapter
2017-08-28 17:41:15.796 [main] DEBUG o.s.beans.factory.support.DefaultListableBeanFactory - Finished creating instance of bean 'com.alibaba.dubbo.config.ApplicationConfig'
2017-08-28 17:41:15.798 [main] DEBUG o.s.beans.factory.support.DefaultListableBeanFactory - Creating shared instance of singleton bean 'com.alibaba.dubbo.config.MonitorConfig'
2017-08-28 17:41:15.798 [main] DEBUG o.s.beans.factory.support.DefaultListableBeanFactory - Creating instance of bean 'com.alibaba.dubbo.config.MonitorConfig'
2017-08-28 17:41:15.800 [main] DEBUG o.s.beans.factory.support.DefaultListableBeanFactory - Eagerly caching bean 'com.alibaba.dubbo.config.MonitorConfig' to allow for resolving potential circular references
2017-08-28 17:41:15.878 [main] DEBUG o.s.beans.factory.support.DefaultListableBeanFactory - Finished creating instance of bean 'com.alibaba.dubbo.config.MonitorConfig'
2017-08-28 17:41:16.292 [main] DEBUG o.s.beans.factory.support.DefaultListableBeanFactory - Finished creating instance of bean 'unifiedPayService'
2017-08-28 17:41:16.401 [main] DEBUG com.alibaba.dubbo.common.extension.ExtensionLoader -  [Nova] package com.alibaba.dubbo.registry;
import com.alibaba.dubbo.common.extension.ExtensionLoader;
public class RegistryFactory$Adpative implements com.alibaba.dubbo.registry.RegistryFactory {
public com.alibaba.dubbo.registry.Registry getRegistry(com.alibaba.dubbo.common.URL arg0) {
if (arg0 == null) throw new IllegalArgumentException("url == null");
com.alibaba.dubbo.common.URL url = arg0;
String extName = ( url.getProtocol() == null ? "dubbo" : url.getProtocol() );
if(extName == null) throw new IllegalStateException("Fail to get extension(com.alibaba.dubbo.registry.RegistryFactory) name from url(" + url.toString() + ") use keys([protocol])");
com.alibaba.dubbo.registry.RegistryFactory extension = (com.alibaba.dubbo.registry.RegistryFactory)ExtensionLoader.getExtensionLoader(com.alibaba.dubbo.registry.RegistryFactory.class).getExtension(extName);
return extension.getRegistry(arg0);
}
}, nova version: 3.0.9-RELEASE, current host: 127.0.0.1
2017-08-28 17:41:16.485 [main] INFO  com.youzan.nova.registry.haunt.HauntRegistry -  [Nova] Load registry store file /Users/wulonghui/.dubbo/dubbo-registry-etcd-dev.s.qima-inc.com.cache, data: {com.youzan.pay.assetcenter.api.UnifiedPayService=empty://172.17.11.56/com.youzan.pay.assetcenter.api.UnifiedPayService?application=pay-ucashier&category=configurators&check=false&dubbo=3.0.9-RELEASE&interface=com.youzan.pay.assetcenter.api.UnifiedPayService&logger=slf4j&methods=warpMultiPay,multiPay,singlePay,wrapSinglePay&owner=pay-ucashier&pid=98319&protocol=dubbo&retries=0&revision=0.0.7-20170720-RELEASE&side=consumer&timeout=5000&timestamp=1501644725474 empty://172.17.11.56/com.youzan.pay.assetcenter.api.UnifiedPayService?application=pay-ucashier&category=routers&check=false&dubbo=3.0.9-RELEASE&interface=com.youzan.pay.assetcenter.api.UnifiedPayService&logger=slf4j&methods=warpMultiPay,multiPay,singlePay,wrapSinglePay&owner=pay-ucashier&pid=98319&protocol=dubbo&retries=0&revision=0.0.7-20170720-RELEASE&side=consumer&timeout=5000&timestamp=1501644725474 dubbo://10.9.82.150:28094?application=pay-assetcenter&interface=com.youzan.pay.assetcenter.api.UnifiedPayService&methods=warpMultiPay,multiPay,singlePay,wrapSinglePay,&timestamp=1501559576151&weight=100, com.youzan.pay.customer.api.BankCardService=empty://172.17.11.56/com.youzan.pay.customer.api.BankCardService?application=pay-ucashier&category=configurators&check=false&dubbo=3.0.9-RELEASE&interface=com.youzan.pay.customer.api.BankCardService&logger=slf4j&methods=bindQuackPayCard,getBoundBankCard,unbindQuickPayCard,bindCard,queryBoundQuickPayCard&owner=pay-ucashier&pid=98319&protocol=dubbo&retries=0&revision=0.0.7-SNAPSHOT&side=consumer&timeout=5000&timestamp=1501644729477 empty://172.17.11.56/com.youzan.pay.customer.api.BankCardService?application=pay-ucashier&category=routers&check=false&dubbo=3.0.9-RELEASE&interface=com.youzan.pay.customer.api.BankCardService&logger=slf4j&methods=bindQuackPayCard,getBoundBankCard,unbindQuickPayCard,bindCard,queryBoundQuickPayCard&owner=pay-ucashier&pid=98319&protocol=dubbo&retries=0&revision=0.0.7-SNAPSHOT&side=consumer&timeout=5000&timestamp=1501644729477 dubbo://10.9.82.150:28081?application=pay-customer&interface=com.youzan.pay.customer.api.BankCardService&methods=getBoundBankCard,bindQuackPayCard,unbindQuickPayCard,bindCard,queryBoundQuickPayCard,&timestamp=1499329634155&weight=100 dubbo://172.16.8.217:28081?application=pay-customer&interface=com.youzan.pay.customer.api.BankCardService&methods=getBoundBankCard,bindQuackPayCard,bindCard,unbindQuickPayCard,queryBoundQuickPayCard,&timestamp=1501551910895&weight=100 dubbo://10.9.196.183:28081?application=pay-customer&interface=com.youzan.pay.customer.api.BankCardService&methods=getBoundBankCard,bindQuackPayCard,bindCard,unbindQuickPayCard,queryBoundQuickPayCard,&timestamp=1501467131608&weight=100, com.youzan.pay.customer.api.service.UserService=empty://172.17.11.56/com.youzan.pay.customer.api.service.UserService?application=pay-uccashier&category=configurators&dubbo=3.0.4-RELEASE&interface=com.youzan.pay.customer.api.service.UserService&logger=slf4j&methods=selectByNo,heartbeat,getUser,createUser,generateUser,selectByTarget&owner=wulonghui&pid=27710&protocol=dubbo&revision=0.2.0-20161021.202646-2&side=consumer&timestamp=1488269345211 empty://172.17.11.56/com.youzan.pay.customer.api.service.UserService?application=pay-uccashier&category=routers&dubbo=3.0.4-RELEASE&interface=com.youzan.pay.customer.api.service.UserService&logger=slf4j&methods=selectByNo,heartbeat,getUser,createUser,generateUser,selectByTarget&owner=wulonghui&pid=27710&protocol=dubbo&revision=0.2.0-20161021.202646-2&side=consumer&timestamp=1488269345211 empty://172.17.11.56/com.youzan.pay.customer.api.service.UserService?application=pay-uccashier&category=providers&dubbo=3.0.4-RELEASE&interface=com.youzan.pay.customer.api.service.UserService&logger=slf4j&methods=selectByNo,heartbeat,getUser,createUser,generateUser,selectByTarget&owner=wulonghui&pid=27710&protocol=dubbo&revision=0.2.0-20161021.202646-2&side=consumer&timestamp=1488269345211, com.youzan.pay.customer.api.SignKeyService=empty://172.17.11.56/com.youzan.pay.customer.api.SignKeyService?application=pay-ucashier&category=configurators&check=false&dubbo=3.0.9-RELEASE&interface=com.youzan.pay.customer.api.SignKeyService&logger=slf4j&methods=querySignKey&owner=pay-ucashier&pid=98319&protocol=dubbo&retries=0&revision=0.0.7-SNAPSHOT&side=consumer&timeout=5000&timestamp=1501644730215 empty://172.17.11.56/com.youzan.pay.customer.api.SignKeyService?application=pay-ucashier&category=routers&check=false&dubbo=3.0.9-RELEASE&interface=com.youzan.pay.customer.api.SignKeyService&logger=slf4j&methods=querySignKey&owner=pay-ucashier&pid=98319&protocol=dubbo&retries=0&revision=0.0.7-SNAPSHOT&side=consumer&timeout=5000&timestamp=1501644730215 dubbo://10.9.82.150:28081?application=pay-customer&interface=com.youzan.pay.customer.api.SignKeyService&methods=querySignKey,&timestamp=1499329633214&weight=100 dubbo://172.16.8.217:28081?application=pay-customer&interface=com.youzan.pay.customer.api.SignKeyService&methods=querySignKey,&timestamp=1501551918906&weight=100 dubbo://10.9.196.183:28081?application=pay-customer&interface=com.youzan.pay.customer.api.SignKeyService&methods=querySignKey,&timestamp=1501467131488&weight=100, com.youzan.pay.assetcenter.service.spi.UnifiedPrepaidCardPayToolSpi=empty://172.17.11.56/com.youzan.pay.assetcenter.service.spi.UnifiedPrepaidCardPayToolSpi?application=pay-assetcenter&category=configurators&check=false&dubbo=3.0.9-RELEASE&interface=com.youzan.pay.assetcenter.service.spi.UnifiedPrepaidCardPayToolSpi&logger=slf4j&methods=payQuery,pay,revoke,refundQuery,refund&owner=lixing&pid=84411&protocol=dubbo&retries=0&side=consumer&timeout=5000&timestamp=1501219654346 empty://172.17.11.56/com.youzan.pay.assetcenter.service.spi.UnifiedPrepaidCardPayToolSpi?application=pay-assetcenter&category=routers&check=false&dubbo=3.0.9-RELEASE&interface=com.youzan.pay.assetcenter.service.spi.UnifiedPrepaidCardPayToolSpi&logger=slf4j&methods=payQuery,pay,revoke,refundQuery,refund&owner=lixing&pid=84411&protocol=dubbo&retries=0&side=consumer&timeout=5000&timestamp=1501219654346 dubbo://10.9.171.81:28190?application=pay-cardvoucher&interface=com.youzan.pay.assetcenter.service.spi.UnifiedPrepaidCardPayToolSpi&methods=payQuery,revoke,pay,refundQuery,refund,&timestamp=1501209003988&weight=100, com.youzan.pay.customer.api.MerchantConfigService=empty://172.17.11.56/com.youzan.pay.customer.api.MerchantConfigService?application=pay-ucashier&category=configurators&check=false&dubbo=3.0.9-RELEASE&interface=com.youzan.pay.customer.api.MerchantConfigService&logger=slf4j&methods=queryConfig,check,getMerchantPublicKey,queryPayTools&owner=pay-ucashier&pid=90982&protocol=dubbo&retries=0&revision=0.0.4-RELEASE&side=consumer&timeout=5000&timestamp=1501491985480 empty://172.17.11.56/com.youzan.pay.customer.api.MerchantConfigService?application=pay-ucashier&category=routers&check=false&dubbo=3.0.9-RELEASE&interface=com.youzan.pay.customer.api.MerchantConfigService&logger=slf4j&methods=queryConfig,check,getMerchantPublicKey,queryPayTools&owner=pay-ucashier&pid=90982&protocol=dubbo&retries=0&revision=0.0.4-RELEASE&side=consumer&timeout=5000&timestamp=1501491985480 dubbo://10.9.82.150:28081?application=pay-customer&interface=com.youzan.pay.customer.api.MerchantConfigService&methods=queryConfig,check,queryPayTools,getMerchantPublicKey,&timestamp=1499329629210&weight=100 dubbo://10.9.196.183:28081?application=pay-customer&interface=com.youzan.pay.customer.api.MerchantConfigService&methods=queryConfig,check,getMerchantPublicKey,queryPayTools,&timestamp=1501467130084&weight=100, com.youzan.pay.assetcenter.service.schedule.execute.DataExecuteDriver=empty://172.17.11.56/com.youzan.pay.assetcenter.service.schedule.execute.DataExecuteDriver?application=pay-assetcenter&category=configurators&check=false&dubbo=3.0.9-RELEASE&interface=com.youzan.pay.assetcenter.service.schedule.execute.DataExecuteDriver&logger=slf4j&methods=runList,run&owner=lixing&pid=84411&retries=0&side=consumer&timestamp=1501219663867 empty://172.17.11.56/com.youzan.pay.assetcenter.service.schedule.execute.DataExecuteDriver?application=pay-assetcenter&category=routers&check=false&dubbo=3.0.9-RELEASE&interface=com.youzan.pay.assetcenter.service.schedule.execute.DataExecuteDriver&logger=slf4j&methods=runList,run&owner=lixing&pid=84411&retries=0&side=consumer&timestamp=1501219663867 dubbo://172.17.11.56:28094?application=pay-assetcenter&interface=com.youzan.pay.assetcenter.service.schedule.execute.DataExecuteDriver&methods=runList,run,&timestamp=1501219668564&weight=100, com.youzan.pay.fundchannel.open.api.BankCardService=empty://172.17.11.56/com.youzan.pay.fundchannel.open.api.BankCardService?application=pay-ucashier&category=configurators&check=false&dubbo=3.0.9-RELEASE&interface=com.youzan.pay.fundchannel.open.api.BankCardService&logger=slf4j&methods=checkCard,sendSms,checkBankBinding,payConfirm&owner=pay-ucashier&pid=98319&protocol=dubbo&retries=0&revision=1.0.0-20170710-RELEASE&side=consumer&timeout=5000&timestamp=1501644729199 empty://172.17.11.56/com.youzan.pay.fundchannel.open.api.BankCardService?application=pay-ucashier&category=routers&check=false&dubbo=3.0.9-RELEASE&interface=com.youzan.pay.fundchannel.open.api.BankCardService&logger=slf4j&methods=checkCard,sendSms,checkBankBinding,payConfirm&owner=pay-ucashier&pid=98319&protocol=dubbo&retries=0&revision=1.0.0-20170710-RELEASE&side=consumer&timeout=5000&timestamp=1501644729199 dubbo://10.9.196.183:28096?application=pay-fund-channel&interface=com.youzan.pay.fundchannel.open.api.BankCardService&methods=checkCard,sendSms,checkBankBinding,payConfirm,&timestamp=1500437940599&weight=100, com.youzan.pay.assetcenter.service.spi.PayToolStandardSpi=empty://172.17.11.56/com.youzan.pay.assetcenter.service.spi.PayToolStandardSpi?application=pay-assetcenter&category=configurators&check=false&dubbo=3.0.9-RELEASE&interface=com.youzan.pay.assetcenter.service.spi.PayToolStandardSpi&logger=slf4j&methods=payQuery,pay,revoke,refundQuery,refund&owner=lixing&pid=84411&protocol=dubbo&retries=0&side=consumer&timeout=5000&timestamp=1501219654372 empty://172.17.11.56/com.youzan.pay.assetcenter.service.spi.PayToolStandardSpi?application=pay-assetcenter&category=routers&check=false&dubbo=3.0.9-RELEASE&interface=com.youzan.pay.assetcenter.service.spi.PayToolStandardSpi&logger=slf4j&methods=payQuery,pay,revoke,refundQuery,refund&owner=lixing&pid=84411&protocol=dubbo&retries=0&side=consumer&timeout=5000&timestamp=1501219654372 empty://172.17.11.56/com.youzan.pay.assetcenter.service.spi.PayToolStandardSpi?application=pay-assetcenter&category=providers&check=false&dubbo=3.0.9-RELEASE&interface=com.youzan.pay.assetcenter.service.spi.PayToolStandardSpi&logger=slf4j&methods=payQuery,pay,revoke,refundQuery,refund&owner=lixing&pid=84411&protocol=dubbo&retries=0&side=consumer&timeout=5000&timestamp=1501219654372, com.youzan.pay.assetcenter.service.schedule.load.DataLoadDriver=empty://172.17.11.56/com.youzan.pay.assetcenter.service.schedule.load.DataLoadDriver?application=pay-assetcenter&category=configurators&check=false&dubbo=3.0.9-RELEASE&interface=com.youzan.pay.assetcenter.service.schedule.load.DataLoadDriver&logger=slf4j&methods=load,loadList&owner=lixing&pid=84411&retries=0&side=consumer&timestamp=1501219663751 empty://172.17.11.56/com.youzan.pay.assetcenter.service.schedule.load.DataLoadDriver?application=pay-assetcenter&category=routers&check=false&dubbo=3.0.9-RELEASE&interface=com.youzan.pay.assetcenter.service.schedule.load.DataLoadDriver&logger=slf4j&methods=load,loadList&owner=lixing&pid=84411&retries=0&side=consumer&timestamp=1501219663751 dubbo://172.17.11.56:28094?application=pay-assetcenter&interface=com.youzan.pay.assetcenter.service.schedule.load.DataLoadDriver&methods=load,loadList,&timestamp=1501219668557&weight=100, com.youzan.pay.biz.settlement.api.AccountService=empty://172.17.11.56/com.youzan.pay.biz.settlement.api.AccountService?application=pay-assetcenter&category=configurators&check=false&dubbo=3.0.9-RELEASE&interface=com.youzan.pay.biz.settlement.api.AccountService&logger=slf4j&methods=getAcct,heartbeat,getByUserNo,getByUserNoAndType,getAcctByAcctNo,getAcctByAcctNos,dataFix&owner=lixing&pid=84411&protocol=dubbo&retries=0&revision=0.0.9-RELEASE&side=consumer&timeout=5000&timestamp=1501219643025 empty://172.17.11.56/com.youzan.pay.biz.settlement.api.AccountService?application=pay-assetcenter&category=routers&check=false&dubbo=3.0.9-RELEASE&interface=com.youzan.pay.biz.settlement.api.AccountService&logger=slf4j&methods=getAcct,heartbeat,getByUserNo,getByUserNoAndType,getAcctByAcctNo,getAcctByAcctNos,dataFix&owner=lixing&pid=84411&protocol=dubbo&retries=0&revision=0.0.9-RELEASE&side=consumer&timeout=5000&timestamp=1501219643025 dubbo://10.9.74.58:28082?application=pay-settlement&interface=com.youzan.pay.biz.settlement.api.AccountService&methods=getAcct,heartbeat,getByUserNo,getByUserNoAndType,getAcctByAcctNo,getAcctByAcctNos,dataFix,&timestamp=null&weight=100, com.youzan.pay.assetcenter.api.AcquireOrderService=empty://172.17.11.56/com.youzan.pay.assetcenter.api.AcquireOrderService?application=pay-ucashier&category=configurators&check=false&dubbo=3.0.9-RELEASE&interface=com.youzan.pay.assetcenter.api.AcquireOrderService&logger=slf4j&methods=payNotify,retryInAccount,query,create,pay,revoke&owner=pay-ucashier&pid=98319&protocol=dubbo&retries=0&revision=0.0.7-20170720-RELEASE&side=consumer&timeout=5000&timestamp=1501644728822 empty://172.17.11.56/com.youzan.pay.assetcenter.api.AcquireOrderService?application=pay-ucashier&category=routers&check=false&dubbo=3.0.9-RELEASE&interface=com.youzan.pay.assetcenter.api.AcquireOrderService&logger=slf4j&methods=payNotify,retryInAccount,query,create,pay,revoke&owner=pay-ucashier&pid=98319&protocol=dubbo&retries=0&revision=0.0.7-20170720-RELEASE&side=consumer&timeout=5000&timestamp=1501644728822 dubbo://10.9.82.150:28094?application=pay-assetcenter&interface=com.youzan.pay.assetcenter.api.AcquireOrderService&methods=payNotify,retryInAccount,query,pay,revoke,create,&timestamp=1501559575459&weight=100, com.youzan.pay.assetcenter.api.UnifiedOrderQueryService=empty://172.17.11.56/com.youzan.pay.assetcenter.api.UnifiedOrderQueryService?application=pay-ucashier&category=configurators&check=false&dubbo=3.0.9-RELEASE&interface=com.youzan.pay.assetcenter.api.UnifiedOrderQueryService&logger=slf4j&methods=warpQuery,query,queryById&owner=pay-ucashier&pid=98319&protocol=dubbo&revision=0.0.7-20170720-RELEASE&side=consumer&timeout=2000&timestamp=1501644730368 empty://172.17.11.56/com.youzan.pay.assetcenter.api.UnifiedOrderQueryService?application=pay-ucashier&category=routers&check=false&dubbo=3.0.9-RELEASE&interface=com.youzan.pay.assetcenter.api.UnifiedOrderQueryService&logger=slf4j&methods=warpQuery,query,queryById&owner=pay-ucashier&pid=98319&protocol=dubbo&revision=0.0.7-20170720-RELEASE&side=consumer&timeout=2000&timestamp=1501644730368 dubbo://10.9.82.150:28094?application=pay-assetcenter&interface=com.youzan.pay.assetcenter.api.UnifiedOrderQueryService&methods=warpQuery,query,queryById,&timestamp=1501559576404&weight=100, com.youzan.pay.biz.acquiring.api.AcquiringService=empty://172.17.11.56/com.youzan.pay.biz.acquiring.api.AcquiringService?application=pay-assetcenter&category=configurators&check=false&dubbo=3.0.9-RELEASE&interface=com.youzan.pay.biz.acquiring.api.AcquiringService&logger=slf4j&methods=unfreezeBalance,freezeBalance,settlement&owner=lixing&pid=84411&protocol=dubbo&retries=0&revision=0.0.9-RELEASE&side=consumer&timeout=5000&timestamp=1501219643081 empty://172.17.11.56/com.youzan.pay.biz.acquiring.api.AcquiringService?application=pay-assetcenter&category=routers&check=false&dubbo=3.0.9-RELEASE&interface=com.youzan.pay.biz.acquiring.api.AcquiringService&logger=slf4j&methods=unfreezeBalance,freezeBalance,settlement&owner=lixing&pid=84411&protocol=dubbo&retries=0&revision=0.0.9-RELEASE&side=consumer&timeout=5000&timestamp=1501219643081 dubbo://10.9.74.58:28082?application=pay-settlement&interface=com.youzan.pay.biz.acquiring.api.AcquiringService&methods=unfreezeBalance,freezeBalance,settlement,&timestamp=null&weight=100, com.youzan.pay.biz.accounting.api.AccountingService=empty://172.17.11.56/com.youzan.pay.biz.accounting.api.AccountingService?application=pay-assetcenter&category=configurators&check=false&dubbo=3.0.9-RELEASE&interface=com.youzan.pay.biz.accounting.api.AccountingService&logger=slf4j&methods=configQuery,record,startSubAccountSyncTask,recordStat&owner=lixing&pid=84411&protocol=dubbo&retries=0&revision=0.0.9-RELEASE&side=consumer&timeout=5000&timestamp=1501219641143 empty://172.17.11.56/com.youzan.pay.biz.accounting.api.AccountingService?application=pay-assetcenter&category=routers&check=false&dubbo=3.0.9-RELEASE&interface=com.youzan.pay.biz.accounting.api.AccountingService&logger=slf4j&methods=configQuery,record,startSubAccountSyncTask,recordStat&owner=lixing&pid=84411&protocol=dubbo&retries=0&revision=0.0.9-RELEASE&side=consumer&timeout=5000&timestamp=1501219641143 dubbo://10.9.74.58:28082?application=pay-settlement&interface=com.youzan.pay.biz.accounting.api.AccountingService&methods=configQuery,record,startSubAccountSyncTask,recordStat,&timestamp=null&weight=100, com.youzan.pay.customer.api.PayToolsService=empty://172.17.11.56/com.youzan.pay.customer.api.PayToolsService?application=pay-ucashier&category=configurators&check=false&dubbo=3.0.9-RELEASE&interface=com.youzan.pay.customer.api.PayToolsService&logger=slf4j&methods=getAvailablePayToolList&owner=pay-ucashier&pid=98319&protocol=dubbo&retries=0&revision=0.0.7-SNAPSHOT&side=consumer&timeout=5000&timestamp=1501644730017 empty://172.17.11.56/com.youzan.pay.customer.api.PayToolsService?application=pay-ucashier&category=routers&check=false&dubbo=3.0.9-RELEASE&interface=com.youzan.pay.customer.api.PayToolsService&logger=slf4j&methods=getAvailablePayToolList&owner=pay-ucashier&pid=98319&protocol=dubbo&retries=0&revision=0.0.7-SNAPSHOT&side=consumer&timeout=5000&timestamp=1501644730017 empty://172.17.11.56/com.youzan.pay.customer.api.PayToolsService?application=pay-ucashier&category=providers&check=false&dubbo=3.0.9-RELEASE&interface=com.youzan.pay.customer.api.PayToolsService&logger=slf4j&methods=getAvailablePayToolList&owner=pay-ucashier&pid=98319&protocol=dubbo&retries=0&revision=0.0.7-SNAPSHOT&side=consumer&timeout=5000&timestamp=1501644730017, com.youzan.account.api.UserMerchantService=empty://172.17.11.56/com.youzan.account.api.UserMerchantService?application=pay-ucashier&category=configurators&check=false&dubbo=3.0.9-RELEASE&interface=com.youzan.account.api.UserMerchantService&logger=slf4j&methods=getMerchantIdSingleUserId,queryUserIdByMerchantId,getMerchantIdsBatch&owner=pay-ucashier&pid=98319&protocol=dubbo&retries=0&revision=1.1.16-RELEASE&side=consumer&timeout=5000&timestamp=1501644730060 empty://172.17.11.56/com.youzan.account.api.UserMerchantService?application=pay-ucashier&category=routers&check=false&dubbo=3.0.9-RELEASE&interface=com.youzan.account.api.UserMerchantService&logger=slf4j&methods=getMerchantIdSingleUserId,queryUserIdByMerchantId,getMerchantIdsBatch&owner=pay-ucashier&pid=98319&protocol=dubbo&retries=0&revision=1.1.16-RELEASE&side=consumer&timeout=5000&timestamp=1501644730060 dubbo://10.9.75.207:20881?application=account&interface=com.youzan.account.api.UserMerchantService&methods=getMerchantIdSingleUserId,queryUserIdByMerchantId,getMerchantIdsBatch,&timestamp=1500086995224&weight=100 dubbo://172.17.10.8:20881?application=account&interface=com.youzan.account.api.UserMerchantService&methods=getMerchantIdSingleUserId,queryUserIdByMerchantId,getMerchantIdsBatch,&timestamp=1501644673503&weight=100, com.youzan.pay.microaccount.prepaidcard.service.TradeService=empty://172.17.11.56/com.youzan.pay.microaccount.prepaidcard.service.TradeService?application=pay-assetcenter&category=configurators&check=false&dubbo=3.0.9-RELEASE&interface=com.youzan.pay.microaccount.prepaidcard.service.TradeService&logger=slf4j&methods=queryRecharge,recharge,queryRefund,payment,queryPayment,refund&owner=lixing&pid=84411&protocol=dubbo&retries=0&revision=0.2.1-20161121.064019-5&side=consumer&timeout=5000&timestamp=1501219653560 empty://172.17.11.56/com.youzan.pay.microaccount.prepaidcard.service.TradeService?application=pay-assetcenter&category=routers&check=false&dubbo=3.0.9-RELEASE&interface=com.youzan.pay.microaccount.prepaidcard.service.TradeService&logger=slf4j&methods=queryRecharge,recharge,queryRefund,payment,queryPayment,refund&owner=lixing&pid=84411&protocol=dubbo&retries=0&revision=0.2.1-20161121.064019-5&side=consumer&timeout=5000&timestamp=1501219653560 dubbo://10.9.74.58:28087?application=pay-microaccount&interface=com.youzan.pay.microaccount.prepaidcard.service.TradeService&methods=recharge,queryRecharge,queryRefund,payment,queryPayment,refund,&timestamp=1501150486210&weight=100 nova://10.9.74.58:38087?application=pay-microaccount&interface=com.youzan.pay.microaccount.prepaidcard.service.TradeService&methods=recharge,queryRecharge,queryRefund,payment,queryPayment,refund,&timestamp=1501150486182&weight=100 nova://10.9.74.58:38087?application=pay-microaccount&interface=com.youzan.pay.microaccount.prepaidcard.service.TradeService&methods=recharge,queryRecharge,queryRefund,payment,queryPayment,refund,&timestamp=1501150486182&weight=100 nova://10.9.74.58:38087?application=pay-microaccount&interface=com.youzan.pay.microaccount.prepaidcard.service.TradeService&methods=recharge,queryRecharge,queryRefund,payment,queryPayment,refund,&timestamp=1501150486182&weight=100 nova://10.9.74.58:38087?application=pay-microaccount&interface=com.youzan.pay.microaccount.prepaidcard.service.TradeService&methods=recharge,queryRecharge,queryRefund,payment,queryPayment,refund,&timestamp=1501150486182&weight=100 nova://10.9.74.58:38087?application=pay-microaccount&interface=com.youzan.pay.microaccount.prepaidcard.service.TradeService&methods=recharge,queryRecharge,queryRefund,payment,queryPayment,refund,&timestamp=1501150486182&weight=100 nova://10.9.74.58:38087?application=pay-microaccount&interface=com.youzan.pay.microaccount.prepaidcard.service.TradeService&methods=recharge,queryRecharge,queryRefund,payment,queryPayment,refund,&timestamp=1501150486182&weight=100 nova://10.9.74.58:38087?application=pay-microaccount&interface=com.youzan.pay.microaccount.prepaidcard.service.TradeService&methods=recharge,queryRecharge,queryRefund,payment,queryPayment,refund,&timestamp=1501150486182&weight=100 nova://10.9.74.58:38087?application=pay-microaccount&interface=com.youzan.pay.microaccount.prepaidcard.service.TradeService&methods=recharge,queryRecharge,queryRefund,payment,queryPayment,refund,&timestamp=1501150486182&weight=100, com.youzan.pay.assetcenter.api.RechargeService=empty://172.17.11.56/com.youzan.pay.assetcenter.api.RechargeService?application=pay-ucashier&category=configurators&check=false&dubbo=3.0.9-RELEASE&interface=com.youzan.pay.assetcenter.api.RechargeService&logger=slf4j&methods=rechargePay,create&owner=pay-ucashier&pid=98319&protocol=dubbo&retries=0&revision=0.0.7-20170720-RELEASE&side=consumer&timeout=5000&timestamp=1501644729032 empty://172.17.11.56/com.youzan.pay.assetcenter.api.RechargeService?application=pay-ucashier&category=routers&check=false&dubbo=3.0.9-RELEASE&interface=com.youzan.pay.assetcenter.api.RechargeService&logger=slf4j&methods=rechargePay,create&owner=pay-ucashier&pid=98319&protocol=dubbo&retries=0&revision=0.0.7-20170720-RELEASE&side=consumer&timeout=5000&timestamp=1501644729032 dubbo://10.9.82.150:28094?application=pay-assetcenter&interface=com.youzan.pay.assetcenter.api.RechargeService&methods=rechargePay,create,&timestamp=1501559576665&weight=100, com.youzan.pay.assetcenter.api.UnifiedOrderService=empty://172.17.11.56/com.youzan.pay.assetcenter.api.UnifiedOrderService?application=pay-ucashier&category=configurators&check=false&dubbo=3.0.9-RELEASE&interface=com.youzan.pay.assetcenter.api.UnifiedOrderService&logger=slf4j&methods=wrapSettle,changePrice,settle,warpCreate,create&owner=pay-ucashier&pid=98319&protocol=dubbo&retries=0&revision=0.0.7-20170720-RELEASE&side=consumer&timeout=5000&timestamp=1501644730307 empty://172.17.11.56/com.youzan.pay.assetcenter.api.UnifiedOrderService?application=pay-ucashier&category=routers&check=false&dubbo=3.0.9-RELEASE&interface=com.youzan.pay.assetcenter.api.UnifiedOrderService&logger=slf4j&methods=wrapSettle,changePrice,settle,warpCreate,create&owner=pay-ucashier&pid=98319&protocol=dubbo&retries=0&revision=0.0.7-20170720-RELEASE&side=consumer&timeout=5000&timestamp=1501644730307 dubbo://10.9.82.150:28094?application=pay-assetcenter&interface=com.youzan.pay.assetcenter.api.UnifiedOrderService&methods=wrapSettle,changePrice,settle,warpCreate,create,&timestamp=1501559576704&weight=100}, nova version: 3.0.9-RELEASE, current host: 127.0.0.1
2017-08-28 17:41:17.156 [main] DEBUG com.alibaba.dubbo.common.extension.ExtensionLoader -  [Nova] package com.alibaba.dubbo.rpc.cluster;
import com.alibaba.dubbo.common.extension.ExtensionLoader;
public class RouterFactory$Adpative implements com.alibaba.dubbo.rpc.cluster.RouterFactory {
public com.alibaba.dubbo.rpc.cluster.Router getRouter(com.alibaba.dubbo.common.URL arg0) {
if (arg0 == null) throw new IllegalArgumentException("url == null");
com.alibaba.dubbo.common.URL url = arg0;
String extName = url.getProtocol();
if(extName == null) throw new IllegalStateException("Fail to get extension(com.alibaba.dubbo.rpc.cluster.RouterFactory) name from url(" + url.toString() + ") use keys([protocol])");
com.alibaba.dubbo.rpc.cluster.RouterFactory extension = (com.alibaba.dubbo.rpc.cluster.RouterFactory)ExtensionLoader.getExtensionLoader(com.alibaba.dubbo.rpc.cluster.RouterFactory.class).getExtension(extName);
return extension.getRouter(arg0);
}
}, nova version: 3.0.9-RELEASE, current host: 127.0.0.1
2017-08-28 17:41:17.170 [main] DEBUG com.alibaba.dubbo.common.extension.ExtensionLoader -  [Nova] package com.alibaba.dubbo.rpc.cluster;
import com.alibaba.dubbo.common.extension.ExtensionLoader;
public class ConfiguratorFactory$Adpative implements com.alibaba.dubbo.rpc.cluster.ConfiguratorFactory {
public com.alibaba.dubbo.rpc.cluster.Configurator getConfigurator(com.alibaba.dubbo.common.URL arg0) {
if (arg0 == null) throw new IllegalArgumentException("url == null");
com.alibaba.dubbo.common.URL url = arg0;
String extName = url.getProtocol();
if(extName == null) throw new IllegalStateException("Fail to get extension(com.alibaba.dubbo.rpc.cluster.ConfiguratorFactory) name from url(" + url.toString() + ") use keys([protocol])");
com.alibaba.dubbo.rpc.cluster.ConfiguratorFactory extension = (com.alibaba.dubbo.rpc.cluster.ConfiguratorFactory)ExtensionLoader.getExtensionLoader(com.alibaba.dubbo.rpc.cluster.ConfiguratorFactory.class).getExtension(extName);
return extension.getConfigurator(arg0);
}
}, nova version: 3.0.9-RELEASE, current host: 127.0.0.1
2017-08-28 17:41:17.187 [main] INFO  com.youzan.nova.registry.haunt.HauntRegistry -  [Nova] Register: consumer://172.17.11.56/com.youzan.pay.assetcenter.api.UnifiedPayService?application=pay-ucashier&category=consumers&check=false&dubbo=3.0.9-RELEASE&interface=com.youzan.pay.assetcenter.api.UnifiedPayService&logger=slf4j&methods=warpMultiPay,multiPay,singlePay,wrapMultiPay,wrapSinglePay&owner=pay-ucashier&pid=43551&protocol=dubbo&retries=0&revision=0.0.9-20170817-SNAPSHOT&side=consumer&timeout=5000&timestamp=1503913276303, nova version: 3.0.9-RELEASE, current host: 172.17.11.56
2017-08-28 17:41:17.188 [main] INFO  com.youzan.nova.registry.haunt.HauntRegistry -  [Nova] Subscribe: consumer://172.17.11.56/com.youzan.pay.assetcenter.api.UnifiedPayService?application=pay-ucashier&category=providers,configurators,routers&check=false&dubbo=3.0.9-RELEASE&interface=com.youzan.pay.assetcenter.api.UnifiedPayService&logger=slf4j&methods=warpMultiPay,multiPay,singlePay,wrapMultiPay,wrapSinglePay&owner=pay-ucashier&pid=43551&protocol=dubbo&retries=0&revision=0.0.9-20170817-SNAPSHOT&side=consumer&timeout=5000&timestamp=1503913276303, nova version: 3.0.9-RELEASE, current host: 172.17.11.56
2017-08-28 17:41:17.311 [main] DEBUG org.apache.http.impl.nio.client.MainClientExec - [exchange: 1] start execution
2017-08-28 17:41:17.324 [main] DEBUG org.apache.http.client.protocol.RequestAddCookies - CookieSpec selected: default
2017-08-28 17:41:17.352 [main] DEBUG org.apache.http.client.protocol.RequestAuthCache - Auth cache not set in the context
2017-08-28 17:41:17.352 [main] DEBUG org.apache.http.impl.nio.client.InternalHttpAsyncClient - [exchange: 1] Request connection for {}->http://etcd-dev.s.qima-inc.com:2379
2017-08-28 17:41:17.357 [main] DEBUG o.a.h.impl.nio.conn.PoolingNHttpClientConnectionManager - Connection request: [route: {}->http://etcd-dev.s.qima-inc.com:2379][total kept alive: 0; route allocated: 0 of 100; total allocated: 0 of 300]
2017-08-28 17:41:17.439 [I/O dispatcher 1] DEBUG o.a.h.impl.nio.conn.PoolingNHttpClientConnectionManager - Connection leased: [id: http-outgoing-0][route: {}->http://etcd-dev.s.qima-inc.com:2379][total kept alive: 0; route allocated: 1 of 100; total allocated: 1 of 300]
2017-08-28 17:41:17.441 [I/O dispatcher 1] DEBUG org.apache.http.impl.nio.client.InternalHttpAsyncClient - [exchange: 1] Connection allocated: CPoolProxy{http-outgoing-0 [ACTIVE]}
2017-08-28 17:41:17.442 [I/O dispatcher 1] DEBUG o.a.http.impl.nio.conn.ManagedNHttpClientConnectionImpl - http-outgoing-0 172.17.11.56:61321<->172.17.1.16:2379[ACTIVE][r:]: Set attribute http.nio.exchange-handler
2017-08-28 17:41:17.442 [I/O dispatcher 1] DEBUG o.a.http.impl.nio.conn.ManagedNHttpClientConnectionImpl - http-outgoing-0 172.17.11.56:61321<->172.17.1.16:2379[ACTIVE][rw:]: Event set [w]
2017-08-28 17:41:17.442 [I/O dispatcher 1] DEBUG o.a.http.impl.nio.conn.ManagedNHttpClientConnectionImpl - http-outgoing-0 172.17.11.56:61321<->172.17.1.16:2379[ACTIVE][rw:]: Set timeout 0
2017-08-28 17:41:17.443 [I/O dispatcher 1] DEBUG org.apache.http.impl.nio.client.InternalIODispatch - http-outgoing-0 [ACTIVE]: Connected
2017-08-28 17:41:17.445 [I/O dispatcher 1] DEBUG o.a.http.impl.nio.conn.ManagedNHttpClientConnectionImpl - http-outgoing-0 172.17.11.56:61321<->172.17.1.16:2379[ACTIVE][rw:]: Set attribute http.nio.http-exchange-state
2017-08-28 17:41:17.445 [I/O dispatcher 1] DEBUG org.apache.http.impl.nio.client.InternalHttpAsyncClient - Start connection routing
2017-08-28 17:41:17.447 [I/O dispatcher 1] DEBUG org.apache.http.impl.nio.client.MainClientExec - Connection route established
2017-08-28 17:41:17.447 [I/O dispatcher 1] DEBUG org.apache.http.impl.nio.client.MainClientExec - [exchange: 1] Attempt 1 to execute request
2017-08-28 17:41:17.447 [I/O dispatcher 1] DEBUG org.apache.http.impl.nio.client.MainClientExec - Target auth state: UNCHALLENGED
2017-08-28 17:41:17.448 [I/O dispatcher 1] DEBUG org.apache.http.impl.nio.client.MainClientExec - Proxy auth state: UNCHALLENGED
2017-08-28 17:41:17.449 [I/O dispatcher 1] DEBUG o.a.http.impl.nio.conn.ManagedNHttpClientConnectionImpl - http-outgoing-0 172.17.11.56:61321<->172.17.1.16:2379[ACTIVE][rw:]: Set timeout 10000
2017-08-28 17:41:17.449 [I/O dispatcher 1] DEBUG org.apache.http.headers - http-outgoing-0 >> GET /v2/keys/dubbo%3Acom.youzan.service/pay-assetcenter? HTTP/1.1
2017-08-28 17:41:17.450 [I/O dispatcher 1] DEBUG org.apache.http.headers - http-outgoing-0 >> Host: etcd-dev.s.qima-inc.com:2379
2017-08-28 17:41:17.450 [I/O dispatcher 1] DEBUG org.apache.http.headers - http-outgoing-0 >> Connection: Keep-Alive
2017-08-28 17:41:17.450 [I/O dispatcher 1] DEBUG org.apache.http.headers - http-outgoing-0 >> User-Agent: Apache-HttpAsyncClient/4.1.2 (Java/1.8.0_111)
2017-08-28 17:41:17.451 [I/O dispatcher 1] DEBUG o.a.http.impl.nio.conn.ManagedNHttpClientConnectionImpl - http-outgoing-0 172.17.11.56:61321<->172.17.1.16:2379[ACTIVE][rw:]: Event set [w]
2017-08-28 17:41:17.452 [I/O dispatcher 1] DEBUG org.apache.http.impl.nio.client.MainClientExec - [exchange: 1] Request completed
2017-08-28 17:41:17.454 [I/O dispatcher 1] DEBUG o.a.http.impl.nio.conn.ManagedNHttpClientConnectionImpl - http-outgoing-0 172.17.11.56:61321<->172.17.1.16:2379[ACTIVE][rw:w]: 188 bytes written
2017-08-28 17:41:17.454 [I/O dispatcher 1] DEBUG org.apache.http.wire - http-outgoing-0 >> "GET /v2/keys/dubbo%3Acom.youzan.service/pay-assetcenter? HTTP/1.1[\r][\n]"
2017-08-28 17:41:17.454 [I/O dispatcher 1] DEBUG org.apache.http.wire - http-outgoing-0 >> "Host: etcd-dev.s.qima-inc.com:2379[\r][\n]"
2017-08-28 17:41:17.455 [I/O dispatcher 1] DEBUG org.apache.http.wire - http-outgoing-0 >> "Connection: Keep-Alive[\r][\n]"
2017-08-28 17:41:17.455 [I/O dispatcher 1] DEBUG org.apache.http.wire - http-outgoing-0 >> "User-Agent: Apache-HttpAsyncClient/4.1.2 (Java/1.8.0_111)[\r][\n]"
2017-08-28 17:41:17.455 [I/O dispatcher 1] DEBUG org.apache.http.wire - http-outgoing-0 >> "[\r][\n]"
2017-08-28 17:41:17.455 [I/O dispatcher 1] DEBUG org.apache.http.impl.nio.client.InternalIODispatch - http-outgoing-0 [ACTIVE] Request ready
2017-08-28 17:41:17.455 [I/O dispatcher 1] DEBUG o.a.http.impl.nio.conn.ManagedNHttpClientConnectionImpl - http-outgoing-0 172.17.11.56:61321<->172.17.1.16:2379[ACTIVE][r:w]: Event cleared [w]
2017-08-28 17:41:17.457 [I/O dispatcher 1] DEBUG o.a.http.impl.nio.conn.ManagedNHttpClientConnectionImpl - http-outgoing-0 172.17.11.56:61321<->172.17.1.16:2379[ACTIVE][r:r]: 3952 bytes read
2017-08-28 17:41:17.457 [I/O dispatcher 1] DEBUG org.apache.http.wire - http-outgoing-0 << "HTTP/1.1 200 OK[\r][\n]"
2017-08-28 17:41:17.457 [I/O dispatcher 1] DEBUG org.apache.http.wire - http-outgoing-0 << "Content-Type: application/json[\r][\n]"
2017-08-28 17:41:17.457 [I/O dispatcher 1] DEBUG org.apache.http.wire - http-outgoing-0 << "X-Etcd-Cluster-Id: f3e1f8311e5e2e3b[\r][\n]"
2017-08-28 17:41:17.457 [I/O dispatcher 1] DEBUG org.apache.http.wire - http-outgoing-0 << "X-Etcd-Index: 395024520[\r][\n]"
2017-08-28 17:41:17.457 [I/O dispatcher 1] DEBUG org.apache.http.wire - http-outgoing-0 << "X-Raft-Index: 466944460[\r][\n]"
2017-08-28 17:41:17.457 [I/O dispatcher 1] DEBUG org.apache.http.wire - http-outgoing-0 << "X-Raft-Term: 39395[\r][\n]"
2017-08-28 17:41:17.457 [I/O dispatcher 1] DEBUG org.apache.http.wire - http-outgoing-0 << "Date: Mon, 28 Aug 2017 09:41:16 GMT[\r][\n]"
2017-08-28 17:41:17.458 [I/O dispatcher 1] DEBUG org.apache.http.wire - http-outgoing-0 << "Transfer-Encoding: chunked[\r][\n]"
2017-08-28 17:41:17.458 [I/O dispatcher 1] DEBUG org.apache.http.wire - http-outgoing-0 << "[\r][\n]"
2017-08-28 17:41:17.458 [I/O dispatcher 1] DEBUG org.apache.http.wire - http-outgoing-0 << "e85[\r][\n]"
2017-08-28 17:41:17.458 [I/O dispatcher 1] DEBUG org.apache.http.wire - http-outgoing-0 << "{"action":"get","node":{"key":"/dubbo:com.youzan.service/pay-assetcenter","dir":true,"nodes":[{"key":"/dubbo:com.youzan.service/pay-assetcenter/10.9.82.150:28094","value":"{\"Namespace\":\"com.youzan.service\",\"SrvName\":\"pay-assetcenter\",\"IP\":\"10.9.82.150\",\"Port\":28094,\"Protocol\":\"dubbo\",\"Status\":1,\"Weight\":100,\"ExtData\":\"[{\\\"language\\\":\\\"java\\\",\\\"methods\\\":[\\\"payNotify\\\",\\\"retryInAccount\\\",\\\"query\\\",\\\"pay\\\",\\\"revoke\\\",\\\"create\\\"],\\\"service\\\":\\\"com.youzan.pay.assetcenter.api.AcquireOrderService\\\",\\\"timestamp\\\":1503890764801},{\\\"language\\\":\\\"java\\\",\\\"methods\\\":[\\\"warpMultiPay\\\",\\\"multiPay\\\",\\\"singlePay\\\",\\\"wrapMultiPay\\\",\\\"batchPay\\\",\\\"wrapSinglePay\\\"],\\\"service\\\":\\\"com.youzan.pay.assetcenter.api.UnifiedPayService\\\",\\\"timestamp\\\":1503890765498},{\\\"language\\\":\\\"java\\\",\\\"methods\\\":[\\\"applyRefund\\\",\\\"applyRefundV2\\\",\\\"refundQueryV2\\\",\\\"refundQuery\\\"],\\\"service\\\":\\\"com.youzan.pay.assetcenter.api.AcquireRefundService\\\",\\\"timestamp\\\":1503890765862},{\\\"language\\\":\\\"java\\\",\\\"methods\\\":[\\\"warpQuery\\\",\\\"wrapQuery\\\",\\\"query\\\",\\\"queryById\\\"],\\\"service\\\":\\\"com.youzan.pay.assetcenter.api.UnifiedOrderQueryService\\\",\\\"timestamp\\\":1503890765918},{\\\"language\\\":\\\"java\\\",\\\"methods\\\":[\\\"heartbeat\\\"],\\\"service\\\":\\\"com.youzan.pay.assetcenter.api.HeartBeatService\\\",\\\"timestamp\\\":1503890765970},{\\\"language\\\":\\\"java\\\",\\\"methods\\\":[\\\"applyWithdraw\\\",\\\"queryWithdraw\\\"],\\\"service\\\":\\\"com.youzan.pay.assetcenter.api.AcquireWithdrawService\\\",\\\"timestamp\\\":1503890765994},{\\\"language\\\":\\\"java\\\",\\\"methods\\\":[\\\"recovery\\\"],\\\"service\\\":\\\"com.youzan.pay.assetcenter.api.RecoveryService\\\",\\\"timestamp\\\":1503890766032},{\\\"language\\\":\\\"java\\\",\\\"methods\\\":[\\\"payNotify\\\",\\\"recoveryPhpSettle\\\",\\\"preRecoveryV2\\\",\\\"recoveryTimeOut\\\",\\\"recovery\\\",\\\"recoveryWithdraw\\\",\\\"recoveryV2\\\",\\\"recoveryDelayV1\\\",\\\"recoveryRefund\\\",\\\"recoveryDelayV2\\\",\\\"dupPayRefund\\\"],\\\"service\\\":\\\"com.youzan.pay.assetcenter.api.RecoveryWatchmanService\\\",\\\"timestamp\\\":1503890766084},{\\\"language\\\":\\\"java\\\",\\\"methods\\\":[\\\"rechargePay\\\",\\\"wrapCreate\\\",\\\"create\\\",\\\"wrapRechargePay\\\"],\\\"service\\\":\\\"com.youzan.pay.assetcenter.api.RechargeService\\\",\\\"timestamp\\\":1503890766143},{\\\"language\\\":\\\"java\\\",\\\"methods\\\":[\\\"wrapCreate\\\",\\\"wrapSettle\\\",\\\"changePrice\\\",\\\"settle\\\",\\\"warpCreate\\\",\\\"create\\\"],\\\"service\\\":\\\"com.youzan.pay.assetcenter.api.UnifiedOrderService\\\",\\\"timestamp\\\":1503890766177},{\\\"language\\\":\\\"java\\\",\\\"methods\\\":[\\\"query\\\"],\\\"service\\\":\\\"com.youzan.pay.assetcenter.api.AcquireOrderQueryService\\\",\\\"timestamp\\\":1503890766212},{\\\"language\\\":\\\"java\\\",\\\"methods\\\":[\\\"load\\\",\\\"loadList\\\"],\\\"service\\\":\\\"com.youzan.pay.assetcenter.service.schedule.load.DataLoadDriver\\\",\\\"timestamp\\\":1503890766275},{\\\"language\\\":\\\"java\\\",\\\"methods\\\":[\\\"runList\\\",\\\"run\\\"],\\\"service\\\":\\\"com.youzan.pay.assetcenter.service.schedule.execute.DataExecuteDriver\\\",\\\"timestamp\\\":1503890766285},{\\\"language\\\":\\\"java\\\",\\\"methods\\\":[\\\"recover\\\"],\\\"service\\\":\\\"com.youzan.dts.server.facade.TransactionActivityRecoverService\\\",\\\"timestamp\\\":1503890766293}]\"}","expiration":"2017-08-28T09:41:39.360883881Z","ttl":23,"modifiedIndex":395024468,"createdIndex":394672612}],"modifiedIndex":52578865,"createdIndex":52578865}}[\n]"
2017-08-28 17:41:17.458 [I/O dispatcher 1] DEBUG org.apache.http.wire - http-outgoing-0 << "[\r][\n]"
2017-08-28 17:41:17.458 [I/O dispatcher 1] DEBUG org.apache.http.wire - http-outgoing-0 << "0[\r][\n]"
2017-08-28 17:41:17.458 [I/O dispatcher 1] DEBUG org.apache.http.wire - http-outgoing-0 << "[\r][\n]"
2017-08-28 17:41:17.484 [I/O dispatcher 1] DEBUG org.apache.http.headers - http-outgoing-0 << HTTP/1.1 200 OK
2017-08-28 17:41:17.485 [I/O dispatcher 1] DEBUG org.apache.http.headers - http-outgoing-0 << Content-Type: application/json
2017-08-28 17:41:17.485 [I/O dispatcher 1] DEBUG org.apache.http.headers - http-outgoing-0 << X-Etcd-Cluster-Id: f3e1f8311e5e2e3b
2017-08-28 17:41:17.485 [I/O dispatcher 1] DEBUG org.apache.http.headers - http-outgoing-0 << X-Etcd-Index: 395024520
2017-08-28 17:41:17.485 [I/O dispatcher 1] DEBUG org.apache.http.headers - http-outgoing-0 << X-Raft-Index: 466944460
2017-08-28 17:41:17.485 [I/O dispatcher 1] DEBUG org.apache.http.headers - http-outgoing-0 << X-Raft-Term: 39395
2017-08-28 17:41:17.485 [I/O dispatcher 1] DEBUG org.apache.http.headers - http-outgoing-0 << Date: Mon, 28 Aug 2017 09:41:16 GMT
2017-08-28 17:41:17.485 [I/O dispatcher 1] DEBUG org.apache.http.headers - http-outgoing-0 << Transfer-Encoding: chunked
2017-08-28 17:41:17.485 [I/O dispatcher 1] DEBUG org.apache.http.impl.nio.client.InternalIODispatch - http-outgoing-0 [ACTIVE(3729)] Response received
2017-08-28 17:41:17.485 [I/O dispatcher 1] DEBUG org.apache.http.impl.nio.client.MainClientExec - [exchange: 1] Response received HTTP/1.1 200 OK
2017-08-28 17:41:17.494 [I/O dispatcher 1] DEBUG org.apache.http.impl.nio.client.InternalIODispatch - http-outgoing-0 [ACTIVE(3729)] Input ready
2017-08-28 17:41:17.494 [I/O dispatcher 1] DEBUG org.apache.http.impl.nio.client.MainClientExec - [exchange: 1] Consume content
2017-08-28 17:41:17.495 [I/O dispatcher 1] DEBUG o.a.http.impl.nio.conn.ManagedNHttpClientConnectionImpl - http-outgoing-0 172.17.11.56:61321<->172.17.1.16:2379[ACTIVE][r:r]: 0 bytes read
2017-08-28 17:41:17.495 [I/O dispatcher 1] DEBUG o.a.http.impl.nio.conn.ManagedNHttpClientConnectionImpl - http-outgoing-0 172.17.11.56:61321<->172.17.1.16:2379[ACTIVE][r:r]: 0 bytes read
2017-08-28 17:41:17.495 [I/O dispatcher 1] DEBUG o.a.http.impl.nio.conn.ManagedNHttpClientConnectionImpl - http-outgoing-0 172.17.11.56:61321<->172.17.1.16:2379[ACTIVE][r:r]: 0 bytes read
2017-08-28 17:41:17.497 [I/O dispatcher 1] DEBUG org.apache.http.impl.nio.client.InternalHttpAsyncClient - [exchange: 1] Connection can be kept alive indefinitely
2017-08-28 17:41:17.500 [I/O dispatcher 1] DEBUG org.apache.http.impl.nio.client.MainClientExec - [exchange: 1] Response processed
2017-08-28 17:41:17.501 [I/O dispatcher 1] DEBUG org.apache.http.impl.nio.client.InternalHttpAsyncClient - [exchange: 1] releasing connection
2017-08-28 17:41:17.501 [I/O dispatcher 1] DEBUG o.a.http.impl.nio.conn.ManagedNHttpClientConnectionImpl - http-outgoing-0 172.17.11.56:61321<->172.17.1.16:2379[ACTIVE][r:r]: Remove attribute http.nio.exchange-handler
2017-08-28 17:41:17.501 [I/O dispatcher 1] DEBUG o.a.h.impl.nio.conn.PoolingNHttpClientConnectionManager - Releasing connection: [id: http-outgoing-0][route: {}->http://etcd-dev.s.qima-inc.com:2379][total kept alive: 0; route allocated: 1 of 100; total allocated: 1 of 300]
2017-08-28 17:41:17.501 [I/O dispatcher 1] DEBUG o.a.h.impl.nio.conn.PoolingNHttpClientConnectionManager - Connection [id: http-outgoing-0][route: {}->http://etcd-dev.s.qima-inc.com:2379] can be kept alive indefinitely
2017-08-28 17:41:17.501 [I/O dispatcher 1] DEBUG o.a.http.impl.nio.conn.ManagedNHttpClientConnectionImpl - http-outgoing-0 172.17.11.56:61321<->172.17.1.16:2379[ACTIVE][r:r]: Set timeout 0
2017-08-28 17:41:17.501 [I/O dispatcher 1] DEBUG o.a.h.impl.nio.conn.PoolingNHttpClientConnectionManager - Connection released: [id: http-outgoing-0][route: {}->http://etcd-dev.s.qima-inc.com:2379][total kept alive: 1; route allocated: 1 of 100; total allocated: 1 of 300]
2017-08-28 17:41:17.511 [I/O dispatcher 1] DEBUG org.apache.http.impl.nio.client.InternalIODispatch - http-outgoing-0 [ACTIVE] [chunk-coded; completed: true]
2017-08-28 17:41:17.816 [main] INFO  com.youzan.nova.registry.haunt.HauntRegistryContainer - subscribe service dubbo:com.youzan.service/pay-assetcenter
2017-08-28 17:41:17.817 [main] DEBUG org.apache.http.impl.nio.client.MainClientExec - [exchange: 2] start execution
2017-08-28 17:41:17.817 [EtcdEventThread-1] DEBUG com.youzan.platform.haunt.core.EtcdConnector - haunt watch url is http://etcd-dev.s.qima-inc.com:2379/v2/keys/dubbo%3Acom.youzan.service/pay-assetcenter?wait=true&waitIndex=0&recursive=true
2017-08-28 17:41:17.817 [EtcdEventThread-1] DEBUG org.apache.http.impl.nio.client.MainClientExec - [exchange: 3] start execution
2017-08-28 17:41:17.818 [main] DEBUG org.apache.http.client.protocol.RequestAddCookies - CookieSpec selected: default
2017-08-28 17:41:17.818 [main] DEBUG org.apache.http.client.protocol.RequestAuthCache - Auth cache not set in the context
2017-08-28 17:41:17.818 [main] DEBUG org.apache.http.impl.nio.client.InternalHttpAsyncClient - [exchange: 2] Request connection for {}->http://etcd-dev.s.qima-inc.com:2379
2017-08-28 17:41:17.818 [main] DEBUG o.a.h.impl.nio.conn.PoolingNHttpClientConnectionManager - Connection request: [route: {}->http://etcd-dev.s.qima-inc.com:2379][total kept alive: 1; route allocated: 1 of 100; total allocated: 1 of 300]
2017-08-28 17:41:17.819 [main] DEBUG o.a.http.impl.nio.conn.ManagedNHttpClientConnectionImpl - http-outgoing-0 172.17.11.56:61321<->172.17.1.16:2379[ACTIVE][r:r]: Set timeout 0
2017-08-28 17:41:17.819 [main] DEBUG o.a.h.impl.nio.conn.PoolingNHttpClientConnectionManager - Connection leased: [id: http-outgoing-0][route: {}->http://etcd-dev.s.qima-inc.com:2379][total kept alive: 0; route allocated: 1 of 100; total allocated: 1 of 300]
2017-08-28 17:41:17.820 [main] DEBUG org.apache.http.impl.nio.client.InternalHttpAsyncClient - [exchange: 2] Connection allocated: CPoolProxy{http-outgoing-0 [ACTIVE]}
2017-08-28 17:41:17.821 [main] DEBUG o.a.http.impl.nio.conn.ManagedNHttpClientConnectionImpl - http-outgoing-0 172.17.11.56:61321<->172.17.1.16:2379[ACTIVE][r:r]: Set attribute http.nio.exchange-handler
2017-08-28 17:41:17.822 [main] DEBUG o.a.http.impl.nio.conn.ManagedNHttpClientConnectionImpl - http-outgoing-0 172.17.11.56:61321<->172.17.1.16:2379[ACTIVE][rw:r]: Event set [w]
2017-08-28 17:41:17.822 [I/O dispatcher 1] DEBUG org.apache.http.impl.nio.client.InternalIODispatch - http-outgoing-0 [ACTIVE] Request ready
2017-08-28 17:41:17.822 [I/O dispatcher 1] DEBUG org.apache.http.impl.nio.client.InternalHttpAsyncClient - Connection route already established
2017-08-28 17:41:17.822 [I/O dispatcher 1] DEBUG org.apache.http.impl.nio.client.MainClientExec - [exchange: 2] Attempt 1 to execute request
2017-08-28 17:41:17.822 [I/O dispatcher 1] DEBUG org.apache.http.impl.nio.client.MainClientExec - Target auth state: UNCHALLENGED
2017-08-28 17:41:17.823 [I/O dispatcher 1] DEBUG org.apache.http.impl.nio.client.MainClientExec - Proxy auth state: UNCHALLENGED
2017-08-28 17:41:17.823 [EtcdEventThread-1] DEBUG org.apache.http.client.protocol.RequestAddCookies - CookieSpec selected: default
2017-08-28 17:41:17.823 [I/O dispatcher 1] DEBUG o.a.http.impl.nio.conn.ManagedNHttpClientConnectionImpl - http-outgoing-0 172.17.11.56:61321<->172.17.1.16:2379[ACTIVE][rw:w]: Set timeout 10000
2017-08-28 17:41:17.823 [I/O dispatcher 1] DEBUG org.apache.http.headers - http-outgoing-0 >> GET /v2/keys/dubbo%3Acom.youzan.service/pay-customer? HTTP/1.1
2017-08-28 17:41:17.823 [EtcdEventThread-1] DEBUG org.apache.http.client.protocol.RequestAuthCache - Auth cache not set in the context
2017-08-28 17:41:17.823 [I/O dispatcher 1] DEBUG org.apache.http.headers - http-outgoing-0 >> Host: etcd-dev.s.qima-inc.com:2379
2017-08-28 17:41:17.823 [EtcdEventThread-1] DEBUG org.apache.http.impl.nio.client.InternalHttpAsyncClient - [exchange: 3] Request connection for {}->http://etcd-dev.s.qima-inc.com:2379
2017-08-28 17:41:17.823 [I/O dispatcher 1] DEBUG org.apache.http.headers - http-outgoing-0 >> Connection: Keep-Alive
2017-08-28 17:41:17.823 [I/O dispatcher 1] DEBUG org.apache.http.headers - http-outgoing-0 >> User-Agent: Apache-HttpAsyncClient/4.1.2 (Java/1.8.0_111)
2017-08-28 17:41:17.823 [EtcdEventThread-1] DEBUG o.a.h.impl.nio.conn.PoolingNHttpClientConnectionManager - Connection request: [route: {}->http://etcd-dev.s.qima-inc.com:2379][total kept alive: 0; route allocated: 1 of 100; total allocated: 1 of 300]
2017-08-28 17:41:17.823 [I/O dispatcher 1] DEBUG o.a.http.impl.nio.conn.ManagedNHttpClientConnectionImpl - http-outgoing-0 172.17.11.56:61321<->172.17.1.16:2379[ACTIVE][rw:w]: Event set [w]
2017-08-28 17:41:17.823 [I/O dispatcher 1] DEBUG org.apache.http.impl.nio.client.MainClientExec - [exchange: 2] Request completed
2017-08-28 17:41:17.824 [I/O dispatcher 1] DEBUG o.a.http.impl.nio.conn.ManagedNHttpClientConnectionImpl - http-outgoing-0 172.17.11.56:61321<->172.17.1.16:2379[ACTIVE][rw:w]: 185 bytes written
2017-08-28 17:41:17.824 [I/O dispatcher 1] DEBUG org.apache.http.wire - http-outgoing-0 >> "GET /v2/keys/dubbo%3Acom.youzan.service/pay-customer? HTTP/1.1[\r][\n]"
2017-08-28 17:41:17.824 [I/O dispatcher 1] DEBUG org.apache.http.wire - http-outgoing-0 >> "Host: etcd-dev.s.qima-inc.com:2379[\r][\n]"
2017-08-28 17:41:17.824 [I/O dispatcher 1] DEBUG org.apache.http.wire - http-outgoing-0 >> "Connection: Keep-Alive[\r][\n]"
2017-08-28 17:41:17.824 [I/O dispatcher 1] DEBUG org.apache.http.wire - http-outgoing-0 >> "User-Agent: Apache-HttpAsyncClient/4.1.2 (Java/1.8.0_111)[\r][\n]"
2017-08-28 17:41:17.824 [I/O dispatcher 1] DEBUG org.apache.http.wire - http-outgoing-0 >> "[\r][\n]"
2017-08-28 17:41:17.824 [I/O dispatcher 1] DEBUG org.apache.http.impl.nio.client.InternalIODispatch - http-outgoing-0 [ACTIVE] Request ready
2017-08-28 17:41:17.824 [I/O dispatcher 1] DEBUG o.a.http.impl.nio.conn.ManagedNHttpClientConnectionImpl - http-outgoing-0 172.17.11.56:61321<->172.17.1.16:2379[ACTIVE][r:w]: Event cleared [w]
2017-08-28 17:41:17.825 [I/O dispatcher 2] DEBUG o.a.h.impl.nio.conn.PoolingNHttpClientConnectionManager - Connection leased: [id: http-outgoing-1][route: {}->http://etcd-dev.s.qima-inc.com:2379][total kept alive: 0; route allocated: 2 of 100; total allocated: 2 of 300]
2017-08-28 17:41:17.826 [I/O dispatcher 2] DEBUG org.apache.http.impl.nio.client.InternalHttpAsyncClient - [exchange: 3] Connection allocated: CPoolProxy{http-outgoing-1 [ACTIVE]}
2017-08-28 17:41:17.826 [I/O dispatcher 2] DEBUG o.a.http.impl.nio.conn.ManagedNHttpClientConnectionImpl - http-outgoing-1 172.17.11.56:61327<->172.17.1.16:2379[ACTIVE][r:]: Set attribute http.nio.exchange-handler
2017-08-28 17:41:17.826 [I/O dispatcher 1] DEBUG o.a.http.impl.nio.conn.ManagedNHttpClientConnectionImpl - http-outgoing-0 172.17.11.56:61321<->172.17.1.16:2379[ACTIVE][r:r]: 1448 bytes read
2017-08-28 17:41:17.826 [I/O dispatcher 2] DEBUG o.a.http.impl.nio.conn.ManagedNHttpClientConnectionImpl - http-outgoing-1 172.17.11.56:61327<->172.17.1.16:2379[ACTIVE][rw:]: Event set [w]
2017-08-28 17:41:17.826 [I/O dispatcher 1] DEBUG org.apache.http.wire - http-outgoing-0 << "HTTP/1.1 200 OK[\r][\n]"
2017-08-28 17:41:17.826 [I/O dispatcher 2] DEBUG o.a.http.impl.nio.conn.ManagedNHttpClientConnectionImpl - http-outgoing-1 172.17.11.56:61327<->172.17.1.16:2379[ACTIVE][rw:]: Set timeout 0
2017-08-28 17:41:17.826 [I/O dispatcher 1] DEBUG org.apache.http.wire - http-outgoing-0 << "Content-Type: application/json[\r][\n]"
2017-08-28 17:41:17.826 [I/O dispatcher 2] DEBUG org.apache.http.impl.nio.client.InternalIODispatch - http-outgoing-1 [ACTIVE]: Connected
2017-08-28 17:41:17.827 [I/O dispatcher 1] DEBUG org.apache.http.wire - http-outgoing-0 << "X-Etcd-Cluster-Id: f3e1f8311e5e2e3b[\r][\n]"
2017-08-28 17:41:17.827 [I/O dispatcher 2] DEBUG o.a.http.impl.nio.conn.ManagedNHttpClientConnectionImpl - http-outgoing-1 172.17.11.56:61327<->172.17.1.16:2379[ACTIVE][rw:]: Set attribute http.nio.http-exchange-state
2017-08-28 17:41:17.827 [I/O dispatcher 1] DEBUG org.apache.http.wire - http-outgoing-0 << "X-Etcd-Index: 395024529[\r][\n]"
2017-08-28 17:41:17.827 [I/O dispatcher 2] DEBUG org.apache.http.impl.nio.client.InternalHttpAsyncClient - Start connection routing
2017-08-28 17:41:17.827 [I/O dispatcher 1] DEBUG org.apache.http.wire - http-outgoing-0 << "X-Raft-Index: 466944470[\r][\n]"
2017-08-28 17:41:17.827 [I/O dispatcher 2] DEBUG org.apache.http.impl.nio.client.MainClientExec - Connection route established
2017-08-28 17:41:17.827 [I/O dispatcher 1] DEBUG org.apache.http.wire - http-outgoing-0 << "X-Raft-Term: 39395[\r][\n]"
2017-08-28 17:41:17.827 [I/O dispatcher 2] DEBUG org.apache.http.impl.nio.client.MainClientExec - [exchange: 3] Attempt 1 to execute request
2017-08-28 17:41:17.827 [I/O dispatcher 1] DEBUG org.apache.http.wire - http-outgoing-0 << "Date: Mon, 28 Aug 2017 09:41:17 GMT[\r][\n]"
2017-08-28 17:41:17.827 [I/O dispatcher 2] DEBUG org.apache.http.impl.nio.client.MainClientExec - Target auth state: UNCHALLENGED
2017-08-28 17:41:17.828 [I/O dispatcher 1] DEBUG org.apache.http.wire - http-outgoing-0 << "Transfer-Encoding: chunked[\r][\n]"
2017-08-28 17:41:17.828 [I/O dispatcher 2] DEBUG org.apache.http.impl.nio.client.MainClientExec - Proxy auth state: UNCHALLENGED
2017-08-28 17:41:17.828 [I/O dispatcher 1] DEBUG org.apache.http.wire - http-outgoing-0 << "[\r][\n]"
2017-08-28 17:41:17.828 [I/O dispatcher 2] DEBUG o.a.http.impl.nio.conn.ManagedNHttpClientConnectionImpl - http-outgoing-1 172.17.11.56:61327<->172.17.1.16:2379[ACTIVE][rw:]: Set timeout 10000
2017-08-28 17:41:17.828 [I/O dispatcher 1] DEBUG org.apache.http.wire - http-outgoing-0 << "4de8[\r][\n]"
2017-08-28 17:41:17.828 [I/O dispatcher 2] DEBUG org.apache.http.headers - http-outgoing-1 >> GET /v2/keys/dubbo%3Acom.youzan.service/pay-assetcenter?wait=true&waitIndex=0&recursive=true HTTP/1.1
2017-08-28 17:41:17.828 [I/O dispatcher 1] DEBUG org.apache.http.wire - http-outgoing-0 << "{"action":"get","node":{"key":"/dubbo:com.youzan.service/pay-customer","dir":true,"nodes":[{"key":"/dubbo:com.youzan.service/pay-customer/172.16.8.185:28081","value":"{\"Namespace\":\"com.youzan.service\",\"SrvName\":\"pay-customer\",\"IP\":\"172.16.8.185\",\"Port\":28081,\"Protocol\":\"dubbo\",\"Status\":1,\"Weight\":100,\"ExtData\":\"[{\\\"language\\\":\\\"java\\\",\\\"methods\\\":[\\\"updateMerchantAuthenticationInfoByAppId\\\",\\\"queryMerchantAuthenticationInfoByAppId\\\"],\\\"service\\\":\\\"com.youzan.pay.customer.api.AuthenticationService\\\",\\\"timestamp\\\":1503899410219},{\\\"language\\\":\\\"java\\\",\\\"methods\\\":[\\\"bindQuackPayCard\\\",\\\"getBoundBankCard\\\",\\\"bindCard_2_0_0\\\",\\\"unbindQuickPayCard\\\",\\\"bindCard\\\",\\\"queryBoundQuickPayCard\\\"],\\\"service\\\":\\\"com.youzan.pay.customer.api.BankCardService\\\",\\\"timestamp\\\":1503899411797},{\\\"language\\\":\\\"java\\\",\\\"methods\\\":[\\\"bankConfig\\\",\\\"setDefaultCard\\\",\\\"selectCard\\\",\\\"createWithdrawCard\\\",\\\"getCard\\\",\\\"deleteCard\\\",\\\"updateWithdrawCard\\\"],\\\"service\\\":\\\"com.youzan.pay.customer.api.service.withdraw.WithdrawCardService\\\",\\\"timestamp\\\":1503899413130},{\\\"langu"
2017-08-28 17:41:17.828 [I/O dispatcher 2] DEBUG org.apache.http.headers - http-outgoing-1 >> Host: etcd-dev.s.qima-inc.com:2379
2017-08-28 17:41:17.829 [I/O dispatcher 2] DEBUG org.apache.http.headers - http-outgoing-1 >> Connection: Keep-Alive
2017-08-28 17:41:17.829 [I/O dispatcher 1] DEBUG org.apache.http.headers - http-outgoing-0 << HTTP/1.1 200 OK
2017-08-28 17:41:17.829 [I/O dispatcher 2] DEBUG org.apache.http.headers - http-outgoing-1 >> User-Agent: Apache-HttpAsyncClient/4.1.2 (Java/1.8.0_111)
2017-08-28 17:41:17.829 [I/O dispatcher 1] DEBUG org.apache.http.headers - http-outgoing-0 << Content-Type: application/json
2017-08-28 17:41:17.830 [I/O dispatcher 2] DEBUG o.a.http.impl.nio.conn.ManagedNHttpClientConnectionImpl - http-outgoing-1 172.17.11.56:61327<->172.17.1.16:2379[ACTIVE][rw:]: Event set [w]
2017-08-28 17:41:17.830 [I/O dispatcher 1] DEBUG org.apache.http.headers - http-outgoing-0 << X-Etcd-Cluster-Id: f3e1f8311e5e2e3b
2017-08-28 17:41:17.830 [I/O dispatcher 2] DEBUG org.apache.http.impl.nio.client.MainClientExec - [exchange: 3] Request completed
2017-08-28 17:41:17.830 [I/O dispatcher 1] DEBUG org.apache.http.headers - http-outgoing-0 << X-Etcd-Index: 395024529
2017-08-28 17:41:17.830 [I/O dispatcher 1] DEBUG org.apache.http.headers - http-outgoing-0 << X-Raft-Index: 466944470
2017-08-28 17:41:17.830 [I/O dispatcher 1] DEBUG org.apache.http.headers - http-outgoing-0 << X-Raft-Term: 39395
2017-08-28 17:41:17.830 [I/O dispatcher 1] DEBUG org.apache.http.headers - http-outgoing-0 << Date: Mon, 28 Aug 2017 09:41:17 GMT
2017-08-28 17:41:17.830 [I/O dispatcher 1] DEBUG org.apache.http.headers - http-outgoing-0 << Transfer-Encoding: chunked
2017-08-28 17:41:17.830 [I/O dispatcher 1] DEBUG org.apache.http.impl.nio.client.InternalIODispatch - http-outgoing-0 [ACTIVE(1225)] Response received
2017-08-28 17:41:17.830 [I/O dispatcher 1] DEBUG org.apache.http.impl.nio.client.MainClientExec - [exchange: 2] Response received HTTP/1.1 200 OK
2017-08-28 17:41:17.830 [I/O dispatcher 2] DEBUG o.a.http.impl.nio.conn.ManagedNHttpClientConnectionImpl - http-outgoing-1 172.17.11.56:61327<->172.17.1.16:2379[ACTIVE][rw:w]: 224 bytes written
2017-08-28 17:41:17.830 [I/O dispatcher 2] DEBUG org.apache.http.wire - http-outgoing-1 >> "GET /v2/keys/dubbo%3Acom.youzan.service/pay-assetcenter?wait=true&waitIndex=0&recursive=true HTTP/1.1[\r][\n]"
2017-08-28 17:41:17.830 [I/O dispatcher 2] DEBUG org.apache.http.wire - http-outgoing-1 >> "Host: etcd-dev.s.qima-inc.com:2379[\r][\n]"
2017-08-28 17:41:17.830 [I/O dispatcher 1] DEBUG org.apache.http.impl.nio.client.InternalIODispatch - http-outgoing-0 [ACTIVE(1225)] Input ready
2017-08-28 17:41:17.830 [I/O dispatcher 2] DEBUG org.apache.http.wire - http-outgoing-1 >> "Connection: Keep-Alive[\r][\n]"
2017-08-28 17:41:17.831 [I/O dispatcher 2] DEBUG org.apache.http.wire - http-outgoing-1 >> "User-Agent: Apache-HttpAsyncClient/4.1.2 (Java/1.8.0_111)[\r][\n]"
2017-08-28 17:41:17.830 [I/O dispatcher 1] DEBUG org.apache.http.impl.nio.client.MainClientExec - [exchange: 2] Consume content
2017-08-28 17:41:17.831 [I/O dispatcher 2] DEBUG org.apache.http.wire - http-outgoing-1 >> "[\r][\n]"
2017-08-28 17:41:17.831 [I/O dispatcher 1] DEBUG o.a.http.impl.nio.conn.ManagedNHttpClientConnectionImpl - http-outgoing-0 172.17.11.56:61321<->172.17.1.16:2379[ACTIVE][r:r]: 6967 bytes read
2017-08-28 17:41:17.831 [I/O dispatcher 2] DEBUG org.apache.http.impl.nio.client.InternalIODispatch - http-outgoing-1 [ACTIVE] Request ready
2017-08-28 17:41:17.831 [I/O dispatcher 2] DEBUG o.a.http.impl.nio.conn.ManagedNHttpClientConnectionImpl - http-outgoing-1 172.17.11.56:61327<->172.17.1.16:2379[ACTIVE][r:w]: Event cleared [w]
2017-08-28 17:41:17.832 [I/O dispatcher 1] DEBUG org.apache.http.wire - http-outgoing-0 << "age\\\":\\\"java\\\",\\\"methods\\\":[\\\"regMerchant\\\",\\\"regMerchantUser\\\"],\\\"service\\\":\\\"com.youzan.pay.customer.api.BusinessRegService\\\",\\\"timestamp\\\":1503899413496},{\\\"language\\\":\\\"java\\\",\\\"methods\\\":[\\\"rechargeQuery\\\",\\\"recharge\\\",\\\"applyWithdraw\\\",\\\"queryWithdrawBaseInfo\\\"],\\\"service\\\":\\\"com.youzan.pay.customer.api.FundOperationService\\\",\\\"timestamp\\\":1503899413894},{\\\"language\\\":\\\"java\\\",\\\"methods\\\":[\\\"getMerchantBillSummaryDaily\\\",\\\"getMerchantAvailableBalance\\\",\\\"getMerchantBillSummaryMonthly\\\",\\\"getMerchantBillSummaryDetail\\\",\\\"getAccountStat\\\"],\\\"service\\\":\\\"com.youzan.pay.customer.api.MerchantAccountService\\\",\\\"timestamp\\\":1503899414552},{\\\"language\\\":\\\"java\\\",\\\"methods\\\":[\\\"updateContactsInfo\\\",\\\"updateBaseInfo\\\",\\\"getMerchantSecurityInfo\\\",\\\"getMerchantProductInfo\\\",\\\"updateMerchantSignKey\\\",\\\"getMerchantCompanyInfo\\\",\\\"getMerchantBaseInfo\\\",\\\"getMerchantBusinessInfo\\\",\\\"querySubMerchantName\\\"],\\\"service\\\":\\\"com.youzan.pay.customer.api.MerchantInfoService\\\",\\\"timestamp\\\":1503899415263},{\\\"language\\\":\\\"java\\\",\\\"methods\\\":[\\\"merchantTradeQuery\\\",\\\"queryTop10SubMerchantInfo\\\",\\\"getMerchantSalesStatInfo\\\"],\\\"service\\\":\\\"com.youzan.pay.customer.api.MerchantTradeService\\\",\\\"timestamp\\\":1503899415704},{\\\"language\\\":\\\"java\\\",\\\"methods\\\":[\\\"resetPassword\\\",\\\"logout\\\",\\\"getMchIds\\\",\\\"resetPasswordMail\\\",\\\"verify\\\",\\\"login\\\"],\\\"service\\\":\\\"com.youzan.pay.customer.api.MerchantLoginService\\\",\\\"timestamp\\\":1503899416089},{\\\"language\\\":\\\"java\\\",\\\"methods\\\":[\\\"openServiceMerchant\\\",\\\"openSubMerchant\\\",\\\"querySubMerchantNo\\\"],\\\"service\\\":\\\"com.youzan.pay.customer.api.MerchantService\\\",\\\"timestamp\\\":1503899416457},{\\\"language\\\":\\\"java\\\",\\\"methods\\\":[\\\"loginByDeveloper\\\",\\\"checkVerifyCode\\\",\\\"sendVerifyCode\\\"],\\\"service\\\":\\\"com.youzan.pay.customer.api.LoginService\\\",\\\"timestamp\\\":1503899416823},{\\\"language\\\":\\\"java\\\",\\\"methods\\\":[\\\"queryWeixinDomainHttpsOpen\\\",\\\"queryWeixinSelfPaymentParams\\\",\\\"configWeixinSelfPaymentParams\\\",\\\"setPaymentSwitchForce\\\",\\\"setPaymentSwitchForService\\\",\\\"setPaymentSwitchForWX\\\",\\\"getPaymentConfig\\\",\\\"changePaymentSwitchForWX\\\",\\\"isWeixinSelfPaymentOpen\\\",\\\"setPaymentSwitchSelf\\\"],\\\"service\\\":\\\"com.youzan.pay.customer.api.MerchantPaymentConfigService\\\",\\\"timestamp\\\":1503899417459},{\\\"language\\\":\\\"java\\\",\\\"methods\\\":[\\\"getExportTasks\\\",\\\"submitExportTask\\\"],\\\"service\\\":\\\"com.youzan.pay.customer.api.MerchantStatementService\\\",\\\"timestamp\\\":1503899419442},{\\\"language\\\":\\\"java\\\",\\\"methods\\\":[\\\"getMerchantStatus\\\"],\\\"service\\\":\\\"com.youzan.pay.customer.api.MerchantStatusService\\\",\\\"timestamp\\\":1503899419827},{\\\"language\\\":\\\"java\\\",\\\"methods\\\":[\\\"openSubMerchant\\\"],\\\"service\\\":\\\"com.youzan.pay.customer.api.openapi.OpenApi\\\",\\\"timestamp\\\":1503899420246},{\\\"language\\\":\\\"java\\\",\\\"methods\\\":[\\\"selectByNo\\\",\\\"heartbeat\\\",\\\"getUser\\\",\\\"createUser\\\",\\\"generateUser\\\",\\\"selectByTarget\\\"],\\\"service\\\":\\\"com.youzan.pay.customer.api.service.UserService\\\",\\\"timestamp\\\":1503899420952},{\\\"language\\\":\\\"java\\\",\\\"methods\\\":[\\\"saveContract\\\",\\\"queryContract\\\"],\\\"service\\\":\\\"com.youzan.pay.customer.api.MerchantContractService\\\",\\\"timestamp\\\":1503899421340},{\\\"language\\\":\\\"java\\\",\\\"methods\\\":[\\\"signMerchantContract\\\",\\\"queryMerchantSignContractInfo\\\"],\\\"service\\\":\\\"com.youzan.pay.customer.api.MerchantSignContractService\\\",\\\"timestamp\\\":1503899421756},{\\\"language\\\":\\\"java\\\",\\\"methods\\\":[\\\"processProductContractStatus\\\",\\\"processRepairTask\\\"],\\\"service\\\":\\\"com.youzan.pay.customer.api.ScheduledJobService\\\",\\\"timestamp\\\":1503899422121},{\\\"language\\\":\\\"java\\\",\\\"methods\\\":[\\\"queryEffectiveContract\\\",\\\"signContract\\\",\\\"batchSignContract\\\",\\\"batchTerminateContract\\\",\\\"terminateContract\\\"],\\\"service\\\":\\\"com.youzan.pay.customer.api.product.ContractService\\\",\\\"timestamp\\\":1503899422482},{\\\"language\\\":\\\"java\\\",\\\"methods\\\":[\\\"fetchUsableProducts\\\",\\\"createProduct\\\"],\\\"service\\\":\\\"com.youzan.pay.customer.api.product.ProductService\\\",\\\"timestamp\\\":1503899422832},{\\\"language\\\":\\\"java\\\",\\\"methods\\\":[\\\"queryConfig\\\",\\\"check\\\",\\\"queryPayTools\\\",\\\"getMerchantPublicKey\\\"],\\\"service\\\":\\\"com.youzan.pay.customer.api.MerchantConfigService\\\",\\\"timestamp\\\":1503899423180},{\\\"language\\\":\\\"java\\\",\\\"methods\\\":[\\\"getAvailablePayToolList\\\"],\\\"service\\\":\\\"com.youzan.pay.customer.api.PayToolsService\\\",\\\"timestamp\\\":1503899423630},{\\\"language\\\":\\\"java\\\",\\\"methods\\\":[\\\"authEnterprise\\\",\\\"authPersonal\\\"],\\\"service\\\":\\\"com.youzan.pay.customer.api.RealNameAuthenticationService\\\",\\\"timestamp\\\":1503899423964},{\\\"language\\\":\\\"java\\\",\\\"methods\\\":[\\\"querySignKey\\\"],\\\"service\\\":\\\"com.youzan.pay.customer.api.SignKeyService\\\",\\\"timestamp\\\":1503899424290},{\\\"language\\\":\\\"java\\\",\\\"methods\\\":[\\\"generateUserNo\\\"],\\\"service\\\":\\\"com.youzan.pay.customer.api.UserNoService\\\",\\\"timestamp\\\":1503899424615},{\\\"language\\\":\\\"java\\\",\\\"methods\\\":[\\\"fetchCodes\\\",\\\"createCode\\\"],\\\"service\\\":\\\"com.youzan.pay.customer.api.product.UnifiedBizCodeService\\\",\\\"timestamp\\\":1503899424969},{\\\"language\\\":\\\"java\\\",\\\"methods\\\":[\\\"createUserCard\\\",\\\"selectUserCard\\\"],\\\"service\\\":\\\"com.youzan.pay.customer.api.service.UserCardService\\\",\\\"timestamp\\\":1503899425600}]\"}","expiration":"2017-08-28T09:41:38.371354534Z","ttl":22,"modifiedIndex":395024446,"createdIndex":394851300},{"key":"/dubbo:com.youzan.service/pay-customer/00000000000239794635","value":"","modifiedIndex":239794635,"createdIndex":239794635},{"key":"/dubbo:com.youzan.service/pay-customer/00000000000239794657","value":"","modifiedIndex":239794657,"createdIndex":239794657},{"key":"/dubbo:com.youzan.service/pay-customer/00000000000239795030","value":"","modifiedIndex":239795030,"createdIndex":239795030},{"key":"/dubbo:com.youzan.service/pay-customer/10.9.196.183:28081","value":"{\"Namespace\":\"com.youzan.service\",\"SrvName\":\"pay-customer\",\"IP\":\"10.9.196.183\",\"Port\":28081,\"Protocol\":\"dubbo\",\"Status\":1,\"Weight\":100,\"ExtData\":\"[{\\\"language\\\":\\\"java\\\",\\\"methods\\\":[\\\"loginByDeveloper\\\",\\\"loginByYop\\\",\\\"checkVerifyCode\\\",\\\"sendVerifyCode\\\"],\\\"service\\\":\\\"com.youzan.pay.customer.api.LoginService\\\",\\\"timestamp\\\":1503"
2017-08-28 17:41:17.832 [I/O dispatcher 2] DEBUG o.a.http.impl.nio.conn.ManagedNHttpClientConnectionImpl - http-outgoing-1 172.17.11.56:61327<->172.17.1.16:2379[ACTIVE][r:r]: 223 bytes read
2017-08-28 17:41:17.832 [I/O dispatcher 2] DEBUG org.apache.http.wire - http-outgoing-1 << "HTTP/1.1 200 OK[\r][\n]"
2017-08-28 17:41:17.832 [I/O dispatcher 2] DEBUG org.apache.http.wire - http-outgoing-1 << "Content-Type: application/json[\r][\n]"
2017-08-28 17:41:17.832 [I/O dispatcher 2] DEBUG org.apache.http.wire - http-outgoing-1 << "X-Etcd-Cluster-Id: f3e1f8311e5e2e3b[\r][\n]"
2017-08-28 17:41:17.832 [I/O dispatcher 2] DEBUG org.apache.http.wire - http-outgoing-1 << "X-Etcd-Index: 395024529[\r][\n]"
2017-08-28 17:41:17.832 [I/O dispatcher 1] DEBUG o.a.http.impl.nio.conn.ManagedNHttpClientConnectionImpl - http-outgoing-0 172.17.11.56:61321<->172.17.1.16:2379[ACTIVE][r:r]: 8192 bytes read
2017-08-28 17:41:17.832 [I/O dispatcher 2] DEBUG org.apache.http.wire - http-outgoing-1 << "X-Raft-Index: 466944470[\r][\n]"
2017-08-28 17:41:17.832 [I/O dispatcher 2] DEBUG org.apache.http.wire - http-outgoing-1 << "X-Raft-Term: 39395[\r][\n]"
2017-08-28 17:41:17.832 [I/O dispatcher 2] DEBUG org.apache.http.wire - http-outgoing-1 << "Date: Mon, 28 Aug 2017 09:41:17 GMT[\r][\n]"
2017-08-28 17:41:17.832 [I/O dispatcher 2] DEBUG org.apache.http.wire - http-outgoing-1 << "Transfer-Encoding: chunked[\r][\n]"
2017-08-28 17:41:17.832 [I/O dispatcher 2] DEBUG org.apache.http.wire - http-outgoing-1 << "[\r][\n]"
2017-08-28 17:41:17.833 [I/O dispatcher 2] DEBUG org.apache.http.headers - http-outgoing-1 << HTTP/1.1 200 OK
2017-08-28 17:41:17.833 [I/O dispatcher 2] DEBUG org.apache.http.headers - http-outgoing-1 << Content-Type: application/json
2017-08-28 17:41:17.833 [I/O dispatcher 1] DEBUG org.apache.http.wire - http-outgoing-0 << "886741823},{\\\"language\\\":\\\"java\\\",\\\"methods\\\":[\\\"querySignKey\\\"],\\\"service\\\":\\\"com.youzan.pay.customer.api.SignKeyService\\\",\\\"timestamp\\\":1503886741910},{\\\"language\\\":\\\"java\\\",\\\"methods\\\":[\\\"openServiceMerchant\\\",\\\"openSubMerchant\\\",\\\"querySubMerchantNo\\\"],\\\"service\\\":\\\"com.youzan.pay.customer.api.MerchantService\\\",\\\"timestamp\\\":1503886742419},{\\\"language\\\":\\\"java\\\",\\\"methods\\\":[\\\"openSubMerchant\\\"],\\\"service\\\":\\\"com.youzan.pay.customer.api.openapi.OpenApi\\\",\\\"timestamp\\\":1503886742458},{\\\"language\\\":\\\"java\\\",\\\"methods\\\":[\\\"updateMerchantAuthenticationInfoByAppId\\\",\\\"queryMerchantAuthenticationInfoByAppId\\\"],\\\"service\\\":\\\"com.youzan.pay.customer.api.AuthenticationService\\\",\\\"timestamp\\\":1503886742539},{\\\"language\\\":\\\"java\\\",\\\"methods\\\":[\\\"resetPassword\\\",\\\"logout\\\",\\\"getMchIds\\\",\\\"resetPasswordMail\\\",\\\"verify\\\",\\\"login\\\"],\\\"service\\\":\\\"com.youzan.pay.customer.api.MerchantLoginService\\\",\\\"timestamp\\\":1503886742613},{\\\"language\\\":\\\"java\\\",\\\"methods\\\":[\\\"selectByNo\\\",\\\"heartbeat\\\",\\\"getUser\\\",\\\"createUser\\\",\\\"generateUser\\\",\\\"selectByTarget\\\"],\\\"service\\\":\\\"com.youzan.pay.customer.api.service.UserService\\\",\\\"timestamp\\\":1503886743321},{\\\"language\\\":\\\"java\\\",\\\"methods\\\":[\\\"fetchCodes\\\",\\\"createCode\\\"],\\\"service\\\":\\\"com.youzan.pay.customer.api.product.UnifiedBizCodeService\\\",\\\"timestamp\\\":1503886743875},{\\\"language\\\":\\\"java\\\",\\\"methods\\\":[\\\"signMerchantContract\\\",\\\"queryMerchantSignContractInfo\\\"],\\\"service\\\":\\\"com.youzan.pay.customer.api.MerchantSignContractService\\\",\\\"timestamp\\\":1503886744026},{\\\"language\\\":\\\"java\\\",\\\"methods\\\":[\\\"updateContactsInfo\\\",\\\"updateBaseInfo\\\",\\\"getMerchantSecurityInfo\\\",\\\"getMerchantProductInfo\\\",\\\"getMerchantCompanyInfo\\\",\\\"getMerchantBaseInfo\\\",\\\"getMerchantBusinessInfo\\\"],\\\"service\\\":\\\"com.youzan.pay.customer.api.MerchantInfoService\\\",\\\"timestamp\\\":1503886744175},{\\\"language\\\":\\\"java\\\",\\\"methods\\\":[\\\"queryWeixinDomainHttpsOpen\\\",\\\"configWeixinSelfPaymentParams\\\",\\\"queryWeixinSelfPaymentParams\\\",\\\"getPaymentConfig\\\",\\\"isWeixinSelfPaymentOpen\\\",\\\"setPaymentSwitchSelf\\\"],\\\"service\\\":\\\"com.youzan.pay.customer.api.MerchantPaymentConfigService\\\",\\\"timestamp\\\":1503886744364},{\\\"language\\\":\\\"java\\\",\\\"methods\\\":[\\\"generateUserNo\\\"],\\\"service\\\":\\\"com.youzan.pay.customer.api.UserNoService\\\",\\\"timestamp\\\":1503886744397},{\\\"language\\\":\\\"java\\\",\\\"methods\\\":[\\\"fetchUsableProducts\\\",\\\"createProduct\\\"],\\\"service\\\":\\\"com.youzan.pay.customer.api.product.ProductService\\\",\\\"timestamp\\\":1503886744435},{\\\"language\\\":\\\"java\\\",\\\"methods\\\":[\\\"createUserCard\\\",\\\"selectUserCard\\\"],\\\"service\\\":\\\"com.youzan.pay.customer.api.service.UserCardService\\\",\\\"timestamp\\\":1503886744479},{\\\"language\\\":\\\"java\\\",\\\"methods\\\":[\\\"getMerchantBillSummaryDaily\\\",\\\"getMerchantAvailableBalance\\\",\\\"getMerchantBillSummaryMonthly\\\",\\\"getMerchantBillSummaryDetail\\\",\\\"getAccountStat\\\"],\\\"service\\\":\\\"com.youzan.pay.customer.api.MerchantAccountService\\\",\\\"timestamp\\\":1503886744627},{\\\"language\\\":\\\"java\\\",\\\"methods\\\":[\\\"bindQuackPayCard\\\",\\\"getBoundBankCard\\\",\\\"unbindQuickPayCard\\\",\\\"bindCard\\\",\\\"queryBoundQuickPayCard\\\"],\\\"service\\\":\\\"com.youzan.pay.customer.api.BankCardService\\\",\\\"timestamp\\\":1503886744702},{\\\"language\\\":\\\"java\\\",\\\"methods\\\":[\\\"queryEffectiveContract\\\",\\\"signContract\\\",\\\"batchSignContract\\\",\\\"batchTerminateContract\\\",\\\"terminateContract\\\"],\\\"service\\\":\\\"com.youzan.pay.customer.api.product.ContractService\\\",\\\"timestamp\\\":1503886744743},{\\\"language\\\":\\\"java\\\",\\\"methods\\\":[\\\"getAvailablePayToolList\\\"],\\\"service\\\":\\\"com.youzan.pay.customer.api.PayToolsService\\\",\\\"timestamp\\\":1503886744850},{\\\"language\\\":\\\"java\\\",\\\"methods\\\":[\\\"queryConfig\\\",\\\"check\\\",\\\"getMerchantPublicKey\\\",\\\"queryPayTools\\\"],\\\"service\\\":\\\"com.youzan.pay.customer.api.MerchantConfigService\\\",\\\"timestamp\\\":1503886744890},{\\\"language\\\":\\\"java\\\",\\\"methods\\\":[\\\"merchantTradeQuery\\\",\\\"getMerchantSalesStatInfo\\\"],\\\"service\\\":\\\"com.youzan.pay.customer.api.MerchantTradeService\\\",\\\"timestamp\\\":1503886745244},{\\\"language\\\":\\\"java\\\",\\\"methods\\\":[\\\"regMerchant\\\",\\\"regMerchantUser\\\"],\\\"service\\\":\\\"com.youzan.pay.customer.api.BusinessRegService\\\",\\\"timestamp\\\":1503886745287},{\\\"language\\\":\\\"java\\\",\\\"methods\\\":[\\\"saveContract\\\",\\\"queryContract\\\"],\\\"service\\\":\\\"com.youzan.pay.customer.api.MerchantContractService\\\",\\\"timestamp\\\":1503886745328},{\\\"language\\\":\\\"java\\\",\\\"methods\\\":[\\\"bankConfig\\\",\\\"setDefaultCard\\\",\\\"selectCard\\\",\\\"createWithdrawCard\\\",\\\"getCard\\\",\\\"deleteCard\\\",\\\"updateWithdrawCard\\\"],\\\"service\\\":\\\"com.youzan.pay.customer.api.service.withdraw.WithdrawCardService\\\",\\\"timestamp\\\":1503886745401},{\\\"language\\\":\\\"java\\\",\\\"methods\\\":[\\\"authEnterprise\\\",\\\"authPersonal\\\"],\\\"service\\\":\\\"com.youzan.pay.customer.api.RealNameAuthenticationService\\\",\\\"timestamp\\\":1503886745470},{\\\"language\\\":\\\"java\\\",\\\"methods\\\":[\\\"processProductContractStatus\\\",\\\"processRepairTask\\\"],\\\"service\\\":\\\"com.youzan.pay.customer.api.ScheduledJobService\\\",\\\"timestamp\\\":1503886745508}]\"}","expiration":"2017-08-28T09:41:39.306038816Z","ttl":23,"modifiedIndex":395024466,"createdIndex":394671064},{"key":"/dubbo:com.youzan.service/pay-customer/10.9.82.150:28081","value":"{\"Namespace\":\"com.youzan.service\",\"SrvName\":\"pay-customer\",\"IP\":\"10.9.82.150\",\"Port\":28081,\"Protocol\":\"dubbo\",\"Status\":1,\"Weight\":100,\"ExtData\":\"[{\\\"language\\\":\\\"java\\\",\\\"methods\\\":[\\\"loginByDeveloper\\\",\\\"loginByYop\\\",\\\"checkVerifyCode\\\",\\\"sendVerifyCode\\\"],\\\"service\\\":\\\"com.youzan.pay.customer.api.LoginService\\\",\\\"timestamp\\\":1499329629081},{\\\"language\\\":\\\"java\\\",\\\"methods\\\":[\\\"queryConfig\\\",\\\"check\\\",\\\"queryPayTools\\\",\\\"getMerchantPublicKey\\\"],\\\"service\\\":\\\"com.youzan.pay.customer.api.MerchantConfigService\\\",\\\"timestamp\\\":1499329629210},{\\\"language\\\":\\\"java\\\",\\\"methods\\\":[\\\"fetchCodes\\\",\\\"createCode\\\"],\\\"service\\\":\\\"com.youzan.pay.customer.api.product.UnifiedBizCodeService\\\",\\\"timestamp\\\":1499329629274},{\\\"language\\\":\\\"java\\\",\\\"methods\\\":[\\\"createUserCard\\\",\\\"selectUserCard\\\"],\\\"service\\\":\\\"com.youzan.pay.customer.api.service.UserCardService\\\",\\\"timestamp\\\":1499329629384},{\\\"language\\\":\\\"java\\\",\\\"methods\\\":[\\\"selectByNo\\\",\\\"heartbeat\\\",\\\"getUser\\\",\\\"createUser\\\",\\\"generateUser\\\",\\\"selectByTarget\\\"],\\\"service\\\":\\\"com.youzan.pay.customer.api.service.UserService\\\",\\\"timestamp\\\":1499329631305},{\\\"language\\\":\\\"java\\\",\\\"methods\\\":[\\\"signMerchantContract\\\",\\\"queryMerchantSignContractInfo\\\"],\\\"service\\\":\\\"com.youzan.pay.customer.api.MerchantSignContractService\\\",\\\"timestamp\\\":1499329631649},{\\\"language\\\":\\\"java\\\",\\\"methods\\\":[\\\"queryEffectiveContract\\\",\\\"signContract\\\",\\\"batchSignContract\\\",\\\"batchTerminateContract\\\",\\\"terminateContract\\\"],\\\"service\\\":\\\"com.youzan.pay.customer.api.product.ContractService\\\",\\\"timestamp\\\":1499329631931},{\\\"language\\\":\\\"java\\\",\\\"methods\\\":[\\\"bankConfig\\\",\\\"setDefaultCard\\\",\\\"selectCard\\\",\\\"createWithdrawCard\\\",\\\"getCard\\\",\\\"deleteCard\\\",\\\"updateWithdrawCard\\\"],\\\"service\\\":\\\"com.youzan.pay.customer.api.service.withdraw.WithdrawCardService\\\",\\\"timestamp\\\":1499329632621},{\\\"language\\\":\\\"java\\\",\\\"methods\\\":[\\\"updateM"
2017-08-28 17:41:17.833 [I/O dispatcher 2] DEBUG org.apache.http.headers - http-outgoing-1 << X-Etcd-Cluster-Id: f3e1f8311e5e2e3b
2017-08-28 17:41:17.834 [I/O dispatcher 1] DEBUG o.a.http.impl.nio.conn.ManagedNHttpClientConnectionImpl - http-outgoing-0 172.17.11.56:61321<->172.17.1.16:2379[ACTIVE][r:r]: 3573 bytes read
2017-08-28 17:41:17.834 [I/O dispatcher 2] DEBUG org.apache.http.headers - http-outgoing-1 << X-Etcd-Index: 395024529
2017-08-28 17:41:17.834 [I/O dispatcher 2] DEBUG org.apache.http.headers - http-outgoing-1 << X-Raft-Index: 466944470
2017-08-28 17:41:17.834 [I/O dispatcher 2] DEBUG org.apache.http.headers - http-outgoing-1 << X-Raft-Term: 39395
2017-08-28 17:41:17.835 [I/O dispatcher 2] DEBUG org.apache.http.headers - http-outgoing-1 << Date: Mon, 28 Aug 2017 09:41:17 GMT
2017-08-28 17:41:17.835 [I/O dispatcher 2] DEBUG org.apache.http.headers - http-outgoing-1 << Transfer-Encoding: chunked
2017-08-28 17:41:17.835 [I/O dispatcher 1] DEBUG org.apache.http.wire - http-outgoing-0 << "erchantAuthenticationInfoByAppId\\\",\\\"queryMerchantAuthenticationInfoByAppId\\\"],\\\"service\\\":\\\"com.youzan.pay.customer.api.AuthenticationService\\\",\\\"timestamp\\\":1499329633089},{\\\"language\\\":\\\"java\\\",\\\"methods\\\":[\\\"getMerchantBillSummaryDaily\\\",\\\"getMerchantAvailableBalance\\\",\\\"getMerchantBillSummaryMonthly\\\",\\\"getMerchantBillSummaryDetail\\\",\\\"getAccountStat\\\"],\\\"service\\\":\\\"com.youzan.pay.customer.api.MerchantAccountService\\\",\\\"timestamp\\\":1499329633161},{\\\"language\\\":\\\"java\\\",\\\"methods\\\":[\\\"querySignKey\\\"],\\\"service\\\":\\\"com.youzan.pay.customer.api.SignKeyService\\\",\\\"timestamp\\\":1499329633214},{\\\"language\\\":\\\"java\\\",\\\"methods\\\":[\\\"resetPassword\\\",\\\"logout\\\",\\\"getMchIds\\\",\\\"resetPasswordMail\\\",\\\"verify\\\",\\\"login\\\"],\\\"service\\\":\\\"com.youzan.pay.customer.api.MerchantLoginService\\\",\\\"timestamp\\\":1499329633338},{\\\"language\\\":\\\"java\\\",\\\"methods\\\":[\\\"fetchUsableProducts\\\",\\\"createProduct\\\"],\\\"service\\\":\\\"com.youzan.pay.customer.api.product.ProductService\\\",\\\"timestamp\\\":1499329633618},{\\\"language\\\":\\\"java\\\",\\\"methods\\\":[\\\"updateContactsInfo\\\",\\\"updateBaseInfo\\\",\\\"getMerchantSecurityInfo\\\",\\\"getMerchantProductInfo\\\",\\\"getMerchantCompanyInfo\\\",\\\"getMerchantBaseInfo\\\",\\\"getMerchantBusinessInfo\\\"],\\\"service\\\":\\\"com.youzan.pay.customer.api.MerchantInfoService\\\",\\\"timestamp\\\":1499329633805},{\\\"language\\\":\\\"java\\\",\\\"methods\\\":[\\\"merchantTradeQuery\\\",\\\"getMerchantSalesStatInfo\\\"],\\\"service\\\":\\\"com.youzan.pay.customer.api.MerchantTradeService\\\",\\\"timestamp\\\":1499329633926},{\\\"language\\\":\\\"java\\\",\\\"methods\\\":[\\\"openServiceMerchant\\\",\\\"openSubMerchant\\\",\\\"querySubMerchantNo\\\"],\\\"service\\\":\\\"com.youzan.pay.customer.api.MerchantService\\\",\\\"timestamp\\\":1499329634057},{\\\"language\\\":\\\"java\\\",\\\"methods\\\":[\\\"openSubMerchant\\\"],\\\"service\\\":\\\"com.youzan.pay.customer.api.openapi.OpenApi\\\",\\\"timestamp\\\":1499329634097},{\\\"language\\\":\\\"java\\\",\\\"methods\\\":[\\\"getBoundBankCard\\\",\\\"bindQuackPayCard\\\",\\\"unbindQuickPayCard\\\",\\\"bindCard\\\",\\\"queryBoundQuickPayCard\\\"],\\\"service\\\":\\\"com.youzan.pay.customer.api.BankCardService\\\",\\\"timestamp\\\":1499329634155},{\\\"language\\\":\\\"java\\\",\\\"methods\\\":[\\\"authEnterprise\\\",\\\"authPersonal\\\"],\\\"service\\\":\\\"com.youzan.pay.customer.api.RealNameAuthenticationService\\\",\\\"timestamp\\\":1499329634200},{\\\"language\\\":\\\"java\\\",\\\"methods\\\":[\\\"generateUserNo\\\"],\\\"service\\\":\\\"com.youzan.pay.customer.api.UserNoService\\\",\\\"timestamp\\\":1499329634241},{\\\"language\\\":\\\"java\\\",\\\"methods\\\":[\\\"regMerchant\\\",\\\"regMerchantUser\\\"],\\\"service\\\":\\\"com.youzan.pay.customer.api.BusinessRegService\\\",\\\"timestamp\\\":1499329634281},{\\\"language\\\":\\\"java\\\",\\\"methods\\\":[\\\"saveContract\\\",\\\"queryContract\\\"],\\\"service\\\":\\\"com.youzan.pay.customer.api.MerchantContractService\\\",\\\"timestamp\\\":1499329634335},{\\\"language\\\":\\\"java\\\",\\\"methods\\\":[\\\"processProductContractStatus\\\",\\\"processRepairTask\\\"],\\\"service\\\":\\\"com.youzan.pay.customer.api.ScheduledJobService\\\",\\\"timestamp\\\":1499329634382}]\"}","expiration":"2017-08-28T09:41:30.748923344Z","ttl":14,"modifiedIndex":395024323,"createdIndex":394672647}],"modifiedIndex":257081,"createdIndex":257081}}[\n]"
2017-08-28 17:41:17.835 [I/O dispatcher 2] DEBUG org.apache.http.impl.nio.client.InternalIODispatch - http-outgoing-1 [ACTIVE] Response received
2017-08-28 17:41:17.835 [I/O dispatcher 1] DEBUG org.apache.http.wire - http-outgoing-0 << "[\r][\n]"
2017-08-28 17:41:17.835 [I/O dispatcher 2] DEBUG org.apache.http.impl.nio.client.MainClientExec - [exchange: 3] Response received HTTP/1.1 200 OK
2017-08-28 17:41:17.835 [I/O dispatcher 1] DEBUG org.apache.http.wire - http-outgoing-0 << "0[\r][\n]"
2017-08-28 17:41:17.836 [I/O dispatcher 2] DEBUG org.apache.http.impl.nio.client.InternalIODispatch - http-outgoing-1 [ACTIVE] Input ready
2017-08-28 17:41:17.836 [I/O dispatcher 1] DEBUG org.apache.http.wire - http-outgoing-0 << "[\r][\n]"
2017-08-28 17:41:17.837 [I/O dispatcher 2] DEBUG org.apache.http.impl.nio.client.MainClientExec - [exchange: 3] Consume content
2017-08-28 17:41:17.837 [I/O dispatcher 1] DEBUG o.a.http.impl.nio.conn.ManagedNHttpClientConnectionImpl - http-outgoing-0 172.17.11.56:61321<->172.17.1.16:2379[ACTIVE][r:r]: 0 bytes read
2017-08-28 17:41:17.837 [I/O dispatcher 2] DEBUG o.a.http.impl.nio.conn.ManagedNHttpClientConnectionImpl - http-outgoing-1 172.17.11.56:61327<->172.17.1.16:2379[ACTIVE][r:r]: 0 bytes read
2017-08-28 17:41:17.837 [I/O dispatcher 1] DEBUG o.a.http.impl.nio.conn.ManagedNHttpClientConnectionImpl - http-outgoing-0 172.17.11.56:61321<->172.17.1.16:2379[ACTIVE][r:r]: 0 bytes read
2017-08-28 17:41:17.837 [I/O dispatcher 2] DEBUG org.apache.http.impl.nio.client.InternalIODispatch - http-outgoing-1 [ACTIVE] [chunk-coded; completed: false]
2017-08-28 17:41:17.838 [I/O dispatcher 1] DEBUG org.apache.http.impl.nio.client.InternalHttpAsyncClient - [exchange: 2] Connection can be kept alive indefinitely
2017-08-28 17:41:17.838 [I/O dispatcher 1] DEBUG org.apache.http.impl.nio.client.MainClientExec - [exchange: 2] Response processed
2017-08-28 17:41:17.838 [I/O dispatcher 1] DEBUG org.apache.http.impl.nio.client.InternalHttpAsyncClient - [exchange: 2] releasing connection
2017-08-28 17:41:17.838 [I/O dispatcher 1] DEBUG o.a.http.impl.nio.conn.ManagedNHttpClientConnectionImpl - http-outgoing-0 172.17.11.56:61321<->172.17.1.16:2379[ACTIVE][r:r]: Remove attribute http.nio.exchange-handler
2017-08-28 17:41:17.838 [I/O dispatcher 1] DEBUG o.a.h.impl.nio.conn.PoolingNHttpClientConnectionManager - Releasing connection: [id: http-outgoing-0][route: {}->http://etcd-dev.s.qima-inc.com:2379][total kept alive: 0; route allocated: 2 of 100; total allocated: 2 of 300]
2017-08-28 17:41:17.838 [I/O dispatcher 1] DEBUG o.a.h.impl.nio.conn.PoolingNHttpClientConnectionManager - Connection [id: http-outgoing-0][route: {}->http://etcd-dev.s.qima-inc.com:2379] can be kept alive indefinitely
2017-08-28 17:41:17.838 [I/O dispatcher 1] DEBUG o.a.http.impl.nio.conn.ManagedNHttpClientConnectionImpl - http-outgoing-0 172.17.11.56:61321<->172.17.1.16:2379[ACTIVE][r:r]: Set timeout 0
2017-08-28 17:41:17.838 [I/O dispatcher 1] DEBUG o.a.h.impl.nio.conn.PoolingNHttpClientConnectionManager - Connection released: [id: http-outgoing-0][route: {}->http://etcd-dev.s.qima-inc.com:2379][total kept alive: 1; route allocated: 2 of 100; total allocated: 2 of 300]
2017-08-28 17:41:17.839 [I/O dispatcher 1] DEBUG org.apache.http.impl.nio.client.InternalIODispatch - http-outgoing-0 [ACTIVE] [chunk-coded; completed: true]
2017-08-28 17:41:17.854 [main] ERROR com.youzan.nova.registry.haunt.HauntRegistryContainer - parse etcd node failed,etcd value 
2017-08-28 17:41:17.861 [main] ERROR com.youzan.nova.registry.haunt.HauntRegistryContainer - parse etcd node failed,etcd value 
2017-08-28 17:41:17.862 [main] ERROR com.youzan.nova.registry.haunt.HauntRegistryContainer - parse etcd node failed,etcd value 
2017-08-28 17:41:17.876 [EtcdEventThread-2] DEBUG com.youzan.platform.haunt.core.EtcdConnector - haunt watch url is http://etcd-dev.s.qima-inc.com:2379/v2/keys/dubbo%3Acom.youzan.service/pay-customer?wait=true&waitIndex=0&recursive=true
2017-08-28 17:41:17.876 [EtcdEventThread-2] DEBUG org.apache.http.impl.nio.client.MainClientExec - [exchange: 4] start execution
2017-08-28 17:41:17.876 [main] INFO  com.youzan.nova.registry.haunt.HauntRegistryContainer - subscribe service dubbo:com.youzan.service/pay-customer
2017-08-28 17:41:17.876 [EtcdEventThread-2] DEBUG org.apache.http.client.protocol.RequestAddCookies - CookieSpec selected: default
2017-08-28 17:41:17.877 [EtcdEventThread-2] DEBUG org.apache.http.client.protocol.RequestAuthCache - Auth cache not set in the context
2017-08-28 17:41:17.877 [EtcdEventThread-2] DEBUG org.apache.http.impl.nio.client.InternalHttpAsyncClient - [exchange: 4] Request connection for {}->http://etcd-dev.s.qima-inc.com:2379
2017-08-28 17:41:17.877 [EtcdEventThread-2] DEBUG o.a.h.impl.nio.conn.PoolingNHttpClientConnectionManager - Connection request: [route: {}->http://etcd-dev.s.qima-inc.com:2379][total kept alive: 1; route allocated: 2 of 100; total allocated: 2 of 300]
2017-08-28 17:41:17.877 [main] DEBUG org.apache.http.impl.nio.client.MainClientExec - [exchange: 5] start execution
2017-08-28 17:41:17.877 [EtcdEventThread-2] DEBUG o.a.http.impl.nio.conn.ManagedNHttpClientConnectionImpl - http-outgoing-0 172.17.11.56:61321<->172.17.1.16:2379[ACTIVE][r:r]: Set timeout 0
2017-08-28 17:41:17.877 [EtcdEventThread-2] DEBUG o.a.h.impl.nio.conn.PoolingNHttpClientConnectionManager - Connection leased: [id: http-outgoing-0][route: {}->http://etcd-dev.s.qima-inc.com:2379][total kept alive: 0; route allocated: 2 of 100; total allocated: 2 of 300]
2017-08-28 17:41:17.877 [EtcdEventThread-2] DEBUG org.apache.http.impl.nio.client.InternalHttpAsyncClient - [exchange: 4] Connection allocated: CPoolProxy{http-outgoing-0 [ACTIVE]}
2017-08-28 17:41:17.877 [EtcdEventThread-2] DEBUG o.a.http.impl.nio.conn.ManagedNHttpClientConnectionImpl - http-outgoing-0 172.17.11.56:61321<->172.17.1.16:2379[ACTIVE][r:r]: Set attribute http.nio.exchange-handler
2017-08-28 17:41:17.877 [EtcdEventThread-2] DEBUG o.a.http.impl.nio.conn.ManagedNHttpClientConnectionImpl - http-outgoing-0 172.17.11.56:61321<->172.17.1.16:2379[ACTIVE][rw:r]: Event set [w]
2017-08-28 17:41:17.877 [I/O dispatcher 1] DEBUG org.apache.http.impl.nio.client.InternalIODispatch - http-outgoing-0 [ACTIVE] Request ready
2017-08-28 17:41:17.878 [I/O dispatcher 1] DEBUG org.apache.http.impl.nio.client.InternalHttpAsyncClient - Connection route already established
2017-08-28 17:41:17.878 [I/O dispatcher 1] DEBUG org.apache.http.impl.nio.client.MainClientExec - [exchange: 4] Attempt 1 to execute request
2017-08-28 17:41:17.878 [I/O dispatcher 1] DEBUG org.apache.http.impl.nio.client.MainClientExec - Target auth state: UNCHALLENGED
2017-08-28 17:41:17.878 [I/O dispatcher 1] DEBUG org.apache.http.impl.nio.client.MainClientExec - Proxy auth state: UNCHALLENGED
2017-08-28 17:41:17.878 [I/O dispatcher 1] DEBUG o.a.http.impl.nio.conn.ManagedNHttpClientConnectionImpl - http-outgoing-0 172.17.11.56:61321<->172.17.1.16:2379[ACTIVE][rw:w]: Set timeout 10000
2017-08-28 17:41:17.879 [I/O dispatcher 1] DEBUG org.apache.http.headers - http-outgoing-0 >> GET /v2/keys/dubbo%3Acom.youzan.service/pay-customer?wait=true&waitIndex=0&recursive=true HTTP/1.1
2017-08-28 17:41:17.879 [I/O dispatcher 1] DEBUG org.apache.http.headers - http-outgoing-0 >> Host: etcd-dev.s.qima-inc.com:2379
2017-08-28 17:41:17.879 [I/O dispatcher 1] DEBUG org.apache.http.headers - http-outgoing-0 >> Connection: Keep-Alive
2017-08-28 17:41:17.880 [I/O dispatcher 1] DEBUG org.apache.http.headers - http-outgoing-0 >> User-Agent: Apache-HttpAsyncClient/4.1.2 (Java/1.8.0_111)
2017-08-28 17:41:17.880 [main] DEBUG org.apache.http.client.protocol.RequestAddCookies - CookieSpec selected: default
2017-08-28 17:41:17.880 [I/O dispatcher 1] DEBUG o.a.http.impl.nio.conn.ManagedNHttpClientConnectionImpl - http-outgoing-0 172.17.11.56:61321<->172.17.1.16:2379[ACTIVE][rw:w]: Event set [w]
2017-08-28 17:41:17.881 [I/O dispatcher 1] DEBUG org.apache.http.impl.nio.client.MainClientExec - [exchange: 4] Request completed
2017-08-28 17:41:17.881 [main] DEBUG org.apache.http.client.protocol.RequestAuthCache - Auth cache not set in the context
2017-08-28 17:41:17.881 [I/O dispatcher 1] DEBUG o.a.http.impl.nio.conn.ManagedNHttpClientConnectionImpl - http-outgoing-0 172.17.11.56:61321<->172.17.1.16:2379[ACTIVE][rw:w]: 221 bytes written
2017-08-28 17:41:17.882 [I/O dispatcher 1] DEBUG org.apache.http.wire - http-outgoing-0 >> "GET /v2/keys/dubbo%3Acom.youzan.service/pay-customer?wait=true&waitIndex=0&recursive=true HTTP/1.1[\r][\n]"
2017-08-28 17:41:17.882 [I/O dispatcher 1] DEBUG org.apache.http.wire - http-outgoing-0 >> "Host: etcd-dev.s.qima-inc.com:2379[\r][\n]"
2017-08-28 17:41:17.881 [main] DEBUG org.apache.http.impl.nio.client.InternalHttpAsyncClient - [exchange: 5] Request connection for {}->http://etcd-dev.s.qima-inc.com:2379
2017-08-28 17:41:17.882 [I/O dispatcher 1] DEBUG org.apache.http.wire - http-outgoing-0 >> "Connection: Keep-Alive[\r][\n]"
2017-08-28 17:41:17.883 [I/O dispatcher 1] DEBUG org.apache.http.wire - http-outgoing-0 >> "User-Agent: Apache-HttpAsyncClient/4.1.2 (Java/1.8.0_111)[\r][\n]"
2017-08-28 17:41:17.884 [I/O dispatcher 1] DEBUG org.apache.http.wire - http-outgoing-0 >> "[\r][\n]"
2017-08-28 17:41:17.884 [I/O dispatcher 1] DEBUG o.a.http.impl.nio.conn.ManagedNHttpClientConnectionImpl - http-outgoing-0 172.17.11.56:61321<->172.17.1.16:2379[ACTIVE][rw:rw]: 223 bytes read
2017-08-28 17:41:17.884 [I/O dispatcher 1] DEBUG org.apache.http.wire - http-outgoing-0 << "HTTP/1.1 200 OK[\r][\n]"
2017-08-28 17:41:17.884 [I/O dispatcher 1] DEBUG org.apache.http.wire - http-outgoing-0 << "Content-Type: application/json[\r][\n]"
2017-08-28 17:41:17.884 [I/O dispatcher 1] DEBUG org.apache.http.wire - http-outgoing-0 << "X-Etcd-Cluster-Id: f3e1f8311e5e2e3b[\r][\n]"
2017-08-28 17:41:17.884 [I/O dispatcher 1] DEBUG org.apache.http.wire - http-outgoing-0 << "X-Etcd-Index: 395024530[\r][\n]"
2017-08-28 17:41:17.884 [I/O dispatcher 1] DEBUG org.apache.http.wire - http-outgoing-0 << "X-Raft-Index: 466944471[\r][\n]"
2017-08-28 17:41:17.884 [I/O dispatcher 1] DEBUG org.apache.http.wire - http-outgoing-0 << "X-Raft-Term: 39395[\r][\n]"
2017-08-28 17:41:17.884 [I/O dispatcher 1] DEBUG org.apache.http.wire - http-outgoing-0 << "Date: Mon, 28 Aug 2017 09:41:17 GMT[\r][\n]"
2017-08-28 17:41:17.884 [I/O dispatcher 1] DEBUG org.apache.http.wire - http-outgoing-0 << "Transfer-Encoding: chunked[\r][\n]"
2017-08-28 17:41:17.885 [I/O dispatcher 1] DEBUG org.apache.http.wire - http-outgoing-0 << "[\r][\n]"
2017-08-28 17:41:17.885 [main] DEBUG o.a.h.impl.nio.conn.PoolingNHttpClientConnectionManager - Connection request: [route: {}->http://etcd-dev.s.qima-inc.com:2379][total kept alive: 0; route allocated: 2 of 100; total allocated: 2 of 300]
2017-08-28 17:41:17.885 [I/O dispatcher 1] DEBUG org.apache.http.headers - http-outgoing-0 << HTTP/1.1 200 OK
2017-08-28 17:41:17.885 [I/O dispatcher 1] DEBUG org.apache.http.headers - http-outgoing-0 << Content-Type: application/json
2017-08-28 17:41:17.885 [I/O dispatcher 1] DEBUG org.apache.http.headers - http-outgoing-0 << X-Etcd-Cluster-Id: f3e1f8311e5e2e3b
2017-08-28 17:41:17.885 [I/O dispatcher 1] DEBUG org.apache.http.headers - http-outgoing-0 << X-Etcd-Index: 395024530
2017-08-28 17:41:17.885 [I/O dispatcher 1] DEBUG org.apache.http.headers - http-outgoing-0 << X-Raft-Index: 466944471
2017-08-28 17:41:17.885 [I/O dispatcher 1] DEBUG org.apache.http.headers - http-outgoing-0 << X-Raft-Term: 39395
2017-08-28 17:41:17.885 [I/O dispatcher 1] DEBUG org.apache.http.headers - http-outgoing-0 << Date: Mon, 28 Aug 2017 09:41:17 GMT
2017-08-28 17:41:17.885 [I/O dispatcher 1] DEBUG org.apache.http.headers - http-outgoing-0 << Transfer-Encoding: chunked
2017-08-28 17:41:17.885 [I/O dispatcher 1] DEBUG org.apache.http.impl.nio.client.InternalIODispatch - http-outgoing-0 [ACTIVE] Response received
2017-08-28 17:41:17.885 [I/O dispatcher 1] DEBUG org.apache.http.impl.nio.client.MainClientExec - [exchange: 4] Response received HTTP/1.1 200 OK
2017-08-28 17:41:17.885 [I/O dispatcher 1] DEBUG org.apache.http.impl.nio.client.InternalIODispatch - http-outgoing-0 [ACTIVE] Input ready
2017-08-28 17:41:17.886 [I/O dispatcher 1] DEBUG org.apache.http.impl.nio.client.MainClientExec - [exchange: 4] Consume content
2017-08-28 17:41:17.886 [I/O dispatcher 1] DEBUG o.a.http.impl.nio.conn.ManagedNHttpClientConnectionImpl - http-outgoing-0 172.17.11.56:61321<->172.17.1.16:2379[ACTIVE][rw:rw]: 0 bytes read
2017-08-28 17:41:17.886 [I/O dispatcher 1] DEBUG org.apache.http.impl.nio.client.InternalIODispatch - http-outgoing-0 [ACTIVE] [chunk-coded; completed: false]
2017-08-28 17:41:17.886 [I/O dispatcher 1] DEBUG org.apache.http.impl.nio.client.InternalIODispatch - http-outgoing-0 [ACTIVE] Request ready
2017-08-28 17:41:17.886 [I/O dispatcher 1] DEBUG o.a.http.impl.nio.conn.ManagedNHttpClientConnectionImpl - http-outgoing-0 172.17.11.56:61321<->172.17.1.16:2379[ACTIVE][r:rw]: Event cleared [w]
2017-08-28 17:41:17.888 [I/O dispatcher 3] DEBUG o.a.h.impl.nio.conn.PoolingNHttpClientConnectionManager - Connection leased: [id: http-outgoing-2][route: {}->http://etcd-dev.s.qima-inc.com:2379][total kept alive: 0; route allocated: 3 of 100; total allocated: 3 of 300]
2017-08-28 17:41:17.888 [I/O dispatcher 3] DEBUG org.apache.http.impl.nio.client.InternalHttpAsyncClient - [exchange: 5] Connection allocated: CPoolProxy{http-outgoing-2 [ACTIVE]}
2017-08-28 17:41:17.889 [I/O dispatcher 3] DEBUG o.a.http.impl.nio.conn.ManagedNHttpClientConnectionImpl - http-outgoing-2 172.17.11.56:61328<->172.17.1.16:2379[ACTIVE][r:]: Set attribute http.nio.exchange-handler
2017-08-28 17:41:17.889 [I/O dispatcher 3] DEBUG o.a.http.impl.nio.conn.ManagedNHttpClientConnectionImpl - http-outgoing-2 172.17.11.56:61328<->172.17.1.16:2379[ACTIVE][rw:]: Event set [w]
2017-08-28 17:41:17.889 [I/O dispatcher 3] DEBUG o.a.http.impl.nio.conn.ManagedNHttpClientConnectionImpl - http-outgoing-2 172.17.11.56:61328<->172.17.1.16:2379[ACTIVE][rw:]: Set timeout 0
2017-08-28 17:41:17.889 [I/O dispatcher 3] DEBUG org.apache.http.impl.nio.client.InternalIODispatch - http-outgoing-2 [ACTIVE]: Connected
2017-08-28 17:41:17.889 [I/O dispatcher 3] DEBUG o.a.http.impl.nio.conn.ManagedNHttpClientConnectionImpl - http-outgoing-2 172.17.11.56:61328<->172.17.1.16:2379[ACTIVE][rw:]: Set attribute http.nio.http-exchange-state
2017-08-28 17:41:17.889 [I/O dispatcher 3] DEBUG org.apache.http.impl.nio.client.InternalHttpAsyncClient - Start connection routing
2017-08-28 17:41:17.889 [I/O dispatcher 3] DEBUG org.apache.http.impl.nio.client.MainClientExec - Connection route established
2017-08-28 17:41:17.889 [I/O dispatcher 3] DEBUG org.apache.http.impl.nio.client.MainClientExec - [exchange: 5] Attempt 1 to execute request
2017-08-28 17:41:17.889 [I/O dispatcher 3] DEBUG org.apache.http.impl.nio.client.MainClientExec - Target auth state: UNCHALLENGED
2017-08-28 17:41:17.889 [I/O dispatcher 3] DEBUG org.apache.http.impl.nio.client.MainClientExec - Proxy auth state: UNCHALLENGED
2017-08-28 17:41:17.890 [I/O dispatcher 3] DEBUG o.a.http.impl.nio.conn.ManagedNHttpClientConnectionImpl - http-outgoing-2 172.17.11.56:61328<->172.17.1.16:2379[ACTIVE][rw:]: Set timeout 10000
2017-08-28 17:41:17.890 [I/O dispatcher 3] DEBUG org.apache.http.headers - http-outgoing-2 >> GET /v2/keys/dubbo%3Acom.youzan.service/account? HTTP/1.1
2017-08-28 17:41:17.890 [I/O dispatcher 3] DEBUG org.apache.http.headers - http-outgoing-2 >> Host: etcd-dev.s.qima-inc.com:2379
2017-08-28 17:41:17.890 [I/O dispatcher 3] DEBUG org.apache.http.headers - http-outgoing-2 >> Connection: Keep-Alive
2017-08-28 17:41:17.890 [I/O dispatcher 3] DEBUG org.apache.http.headers - http-outgoing-2 >> User-Agent: Apache-HttpAsyncClient/4.1.2 (Java/1.8.0_111)
2017-08-28 17:41:17.890 [I/O dispatcher 3] DEBUG o.a.http.impl.nio.conn.ManagedNHttpClientConnectionImpl - http-outgoing-2 172.17.11.56:61328<->172.17.1.16:2379[ACTIVE][rw:]: Event set [w]
2017-08-28 17:41:17.890 [I/O dispatcher 3] DEBUG org.apache.http.impl.nio.client.MainClientExec - [exchange: 5] Request completed
2017-08-28 17:41:17.891 [I/O dispatcher 3] DEBUG o.a.http.impl.nio.conn.ManagedNHttpClientConnectionImpl - http-outgoing-2 172.17.11.56:61328<->172.17.1.16:2379[ACTIVE][rw:w]: 180 bytes written
2017-08-28 17:41:17.891 [I/O dispatcher 3] DEBUG org.apache.http.wire - http-outgoing-2 >> "GET /v2/keys/dubbo%3Acom.youzan.service/account? HTTP/1.1[\r][\n]"
2017-08-28 17:41:17.891 [I/O dispatcher 3] DEBUG org.apache.http.wire - http-outgoing-2 >> "Host: etcd-dev.s.qima-inc.com:2379[\r][\n]"
2017-08-28 17:41:17.891 [I/O dispatcher 3] DEBUG org.apache.http.wire - http-outgoing-2 >> "Connection: Keep-Alive[\r][\n]"
2017-08-28 17:41:17.891 [I/O dispatcher 3] DEBUG org.apache.http.wire - http-outgoing-2 >> "User-Agent: Apache-HttpAsyncClient/4.1.2 (Java/1.8.0_111)[\r][\n]"
2017-08-28 17:41:17.891 [I/O dispatcher 3] DEBUG org.apache.http.wire - http-outgoing-2 >> "[\r][\n]"
2017-08-28 17:41:17.892 [I/O dispatcher 3] DEBUG org.apache.http.impl.nio.client.InternalIODispatch - http-outgoing-2 [ACTIVE] Request ready
2017-08-28 17:41:17.892 [I/O dispatcher 3] DEBUG o.a.http.impl.nio.conn.ManagedNHttpClientConnectionImpl - http-outgoing-2 172.17.11.56:61328<->172.17.1.16:2379[ACTIVE][r:w]: Event cleared [w]
2017-08-28 17:41:17.893 [I/O dispatcher 3] DEBUG o.a.http.impl.nio.conn.ManagedNHttpClientConnectionImpl - http-outgoing-2 172.17.11.56:61328<->172.17.1.16:2379[ACTIVE][r:r]: 1448 bytes read
2017-08-28 17:41:17.893 [I/O dispatcher 3] DEBUG org.apache.http.wire - http-outgoing-2 << "HTTP/1.1 200 OK[\r][\n]"
2017-08-28 17:41:17.893 [I/O dispatcher 3] DEBUG org.apache.http.wire - http-outgoing-2 << "Content-Type: application/json[\r][\n]"
2017-08-28 17:41:17.893 [I/O dispatcher 3] DEBUG org.apache.http.wire - http-outgoing-2 << "X-Etcd-Cluster-Id: f3e1f8311e5e2e3b[\r][\n]"
2017-08-28 17:41:17.893 [I/O dispatcher 3] DEBUG org.apache.http.wire - http-outgoing-2 << "X-Etcd-Index: 395024530[\r][\n]"
2017-08-28 17:41:17.893 [I/O dispatcher 3] DEBUG org.apache.http.wire - http-outgoing-2 << "X-Raft-Index: 466944471[\r][\n]"
2017-08-28 17:41:17.893 [I/O dispatcher 3] DEBUG org.apache.http.wire - http-outgoing-2 << "X-Raft-Term: 39395[\r][\n]"
2017-08-28 17:41:17.893 [I/O dispatcher 3] DEBUG org.apache.http.wire - http-outgoing-2 << "Date: Mon, 28 Aug 2017 09:41:17 GMT[\r][\n]"
2017-08-28 17:41:17.893 [I/O dispatcher 3] DEBUG org.apache.http.wire - http-outgoing-2 << "Transfer-Encoding: chunked[\r][\n]"
2017-08-28 17:41:17.893 [I/O dispatcher 3] DEBUG org.apache.http.wire - http-outgoing-2 << "[\r][\n]"
2017-08-28 17:41:17.893 [I/O dispatcher 3] DEBUG org.apache.http.wire - http-outgoing-2 << "30d7[\r][\n]"
2017-08-28 17:41:17.893 [I/O dispatcher 3] DEBUG org.apache.http.wire - http-outgoing-2 << "{"action":"get","node":{"key":"/dubbo:com.youzan.service/account","dir":true,"nodes":[{"key":"/dubbo:com.youzan.service/account/10.9.75.207:20881","value":"{\"Namespace\":\"com.youzan.service\",\"SrvName\":\"account\",\"IP\":\"10.9.75.207\",\"Port\":20881,\"Protocol\":\"dubbo\",\"Status\":1,\"Weight\":100,\"ExtData\":\"[{\\\"language\\\":\\\"java\\\",\\\"methods\\\":[\\\"getUserById\\\",\\\"getUserFansBindByUserIdAndType\\\",\\\"batchGetUserByMobiles\\\",\\\"getValidByMobile\\\",\\\"getUserByAccount\\\",\\\"checkByNickname\\\",\\\"batchGetUserFansBindByUserIdAndType\\\",\\\"login\\\",\\\"getUserByFans\\\",\\\"getOldUserIdByFans\\\",\\\"getUserIdByNickName\\\",\\\"getUserByKdtNoteFansId\\\",\\\"getUserFansBindByUserId\\\",\\\"getUserByMobile\\\",\\\"getUserFansBindByUserIdV2\\\",\\\"getUserByUserId\\\",\\\"checkUserFansBind\\\",\\\"batchGetUserFansByFans\\\",\\\"queryUserPage\\\",\\\"getUserForOrder\\\",\\\"batchGetUserByIds\\\",\\\"getUserIdByFans\\\",\\\"getUserByWeiXin\\\"],\\\"service\\\":\\\"com.youzan.account.api.UserReadService\\\",\\\"timestamp\\\":1502275194712},{\\\"language\\\":\\\"java\\\",\\\"methods\\\":[\\\"updateAgentById\\\",\\\"resetPassword\\\",\\\"updateValidById\\\",\\\"addWhiteAc"
2017-08-28 17:41:17.894 [I/O dispatcher 3] DEBUG org.apache.http.headers - http-outgoing-2 << HTTP/1.1 200 OK
2017-08-28 17:41:17.894 [I/O dispatcher 3] DEBUG org.apache.http.headers - http-outgoing-2 << Content-Type: application/json
2017-08-28 17:41:17.894 [I/O dispatcher 3] DEBUG org.apache.http.headers - http-outgoing-2 << X-Etcd-Cluster-Id: f3e1f8311e5e2e3b
2017-08-28 17:41:17.894 [I/O dispatcher 3] DEBUG org.apache.http.headers - http-outgoing-2 << X-Etcd-Index: 395024530
2017-08-28 17:41:17.894 [I/O dispatcher 3] DEBUG org.apache.http.headers - http-outgoing-2 << X-Raft-Index: 466944471
2017-08-28 17:41:17.894 [I/O dispatcher 3] DEBUG org.apache.http.headers - http-outgoing-2 << X-Raft-Term: 39395
2017-08-28 17:41:17.894 [I/O dispatcher 3] DEBUG org.apache.http.headers - http-outgoing-2 << Date: Mon, 28 Aug 2017 09:41:17 GMT
2017-08-28 17:41:17.894 [I/O dispatcher 3] DEBUG org.apache.http.headers - http-outgoing-2 << Transfer-Encoding: chunked
2017-08-28 17:41:17.894 [I/O dispatcher 3] DEBUG org.apache.http.impl.nio.client.InternalIODispatch - http-outgoing-2 [ACTIVE(1225)] Response received
2017-08-28 17:41:17.894 [I/O dispatcher 3] DEBUG org.apache.http.impl.nio.client.MainClientExec - [exchange: 5] Response received HTTP/1.1 200 OK
2017-08-28 17:41:17.894 [I/O dispatcher 3] DEBUG org.apache.http.impl.nio.client.InternalIODispatch - http-outgoing-2 [ACTIVE(1225)] Input ready
2017-08-28 17:41:17.895 [I/O dispatcher 3] DEBUG org.apache.http.impl.nio.client.MainClientExec - [exchange: 5] Consume content
2017-08-28 17:41:17.895 [I/O dispatcher 3] DEBUG o.a.http.impl.nio.conn.ManagedNHttpClientConnectionImpl - http-outgoing-2 172.17.11.56:61328<->172.17.1.16:2379[ACTIVE][r:r]: 6967 bytes read
2017-08-28 17:41:17.896 [I/O dispatcher 3] DEBUG org.apache.http.wire - http-outgoing-2 << "count\\\",\\\"deleteUserBindByFansIdAndType\\\",\\\"updateAgentIdAndRecommendById\\\",\\\"updateKdtNoteFansId\\\",\\\"cleanCache\\\",\\\"deleteUserBindByMobile\\\",\\\"initOldUser\\\",\\\"updateUserMainInfo\\\",\\\"deleteWhiteAccount\\\",\\\"create\\\",\\\"updatePasswordByMobile\\\",\\\"unlockAccount\\\",\\\"updatePasswordById\\\",\\\"getOrCreateByMobile\\\",\\\"getOrCreateByFans\\\",\\\"updateBaseInfo\\\",\\\"createUserFansBind\\\",\\\"resetPasswordByMobile\\\",\\\"deleteUserByAccount\\\",\\\"deleteUserFansBind\\\"],\\\"service\\\":\\\"com.youzan.account.api.UserWriteService\\\",\\\"timestamp\\\":1502275195231},{\\\"language\\\":\\\"java\\\",\\\"methods\\\":[\\\"createPlatformUser\\\",\\\"initPlatformUser\\\"],\\\"service\\\":\\\"com.youzan.account.api.PlatformUserWriteService\\\",\\\"timestamp\\\":1502275195332},{\\\"language\\\":\\\"java\\\",\\\"methods\\\":[\\\"batchGetPlatformUserByIds\\\",\\\"getIdByUserIdAndType\\\",\\\"getPlatformUserById\\\",\\\"getUserInfoByUserIdAndType\\\"],\\\"service\\\":\\\"com.youzan.account.api.PlatformUserReadService\\\",\\\"timestamp\\\":1502275195426},{\\\"language\\\":\\\"java\\\",\\\"methods\\\":[\\\"queryFansIdByUser\\\",\\\"getFansByMobile\\\",\\\"queryFansIds\\\",\\\"queryFans\\\"],\\\"service\\\":\\\"com.youzan.uic.api.common.fans.FansQueryService\\\",\\\"timestamp\\\":1502275195534},{\\\"language\\\":\\\"java\\\",\\\"methods\\\":[\\\"verifyUserIdentity\\\"],\\\"service\\\":\\\"com.youzan.uic.api.security.UserSecurityService\\\",\\\"timestamp\\\":1502275195627},{\\\"language\\\":\\\"java\\\",\\\"methods\\\":[\\\"getAddressByUserId\\\",\\\"getAddressCountByUserId\\\"],\\\"service\\\":\\\"com.youzan.account.api.UserAddressReadService\\\",\\\"timestamp\\\":1502275195851},{\\\"language\\\":\\\"java\\\",\\\"methods\\\":[\\\"getMerchantIdSingleUserId\\\",\\\"queryUserIdByMerchantId\\\",\\\"getMerchantIdsBatch\\\"],\\\"service\\\":\\\"com.youzan.account.api.UserMerchantService\\\",\\\"timestamp\\\":1502275196151},{\\\"language\\\":\\\"java\\\",\\\"methods\\\":[\\\"getIdByUserIdAndType\\\",\\\"createPlatformUser\\\",\\\"getPlatformUserByIds\\\",\\\"getPlatformUserById\\\"],\\\"service\\\":\\\"com.youzan.account.api.PlatformUserService\\\",\\\"timestamp\\\":1502275196225},{\\\"language\\\":\\\"java\\\",\\\"methods\\\":[\\\"createUserTag\\\",\\\"removeUserTag\\\"],\\\"service\\\":\\\"com.youzan.account.api.UserTagWriteService\\\",\\\"timestamp\\\":1502275196287},{\\\"language\\\":\\\"java\\\",\\\"methods\\\":[\\\"updateContactById\\\",\\\"removeContact\\\",\\\"addContact\\\",\\\"getContact\\\"],\\\"service\\\":\\\"com.youzan.account.api.UserContactService\\\",\\\"timestamp\\\":1502275196353},{\\\"language\\\":\\\"java\\\",\\\"methods\\\":[\\\"getUaByKdtId\\\"],\\\"service\\\":\\\"com.youzan.account.api.fans.KdtUaService\\\",\\\"timestamp\\\":1502275196505},{\\\"language\\\":\\\"java\\\",\\\"methods\\\":[\\\"createUserTagDic\\\"],\\\"service\\\":\\\"com.youzan.account.api.UserTagDicWriteService\\\",\\\"timestamp\\\":1502275196572},{\\\"language\\\":\\\"java\\\",\\\"methods\\\":[\\\"createKdtUserFans\\\",\\\"updateKatUserFansRemark\\\"],\\\"service\\\":\\\"com.youzan.account.api.fans.KdtUserFansService\\\",\\\"timestamp\\\":1502275196638},{\\\"language\\\":\\\"java\\\",\\\"methods\\\":[\\\"getTagValueByUserId\\\",\\\"getTagByUserIdAndIndex\\\",\\\"getAllTagByUserId\\\"],\\\"service\\\":\\\"com.youzan.account.api.UserTagReadService\\\",\\\"timestamp\\\":1502275196713},{\\\"language\\\":\\\"java\\\",\\\"methods\\\":[\\\"isExternal\\\",\\\"getAllCountry\\\",\\\"getFirstPyCountryMap\\\"],\\\"service\\\":\\\"com.youzan.account.api.CountryCodeService\\\",\\\"timestamp\\\":1502275196802},{\\\"language\\\":\\\"java\\\",\\\"methods\\\":[\\\"addAddress\\\",\\\"removeAddress\\\",\\\"updateAddressById\\\"],\\\"service\\\":\\\"com.youzan.account.api.UserAddressWriteService\\\",\\\"timestamp\\\":1502275196871},{\\\"language\\\":\\\"java\\\",\\\"methods\\\":[\\\"queryUser\\\"],\\\"service\\\":\\\"com.youzan.uic.api.UserService\\\",\\\"timestamp\\\":1502275196922},{\\\"language\\\":\\\"java\\\",\\\"methods\\\":[\\\"updateAgentById\\\",\\\"resetPassword\\\",\\\"getByMobile\\\",\\\"updateValidById\\\",\\\"updateKdtnoteFansId\\\",\\\"checkByNickname\\\",\\\"updateAgentIdAndRecommendById\\\",\\\"login\\\",\\\"checkMobile\\\",\\\"initOldAdmin\\\",\\\"deleteAccountsForTester\\\",\\\"create\\\",\\\"getUserFansBindByUserId\\\",\\\"updatePasswordByMobile\\\",\\\"getByKdtnote\\\",\\\"getDetailByAccount\\\",\\\"getAdminByIds\\\",\\\"deleteUserBindForTester\\\",\\\"updatePasswordById\\\",\\\"getOrCreateByMobile\\\",\\\"getOrCreateByFans\\\",\\\"isExistOfAccount\\\",\\\"getUserIdByFans\\\",\\\"updateBaseInfo\\\",\\\"createUserFansBind\\\",\\\"getAdminById\\\",\\\"getDetailByAccountOrWeixin\\\",\\\"queryAdminPage\\\"],\\\"service\\\":\\\"com.youzan.account.api.AdminService\\\",\\\"timestamp\\\":1502275197133}]\"}","expiration":"2017-08-28T09:41:39.251291395Z","ttl":23,"modifiedIndex":395024465,"createdIndex":394672184},{"key":"/dubbo:com.youzan.service/account/172.17.12.196:20881","value":"{\"Namespace\":\"com.youzan.service\",\"SrvName\":\"account\",\"IP\":\"172.17.12.196\",\"Port\":20881,\"Protocol\":\"dubbo\",\"Status\":1,\"Weight\":100,\"ExtData\":\"[{\\\"language\\\":\\\"java\\\",\\\"methods\\\":[\\\"getUserById\\\",\\\"batchGetUserByMobiles\\\",\\\"getUserFansBindByUserIdAndType\\\",\\\"getValidByMobile\\\",\\\"getUserByAccount\\\",\\\"checkByNickname\\\",\\\"batchGetUserFansBindByUserIdAndType\\\",\\\"login\\\",\\\"getUserByFans\\\",\\\"getOldUserIdByFans\\\",\\\"getUserIdByNickName\\\",\\\"getUserByKdtNoteFansId\\\",\\\"getUserFansBindByUserId\\\",\\\"getUserByMobile\\\",\\\"getUserFansBindByUserIdV2\\\",\\\"getUserByUserId\\\",\\\"checkUserFansBind\\\",\\\"batchGetUserFansByFans\\\",\\\"queryUserPage\\\",\\\"getUserForOrder\\\",\\\"batchGetUserByIds\\\",\\\"getUserByWeiXin\\\",\\\"getUserIdByFans\\\"],\\\"service\\\":\\\"com.youzan.account.api.UserReadService\\\",\\\"timestamp\\\":1503911195563},{\\\"language\\\":\\\"java\\\",\\\"methods\\\":[\\\"updateAgentById\\\",\\\"resetPassword\\\",\\\"updateValidById\\\",\\\"addWhiteAccount\\\",\\\"deleteUserBindByFansIdAndType\\\",\\\"updateAgentIdAndRecommendById\\\",\\\"updateKdtNoteFansId\\\",\\\"cleanCache\\\",\\\"deleteUserBindByMobile\\\",\\\"initOldUser\\\",\\\"updateUserMainInfo\\\",\\\"deleteWhiteAccount\\\",\\\"create\\\",\\\"updatePasswordByMobile\\\",\\\"unlockAccount\\\",\\\"updatePasswordById\\\",\\\"getOrCreateByMobile\\\",\\\"getOrCreateByFans\\\",\\\"updateBaseInfo\\\",\\\"createUserFansBind\\\",\\\"resetPasswordByMobile\\\",\\\"deleteUserByAccount\\\",\\\"deleteUserFansBind\\\"],\\\"service\\\":\\\"com.youzan.account.api.UserWriteService\\\",\\\"timestamp\\\":1503911216276},{\\\"language\\\":\\\"java\\\",\\\"methods\\\":[\\\"getAddressByUserId\\\",\\\"getAddressCountByUserId\\\"],\\\"service\\\":\\\"com.youzan.account.api.UserAddressReadService\\\",\\\"timestamp\\\":"
2017-08-28 17:41:17.896 [I/O dispatcher 3] DEBUG o.a.http.impl.nio.conn.ManagedNHttpClientConnectionImpl - http-outgoing-2 172.17.11.56:61328<->172.17.1.16:2379[ACTIVE][r:r]: 4324 bytes read
2017-08-28 17:41:17.897 [I/O dispatcher 3] DEBUG org.apache.http.wire - http-outgoing-2 << "1503911237667},{\\\"language\\\":\\\"java\\\",\\\"methods\\\":[\\\"updateAgentById\\\",\\\"resetPassword\\\",\\\"getByMobile\\\",\\\"updateKdtnoteFansId\\\",\\\"updateValidById\\\",\\\"checkByNickname\\\",\\\"updateAgentIdAndRecommendById\\\",\\\"login\\\",\\\"checkMobile\\\",\\\"initOldAdmin\\\",\\\"deleteAccountsForTester\\\",\\\"create\\\",\\\"getUserFansBindByUserId\\\",\\\"getByKdtnote\\\",\\\"updatePasswordByMobile\\\",\\\"getDetailByAccount\\\",\\\"getAdminByIds\\\",\\\"deleteUserBindForTester\\\",\\\"updatePasswordById\\\",\\\"getOrCreateByMobile\\\",\\\"getOrCreateByFans\\\",\\\"isExistOfAccount\\\",\\\"getUserIdByFans\\\",\\\"updateBaseInfo\\\",\\\"createUserFansBind\\\",\\\"getDetailByAccountOrWeixin\\\",\\\"getAdminById\\\",\\\"queryAdminPage\\\"],\\\"service\\\":\\\"com.youzan.account.api.AdminService\\\",\\\"timestamp\\\":1503911248089},{\\\"language\\\":\\\"java\\\",\\\"methods\\\":[\\\"isExternal\\\",\\\"getAllCountry\\\",\\\"getFirstPyCountryMap\\\"],\\\"service\\\":\\\"com.youzan.account.api.CountryCodeService\\\",\\\"timestamp\\\":1503911258860},{\\\"language\\\":\\\"java\\\",\\\"methods\\\":[\\\"getUaByKdtId\\\"],\\\"service\\\":\\\"com.youzan.account.api.fans.KdtUaService\\\",\\\"timestamp\\\":1503911269471},{\\\"language\\\":\\\"java\\\",\\\"methods\\\":[\\\"createKdtUserFans\\\",\\\"updateKatUserFansRemark\\\"],\\\"service\\\":\\\"com.youzan.account.api.fans.KdtUserFansService\\\",\\\"timestamp\\\":1503911279797},{\\\"language\\\":\\\"java\\\",\\\"methods\\\":[\\\"batchGetPlatformUserByIds\\\",\\\"getIdByUserIdAndType\\\",\\\"getPlatformUserById\\\",\\\"getUserInfoByUserIdAndType\\\"],\\\"service\\\":\\\"com.youzan.account.api.PlatformUserReadService\\\",\\\"timestamp\\\":1503911290809},{\\\"language\\\":\\\"java\\\",\\\"methods\\\":[\\\"updatePlatformUserCustomerType\\\",\\\"createPlatformUser\\\",\\\"initPlatformUser\\\"],\\\"service\\\":\\\"com.youzan.account.api.PlatformUserWriteService\\\",\\\"timestamp\\\":1503911301920},{\\\"language\\\":\\\"java\\\",\\\"methods\\\":[\\\"getIdByUserIdAndType\\\",\\\"createPlatformUser\\\",\\\"getPlatformUserByIds\\\",\\\"getPlatformUserById\\\"],\\\"service\\\":\\\"com.youzan.account.api.PlatformUserService\\\",\\\"timestamp\\\":1503911312785},{\\\"language\\\":\\\"java\\\",\\\"methods\\\":[\\\"addAddress\\\",\\\"removeAddress\\\",\\\"updateAddressById\\\"],\\\"service\\\":\\\"com.youzan.account.api.UserAddressWriteService\\\",\\\"timestamp\\\":1503911323232},{\\\"language\\\":\\\"java\\\",\\\"methods\\\":[\\\"updateContactById\\\",\\\"removeContact\\\",\\\"addContact\\\",\\\"getContact\\\"],\\\"service\\\":\\\"com.youzan.account.api.UserContactService\\\",\\\"timestamp\\\":1503911333853},{\\\"language\\\":\\\"java\\\",\\\"methods\\\":[\\\"getMerchantIdSingleUserId\\\",\\\"queryUserIdByMerchantId\\\",\\\"getMerchantIdsBatch\\\"],\\\"service\\\":\\\"com.youzan.account.api.UserMerchantService\\\",\\\"timestamp\\\":1503911345384},{\\\"language\\\":\\\"java\\\",\\\"methods\\\":[\\\"checkPlatformUserIsBind\\\",\\\"queryUser\\\"],\\\"service\\\":\\\"com.youzan.uic.api.UserService\\\",\\\"timestamp\\\":1503911355984},{\\\"language\\\":\\\"java\\\",\\\"methods\\\":[\\\"createUserTagDic\\\"],\\\"service\\\":\\\"com.youzan.account.api.UserTagDicWriteService\\\",\\\"timestamp\\\":1503911366316},{\\\"language\\\":\\\"java\\\",\\\"methods\\\":[\\\"getTagValueByUserId\\\",\\\"getTagByUserIdAndIndex\\\",\\\"getAllTagByUserId\\\"],\\\"service\\\":\\\"com.youzan.account.api.UserTagReadService\\\",\\\"timestamp\\\":1503911376773},{\\\"language\\\":\\\"java\\\",\\\"methods\\\":[\\\"createUserTag\\\",\\\"removeUserTag\\\"],\\\"service\\\":\\\"com.youzan.account.api.UserTagWriteService\\\",\\\"timestamp\\\":1503911387985},{\\\"language\\\":\\\"java\\\",\\\"methods\\\":[\\\"queryFansIdByUser\\\",\\\"getFansByMobile\\\",\\\"queryFansIds\\\",\\\"queryFans\\\"],\\\"service\\\":\\\"com.youzan.uic.api.common.fans.FansQueryService\\\",\\\"timestamp\\\":1503911418659},{\\\"language\\\":\\\"java\\\",\\\"methods\\\":[\\\"verifyUserIdentity\\\"],\\\"service\\\":\\\"com.youzan.uic.api.security.UserSecurityService\\\",\\\"timestamp\\\":1503911429025}]\"}","expiration":"2017-08-28T09:41:37.613769493Z","ttl":21,"modifiedIndex":395024432,"createdIndex":394986470}],"modifiedIndex":160714,"createdIndex":160714}}[\n]"
2017-08-28 17:41:17.897 [I/O dispatcher 3] DEBUG org.apache.http.wire - http-outgoing-2 << "[\r][\n]"
2017-08-28 17:41:17.897 [I/O dispatcher 3] DEBUG org.apache.http.wire - http-outgoing-2 << "0[\r][\n]"
2017-08-28 17:41:17.897 [I/O dispatcher 3] DEBUG org.apache.http.wire - http-outgoing-2 << "[\r][\n]"
2017-08-28 17:41:17.897 [I/O dispatcher 3] DEBUG o.a.http.impl.nio.conn.ManagedNHttpClientConnectionImpl - http-outgoing-2 172.17.11.56:61328<->172.17.1.16:2379[ACTIVE][r:r]: 0 bytes read
2017-08-28 17:41:17.897 [I/O dispatcher 3] DEBUG o.a.http.impl.nio.conn.ManagedNHttpClientConnectionImpl - http-outgoing-2 172.17.11.56:61328<->172.17.1.16:2379[ACTIVE][r:r]: 0 bytes read
2017-08-28 17:41:17.897 [I/O dispatcher 3] DEBUG org.apache.http.impl.nio.client.InternalHttpAsyncClient - [exchange: 5] Connection can be kept alive indefinitely
2017-08-28 17:41:17.898 [I/O dispatcher 3] DEBUG org.apache.http.impl.nio.client.MainClientExec - [exchange: 5] Response processed
2017-08-28 17:41:17.898 [I/O dispatcher 3] DEBUG org.apache.http.impl.nio.client.InternalHttpAsyncClient - [exchange: 5] releasing connection
2017-08-28 17:41:17.898 [I/O dispatcher 3] DEBUG o.a.http.impl.nio.conn.ManagedNHttpClientConnectionImpl - http-outgoing-2 172.17.11.56:61328<->172.17.1.16:2379[ACTIVE][r:r]: Remove attribute http.nio.exchange-handler
2017-08-28 17:41:17.898 [I/O dispatcher 3] DEBUG o.a.h.impl.nio.conn.PoolingNHttpClientConnectionManager - Releasing connection: [id: http-outgoing-2][route: {}->http://etcd-dev.s.qima-inc.com:2379][total kept alive: 0; route allocated: 3 of 100; total allocated: 3 of 300]
2017-08-28 17:41:17.898 [I/O dispatcher 3] DEBUG o.a.h.impl.nio.conn.PoolingNHttpClientConnectionManager - Connection [id: http-outgoing-2][route: {}->http://etcd-dev.s.qima-inc.com:2379] can be kept alive indefinitely
2017-08-28 17:41:17.898 [I/O dispatcher 3] DEBUG o.a.http.impl.nio.conn.ManagedNHttpClientConnectionImpl - http-outgoing-2 172.17.11.56:61328<->172.17.1.16:2379[ACTIVE][r:r]: Set timeout 0
2017-08-28 17:41:17.898 [I/O dispatcher 3] DEBUG o.a.h.impl.nio.conn.PoolingNHttpClientConnectionManager - Connection released: [id: http-outgoing-2][route: {}->http://etcd-dev.s.qima-inc.com:2379][total kept alive: 1; route allocated: 3 of 100; total allocated: 3 of 300]
2017-08-28 17:41:17.899 [I/O dispatcher 3] DEBUG org.apache.http.impl.nio.client.InternalIODispatch - http-outgoing-2 [ACTIVE] [chunk-coded; completed: true]
2017-08-28 17:41:17.915 [main] INFO  com.youzan.nova.registry.haunt.HauntRegistryContainer - subscribe service dubbo:com.youzan.service/account
2017-08-28 17:41:17.915 [EtcdEventThread-3] DEBUG com.youzan.platform.haunt.core.EtcdConnector - haunt watch url is http://etcd-dev.s.qima-inc.com:2379/v2/keys/dubbo%3Acom.youzan.service/account?wait=true&waitIndex=0&recursive=true
2017-08-28 17:41:17.915 [EtcdEventThread-3] DEBUG org.apache.http.impl.nio.client.MainClientExec - [exchange: 6] start execution
2017-08-28 17:41:17.915 [main] DEBUG org.apache.http.impl.nio.client.MainClientExec - [exchange: 7] start execution
2017-08-28 17:41:17.916 [EtcdEventThread-3] DEBUG org.apache.http.client.protocol.RequestAddCookies - CookieSpec selected: default
2017-08-28 17:41:17.916 [main] DEBUG org.apache.http.client.protocol.RequestAddCookies - CookieSpec selected: default
2017-08-28 17:41:17.916 [EtcdEventThread-3] DEBUG org.apache.http.client.protocol.RequestAuthCache - Auth cache not set in the context
2017-08-28 17:41:17.916 [EtcdEventThread-3] DEBUG org.apache.http.impl.nio.client.InternalHttpAsyncClient - [exchange: 6] Request connection for {}->http://etcd-dev.s.qima-inc.com:2379
2017-08-28 17:41:17.916 [EtcdEventThread-3] DEBUG o.a.h.impl.nio.conn.PoolingNHttpClientConnectionManager - Connection request: [route: {}->http://etcd-dev.s.qima-inc.com:2379][total kept alive: 1; route allocated: 3 of 100; total allocated: 3 of 300]
2017-08-28 17:41:17.916 [main] DEBUG org.apache.http.client.protocol.RequestAuthCache - Auth cache not set in the context
2017-08-28 17:41:17.916 [EtcdEventThread-3] DEBUG o.a.http.impl.nio.conn.ManagedNHttpClientConnectionImpl - http-outgoing-2 172.17.11.56:61328<->172.17.1.16:2379[ACTIVE][r:r]: Set timeout 0
2017-08-28 17:41:17.916 [EtcdEventThread-3] DEBUG o.a.h.impl.nio.conn.PoolingNHttpClientConnectionManager - Connection leased: [id: http-outgoing-2][route: {}->http://etcd-dev.s.qima-inc.com:2379][total kept alive: 0; route allocated: 3 of 100; total allocated: 3 of 300]
2017-08-28 17:41:17.916 [EtcdEventThread-3] DEBUG org.apache.http.impl.nio.client.InternalHttpAsyncClient - [exchange: 6] Connection allocated: CPoolProxy{http-outgoing-2 [ACTIVE]}
2017-08-28 17:41:17.926 [main] DEBUG org.apache.http.impl.nio.client.InternalHttpAsyncClient - [exchange: 7] Request connection for {}->http://etcd-dev.s.qima-inc.com:2379
2017-08-28 17:41:17.926 [EtcdEventThread-3] DEBUG o.a.http.impl.nio.conn.ManagedNHttpClientConnectionImpl - http-outgoing-2 172.17.11.56:61328<->172.17.1.16:2379[ACTIVE][r:r]: Set attribute http.nio.exchange-handler
2017-08-28 17:41:17.931 [main] DEBUG o.a.h.impl.nio.conn.PoolingNHttpClientConnectionManager - Connection request: [route: {}->http://etcd-dev.s.qima-inc.com:2379][total kept alive: 0; route allocated: 3 of 100; total allocated: 3 of 300]
2017-08-28 17:41:17.931 [EtcdEventThread-3] DEBUG o.a.http.impl.nio.conn.ManagedNHttpClientConnectionImpl - http-outgoing-2 172.17.11.56:61328<->172.17.1.16:2379[ACTIVE][rw:r]: Event set [w]
2017-08-28 17:41:17.931 [I/O dispatcher 3] DEBUG org.apache.http.impl.nio.client.InternalIODispatch - http-outgoing-2 [ACTIVE] Request ready
2017-08-28 17:41:17.932 [I/O dispatcher 3] DEBUG org.apache.http.impl.nio.client.InternalHttpAsyncClient - Connection route already established
2017-08-28 17:41:17.932 [I/O dispatcher 3] DEBUG org.apache.http.impl.nio.client.MainClientExec - [exchange: 6] Attempt 1 to execute request
2017-08-28 17:41:17.932 [I/O dispatcher 3] DEBUG org.apache.http.impl.nio.client.MainClientExec - Target auth state: UNCHALLENGED
2017-08-28 17:41:17.932 [I/O dispatcher 3] DEBUG org.apache.http.impl.nio.client.MainClientExec - Proxy auth state: UNCHALLENGED
2017-08-28 17:41:17.932 [I/O dispatcher 3] DEBUG o.a.http.impl.nio.conn.ManagedNHttpClientConnectionImpl - http-outgoing-2 172.17.11.56:61328<->172.17.1.16:2379[ACTIVE][rw:w]: Set timeout 10000
2017-08-28 17:41:17.932 [I/O dispatcher 3] DEBUG org.apache.http.headers - http-outgoing-2 >> GET /v2/keys/dubbo%3Acom.youzan.service/account?wait=true&waitIndex=0&recursive=true HTTP/1.1
2017-08-28 17:41:17.932 [I/O dispatcher 3] DEBUG org.apache.http.headers - http-outgoing-2 >> Host: etcd-dev.s.qima-inc.com:2379
2017-08-28 17:41:17.932 [I/O dispatcher 3] DEBUG org.apache.http.headers - http-outgoing-2 >> Connection: Keep-Alive
2017-08-28 17:41:17.932 [I/O dispatcher 3] DEBUG org.apache.http.headers - http-outgoing-2 >> User-Agent: Apache-HttpAsyncClient/4.1.2 (Java/1.8.0_111)
2017-08-28 17:41:17.932 [I/O dispatcher 3] DEBUG o.a.http.impl.nio.conn.ManagedNHttpClientConnectionImpl - http-outgoing-2 172.17.11.56:61328<->172.17.1.16:2379[ACTIVE][rw:w]: Event set [w]
2017-08-28 17:41:17.932 [I/O dispatcher 3] DEBUG org.apache.http.impl.nio.client.MainClientExec - [exchange: 6] Request completed
2017-08-28 17:41:17.932 [I/O dispatcher 3] DEBUG o.a.http.impl.nio.conn.ManagedNHttpClientConnectionImpl - http-outgoing-2 172.17.11.56:61328<->172.17.1.16:2379[ACTIVE][rw:w]: 216 bytes written
2017-08-28 17:41:17.932 [I/O dispatcher 3] DEBUG org.apache.http.wire - http-outgoing-2 >> "GET /v2/keys/dubbo%3Acom.youzan.service/account?wait=true&waitIndex=0&recursive=true HTTP/1.1[\r][\n]"
2017-08-28 17:41:17.932 [I/O dispatcher 3] DEBUG org.apache.http.wire - http-outgoing-2 >> "Host: etcd-dev.s.qima-inc.com:2379[\r][\n]"
2017-08-28 17:41:17.932 [I/O dispatcher 3] DEBUG org.apache.http.wire - http-outgoing-2 >> "Connection: Keep-Alive[\r][\n]"
2017-08-28 17:41:17.933 [I/O dispatcher 3] DEBUG org.apache.http.wire - http-outgoing-2 >> "User-Agent: Apache-HttpAsyncClient/4.1.2 (Java/1.8.0_111)[\r][\n]"
2017-08-28 17:41:17.933 [I/O dispatcher 3] DEBUG org.apache.http.wire - http-outgoing-2 >> "[\r][\n]"
2017-08-28 17:41:17.933 [I/O dispatcher 3] DEBUG org.apache.http.impl.nio.client.InternalIODispatch - http-outgoing-2 [ACTIVE] Request ready
2017-08-28 17:41:17.933 [I/O dispatcher 3] DEBUG o.a.http.impl.nio.conn.ManagedNHttpClientConnectionImpl - http-outgoing-2 172.17.11.56:61328<->172.17.1.16:2379[ACTIVE][r:w]: Event cleared [w]
2017-08-28 17:41:17.934 [I/O dispatcher 3] DEBUG o.a.http.impl.nio.conn.ManagedNHttpClientConnectionImpl - http-outgoing-2 172.17.11.56:61328<->172.17.1.16:2379[ACTIVE][r:r]: 223 bytes read
2017-08-28 17:41:17.934 [I/O dispatcher 3] DEBUG org.apache.http.wire - http-outgoing-2 << "HTTP/1.1 200 OK[\r][\n]"
2017-08-28 17:41:17.934 [I/O dispatcher 3] DEBUG org.apache.http.wire - http-outgoing-2 << "Content-Type: application/json[\r][\n]"
2017-08-28 17:41:17.934 [I/O dispatcher 3] DEBUG org.apache.http.wire - http-outgoing-2 << "X-Etcd-Cluster-Id: f3e1f8311e5e2e3b[\r][\n]"
2017-08-28 17:41:17.934 [I/O dispatcher 3] DEBUG org.apache.http.wire - http-outgoing-2 << "X-Etcd-Index: 395024531[\r][\n]"
2017-08-28 17:41:17.934 [I/O dispatcher 3] DEBUG org.apache.http.wire - http-outgoing-2 << "X-Raft-Index: 466944472[\r][\n]"
2017-08-28 17:41:17.934 [I/O dispatcher 3] DEBUG org.apache.http.wire - http-outgoing-2 << "X-Raft-Term: 39395[\r][\n]"
2017-08-28 17:41:17.935 [I/O dispatcher 3] DEBUG org.apache.http.wire - http-outgoing-2 << "Date: Mon, 28 Aug 2017 09:41:17 GMT[\r][\n]"
2017-08-28 17:41:17.935 [I/O dispatcher 3] DEBUG org.apache.http.wire - http-outgoing-2 << "Transfer-Encoding: chunked[\r][\n]"
2017-08-28 17:41:17.935 [I/O dispatcher 3] DEBUG org.apache.http.wire - http-outgoing-2 << "[\r][\n]"
2017-08-28 17:41:17.935 [I/O dispatcher 4] DEBUG o.a.h.impl.nio.conn.PoolingNHttpClientConnectionManager - Connection leased: [id: http-outgoing-3][route: {}->http://etcd-dev.s.qima-inc.com:2379][total kept alive: 0; route allocated: 4 of 100; total allocated: 4 of 300]
2017-08-28 17:41:17.935 [I/O dispatcher 3] DEBUG org.apache.http.headers - http-outgoing-2 << HTTP/1.1 200 OK
2017-08-28 17:41:17.935 [I/O dispatcher 4] DEBUG org.apache.http.impl.nio.client.InternalHttpAsyncClient - [exchange: 7] Connection allocated: CPoolProxy{http-outgoing-3 [ACTIVE]}
2017-08-28 17:41:17.936 [I/O dispatcher 3] DEBUG org.apache.http.headers - http-outgoing-2 << Content-Type: application/json
2017-08-28 17:41:17.936 [I/O dispatcher 4] DEBUG o.a.http.impl.nio.conn.ManagedNHttpClientConnectionImpl - http-outgoing-3 172.17.11.56:61329<->172.17.1.16:2379[ACTIVE][r:]: Set attribute http.nio.exchange-handler
2017-08-28 17:41:17.936 [I/O dispatcher 3] DEBUG org.apache.http.headers - http-outgoing-2 << X-Etcd-Cluster-Id: f3e1f8311e5e2e3b
2017-08-28 17:41:17.936 [I/O dispatcher 4] DEBUG o.a.http.impl.nio.conn.ManagedNHttpClientConnectionImpl - http-outgoing-3 172.17.11.56:61329<->172.17.1.16:2379[ACTIVE][rw:]: Event set [w]
2017-08-28 17:41:17.936 [I/O dispatcher 3] DEBUG org.apache.http.headers - http-outgoing-2 << X-Etcd-Index: 395024531
2017-08-28 17:41:17.936 [I/O dispatcher 3] DEBUG org.apache.http.headers - http-outgoing-2 << X-Raft-Index: 466944472
2017-08-28 17:41:17.936 [I/O dispatcher 4] DEBUG o.a.http.impl.nio.conn.ManagedNHttpClientConnectionImpl - http-outgoing-3 172.17.11.56:61329<->172.17.1.16:2379[ACTIVE][rw:]: Set timeout 0
2017-08-28 17:41:17.936 [I/O dispatcher 3] DEBUG org.apache.http.headers - http-outgoing-2 << X-Raft-Term: 39395
2017-08-28 17:41:17.936 [I/O dispatcher 3] DEBUG org.apache.http.headers - http-outgoing-2 << Date: Mon, 28 Aug 2017 09:41:17 GMT
2017-08-28 17:41:17.936 [I/O dispatcher 4] DEBUG org.apache.http.impl.nio.client.InternalIODispatch - http-outgoing-3 [ACTIVE]: Connected
2017-08-28 17:41:17.936 [I/O dispatcher 3] DEBUG org.apache.http.headers - http-outgoing-2 << Transfer-Encoding: chunked
2017-08-28 17:41:17.936 [I/O dispatcher 3] DEBUG org.apache.http.impl.nio.client.InternalIODispatch - http-outgoing-2 [ACTIVE] Response received
2017-08-28 17:41:17.936 [I/O dispatcher 4] DEBUG o.a.http.impl.nio.conn.ManagedNHttpClientConnectionImpl - http-outgoing-3 172.17.11.56:61329<->172.17.1.16:2379[ACTIVE][rw:]: Set attribute http.nio.http-exchange-state
2017-08-28 17:41:17.936 [I/O dispatcher 3] DEBUG org.apache.http.impl.nio.client.MainClientExec - [exchange: 6] Response received HTTP/1.1 200 OK
2017-08-28 17:41:17.936 [I/O dispatcher 4] DEBUG org.apache.http.impl.nio.client.InternalHttpAsyncClient - Start connection routing
2017-08-28 17:41:17.936 [I/O dispatcher 4] DEBUG org.apache.http.impl.nio.client.MainClientExec - Connection route established
2017-08-28 17:41:17.936 [I/O dispatcher 4] DEBUG org.apache.http.impl.nio.client.MainClientExec - [exchange: 7] Attempt 1 to execute request
2017-08-28 17:41:17.936 [I/O dispatcher 4] DEBUG org.apache.http.impl.nio.client.MainClientExec - Target auth state: UNCHALLENGED
2017-08-28 17:41:17.936 [I/O dispatcher 3] DEBUG org.apache.http.impl.nio.client.InternalIODispatch - http-outgoing-2 [ACTIVE] Input ready
2017-08-28 17:41:17.937 [I/O dispatcher 4] DEBUG org.apache.http.impl.nio.client.MainClientExec - Proxy auth state: UNCHALLENGED
2017-08-28 17:41:17.937 [I/O dispatcher 3] DEBUG org.apache.http.impl.nio.client.MainClientExec - [exchange: 6] Consume content
2017-08-28 17:41:17.937 [I/O dispatcher 4] DEBUG o.a.http.impl.nio.conn.ManagedNHttpClientConnectionImpl - http-outgoing-3 172.17.11.56:61329<->172.17.1.16:2379[ACTIVE][rw:]: Set timeout 10000
2017-08-28 17:41:17.937 [I/O dispatcher 3] DEBUG o.a.http.impl.nio.conn.ManagedNHttpClientConnectionImpl - http-outgoing-2 172.17.11.56:61328<->172.17.1.16:2379[ACTIVE][r:r]: 0 bytes read
2017-08-28 17:41:17.937 [I/O dispatcher 4] DEBUG org.apache.http.headers - http-outgoing-3 >> GET /v2/keys/dubbo%3Acom.youzan.service/pay-fund-channel? HTTP/1.1
2017-08-28 17:41:17.937 [I/O dispatcher 3] DEBUG org.apache.http.impl.nio.client.InternalIODispatch - http-outgoing-2 [ACTIVE] [chunk-coded; completed: false]
2017-08-28 17:41:17.937 [I/O dispatcher 4] DEBUG org.apache.http.headers - http-outgoing-3 >> Host: etcd-dev.s.qima-inc.com:2379
2017-08-28 17:41:17.937 [I/O dispatcher 4] DEBUG org.apache.http.headers - http-outgoing-3 >> Connection: Keep-Alive
2017-08-28 17:41:17.937 [I/O dispatcher 4] DEBUG org.apache.http.headers - http-outgoing-3 >> User-Agent: Apache-HttpAsyncClient/4.1.2 (Java/1.8.0_111)
2017-08-28 17:41:17.937 [I/O dispatcher 4] DEBUG o.a.http.impl.nio.conn.ManagedNHttpClientConnectionImpl - http-outgoing-3 172.17.11.56:61329<->172.17.1.16:2379[ACTIVE][rw:]: Event set [w]
2017-08-28 17:41:17.938 [I/O dispatcher 4] DEBUG org.apache.http.impl.nio.client.MainClientExec - [exchange: 7] Request completed
2017-08-28 17:41:17.939 [I/O dispatcher 4] DEBUG o.a.http.impl.nio.conn.ManagedNHttpClientConnectionImpl - http-outgoing-3 172.17.11.56:61329<->172.17.1.16:2379[ACTIVE][rw:w]: 189 bytes written
2017-08-28 17:41:17.939 [I/O dispatcher 4] DEBUG org.apache.http.wire - http-outgoing-3 >> "GET /v2/keys/dubbo%3Acom.youzan.service/pay-fund-channel? HTTP/1.1[\r][\n]"
2017-08-28 17:41:17.940 [I/O dispatcher 4] DEBUG org.apache.http.wire - http-outgoing-3 >> "Host: etcd-dev.s.qima-inc.com:2379[\r][\n]"
2017-08-28 17:41:17.940 [I/O dispatcher 4] DEBUG org.apache.http.wire - http-outgoing-3 >> "Connection: Keep-Alive[\r][\n]"
2017-08-28 17:41:17.940 [I/O dispatcher 4] DEBUG org.apache.http.wire - http-outgoing-3 >> "User-Agent: Apache-HttpAsyncClient/4.1.2 (Java/1.8.0_111)[\r][\n]"
2017-08-28 17:41:17.940 [I/O dispatcher 4] DEBUG org.apache.http.wire - http-outgoing-3 >> "[\r][\n]"
2017-08-28 17:41:17.941 [I/O dispatcher 4] DEBUG o.a.http.impl.nio.conn.ManagedNHttpClientConnectionImpl - http-outgoing-3 172.17.11.56:61329<->172.17.1.16:2379[ACTIVE][rw:rw]: 3412 bytes read
2017-08-28 17:41:17.941 [I/O dispatcher 4] DEBUG org.apache.http.wire - http-outgoing-3 << "HTTP/1.1 200 OK[\r][\n]"
2017-08-28 17:41:17.941 [I/O dispatcher 4] DEBUG org.apache.http.wire - http-outgoing-3 << "Content-Type: application/json[\r][\n]"
2017-08-28 17:41:17.941 [I/O dispatcher 4] DEBUG org.apache.http.wire - http-outgoing-3 << "X-Etcd-Cluster-Id: f3e1f8311e5e2e3b[\r][\n]"
2017-08-28 17:41:17.941 [I/O dispatcher 4] DEBUG org.apache.http.wire - http-outgoing-3 << "X-Etcd-Index: 395024532[\r][\n]"
2017-08-28 17:41:17.941 [I/O dispatcher 4] DEBUG org.apache.http.wire - http-outgoing-3 << "X-Raft-Index: 466944473[\r][\n]"
2017-08-28 17:41:17.941 [I/O dispatcher 4] DEBUG org.apache.http.wire - http-outgoing-3 << "X-Raft-Term: 39395[\r][\n]"
2017-08-28 17:41:17.941 [I/O dispatcher 4] DEBUG org.apache.http.wire - http-outgoing-3 << "Date: Mon, 28 Aug 2017 09:41:17 GMT[\r][\n]"
2017-08-28 17:41:17.941 [I/O dispatcher 4] DEBUG org.apache.http.wire - http-outgoing-3 << "Transfer-Encoding: chunked[\r][\n]"
2017-08-28 17:41:17.941 [I/O dispatcher 4] DEBUG org.apache.http.wire - http-outgoing-3 << "[\r][\n]"
2017-08-28 17:41:17.942 [I/O dispatcher 4] DEBUG org.apache.http.wire - http-outgoing-3 << "c69[\r][\n]"
2017-08-28 17:41:17.942 [I/O dispatcher 4] DEBUG org.apache.http.wire - http-outgoing-3 << "{"action":"get","node":{"key":"/dubbo:com.youzan.service/pay-fund-channel","dir":true,"nodes":[{"key":"/dubbo:com.youzan.service/pay-fund-channel/10.9.196.183:28096","value":"{\"Namespace\":\"com.youzan.service\",\"SrvName\":\"pay-fund-channel\",\"IP\":\"10.9.196.183\",\"Port\":28096,\"Protocol\":\"dubbo\",\"Status\":1,\"Weight\":100,\"ExtData\":\"[{\\\"language\\\":\\\"java\\\",\\\"methods\\\":[\\\"execute\\\"],\\\"service\\\":\\\"com.youzan.pay.fundchannel.notify.service.test.IRemoteHauntHandler2\\\",\\\"timestamp\\\":1503389546873},{\\\"language\\\":\\\"java\\\",\\\"methods\\\":[\\\"execute\\\"],\\\"service\\\":\\\"com.youzan.pay.fundchannel.notify.service.test.IRemoteHauntHandler1\\\",\\\"timestamp\\\":1503389547594},{\\\"language\\\":\\\"java\\\",\\\"methods\\\":[\\\"execute\\\"],\\\"service\\\":\\\"com.youzan.pay.fundchannel.notify.service.test.IRemoteHauntXMLHandler\\\",\\\"timestamp\\\":1503389547618},{\\\"language\\\":\\\"java\\\",\\\"methods\\\":[\\\"handle\\\"],\\\"service\\\":\\\"com.youzan.pay.fundchannel.notify.NotifyConsumer\\\",\\\"timestamp\\\":1503389548307},{\\\"language\\\":\\\"java\\\",\\\"methods\\\":[\\\"retrieve\\\",\\\"update\\\",\\\"insert\\\"],\\\"service\\\":\\\"com.youzan.pay.fundchannel.spi.MerchantInfoService\\\",\\\"timestamp\\\":1503389549400},{\\\"language\\\":\\\"java\\\",\\\"methods\\\":[\\\"query\\\",\\\"withdraw\\\"],\\\"service\\\":\\\"com.youzan.pay.assetcenter.service.spi.PayToolWithdrawSpi\\\",\\\"timestamp\\\":1503389549461},{\\\"language\\\":\\\"java\\\",\\\"methods\\\":[\\\"payQuery\\\",\\\"pay\\\",\\\"revoke\\\",\\\"refundQuery\\\",\\\"refund\\\"],\\\"service\\\":\\\"com.youzan.pay.fundchannel.spi.PayToolStandardSpi2\\\",\\\"timestamp\\\":1503389549496},{\\\"language\\\":\\\"java\\\",\\\"methods\\\":[\\\"query\\\",\\\"retrieve\\\",\\\"update\\\",\\\"insert\\\"],\\\"service\\\":\\\"com.youzan.pay.fundchannel.spi.PayRecordService\\\",\\\"timestamp\\\":1503389549553},{\\\"language\\\":\\\"java\\\",\\\"methods\\\":[\\\"apply\\\"],\\\"service\\\":\\\"com.youzan.pay.fundchannel.spi.MchManageService\\\",\\\"timestamp\\\":1503389549580},{\\\"language\\\":\\\"java\\\",\\\"methods\\\":[\\\"createOrModifyWxPayConfig\\\",\\\"queryWxPayConfig\\\"],\\\"service\\\":\\\"com.youzan.pay.fundchannel.pay.config.api.PayConfigService\\\",\\\"timestamp\\\":1503389549599},{\\\"language\\\":\\\"java\\\",\\\"methods\\\":[\\\"subscribeAppId\\\",\\\"recommendSubscribeAppId\\\",\\\"addPath\\\"],\\\"service\\\":\\\"com.youzan.pay.fundchannel.open.api.WxSubMchConfigService\\\",\\\"timestamp\\\":1503389549621},{\\\"language\\\":\\\"java\\\",\\\"methods\\\":[\\\"queryPayBill\\\",\\\"queryAllMchId\\\"],\\\"service\\\":\\\"com.youzan.pay.fundchannel.open.api.PayChannelBillService\\\",\\\"timestamp\\\":1503389549652},{\\\"language\\\":\\\"java\\\",\\\"methods\\\":[\\\"checkCard\\\",\\\"sendSms\\\",\\\"checkBankBinding\\\",\\\"payConfirm\\\"],\\\"service\\\":\\\"com.youzan.pay.fundchannel.open.api.BankCardService\\\",\\\"timestamp\\\":1503389549681}]\"}","expiration":"2017-08-28T09:41:37.392441545Z","ttl":21,"modifiedIndex":395024431,"createdIndex":394672395}],"modifiedIndex":92093676,"createdIndex":92093676}}[\n]"
2017-08-28 17:41:17.942 [I/O dispatcher 4] DEBUG org.apache.http.wire - http-outgoing-3 << "[\r][\n]"
2017-08-28 17:41:17.942 [I/O dispatcher 4] DEBUG org.apache.http.wire - http-outgoing-3 << "0[\r][\n]"
2017-08-28 17:41:17.942 [I/O dispatcher 4] DEBUG org.apache.http.wire - http-outgoing-3 << "[\r][\n]"
2017-08-28 17:41:17.942 [I/O dispatcher 4] DEBUG org.apache.http.headers - http-outgoing-3 << HTTP/1.1 200 OK
2017-08-28 17:41:17.942 [I/O dispatcher 4] DEBUG org.apache.http.headers - http-outgoing-3 << Content-Type: application/json
2017-08-28 17:41:17.942 [I/O dispatcher 4] DEBUG org.apache.http.headers - http-outgoing-3 << X-Etcd-Cluster-Id: f3e1f8311e5e2e3b
2017-08-28 17:41:17.943 [I/O dispatcher 4] DEBUG org.apache.http.headers - http-outgoing-3 << X-Etcd-Index: 395024532
2017-08-28 17:41:17.943 [I/O dispatcher 4] DEBUG org.apache.http.headers - http-outgoing-3 << X-Raft-Index: 466944473
2017-08-28 17:41:17.943 [I/O dispatcher 4] DEBUG org.apache.http.headers - http-outgoing-3 << X-Raft-Term: 39395
2017-08-28 17:41:17.943 [I/O dispatcher 4] DEBUG org.apache.http.headers - http-outgoing-3 << Date: Mon, 28 Aug 2017 09:41:17 GMT
2017-08-28 17:41:17.943 [I/O dispatcher 4] DEBUG org.apache.http.headers - http-outgoing-3 << Transfer-Encoding: chunked
2017-08-28 17:41:17.943 [I/O dispatcher 4] DEBUG org.apache.http.impl.nio.client.InternalIODispatch - http-outgoing-3 [ACTIVE(3189)] Response received
2017-08-28 17:41:17.943 [I/O dispatcher 4] DEBUG org.apache.http.impl.nio.client.MainClientExec - [exchange: 7] Response received HTTP/1.1 200 OK
2017-08-28 17:41:17.943 [I/O dispatcher 4] DEBUG org.apache.http.impl.nio.client.InternalIODispatch - http-outgoing-3 [ACTIVE(3189)] Input ready
2017-08-28 17:41:17.943 [I/O dispatcher 4] DEBUG org.apache.http.impl.nio.client.MainClientExec - [exchange: 7] Consume content
2017-08-28 17:41:17.943 [I/O dispatcher 4] DEBUG o.a.http.impl.nio.conn.ManagedNHttpClientConnectionImpl - http-outgoing-3 172.17.11.56:61329<->172.17.1.16:2379[ACTIVE][rw:rw]: 0 bytes read
2017-08-28 17:41:17.943 [I/O dispatcher 4] DEBUG o.a.http.impl.nio.conn.ManagedNHttpClientConnectionImpl - http-outgoing-3 172.17.11.56:61329<->172.17.1.16:2379[ACTIVE][rw:rw]: 0 bytes read
2017-08-28 17:41:17.943 [I/O dispatcher 4] DEBUG o.a.http.impl.nio.conn.ManagedNHttpClientConnectionImpl - http-outgoing-3 172.17.11.56:61329<->172.17.1.16:2379[ACTIVE][rw:rw]: 0 bytes read
2017-08-28 17:41:17.943 [I/O dispatcher 4] DEBUG org.apache.http.impl.nio.client.InternalHttpAsyncClient - [exchange: 7] Connection can be kept alive indefinitely
2017-08-28 17:41:17.944 [I/O dispatcher 4] DEBUG org.apache.http.impl.nio.client.MainClientExec - [exchange: 7] Response processed
2017-08-28 17:41:17.944 [I/O dispatcher 4] DEBUG org.apache.http.impl.nio.client.InternalHttpAsyncClient - [exchange: 7] releasing connection
2017-08-28 17:41:17.944 [I/O dispatcher 4] DEBUG o.a.http.impl.nio.conn.ManagedNHttpClientConnectionImpl - http-outgoing-3 172.17.11.56:61329<->172.17.1.16:2379[ACTIVE][rw:rw]: Remove attribute http.nio.exchange-handler
2017-08-28 17:41:17.944 [I/O dispatcher 4] DEBUG o.a.h.impl.nio.conn.PoolingNHttpClientConnectionManager - Releasing connection: [id: http-outgoing-3][route: {}->http://etcd-dev.s.qima-inc.com:2379][total kept alive: 0; route allocated: 4 of 100; total allocated: 4 of 300]
2017-08-28 17:41:17.944 [I/O dispatcher 4] DEBUG o.a.h.impl.nio.conn.PoolingNHttpClientConnectionManager - Connection [id: http-outgoing-3][route: {}->http://etcd-dev.s.qima-inc.com:2379] can be kept alive indefinitely
2017-08-28 17:41:17.945 [I/O dispatcher 4] DEBUG o.a.http.impl.nio.conn.ManagedNHttpClientConnectionImpl - http-outgoing-3 172.17.11.56:61329<->172.17.1.16:2379[ACTIVE][rw:rw]: Set timeout 0
2017-08-28 17:41:17.945 [I/O dispatcher 4] DEBUG o.a.h.impl.nio.conn.PoolingNHttpClientConnectionManager - Connection released: [id: http-outgoing-3][route: {}->http://etcd-dev.s.qima-inc.com:2379][total kept alive: 1; route allocated: 4 of 100; total allocated: 4 of 300]
2017-08-28 17:41:17.945 [I/O dispatcher 4] DEBUG org.apache.http.impl.nio.client.InternalIODispatch - http-outgoing-3 [ACTIVE] [chunk-coded; completed: true]
2017-08-28 17:41:17.945 [I/O dispatcher 4] DEBUG org.apache.http.impl.nio.client.InternalIODispatch - http-outgoing-3 [ACTIVE] Request ready
2017-08-28 17:41:17.945 [I/O dispatcher 4] DEBUG o.a.http.impl.nio.conn.ManagedNHttpClientConnectionImpl - http-outgoing-3 172.17.11.56:61329<->172.17.1.16:2379[ACTIVE][r:rw]: Event cleared [w]
2017-08-28 17:41:17.949 [main] INFO  com.youzan.nova.registry.haunt.HauntRegistryContainer - subscribe service dubbo:com.youzan.service/pay-fund-channel
2017-08-28 17:41:17.949 [EtcdEventThread-4] DEBUG com.youzan.platform.haunt.core.EtcdConnector - haunt watch url is http://etcd-dev.s.qima-inc.com:2379/v2/keys/dubbo%3Acom.youzan.service/pay-fund-channel?wait=true&waitIndex=0&recursive=true
2017-08-28 17:41:17.949 [EtcdEventThread-4] DEBUG org.apache.http.impl.nio.client.MainClientExec - [exchange: 8] start execution
2017-08-28 17:41:17.950 [EtcdEventThread-4] DEBUG org.apache.http.client.protocol.RequestAddCookies - CookieSpec selected: default
2017-08-28 17:41:17.950 [EtcdEventThread-4] DEBUG org.apache.http.client.protocol.RequestAuthCache - Auth cache not set in the context
2017-08-28 17:41:17.950 [EtcdEventThread-4] DEBUG org.apache.http.impl.nio.client.InternalHttpAsyncClient - [exchange: 8] Request connection for {}->http://etcd-dev.s.qima-inc.com:2379
2017-08-28 17:41:17.950 [EtcdEventThread-4] DEBUG o.a.h.impl.nio.conn.PoolingNHttpClientConnectionManager - Connection request: [route: {}->http://etcd-dev.s.qima-inc.com:2379][total kept alive: 1; route allocated: 4 of 100; total allocated: 4 of 300]
2017-08-28 17:41:17.951 [EtcdEventThread-4] DEBUG o.a.http.impl.nio.conn.ManagedNHttpClientConnectionImpl - http-outgoing-3 172.17.11.56:61329<->172.17.1.16:2379[ACTIVE][r:rw]: Set timeout 0
2017-08-28 17:41:17.951 [EtcdEventThread-4] DEBUG o.a.h.impl.nio.conn.PoolingNHttpClientConnectionManager - Connection leased: [id: http-outgoing-3][route: {}->http://etcd-dev.s.qima-inc.com:2379][total kept alive: 0; route allocated: 4 of 100; total allocated: 4 of 300]
2017-08-28 17:41:17.951 [EtcdEventThread-4] DEBUG org.apache.http.impl.nio.client.InternalHttpAsyncClient - [exchange: 8] Connection allocated: CPoolProxy{http-outgoing-3 [ACTIVE]}
2017-08-28 17:41:17.951 [EtcdEventThread-4] DEBUG o.a.http.impl.nio.conn.ManagedNHttpClientConnectionImpl - http-outgoing-3 172.17.11.56:61329<->172.17.1.16:2379[ACTIVE][r:rw]: Set attribute http.nio.exchange-handler
2017-08-28 17:41:17.952 [EtcdEventThread-4] DEBUG o.a.http.impl.nio.conn.ManagedNHttpClientConnectionImpl - http-outgoing-3 172.17.11.56:61329<->172.17.1.16:2379[ACTIVE][rw:rw]: Event set [w]
2017-08-28 17:41:17.952 [I/O dispatcher 4] DEBUG org.apache.http.impl.nio.client.InternalIODispatch - http-outgoing-3 [ACTIVE] Request ready
2017-08-28 17:41:17.952 [I/O dispatcher 4] DEBUG org.apache.http.impl.nio.client.InternalHttpAsyncClient - Connection route already established
2017-08-28 17:41:17.952 [I/O dispatcher 4] DEBUG org.apache.http.impl.nio.client.MainClientExec - [exchange: 8] Attempt 1 to execute request
2017-08-28 17:41:17.952 [I/O dispatcher 4] DEBUG org.apache.http.impl.nio.client.MainClientExec - Target auth state: UNCHALLENGED
2017-08-28 17:41:17.952 [I/O dispatcher 4] DEBUG org.apache.http.impl.nio.client.MainClientExec - Proxy auth state: UNCHALLENGED
2017-08-28 17:41:17.952 [I/O dispatcher 4] DEBUG o.a.http.impl.nio.conn.ManagedNHttpClientConnectionImpl - http-outgoing-3 172.17.11.56:61329<->172.17.1.16:2379[ACTIVE][rw:w]: Set timeout 10000
2017-08-28 17:41:17.952 [I/O dispatcher 4] DEBUG org.apache.http.headers - http-outgoing-3 >> GET /v2/keys/dubbo%3Acom.youzan.service/pay-fund-channel?wait=true&waitIndex=0&recursive=true HTTP/1.1
2017-08-28 17:41:17.952 [I/O dispatcher 4] DEBUG org.apache.http.headers - http-outgoing-3 >> Host: etcd-dev.s.qima-inc.com:2379
2017-08-28 17:41:17.952 [I/O dispatcher 4] DEBUG org.apache.http.headers - http-outgoing-3 >> Connection: Keep-Alive
2017-08-28 17:41:17.952 [I/O dispatcher 4] DEBUG org.apache.http.headers - http-outgoing-3 >> User-Agent: Apache-HttpAsyncClient/4.1.2 (Java/1.8.0_111)
2017-08-28 17:41:17.952 [I/O dispatcher 4] DEBUG o.a.http.impl.nio.conn.ManagedNHttpClientConnectionImpl - http-outgoing-3 172.17.11.56:61329<->172.17.1.16:2379[ACTIVE][rw:w]: Event set [w]
2017-08-28 17:41:17.953 [I/O dispatcher 4] DEBUG org.apache.http.impl.nio.client.MainClientExec - [exchange: 8] Request completed
2017-08-28 17:41:17.953 [I/O dispatcher 4] DEBUG o.a.http.impl.nio.conn.ManagedNHttpClientConnectionImpl - http-outgoing-3 172.17.11.56:61329<->172.17.1.16:2379[ACTIVE][rw:w]: 225 bytes written
2017-08-28 17:41:17.953 [I/O dispatcher 4] DEBUG org.apache.http.wire - http-outgoing-3 >> "GET /v2/keys/dubbo%3Acom.youzan.service/pay-fund-channel?wait=true&waitIndex=0&recursive=true HTTP/1.1[\r][\n]"
2017-08-28 17:41:17.953 [I/O dispatcher 4] DEBUG org.apache.http.wire - http-outgoing-3 >> "Host: etcd-dev.s.qima-inc.com:2379[\r][\n]"
2017-08-28 17:41:17.953 [I/O dispatcher 4] DEBUG org.apache.http.wire - http-outgoing-3 >> "Connection: Keep-Alive[\r][\n]"
2017-08-28 17:41:17.953 [I/O dispatcher 4] DEBUG org.apache.http.wire - http-outgoing-3 >> "User-Agent: Apache-HttpAsyncClient/4.1.2 (Java/1.8.0_111)[\r][\n]"
2017-08-28 17:41:17.953 [I/O dispatcher 4] DEBUG org.apache.http.wire - http-outgoing-3 >> "[\r][\n]"
2017-08-28 17:41:17.953 [I/O dispatcher 4] DEBUG org.apache.http.impl.nio.client.InternalIODispatch - http-outgoing-3 [ACTIVE] Request ready
2017-08-28 17:41:17.953 [I/O dispatcher 4] DEBUG o.a.http.impl.nio.conn.ManagedNHttpClientConnectionImpl - http-outgoing-3 172.17.11.56:61329<->172.17.1.16:2379[ACTIVE][r:w]: Event cleared [w]
2017-08-28 17:41:17.955 [I/O dispatcher 4] DEBUG o.a.http.impl.nio.conn.ManagedNHttpClientConnectionImpl - http-outgoing-3 172.17.11.56:61329<->172.17.1.16:2379[ACTIVE][r:r]: 223 bytes read
2017-08-28 17:41:17.955 [I/O dispatcher 4] DEBUG org.apache.http.wire - http-outgoing-3 << "HTTP/1.1 200 OK[\r][\n]"
2017-08-28 17:41:17.955 [I/O dispatcher 4] DEBUG org.apache.http.wire - http-outgoing-3 << "Content-Type: application/json[\r][\n]"
2017-08-28 17:41:17.955 [I/O dispatcher 4] DEBUG org.apache.http.wire - http-outgoing-3 << "X-Etcd-Cluster-Id: f3e1f8311e5e2e3b[\r][\n]"
2017-08-28 17:41:17.955 [I/O dispatcher 4] DEBUG org.apache.http.wire - http-outgoing-3 << "X-Etcd-Index: 395024532[\r][\n]"
2017-08-28 17:41:17.955 [I/O dispatcher 4] DEBUG org.apache.http.wire - http-outgoing-3 << "X-Raft-Index: 466944473[\r][\n]"
2017-08-28 17:41:17.955 [I/O dispatcher 4] DEBUG org.apache.http.wire - http-outgoing-3 << "X-Raft-Term: 39395[\r][\n]"
2017-08-28 17:41:17.955 [I/O dispatcher 4] DEBUG org.apache.http.wire - http-outgoing-3 << "Date: Mon, 28 Aug 2017 09:41:17 GMT[\r][\n]"
2017-08-28 17:41:17.955 [I/O dispatcher 4] DEBUG org.apache.http.wire - http-outgoing-3 << "Transfer-Encoding: chunked[\r][\n]"
2017-08-28 17:41:17.955 [I/O dispatcher 4] DEBUG org.apache.http.wire - http-outgoing-3 << "[\r][\n]"
2017-08-28 17:41:17.956 [I/O dispatcher 4] DEBUG org.apache.http.headers - http-outgoing-3 << HTTP/1.1 200 OK
2017-08-28 17:41:17.956 [I/O dispatcher 4] DEBUG org.apache.http.headers - http-outgoing-3 << Content-Type: application/json
2017-08-28 17:41:17.956 [I/O dispatcher 4] DEBUG org.apache.http.headers - http-outgoing-3 << X-Etcd-Cluster-Id: f3e1f8311e5e2e3b
2017-08-28 17:41:17.956 [I/O dispatcher 4] DEBUG org.apache.http.headers - http-outgoing-3 << X-Etcd-Index: 395024532
2017-08-28 17:41:17.956 [I/O dispatcher 4] DEBUG org.apache.http.headers - http-outgoing-3 << X-Raft-Index: 466944473
2017-08-28 17:41:17.956 [I/O dispatcher 4] DEBUG org.apache.http.headers - http-outgoing-3 << X-Raft-Term: 39395
2017-08-28 17:41:17.956 [I/O dispatcher 4] DEBUG org.apache.http.headers - http-outgoing-3 << Date: Mon, 28 Aug 2017 09:41:17 GMT
2017-08-28 17:41:17.956 [I/O dispatcher 4] DEBUG org.apache.http.headers - http-outgoing-3 << Transfer-Encoding: chunked
2017-08-28 17:41:17.956 [I/O dispatcher 4] DEBUG org.apache.http.impl.nio.client.InternalIODispatch - http-outgoing-3 [ACTIVE] Response received
2017-08-28 17:41:17.956 [I/O dispatcher 4] DEBUG org.apache.http.impl.nio.client.MainClientExec - [exchange: 8] Response received HTTP/1.1 200 OK
2017-08-28 17:41:17.956 [I/O dispatcher 4] DEBUG org.apache.http.impl.nio.client.InternalIODispatch - http-outgoing-3 [ACTIVE] Input ready
2017-08-28 17:41:17.957 [I/O dispatcher 4] DEBUG org.apache.http.impl.nio.client.MainClientExec - [exchange: 8] Consume content
2017-08-28 17:41:17.957 [I/O dispatcher 4] DEBUG o.a.http.impl.nio.conn.ManagedNHttpClientConnectionImpl - http-outgoing-3 172.17.11.56:61329<->172.17.1.16:2379[ACTIVE][r:r]: 0 bytes read
2017-08-28 17:41:17.957 [I/O dispatcher 4] DEBUG org.apache.http.impl.nio.client.InternalIODispatch - http-outgoing-3 [ACTIVE] [chunk-coded; completed: false]
2017-08-28 17:41:17.971 [main] DEBUG org.apache.http.impl.nio.client.MainClientExec - [exchange: 9] start execution
2017-08-28 17:41:17.972 [main] DEBUG org.apache.http.client.protocol.RequestAddCookies - CookieSpec selected: default
2017-08-28 17:41:17.972 [main] DEBUG org.apache.http.client.protocol.RequestAuthCache - Auth cache not set in the context
2017-08-28 17:41:17.972 [main] DEBUG org.apache.http.impl.nio.client.InternalHttpAsyncClient - [exchange: 9] Request connection for {}->http://etcd-dev.s.qima-inc.com:2379
2017-08-28 17:41:17.972 [main] DEBUG o.a.h.impl.nio.conn.PoolingNHttpClientConnectionManager - Connection request: [route: {}->http://etcd-dev.s.qima-inc.com:2379][total kept alive: 0; route allocated: 4 of 100; total allocated: 4 of 300]
2017-08-28 17:41:17.975 [I/O dispatcher 1] DEBUG o.a.h.impl.nio.conn.PoolingNHttpClientConnectionManager - Connection leased: [id: http-outgoing-4][route: {}->http://etcd-dev.s.qima-inc.com:2379][total kept alive: 0; route allocated: 5 of 100; total allocated: 5 of 300]
2017-08-28 17:41:17.975 [I/O dispatcher 1] DEBUG org.apache.http.impl.nio.client.InternalHttpAsyncClient - [exchange: 9] Connection allocated: CPoolProxy{http-outgoing-4 [ACTIVE]}
2017-08-28 17:41:17.975 [I/O dispatcher 1] DEBUG o.a.http.impl.nio.conn.ManagedNHttpClientConnectionImpl - http-outgoing-4 172.17.11.56:61330<->172.17.1.16:2379[ACTIVE][r:]: Set attribute http.nio.exchange-handler
2017-08-28 17:41:17.975 [I/O dispatcher 1] DEBUG o.a.http.impl.nio.conn.ManagedNHttpClientConnectionImpl - http-outgoing-4 172.17.11.56:61330<->172.17.1.16:2379[ACTIVE][rw:]: Event set [w]
2017-08-28 17:41:17.975 [I/O dispatcher 1] DEBUG o.a.http.impl.nio.conn.ManagedNHttpClientConnectionImpl - http-outgoing-4 172.17.11.56:61330<->172.17.1.16:2379[ACTIVE][rw:]: Set timeout 0
2017-08-28 17:41:17.975 [I/O dispatcher 1] DEBUG org.apache.http.impl.nio.client.InternalIODispatch - http-outgoing-4 [ACTIVE]: Connected
2017-08-28 17:41:17.975 [I/O dispatcher 1] DEBUG o.a.http.impl.nio.conn.ManagedNHttpClientConnectionImpl - http-outgoing-4 172.17.11.56:61330<->172.17.1.16:2379[ACTIVE][rw:]: Set attribute http.nio.http-exchange-state
2017-08-28 17:41:17.975 [I/O dispatcher 1] DEBUG org.apache.http.impl.nio.client.InternalHttpAsyncClient - Start connection routing
2017-08-28 17:41:17.976 [I/O dispatcher 1] DEBUG org.apache.http.impl.nio.client.MainClientExec - Connection route established
2017-08-28 17:41:17.976 [I/O dispatcher 1] DEBUG org.apache.http.impl.nio.client.MainClientExec - [exchange: 9] Attempt 1 to execute request
2017-08-28 17:41:17.976 [I/O dispatcher 1] DEBUG org.apache.http.impl.nio.client.MainClientExec - Target auth state: UNCHALLENGED
2017-08-28 17:41:17.976 [I/O dispatcher 1] DEBUG org.apache.http.impl.nio.client.MainClientExec - Proxy auth state: UNCHALLENGED
2017-08-28 17:41:17.976 [I/O dispatcher 1] DEBUG o.a.http.impl.nio.conn.ManagedNHttpClientConnectionImpl - http-outgoing-4 172.17.11.56:61330<->172.17.1.16:2379[ACTIVE][rw:]: Set timeout 10000
2017-08-28 17:41:17.976 [I/O dispatcher 1] DEBUG org.apache.http.headers - http-outgoing-4 >> GET /v2/keys/soa/providers/pay-assetcenter?recursive=true HTTP/1.1
2017-08-28 17:41:17.976 [I/O dispatcher 1] DEBUG org.apache.http.headers - http-outgoing-4 >> Host: etcd-dev.s.qima-inc.com:2379
2017-08-28 17:41:17.976 [I/O dispatcher 1] DEBUG org.apache.http.headers - http-outgoing-4 >> Connection: Keep-Alive
2017-08-28 17:41:17.976 [I/O dispatcher 1] DEBUG org.apache.http.headers - http-outgoing-4 >> User-Agent: Apache-HttpAsyncClient/4.1.2 (Java/1.8.0_111)
2017-08-28 17:41:17.976 [I/O dispatcher 1] DEBUG o.a.http.impl.nio.conn.ManagedNHttpClientConnectionImpl - http-outgoing-4 172.17.11.56:61330<->172.17.1.16:2379[ACTIVE][rw:]: Event set [w]
2017-08-28 17:41:17.976 [I/O dispatcher 1] DEBUG org.apache.http.impl.nio.client.MainClientExec - [exchange: 9] Request completed
2017-08-28 17:41:17.977 [I/O dispatcher 1] DEBUG o.a.http.impl.nio.conn.ManagedNHttpClientConnectionImpl - http-outgoing-4 172.17.11.56:61330<->172.17.1.16:2379[ACTIVE][rw:w]: 189 bytes written
2017-08-28 17:41:17.977 [I/O dispatcher 1] DEBUG org.apache.http.wire - http-outgoing-4 >> "GET /v2/keys/soa/providers/pay-assetcenter?recursive=true HTTP/1.1[\r][\n]"
2017-08-28 17:41:17.977 [I/O dispatcher 1] DEBUG org.apache.http.wire - http-outgoing-4 >> "Host: etcd-dev.s.qima-inc.com:2379[\r][\n]"
2017-08-28 17:41:17.977 [I/O dispatcher 1] DEBUG org.apache.http.wire - http-outgoing-4 >> "Connection: Keep-Alive[\r][\n]"
2017-08-28 17:41:17.977 [I/O dispatcher 1] DEBUG org.apache.http.wire - http-outgoing-4 >> "User-Agent: Apache-HttpAsyncClient/4.1.2 (Java/1.8.0_111)[\r][\n]"
2017-08-28 17:41:17.977 [I/O dispatcher 1] DEBUG org.apache.http.wire - http-outgoing-4 >> "[\r][\n]"
2017-08-28 17:41:17.977 [I/O dispatcher 1] DEBUG org.apache.http.impl.nio.client.InternalIODispatch - http-outgoing-4 [ACTIVE] Request ready
2017-08-28 17:41:17.977 [I/O dispatcher 1] DEBUG o.a.http.impl.nio.conn.ManagedNHttpClientConnectionImpl - http-outgoing-4 172.17.11.56:61330<->172.17.1.16:2379[ACTIVE][r:w]: Event cleared [w]
2017-08-28 17:41:17.978 [I/O dispatcher 1] DEBUG o.a.http.impl.nio.conn.ManagedNHttpClientConnectionImpl - http-outgoing-4 172.17.11.56:61330<->172.17.1.16:2379[ACTIVE][r:r]: 343 bytes read
2017-08-28 17:41:17.979 [I/O dispatcher 1] DEBUG org.apache.http.wire - http-outgoing-4 << "HTTP/1.1 200 OK[\r][\n]"
2017-08-28 17:41:17.979 [I/O dispatcher 1] DEBUG org.apache.http.wire - http-outgoing-4 << "Content-Type: application/json[\r][\n]"
2017-08-28 17:41:17.979 [I/O dispatcher 1] DEBUG org.apache.http.wire - http-outgoing-4 << "X-Etcd-Cluster-Id: f3e1f8311e5e2e3b[\r][\n]"
2017-08-28 17:41:17.979 [I/O dispatcher 1] DEBUG org.apache.http.wire - http-outgoing-4 << "X-Etcd-Index: 395024532[\r][\n]"
2017-08-28 17:41:17.979 [I/O dispatcher 1] DEBUG org.apache.http.wire - http-outgoing-4 << "X-Raft-Index: 466944473[\r][\n]"
2017-08-28 17:41:17.979 [I/O dispatcher 1] DEBUG org.apache.http.wire - http-outgoing-4 << "X-Raft-Term: 39395[\r][\n]"
2017-08-28 17:41:17.979 [I/O dispatcher 1] DEBUG org.apache.http.wire - http-outgoing-4 << "Date: Mon, 28 Aug 2017 09:41:17 GMT[\r][\n]"
2017-08-28 17:41:17.979 [I/O dispatcher 1] DEBUG org.apache.http.wire - http-outgoing-4 << "Content-Length: 127[\r][\n]"
2017-08-28 17:41:17.979 [I/O dispatcher 1] DEBUG org.apache.http.wire - http-outgoing-4 << "[\r][\n]"
2017-08-28 17:41:17.979 [I/O dispatcher 1] DEBUG org.apache.http.wire - http-outgoing-4 << "{"action":"get","node":{"key":"/soa/providers/pay-assetcenter","dir":true,"modifiedIndex":109695247,"createdIndex":109695247}}[\n]"
2017-08-28 17:41:17.983 [I/O dispatcher 1] DEBUG org.apache.http.headers - http-outgoing-4 << HTTP/1.1 200 OK
2017-08-28 17:41:17.983 [I/O dispatcher 1] DEBUG org.apache.http.headers - http-outgoing-4 << Content-Type: application/json
2017-08-28 17:41:17.983 [I/O dispatcher 1] DEBUG org.apache.http.headers - http-outgoing-4 << X-Etcd-Cluster-Id: f3e1f8311e5e2e3b
2017-08-28 17:41:17.984 [I/O dispatcher 1] DEBUG org.apache.http.headers - http-outgoing-4 << X-Etcd-Index: 395024532
2017-08-28 17:41:17.984 [I/O dispatcher 1] DEBUG org.apache.http.headers - http-outgoing-4 << X-Raft-Index: 466944473
2017-08-28 17:41:17.984 [I/O dispatcher 1] DEBUG org.apache.http.headers - http-outgoing-4 << X-Raft-Term: 39395
2017-08-28 17:41:17.984 [I/O dispatcher 1] DEBUG org.apache.http.headers - http-outgoing-4 << Date: Mon, 28 Aug 2017 09:41:17 GMT
2017-08-28 17:41:17.984 [I/O dispatcher 1] DEBUG org.apache.http.headers - http-outgoing-4 << Content-Length: 127
2017-08-28 17:41:17.984 [I/O dispatcher 1] DEBUG org.apache.http.impl.nio.client.InternalIODispatch - http-outgoing-4 [ACTIVE(127)] Response received
2017-08-28 17:41:17.984 [I/O dispatcher 1] DEBUG org.apache.http.impl.nio.client.MainClientExec - [exchange: 9] Response received HTTP/1.1 200 OK
2017-08-28 17:41:17.984 [I/O dispatcher 1] DEBUG org.apache.http.impl.nio.client.InternalIODispatch - http-outgoing-4 [ACTIVE(127)] Input ready
2017-08-28 17:41:17.984 [I/O dispatcher 1] DEBUG org.apache.http.impl.nio.client.MainClientExec - [exchange: 9] Consume content
2017-08-28 17:41:17.984 [I/O dispatcher 1] DEBUG org.apache.http.impl.nio.client.InternalHttpAsyncClient - [exchange: 9] Connection can be kept alive indefinitely
2017-08-28 17:41:17.985 [I/O dispatcher 1] DEBUG org.apache.http.impl.nio.client.MainClientExec - [exchange: 9] Response processed
2017-08-28 17:41:17.985 [I/O dispatcher 1] DEBUG org.apache.http.impl.nio.client.InternalHttpAsyncClient - [exchange: 9] releasing connection
2017-08-28 17:41:17.985 [I/O dispatcher 1] DEBUG o.a.http.impl.nio.conn.ManagedNHttpClientConnectionImpl - http-outgoing-4 172.17.11.56:61330<->172.17.1.16:2379[ACTIVE][r:r]: Remove attribute http.nio.exchange-handler
2017-08-28 17:41:17.985 [I/O dispatcher 1] DEBUG o.a.h.impl.nio.conn.PoolingNHttpClientConnectionManager - Releasing connection: [id: http-outgoing-4][route: {}->http://etcd-dev.s.qima-inc.com:2379][total kept alive: 0; route allocated: 5 of 100; total allocated: 5 of 300]
2017-08-28 17:41:17.985 [I/O dispatcher 1] DEBUG o.a.h.impl.nio.conn.PoolingNHttpClientConnectionManager - Connection [id: http-outgoing-4][route: {}->http://etcd-dev.s.qima-inc.com:2379] can be kept alive indefinitely
2017-08-28 17:41:17.985 [I/O dispatcher 1] DEBUG o.a.http.impl.nio.conn.ManagedNHttpClientConnectionImpl - http-outgoing-4 172.17.11.56:61330<->172.17.1.16:2379[ACTIVE][r:r]: Set timeout 0
2017-08-28 17:41:17.985 [I/O dispatcher 1] DEBUG o.a.h.impl.nio.conn.PoolingNHttpClientConnectionManager - Connection released: [id: http-outgoing-4][route: {}->http://etcd-dev.s.qima-inc.com:2379][total kept alive: 1; route allocated: 5 of 100; total allocated: 5 of 300]
2017-08-28 17:41:17.986 [I/O dispatcher 1] DEBUG org.apache.http.impl.nio.client.InternalIODispatch - http-outgoing-4 [ACTIVE] [content length: 127; pos: 127; completed: true]
2017-08-28 17:41:17.986 [main] INFO  com.youzan.platform.haunt.serviceExt.NovaGovernance - subscribe governance service path is  /soa/providers/pay-assetcenter
2017-08-28 17:41:17.993 [EtcdEventThread-5] DEBUG com.youzan.platform.haunt.core.EtcdConnector - haunt watch url is http://etcd-dev.s.qima-inc.com:2379/v2/keys/soa/providers/pay-assetcenter?wait=true&waitIndex=0&recursive=true
2017-08-28 17:41:17.993 [main] DEBUG org.apache.http.impl.nio.client.MainClientExec - [exchange: 10] start execution
2017-08-28 17:41:17.993 [EtcdEventThread-5] DEBUG org.apache.http.impl.nio.client.MainClientExec - [exchange: 11] start execution
2017-08-28 17:41:17.993 [main] DEBUG org.apache.http.client.protocol.RequestAddCookies - CookieSpec selected: default
2017-08-28 17:41:17.993 [EtcdEventThread-5] DEBUG org.apache.http.client.protocol.RequestAddCookies - CookieSpec selected: default
2017-08-28 17:41:17.993 [EtcdEventThread-5] DEBUG org.apache.http.client.protocol.RequestAuthCache - Auth cache not set in the context
2017-08-28 17:41:17.993 [EtcdEventThread-5] DEBUG org.apache.http.impl.nio.client.InternalHttpAsyncClient - [exchange: 11] Request connection for {}->http://etcd-dev.s.qima-inc.com:2379
2017-08-28 17:41:17.993 [EtcdEventThread-5] DEBUG o.a.h.impl.nio.conn.PoolingNHttpClientConnectionManager - Connection request: [route: {}->http://etcd-dev.s.qima-inc.com:2379][total kept alive: 1; route allocated: 5 of 100; total allocated: 5 of 300]
2017-08-28 17:41:17.993 [EtcdEventThread-5] DEBUG o.a.http.impl.nio.conn.ManagedNHttpClientConnectionImpl - http-outgoing-4 172.17.11.56:61330<->172.17.1.16:2379[ACTIVE][r:r]: Set timeout 0
2017-08-28 17:41:17.994 [EtcdEventThread-5] DEBUG o.a.h.impl.nio.conn.PoolingNHttpClientConnectionManager - Connection leased: [id: http-outgoing-4][route: {}->http://etcd-dev.s.qima-inc.com:2379][total kept alive: 0; route allocated: 5 of 100; total allocated: 5 of 300]
2017-08-28 17:41:17.993 [main] DEBUG org.apache.http.client.protocol.RequestAuthCache - Auth cache not set in the context
2017-08-28 17:41:17.994 [EtcdEventThread-5] DEBUG org.apache.http.impl.nio.client.InternalHttpAsyncClient - [exchange: 11] Connection allocated: CPoolProxy{http-outgoing-4 [ACTIVE]}
2017-08-28 17:41:17.994 [EtcdEventThread-5] DEBUG o.a.http.impl.nio.conn.ManagedNHttpClientConnectionImpl - http-outgoing-4 172.17.11.56:61330<->172.17.1.16:2379[ACTIVE][r:r]: Set attribute http.nio.exchange-handler
2017-08-28 17:41:17.995 [EtcdEventThread-5] DEBUG o.a.http.impl.nio.conn.ManagedNHttpClientConnectionImpl - http-outgoing-4 172.17.11.56:61330<->172.17.1.16:2379[ACTIVE][rw:r]: Event set [w]
2017-08-28 17:41:17.995 [I/O dispatcher 1] DEBUG org.apache.http.impl.nio.client.InternalIODispatch - http-outgoing-4 [ACTIVE] Request ready
2017-08-28 17:41:17.995 [I/O dispatcher 1] DEBUG org.apache.http.impl.nio.client.InternalHttpAsyncClient - Connection route already established
2017-08-28 17:41:17.995 [I/O dispatcher 1] DEBUG org.apache.http.impl.nio.client.MainClientExec - [exchange: 11] Attempt 1 to execute request
2017-08-28 17:41:17.995 [I/O dispatcher 1] DEBUG org.apache.http.impl.nio.client.MainClientExec - Target auth state: UNCHALLENGED
2017-08-28 17:41:17.996 [I/O dispatcher 1] DEBUG org.apache.http.impl.nio.client.MainClientExec - Proxy auth state: UNCHALLENGED
2017-08-28 17:41:17.996 [main] DEBUG org.apache.http.impl.nio.client.InternalHttpAsyncClient - [exchange: 10] Request connection for {}->http://etcd-dev.s.qima-inc.com:2379
2017-08-28 17:41:17.996 [I/O dispatcher 1] DEBUG o.a.http.impl.nio.conn.ManagedNHttpClientConnectionImpl - http-outgoing-4 172.17.11.56:61330<->172.17.1.16:2379[ACTIVE][rw:w]: Set timeout 10000
2017-08-28 17:41:17.996 [I/O dispatcher 1] DEBUG org.apache.http.headers - http-outgoing-4 >> GET /v2/keys/soa/providers/pay-assetcenter?wait=true&waitIndex=0&recursive=true HTTP/1.1
2017-08-28 17:41:17.996 [I/O dispatcher 1] DEBUG org.apache.http.headers - http-outgoing-4 >> Host: etcd-dev.s.qima-inc.com:2379
2017-08-28 17:41:17.996 [I/O dispatcher 1] DEBUG org.apache.http.headers - http-outgoing-4 >> Connection: Keep-Alive
2017-08-28 17:41:17.996 [I/O dispatcher 1] DEBUG org.apache.http.headers - http-outgoing-4 >> User-Agent: Apache-HttpAsyncClient/4.1.2 (Java/1.8.0_111)
2017-08-28 17:41:17.996 [I/O dispatcher 1] DEBUG o.a.http.impl.nio.conn.ManagedNHttpClientConnectionImpl - http-outgoing-4 172.17.11.56:61330<->172.17.1.16:2379[ACTIVE][rw:w]: Event set [w]
2017-08-28 17:41:17.996 [I/O dispatcher 1] DEBUG org.apache.http.impl.nio.client.MainClientExec - [exchange: 11] Request completed
2017-08-28 17:41:17.996 [I/O dispatcher 1] DEBUG o.a.http.impl.nio.conn.ManagedNHttpClientConnectionImpl - http-outgoing-4 172.17.11.56:61330<->172.17.1.16:2379[ACTIVE][rw:w]: 211 bytes written
2017-08-28 17:41:17.996 [I/O dispatcher 1] DEBUG org.apache.http.wire - http-outgoing-4 >> "GET /v2/keys/soa/providers/pay-assetcenter?wait=true&waitIndex=0&recursive=true HTTP/1.1[\r][\n]"
2017-08-28 17:41:17.996 [I/O dispatcher 1] DEBUG org.apache.http.wire - http-outgoing-4 >> "Host: etcd-dev.s.qima-inc.com:2379[\r][\n]"
2017-08-28 17:41:17.997 [I/O dispatcher 1] DEBUG org.apache.http.wire - http-outgoing-4 >> "Connection: Keep-Alive[\r][\n]"
2017-08-28 17:41:17.997 [I/O dispatcher 1] DEBUG org.apache.http.wire - http-outgoing-4 >> "User-Agent: Apache-HttpAsyncClient/4.1.2 (Java/1.8.0_111)[\r][\n]"
2017-08-28 17:41:17.997 [I/O dispatcher 1] DEBUG org.apache.http.wire - http-outgoing-4 >> "[\r][\n]"
2017-08-28 17:41:17.997 [I/O dispatcher 1] DEBUG org.apache.http.impl.nio.client.InternalIODispatch - http-outgoing-4 [ACTIVE] Request ready
2017-08-28 17:41:17.997 [I/O dispatcher 1] DEBUG o.a.http.impl.nio.conn.ManagedNHttpClientConnectionImpl - http-outgoing-4 172.17.11.56:61330<->172.17.1.16:2379[ACTIVE][r:w]: Event cleared [w]
2017-08-28 17:41:17.997 [main] DEBUG o.a.h.impl.nio.conn.PoolingNHttpClientConnectionManager - Connection request: [route: {}->http://etcd-dev.s.qima-inc.com:2379][total kept alive: 0; route allocated: 5 of 100; total allocated: 5 of 300]
2017-08-28 17:41:17.998 [I/O dispatcher 1] DEBUG o.a.http.impl.nio.conn.ManagedNHttpClientConnectionImpl - http-outgoing-4 172.17.11.56:61330<->172.17.1.16:2379[ACTIVE][r:r]: 223 bytes read
2017-08-28 17:41:17.998 [I/O dispatcher 1] DEBUG org.apache.http.wire - http-outgoing-4 << "HTTP/1.1 200 OK[\r][\n]"
2017-08-28 17:41:17.998 [I/O dispatcher 1] DEBUG org.apache.http.wire - http-outgoing-4 << "Content-Type: application/json[\r][\n]"
2017-08-28 17:41:17.999 [I/O dispatcher 1] DEBUG org.apache.http.wire - http-outgoing-4 << "X-Etcd-Cluster-Id: f3e1f8311e5e2e3b[\r][\n]"
2017-08-28 17:41:17.999 [I/O dispatcher 1] DEBUG org.apache.http.wire - http-outgoing-4 << "X-Etcd-Index: 395024533[\r][\n]"
2017-08-28 17:41:17.999 [I/O dispatcher 1] DEBUG org.apache.http.wire - http-outgoing-4 << "X-Raft-Index: 466944474[\r][\n]"
2017-08-28 17:41:18.000 [I/O dispatcher 1] DEBUG org.apache.http.wire - http-outgoing-4 << "X-Raft-Term: 39395[\r][\n]"
2017-08-28 17:41:18.000 [I/O dispatcher 1] DEBUG org.apache.http.wire - http-outgoing-4 << "Date: Mon, 28 Aug 2017 09:41:17 GMT[\r][\n]"
2017-08-28 17:41:18.000 [I/O dispatcher 1] DEBUG org.apache.http.wire - http-outgoing-4 << "Transfer-Encoding: chunked[\r][\n]"
2017-08-28 17:41:18.000 [I/O dispatcher 1] DEBUG org.apache.http.wire - http-outgoing-4 << "[\r][\n]"
2017-08-28 17:41:18.000 [I/O dispatcher 1] DEBUG org.apache.http.headers - http-outgoing-4 << HTTP/1.1 200 OK
2017-08-28 17:41:18.001 [I/O dispatcher 1] DEBUG org.apache.http.headers - http-outgoing-4 << Content-Type: application/json
2017-08-28 17:41:18.001 [I/O dispatcher 1] DEBUG org.apache.http.headers - http-outgoing-4 << X-Etcd-Cluster-Id: f3e1f8311e5e2e3b
2017-08-28 17:41:18.001 [I/O dispatcher 1] DEBUG org.apache.http.headers - http-outgoing-4 << X-Etcd-Index: 395024533
2017-08-28 17:41:18.001 [I/O dispatcher 1] DEBUG org.apache.http.headers - http-outgoing-4 << X-Raft-Index: 466944474
2017-08-28 17:41:18.001 [I/O dispatcher 1] DEBUG org.apache.http.headers - http-outgoing-4 << X-Raft-Term: 39395
2017-08-28 17:41:18.001 [I/O dispatcher 1] DEBUG org.apache.http.headers - http-outgoing-4 << Date: Mon, 28 Aug 2017 09:41:17 GMT
2017-08-28 17:41:18.001 [I/O dispatcher 2] DEBUG o.a.h.impl.nio.conn.PoolingNHttpClientConnectionManager - Connection leased: [id: http-outgoing-5][route: {}->http://etcd-dev.s.qima-inc.com:2379][total kept alive: 0; route allocated: 6 of 100; total allocated: 6 of 300]
2017-08-28 17:41:18.001 [I/O dispatcher 1] DEBUG org.apache.http.headers - http-outgoing-4 << Transfer-Encoding: chunked
2017-08-28 17:41:18.001 [I/O dispatcher 1] DEBUG org.apache.http.impl.nio.client.InternalIODispatch - http-outgoing-4 [ACTIVE] Response received
2017-08-28 17:41:18.001 [I/O dispatcher 2] DEBUG org.apache.http.impl.nio.client.InternalHttpAsyncClient - [exchange: 10] Connection allocated: CPoolProxy{http-outgoing-5 [ACTIVE]}
2017-08-28 17:41:18.001 [I/O dispatcher 1] DEBUG org.apache.http.impl.nio.client.MainClientExec - [exchange: 11] Response received HTTP/1.1 200 OK
2017-08-28 17:41:18.001 [I/O dispatcher 2] DEBUG o.a.http.impl.nio.conn.ManagedNHttpClientConnectionImpl - http-outgoing-5 172.17.11.56:61331<->172.17.1.16:2379[ACTIVE][r:]: Set attribute http.nio.exchange-handler
2017-08-28 17:41:18.001 [I/O dispatcher 2] DEBUG o.a.http.impl.nio.conn.ManagedNHttpClientConnectionImpl - http-outgoing-5 172.17.11.56:61331<->172.17.1.16:2379[ACTIVE][rw:]: Event set [w]
2017-08-28 17:41:18.001 [I/O dispatcher 1] DEBUG org.apache.http.impl.nio.client.InternalIODispatch - http-outgoing-4 [ACTIVE] Input ready
2017-08-28 17:41:18.001 [I/O dispatcher 2] DEBUG o.a.http.impl.nio.conn.ManagedNHttpClientConnectionImpl - http-outgoing-5 172.17.11.56:61331<->172.17.1.16:2379[ACTIVE][rw:]: Set timeout 0
2017-08-28 17:41:18.001 [I/O dispatcher 1] DEBUG org.apache.http.impl.nio.client.MainClientExec - [exchange: 11] Consume content
2017-08-28 17:41:18.001 [I/O dispatcher 2] DEBUG org.apache.http.impl.nio.client.InternalIODispatch - http-outgoing-5 [ACTIVE]: Connected
2017-08-28 17:41:18.001 [I/O dispatcher 2] DEBUG o.a.http.impl.nio.conn.ManagedNHttpClientConnectionImpl - http-outgoing-5 172.17.11.56:61331<->172.17.1.16:2379[ACTIVE][rw:]: Set attribute http.nio.http-exchange-state
2017-08-28 17:41:18.001 [I/O dispatcher 1] DEBUG o.a.http.impl.nio.conn.ManagedNHttpClientConnectionImpl - http-outgoing-4 172.17.11.56:61330<->172.17.1.16:2379[ACTIVE][r:r]: 0 bytes read
2017-08-28 17:41:18.001 [I/O dispatcher 2] DEBUG org.apache.http.impl.nio.client.InternalHttpAsyncClient - Start connection routing
2017-08-28 17:41:18.001 [I/O dispatcher 1] DEBUG org.apache.http.impl.nio.client.InternalIODispatch - http-outgoing-4 [ACTIVE] [chunk-coded; completed: false]
2017-08-28 17:41:18.002 [I/O dispatcher 2] DEBUG org.apache.http.impl.nio.client.MainClientExec - Connection route established
2017-08-28 17:41:18.002 [I/O dispatcher 2] DEBUG org.apache.http.impl.nio.client.MainClientExec - [exchange: 10] Attempt 1 to execute request
2017-08-28 17:41:18.002 [I/O dispatcher 2] DEBUG org.apache.http.impl.nio.client.MainClientExec - Target auth state: UNCHALLENGED
2017-08-28 17:41:18.002 [I/O dispatcher 2] DEBUG org.apache.http.impl.nio.client.MainClientExec - Proxy auth state: UNCHALLENGED
2017-08-28 17:41:18.002 [I/O dispatcher 2] DEBUG o.a.http.impl.nio.conn.ManagedNHttpClientConnectionImpl - http-outgoing-5 172.17.11.56:61331<->172.17.1.16:2379[ACTIVE][rw:]: Set timeout 10000
2017-08-28 17:41:18.002 [I/O dispatcher 2] DEBUG org.apache.http.headers - http-outgoing-5 >> GET /v2/keys/soa/providers/pay-customer?recursive=true HTTP/1.1
2017-08-28 17:41:18.002 [I/O dispatcher 2] DEBUG org.apache.http.headers - http-outgoing-5 >> Host: etcd-dev.s.qima-inc.com:2379
2017-08-28 17:41:18.002 [I/O dispatcher 2] DEBUG org.apache.http.headers - http-outgoing-5 >> Connection: Keep-Alive
2017-08-28 17:41:18.002 [I/O dispatcher 2] DEBUG org.apache.http.headers - http-outgoing-5 >> User-Agent: Apache-HttpAsyncClient/4.1.2 (Java/1.8.0_111)
2017-08-28 17:41:18.002 [I/O dispatcher 2] DEBUG o.a.http.impl.nio.conn.ManagedNHttpClientConnectionImpl - http-outgoing-5 172.17.11.56:61331<->172.17.1.16:2379[ACTIVE][rw:]: Event set [w]
2017-08-28 17:41:18.002 [I/O dispatcher 2] DEBUG org.apache.http.impl.nio.client.MainClientExec - [exchange: 10] Request completed
2017-08-28 17:41:18.002 [I/O dispatcher 2] DEBUG o.a.http.impl.nio.conn.ManagedNHttpClientConnectionImpl - http-outgoing-5 172.17.11.56:61331<->172.17.1.16:2379[ACTIVE][rw:w]: 186 bytes written
2017-08-28 17:41:18.003 [I/O dispatcher 2] DEBUG org.apache.http.wire - http-outgoing-5 >> "GET /v2/keys/soa/providers/pay-customer?recursive=true HTTP/1.1[\r][\n]"
2017-08-28 17:41:18.003 [I/O dispatcher 2] DEBUG org.apache.http.wire - http-outgoing-5 >> "Host: etcd-dev.s.qima-inc.com:2379[\r][\n]"
2017-08-28 17:41:18.003 [I/O dispatcher 2] DEBUG org.apache.http.wire - http-outgoing-5 >> "Connection: Keep-Alive[\r][\n]"
2017-08-28 17:41:18.003 [I/O dispatcher 2] DEBUG org.apache.http.wire - http-outgoing-5 >> "User-Agent: Apache-HttpAsyncClient/4.1.2 (Java/1.8.0_111)[\r][\n]"
2017-08-28 17:41:18.003 [I/O dispatcher 2] DEBUG org.apache.http.wire - http-outgoing-5 >> "[\r][\n]"
2017-08-28 17:41:18.003 [I/O dispatcher 2] DEBUG org.apache.http.impl.nio.client.InternalIODispatch - http-outgoing-5 [ACTIVE] Request ready
2017-08-28 17:41:18.003 [I/O dispatcher 2] DEBUG o.a.http.impl.nio.conn.ManagedNHttpClientConnectionImpl - http-outgoing-5 172.17.11.56:61331<->172.17.1.16:2379[ACTIVE][r:w]: Event cleared [w]
2017-08-28 17:41:18.004 [I/O dispatcher 2] DEBUG o.a.http.impl.nio.conn.ManagedNHttpClientConnectionImpl - http-outgoing-5 172.17.11.56:61331<->172.17.1.16:2379[ACTIVE][r:r]: 340 bytes read
2017-08-28 17:41:18.004 [I/O dispatcher 2] DEBUG org.apache.http.wire - http-outgoing-5 << "HTTP/1.1 200 OK[\r][\n]"
2017-08-28 17:41:18.004 [I/O dispatcher 2] DEBUG org.apache.http.wire - http-outgoing-5 << "Content-Type: application/json[\r][\n]"
2017-08-28 17:41:18.004 [I/O dispatcher 2] DEBUG org.apache.http.wire - http-outgoing-5 << "X-Etcd-Cluster-Id: f3e1f8311e5e2e3b[\r][\n]"
2017-08-28 17:41:18.004 [I/O dispatcher 2] DEBUG org.apache.http.wire - http-outgoing-5 << "X-Etcd-Index: 395024533[\r][\n]"
2017-08-28 17:41:18.005 [I/O dispatcher 2] DEBUG org.apache.http.wire - http-outgoing-5 << "X-Raft-Index: 466944474[\r][\n]"
2017-08-28 17:41:18.005 [I/O dispatcher 2] DEBUG org.apache.http.wire - http-outgoing-5 << "X-Raft-Term: 39395[\r][\n]"
2017-08-28 17:41:18.005 [I/O dispatcher 2] DEBUG org.apache.http.wire - http-outgoing-5 << "Date: Mon, 28 Aug 2017 09:41:17 GMT[\r][\n]"
2017-08-28 17:41:18.005 [I/O dispatcher 2] DEBUG org.apache.http.wire - http-outgoing-5 << "Content-Length: 124[\r][\n]"
2017-08-28 17:41:18.005 [I/O dispatcher 2] DEBUG org.apache.http.wire - http-outgoing-5 << "[\r][\n]"
2017-08-28 17:41:18.005 [I/O dispatcher 2] DEBUG org.apache.http.wire - http-outgoing-5 << "{"action":"get","node":{"key":"/soa/providers/pay-customer","dir":true,"modifiedIndex":121237566,"createdIndex":121237566}}[\n]"
2017-08-28 17:41:18.005 [I/O dispatcher 2] DEBUG org.apache.http.headers - http-outgoing-5 << HTTP/1.1 200 OK
2017-08-28 17:41:18.005 [I/O dispatcher 2] DEBUG org.apache.http.headers - http-outgoing-5 << Content-Type: application/json
2017-08-28 17:41:18.005 [I/O dispatcher 2] DEBUG org.apache.http.headers - http-outgoing-5 << X-Etcd-Cluster-Id: f3e1f8311e5e2e3b
2017-08-28 17:41:18.005 [I/O dispatcher 2] DEBUG org.apache.http.headers - http-outgoing-5 << X-Etcd-Index: 395024533
2017-08-28 17:41:18.005 [I/O dispatcher 2] DEBUG org.apache.http.headers - http-outgoing-5 << X-Raft-Index: 466944474
2017-08-28 17:41:18.005 [I/O dispatcher 2] DEBUG org.apache.http.headers - http-outgoing-5 << X-Raft-Term: 39395
2017-08-28 17:41:18.005 [I/O dispatcher 2] DEBUG org.apache.http.headers - http-outgoing-5 << Date: Mon, 28 Aug 2017 09:41:17 GMT
2017-08-28 17:41:18.005 [I/O dispatcher 2] DEBUG org.apache.http.headers - http-outgoing-5 << Content-Length: 124
2017-08-28 17:41:18.005 [I/O dispatcher 2] DEBUG org.apache.http.impl.nio.client.InternalIODispatch - http-outgoing-5 [ACTIVE(124)] Response received
2017-08-28 17:41:18.006 [I/O dispatcher 2] DEBUG org.apache.http.impl.nio.client.MainClientExec - [exchange: 10] Response received HTTP/1.1 200 OK
2017-08-28 17:41:18.006 [I/O dispatcher 2] DEBUG org.apache.http.impl.nio.client.InternalIODispatch - http-outgoing-5 [ACTIVE(124)] Input ready
2017-08-28 17:41:18.006 [I/O dispatcher 2] DEBUG org.apache.http.impl.nio.client.MainClientExec - [exchange: 10] Consume content
2017-08-28 17:41:18.006 [I/O dispatcher 2] DEBUG org.apache.http.impl.nio.client.InternalHttpAsyncClient - [exchange: 10] Connection can be kept alive indefinitely
2017-08-28 17:41:18.006 [I/O dispatcher 2] DEBUG org.apache.http.impl.nio.client.MainClientExec - [exchange: 10] Response processed
2017-08-28 17:41:18.007 [I/O dispatcher 2] DEBUG org.apache.http.impl.nio.client.InternalHttpAsyncClient - [exchange: 10] releasing connection
2017-08-28 17:41:18.007 [I/O dispatcher 2] DEBUG o.a.http.impl.nio.conn.ManagedNHttpClientConnectionImpl - http-outgoing-5 172.17.11.56:61331<->172.17.1.16:2379[ACTIVE][r:r]: Remove attribute http.nio.exchange-handler
2017-08-28 17:41:18.007 [I/O dispatcher 2] DEBUG o.a.h.impl.nio.conn.PoolingNHttpClientConnectionManager - Releasing connection: [id: http-outgoing-5][route: {}->http://etcd-dev.s.qima-inc.com:2379][total kept alive: 0; route allocated: 6 of 100; total allocated: 6 of 300]
2017-08-28 17:41:18.007 [I/O dispatcher 2] DEBUG o.a.h.impl.nio.conn.PoolingNHttpClientConnectionManager - Connection [id: http-outgoing-5][route: {}->http://etcd-dev.s.qima-inc.com:2379] can be kept alive indefinitely
2017-08-28 17:41:18.008 [I/O dispatcher 2] DEBUG o.a.http.impl.nio.conn.ManagedNHttpClientConnectionImpl - http-outgoing-5 172.17.11.56:61331<->172.17.1.16:2379[ACTIVE][r:r]: Set timeout 0
2017-08-28 17:41:18.008 [I/O dispatcher 2] DEBUG o.a.h.impl.nio.conn.PoolingNHttpClientConnectionManager - Connection released: [id: http-outgoing-5][route: {}->http://etcd-dev.s.qima-inc.com:2379][total kept alive: 1; route allocated: 6 of 100; total allocated: 6 of 300]
2017-08-28 17:41:18.009 [I/O dispatcher 2] DEBUG org.apache.http.impl.nio.client.InternalIODispatch - http-outgoing-5 [ACTIVE] [content length: 124; pos: 124; completed: true]
2017-08-28 17:41:18.010 [main] INFO  com.youzan.platform.haunt.serviceExt.NovaGovernance - subscribe governance service path is  /soa/providers/pay-customer
2017-08-28 17:41:18.011 [EtcdEventThread-6] DEBUG com.youzan.platform.haunt.core.EtcdConnector - haunt watch url is http://etcd-dev.s.qima-inc.com:2379/v2/keys/soa/providers/pay-customer?wait=true&waitIndex=0&recursive=true
2017-08-28 17:41:18.011 [EtcdEventThread-6] DEBUG org.apache.http.impl.nio.client.MainClientExec - [exchange: 13] start execution
2017-08-28 17:41:18.012 [EtcdEventThread-6] DEBUG org.apache.http.client.protocol.RequestAddCookies - CookieSpec selected: default
2017-08-28 17:41:18.012 [EtcdEventThread-6] DEBUG org.apache.http.client.protocol.RequestAuthCache - Auth cache not set in the context
2017-08-28 17:41:18.012 [EtcdEventThread-6] DEBUG org.apache.http.impl.nio.client.InternalHttpAsyncClient - [exchange: 13] Request connection for {}->http://etcd-dev.s.qima-inc.com:2379
2017-08-28 17:41:18.012 [EtcdEventThread-6] DEBUG o.a.h.impl.nio.conn.PoolingNHttpClientConnectionManager - Connection request: [route: {}->http://etcd-dev.s.qima-inc.com:2379][total kept alive: 1; route allocated: 6 of 100; total allocated: 6 of 300]
2017-08-28 17:41:18.012 [EtcdEventThread-6] DEBUG o.a.http.impl.nio.conn.ManagedNHttpClientConnectionImpl - http-outgoing-5 172.17.11.56:61331<->172.17.1.16:2379[ACTIVE][r:r]: Set timeout 0
2017-08-28 17:41:18.012 [EtcdEventThread-6] DEBUG o.a.h.impl.nio.conn.PoolingNHttpClientConnectionManager - Connection leased: [id: http-outgoing-5][route: {}->http://etcd-dev.s.qima-inc.com:2379][total kept alive: 0; route allocated: 6 of 100; total allocated: 6 of 300]
2017-08-28 17:41:18.012 [EtcdEventThread-6] DEBUG org.apache.http.impl.nio.client.InternalHttpAsyncClient - [exchange: 13] Connection allocated: CPoolProxy{http-outgoing-5 [ACTIVE]}
2017-08-28 17:41:18.011 [main] DEBUG org.apache.http.impl.nio.client.MainClientExec - [exchange: 12] start execution
2017-08-28 17:41:18.013 [EtcdEventThread-6] DEBUG o.a.http.impl.nio.conn.ManagedNHttpClientConnectionImpl - http-outgoing-5 172.17.11.56:61331<->172.17.1.16:2379[ACTIVE][r:r]: Set attribute http.nio.exchange-handler
2017-08-28 17:41:18.013 [EtcdEventThread-6] DEBUG o.a.http.impl.nio.conn.ManagedNHttpClientConnectionImpl - http-outgoing-5 172.17.11.56:61331<->172.17.1.16:2379[ACTIVE][rw:r]: Event set [w]
2017-08-28 17:41:18.013 [I/O dispatcher 2] DEBUG org.apache.http.impl.nio.client.InternalIODispatch - http-outgoing-5 [ACTIVE] Request ready
2017-08-28 17:41:18.014 [I/O dispatcher 2] DEBUG org.apache.http.impl.nio.client.InternalHttpAsyncClient - Connection route already established
2017-08-28 17:41:18.014 [I/O dispatcher 2] DEBUG org.apache.http.impl.nio.client.MainClientExec - [exchange: 13] Attempt 1 to execute request
2017-08-28 17:41:18.014 [I/O dispatcher 2] DEBUG org.apache.http.impl.nio.client.MainClientExec - Target auth state: UNCHALLENGED
2017-08-28 17:41:18.014 [I/O dispatcher 2] DEBUG org.apache.http.impl.nio.client.MainClientExec - Proxy auth state: UNCHALLENGED
2017-08-28 17:41:18.014 [I/O dispatcher 2] DEBUG o.a.http.impl.nio.conn.ManagedNHttpClientConnectionImpl - http-outgoing-5 172.17.11.56:61331<->172.17.1.16:2379[ACTIVE][rw:w]: Set timeout 10000
2017-08-28 17:41:18.014 [I/O dispatcher 2] DEBUG org.apache.http.headers - http-outgoing-5 >> GET /v2/keys/soa/providers/pay-customer?wait=true&waitIndex=0&recursive=true HTTP/1.1
2017-08-28 17:41:18.014 [I/O dispatcher 2] DEBUG org.apache.http.headers - http-outgoing-5 >> Host: etcd-dev.s.qima-inc.com:2379
2017-08-28 17:41:18.014 [I/O dispatcher 2] DEBUG org.apache.http.headers - http-outgoing-5 >> Connection: Keep-Alive
2017-08-28 17:41:18.014 [I/O dispatcher 2] DEBUG org.apache.http.headers - http-outgoing-5 >> User-Agent: Apache-HttpAsyncClient/4.1.2 (Java/1.8.0_111)
2017-08-28 17:41:18.014 [I/O dispatcher 2] DEBUG o.a.http.impl.nio.conn.ManagedNHttpClientConnectionImpl - http-outgoing-5 172.17.11.56:61331<->172.17.1.16:2379[ACTIVE][rw:w]: Event set [w]
2017-08-28 17:41:18.014 [I/O dispatcher 2] DEBUG org.apache.http.impl.nio.client.MainClientExec - [exchange: 13] Request completed
2017-08-28 17:41:18.015 [I/O dispatcher 2] DEBUG o.a.http.impl.nio.conn.ManagedNHttpClientConnectionImpl - http-outgoing-5 172.17.11.56:61331<->172.17.1.16:2379[ACTIVE][rw:w]: 208 bytes written
2017-08-28 17:41:18.015 [I/O dispatcher 2] DEBUG org.apache.http.wire - http-outgoing-5 >> "GET /v2/keys/soa/providers/pay-customer?wait=true&waitIndex=0&recursive=true HTTP/1.1[\r][\n]"
2017-08-28 17:41:18.015 [I/O dispatcher 2] DEBUG org.apache.http.wire - http-outgoing-5 >> "Host: etcd-dev.s.qima-inc.com:2379[\r][\n]"
2017-08-28 17:41:18.015 [I/O dispatcher 2] DEBUG org.apache.http.wire - http-outgoing-5 >> "Connection: Keep-Alive[\r][\n]"
2017-08-28 17:41:18.015 [I/O dispatcher 2] DEBUG org.apache.http.wire - http-outgoing-5 >> "User-Agent: Apache-HttpAsyncClient/4.1.2 (Java/1.8.0_111)[\r][\n]"
2017-08-28 17:41:18.015 [I/O dispatcher 2] DEBUG org.apache.http.wire - http-outgoing-5 >> "[\r][\n]"
2017-08-28 17:41:18.015 [I/O dispatcher 2] DEBUG org.apache.http.impl.nio.client.InternalIODispatch - http-outgoing-5 [ACTIVE] Request ready
2017-08-28 17:41:18.015 [I/O dispatcher 2] DEBUG o.a.http.impl.nio.conn.ManagedNHttpClientConnectionImpl - http-outgoing-5 172.17.11.56:61331<->172.17.1.16:2379[ACTIVE][r:w]: Event cleared [w]
2017-08-28 17:41:18.016 [I/O dispatcher 2] DEBUG o.a.http.impl.nio.conn.ManagedNHttpClientConnectionImpl - http-outgoing-5 172.17.11.56:61331<->172.17.1.16:2379[ACTIVE][r:r]: 223 bytes read
2017-08-28 17:41:18.016 [I/O dispatcher 2] DEBUG org.apache.http.wire - http-outgoing-5 << "HTTP/1.1 200 OK[\r][\n]"
2017-08-28 17:41:18.016 [I/O dispatcher 2] DEBUG org.apache.http.wire - http-outgoing-5 << "Content-Type: application/json[\r][\n]"
2017-08-28 17:41:18.016 [I/O dispatcher 2] DEBUG org.apache.http.wire - http-outgoing-5 << "X-Etcd-Cluster-Id: f3e1f8311e5e2e3b[\r][\n]"
2017-08-28 17:41:18.016 [I/O dispatcher 2] DEBUG org.apache.http.wire - http-outgoing-5 << "X-Etcd-Index: 395024533[\r][\n]"
2017-08-28 17:41:18.017 [I/O dispatcher 2] DEBUG org.apache.http.wire - http-outgoing-5 << "X-Raft-Index: 466944475[\r][\n]"
2017-08-28 17:41:18.017 [I/O dispatcher 2] DEBUG org.apache.http.wire - http-outgoing-5 << "X-Raft-Term: 39395[\r][\n]"
2017-08-28 17:41:18.017 [I/O dispatcher 2] DEBUG org.apache.http.wire - http-outgoing-5 << "Date: Mon, 28 Aug 2017 09:41:17 GMT[\r][\n]"
2017-08-28 17:41:18.017 [I/O dispatcher 2] DEBUG org.apache.http.wire - http-outgoing-5 << "Transfer-Encoding: chunked[\r][\n]"
2017-08-28 17:41:18.017 [I/O dispatcher 2] DEBUG org.apache.http.wire - http-outgoing-5 << "[\r][\n]"
2017-08-28 17:41:18.017 [I/O dispatcher 2] DEBUG org.apache.http.headers - http-outgoing-5 << HTTP/1.1 200 OK
2017-08-28 17:41:18.017 [I/O dispatcher 2] DEBUG org.apache.http.headers - http-outgoing-5 << Content-Type: application/json
2017-08-28 17:41:18.017 [I/O dispatcher 2] DEBUG org.apache.http.headers - http-outgoing-5 << X-Etcd-Cluster-Id: f3e1f8311e5e2e3b
2017-08-28 17:41:18.017 [I/O dispatcher 2] DEBUG org.apache.http.headers - http-outgoing-5 << X-Etcd-Index: 395024533
2017-08-28 17:41:18.017 [I/O dispatcher 2] DEBUG org.apache.http.headers - http-outgoing-5 << X-Raft-Index: 466944475
2017-08-28 17:41:18.017 [I/O dispatcher 2] DEBUG org.apache.http.headers - http-outgoing-5 << X-Raft-Term: 39395
2017-08-28 17:41:18.017 [I/O dispatcher 2] DEBUG org.apache.http.headers - http-outgoing-5 << Date: Mon, 28 Aug 2017 09:41:17 GMT
2017-08-28 17:41:18.017 [I/O dispatcher 2] DEBUG org.apache.http.headers - http-outgoing-5 << Transfer-Encoding: chunked
2017-08-28 17:41:18.017 [I/O dispatcher 2] DEBUG org.apache.http.impl.nio.client.InternalIODispatch - http-outgoing-5 [ACTIVE] Response received
2017-08-28 17:41:18.017 [I/O dispatcher 2] DEBUG org.apache.http.impl.nio.client.MainClientExec - [exchange: 13] Response received HTTP/1.1 200 OK
2017-08-28 17:41:18.017 [I/O dispatcher 2] DEBUG org.apache.http.impl.nio.client.InternalIODispatch - http-outgoing-5 [ACTIVE] Input ready
2017-08-28 17:41:18.017 [I/O dispatcher 2] DEBUG org.apache.http.impl.nio.client.MainClientExec - [exchange: 13] Consume content
2017-08-28 17:41:18.017 [I/O dispatcher 2] DEBUG o.a.http.impl.nio.conn.ManagedNHttpClientConnectionImpl - http-outgoing-5 172.17.11.56:61331<->172.17.1.16:2379[ACTIVE][r:r]: 0 bytes read
2017-08-28 17:41:18.018 [I/O dispatcher 2] DEBUG org.apache.http.impl.nio.client.InternalIODispatch - http-outgoing-5 [ACTIVE] [chunk-coded; completed: false]
2017-08-28 17:41:18.022 [main] DEBUG org.apache.http.client.protocol.RequestAddCookies - CookieSpec selected: default
2017-08-28 17:41:18.024 [main] DEBUG org.apache.http.client.protocol.RequestAuthCache - Auth cache not set in the context
2017-08-28 17:41:18.024 [main] DEBUG org.apache.http.impl.nio.client.InternalHttpAsyncClient - [exchange: 12] Request connection for {}->http://etcd-dev.s.qima-inc.com:2379
2017-08-28 17:41:18.024 [main] DEBUG o.a.h.impl.nio.conn.PoolingNHttpClientConnectionManager - Connection request: [route: {}->http://etcd-dev.s.qima-inc.com:2379][total kept alive: 0; route allocated: 6 of 100; total allocated: 6 of 300]
2017-08-28 17:41:18.028 [I/O dispatcher 3] DEBUG o.a.h.impl.nio.conn.PoolingNHttpClientConnectionManager - Connection leased: [id: http-outgoing-6][route: {}->http://etcd-dev.s.qima-inc.com:2379][total kept alive: 0; route allocated: 7 of 100; total allocated: 7 of 300]
2017-08-28 17:41:18.028 [I/O dispatcher 3] DEBUG org.apache.http.impl.nio.client.InternalHttpAsyncClient - [exchange: 12] Connection allocated: CPoolProxy{http-outgoing-6 [ACTIVE]}
2017-08-28 17:41:18.028 [I/O dispatcher 3] DEBUG o.a.http.impl.nio.conn.ManagedNHttpClientConnectionImpl - http-outgoing-6 172.17.11.56:61332<->172.17.1.16:2379[ACTIVE][r:]: Set attribute http.nio.exchange-handler
2017-08-28 17:41:18.028 [I/O dispatcher 3] DEBUG o.a.http.impl.nio.conn.ManagedNHttpClientConnectionImpl - http-outgoing-6 172.17.11.56:61332<->172.17.1.16:2379[ACTIVE][rw:]: Event set [w]
2017-08-28 17:41:18.028 [I/O dispatcher 3] DEBUG o.a.http.impl.nio.conn.ManagedNHttpClientConnectionImpl - http-outgoing-6 172.17.11.56:61332<->172.17.1.16:2379[ACTIVE][rw:]: Set timeout 0
2017-08-28 17:41:18.028 [I/O dispatcher 3] DEBUG org.apache.http.impl.nio.client.InternalIODispatch - http-outgoing-6 [ACTIVE]: Connected
2017-08-28 17:41:18.028 [I/O dispatcher 3] DEBUG o.a.http.impl.nio.conn.ManagedNHttpClientConnectionImpl - http-outgoing-6 172.17.11.56:61332<->172.17.1.16:2379[ACTIVE][rw:]: Set attribute http.nio.http-exchange-state
2017-08-28 17:41:18.029 [I/O dispatcher 3] DEBUG org.apache.http.impl.nio.client.InternalHttpAsyncClient - Start connection routing
2017-08-28 17:41:18.029 [I/O dispatcher 3] DEBUG org.apache.http.impl.nio.client.MainClientExec - Connection route established
2017-08-28 17:41:18.029 [I/O dispatcher 3] DEBUG org.apache.http.impl.nio.client.MainClientExec - [exchange: 12] Attempt 1 to execute request
2017-08-28 17:41:18.029 [I/O dispatcher 3] DEBUG org.apache.http.impl.nio.client.MainClientExec - Target auth state: UNCHALLENGED
2017-08-28 17:41:18.029 [I/O dispatcher 3] DEBUG org.apache.http.impl.nio.client.MainClientExec - Proxy auth state: UNCHALLENGED
2017-08-28 17:41:18.029 [I/O dispatcher 3] DEBUG o.a.http.impl.nio.conn.ManagedNHttpClientConnectionImpl - http-outgoing-6 172.17.11.56:61332<->172.17.1.16:2379[ACTIVE][rw:]: Set timeout 10000
2017-08-28 17:41:18.030 [I/O dispatcher 3] DEBUG org.apache.http.headers - http-outgoing-6 >> GET /v2/keys/soa/providers/account?recursive=true HTTP/1.1
2017-08-28 17:41:18.030 [I/O dispatcher 3] DEBUG org.apache.http.headers - http-outgoing-6 >> Host: etcd-dev.s.qima-inc.com:2379
2017-08-28 17:41:18.030 [I/O dispatcher 3] DEBUG org.apache.http.headers - http-outgoing-6 >> Connection: Keep-Alive
2017-08-28 17:41:18.030 [I/O dispatcher 3] DEBUG org.apache.http.headers - http-outgoing-6 >> User-Agent: Apache-HttpAsyncClient/4.1.2 (Java/1.8.0_111)
2017-08-28 17:41:18.031 [I/O dispatcher 3] DEBUG o.a.http.impl.nio.conn.ManagedNHttpClientConnectionImpl - http-outgoing-6 172.17.11.56:61332<->172.17.1.16:2379[ACTIVE][rw:]: Event set [w]
2017-08-28 17:41:18.031 [I/O dispatcher 3] DEBUG org.apache.http.impl.nio.client.MainClientExec - [exchange: 12] Request completed
2017-08-28 17:41:18.032 [I/O dispatcher 3] DEBUG o.a.http.impl.nio.conn.ManagedNHttpClientConnectionImpl - http-outgoing-6 172.17.11.56:61332<->172.17.1.16:2379[ACTIVE][rw:w]: 181 bytes written
2017-08-28 17:41:18.032 [I/O dispatcher 3] DEBUG org.apache.http.wire - http-outgoing-6 >> "GET /v2/keys/soa/providers/account?recursive=true HTTP/1.1[\r][\n]"
2017-08-28 17:41:18.032 [I/O dispatcher 3] DEBUG org.apache.http.wire - http-outgoing-6 >> "Host: etcd-dev.s.qima-inc.com:2379[\r][\n]"
2017-08-28 17:41:18.033 [I/O dispatcher 3] DEBUG org.apache.http.wire - http-outgoing-6 >> "Connection: Keep-Alive[\r][\n]"
2017-08-28 17:41:18.033 [I/O dispatcher 3] DEBUG org.apache.http.wire - http-outgoing-6 >> "User-Agent: Apache-HttpAsyncClient/4.1.2 (Java/1.8.0_111)[\r][\n]"
2017-08-28 17:41:18.033 [I/O dispatcher 3] DEBUG org.apache.http.wire - http-outgoing-6 >> "[\r][\n]"
2017-08-28 17:41:18.033 [I/O dispatcher 3] DEBUG org.apache.http.impl.nio.client.InternalIODispatch - http-outgoing-6 [ACTIVE] Request ready
2017-08-28 17:41:18.033 [I/O dispatcher 3] DEBUG o.a.http.impl.nio.conn.ManagedNHttpClientConnectionImpl - http-outgoing-6 172.17.11.56:61332<->172.17.1.16:2379[ACTIVE][r:w]: Event cleared [w]
2017-08-28 17:41:18.033 [I/O dispatcher 3] DEBUG o.a.http.impl.nio.conn.ManagedNHttpClientConnectionImpl - http-outgoing-6 172.17.11.56:61332<->172.17.1.16:2379[ACTIVE][r:r]: 335 bytes read
2017-08-28 17:41:18.033 [I/O dispatcher 3] DEBUG org.apache.http.wire - http-outgoing-6 << "HTTP/1.1 200 OK[\r][\n]"
2017-08-28 17:41:18.034 [I/O dispatcher 3] DEBUG org.apache.http.wire - http-outgoing-6 << "Content-Type: application/json[\r][\n]"
2017-08-28 17:41:18.034 [I/O dispatcher 3] DEBUG org.apache.http.wire - http-outgoing-6 << "X-Etcd-Cluster-Id: f3e1f8311e5e2e3b[\r][\n]"
2017-08-28 17:41:18.034 [I/O dispatcher 3] DEBUG org.apache.http.wire - http-outgoing-6 << "X-Etcd-Index: 395024533[\r][\n]"
2017-08-28 17:41:18.034 [I/O dispatcher 3] DEBUG org.apache.http.wire - http-outgoing-6 << "X-Raft-Index: 466944475[\r][\n]"
2017-08-28 17:41:18.034 [I/O dispatcher 3] DEBUG org.apache.http.wire - http-outgoing-6 << "X-Raft-Term: 39395[\r][\n]"
2017-08-28 17:41:18.034 [I/O dispatcher 3] DEBUG org.apache.http.wire - http-outgoing-6 << "Date: Mon, 28 Aug 2017 09:41:17 GMT[\r][\n]"
2017-08-28 17:41:18.034 [I/O dispatcher 3] DEBUG org.apache.http.wire - http-outgoing-6 << "Content-Length: 119[\r][\n]"
2017-08-28 17:41:18.034 [I/O dispatcher 3] DEBUG org.apache.http.wire - http-outgoing-6 << "[\r][\n]"
2017-08-28 17:41:18.034 [I/O dispatcher 3] DEBUG org.apache.http.wire - http-outgoing-6 << "{"action":"get","node":{"key":"/soa/providers/account","dir":true,"modifiedIndex":126550486,"createdIndex":126550486}}[\n]"
2017-08-28 17:41:18.035 [I/O dispatcher 3] DEBUG org.apache.http.headers - http-outgoing-6 << HTTP/1.1 200 OK
2017-08-28 17:41:18.035 [I/O dispatcher 3] DEBUG org.apache.http.headers - http-outgoing-6 << Content-Type: application/json
2017-08-28 17:41:18.035 [I/O dispatcher 3] DEBUG org.apache.http.headers - http-outgoing-6 << X-Etcd-Cluster-Id: f3e1f8311e5e2e3b
2017-08-28 17:41:18.035 [I/O dispatcher 3] DEBUG org.apache.http.headers - http-outgoing-6 << X-Etcd-Index: 395024533
2017-08-28 17:41:18.035 [I/O dispatcher 3] DEBUG org.apache.http.headers - http-outgoing-6 << X-Raft-Index: 466944475
2017-08-28 17:41:18.035 [I/O dispatcher 3] DEBUG org.apache.http.headers - http-outgoing-6 << X-Raft-Term: 39395
2017-08-28 17:41:18.035 [I/O dispatcher 3] DEBUG org.apache.http.headers - http-outgoing-6 << Date: Mon, 28 Aug 2017 09:41:17 GMT
2017-08-28 17:41:18.035 [I/O dispatcher 3] DEBUG org.apache.http.headers - http-outgoing-6 << Content-Length: 119
2017-08-28 17:41:18.035 [I/O dispatcher 3] DEBUG org.apache.http.impl.nio.client.InternalIODispatch - http-outgoing-6 [ACTIVE(119)] Response received
2017-08-28 17:41:18.035 [I/O dispatcher 3] DEBUG org.apache.http.impl.nio.client.MainClientExec - [exchange: 12] Response received HTTP/1.1 200 OK
2017-08-28 17:41:18.035 [I/O dispatcher 3] DEBUG org.apache.http.impl.nio.client.InternalIODispatch - http-outgoing-6 [ACTIVE(119)] Input ready
2017-08-28 17:41:18.035 [I/O dispatcher 3] DEBUG org.apache.http.impl.nio.client.MainClientExec - [exchange: 12] Consume content
2017-08-28 17:41:18.035 [I/O dispatcher 3] DEBUG org.apache.http.impl.nio.client.InternalHttpAsyncClient - [exchange: 12] Connection can be kept alive indefinitely
2017-08-28 17:41:18.036 [I/O dispatcher 3] DEBUG org.apache.http.impl.nio.client.MainClientExec - [exchange: 12] Response processed
2017-08-28 17:41:18.036 [I/O dispatcher 3] DEBUG org.apache.http.impl.nio.client.InternalHttpAsyncClient - [exchange: 12] releasing connection
2017-08-28 17:41:18.036 [I/O dispatcher 3] DEBUG o.a.http.impl.nio.conn.ManagedNHttpClientConnectionImpl - http-outgoing-6 172.17.11.56:61332<->172.17.1.16:2379[ACTIVE][r:r]: Remove attribute http.nio.exchange-handler
2017-08-28 17:41:18.036 [I/O dispatcher 3] DEBUG o.a.h.impl.nio.conn.PoolingNHttpClientConnectionManager - Releasing connection: [id: http-outgoing-6][route: {}->http://etcd-dev.s.qima-inc.com:2379][total kept alive: 0; route allocated: 7 of 100; total allocated: 7 of 300]
2017-08-28 17:41:18.036 [I/O dispatcher 3] DEBUG o.a.h.impl.nio.conn.PoolingNHttpClientConnectionManager - Connection [id: http-outgoing-6][route: {}->http://etcd-dev.s.qima-inc.com:2379] can be kept alive indefinitely
2017-08-28 17:41:18.036 [I/O dispatcher 3] DEBUG o.a.http.impl.nio.conn.ManagedNHttpClientConnectionImpl - http-outgoing-6 172.17.11.56:61332<->172.17.1.16:2379[ACTIVE][r:r]: Set timeout 0
2017-08-28 17:41:18.037 [I/O dispatcher 3] DEBUG o.a.h.impl.nio.conn.PoolingNHttpClientConnectionManager - Connection released: [id: http-outgoing-6][route: {}->http://etcd-dev.s.qima-inc.com:2379][total kept alive: 1; route allocated: 7 of 100; total allocated: 7 of 300]
2017-08-28 17:41:18.037 [I/O dispatcher 3] DEBUG org.apache.http.impl.nio.client.InternalIODispatch - http-outgoing-6 [ACTIVE] [content length: 119; pos: 119; completed: true]
2017-08-28 17:41:18.041 [main] INFO  com.youzan.platform.haunt.serviceExt.NovaGovernance - subscribe governance service path is  /soa/providers/account
2017-08-28 17:41:18.042 [EtcdEventThread-7] DEBUG com.youzan.platform.haunt.core.EtcdConnector - haunt watch url is http://etcd-dev.s.qima-inc.com:2379/v2/keys/soa/providers/account?wait=true&waitIndex=0&recursive=true
2017-08-28 17:41:18.042 [EtcdEventThread-7] DEBUG org.apache.http.impl.nio.client.MainClientExec - [exchange: 14] start execution
2017-08-28 17:41:18.043 [EtcdEventThread-7] DEBUG org.apache.http.client.protocol.RequestAddCookies - CookieSpec selected: default
2017-08-28 17:41:18.043 [EtcdEventThread-7] DEBUG org.apache.http.client.protocol.RequestAuthCache - Auth cache not set in the context
2017-08-28 17:41:18.043 [EtcdEventThread-7] DEBUG org.apache.http.impl.nio.client.InternalHttpAsyncClient - [exchange: 14] Request connection for {}->http://etcd-dev.s.qima-inc.com:2379
2017-08-28 17:41:18.043 [EtcdEventThread-7] DEBUG o.a.h.impl.nio.conn.PoolingNHttpClientConnectionManager - Connection request: [route: {}->http://etcd-dev.s.qima-inc.com:2379][total kept alive: 1; route allocated: 7 of 100; total allocated: 7 of 300]
2017-08-28 17:41:18.043 [EtcdEventThread-7] DEBUG o.a.http.impl.nio.conn.ManagedNHttpClientConnectionImpl - http-outgoing-6 172.17.11.56:61332<->172.17.1.16:2379[ACTIVE][r:r]: Set timeout 0
2017-08-28 17:41:18.043 [EtcdEventThread-7] DEBUG o.a.h.impl.nio.conn.PoolingNHttpClientConnectionManager - Connection leased: [id: http-outgoing-6][route: {}->http://etcd-dev.s.qima-inc.com:2379][total kept alive: 0; route allocated: 7 of 100; total allocated: 7 of 300]
2017-08-28 17:41:18.043 [EtcdEventThread-7] DEBUG org.apache.http.impl.nio.client.InternalHttpAsyncClient - [exchange: 14] Connection allocated: CPoolProxy{http-outgoing-6 [ACTIVE]}
2017-08-28 17:41:18.044 [EtcdEventThread-7] DEBUG o.a.http.impl.nio.conn.ManagedNHttpClientConnectionImpl - http-outgoing-6 172.17.11.56:61332<->172.17.1.16:2379[ACTIVE][r:r]: Set attribute http.nio.exchange-handler
2017-08-28 17:41:18.044 [EtcdEventThread-7] DEBUG o.a.http.impl.nio.conn.ManagedNHttpClientConnectionImpl - http-outgoing-6 172.17.11.56:61332<->172.17.1.16:2379[ACTIVE][rw:r]: Event set [w]
2017-08-28 17:41:18.044 [I/O dispatcher 3] DEBUG org.apache.http.impl.nio.client.InternalIODispatch - http-outgoing-6 [ACTIVE] Request ready
2017-08-28 17:41:18.044 [I/O dispatcher 3] DEBUG org.apache.http.impl.nio.client.InternalHttpAsyncClient - Connection route already established
2017-08-28 17:41:18.044 [I/O dispatcher 3] DEBUG org.apache.http.impl.nio.client.MainClientExec - [exchange: 14] Attempt 1 to execute request
2017-08-28 17:41:18.045 [I/O dispatcher 3] DEBUG org.apache.http.impl.nio.client.MainClientExec - Target auth state: UNCHALLENGED
2017-08-28 17:41:18.045 [I/O dispatcher 3] DEBUG org.apache.http.impl.nio.client.MainClientExec - Proxy auth state: UNCHALLENGED
2017-08-28 17:41:18.045 [I/O dispatcher 3] DEBUG o.a.http.impl.nio.conn.ManagedNHttpClientConnectionImpl - http-outgoing-6 172.17.11.56:61332<->172.17.1.16:2379[ACTIVE][rw:w]: Set timeout 10000
2017-08-28 17:41:18.045 [I/O dispatcher 3] DEBUG org.apache.http.headers - http-outgoing-6 >> GET /v2/keys/soa/providers/account?wait=true&waitIndex=0&recursive=true HTTP/1.1
2017-08-28 17:41:18.046 [main] DEBUG org.apache.http.impl.nio.client.MainClientExec - [exchange: 15] start execution
2017-08-28 17:41:18.046 [I/O dispatcher 3] DEBUG org.apache.http.headers - http-outgoing-6 >> Host: etcd-dev.s.qima-inc.com:2379
2017-08-28 17:41:18.047 [I/O dispatcher 3] DEBUG org.apache.http.headers - http-outgoing-6 >> Connection: Keep-Alive
2017-08-28 17:41:18.047 [I/O dispatcher 3] DEBUG org.apache.http.headers - http-outgoing-6 >> User-Agent: Apache-HttpAsyncClient/4.1.2 (Java/1.8.0_111)
2017-08-28 17:41:18.047 [I/O dispatcher 3] DEBUG o.a.http.impl.nio.conn.ManagedNHttpClientConnectionImpl - http-outgoing-6 172.17.11.56:61332<->172.17.1.16:2379[ACTIVE][rw:w]: Event set [w]
2017-08-28 17:41:18.048 [I/O dispatcher 3] DEBUG org.apache.http.impl.nio.client.MainClientExec - [exchange: 14] Request completed
2017-08-28 17:41:18.049 [I/O dispatcher 3] DEBUG o.a.http.impl.nio.conn.ManagedNHttpClientConnectionImpl - http-outgoing-6 172.17.11.56:61332<->172.17.1.16:2379[ACTIVE][rw:w]: 203 bytes written
2017-08-28 17:41:18.049 [I/O dispatcher 3] DEBUG org.apache.http.wire - http-outgoing-6 >> "GET /v2/keys/soa/providers/account?wait=true&waitIndex=0&recursive=true HTTP/1.1[\r][\n]"
2017-08-28 17:41:18.049 [I/O dispatcher 3] DEBUG org.apache.http.wire - http-outgoing-6 >> "Host: etcd-dev.s.qima-inc.com:2379[\r][\n]"
2017-08-28 17:41:18.050 [I/O dispatcher 3] DEBUG org.apache.http.wire - http-outgoing-6 >> "Connection: Keep-Alive[\r][\n]"
2017-08-28 17:41:18.050 [I/O dispatcher 3] DEBUG org.apache.http.wire - http-outgoing-6 >> "User-Agent: Apache-HttpAsyncClient/4.1.2 (Java/1.8.0_111)[\r][\n]"
2017-08-28 17:41:18.050 [I/O dispatcher 3] DEBUG org.apache.http.wire - http-outgoing-6 >> "[\r][\n]"
2017-08-28 17:41:18.050 [I/O dispatcher 3] DEBUG org.apache.http.impl.nio.client.InternalIODispatch - http-outgoing-6 [ACTIVE] Request ready
2017-08-28 17:41:18.051 [I/O dispatcher 3] DEBUG o.a.http.impl.nio.conn.ManagedNHttpClientConnectionImpl - http-outgoing-6 172.17.11.56:61332<->172.17.1.16:2379[ACTIVE][r:w]: Event cleared [w]
2017-08-28 17:41:18.051 [I/O dispatcher 3] DEBUG o.a.http.impl.nio.conn.ManagedNHttpClientConnectionImpl - http-outgoing-6 172.17.11.56:61332<->172.17.1.16:2379[ACTIVE][r:r]: 223 bytes read
2017-08-28 17:41:18.051 [I/O dispatcher 3] DEBUG org.apache.http.wire - http-outgoing-6 << "HTTP/1.1 200 OK[\r][\n]"
2017-08-28 17:41:18.051 [I/O dispatcher 3] DEBUG org.apache.http.wire - http-outgoing-6 << "Content-Type: application/json[\r][\n]"
2017-08-28 17:41:18.051 [I/O dispatcher 3] DEBUG org.apache.http.wire - http-outgoing-6 << "X-Etcd-Cluster-Id: f3e1f8311e5e2e3b[\r][\n]"
2017-08-28 17:41:18.051 [I/O dispatcher 3] DEBUG org.apache.http.wire - http-outgoing-6 << "X-Etcd-Index: 395024534[\r][\n]"
2017-08-28 17:41:18.051 [I/O dispatcher 3] DEBUG org.apache.http.wire - http-outgoing-6 << "X-Raft-Index: 466944476[\r][\n]"
2017-08-28 17:41:18.051 [I/O dispatcher 3] DEBUG org.apache.http.wire - http-outgoing-6 << "X-Raft-Term: 39395[\r][\n]"
2017-08-28 17:41:18.051 [I/O dispatcher 3] DEBUG org.apache.http.wire - http-outgoing-6 << "Date: Mon, 28 Aug 2017 09:41:17 GMT[\r][\n]"
2017-08-28 17:41:18.051 [I/O dispatcher 3] DEBUG org.apache.http.wire - http-outgoing-6 << "Transfer-Encoding: chunked[\r][\n]"
2017-08-28 17:41:18.051 [I/O dispatcher 3] DEBUG org.apache.http.wire - http-outgoing-6 << "[\r][\n]"
2017-08-28 17:41:18.052 [I/O dispatcher 3] DEBUG org.apache.http.headers - http-outgoing-6 << HTTP/1.1 200 OK
2017-08-28 17:41:18.052 [I/O dispatcher 3] DEBUG org.apache.http.headers - http-outgoing-6 << Content-Type: application/json
2017-08-28 17:41:18.052 [I/O dispatcher 3] DEBUG org.apache.http.headers - http-outgoing-6 << X-Etcd-Cluster-Id: f3e1f8311e5e2e3b
2017-08-28 17:41:18.052 [I/O dispatcher 3] DEBUG org.apache.http.headers - http-outgoing-6 << X-Etcd-Index: 395024534
2017-08-28 17:41:18.052 [I/O dispatcher 3] DEBUG org.apache.http.headers - http-outgoing-6 << X-Raft-Index: 466944476
2017-08-28 17:41:18.052 [I/O dispatcher 3] DEBUG org.apache.http.headers - http-outgoing-6 << X-Raft-Term: 39395
2017-08-28 17:41:18.052 [I/O dispatcher 3] DEBUG org.apache.http.headers - http-outgoing-6 << Date: Mon, 28 Aug 2017 09:41:17 GMT
2017-08-28 17:41:18.052 [I/O dispatcher 3] DEBUG org.apache.http.headers - http-outgoing-6 << Transfer-Encoding: chunked
2017-08-28 17:41:18.052 [I/O dispatcher 3] DEBUG org.apache.http.impl.nio.client.InternalIODispatch - http-outgoing-6 [ACTIVE] Response received
2017-08-28 17:41:18.052 [I/O dispatcher 3] DEBUG org.apache.http.impl.nio.client.MainClientExec - [exchange: 14] Response received HTTP/1.1 200 OK
2017-08-28 17:41:18.053 [I/O dispatcher 3] DEBUG org.apache.http.impl.nio.client.InternalIODispatch - http-outgoing-6 [ACTIVE] Input ready
2017-08-28 17:41:18.053 [I/O dispatcher 3] DEBUG org.apache.http.impl.nio.client.MainClientExec - [exchange: 14] Consume content
2017-08-28 17:41:18.053 [I/O dispatcher 3] DEBUG o.a.http.impl.nio.conn.ManagedNHttpClientConnectionImpl - http-outgoing-6 172.17.11.56:61332<->172.17.1.16:2379[ACTIVE][r:r]: 0 bytes read
2017-08-28 17:41:18.053 [I/O dispatcher 3] DEBUG org.apache.http.impl.nio.client.InternalIODispatch - http-outgoing-6 [ACTIVE] [chunk-coded; completed: false]
2017-08-28 17:41:18.053 [main] DEBUG org.apache.http.client.protocol.RequestAddCookies - CookieSpec selected: default
2017-08-28 17:41:18.054 [main] DEBUG org.apache.http.client.protocol.RequestAuthCache - Auth cache not set in the context
2017-08-28 17:41:18.054 [main] DEBUG org.apache.http.impl.nio.client.InternalHttpAsyncClient - [exchange: 15] Request connection for {}->http://etcd-dev.s.qima-inc.com:2379
2017-08-28 17:41:18.055 [main] DEBUG o.a.h.impl.nio.conn.PoolingNHttpClientConnectionManager - Connection request: [route: {}->http://etcd-dev.s.qima-inc.com:2379][total kept alive: 0; route allocated: 7 of 100; total allocated: 7 of 300]
2017-08-28 17:41:18.058 [I/O dispatcher 4] DEBUG o.a.h.impl.nio.conn.PoolingNHttpClientConnectionManager - Connection leased: [id: http-outgoing-7][route: {}->http://etcd-dev.s.qima-inc.com:2379][total kept alive: 0; route allocated: 8 of 100; total allocated: 8 of 300]
2017-08-28 17:41:18.058 [I/O dispatcher 4] DEBUG org.apache.http.impl.nio.client.InternalHttpAsyncClient - [exchange: 15] Connection allocated: CPoolProxy{http-outgoing-7 [ACTIVE]}
2017-08-28 17:41:18.058 [I/O dispatcher 4] DEBUG o.a.http.impl.nio.conn.ManagedNHttpClientConnectionImpl - http-outgoing-7 172.17.11.56:61333<->172.17.1.16:2379[ACTIVE][r:]: Set attribute http.nio.exchange-handler
2017-08-28 17:41:18.058 [I/O dispatcher 4] DEBUG o.a.http.impl.nio.conn.ManagedNHttpClientConnectionImpl - http-outgoing-7 172.17.11.56:61333<->172.17.1.16:2379[ACTIVE][rw:]: Event set [w]
2017-08-28 17:41:18.058 [I/O dispatcher 4] DEBUG o.a.http.impl.nio.conn.ManagedNHttpClientConnectionImpl - http-outgoing-7 172.17.11.56:61333<->172.17.1.16:2379[ACTIVE][rw:]: Set timeout 0
2017-08-28 17:41:18.058 [I/O dispatcher 4] DEBUG org.apache.http.impl.nio.client.InternalIODispatch - http-outgoing-7 [ACTIVE]: Connected
2017-08-28 17:41:18.058 [I/O dispatcher 4] DEBUG o.a.http.impl.nio.conn.ManagedNHttpClientConnectionImpl - http-outgoing-7 172.17.11.56:61333<->172.17.1.16:2379[ACTIVE][rw:]: Set attribute http.nio.http-exchange-state
2017-08-28 17:41:18.058 [I/O dispatcher 4] DEBUG org.apache.http.impl.nio.client.InternalHttpAsyncClient - Start connection routing
2017-08-28 17:41:18.058 [I/O dispatcher 4] DEBUG org.apache.http.impl.nio.client.MainClientExec - Connection route established
2017-08-28 17:41:18.059 [I/O dispatcher 4] DEBUG org.apache.http.impl.nio.client.MainClientExec - [exchange: 15] Attempt 1 to execute request
2017-08-28 17:41:18.059 [I/O dispatcher 4] DEBUG org.apache.http.impl.nio.client.MainClientExec - Target auth state: UNCHALLENGED
2017-08-28 17:41:18.059 [I/O dispatcher 4] DEBUG org.apache.http.impl.nio.client.MainClientExec - Proxy auth state: UNCHALLENGED
2017-08-28 17:41:18.059 [I/O dispatcher 4] DEBUG o.a.http.impl.nio.conn.ManagedNHttpClientConnectionImpl - http-outgoing-7 172.17.11.56:61333<->172.17.1.16:2379[ACTIVE][rw:]: Set timeout 10000
2017-08-28 17:41:18.059 [I/O dispatcher 4] DEBUG org.apache.http.headers - http-outgoing-7 >> GET /v2/keys/soa/providers/pay-fund-channel?recursive=true HTTP/1.1
2017-08-28 17:41:18.059 [I/O dispatcher 4] DEBUG org.apache.http.headers - http-outgoing-7 >> Host: etcd-dev.s.qima-inc.com:2379
2017-08-28 17:41:18.059 [I/O dispatcher 4] DEBUG org.apache.http.headers - http-outgoing-7 >> Connection: Keep-Alive
2017-08-28 17:41:18.059 [I/O dispatcher 4] DEBUG org.apache.http.headers - http-outgoing-7 >> User-Agent: Apache-HttpAsyncClient/4.1.2 (Java/1.8.0_111)
2017-08-28 17:41:18.059 [I/O dispatcher 4] DEBUG o.a.http.impl.nio.conn.ManagedNHttpClientConnectionImpl - http-outgoing-7 172.17.11.56:61333<->172.17.1.16:2379[ACTIVE][rw:]: Event set [w]
2017-08-28 17:41:18.059 [I/O dispatcher 4] DEBUG org.apache.http.impl.nio.client.MainClientExec - [exchange: 15] Request completed
2017-08-28 17:41:18.059 [I/O dispatcher 4] DEBUG o.a.http.impl.nio.conn.ManagedNHttpClientConnectionImpl - http-outgoing-7 172.17.11.56:61333<->172.17.1.16:2379[ACTIVE][rw:w]: 190 bytes written
2017-08-28 17:41:18.059 [I/O dispatcher 4] DEBUG org.apache.http.wire - http-outgoing-7 >> "GET /v2/keys/soa/providers/pay-fund-channel?recursive=true HTTP/1.1[\r][\n]"
2017-08-28 17:41:18.059 [I/O dispatcher 4] DEBUG org.apache.http.wire - http-outgoing-7 >> "Host: etcd-dev.s.qima-inc.com:2379[\r][\n]"
2017-08-28 17:41:18.059 [I/O dispatcher 4] DEBUG org.apache.http.wire - http-outgoing-7 >> "Connection: Keep-Alive[\r][\n]"
2017-08-28 17:41:18.059 [I/O dispatcher 4] DEBUG org.apache.http.wire - http-outgoing-7 >> "User-Agent: Apache-HttpAsyncClient/4.1.2 (Java/1.8.0_111)[\r][\n]"
2017-08-28 17:41:18.060 [I/O dispatcher 4] DEBUG org.apache.http.wire - http-outgoing-7 >> "[\r][\n]"
2017-08-28 17:41:18.060 [I/O dispatcher 4] DEBUG org.apache.http.impl.nio.client.InternalIODispatch - http-outgoing-7 [ACTIVE] Request ready
2017-08-28 17:41:18.060 [I/O dispatcher 4] DEBUG o.a.http.impl.nio.conn.ManagedNHttpClientConnectionImpl - http-outgoing-7 172.17.11.56:61333<->172.17.1.16:2379[ACTIVE][r:w]: Event cleared [w]
2017-08-28 17:41:18.061 [I/O dispatcher 4] DEBUG o.a.http.impl.nio.conn.ManagedNHttpClientConnectionImpl - http-outgoing-7 172.17.11.56:61333<->172.17.1.16:2379[ACTIVE][r:r]: 344 bytes read
2017-08-28 17:41:18.062 [I/O dispatcher 4] DEBUG org.apache.http.wire - http-outgoing-7 << "HTTP/1.1 200 OK[\r][\n]"
2017-08-28 17:41:18.062 [I/O dispatcher 4] DEBUG org.apache.http.wire - http-outgoing-7 << "Content-Type: application/json[\r][\n]"
2017-08-28 17:41:18.062 [I/O dispatcher 4] DEBUG org.apache.http.wire - http-outgoing-7 << "X-Etcd-Cluster-Id: f3e1f8311e5e2e3b[\r][\n]"
2017-08-28 17:41:18.062 [I/O dispatcher 4] DEBUG org.apache.http.wire - http-outgoing-7 << "X-Etcd-Index: 395024534[\r][\n]"
2017-08-28 17:41:18.062 [I/O dispatcher 4] DEBUG org.apache.http.wire - http-outgoing-7 << "X-Raft-Index: 466944476[\r][\n]"
2017-08-28 17:41:18.062 [I/O dispatcher 4] DEBUG org.apache.http.wire - http-outgoing-7 << "X-Raft-Term: 39395[\r][\n]"
2017-08-28 17:41:18.062 [I/O dispatcher 4] DEBUG org.apache.http.wire - http-outgoing-7 << "Date: Mon, 28 Aug 2017 09:41:17 GMT[\r][\n]"
2017-08-28 17:41:18.062 [I/O dispatcher 4] DEBUG org.apache.http.wire - http-outgoing-7 << "Content-Length: 128[\r][\n]"
2017-08-28 17:41:18.062 [I/O dispatcher 4] DEBUG org.apache.http.wire - http-outgoing-7 << "[\r][\n]"
2017-08-28 17:41:18.062 [I/O dispatcher 4] DEBUG org.apache.http.wire - http-outgoing-7 << "{"action":"get","node":{"key":"/soa/providers/pay-fund-channel","dir":true,"modifiedIndex":124156723,"createdIndex":124156723}}[\n]"
2017-08-28 17:41:18.062 [I/O dispatcher 4] DEBUG org.apache.http.headers - http-outgoing-7 << HTTP/1.1 200 OK
2017-08-28 17:41:18.062 [I/O dispatcher 4] DEBUG org.apache.http.headers - http-outgoing-7 << Content-Type: application/json
2017-08-28 17:41:18.062 [I/O dispatcher 4] DEBUG org.apache.http.headers - http-outgoing-7 << X-Etcd-Cluster-Id: f3e1f8311e5e2e3b
2017-08-28 17:41:18.062 [I/O dispatcher 4] DEBUG org.apache.http.headers - http-outgoing-7 << X-Etcd-Index: 395024534
2017-08-28 17:41:18.063 [I/O dispatcher 4] DEBUG org.apache.http.headers - http-outgoing-7 << X-Raft-Index: 466944476
2017-08-28 17:41:18.063 [I/O dispatcher 4] DEBUG org.apache.http.headers - http-outgoing-7 << X-Raft-Term: 39395
2017-08-28 17:41:18.063 [I/O dispatcher 4] DEBUG org.apache.http.headers - http-outgoing-7 << Date: Mon, 28 Aug 2017 09:41:17 GMT
2017-08-28 17:41:18.063 [I/O dispatcher 4] DEBUG org.apache.http.headers - http-outgoing-7 << Content-Length: 128
2017-08-28 17:41:18.063 [I/O dispatcher 4] DEBUG org.apache.http.impl.nio.client.InternalIODispatch - http-outgoing-7 [ACTIVE(128)] Response received
2017-08-28 17:41:18.063 [I/O dispatcher 4] DEBUG org.apache.http.impl.nio.client.MainClientExec - [exchange: 15] Response received HTTP/1.1 200 OK
2017-08-28 17:41:18.063 [I/O dispatcher 4] DEBUG org.apache.http.impl.nio.client.InternalIODispatch - http-outgoing-7 [ACTIVE(128)] Input ready
2017-08-28 17:41:18.063 [I/O dispatcher 4] DEBUG org.apache.http.impl.nio.client.MainClientExec - [exchange: 15] Consume content
2017-08-28 17:41:18.063 [I/O dispatcher 4] DEBUG org.apache.http.impl.nio.client.InternalHttpAsyncClient - [exchange: 15] Connection can be kept alive indefinitely
2017-08-28 17:41:18.063 [I/O dispatcher 4] DEBUG org.apache.http.impl.nio.client.MainClientExec - [exchange: 15] Response processed
2017-08-28 17:41:18.063 [I/O dispatcher 4] DEBUG org.apache.http.impl.nio.client.InternalHttpAsyncClient - [exchange: 15] releasing connection
2017-08-28 17:41:18.063 [I/O dispatcher 4] DEBUG o.a.http.impl.nio.conn.ManagedNHttpClientConnectionImpl - http-outgoing-7 172.17.11.56:61333<->172.17.1.16:2379[ACTIVE][r:r]: Remove attribute http.nio.exchange-handler
2017-08-28 17:41:18.064 [I/O dispatcher 4] DEBUG o.a.h.impl.nio.conn.PoolingNHttpClientConnectionManager - Releasing connection: [id: http-outgoing-7][route: {}->http://etcd-dev.s.qima-inc.com:2379][total kept alive: 0; route allocated: 8 of 100; total allocated: 8 of 300]
2017-08-28 17:41:18.064 [I/O dispatcher 4] DEBUG o.a.h.impl.nio.conn.PoolingNHttpClientConnectionManager - Connection [id: http-outgoing-7][route: {}->http://etcd-dev.s.qima-inc.com:2379] can be kept alive indefinitely
2017-08-28 17:41:18.064 [I/O dispatcher 4] DEBUG o.a.http.impl.nio.conn.ManagedNHttpClientConnectionImpl - http-outgoing-7 172.17.11.56:61333<->172.17.1.16:2379[ACTIVE][r:r]: Set timeout 0
2017-08-28 17:41:18.064 [I/O dispatcher 4] DEBUG o.a.h.impl.nio.conn.PoolingNHttpClientConnectionManager - Connection released: [id: http-outgoing-7][route: {}->http://etcd-dev.s.qima-inc.com:2379][total kept alive: 1; route allocated: 8 of 100; total allocated: 8 of 300]
2017-08-28 17:41:18.064 [I/O dispatcher 4] DEBUG org.apache.http.impl.nio.client.InternalIODispatch - http-outgoing-7 [ACTIVE] [content length: 128; pos: 128; completed: true]
2017-08-28 17:41:18.068 [main] INFO  com.youzan.platform.haunt.serviceExt.NovaGovernance - subscribe governance service path is  /soa/providers/pay-fund-channel
2017-08-28 17:41:18.069 [EtcdEventThread-8] DEBUG com.youzan.platform.haunt.core.EtcdConnector - haunt watch url is http://etcd-dev.s.qima-inc.com:2379/v2/keys/soa/providers/pay-fund-channel?wait=true&waitIndex=0&recursive=true
2017-08-28 17:41:18.069 [EtcdEventThread-8] DEBUG org.apache.http.impl.nio.client.MainClientExec - [exchange: 16] start execution
2017-08-28 17:41:18.070 [EtcdEventThread-8] DEBUG org.apache.http.client.protocol.RequestAddCookies - CookieSpec selected: default
2017-08-28 17:41:18.070 [EtcdEventThread-8] DEBUG org.apache.http.client.protocol.RequestAuthCache - Auth cache not set in the context
2017-08-28 17:41:18.070 [EtcdEventThread-8] DEBUG org.apache.http.impl.nio.client.InternalHttpAsyncClient - [exchange: 16] Request connection for {}->http://etcd-dev.s.qima-inc.com:2379
2017-08-28 17:41:18.070 [EtcdEventThread-8] DEBUG o.a.h.impl.nio.conn.PoolingNHttpClientConnectionManager - Connection request: [route: {}->http://etcd-dev.s.qima-inc.com:2379][total kept alive: 1; route allocated: 8 of 100; total allocated: 8 of 300]
2017-08-28 17:41:18.071 [EtcdEventThread-8] DEBUG o.a.http.impl.nio.conn.ManagedNHttpClientConnectionImpl - http-outgoing-7 172.17.11.56:61333<->172.17.1.16:2379[ACTIVE][r:r]: Set timeout 0
2017-08-28 17:41:18.071 [EtcdEventThread-8] DEBUG o.a.h.impl.nio.conn.PoolingNHttpClientConnectionManager - Connection leased: [id: http-outgoing-7][route: {}->http://etcd-dev.s.qima-inc.com:2379][total kept alive: 0; route allocated: 8 of 100; total allocated: 8 of 300]
2017-08-28 17:41:18.072 [EtcdEventThread-8] DEBUG org.apache.http.impl.nio.client.InternalHttpAsyncClient - [exchange: 16] Connection allocated: CPoolProxy{http-outgoing-7 [ACTIVE]}
2017-08-28 17:41:18.074 [EtcdEventThread-8] DEBUG o.a.http.impl.nio.conn.ManagedNHttpClientConnectionImpl - http-outgoing-7 172.17.11.56:61333<->172.17.1.16:2379[ACTIVE][r:r]: Set attribute http.nio.exchange-handler
2017-08-28 17:41:18.075 [EtcdEventThread-8] DEBUG o.a.http.impl.nio.conn.ManagedNHttpClientConnectionImpl - http-outgoing-7 172.17.11.56:61333<->172.17.1.16:2379[ACTIVE][rw:r]: Event set [w]
2017-08-28 17:41:18.075 [I/O dispatcher 4] DEBUG org.apache.http.impl.nio.client.InternalIODispatch - http-outgoing-7 [ACTIVE] Request ready
2017-08-28 17:41:18.075 [I/O dispatcher 4] DEBUG org.apache.http.impl.nio.client.InternalHttpAsyncClient - Connection route already established
2017-08-28 17:41:18.075 [I/O dispatcher 4] DEBUG org.apache.http.impl.nio.client.MainClientExec - [exchange: 16] Attempt 1 to execute request
2017-08-28 17:41:18.075 [I/O dispatcher 4] DEBUG org.apache.http.impl.nio.client.MainClientExec - Target auth state: UNCHALLENGED
2017-08-28 17:41:18.075 [I/O dispatcher 4] DEBUG org.apache.http.impl.nio.client.MainClientExec - Proxy auth state: UNCHALLENGED
2017-08-28 17:41:18.076 [I/O dispatcher 4] DEBUG o.a.http.impl.nio.conn.ManagedNHttpClientConnectionImpl - http-outgoing-7 172.17.11.56:61333<->172.17.1.16:2379[ACTIVE][rw:w]: Set timeout 10000
2017-08-28 17:41:18.076 [I/O dispatcher 4] DEBUG org.apache.http.headers - http-outgoing-7 >> GET /v2/keys/soa/providers/pay-fund-channel?wait=true&waitIndex=0&recursive=true HTTP/1.1
2017-08-28 17:41:18.076 [I/O dispatcher 4] DEBUG org.apache.http.headers - http-outgoing-7 >> Host: etcd-dev.s.qima-inc.com:2379
2017-08-28 17:41:18.076 [I/O dispatcher 4] DEBUG org.apache.http.headers - http-outgoing-7 >> Connection: Keep-Alive
2017-08-28 17:41:18.076 [I/O dispatcher 4] DEBUG org.apache.http.headers - http-outgoing-7 >> User-Agent: Apache-HttpAsyncClient/4.1.2 (Java/1.8.0_111)
2017-08-28 17:41:18.076 [I/O dispatcher 4] DEBUG o.a.http.impl.nio.conn.ManagedNHttpClientConnectionImpl - http-outgoing-7 172.17.11.56:61333<->172.17.1.16:2379[ACTIVE][rw:w]: Event set [w]
2017-08-28 17:41:18.076 [I/O dispatcher 4] DEBUG org.apache.http.impl.nio.client.MainClientExec - [exchange: 16] Request completed
2017-08-28 17:41:18.076 [I/O dispatcher 4] DEBUG o.a.http.impl.nio.conn.ManagedNHttpClientConnectionImpl - http-outgoing-7 172.17.11.56:61333<->172.17.1.16:2379[ACTIVE][rw:w]: 212 bytes written
2017-08-28 17:41:18.076 [I/O dispatcher 4] DEBUG org.apache.http.wire - http-outgoing-7 >> "GET /v2/keys/soa/providers/pay-fund-channel?wait=true&waitIndex=0&recursive=true HTTP/1.1[\r][\n]"
2017-08-28 17:41:18.076 [I/O dispatcher 4] DEBUG org.apache.http.wire - http-outgoing-7 >> "Host: etcd-dev.s.qima-inc.com:2379[\r][\n]"
2017-08-28 17:41:18.076 [I/O dispatcher 4] DEBUG org.apache.http.wire - http-outgoing-7 >> "Connection: Keep-Alive[\r][\n]"
2017-08-28 17:41:18.077 [I/O dispatcher 4] DEBUG org.apache.http.wire - http-outgoing-7 >> "User-Agent: Apache-HttpAsyncClient/4.1.2 (Java/1.8.0_111)[\r][\n]"
2017-08-28 17:41:18.077 [I/O dispatcher 4] DEBUG org.apache.http.wire - http-outgoing-7 >> "[\r][\n]"
2017-08-28 17:41:18.077 [I/O dispatcher 4] DEBUG org.apache.http.impl.nio.client.InternalIODispatch - http-outgoing-7 [ACTIVE] Request ready
2017-08-28 17:41:18.077 [I/O dispatcher 4] DEBUG o.a.http.impl.nio.conn.ManagedNHttpClientConnectionImpl - http-outgoing-7 172.17.11.56:61333<->172.17.1.16:2379[ACTIVE][r:w]: Event cleared [w]
2017-08-28 17:41:18.078 [I/O dispatcher 4] DEBUG o.a.http.impl.nio.conn.ManagedNHttpClientConnectionImpl - http-outgoing-7 172.17.11.56:61333<->172.17.1.16:2379[ACTIVE][r:r]: 223 bytes read
2017-08-28 17:41:18.078 [I/O dispatcher 4] DEBUG org.apache.http.wire - http-outgoing-7 << "HTTP/1.1 200 OK[\r][\n]"
2017-08-28 17:41:18.078 [I/O dispatcher 4] DEBUG org.apache.http.wire - http-outgoing-7 << "Content-Type: application/json[\r][\n]"
2017-08-28 17:41:18.078 [I/O dispatcher 4] DEBUG org.apache.http.wire - http-outgoing-7 << "X-Etcd-Cluster-Id: f3e1f8311e5e2e3b[\r][\n]"
2017-08-28 17:41:18.078 [I/O dispatcher 4] DEBUG org.apache.http.wire - http-outgoing-7 << "X-Etcd-Index: 395024535[\r][\n]"
2017-08-28 17:41:18.078 [I/O dispatcher 4] DEBUG org.apache.http.wire - http-outgoing-7 << "X-Raft-Index: 466944477[\r][\n]"
2017-08-28 17:41:18.078 [I/O dispatcher 4] DEBUG org.apache.http.wire - http-outgoing-7 << "X-Raft-Term: 39395[\r][\n]"
2017-08-28 17:41:18.078 [I/O dispatcher 4] DEBUG org.apache.http.wire - http-outgoing-7 << "Date: Mon, 28 Aug 2017 09:41:17 GMT[\r][\n]"
2017-08-28 17:41:18.078 [I/O dispatcher 4] DEBUG org.apache.http.wire - http-outgoing-7 << "Transfer-Encoding: chunked[\r][\n]"
2017-08-28 17:41:18.078 [I/O dispatcher 4] DEBUG org.apache.http.wire - http-outgoing-7 << "[\r][\n]"
2017-08-28 17:41:18.079 [I/O dispatcher 4] DEBUG org.apache.http.headers - http-outgoing-7 << HTTP/1.1 200 OK
2017-08-28 17:41:18.079 [I/O dispatcher 4] DEBUG org.apache.http.headers - http-outgoing-7 << Content-Type: application/json
2017-08-28 17:41:18.079 [I/O dispatcher 4] DEBUG org.apache.http.headers - http-outgoing-7 << X-Etcd-Cluster-Id: f3e1f8311e5e2e3b
2017-08-28 17:41:18.079 [I/O dispatcher 4] DEBUG org.apache.http.headers - http-outgoing-7 << X-Etcd-Index: 395024535
2017-08-28 17:41:18.079 [I/O dispatcher 4] DEBUG org.apache.http.headers - http-outgoing-7 << X-Raft-Index: 466944477
2017-08-28 17:41:18.079 [I/O dispatcher 4] DEBUG org.apache.http.headers - http-outgoing-7 << X-Raft-Term: 39395
2017-08-28 17:41:18.079 [I/O dispatcher 4] DEBUG org.apache.http.headers - http-outgoing-7 << Date: Mon, 28 Aug 2017 09:41:17 GMT
2017-08-28 17:41:18.079 [I/O dispatcher 4] DEBUG org.apache.http.headers - http-outgoing-7 << Transfer-Encoding: chunked
2017-08-28 17:41:18.079 [I/O dispatcher 4] DEBUG org.apache.http.impl.nio.client.InternalIODispatch - http-outgoing-7 [ACTIVE] Response received
2017-08-28 17:41:18.079 [I/O dispatcher 4] DEBUG org.apache.http.impl.nio.client.MainClientExec - [exchange: 16] Response received HTTP/1.1 200 OK
2017-08-28 17:41:18.080 [I/O dispatcher 4] DEBUG org.apache.http.impl.nio.client.InternalIODispatch - http-outgoing-7 [ACTIVE] Input ready
2017-08-28 17:41:18.081 [I/O dispatcher 4] DEBUG org.apache.http.impl.nio.client.MainClientExec - [exchange: 16] Consume content
2017-08-28 17:41:18.082 [I/O dispatcher 4] DEBUG o.a.http.impl.nio.conn.ManagedNHttpClientConnectionImpl - http-outgoing-7 172.17.11.56:61333<->172.17.1.16:2379[ACTIVE][r:r]: 0 bytes read
2017-08-28 17:41:18.082 [I/O dispatcher 4] DEBUG org.apache.http.impl.nio.client.InternalIODispatch - http-outgoing-7 [ACTIVE] [chunk-coded; completed: false]
2017-08-28 17:41:18.083 [main] INFO  com.youzan.nova.registry.haunt.HauntRegistry -  [Nova] Notify urls for subscribe url consumer://172.17.11.56/com.youzan.pay.assetcenter.api.UnifiedPayService?application=pay-ucashier&category=providers,configurators,routers&check=false&dubbo=3.0.9-RELEASE&interface=com.youzan.pay.assetcenter.api.UnifiedPayService&logger=slf4j&methods=warpMultiPay,multiPay,singlePay,wrapMultiPay,wrapSinglePay&owner=pay-ucashier&pid=43551&protocol=dubbo&retries=0&revision=0.0.9-20170817-SNAPSHOT&side=consumer&timeout=5000&timestamp=1503913276303, urls: [dubbo://10.9.82.150:28094?application=pay-assetcenter&interface=com.youzan.pay.assetcenter.api.UnifiedPayService&methods=warpMultiPay,multiPay,singlePay,wrapMultiPay,batchPay,wrapSinglePay,&timestamp=1503890765498&weight=100, empty://172.17.11.56/com.youzan.pay.assetcenter.api.UnifiedPayService?application=pay-ucashier&category=configurators&check=false&dubbo=3.0.9-RELEASE&interface=com.youzan.pay.assetcenter.api.UnifiedPayService&logger=slf4j&methods=warpMultiPay,multiPay,singlePay,wrapMultiPay,wrapSinglePay&owner=pay-ucashier&pid=43551&protocol=dubbo&retries=0&revision=0.0.9-20170817-SNAPSHOT&side=consumer&timeout=5000&timestamp=1503913276303, empty://172.17.11.56/com.youzan.pay.assetcenter.api.UnifiedPayService?application=pay-ucashier&category=routers&check=false&dubbo=3.0.9-RELEASE&interface=com.youzan.pay.assetcenter.api.UnifiedPayService&logger=slf4j&methods=warpMultiPay,multiPay,singlePay,wrapMultiPay,wrapSinglePay&owner=pay-ucashier&pid=43551&protocol=dubbo&retries=0&revision=0.0.9-20170817-SNAPSHOT&side=consumer&timeout=5000&timestamp=1503913276303], nova version: 3.0.9-RELEASE, current host: 172.17.11.56
2017-08-28 17:41:18.146 [main] DEBUG com.alibaba.dubbo.common.extension.ExtensionLoader -  [Nova] package com.alibaba.dubbo.remoting;
import com.alibaba.dubbo.common.extension.ExtensionLoader;
public class Transporter$Adpative implements com.alibaba.dubbo.remoting.Transporter {
public com.alibaba.dubbo.remoting.Client connect(com.alibaba.dubbo.common.URL arg0, com.alibaba.dubbo.remoting.ChannelHandler arg1) throws com.alibaba.dubbo.common.URL {
if (arg0 == null) throw new IllegalArgumentException("url == null");
com.alibaba.dubbo.common.URL url = arg0;
String extName = url.getParameter("client", url.getParameter("transporter", "netty"));
if(extName == null) throw new IllegalStateException("Fail to get extension(com.alibaba.dubbo.remoting.Transporter) name from url(" + url.toString() + ") use keys([client, transporter])");
com.alibaba.dubbo.remoting.Transporter extension = (com.alibaba.dubbo.remoting.Transporter)ExtensionLoader.getExtensionLoader(com.alibaba.dubbo.remoting.Transporter.class).getExtension(extName);
return extension.connect(arg0, arg1);
}
public com.alibaba.dubbo.remoting.Server bind(com.alibaba.dubbo.common.URL arg0, com.alibaba.dubbo.remoting.ChannelHandler arg1) throws com.alibaba.dubbo.common.URL {
if (arg0 == null) throw new IllegalArgumentException("url == null");
com.alibaba.dubbo.common.URL url = arg0;
String extName = url.getParameter("server", url.getParameter("transporter", "netty"));
if(extName == null) throw new IllegalStateException("Fail to get extension(com.alibaba.dubbo.remoting.Transporter) name from url(" + url.toString() + ") use keys([server, transporter])");
com.alibaba.dubbo.remoting.Transporter extension = (com.alibaba.dubbo.remoting.Transporter)ExtensionLoader.getExtensionLoader(com.alibaba.dubbo.remoting.Transporter.class).getExtension(extName);
return extension.bind(arg0, arg1);
}
}, nova version: 3.0.9-RELEASE, current host: 172.17.11.56
2017-08-28 17:41:18.334 [main] DEBUG com.alibaba.dubbo.common.extension.ExtensionLoader -  [Nova] package com.alibaba.dubbo.remoting;
import com.alibaba.dubbo.common.extension.ExtensionLoader;
public class Dispatcher$Adpative implements com.alibaba.dubbo.remoting.Dispatcher {
public com.alibaba.dubbo.remoting.ChannelHandler dispatch(com.alibaba.dubbo.remoting.ChannelHandler arg0, com.alibaba.dubbo.common.URL arg1) {
if (arg1 == null) throw new IllegalArgumentException("url == null");
com.alibaba.dubbo.common.URL url = arg1;
String extName = url.getParameter("dispatcher", url.getParameter("dispather", url.getParameter("channel.handler", "all")));
if(extName == null) throw new IllegalStateException("Fail to get extension(com.alibaba.dubbo.remoting.Dispatcher) name from url(" + url.toString() + ") use keys([dispatcher, dispather, channel.handler])");
com.alibaba.dubbo.remoting.Dispatcher extension = (com.alibaba.dubbo.remoting.Dispatcher)ExtensionLoader.getExtensionLoader(com.alibaba.dubbo.remoting.Dispatcher.class).getExtension(extName);
return extension.dispatch(arg0, arg1);
}
}, nova version: 3.0.9-RELEASE, current host: 172.17.11.56
2017-08-28 17:41:18.392 [main] DEBUG com.alibaba.dubbo.common.extension.ExtensionLoader -  [Nova] package com.alibaba.dubbo.common.threadpool;
import com.alibaba.dubbo.common.extension.ExtensionLoader;
public class ThreadPool$Adpative implements com.alibaba.dubbo.common.threadpool.ThreadPool {
public java.util.concurrent.Executor getExecutor(com.alibaba.dubbo.common.URL arg0) {
if (arg0 == null) throw new IllegalArgumentException("url == null");
com.alibaba.dubbo.common.URL url = arg0;
String extName = url.getParameter("threadpool", "fixed");
if(extName == null) throw new IllegalStateException("Fail to get extension(com.alibaba.dubbo.common.threadpool.ThreadPool) name from url(" + url.toString() + ") use keys([threadpool])");
com.alibaba.dubbo.common.threadpool.ThreadPool extension = (com.alibaba.dubbo.common.threadpool.ThreadPool)ExtensionLoader.getExtensionLoader(com.alibaba.dubbo.common.threadpool.ThreadPool.class).getExtension(extName);
return extension.getExecutor(arg0);
}
}, nova version: 3.0.9-RELEASE, current host: 172.17.11.56
2017-08-28 17:41:18.604 [main] INFO  com.alibaba.dubbo.remoting.transport.AbstractClient -  [Nova] Successed connect to server /10.9.82.150:28094 from NettyClient 172.17.11.56 using dubbo version 3.0.9-RELEASE, channel is NettyChannel [channel=[id: 0x1d0f7b5b, /172.17.11.56:61334 => /10.9.82.150:28094]], nova version: 3.0.9-RELEASE, current host: 172.17.11.56
2017-08-28 17:41:18.605 [main] INFO  com.alibaba.dubbo.remoting.transport.AbstractClient -  [Nova] Start NettyClient wulonghuideMacBook-Pro.local/172.17.11.56 connect to the server /10.9.82.150:28094, nova version: 3.0.9-RELEASE, current host: 172.17.11.56
Logger file /data/applogs/cat/cat_20170828.log
2017-08-28 17:41:19.534 [main] DEBUG io.netty.util.internal.logging.InternalLoggerFactory - Using SLF4J as the default logging framework
2017-08-28 17:41:19.539 [main] DEBUG io.netty.channel.MultithreadEventLoopGroup - -Dio.netty.eventLoopThreads: 8
2017-08-28 17:41:19.559 [main] DEBUG io.netty.util.internal.PlatformDependent0 - java.nio.Buffer.address: available
2017-08-28 17:41:19.560 [main] DEBUG io.netty.util.internal.PlatformDependent0 - sun.misc.Unsafe.theUnsafe: available
2017-08-28 17:41:19.560 [main] DEBUG io.netty.util.internal.PlatformDependent0 - sun.misc.Unsafe.copyMemory: available
2017-08-28 17:41:19.561 [main] DEBUG io.netty.util.internal.PlatformDependent0 - java.nio.Bits.unaligned: true
2017-08-28 17:41:19.588 [main] DEBUG io.netty.util.internal.PlatformDependent - UID: 501
2017-08-28 17:41:19.588 [main] DEBUG io.netty.util.internal.PlatformDependent - Java version: 8
2017-08-28 17:41:19.589 [main] DEBUG io.netty.util.internal.PlatformDependent - -Dio.netty.noUnsafe: false
2017-08-28 17:41:19.589 [main] DEBUG io.netty.util.internal.PlatformDependent - sun.misc.Unsafe: available
2017-08-28 17:41:19.589 [main] DEBUG io.netty.util.internal.PlatformDependent - -Dio.netty.noJavassist: false
2017-08-28 17:41:19.597 [main] DEBUG io.netty.util.internal.PlatformDependent - Javassist: available
2017-08-28 17:41:19.598 [main] DEBUG io.netty.util.internal.PlatformDependent - -Dio.netty.tmpdir: /var/folders/gj/b7p8d0cx4v54sz9_rlky12d00000gn/T (java.io.tmpdir)
2017-08-28 17:41:19.598 [main] DEBUG io.netty.util.internal.PlatformDependent - -Dio.netty.bitMode: 64 (sun.arch.data.model)
2017-08-28 17:41:19.598 [main] DEBUG io.netty.util.internal.PlatformDependent - -Dio.netty.noPreferDirect: false
2017-08-28 17:41:19.641 [main] DEBUG io.netty.channel.nio.NioEventLoop - -Dio.netty.noKeySetOptimization: false
2017-08-28 17:41:19.641 [main] DEBUG io.netty.channel.nio.NioEventLoop - -Dio.netty.selectorAutoRebuildThreshold: 512
2017-08-28 17:41:19.763 [cat-TcpSocketSender-ChannelManager] DEBUG io.netty.util.internal.ThreadLocalRandom - -Dio.netty.initialSeedUniquifier: 0x01e2713d7d69532b (took 1 ms)
[08-28 17:41:19.019] [WARN] [cat] Cat is lazy initialized!
2017-08-28 17:41:19.791 [main] DEBUG com.alibaba.dubbo.common.extension.ExtensionLoader -  [Nova] package com.alibaba.dubbo.cache;
import com.alibaba.dubbo.common.extension.ExtensionLoader;
public class CacheFactory$Adpative implements com.alibaba.dubbo.cache.CacheFactory {
public com.alibaba.dubbo.cache.Cache getCache(com.alibaba.dubbo.common.URL arg0) {
if (arg0 == null) throw new IllegalArgumentException("url == null");
com.alibaba.dubbo.common.URL url = arg0;
String extName = url.getParameter("cache", "lru");
if(extName == null) throw new IllegalStateException("Fail to get extension(com.alibaba.dubbo.cache.CacheFactory) name from url(" + url.toString() + ") use keys([cache])");
com.alibaba.dubbo.cache.CacheFactory extension = (com.alibaba.dubbo.cache.CacheFactory)ExtensionLoader.getExtensionLoader(com.alibaba.dubbo.cache.CacheFactory.class).getExtension(extName);
return extension.getCache(arg0);
}
}, nova version: 3.0.9-RELEASE, current host: 172.17.11.56
2017-08-28 17:41:19.814 [main] DEBUG com.alibaba.dubbo.common.extension.ExtensionLoader -  [Nova] package com.alibaba.dubbo.monitor;
import com.alibaba.dubbo.common.extension.ExtensionLoader;
public class MonitorFactory$Adpative implements com.alibaba.dubbo.monitor.MonitorFactory {
public com.alibaba.dubbo.monitor.Monitor getMonitor(com.alibaba.dubbo.common.URL arg0) {
if (arg0 == null) throw new IllegalArgumentException("url == null");
com.alibaba.dubbo.common.URL url = arg0;
String extName = ( url.getProtocol() == null ? "dubbo" : url.getProtocol() );
if(extName == null) throw new IllegalStateException("Fail to get extension(com.alibaba.dubbo.monitor.MonitorFactory) name from url(" + url.toString() + ") use keys([protocol])");
com.alibaba.dubbo.monitor.MonitorFactory extension = (com.alibaba.dubbo.monitor.MonitorFactory)ExtensionLoader.getExtensionLoader(com.alibaba.dubbo.monitor.MonitorFactory.class).getExtension(extName);
return extension.getMonitor(arg0);
}
}, nova version: 3.0.9-RELEASE, current host: 172.17.11.56
2017-08-28 17:41:19.844 [main] DEBUG com.alibaba.dubbo.common.extension.ExtensionLoader -  [Nova] package com.alibaba.dubbo.validation;
import com.alibaba.dubbo.common.extension.ExtensionLoader;
public class Validation$Adpative implements com.alibaba.dubbo.validation.Validation {
public com.alibaba.dubbo.validation.Validator getValidator(com.alibaba.dubbo.common.URL arg0) {
if (arg0 == null) throw new IllegalArgumentException("url == null");
com.alibaba.dubbo.common.URL url = arg0;
String extName = url.getParameter("validation", "jvalidation");
if(extName == null) throw new IllegalStateException("Fail to get extension(com.alibaba.dubbo.validation.Validation) name from url(" + url.toString() + ") use keys([validation])");
com.alibaba.dubbo.validation.Validation extension = (com.alibaba.dubbo.validation.Validation)ExtensionLoader.getExtensionLoader(com.alibaba.dubbo.validation.Validation.class).getExtension(extName);
return extension.getValidator(arg0);
}
}, nova version: 3.0.9-RELEASE, current host: 172.17.11.56
2017-08-28 17:41:19.858 [cat-TcpSocketSender-ChannelManager] DEBUG io.netty.buffer.ByteBufUtil - -Dio.netty.allocator.type: unpooled
2017-08-28 17:41:19.859 [cat-TcpSocketSender-ChannelManager] DEBUG io.netty.buffer.ByteBufUtil - -Dio.netty.threadLocalDirectBufferSize: 65536
2017-08-28 17:41:19.878 [main] INFO  com.alibaba.dubbo.config.AbstractConfig -  [Nova] Refer dubbo service com.youzan.pay.assetcenter.api.UnifiedPayService from url haunt://etcd-dev.s.qima-inc.com:2379/com.alibaba.dubbo.registry.RegistryService?application=pay-ucashier&check=false&dubbo=3.0.9-RELEASE&interface=com.youzan.pay.assetcenter.api.UnifiedPayService&logger=slf4j&methods=warpMultiPay,multiPay,singlePay,wrapMultiPay,wrapSinglePay&monitor=http%3A%2F%2Fhawk-dev.s.qima-inc.com%3A80%3Fdubbo%3D3.0.9-RELEASE%26interface%3Dcom.alibaba.dubbo.monitor.MonitorService%26pid%3D43551%26timestamp%3D1503913276380&owner=pay-ucashier&pid=43551&protocol=dubbo&retries=0&revision=0.0.9-20170817-SNAPSHOT&side=consumer&timeout=5000&timestamp=1503913276303&weight=100, nova version: 3.0.9-RELEASE, current host: 172.17.11.56
2017-08-28 17:41:19.945 [main] DEBUG o.s.beans.factory.support.DefaultListableBeanFactory - Finished creating instance of bean 'assetCenterUnifiedPayServiceClient'
2017-08-28 17:41:19.945 [main] DEBUG o.s.beans.factory.support.DefaultListableBeanFactory - Creating shared instance of singleton bean 'cashierOrderStatusSearchClient'
2017-08-28 17:41:19.947 [main] DEBUG o.s.beans.factory.support.DefaultListableBeanFactory - Creating instance of bean 'cashierOrderStatusSearchClient'
2017-08-28 17:41:19.956 [main] DEBUG o.s.beans.factory.annotation.InjectionMetadata - Registered injected element on class [com.youzan.pay.unified.cashier.intergration.client.CashierOrderStatusSearchClient]: ResourceElement for private com.youzan.pay.assetcenter.api.AcquireOrderService com.youzan.pay.unified.cashier.intergration.client.CashierOrderStatusSearchClient.acquireOrderService
2017-08-28 17:41:19.956 [main] DEBUG o.s.beans.factory.support.DefaultListableBeanFactory - Eagerly caching bean 'cashierOrderStatusSearchClient' to allow for resolving potential circular references
2017-08-28 17:41:19.960 [main] DEBUG o.s.beans.factory.annotation.InjectionMetadata - Processing injected element of bean 'cashierOrderStatusSearchClient': ResourceElement for private com.youzan.pay.assetcenter.api.AcquireOrderService com.youzan.pay.unified.cashier.intergration.client.CashierOrderStatusSearchClient.acquireOrderService
2017-08-28 17:41:19.961 [main] DEBUG o.s.beans.factory.support.DefaultListableBeanFactory - Creating shared instance of singleton bean 'acquireOrderService'
2017-08-28 17:41:19.961 [main] DEBUG o.s.beans.factory.support.DefaultListableBeanFactory - Creating instance of bean 'acquireOrderService'
2017-08-28 17:41:19.964 [main] DEBUG o.s.beans.factory.support.DefaultListableBeanFactory - Eagerly caching bean 'acquireOrderService' to allow for resolving potential circular references
2017-08-28 17:41:19.965 [main] DEBUG o.s.beans.factory.support.DefaultListableBeanFactory - Returning cached instance of singleton bean 'haunt'
2017-08-28 17:41:19.966 [main] DEBUG o.s.beans.factory.support.DefaultListableBeanFactory - Invoking afterPropertiesSet() on bean with name 'acquireOrderService'
2017-08-28 17:41:19.970 [main] DEBUG o.s.beans.factory.support.DefaultListableBeanFactory - Returning cached instance of singleton bean 'com.alibaba.dubbo.config.ApplicationConfig'
2017-08-28 17:41:19.972 [main] DEBUG o.s.beans.factory.support.DefaultListableBeanFactory - Returning cached instance of singleton bean 'com.alibaba.dubbo.config.MonitorConfig'
2017-08-28 17:41:19.980 [main] DEBUG o.s.beans.factory.support.DefaultListableBeanFactory - Finished creating instance of bean 'acquireOrderService'
2017-08-28 17:41:20.030 [main] INFO  com.youzan.nova.registry.haunt.HauntRegistry -  [Nova] Register: consumer://172.17.11.56/com.youzan.pay.assetcenter.api.AcquireOrderService?application=pay-ucashier&category=consumers&check=false&dubbo=3.0.9-RELEASE&interface=com.youzan.pay.assetcenter.api.AcquireOrderService&logger=slf4j&methods=payNotify,retryInAccount,query,create,pay,revoke&owner=pay-ucashier&pid=43551&protocol=dubbo&retries=0&revision=0.0.9-20170817-SNAPSHOT&side=consumer&timeout=5000&timestamp=1503913279985, nova version: 3.0.9-RELEASE, current host: 172.17.11.56
2017-08-28 17:41:20.035 [main] INFO  com.youzan.nova.registry.haunt.HauntRegistry -  [Nova] Subscribe: consumer://172.17.11.56/com.youzan.pay.assetcenter.api.AcquireOrderService?application=pay-ucashier&category=providers,configurators,routers&check=false&dubbo=3.0.9-RELEASE&interface=com.youzan.pay.assetcenter.api.AcquireOrderService&logger=slf4j&methods=payNotify,retryInAccount,query,create,pay,revoke&owner=pay-ucashier&pid=43551&protocol=dubbo&retries=0&revision=0.0.9-20170817-SNAPSHOT&side=consumer&timeout=5000&timestamp=1503913279985, nova version: 3.0.9-RELEASE, current host: 172.17.11.56
2017-08-28 17:41:20.036 [main] INFO  com.youzan.nova.registry.haunt.HauntRegistry -  [Nova] Notify urls for subscribe url consumer://172.17.11.56/com.youzan.pay.assetcenter.api.AcquireOrderService?application=pay-ucashier&category=providers,configurators,routers&check=false&dubbo=3.0.9-RELEASE&interface=com.youzan.pay.assetcenter.api.AcquireOrderService&logger=slf4j&methods=payNotify,retryInAccount,query,create,pay,revoke&owner=pay-ucashier&pid=43551&protocol=dubbo&retries=0&revision=0.0.9-20170817-SNAPSHOT&side=consumer&timeout=5000&timestamp=1503913279985, urls: [dubbo://10.9.82.150:28094?application=pay-assetcenter&interface=com.youzan.pay.assetcenter.api.AcquireOrderService&methods=payNotify,retryInAccount,query,pay,revoke,create,&timestamp=1503890764801&weight=100, empty://172.17.11.56/com.youzan.pay.assetcenter.api.AcquireOrderService?application=pay-ucashier&category=configurators&check=false&dubbo=3.0.9-RELEASE&interface=com.youzan.pay.assetcenter.api.AcquireOrderService&logger=slf4j&methods=payNotify,retryInAccount,query,create,pay,revoke&owner=pay-ucashier&pid=43551&protocol=dubbo&retries=0&revision=0.0.9-20170817-SNAPSHOT&side=consumer&timeout=5000&timestamp=1503913279985, empty://172.17.11.56/com.youzan.pay.assetcenter.api.AcquireOrderService?application=pay-ucashier&category=routers&check=false&dubbo=3.0.9-RELEASE&interface=com.youzan.pay.assetcenter.api.AcquireOrderService&logger=slf4j&methods=payNotify,retryInAccount,query,create,pay,revoke&owner=pay-ucashier&pid=43551&protocol=dubbo&retries=0&revision=0.0.9-20170817-SNAPSHOT&side=consumer&timeout=5000&timestamp=1503913279985], nova version: 3.0.9-RELEASE, current host: 172.17.11.56
2017-08-28 17:41:20.038 [main] INFO  com.alibaba.dubbo.config.AbstractConfig -  [Nova] Refer dubbo service com.youzan.pay.assetcenter.api.AcquireOrderService from url haunt://etcd-dev.s.qima-inc.com:2379/com.alibaba.dubbo.registry.RegistryService?application=pay-ucashier&check=false&dubbo=3.0.9-RELEASE&interface=com.youzan.pay.assetcenter.api.AcquireOrderService&logger=slf4j&methods=payNotify,retryInAccount,query,create,pay,revoke&monitor=http%3A%2F%2Fhawk-dev.s.qima-inc.com%3A80%3Fdubbo%3D3.0.9-RELEASE%26interface%3Dcom.alibaba.dubbo.monitor.MonitorService%26pid%3D43551%26timestamp%3D1503913280029&owner=pay-ucashier&pid=43551&protocol=dubbo&retries=0&revision=0.0.9-20170817-SNAPSHOT&side=consumer&timeout=5000&timestamp=1503913279985&weight=100, nova version: 3.0.9-RELEASE, current host: 172.17.11.56
2017-08-28 17:41:20.095 [main] DEBUG o.s.beans.factory.support.DefaultListableBeanFactory - Finished creating instance of bean 'cashierOrderStatusSearchClient'
2017-08-28 17:41:20.096 [main] DEBUG o.s.beans.factory.support.DefaultListableBeanFactory - Creating shared instance of singleton bean 'cashierRechargeServiceClient'
2017-08-28 17:41:20.096 [main] DEBUG o.s.beans.factory.support.DefaultListableBeanFactory - Creating instance of bean 'cashierRechargeServiceClient'
2017-08-28 17:41:20.102 [main] DEBUG o.s.beans.factory.annotation.InjectionMetadata - Registered injected element on class [com.youzan.pay.unified.cashier.intergration.client.CashierRechargeServiceClient]: ResourceElement for private com.youzan.pay.assetcenter.api.RechargeService com.youzan.pay.unified.cashier.intergration.client.CashierRechargeServiceClient.rechargeService
2017-08-28 17:41:20.103 [main] DEBUG o.s.beans.factory.support.DefaultListableBeanFactory - Eagerly caching bean 'cashierRechargeServiceClient' to allow for resolving potential circular references
2017-08-28 17:41:20.120 [main] DEBUG o.s.beans.factory.annotation.InjectionMetadata - Processing injected element of bean 'cashierRechargeServiceClient': ResourceElement for private com.youzan.pay.assetcenter.api.RechargeService com.youzan.pay.unified.cashier.intergration.client.CashierRechargeServiceClient.rechargeService
2017-08-28 17:41:20.121 [main] DEBUG o.s.beans.factory.support.DefaultListableBeanFactory - Creating shared instance of singleton bean 'rechargeService'
2017-08-28 17:41:20.121 [main] DEBUG o.s.beans.factory.support.DefaultListableBeanFactory - Creating instance of bean 'rechargeService'
2017-08-28 17:41:20.133 [main] DEBUG o.s.beans.factory.support.DefaultListableBeanFactory - Eagerly caching bean 'rechargeService' to allow for resolving potential circular references
2017-08-28 17:41:20.139 [main] DEBUG o.s.beans.factory.support.DefaultListableBeanFactory - Returning cached instance of singleton bean 'haunt'
2017-08-28 17:41:20.141 [main] DEBUG o.s.beans.factory.support.DefaultListableBeanFactory - Invoking afterPropertiesSet() on bean with name 'rechargeService'
2017-08-28 17:41:20.143 [main] DEBUG o.s.beans.factory.support.DefaultListableBeanFactory - Returning cached instance of singleton bean 'com.alibaba.dubbo.config.ApplicationConfig'
2017-08-28 17:41:20.144 [main] DEBUG o.s.beans.factory.support.DefaultListableBeanFactory - Returning cached instance of singleton bean 'com.alibaba.dubbo.config.MonitorConfig'
2017-08-28 17:41:20.154 [main] DEBUG o.s.beans.factory.support.DefaultListableBeanFactory - Finished creating instance of bean 'rechargeService'
2017-08-28 17:41:20.185 [main] INFO  com.youzan.nova.registry.haunt.HauntRegistry -  [Nova] Register: consumer://172.17.11.56/com.youzan.pay.assetcenter.api.RechargeService?application=pay-ucashier&category=consumers&check=false&dubbo=3.0.9-RELEASE&interface=com.youzan.pay.assetcenter.api.RechargeService&logger=slf4j&methods=rechargePay,wrapCreate,create,wrapRechargePay&owner=pay-ucashier&pid=43551&protocol=dubbo&retries=0&revision=0.0.9-20170817-SNAPSHOT&side=consumer&timeout=5000&timestamp=1503913280166, nova version: 3.0.9-RELEASE, current host: 172.17.11.56
2017-08-28 17:41:20.185 [main] INFO  com.youzan.nova.registry.haunt.HauntRegistry -  [Nova] Subscribe: consumer://172.17.11.56/com.youzan.pay.assetcenter.api.RechargeService?application=pay-ucashier&category=providers,configurators,routers&check=false&dubbo=3.0.9-RELEASE&interface=com.youzan.pay.assetcenter.api.RechargeService&logger=slf4j&methods=rechargePay,wrapCreate,create,wrapRechargePay&owner=pay-ucashier&pid=43551&protocol=dubbo&retries=0&revision=0.0.9-20170817-SNAPSHOT&side=consumer&timeout=5000&timestamp=1503913280166, nova version: 3.0.9-RELEASE, current host: 172.17.11.56
2017-08-28 17:41:20.186 [main] INFO  com.youzan.nova.registry.haunt.HauntRegistry -  [Nova] Notify urls for subscribe url consumer://172.17.11.56/com.youzan.pay.assetcenter.api.RechargeService?application=pay-ucashier&category=providers,configurators,routers&check=false&dubbo=3.0.9-RELEASE&interface=com.youzan.pay.assetcenter.api.RechargeService&logger=slf4j&methods=rechargePay,wrapCreate,create,wrapRechargePay&owner=pay-ucashier&pid=43551&protocol=dubbo&retries=0&revision=0.0.9-20170817-SNAPSHOT&side=consumer&timeout=5000&timestamp=1503913280166, urls: [dubbo://10.9.82.150:28094?application=pay-assetcenter&interface=com.youzan.pay.assetcenter.api.RechargeService&methods=rechargePay,wrapCreate,create,wrapRechargePay,&timestamp=1503890766143&weight=100, empty://172.17.11.56/com.youzan.pay.assetcenter.api.RechargeService?application=pay-ucashier&category=configurators&check=false&dubbo=3.0.9-RELEASE&interface=com.youzan.pay.assetcenter.api.RechargeService&logger=slf4j&methods=rechargePay,wrapCreate,create,wrapRechargePay&owner=pay-ucashier&pid=43551&protocol=dubbo&retries=0&revision=0.0.9-20170817-SNAPSHOT&side=consumer&timeout=5000&timestamp=1503913280166, empty://172.17.11.56/com.youzan.pay.assetcenter.api.RechargeService?application=pay-ucashier&category=routers&check=false&dubbo=3.0.9-RELEASE&interface=com.youzan.pay.assetcenter.api.RechargeService&logger=slf4j&methods=rechargePay,wrapCreate,create,wrapRechargePay&owner=pay-ucashier&pid=43551&protocol=dubbo&retries=0&revision=0.0.9-20170817-SNAPSHOT&side=consumer&timeout=5000&timestamp=1503913280166], nova version: 3.0.9-RELEASE, current host: 172.17.11.56
2017-08-28 17:41:20.187 [main] INFO  com.alibaba.dubbo.config.AbstractConfig -  [Nova] Refer dubbo service com.youzan.pay.assetcenter.api.RechargeService from url haunt://etcd-dev.s.qima-inc.com:2379/com.alibaba.dubbo.registry.RegistryService?application=pay-ucashier&check=false&dubbo=3.0.9-RELEASE&interface=com.youzan.pay.assetcenter.api.RechargeService&logger=slf4j&methods=rechargePay,wrapCreate,create,wrapRechargePay&monitor=http%3A%2F%2Fhawk-dev.s.qima-inc.com%3A80%3Fdubbo%3D3.0.9-RELEASE%26interface%3Dcom.alibaba.dubbo.monitor.MonitorService%26pid%3D43551%26timestamp%3D1503913280183&owner=pay-ucashier&pid=43551&protocol=dubbo&retries=0&revision=0.0.9-20170817-SNAPSHOT&side=consumer&timeout=5000&timestamp=1503913280166&weight=100, nova version: 3.0.9-RELEASE, current host: 172.17.11.56
2017-08-28 17:41:20.225 [main] DEBUG o.s.beans.factory.support.DefaultListableBeanFactory - Finished creating instance of bean 'cashierRechargeServiceClient'
2017-08-28 17:41:20.225 [main] DEBUG o.s.beans.factory.support.DefaultListableBeanFactory - Creating shared instance of singleton bean 'channelBankCardServiceClient'
2017-08-28 17:41:20.225 [main] DEBUG o.s.beans.factory.support.DefaultListableBeanFactory - Creating instance of bean 'channelBankCardServiceClient'
2017-08-28 17:41:20.240 [main] DEBUG o.s.beans.factory.annotation.InjectionMetadata - Registered injected element on class [com.youzan.pay.unified.cashier.intergration.client.ChannelBankCardServiceClient]: ResourceElement for private com.youzan.pay.fundchannel.open.api.BankCardService com.youzan.pay.unified.cashier.intergration.client.ChannelBankCardServiceClient.bankCardService
2017-08-28 17:41:20.240 [main] DEBUG o.s.beans.factory.support.DefaultListableBeanFactory - Eagerly caching bean 'channelBankCardServiceClient' to allow for resolving potential circular references
2017-08-28 17:41:20.245 [main] DEBUG o.s.beans.factory.annotation.InjectionMetadata - Processing injected element of bean 'channelBankCardServiceClient': ResourceElement for private com.youzan.pay.fundchannel.open.api.BankCardService com.youzan.pay.unified.cashier.intergration.client.ChannelBankCardServiceClient.bankCardService
2017-08-28 17:41:20.246 [main] DEBUG o.s.beans.factory.support.DefaultListableBeanFactory - Creating shared instance of singleton bean 'bankCardService'
2017-08-28 17:41:20.246 [main] DEBUG o.s.beans.factory.support.DefaultListableBeanFactory - Creating instance of bean 'bankCardService'
2017-08-28 17:41:20.247 [main] DEBUG o.s.beans.factory.support.DefaultListableBeanFactory - Eagerly caching bean 'bankCardService' to allow for resolving potential circular references
2017-08-28 17:41:20.251 [main] DEBUG o.s.beans.factory.support.DefaultListableBeanFactory - Returning cached instance of singleton bean 'haunt'
2017-08-28 17:41:20.253 [main] DEBUG o.s.beans.factory.support.DefaultListableBeanFactory - Invoking afterPropertiesSet() on bean with name 'bankCardService'
2017-08-28 17:41:20.256 [main] DEBUG o.s.beans.factory.support.DefaultListableBeanFactory - Returning cached instance of singleton bean 'com.alibaba.dubbo.config.ApplicationConfig'
2017-08-28 17:41:20.259 [main] DEBUG o.s.beans.factory.support.DefaultListableBeanFactory - Returning cached instance of singleton bean 'com.alibaba.dubbo.config.MonitorConfig'
2017-08-28 17:41:20.270 [main] DEBUG o.s.beans.factory.support.DefaultListableBeanFactory - Finished creating instance of bean 'bankCardService'
2017-08-28 17:41:20.299 [main] INFO  com.youzan.nova.registry.haunt.HauntRegistry -  [Nova] Register: consumer://172.17.11.56/com.youzan.pay.fundchannel.open.api.BankCardService?application=pay-ucashier&category=consumers&check=false&dubbo=3.0.9-RELEASE&interface=com.youzan.pay.fundchannel.open.api.BankCardService&logger=slf4j&methods=checkCard,sendSms,checkBankBinding,payConfirm&owner=pay-ucashier&pid=43551&protocol=dubbo&retries=0&revision=1.0.0-20170710-RELEASE&side=consumer&timeout=5000&timestamp=1503913280272, nova version: 3.0.9-RELEASE, current host: 172.17.11.56
2017-08-28 17:41:20.300 [main] INFO  com.youzan.nova.registry.haunt.HauntRegistry -  [Nova] Subscribe: consumer://172.17.11.56/com.youzan.pay.fundchannel.open.api.BankCardService?application=pay-ucashier&category=providers,configurators,routers&check=false&dubbo=3.0.9-RELEASE&interface=com.youzan.pay.fundchannel.open.api.BankCardService&logger=slf4j&methods=checkCard,sendSms,checkBankBinding,payConfirm&owner=pay-ucashier&pid=43551&protocol=dubbo&retries=0&revision=1.0.0-20170710-RELEASE&side=consumer&timeout=5000&timestamp=1503913280272, nova version: 3.0.9-RELEASE, current host: 172.17.11.56
2017-08-28 17:41:20.301 [main] INFO  com.youzan.nova.registry.haunt.HauntRegistry -  [Nova] Notify urls for subscribe url consumer://172.17.11.56/com.youzan.pay.fundchannel.open.api.BankCardService?application=pay-ucashier&category=providers,configurators,routers&check=false&dubbo=3.0.9-RELEASE&interface=com.youzan.pay.fundchannel.open.api.BankCardService&logger=slf4j&methods=checkCard,sendSms,checkBankBinding,payConfirm&owner=pay-ucashier&pid=43551&protocol=dubbo&retries=0&revision=1.0.0-20170710-RELEASE&side=consumer&timeout=5000&timestamp=1503913280272, urls: [dubbo://10.9.196.183:28096?application=pay-fund-channel&interface=com.youzan.pay.fundchannel.open.api.BankCardService&methods=checkCard,sendSms,checkBankBinding,payConfirm,&timestamp=1503389549681&weight=100, empty://172.17.11.56/com.youzan.pay.fundchannel.open.api.BankCardService?application=pay-ucashier&category=configurators&check=false&dubbo=3.0.9-RELEASE&interface=com.youzan.pay.fundchannel.open.api.BankCardService&logger=slf4j&methods=checkCard,sendSms,checkBankBinding,payConfirm&owner=pay-ucashier&pid=43551&protocol=dubbo&retries=0&revision=1.0.0-20170710-RELEASE&side=consumer&timeout=5000&timestamp=1503913280272, empty://172.17.11.56/com.youzan.pay.fundchannel.open.api.BankCardService?application=pay-ucashier&category=routers&check=false&dubbo=3.0.9-RELEASE&interface=com.youzan.pay.fundchannel.open.api.BankCardService&logger=slf4j&methods=checkCard,sendSms,checkBankBinding,payConfirm&owner=pay-ucashier&pid=43551&protocol=dubbo&retries=0&revision=1.0.0-20170710-RELEASE&side=consumer&timeout=5000&timestamp=1503913280272], nova version: 3.0.9-RELEASE, current host: 172.17.11.56
2017-08-28 17:41:20.342 [main] INFO  com.alibaba.dubbo.remoting.transport.AbstractClient -  [Nova] Successed connect to server /10.9.196.183:28096 from NettyClient 172.17.11.56 using dubbo version 3.0.9-RELEASE, channel is NettyChannel [channel=[id: 0x7eb44e82, /172.17.11.56:61346 => /10.9.196.183:28096]], nova version: 3.0.9-RELEASE, current host: 172.17.11.56
2017-08-28 17:41:20.342 [main] INFO  com.alibaba.dubbo.remoting.transport.AbstractClient -  [Nova] Start NettyClient wulonghuideMacBook-Pro.local/172.17.11.56 connect to the server /10.9.196.183:28096, nova version: 3.0.9-RELEASE, current host: 172.17.11.56
2017-08-28 17:41:20.342 [main] INFO  com.alibaba.dubbo.config.AbstractConfig -  [Nova] Refer dubbo service com.youzan.pay.fundchannel.open.api.BankCardService from url haunt://etcd-dev.s.qima-inc.com:2379/com.alibaba.dubbo.registry.RegistryService?application=pay-ucashier&check=false&dubbo=3.0.9-RELEASE&interface=com.youzan.pay.fundchannel.open.api.BankCardService&logger=slf4j&methods=checkCard,sendSms,checkBankBinding,payConfirm&monitor=http%3A%2F%2Fhawk-dev.s.qima-inc.com%3A80%3Fdubbo%3D3.0.9-RELEASE%26interface%3Dcom.alibaba.dubbo.monitor.MonitorService%26pid%3D43551%26timestamp%3D1503913280298&owner=pay-ucashier&pid=43551&protocol=dubbo&retries=0&revision=1.0.0-20170710-RELEASE&side=consumer&timeout=5000&timestamp=1503913280272&weight=100, nova version: 3.0.9-RELEASE, current host: 172.17.11.56
2017-08-28 17:41:20.365 [main] DEBUG o.s.beans.factory.support.DefaultListableBeanFactory - Finished creating instance of bean 'channelBankCardServiceClient'
2017-08-28 17:41:20.365 [main] DEBUG o.s.beans.factory.support.DefaultListableBeanFactory - Creating shared instance of singleton bean 'merchantBankCardServiceClient'
2017-08-28 17:41:20.366 [main] DEBUG o.s.beans.factory.support.DefaultListableBeanFactory - Creating instance of bean 'merchantBankCardServiceClient'
2017-08-28 17:41:20.377 [main] DEBUG o.s.beans.factory.annotation.InjectionMetadata - Registered injected element on class [com.youzan.pay.unified.cashier.intergration.client.MerchantBankCardServiceClient]: ResourceElement for private com.youzan.pay.customer.api.BankCardService com.youzan.pay.unified.cashier.intergration.client.MerchantBankCardServiceClient.merchantBankCardService
2017-08-28 17:41:20.377 [main] DEBUG o.s.beans.factory.support.DefaultListableBeanFactory - Eagerly caching bean 'merchantBankCardServiceClient' to allow for resolving potential circular references
2017-08-28 17:41:20.384 [main] DEBUG o.s.beans.factory.annotation.InjectionMetadata - Processing injected element of bean 'merchantBankCardServiceClient': ResourceElement for private com.youzan.pay.customer.api.BankCardService com.youzan.pay.unified.cashier.intergration.client.MerchantBankCardServiceClient.merchantBankCardService
2017-08-28 17:41:20.385 [main] DEBUG o.s.beans.factory.support.DefaultListableBeanFactory - Creating shared instance of singleton bean 'merchantBankCardService'
2017-08-28 17:41:20.385 [main] DEBUG o.s.beans.factory.support.DefaultListableBeanFactory - Creating instance of bean 'merchantBankCardService'
2017-08-28 17:41:20.388 [main] DEBUG o.s.beans.factory.support.DefaultListableBeanFactory - Eagerly caching bean 'merchantBankCardService' to allow for resolving potential circular references
2017-08-28 17:41:20.389 [main] DEBUG o.s.beans.factory.support.DefaultListableBeanFactory - Returning cached instance of singleton bean 'haunt'
2017-08-28 17:41:20.390 [main] DEBUG o.s.beans.factory.support.DefaultListableBeanFactory - Invoking afterPropertiesSet() on bean with name 'merchantBankCardService'
2017-08-28 17:41:20.391 [main] DEBUG o.s.beans.factory.support.DefaultListableBeanFactory - Returning cached instance of singleton bean 'com.alibaba.dubbo.config.ApplicationConfig'
2017-08-28 17:41:20.392 [main] DEBUG o.s.beans.factory.support.DefaultListableBeanFactory - Returning cached instance of singleton bean 'com.alibaba.dubbo.config.MonitorConfig'
2017-08-28 17:41:20.396 [main] DEBUG o.s.beans.factory.support.DefaultListableBeanFactory - Finished creating instance of bean 'merchantBankCardService'
2017-08-28 17:41:20.423 [main] INFO  com.youzan.nova.registry.haunt.HauntRegistry -  [Nova] Register: consumer://172.17.11.56/com.youzan.pay.customer.api.BankCardService?application=pay-ucashier&category=consumers&check=false&dubbo=3.0.9-RELEASE&interface=com.youzan.pay.customer.api.BankCardService&logger=slf4j&methods=getBoundBankCard,bindQuackPayCard,bindCard,unbindQuickPayCard,queryBoundQuickPayCard&owner=pay-ucashier&pid=43551&protocol=dubbo&retries=0&revision=0.0.7-20170804-RELEASE&side=consumer&timeout=5000&timestamp=1503913280398, nova version: 3.0.9-RELEASE, current host: 172.17.11.56
2017-08-28 17:41:20.423 [main] INFO  com.youzan.nova.registry.haunt.HauntRegistry -  [Nova] Subscribe: consumer://172.17.11.56/com.youzan.pay.customer.api.BankCardService?application=pay-ucashier&category=providers,configurators,routers&check=false&dubbo=3.0.9-RELEASE&interface=com.youzan.pay.customer.api.BankCardService&logger=slf4j&methods=getBoundBankCard,bindQuackPayCard,bindCard,unbindQuickPayCard,queryBoundQuickPayCard&owner=pay-ucashier&pid=43551&protocol=dubbo&retries=0&revision=0.0.7-20170804-RELEASE&side=consumer&timeout=5000&timestamp=1503913280398, nova version: 3.0.9-RELEASE, current host: 172.17.11.56
2017-08-28 17:41:20.424 [main] INFO  com.youzan.nova.registry.haunt.HauntRegistry -  [Nova] Notify urls for subscribe url consumer://172.17.11.56/com.youzan.pay.customer.api.BankCardService?application=pay-ucashier&category=providers,configurators,routers&check=false&dubbo=3.0.9-RELEASE&interface=com.youzan.pay.customer.api.BankCardService&logger=slf4j&methods=getBoundBankCard,bindQuackPayCard,bindCard,unbindQuickPayCard,queryBoundQuickPayCard&owner=pay-ucashier&pid=43551&protocol=dubbo&retries=0&revision=0.0.7-20170804-RELEASE&side=consumer&timeout=5000&timestamp=1503913280398, urls: [dubbo://172.16.8.185:28081?application=pay-customer&interface=com.youzan.pay.customer.api.BankCardService&methods=bindQuackPayCard,getBoundBankCard,bindCard_2_0_0,unbindQuickPayCard,bindCard,queryBoundQuickPayCard,&timestamp=1503899411797&weight=100, dubbo://10.9.196.183:28081?application=pay-customer&interface=com.youzan.pay.customer.api.BankCardService&methods=bindQuackPayCard,getBoundBankCard,unbindQuickPayCard,bindCard,queryBoundQuickPayCard,&timestamp=1503886744702&weight=100, dubbo://10.9.82.150:28081?application=pay-customer&interface=com.youzan.pay.customer.api.BankCardService&methods=getBoundBankCard,bindQuackPayCard,unbindQuickPayCard,bindCard,queryBoundQuickPayCard,&timestamp=1499329634155&weight=100, empty://172.17.11.56/com.youzan.pay.customer.api.BankCardService?application=pay-ucashier&category=configurators&check=false&dubbo=3.0.9-RELEASE&interface=com.youzan.pay.customer.api.BankCardService&logger=slf4j&methods=getBoundBankCard,bindQuackPayCard,bindCard,unbindQuickPayCard,queryBoundQuickPayCard&owner=pay-ucashier&pid=43551&protocol=dubbo&retries=0&revision=0.0.7-20170804-RELEASE&side=consumer&timeout=5000&timestamp=1503913280398, empty://172.17.11.56/com.youzan.pay.customer.api.BankCardService?application=pay-ucashier&category=routers&check=false&dubbo=3.0.9-RELEASE&interface=com.youzan.pay.customer.api.BankCardService&logger=slf4j&methods=getBoundBankCard,bindQuackPayCard,bindCard,unbindQuickPayCard,queryBoundQuickPayCard&owner=pay-ucashier&pid=43551&protocol=dubbo&retries=0&revision=0.0.7-20170804-RELEASE&side=consumer&timeout=5000&timestamp=1503913280398], nova version: 3.0.9-RELEASE, current host: 172.17.11.56
2017-08-28 17:41:20.491 [main] INFO  com.alibaba.dubbo.remoting.transport.AbstractClient -  [Nova] Successed connect to server /172.16.8.185:28081 from NettyClient 172.17.11.56 using dubbo version 3.0.9-RELEASE, channel is NettyChannel [channel=[id: 0x08a081bf, /172.17.11.56:61347 => /172.16.8.185:28081]], nova version: 3.0.9-RELEASE, current host: 172.17.11.56
2017-08-28 17:41:20.491 [main] INFO  com.alibaba.dubbo.remoting.transport.AbstractClient -  [Nova] Start NettyClient wulonghuideMacBook-Pro.local/172.17.11.56 connect to the server /172.16.8.185:28081, nova version: 3.0.9-RELEASE, current host: 172.17.11.56
2017-08-28 17:41:20.526 [main] INFO  com.alibaba.dubbo.remoting.transport.AbstractClient -  [Nova] Successed connect to server /10.9.196.183:28081 from NettyClient 172.17.11.56 using dubbo version 3.0.9-RELEASE, channel is NettyChannel [channel=[id: 0xd359c515, /172.17.11.56:61348 => /10.9.196.183:28081]], nova version: 3.0.9-RELEASE, current host: 172.17.11.56
2017-08-28 17:41:20.526 [main] INFO  com.alibaba.dubbo.remoting.transport.AbstractClient -  [Nova] Start NettyClient wulonghuideMacBook-Pro.local/172.17.11.56 connect to the server /10.9.196.183:28081, nova version: 3.0.9-RELEASE, current host: 172.17.11.56
2017-08-28 17:41:20.556 [main] INFO  com.alibaba.dubbo.remoting.transport.AbstractClient -  [Nova] Successed connect to server /10.9.82.150:28081 from NettyClient 172.17.11.56 using dubbo version 3.0.9-RELEASE, channel is NettyChannel [channel=[id: 0xfef23bbc, /172.17.11.56:61349 => /10.9.82.150:28081]], nova version: 3.0.9-RELEASE, current host: 172.17.11.56
2017-08-28 17:41:20.557 [main] INFO  com.alibaba.dubbo.remoting.transport.AbstractClient -  [Nova] Start NettyClient wulonghuideMacBook-Pro.local/172.17.11.56 connect to the server /10.9.82.150:28081, nova version: 3.0.9-RELEASE, current host: 172.17.11.56
2017-08-28 17:41:20.559 [main] INFO  com.alibaba.dubbo.config.AbstractConfig -  [Nova] Refer dubbo service com.youzan.pay.customer.api.BankCardService from url haunt://etcd-dev.s.qima-inc.com:2379/com.alibaba.dubbo.registry.RegistryService?application=pay-ucashier&check=false&dubbo=3.0.9-RELEASE&interface=com.youzan.pay.customer.api.BankCardService&logger=slf4j&methods=getBoundBankCard,bindQuackPayCard,bindCard,unbindQuickPayCard,queryBoundQuickPayCard&monitor=http%3A%2F%2Fhawk-dev.s.qima-inc.com%3A80%3Fdubbo%3D3.0.9-RELEASE%26interface%3Dcom.alibaba.dubbo.monitor.MonitorService%26pid%3D43551%26timestamp%3D1503913280422&owner=pay-ucashier&pid=43551&protocol=dubbo&retries=0&revision=0.0.7-20170804-RELEASE&side=consumer&timeout=5000&timestamp=1503913280398&weight=100, nova version: 3.0.9-RELEASE, current host: 172.17.11.56
2017-08-28 17:41:20.586 [main] DEBUG o.s.beans.factory.support.DefaultListableBeanFactory - Finished creating instance of bean 'merchantBankCardServiceClient'
2017-08-28 17:41:20.587 [main] DEBUG o.s.beans.factory.support.DefaultListableBeanFactory - Creating shared instance of singleton bean 'microAccoutServiceClient'
2017-08-28 17:41:20.587 [main] DEBUG o.s.beans.factory.support.DefaultListableBeanFactory - Creating instance of bean 'microAccoutServiceClient'
2017-08-28 17:41:20.592 [main] DEBUG o.s.beans.factory.annotation.InjectionMetadata - Registered injected element on class [com.youzan.pay.unified.cashier.intergration.client.MicroAccoutServiceClient]: ResourceElement for private com.youzan.pay.microaccount.prepaidcard.service.AccountService com.youzan.pay.unified.cashier.intergration.client.MicroAccoutServiceClient.accountService
2017-08-28 17:41:20.592 [main] DEBUG o.s.beans.factory.support.DefaultListableBeanFactory - Eagerly caching bean 'microAccoutServiceClient' to allow for resolving potential circular references
2017-08-28 17:41:20.595 [main] DEBUG o.s.beans.factory.annotation.InjectionMetadata - Processing injected element of bean 'microAccoutServiceClient': ResourceElement for private com.youzan.pay.microaccount.prepaidcard.service.AccountService com.youzan.pay.unified.cashier.intergration.client.MicroAccoutServiceClient.accountService
2017-08-28 17:41:20.596 [main] DEBUG o.s.beans.factory.support.DefaultListableBeanFactory - Creating shared instance of singleton bean 'accountService'
2017-08-28 17:41:20.596 [main] DEBUG o.s.beans.factory.support.DefaultListableBeanFactory - Creating instance of bean 'accountService'
2017-08-28 17:41:20.598 [main] DEBUG o.s.beans.factory.support.DefaultListableBeanFactory - Eagerly caching bean 'accountService' to allow for resolving potential circular references
2017-08-28 17:41:20.599 [main] DEBUG o.s.beans.factory.support.DefaultListableBeanFactory - Returning cached instance of singleton bean 'haunt'
2017-08-28 17:41:20.600 [main] DEBUG o.s.beans.factory.support.DefaultListableBeanFactory - Invoking afterPropertiesSet() on bean with name 'accountService'
2017-08-28 17:41:20.602 [main] DEBUG o.s.beans.factory.support.DefaultListableBeanFactory - Returning cached instance of singleton bean 'com.alibaba.dubbo.config.ApplicationConfig'
2017-08-28 17:41:20.603 [main] DEBUG o.s.beans.factory.support.DefaultListableBeanFactory - Returning cached instance of singleton bean 'com.alibaba.dubbo.config.MonitorConfig'
2017-08-28 17:41:20.609 [main] DEBUG o.s.beans.factory.support.DefaultListableBeanFactory - Finished creating instance of bean 'accountService'
2017-08-28 17:41:20.641 [main] INFO  com.youzan.nova.registry.haunt.HauntRegistry -  [Nova] Register: consumer://172.17.11.56/com.youzan.pay.microaccount.prepaidcard.service.AccountService?application=pay-ucashier&category=consumers&check=false&dubbo=3.0.9-RELEASE&interface=com.youzan.pay.microaccount.prepaidcard.service.AccountService&logger=slf4j&methods=getAccountByRefundNo,getAccountByPaymentNo,getAccountByRechargeNo,unfreeze,getAccountLogPaging,getPayAccount,freeze,getBatchOfBByUsers,getAccountLog,getAccountByUserNos,get&owner=pay-ucashier&pid=43551&protocol=dubbo&retries=0&revision=0.2.6-20170801-SNAPSHOT&side=consumer&timeout=5000&timestamp=1503913280614, nova version: 3.0.9-RELEASE, current host: 172.17.11.56
2017-08-28 17:41:20.642 [main] INFO  com.youzan.nova.registry.haunt.HauntRegistry -  [Nova] Subscribe: consumer://172.17.11.56/com.youzan.pay.microaccount.prepaidcard.service.AccountService?application=pay-ucashier&category=providers,configurators,routers&check=false&dubbo=3.0.9-RELEASE&interface=com.youzan.pay.microaccount.prepaidcard.service.AccountService&logger=slf4j&methods=getAccountByRefundNo,getAccountByPaymentNo,getAccountByRechargeNo,unfreeze,getAccountLogPaging,getPayAccount,freeze,getBatchOfBByUsers,getAccountLog,getAccountByUserNos,get&owner=pay-ucashier&pid=43551&protocol=dubbo&retries=0&revision=0.2.6-20170801-SNAPSHOT&side=consumer&timeout=5000&timestamp=1503913280614, nova version: 3.0.9-RELEASE, current host: 172.17.11.56
2017-08-28 17:41:20.642 [main] INFO  com.youzan.nova.registry.haunt.HauntRegistry -  [Nova] Notify urls for subscribe url consumer://172.17.11.56/com.youzan.pay.microaccount.prepaidcard.service.AccountService?application=pay-ucashier&category=providers,configurators,routers&check=false&dubbo=3.0.9-RELEASE&interface=com.youzan.pay.microaccount.prepaidcard.service.AccountService&logger=slf4j&methods=getAccountByRefundNo,getAccountByPaymentNo,getAccountByRechargeNo,unfreeze,getAccountLogPaging,getPayAccount,freeze,getBatchOfBByUsers,getAccountLog,getAccountByUserNos,get&owner=pay-ucashier&pid=43551&protocol=dubbo&retries=0&revision=0.2.6-20170801-SNAPSHOT&side=consumer&timeout=5000&timestamp=1503913280614, urls: [empty://172.17.11.56/com.youzan.pay.microaccount.prepaidcard.service.AccountService?application=pay-ucashier&category=providers&check=false&dubbo=3.0.9-RELEASE&interface=com.youzan.pay.microaccount.prepaidcard.service.AccountService&logger=slf4j&methods=getAccountByRefundNo,getAccountByPaymentNo,getAccountByRechargeNo,unfreeze,getAccountLogPaging,getPayAccount,freeze,getBatchOfBByUsers,getAccountLog,getAccountByUserNos,get&owner=pay-ucashier&pid=43551&protocol=dubbo&retries=0&revision=0.2.6-20170801-SNAPSHOT&side=consumer&timeout=5000&timestamp=1503913280614, empty://172.17.11.56/com.youzan.pay.microaccount.prepaidcard.service.AccountService?application=pay-ucashier&category=configurators&check=false&dubbo=3.0.9-RELEASE&interface=com.youzan.pay.microaccount.prepaidcard.service.AccountService&logger=slf4j&methods=getAccountByRefundNo,getAccountByPaymentNo,getAccountByRechargeNo,unfreeze,getAccountLogPaging,getPayAccount,freeze,getBatchOfBByUsers,getAccountLog,getAccountByUserNos,get&owner=pay-ucashier&pid=43551&protocol=dubbo&retries=0&revision=0.2.6-20170801-SNAPSHOT&side=consumer&timeout=5000&timestamp=1503913280614, empty://172.17.11.56/com.youzan.pay.microaccount.prepaidcard.service.AccountService?application=pay-ucashier&category=routers&check=false&dubbo=3.0.9-RELEASE&interface=com.youzan.pay.microaccount.prepaidcard.service.AccountService&logger=slf4j&methods=getAccountByRefundNo,getAccountByPaymentNo,getAccountByRechargeNo,unfreeze,getAccountLogPaging,getPayAccount,freeze,getBatchOfBByUsers,getAccountLog,getAccountByUserNos,get&owner=pay-ucashier&pid=43551&protocol=dubbo&retries=0&revision=0.2.6-20170801-SNAPSHOT&side=consumer&timeout=5000&timestamp=1503913280614], nova version: 3.0.9-RELEASE, current host: 172.17.11.56
2017-08-28 17:41:20.643 [main] INFO  com.alibaba.dubbo.config.AbstractConfig -  [Nova] Refer dubbo service com.youzan.pay.microaccount.prepaidcard.service.AccountService from url haunt://etcd-dev.s.qima-inc.com:2379/com.alibaba.dubbo.registry.RegistryService?application=pay-ucashier&check=false&dubbo=3.0.9-RELEASE&interface=com.youzan.pay.microaccount.prepaidcard.service.AccountService&logger=slf4j&methods=getAccountByRefundNo,getAccountByPaymentNo,getAccountByRechargeNo,unfreeze,getAccountLogPaging,getPayAccount,freeze,getBatchOfBByUsers,getAccountLog,getAccountByUserNos,get&owner=pay-ucashier&pid=43551&protocol=dubbo&retries=0&revision=0.2.6-20170801-SNAPSHOT&side=consumer&timeout=5000&timestamp=1503913280614, nova version: 3.0.9-RELEASE, current host: 172.17.11.56
2017-08-28 17:41:20.687 [main] DEBUG o.s.beans.factory.support.DefaultListableBeanFactory - Finished creating instance of bean 'microAccoutServiceClient'
2017-08-28 17:41:20.687 [main] DEBUG o.s.beans.factory.support.DefaultListableBeanFactory - Creating shared instance of singleton bean 'queryPayToolConfigServiceClient'
2017-08-28 17:41:20.687 [main] DEBUG o.s.beans.factory.support.DefaultListableBeanFactory - Creating instance of bean 'queryPayToolConfigServiceClient'
2017-08-28 17:41:20.693 [main] DEBUG o.s.beans.factory.annotation.InjectionMetadata - Registered injected element on class [com.youzan.pay.unified.cashier.intergration.client.QueryPayToolConfigServiceClient]: ResourceElement for private com.youzan.pay.customer.api.PayToolsService com.youzan.pay.unified.cashier.intergration.client.QueryPayToolConfigServiceClient.payToolsService
2017-08-28 17:41:20.693 [main] DEBUG o.s.beans.factory.annotation.InjectionMetadata - Registered injected element on class [com.youzan.pay.unified.cashier.intergration.client.QueryPayToolConfigServiceClient]: ResourceElement for private com.youzan.account.api.UserMerchantService com.youzan.pay.unified.cashier.intergration.client.QueryPayToolConfigServiceClient.userMerchantService
2017-08-28 17:41:20.693 [main] DEBUG o.s.beans.factory.annotation.InjectionMetadata - Registered injected element on class [com.youzan.pay.unified.cashier.intergration.client.QueryPayToolConfigServiceClient]: ResourceElement for private com.youzan.pay.core.cache.redis.RedisCacheManager com.youzan.pay.unified.cashier.intergration.client.QueryPayToolConfigServiceClient.redisCacheManager
2017-08-28 17:41:20.693 [main] DEBUG o.s.beans.factory.support.DefaultListableBeanFactory - Eagerly caching bean 'queryPayToolConfigServiceClient' to allow for resolving potential circular references
2017-08-28 17:41:20.698 [main] DEBUG o.s.beans.factory.annotation.InjectionMetadata - Processing injected element of bean 'queryPayToolConfigServiceClient': ResourceElement for private com.youzan.pay.customer.api.PayToolsService com.youzan.pay.unified.cashier.intergration.client.QueryPayToolConfigServiceClient.payToolsService
2017-08-28 17:41:20.698 [main] DEBUG o.s.beans.factory.support.DefaultListableBeanFactory - Creating shared instance of singleton bean 'payToolsService'
2017-08-28 17:41:20.699 [main] DEBUG o.s.beans.factory.support.DefaultListableBeanFactory - Creating instance of bean 'payToolsService'
2017-08-28 17:41:20.700 [main] DEBUG o.s.beans.factory.support.DefaultListableBeanFactory - Eagerly caching bean 'payToolsService' to allow for resolving potential circular references
2017-08-28 17:41:20.701 [main] DEBUG o.s.beans.factory.support.DefaultListableBeanFactory - Returning cached instance of singleton bean 'haunt'
2017-08-28 17:41:20.702 [main] DEBUG o.s.beans.factory.support.DefaultListableBeanFactory - Invoking afterPropertiesSet() on bean with name 'payToolsService'
2017-08-28 17:41:20.703 [main] DEBUG o.s.beans.factory.support.DefaultListableBeanFactory - Returning cached instance of singleton bean 'com.alibaba.dubbo.config.ApplicationConfig'
2017-08-28 17:41:20.704 [main] DEBUG o.s.beans.factory.support.DefaultListableBeanFactory - Returning cached instance of singleton bean 'com.alibaba.dubbo.config.MonitorConfig'
2017-08-28 17:41:20.709 [main] DEBUG o.s.beans.factory.support.DefaultListableBeanFactory - Finished creating instance of bean 'payToolsService'
2017-08-28 17:41:20.723 [main] INFO  com.youzan.nova.registry.haunt.HauntRegistry -  [Nova] Register: consumer://172.17.11.56/com.youzan.pay.customer.api.PayToolsService?application=pay-ucashier&category=consumers&check=false&dubbo=3.0.9-RELEASE&interface=com.youzan.pay.customer.api.PayToolsService&logger=slf4j&methods=getAvailablePayToolList&owner=pay-ucashier&pid=43551&protocol=dubbo&retries=0&revision=0.0.7-20170804-RELEASE&side=consumer&timeout=5000&timestamp=1503913280711, nova version: 3.0.9-RELEASE, current host: 172.17.11.56
2017-08-28 17:41:20.723 [main] INFO  com.youzan.nova.registry.haunt.HauntRegistry -  [Nova] Subscribe: consumer://172.17.11.56/com.youzan.pay.customer.api.PayToolsService?application=pay-ucashier&category=providers,configurators,routers&check=false&dubbo=3.0.9-RELEASE&interface=com.youzan.pay.customer.api.PayToolsService&logger=slf4j&methods=getAvailablePayToolList&owner=pay-ucashier&pid=43551&protocol=dubbo&retries=0&revision=0.0.7-20170804-RELEASE&side=consumer&timeout=5000&timestamp=1503913280711, nova version: 3.0.9-RELEASE, current host: 172.17.11.56
2017-08-28 17:41:20.724 [main] INFO  com.youzan.nova.registry.haunt.HauntRegistry -  [Nova] Notify urls for subscribe url consumer://172.17.11.56/com.youzan.pay.customer.api.PayToolsService?application=pay-ucashier&category=providers,configurators,routers&check=false&dubbo=3.0.9-RELEASE&interface=com.youzan.pay.customer.api.PayToolsService&logger=slf4j&methods=getAvailablePayToolList&owner=pay-ucashier&pid=43551&protocol=dubbo&retries=0&revision=0.0.7-20170804-RELEASE&side=consumer&timeout=5000&timestamp=1503913280711, urls: [dubbo://172.16.8.185:28081?application=pay-customer&interface=com.youzan.pay.customer.api.PayToolsService&methods=getAvailablePayToolList,&timestamp=1503899423630&weight=100, dubbo://10.9.196.183:28081?application=pay-customer&interface=com.youzan.pay.customer.api.PayToolsService&methods=getAvailablePayToolList,&timestamp=1503886744850&weight=100, empty://172.17.11.56/com.youzan.pay.customer.api.PayToolsService?application=pay-ucashier&category=configurators&check=false&dubbo=3.0.9-RELEASE&interface=com.youzan.pay.customer.api.PayToolsService&logger=slf4j&methods=getAvailablePayToolList&owner=pay-ucashier&pid=43551&protocol=dubbo&retries=0&revision=0.0.7-20170804-RELEASE&side=consumer&timeout=5000&timestamp=1503913280711, empty://172.17.11.56/com.youzan.pay.customer.api.PayToolsService?application=pay-ucashier&category=routers&check=false&dubbo=3.0.9-RELEASE&interface=com.youzan.pay.customer.api.PayToolsService&logger=slf4j&methods=getAvailablePayToolList&owner=pay-ucashier&pid=43551&protocol=dubbo&retries=0&revision=0.0.7-20170804-RELEASE&side=consumer&timeout=5000&timestamp=1503913280711], nova version: 3.0.9-RELEASE, current host: 172.17.11.56
2017-08-28 17:41:20.725 [main] INFO  com.alibaba.dubbo.config.AbstractConfig -  [Nova] Refer dubbo service com.youzan.pay.customer.api.PayToolsService from url haunt://etcd-dev.s.qima-inc.com:2379/com.alibaba.dubbo.registry.RegistryService?application=pay-ucashier&check=false&dubbo=3.0.9-RELEASE&interface=com.youzan.pay.customer.api.PayToolsService&logger=slf4j&methods=getAvailablePayToolList&monitor=http%3A%2F%2Fhawk-dev.s.qima-inc.com%3A80%3Fdubbo%3D3.0.9-RELEASE%26interface%3Dcom.alibaba.dubbo.monitor.MonitorService%26pid%3D43551%26timestamp%3D1503913280722&owner=pay-ucashier&pid=43551&protocol=dubbo&retries=0&revision=0.0.7-20170804-RELEASE&side=consumer&timeout=5000&timestamp=1503913280711&weight=100, nova version: 3.0.9-RELEASE, current host: 172.17.11.56
2017-08-28 17:41:20.738 [main] DEBUG o.s.beans.factory.annotation.InjectionMetadata - Processing injected element of bean 'queryPayToolConfigServiceClient': ResourceElement for private com.youzan.account.api.UserMerchantService com.youzan.pay.unified.cashier.intergration.client.QueryPayToolConfigServiceClient.userMerchantService
2017-08-28 17:41:20.740 [main] DEBUG o.s.beans.factory.support.DefaultListableBeanFactory - Creating shared instance of singleton bean 'userMerchantService'
2017-08-28 17:41:20.740 [main] DEBUG o.s.beans.factory.support.DefaultListableBeanFactory - Creating instance of bean 'userMerchantService'
2017-08-28 17:41:20.741 [main] DEBUG o.s.beans.factory.support.DefaultListableBeanFactory - Eagerly caching bean 'userMerchantService' to allow for resolving potential circular references
2017-08-28 17:41:20.742 [main] DEBUG o.s.beans.factory.support.DefaultListableBeanFactory - Returning cached instance of singleton bean 'haunt'
2017-08-28 17:41:20.743 [main] DEBUG o.s.beans.factory.support.DefaultListableBeanFactory - Invoking afterPropertiesSet() on bean with name 'userMerchantService'
2017-08-28 17:41:20.744 [main] DEBUG o.s.beans.factory.support.DefaultListableBeanFactory - Returning cached instance of singleton bean 'com.alibaba.dubbo.config.ApplicationConfig'
2017-08-28 17:41:20.744 [main] DEBUG o.s.beans.factory.support.DefaultListableBeanFactory - Returning cached instance of singleton bean 'com.alibaba.dubbo.config.MonitorConfig'
2017-08-28 17:41:20.751 [main] DEBUG o.s.beans.factory.support.DefaultListableBeanFactory - Finished creating instance of bean 'userMerchantService'
2017-08-28 17:41:20.788 [main] INFO  com.youzan.nova.registry.haunt.HauntRegistry -  [Nova] Register: consumer://172.17.11.56/com.youzan.account.api.UserMerchantService?application=pay-ucashier&category=consumers&check=false&dubbo=3.0.9-RELEASE&interface=com.youzan.account.api.UserMerchantService&logger=slf4j&methods=getMerchantIdSingleUserId,queryUserIdByMerchantId,getMerchantIdsBatch&owner=pay-ucashier&pid=43551&protocol=dubbo&retries=0&revision=1.1.16-RELEASE&side=consumer&timeout=5000&timestamp=1503913280753, nova version: 3.0.9-RELEASE, current host: 172.17.11.56
2017-08-28 17:41:20.788 [main] INFO  com.youzan.nova.registry.haunt.HauntRegistry -  [Nova] Subscribe: consumer://172.17.11.56/com.youzan.account.api.UserMerchantService?application=pay-ucashier&category=providers,configurators,routers&check=false&dubbo=3.0.9-RELEASE&interface=com.youzan.account.api.UserMerchantService&logger=slf4j&methods=getMerchantIdSingleUserId,queryUserIdByMerchantId,getMerchantIdsBatch&owner=pay-ucashier&pid=43551&protocol=dubbo&retries=0&revision=1.1.16-RELEASE&side=consumer&timeout=5000&timestamp=1503913280753, nova version: 3.0.9-RELEASE, current host: 172.17.11.56
2017-08-28 17:41:20.789 [main] INFO  com.youzan.nova.registry.haunt.HauntRegistry -  [Nova] Notify urls for subscribe url consumer://172.17.11.56/com.youzan.account.api.UserMerchantService?application=pay-ucashier&category=providers,configurators,routers&check=false&dubbo=3.0.9-RELEASE&interface=com.youzan.account.api.UserMerchantService&logger=slf4j&methods=getMerchantIdSingleUserId,queryUserIdByMerchantId,getMerchantIdsBatch&owner=pay-ucashier&pid=43551&protocol=dubbo&retries=0&revision=1.1.16-RELEASE&side=consumer&timeout=5000&timestamp=1503913280753, urls: [dubbo://10.9.75.207:20881?application=account&interface=com.youzan.account.api.UserMerchantService&methods=getMerchantIdSingleUserId,queryUserIdByMerchantId,getMerchantIdsBatch,&timestamp=1502275196151&weight=100, dubbo://172.17.12.196:20881?application=account&interface=com.youzan.account.api.UserMerchantService&methods=getMerchantIdSingleUserId,queryUserIdByMerchantId,getMerchantIdsBatch,&timestamp=1503911345384&weight=100, empty://172.17.11.56/com.youzan.account.api.UserMerchantService?application=pay-ucashier&category=configurators&check=false&dubbo=3.0.9-RELEASE&interface=com.youzan.account.api.UserMerchantService&logger=slf4j&methods=getMerchantIdSingleUserId,queryUserIdByMerchantId,getMerchantIdsBatch&owner=pay-ucashier&pid=43551&protocol=dubbo&retries=0&revision=1.1.16-RELEASE&side=consumer&timeout=5000&timestamp=1503913280753, empty://172.17.11.56/com.youzan.account.api.UserMerchantService?application=pay-ucashier&category=routers&check=false&dubbo=3.0.9-RELEASE&interface=com.youzan.account.api.UserMerchantService&logger=slf4j&methods=getMerchantIdSingleUserId,queryUserIdByMerchantId,getMerchantIdsBatch&owner=pay-ucashier&pid=43551&protocol=dubbo&retries=0&revision=1.1.16-RELEASE&side=consumer&timeout=5000&timestamp=1503913280753], nova version: 3.0.9-RELEASE, current host: 172.17.11.56
2017-08-28 17:41:20.834 [main] INFO  com.alibaba.dubbo.remoting.transport.AbstractClient -  [Nova] Successed connect to server /10.9.75.207:20881 from NettyClient 172.17.11.56 using dubbo version 3.0.9-RELEASE, channel is NettyChannel [channel=[id: 0x25653e6c, /172.17.11.56:61350 => /10.9.75.207:20881]], nova version: 3.0.9-RELEASE, current host: 172.17.11.56
2017-08-28 17:41:20.835 [main] INFO  com.alibaba.dubbo.remoting.transport.AbstractClient -  [Nova] Start NettyClient wulonghuideMacBook-Pro.local/172.17.11.56 connect to the server /10.9.75.207:20881, nova version: 3.0.9-RELEASE, current host: 172.17.11.56
2017-08-28 17:41:20.842 [main] INFO  com.alibaba.dubbo.remoting.transport.AbstractClient -  [Nova] Successed connect to server /172.17.12.196:20881 from NettyClient 172.17.11.56 using dubbo version 3.0.9-RELEASE, channel is NettyChannel [channel=[id: 0x5051b3fe, /172.17.11.56:61355 => /172.17.12.196:20881]], nova version: 3.0.9-RELEASE, current host: 172.17.11.56
2017-08-28 17:41:20.843 [main] INFO  com.alibaba.dubbo.remoting.transport.AbstractClient -  [Nova] Start NettyClient wulonghuideMacBook-Pro.local/172.17.11.56 connect to the server /172.17.12.196:20881, nova version: 3.0.9-RELEASE, current host: 172.17.11.56
2017-08-28 17:41:20.843 [main] INFO  com.alibaba.dubbo.config.AbstractConfig -  [Nova] Refer dubbo service com.youzan.account.api.UserMerchantService from url haunt://etcd-dev.s.qima-inc.com:2379/com.alibaba.dubbo.registry.RegistryService?application=pay-ucashier&check=false&dubbo=3.0.9-RELEASE&interface=com.youzan.account.api.UserMerchantService&logger=slf4j&methods=getMerchantIdSingleUserId,queryUserIdByMerchantId,getMerchantIdsBatch&monitor=http%3A%2F%2Fhawk-dev.s.qima-inc.com%3A80%3Fdubbo%3D3.0.9-RELEASE%26interface%3Dcom.alibaba.dubbo.monitor.MonitorService%26pid%3D43551%26timestamp%3D1503913280786&owner=pay-ucashier&pid=43551&protocol=dubbo&retries=0&revision=1.1.16-RELEASE&side=consumer&timeout=5000&timestamp=1503913280753&weight=100, nova version: 3.0.9-RELEASE, current host: 172.17.11.56
2017-08-28 17:41:20.865 [main] DEBUG o.s.beans.factory.annotation.InjectionMetadata - Processing injected element of bean 'queryPayToolConfigServiceClient': ResourceElement for private com.youzan.pay.core.cache.redis.RedisCacheManager com.youzan.pay.unified.cashier.intergration.client.QueryPayToolConfigServiceClient.redisCacheManager
2017-08-28 17:41:20.868 [main] DEBUG o.s.beans.factory.support.DefaultListableBeanFactory - Creating shared instance of singleton bean 'signKeyService'
2017-08-28 17:41:20.868 [main] DEBUG o.s.beans.factory.support.DefaultListableBeanFactory - Creating instance of bean 'signKeyService'
2017-08-28 17:41:20.873 [main] DEBUG o.s.beans.factory.support.DefaultListableBeanFactory - Eagerly caching bean 'signKeyService' to allow for resolving potential circular references
2017-08-28 17:41:20.874 [main] DEBUG o.s.beans.factory.support.DefaultListableBeanFactory - Returning cached instance of singleton bean 'haunt'
2017-08-28 17:41:20.875 [main] DEBUG o.s.beans.factory.support.DefaultListableBeanFactory - Invoking afterPropertiesSet() on bean with name 'signKeyService'
2017-08-28 17:41:20.876 [main] DEBUG o.s.beans.factory.support.DefaultListableBeanFactory - Returning cached instance of singleton bean 'com.alibaba.dubbo.config.ApplicationConfig'
2017-08-28 17:41:20.877 [main] DEBUG o.s.beans.factory.support.DefaultListableBeanFactory - Returning cached instance of singleton bean 'com.alibaba.dubbo.config.MonitorConfig'
2017-08-28 17:41:20.882 [main] DEBUG o.s.beans.factory.support.DefaultListableBeanFactory - Finished creating instance of bean 'signKeyService'
2017-08-28 17:41:20.887 [main] DEBUG o.s.beans.factory.support.DefaultListableBeanFactory - Creating shared instance of singleton bean 'merchantConfigService'
2017-08-28 17:41:20.888 [main] DEBUG o.s.beans.factory.support.DefaultListableBeanFactory - Creating instance of bean 'merchantConfigService'
2017-08-28 17:41:20.889 [main] DEBUG o.s.beans.factory.support.DefaultListableBeanFactory - Eagerly caching bean 'merchantConfigService' to allow for resolving potential circular references
2017-08-28 17:41:20.890 [main] DEBUG o.s.beans.factory.support.DefaultListableBeanFactory - Returning cached instance of singleton bean 'haunt'
2017-08-28 17:41:20.891 [main] DEBUG o.s.beans.factory.support.DefaultListableBeanFactory - Invoking afterPropertiesSet() on bean with name 'merchantConfigService'
2017-08-28 17:41:20.892 [main] DEBUG o.s.beans.factory.support.DefaultListableBeanFactory - Returning cached instance of singleton bean 'com.alibaba.dubbo.config.ApplicationConfig'
2017-08-28 17:41:20.892 [main] DEBUG o.s.beans.factory.support.DefaultListableBeanFactory - Returning cached instance of singleton bean 'com.alibaba.dubbo.config.MonitorConfig'
2017-08-28 17:41:20.901 [main] DEBUG o.s.beans.factory.support.DefaultListableBeanFactory - Finished creating instance of bean 'merchantConfigService'
2017-08-28 17:41:20.902 [main] DEBUG o.s.beans.factory.support.DefaultListableBeanFactory - Creating shared instance of singleton bean 'unifiedOrderQueryService'
2017-08-28 17:41:20.903 [main] DEBUG o.s.beans.factory.support.DefaultListableBeanFactory - Creating instance of bean 'unifiedOrderQueryService'
2017-08-28 17:41:20.904 [main] DEBUG o.s.beans.factory.support.DefaultListableBeanFactory - Eagerly caching bean 'unifiedOrderQueryService' to allow for resolving potential circular references
2017-08-28 17:41:20.905 [main] DEBUG o.s.beans.factory.support.DefaultListableBeanFactory - Returning cached instance of singleton bean 'haunt'
2017-08-28 17:41:20.905 [main] DEBUG o.s.beans.factory.support.DefaultListableBeanFactory - Invoking afterPropertiesSet() on bean with name 'unifiedOrderQueryService'
2017-08-28 17:41:20.907 [main] DEBUG o.s.beans.factory.support.DefaultListableBeanFactory - Returning cached instance of singleton bean 'com.alibaba.dubbo.config.ApplicationConfig'
2017-08-28 17:41:20.907 [main] DEBUG o.s.beans.factory.support.DefaultListableBeanFactory - Returning cached instance of singleton bean 'com.alibaba.dubbo.config.MonitorConfig'
2017-08-28 17:41:20.914 [main] DEBUG o.s.beans.factory.support.DefaultListableBeanFactory - Finished creating instance of bean 'unifiedOrderQueryService'
2017-08-28 17:41:20.917 [main] DEBUG o.s.beans.factory.support.DefaultListableBeanFactory - Creating shared instance of singleton bean 'unifiedOrderService'
2017-08-28 17:41:20.917 [main] DEBUG o.s.beans.factory.support.DefaultListableBeanFactory - Creating instance of bean 'unifiedOrderService'
2017-08-28 17:41:20.919 [main] DEBUG o.s.beans.factory.support.DefaultListableBeanFactory - Eagerly caching bean 'unifiedOrderService' to allow for resolving potential circular references
2017-08-28 17:41:20.922 [main] DEBUG o.s.beans.factory.support.DefaultListableBeanFactory - Returning cached instance of singleton bean 'haunt'
2017-08-28 17:41:20.927 [main] DEBUG o.s.beans.factory.support.DefaultListableBeanFactory - Invoking afterPropertiesSet() on bean with name 'unifiedOrderService'
2017-08-28 17:41:20.930 [main] DEBUG o.s.beans.factory.support.DefaultListableBeanFactory - Returning cached instance of singleton bean 'com.alibaba.dubbo.config.ApplicationConfig'
2017-08-28 17:41:20.932 [main] DEBUG o.s.beans.factory.support.DefaultListableBeanFactory - Returning cached instance of singleton bean 'com.alibaba.dubbo.config.MonitorConfig'
2017-08-28 17:41:20.936 [main] DEBUG o.s.beans.factory.support.DefaultListableBeanFactory - Finished creating instance of bean 'unifiedOrderService'
2017-08-28 17:41:20.937 [main] DEBUG o.s.beans.factory.support.DefaultListableBeanFactory - Creating shared instance of singleton bean 'summaryCardQueryService'
2017-08-28 17:41:20.938 [main] DEBUG o.s.beans.factory.support.DefaultListableBeanFactory - Creating instance of bean 'summaryCardQueryService'
2017-08-28 17:41:20.939 [main] DEBUG o.s.beans.factory.support.DefaultListableBeanFactory - Eagerly caching bean 'summaryCardQueryService' to allow for resolving potential circular references
2017-08-28 17:41:20.940 [main] DEBUG o.s.beans.factory.support.DefaultListableBeanFactory - Returning cached instance of singleton bean 'haunt'
2017-08-28 17:41:20.943 [main] DEBUG o.s.beans.factory.support.DefaultListableBeanFactory - Invoking afterPropertiesSet() on bean with name 'summaryCardQueryService'
2017-08-28 17:41:20.944 [main] DEBUG o.s.beans.factory.support.DefaultListableBeanFactory - Returning cached instance of singleton bean 'com.alibaba.dubbo.config.ApplicationConfig'
2017-08-28 17:41:20.945 [main] DEBUG o.s.beans.factory.support.DefaultListableBeanFactory - Returning cached instance of singleton bean 'com.alibaba.dubbo.config.MonitorConfig'
2017-08-28 17:41:20.951 [main] DEBUG o.s.beans.factory.support.DefaultListableBeanFactory - Finished creating instance of bean 'summaryCardQueryService'
2017-08-28 17:41:20.987 [main] WARN  o.s.context.support.GenericApplicationContext - Exception encountered during context initialization - cancelling refresh attempt
org.springframework.beans.factory.BeanCreationException: Error creating bean with name 'queryPayToolConfigServiceClient': Injection of resource dependencies failed; nested exception is org.springframework.beans.factory.NoSuchBeanDefinitionException: No qualifying bean of type [com.youzan.pay.core.cache.redis.RedisCacheManager] found for dependency: expected at least 1 bean which qualifies as autowire candidate for this dependency. Dependency annotations: {@javax.annotation.Resource(shareable=true, lookup=, name=, description=, authenticationType=CONTAINER, type=class java.lang.Object, mappedName=)}
	at org.springframework.context.annotation.CommonAnnotationBeanPostProcessor.postProcessPropertyValues(CommonAnnotationBeanPostProcessor.java:307) ~[spring-context-3.2.13.RELEASE.jar:3.2.13.RELEASE]
	at org.springframework.beans.factory.support.AbstractAutowireCapableBeanFactory.populateBean(AbstractAutowireCapableBeanFactory.java:1148) ~[spring-beans-3.2.13.RELEASE.jar:3.2.13.RELEASE]
	at org.springframework.beans.factory.support.AbstractAutowireCapableBeanFactory.doCreateBean(AbstractAutowireCapableBeanFactory.java:519) ~[spring-beans-3.2.13.RELEASE.jar:3.2.13.RELEASE]
	at org.springframework.beans.factory.support.AbstractAutowireCapableBeanFactory.createBean(AbstractAutowireCapableBeanFactory.java:458) ~[spring-beans-3.2.13.RELEASE.jar:3.2.13.RELEASE]
	at org.springframework.beans.factory.support.AbstractBeanFactory$1.getObject(AbstractBeanFactory.java:293) ~[spring-beans-3.2.13.RELEASE.jar:3.2.13.RELEASE]
	at org.springframework.beans.factory.support.DefaultSingletonBeanRegistry.getSingleton(DefaultSingletonBeanRegistry.java:223) ~[spring-beans-3.2.13.RELEASE.jar:3.2.13.RELEASE]
	at org.springframework.beans.factory.support.AbstractBeanFactory.doGetBean(AbstractBeanFactory.java:290) ~[spring-beans-3.2.13.RELEASE.jar:3.2.13.RELEASE]
	at org.springframework.beans.factory.support.AbstractBeanFactory.getBean(AbstractBeanFactory.java:191) ~[spring-beans-3.2.13.RELEASE.jar:3.2.13.RELEASE]
	at org.springframework.beans.factory.support.DefaultListableBeanFactory.preInstantiateSingletons(DefaultListableBeanFactory.java:636) ~[spring-beans-3.2.13.RELEASE.jar:3.2.13.RELEASE]
	at org.springframework.context.support.AbstractApplicationContext.finishBeanFactoryInitialization(AbstractApplicationContext.java:934) ~[spring-context-3.2.13.RELEASE.jar:3.2.13.RELEASE]
	at org.springframework.context.support.AbstractApplicationContext.refresh(AbstractApplicationContext.java:479) ~[spring-context-3.2.13.RELEASE.jar:3.2.13.RELEASE]
	at org.springframework.test.context.support.AbstractGenericContextLoader.loadContext(AbstractGenericContextLoader.java:120) [spring-test-3.2.13.RELEASE.jar:3.2.13.RELEASE]
	at org.springframework.test.context.support.AbstractGenericContextLoader.loadContext(AbstractGenericContextLoader.java:60) [spring-test-3.2.13.RELEASE.jar:3.2.13.RELEASE]
	at org.springframework.test.context.support.AbstractDelegatingSmartContextLoader.delegateLoading(AbstractDelegatingSmartContextLoader.java:102) [spring-test-3.2.13.RELEASE.jar:3.2.13.RELEASE]
	at org.springframework.test.context.support.AbstractDelegatingSmartContextLoader.loadContext(AbstractDelegatingSmartContextLoader.java:246) [spring-test-3.2.13.RELEASE.jar:3.2.13.RELEASE]
	at org.springframework.test.context.CacheAwareContextLoaderDelegate.loadContextInternal(CacheAwareContextLoaderDelegate.java:69) [spring-test-3.2.13.RELEASE.jar:3.2.13.RELEASE]
	at org.springframework.test.context.CacheAwareContextLoaderDelegate.loadContext(CacheAwareContextLoaderDelegate.java:95) [spring-test-3.2.13.RELEASE.jar:3.2.13.RELEASE]
	at org.springframework.test.context.TestContext.getApplicationContext(TestContext.java:122) [spring-test-3.2.13.RELEASE.jar:3.2.13.RELEASE]
	at org.springframework.test.context.support.DependencyInjectionTestExecutionListener.injectDependencies(DependencyInjectionTestExecutionListener.java:109) [spring-test-3.2.13.RELEASE.jar:3.2.13.RELEASE]
	at org.springframework.test.context.support.DependencyInjectionTestExecutionListener.prepareTestInstance(DependencyInjectionTestExecutionListener.java:75) [spring-test-3.2.13.RELEASE.jar:3.2.13.RELEASE]
	at org.springframework.test.context.TestContextManager.prepareTestInstance(TestContextManager.java:321) [spring-test-3.2.13.RELEASE.jar:3.2.13.RELEASE]
	at org.springframework.test.context.junit4.SpringJUnit4ClassRunner.createTest(SpringJUnit4ClassRunner.java:211) [spring-test-3.2.13.RELEASE.jar:3.2.13.RELEASE]
	at org.springframework.test.context.junit4.SpringJUnit4ClassRunner$1.runReflectiveCall(SpringJUnit4ClassRunner.java:288) [spring-test-3.2.13.RELEASE.jar:3.2.13.RELEASE]
	at org.junit.internal.runners.model.ReflectiveCallable.run(ReflectiveCallable.java:12) [junit-4.12.jar:4.12]
	at org.springframework.test.context.junit4.SpringJUnit4ClassRunner.methodBlock(SpringJUnit4ClassRunner.java:284) [spring-test-3.2.13.RELEASE.jar:3.2.13.RELEASE]
	at org.springframework.test.context.junit4.SpringJUnit4ClassRunner.runChild(SpringJUnit4ClassRunner.java:231) [spring-test-3.2.13.RELEASE.jar:3.2.13.RELEASE]
	at org.springframework.test.context.junit4.SpringJUnit4ClassRunner.runChild(SpringJUnit4ClassRunner.java:88) [spring-test-3.2.13.RELEASE.jar:3.2.13.RELEASE]
	at org.junit.runners.ParentRunner$3.run(ParentRunner.java:290) [junit-4.12.jar:4.12]
	at org.junit.runners.ParentRunner$1.schedule(ParentRunner.java:71) [junit-4.12.jar:4.12]
	at org.junit.runners.ParentRunner.runChildren(ParentRunner.java:288) [junit-4.12.jar:4.12]
	at org.junit.runners.ParentRunner.access$000(ParentRunner.java:58) [junit-4.12.jar:4.12]
	at org.junit.runners.ParentRunner$2.evaluate(ParentRunner.java:268) [junit-4.12.jar:4.12]
	at org.springframework.test.context.junit4.statements.RunBeforeTestClassCallbacks.evaluate(RunBeforeTestClassCallbacks.java:61) [spring-test-3.2.13.RELEASE.jar:3.2.13.RELEASE]
	at org.springframework.test.context.junit4.statements.RunAfterTestClassCallbacks.evaluate(RunAfterTestClassCallbacks.java:71) [spring-test-3.2.13.RELEASE.jar:3.2.13.RELEASE]
	at org.junit.runners.ParentRunner.run(ParentRunner.java:363) [junit-4.12.jar:4.12]
	at org.springframework.test.context.junit4.SpringJUnit4ClassRunner.run(SpringJUnit4ClassRunner.java:174) [spring-test-3.2.13.RELEASE.jar:3.2.13.RELEASE]
	at org.apache.maven.surefire.junit4.JUnit4Provider.execute(JUnit4Provider.java:283) [surefire-junit4-2.18.1.jar:2.18.1]
	at org.apache.maven.surefire.junit4.JUnit4Provider.executeWithRerun(JUnit4Provider.java:173) [surefire-junit4-2.18.1.jar:2.18.1]
	at org.apache.maven.surefire.junit4.JUnit4Provider.executeTestSet(JUnit4Provider.java:153) [surefire-junit4-2.18.1.jar:2.18.1]
	at org.apache.maven.surefire.junit4.JUnit4Provider.invoke(JUnit4Provider.java:128) [surefire-junit4-2.18.1.jar:2.18.1]
	at org.apache.maven.surefire.booter.ForkedBooter.invokeProviderInSameClassLoader(ForkedBooter.java:203) [surefire-booter-2.18.1.jar:2.18.1]
	at org.apache.maven.surefire.booter.ForkedBooter.runSuitesInProcess(ForkedBooter.java:155) [surefire-booter-2.18.1.jar:2.18.1]
	at org.apache.maven.surefire.booter.ForkedBooter.main(ForkedBooter.java:103) [surefire-booter-2.18.1.jar:2.18.1]
Caused by: org.springframework.beans.factory.NoSuchBeanDefinitionException: No qualifying bean of type [com.youzan.pay.core.cache.redis.RedisCacheManager] found for dependency: expected at least 1 bean which qualifies as autowire candidate for this dependency. Dependency annotations: {@javax.annotation.Resource(shareable=true, lookup=, name=, description=, authenticationType=CONTAINER, type=class java.lang.Object, mappedName=)}
	at org.springframework.beans.factory.support.DefaultListableBeanFactory.raiseNoSuchBeanDefinitionException(DefaultListableBeanFactory.java:997) ~[spring-beans-3.2.13.RELEASE.jar:3.2.13.RELEASE]
	at org.springframework.beans.factory.support.DefaultListableBeanFactory.doResolveDependency(DefaultListableBeanFactory.java:867) ~[spring-beans-3.2.13.RELEASE.jar:3.2.13.RELEASE]
	at org.springframework.beans.factory.support.DefaultListableBeanFactory.resolveDependency(DefaultListableBeanFactory.java:779) ~[spring-beans-3.2.13.RELEASE.jar:3.2.13.RELEASE]
	at org.springframework.context.annotation.CommonAnnotationBeanPostProcessor.autowireResource(CommonAnnotationBeanPostProcessor.java:445) ~[spring-context-3.2.13.RELEASE.jar:3.2.13.RELEASE]
	at org.springframework.context.annotation.CommonAnnotationBeanPostProcessor.getResource(CommonAnnotationBeanPostProcessor.java:423) ~[spring-context-3.2.13.RELEASE.jar:3.2.13.RELEASE]
	at org.springframework.context.annotation.CommonAnnotationBeanPostProcessor$ResourceElement.getResourceToInject(CommonAnnotationBeanPostProcessor.java:551) ~[spring-context-3.2.13.RELEASE.jar:3.2.13.RELEASE]
	at org.springframework.beans.factory.annotation.InjectionMetadata$InjectedElement.inject(InjectionMetadata.java:169) ~[spring-beans-3.2.13.RELEASE.jar:3.2.13.RELEASE]
	at org.springframework.beans.factory.annotation.InjectionMetadata.inject(InjectionMetadata.java:88) ~[spring-beans-3.2.13.RELEASE.jar:3.2.13.RELEASE]
	at org.springframework.context.annotation.CommonAnnotationBeanPostProcessor.postProcessPropertyValues(CommonAnnotationBeanPostProcessor.java:304) ~[spring-context-3.2.13.RELEASE.jar:3.2.13.RELEASE]
	... 42 common frames omitted
2017-08-28 17:41:20.989 [main] INFO  o.s.beans.factory.support.DefaultListableBeanFactory - Destroying singletons in org.springframework.beans.factory.support.DefaultListableBeanFactory@299a43d9: defining beans [org.springframework.context.support.PropertySourcesPlaceholderConfigurer#0,assetCenterUnifiedPayServiceClient,cashierOrderStatusSearchClient,cashierRechargeServiceClient,channelBankCardServiceClient,merchantBankCardServiceClient,microAccoutServiceClient,queryPayToolConfigServiceClient,signKeyServiceClient,summaryCardQueryServiceClient,unifiedOrderServiceClient,unifiedPayServiceClient,userMerchantServiceClient,org.springframework.context.annotation.internalConfigurationAnnotationProcessor,org.springframework.context.annotation.internalAutowiredAnnotationProcessor,org.springframework.context.annotation.internalRequiredAnnotationProcessor,org.springframework.context.annotation.internalCommonAnnotationProcessor,signKeyService,merchantConfigService,acquireOrderService,unifiedPayService,unifiedOrderQueryService,unifiedOrderService,bankCardService,merchantBankCardService,userMerchantService,rechargeService,payToolsService,accountService,summaryCardQueryService,novaContainer,beanFactory,org.springframework.aop.config.internalAutoProxyCreator,tracingAop,customerMethodAop,org.springframework.context.annotation.ConfigurationClassPostProcessor.importAwareProcessor,com.alibaba.dubbo.config.ApplicationConfig,haunt,com.alibaba.dubbo.config.MonitorConfig,dubbo,rest,com.alibaba.dubbo.config.spring.AnnotationBean,springUtil,autoLogParamsAspect,retryAspect,nsqTaskDispatcher]; root of factory hierarchy
2017-08-28 17:41:20.989 [main] DEBUG o.s.beans.factory.support.DisposableBeanAdapter - Invoking destroy() on bean with name 'summaryCardQueryService'
2017-08-28 17:41:20.989 [main] DEBUG o.s.beans.factory.support.DisposableBeanAdapter - Invoking destroy() on bean with name 'unifiedOrderService'
2017-08-28 17:41:20.990 [main] DEBUG o.s.beans.factory.support.DisposableBeanAdapter - Invoking destroy() on bean with name 'unifiedOrderQueryService'
2017-08-28 17:41:20.990 [main] DEBUG o.s.beans.factory.support.DisposableBeanAdapter - Invoking destroy() on bean with name 'merchantConfigService'
2017-08-28 17:41:20.990 [main] DEBUG o.s.beans.factory.support.DisposableBeanAdapter - Invoking destroy() on bean with name 'signKeyService'
2017-08-28 17:41:20.990 [main] DEBUG o.s.beans.factory.support.DisposableBeanAdapter - Invoking destroy() on bean with name 'userMerchantService'
2017-08-28 17:41:20.990 [main] INFO  com.youzan.nova.registry.haunt.HauntRegistry -  [Nova] Unsubscribe: consumer://172.17.11.56/com.youzan.account.api.UserMerchantService?application=pay-ucashier&category=providers,configurators,routers&check=false&dubbo=3.0.9-RELEASE&interface=com.youzan.account.api.UserMerchantService&logger=slf4j&methods=getMerchantIdSingleUserId,queryUserIdByMerchantId,getMerchantIdsBatch&owner=pay-ucashier&pid=43551&protocol=dubbo&retries=0&revision=1.1.16-RELEASE&side=consumer&timeout=5000&timestamp=1503913280753, nova version: 3.0.9-RELEASE, current host: 172.17.11.56
2017-08-28 17:41:20.993 [main] INFO  com.alibaba.dubbo.remoting.transport.netty.NettyChannel -  [Nova] Close netty channel [id: 0x25653e6c, /172.17.11.56:61350 => /10.9.75.207:20881], nova version: 3.0.9-RELEASE, current host: 172.17.11.56
2017-08-28 17:41:20.996 [DubboSharedHandler-thread-1] INFO  com.alibaba.dubbo.rpc.protocol.dubbo.DubboProtocol -  [Nova] disconected from /10.9.75.207:20881,url:dubbo://10.9.75.207:20881/com.youzan.account.api.UserMerchantService?application=pay-ucashier&check=false&codec=dubbo&dubbo=3.0.9-RELEASE&heartbeat=60000&interface=com.youzan.account.api.UserMerchantService&logger=slf4j&methods=getMerchantIdSingleUserId,queryUserIdByMerchantId,getMerchantIdsBatch,&monitor=http%3A%2F%2Fhawk-dev.s.qima-inc.com%3A80%3Fdubbo%3D3.0.9-RELEASE%26interface%3Dcom.alibaba.dubbo.monitor.MonitorService%26pid%3D43551%26timestamp%3D1503913280786&owner=pay-ucashier&pid=43551&protocol=dubbo&retries=0&revision=1.1.16-RELEASE&side=consumer&timeout=5000&timestamp=1503913280753&weight=100, nova version: 3.0.9-RELEASE, current host: 172.17.11.56
2017-08-28 17:41:21.002 [main] INFO  com.alibaba.dubbo.remoting.transport.netty.NettyChannel -  [Nova] Close netty channel [id: 0x5051b3fe, /172.17.11.56:61355 => /172.17.12.196:20881], nova version: 3.0.9-RELEASE, current host: 172.17.11.56
2017-08-28 17:41:21.004 [DubboSharedHandler-thread-1] INFO  com.alibaba.dubbo.rpc.protocol.dubbo.DubboProtocol -  [Nova] disconected from /172.17.12.196:20881,url:dubbo://172.17.12.196:20881/com.youzan.account.api.UserMerchantService?application=pay-ucashier&check=false&codec=dubbo&dubbo=3.0.9-RELEASE&heartbeat=60000&interface=com.youzan.account.api.UserMerchantService&logger=slf4j&methods=getMerchantIdSingleUserId,queryUserIdByMerchantId,getMerchantIdsBatch,&monitor=http%3A%2F%2Fhawk-dev.s.qima-inc.com%3A80%3Fdubbo%3D3.0.9-RELEASE%26interface%3Dcom.alibaba.dubbo.monitor.MonitorService%26pid%3D43551%26timestamp%3D1503913280786&owner=pay-ucashier&pid=43551&protocol=dubbo&retries=0&revision=1.1.16-RELEASE&side=consumer&timeout=5000&timestamp=1503913280753&weight=100, nova version: 3.0.9-RELEASE, current host: 172.17.11.56
2017-08-28 17:41:21.004 [main] DEBUG o.s.beans.factory.support.DisposableBeanAdapter - Invoking destroy() on bean with name 'payToolsService'
2017-08-28 17:41:21.006 [main] INFO  com.youzan.nova.registry.haunt.HauntRegistry -  [Nova] Unsubscribe: consumer://172.17.11.56/com.youzan.pay.customer.api.PayToolsService?application=pay-ucashier&category=providers,configurators,routers&check=false&dubbo=3.0.9-RELEASE&interface=com.youzan.pay.customer.api.PayToolsService&logger=slf4j&methods=getAvailablePayToolList&owner=pay-ucashier&pid=43551&protocol=dubbo&retries=0&revision=0.0.7-20170804-RELEASE&side=consumer&timeout=5000&timestamp=1503913280711, nova version: 3.0.9-RELEASE, current host: 172.17.11.56
2017-08-28 17:41:21.007 [main] DEBUG o.s.beans.factory.support.DisposableBeanAdapter - Invoking destroy() on bean with name 'accountService'
2017-08-28 17:41:21.007 [main] INFO  com.youzan.nova.registry.haunt.HauntRegistry -  [Nova] Unsubscribe: consumer://172.17.11.56/com.youzan.pay.microaccount.prepaidcard.service.AccountService?application=pay-ucashier&category=providers,configurators,routers&check=false&dubbo=3.0.9-RELEASE&interface=com.youzan.pay.microaccount.prepaidcard.service.AccountService&logger=slf4j&methods=getAccountByRefundNo,getAccountByPaymentNo,getAccountByRechargeNo,unfreeze,getAccountLogPaging,getPayAccount,freeze,getBatchOfBByUsers,getAccountLog,getAccountByUserNos,get&owner=pay-ucashier&pid=43551&protocol=dubbo&retries=0&revision=0.2.6-20170801-SNAPSHOT&side=consumer&timeout=5000&timestamp=1503913280614, nova version: 3.0.9-RELEASE, current host: 172.17.11.56
2017-08-28 17:41:21.008 [main] DEBUG o.s.beans.factory.support.DisposableBeanAdapter - Invoking destroy() on bean with name 'merchantBankCardService'
2017-08-28 17:41:21.008 [main] INFO  com.youzan.nova.registry.haunt.HauntRegistry -  [Nova] Unsubscribe: consumer://172.17.11.56/com.youzan.pay.customer.api.BankCardService?application=pay-ucashier&category=providers,configurators,routers&check=false&dubbo=3.0.9-RELEASE&interface=com.youzan.pay.customer.api.BankCardService&logger=slf4j&methods=getBoundBankCard,bindQuackPayCard,bindCard,unbindQuickPayCard,queryBoundQuickPayCard&owner=pay-ucashier&pid=43551&protocol=dubbo&retries=0&revision=0.0.7-20170804-RELEASE&side=consumer&timeout=5000&timestamp=1503913280398, nova version: 3.0.9-RELEASE, current host: 172.17.11.56
2017-08-28 17:41:21.009 [main] INFO  com.alibaba.dubbo.remoting.transport.netty.NettyChannel -  [Nova] Close netty channel [id: 0xd359c515, /172.17.11.56:61348 => /10.9.196.183:28081], nova version: 3.0.9-RELEASE, current host: 172.17.11.56
2017-08-28 17:41:21.010 [DubboSharedHandler-thread-1] INFO  com.alibaba.dubbo.rpc.protocol.dubbo.DubboProtocol -  [Nova] disconected from /10.9.196.183:28081,url:dubbo://10.9.196.183:28081/com.youzan.pay.customer.api.BankCardService?application=pay-ucashier&check=false&codec=dubbo&dubbo=3.0.9-RELEASE&heartbeat=60000&interface=com.youzan.pay.customer.api.BankCardService&logger=slf4j&methods=bindQuackPayCard,getBoundBankCard,unbindQuickPayCard,bindCard,queryBoundQuickPayCard,&monitor=http%3A%2F%2Fhawk-dev.s.qima-inc.com%3A80%3Fdubbo%3D3.0.9-RELEASE%26interface%3Dcom.alibaba.dubbo.monitor.MonitorService%26pid%3D43551%26timestamp%3D1503913280422&owner=pay-ucashier&pid=43551&protocol=dubbo&retries=0&revision=0.0.7-20170804-RELEASE&side=consumer&timeout=5000&timestamp=1503913280398&weight=100, nova version: 3.0.9-RELEASE, current host: 172.17.11.56
2017-08-28 17:41:21.010 [main] INFO  com.alibaba.dubbo.remoting.transport.netty.NettyChannel -  [Nova] Close netty channel [id: 0x08a081bf, /172.17.11.56:61347 => /172.16.8.185:28081], nova version: 3.0.9-RELEASE, current host: 172.17.11.56
2017-08-28 17:41:21.020 [DubboSharedHandler-thread-1] INFO  com.alibaba.dubbo.rpc.protocol.dubbo.DubboProtocol -  [Nova] disconected from /172.16.8.185:28081,url:dubbo://172.16.8.185:28081/com.youzan.pay.customer.api.BankCardService?application=pay-ucashier&check=false&codec=dubbo&dubbo=3.0.9-RELEASE&heartbeat=60000&interface=com.youzan.pay.customer.api.BankCardService&logger=slf4j&methods=bindQuackPayCard,getBoundBankCard,bindCard_2_0_0,unbindQuickPayCard,bindCard,queryBoundQuickPayCard,&monitor=http%3A%2F%2Fhawk-dev.s.qima-inc.com%3A80%3Fdubbo%3D3.0.9-RELEASE%26interface%3Dcom.alibaba.dubbo.monitor.MonitorService%26pid%3D43551%26timestamp%3D1503913280422&owner=pay-ucashier&pid=43551&protocol=dubbo&retries=0&revision=0.0.7-20170804-RELEASE&side=consumer&timeout=5000&timestamp=1503913280398&weight=100, nova version: 3.0.9-RELEASE, current host: 172.17.11.56
2017-08-28 17:41:21.020 [main] INFO  com.alibaba.dubbo.remoting.transport.netty.NettyChannel -  [Nova] Close netty channel [id: 0xfef23bbc, /172.17.11.56:61349 => /10.9.82.150:28081], nova version: 3.0.9-RELEASE, current host: 172.17.11.56
2017-08-28 17:41:21.020 [DubboSharedHandler-thread-1] INFO  com.alibaba.dubbo.rpc.protocol.dubbo.DubboProtocol -  [Nova] disconected from /10.9.82.150:28081,url:dubbo://10.9.82.150:28081/com.youzan.pay.customer.api.BankCardService?application=pay-ucashier&check=false&codec=dubbo&dubbo=3.0.9-RELEASE&heartbeat=60000&interface=com.youzan.pay.customer.api.BankCardService&logger=slf4j&methods=getBoundBankCard,bindQuackPayCard,unbindQuickPayCard,bindCard,queryBoundQuickPayCard,&monitor=http%3A%2F%2Fhawk-dev.s.qima-inc.com%3A80%3Fdubbo%3D3.0.9-RELEASE%26interface%3Dcom.alibaba.dubbo.monitor.MonitorService%26pid%3D43551%26timestamp%3D1503913280422&owner=pay-ucashier&pid=43551&protocol=dubbo&retries=0&revision=0.0.7-20170804-RELEASE&side=consumer&timeout=5000&timestamp=1503913280398&weight=100, nova version: 3.0.9-RELEASE, current host: 172.17.11.56
2017-08-28 17:41:21.021 [main] DEBUG o.s.beans.factory.support.DisposableBeanAdapter - Invoking destroy() on bean with name 'bankCardService'
2017-08-28 17:41:21.021 [main] INFO  com.youzan.nova.registry.haunt.HauntRegistry -  [Nova] Unsubscribe: consumer://172.17.11.56/com.youzan.pay.fundchannel.open.api.BankCardService?application=pay-ucashier&category=providers,configurators,routers&check=false&dubbo=3.0.9-RELEASE&interface=com.youzan.pay.fundchannel.open.api.BankCardService&logger=slf4j&methods=checkCard,sendSms,checkBankBinding,payConfirm&owner=pay-ucashier&pid=43551&protocol=dubbo&retries=0&revision=1.0.0-20170710-RELEASE&side=consumer&timeout=5000&timestamp=1503913280272, nova version: 3.0.9-RELEASE, current host: 172.17.11.56
2017-08-28 17:41:21.021 [main] INFO  com.alibaba.dubbo.remoting.transport.netty.NettyChannel -  [Nova] Close netty channel [id: 0x7eb44e82, /172.17.11.56:61346 => /10.9.196.183:28096], nova version: 3.0.9-RELEASE, current host: 172.17.11.56
2017-08-28 17:41:21.022 [DubboSharedHandler-thread-1] INFO  com.alibaba.dubbo.rpc.protocol.dubbo.DubboProtocol -  [Nova] disconected from /10.9.196.183:28096,url:dubbo://10.9.196.183:28096/com.youzan.pay.fundchannel.open.api.BankCardService?application=pay-ucashier&check=false&codec=dubbo&dubbo=3.0.9-RELEASE&heartbeat=60000&interface=com.youzan.pay.fundchannel.open.api.BankCardService&logger=slf4j&methods=checkCard,sendSms,checkBankBinding,payConfirm,&monitor=http%3A%2F%2Fhawk-dev.s.qima-inc.com%3A80%3Fdubbo%3D3.0.9-RELEASE%26interface%3Dcom.alibaba.dubbo.monitor.MonitorService%26pid%3D43551%26timestamp%3D1503913280298&owner=pay-ucashier&pid=43551&protocol=dubbo&retries=0&revision=1.0.0-20170710-RELEASE&side=consumer&timeout=5000&timestamp=1503913280272&weight=100, nova version: 3.0.9-RELEASE, current host: 172.17.11.56
2017-08-28 17:41:21.022 [main] DEBUG o.s.beans.factory.support.DisposableBeanAdapter - Invoking destroy() on bean with name 'rechargeService'
2017-08-28 17:41:21.022 [main] INFO  com.youzan.nova.registry.haunt.HauntRegistry -  [Nova] Unsubscribe: consumer://172.17.11.56/com.youzan.pay.assetcenter.api.RechargeService?application=pay-ucashier&category=providers,configurators,routers&check=false&dubbo=3.0.9-RELEASE&interface=com.youzan.pay.assetcenter.api.RechargeService&logger=slf4j&methods=rechargePay,wrapCreate,create,wrapRechargePay&owner=pay-ucashier&pid=43551&protocol=dubbo&retries=0&revision=0.0.9-20170817-SNAPSHOT&side=consumer&timeout=5000&timestamp=1503913280166, nova version: 3.0.9-RELEASE, current host: 172.17.11.56
2017-08-28 17:41:21.023 [main] DEBUG o.s.beans.factory.support.DisposableBeanAdapter - Invoking destroy() on bean with name 'acquireOrderService'
2017-08-28 17:41:21.023 [main] INFO  com.youzan.nova.registry.haunt.HauntRegistry -  [Nova] Unsubscribe: consumer://172.17.11.56/com.youzan.pay.assetcenter.api.AcquireOrderService?application=pay-ucashier&category=providers,configurators,routers&check=false&dubbo=3.0.9-RELEASE&interface=com.youzan.pay.assetcenter.api.AcquireOrderService&logger=slf4j&methods=payNotify,retryInAccount,query,create,pay,revoke&owner=pay-ucashier&pid=43551&protocol=dubbo&retries=0&revision=0.0.9-20170817-SNAPSHOT&side=consumer&timeout=5000&timestamp=1503913279985, nova version: 3.0.9-RELEASE, current host: 172.17.11.56
2017-08-28 17:41:21.023 [main] DEBUG o.s.beans.factory.support.DisposableBeanAdapter - Invoking destroy() on bean with name 'unifiedPayService'
2017-08-28 17:41:21.023 [main] INFO  com.youzan.nova.registry.haunt.HauntRegistry -  [Nova] Unsubscribe: consumer://172.17.11.56/com.youzan.pay.assetcenter.api.UnifiedPayService?application=pay-ucashier&category=providers,configurators,routers&check=false&dubbo=3.0.9-RELEASE&interface=com.youzan.pay.assetcenter.api.UnifiedPayService&logger=slf4j&methods=warpMultiPay,multiPay,singlePay,wrapMultiPay,wrapSinglePay&owner=pay-ucashier&pid=43551&protocol=dubbo&retries=0&revision=0.0.9-20170817-SNAPSHOT&side=consumer&timeout=5000&timestamp=1503913276303, nova version: 3.0.9-RELEASE, current host: 172.17.11.56
2017-08-28 17:41:21.023 [main] INFO  com.alibaba.dubbo.remoting.transport.netty.NettyChannel -  [Nova] Close netty channel [id: 0x1d0f7b5b, /172.17.11.56:61334 => /10.9.82.150:28094], nova version: 3.0.9-RELEASE, current host: 172.17.11.56
2017-08-28 17:41:21.025 [DubboSharedHandler-thread-1] INFO  com.alibaba.dubbo.rpc.protocol.dubbo.DubboProtocol -  [Nova] disconected from /10.9.82.150:28094,url:dubbo://10.9.82.150:28094/com.youzan.pay.assetcenter.api.UnifiedPayService?application=pay-ucashier&check=false&codec=dubbo&dubbo=3.0.9-RELEASE&heartbeat=60000&interface=com.youzan.pay.assetcenter.api.UnifiedPayService&logger=slf4j&methods=warpMultiPay,multiPay,singlePay,wrapMultiPay,batchPay,wrapSinglePay,&monitor=http%3A%2F%2Fhawk-dev.s.qima-inc.com%3A80%3Fdubbo%3D3.0.9-RELEASE%26interface%3Dcom.alibaba.dubbo.monitor.MonitorService%26pid%3D43551%26timestamp%3D1503913276380&owner=pay-ucashier&pid=43551&protocol=dubbo&retries=0&revision=0.0.9-20170817-SNAPSHOT&side=consumer&timeout=5000&timestamp=1503913276303&weight=100, nova version: 3.0.9-RELEASE, current host: 172.17.11.56
2017-08-28 17:41:21.025 [main] DEBUG o.s.beans.factory.support.DisposableBeanAdapter - Invoking destroy() on bean with name 'com.alibaba.dubbo.config.spring.AnnotationBean'
2017-08-28 17:41:21.027 [main] ERROR org.springframework.test.context.TestContextManager - Caught exception while allowing TestExecutionListener [org.springframework.test.context.support.DependencyInjectionTestExecutionListener@13e0a23f] to prepare test instance [com.youzan.pay.unified.cashier.intergration.client.AssetCenterUnifiedPayServiceClientTest@21c815e4]
java.lang.IllegalStateException: Failed to load ApplicationContext
	at org.springframework.test.context.CacheAwareContextLoaderDelegate.loadContext(CacheAwareContextLoaderDelegate.java:103) ~[spring-test-3.2.13.RELEASE.jar:3.2.13.RELEASE]
	at org.springframework.test.context.TestContext.getApplicationContext(TestContext.java:122) ~[spring-test-3.2.13.RELEASE.jar:3.2.13.RELEASE]
	at org.springframework.test.context.support.DependencyInjectionTestExecutionListener.injectDependencies(DependencyInjectionTestExecutionListener.java:109) ~[spring-test-3.2.13.RELEASE.jar:3.2.13.RELEASE]
	at org.springframework.test.context.support.DependencyInjectionTestExecutionListener.prepareTestInstance(DependencyInjectionTestExecutionListener.java:75) ~[spring-test-3.2.13.RELEASE.jar:3.2.13.RELEASE]
	at org.springframework.test.context.TestContextManager.prepareTestInstance(TestContextManager.java:321) ~[spring-test-3.2.13.RELEASE.jar:3.2.13.RELEASE]
	at org.springframework.test.context.junit4.SpringJUnit4ClassRunner.createTest(SpringJUnit4ClassRunner.java:211) [spring-test-3.2.13.RELEASE.jar:3.2.13.RELEASE]
	at org.springframework.test.context.junit4.SpringJUnit4ClassRunner$1.runReflectiveCall(SpringJUnit4ClassRunner.java:288) [spring-test-3.2.13.RELEASE.jar:3.2.13.RELEASE]
	at org.junit.internal.runners.model.ReflectiveCallable.run(ReflectiveCallable.java:12) [junit-4.12.jar:4.12]
	at org.springframework.test.context.junit4.SpringJUnit4ClassRunner.methodBlock(SpringJUnit4ClassRunner.java:284) [spring-test-3.2.13.RELEASE.jar:3.2.13.RELEASE]
	at org.springframework.test.context.junit4.SpringJUnit4ClassRunner.runChild(SpringJUnit4ClassRunner.java:231) [spring-test-3.2.13.RELEASE.jar:3.2.13.RELEASE]
	at org.springframework.test.context.junit4.SpringJUnit4ClassRunner.runChild(SpringJUnit4ClassRunner.java:88) [spring-test-3.2.13.RELEASE.jar:3.2.13.RELEASE]
	at org.junit.runners.ParentRunner$3.run(ParentRunner.java:290) [junit-4.12.jar:4.12]
	at org.junit.runners.ParentRunner$1.schedule(ParentRunner.java:71) [junit-4.12.jar:4.12]
	at org.junit.runners.ParentRunner.runChildren(ParentRunner.java:288) [junit-4.12.jar:4.12]
	at org.junit.runners.ParentRunner.access$000(ParentRunner.java:58) [junit-4.12.jar:4.12]
	at org.junit.runners.ParentRunner$2.evaluate(ParentRunner.java:268) [junit-4.12.jar:4.12]
	at org.springframework.test.context.junit4.statements.RunBeforeTestClassCallbacks.evaluate(RunBeforeTestClassCallbacks.java:61) [spring-test-3.2.13.RELEASE.jar:3.2.13.RELEASE]
	at org.springframework.test.context.junit4.statements.RunAfterTestClassCallbacks.evaluate(RunAfterTestClassCallbacks.java:71) [spring-test-3.2.13.RELEASE.jar:3.2.13.RELEASE]
	at org.junit.runners.ParentRunner.run(ParentRunner.java:363) [junit-4.12.jar:4.12]
	at org.springframework.test.context.junit4.SpringJUnit4ClassRunner.run(SpringJUnit4ClassRunner.java:174) [spring-test-3.2.13.RELEASE.jar:3.2.13.RELEASE]
	at org.apache.maven.surefire.junit4.JUnit4Provider.execute(JUnit4Provider.java:283) [surefire-junit4-2.18.1.jar:2.18.1]
	at org.apache.maven.surefire.junit4.JUnit4Provider.executeWithRerun(JUnit4Provider.java:173) [surefire-junit4-2.18.1.jar:2.18.1]
	at org.apache.maven.surefire.junit4.JUnit4Provider.executeTestSet(JUnit4Provider.java:153) [surefire-junit4-2.18.1.jar:2.18.1]
	at org.apache.maven.surefire.junit4.JUnit4Provider.invoke(JUnit4Provider.java:128) [surefire-junit4-2.18.1.jar:2.18.1]
	at org.apache.maven.surefire.booter.ForkedBooter.invokeProviderInSameClassLoader(ForkedBooter.java:203) [surefire-booter-2.18.1.jar:2.18.1]
	at org.apache.maven.surefire.booter.ForkedBooter.runSuitesInProcess(ForkedBooter.java:155) [surefire-booter-2.18.1.jar:2.18.1]
	at org.apache.maven.surefire.booter.ForkedBooter.main(ForkedBooter.java:103) [surefire-booter-2.18.1.jar:2.18.1]
Caused by: org.springframework.beans.factory.BeanCreationException: Error creating bean with name 'queryPayToolConfigServiceClient': Injection of resource dependencies failed; nested exception is org.springframework.beans.factory.NoSuchBeanDefinitionException: No qualifying bean of type [com.youzan.pay.core.cache.redis.RedisCacheManager] found for dependency: expected at least 1 bean which qualifies as autowire candidate for this dependency. Dependency annotations: {@javax.annotation.Resource(shareable=true, lookup=, name=, description=, authenticationType=CONTAINER, type=class java.lang.Object, mappedName=)}
	at org.springframework.context.annotation.CommonAnnotationBeanPostProcessor.postProcessPropertyValues(CommonAnnotationBeanPostProcessor.java:307) ~[spring-context-3.2.13.RELEASE.jar:3.2.13.RELEASE]
	at org.springframework.beans.factory.support.AbstractAutowireCapableBeanFactory.populateBean(AbstractAutowireCapableBeanFactory.java:1148) ~[spring-beans-3.2.13.RELEASE.jar:3.2.13.RELEASE]
	at org.springframework.beans.factory.support.AbstractAutowireCapableBeanFactory.doCreateBean(AbstractAutowireCapableBeanFactory.java:519) ~[spring-beans-3.2.13.RELEASE.jar:3.2.13.RELEASE]
	at org.springframework.beans.factory.support.AbstractAutowireCapableBeanFactory.createBean(AbstractAutowireCapableBeanFactory.java:458) ~[spring-beans-3.2.13.RELEASE.jar:3.2.13.RELEASE]
	at org.springframework.beans.factory.support.AbstractBeanFactory$1.getObject(AbstractBeanFactory.java:293) ~[spring-beans-3.2.13.RELEASE.jar:3.2.13.RELEASE]
	at org.springframework.beans.factory.support.DefaultSingletonBeanRegistry.getSingleton(DefaultSingletonBeanRegistry.java:223) ~[spring-beans-3.2.13.RELEASE.jar:3.2.13.RELEASE]
	at org.springframework.beans.factory.support.AbstractBeanFactory.doGetBean(AbstractBeanFactory.java:290) ~[spring-beans-3.2.13.RELEASE.jar:3.2.13.RELEASE]
	at org.springframework.beans.factory.support.AbstractBeanFactory.getBean(AbstractBeanFactory.java:191) ~[spring-beans-3.2.13.RELEASE.jar:3.2.13.RELEASE]
	at org.springframework.beans.factory.support.DefaultListableBeanFactory.preInstantiateSingletons(DefaultListableBeanFactory.java:636) ~[spring-beans-3.2.13.RELEASE.jar:3.2.13.RELEASE]
	at org.springframework.context.support.AbstractApplicationContext.finishBeanFactoryInitialization(AbstractApplicationContext.java:934) ~[spring-context-3.2.13.RELEASE.jar:3.2.13.RELEASE]
	at org.springframework.context.support.AbstractApplicationContext.refresh(AbstractApplicationContext.java:479) ~[spring-context-3.2.13.RELEASE.jar:3.2.13.RELEASE]
	at org.springframework.test.context.support.AbstractGenericContextLoader.loadContext(AbstractGenericContextLoader.java:120) ~[spring-test-3.2.13.RELEASE.jar:3.2.13.RELEASE]
	at org.springframework.test.context.support.AbstractGenericContextLoader.loadContext(AbstractGenericContextLoader.java:60) ~[spring-test-3.2.13.RELEASE.jar:3.2.13.RELEASE]
	at org.springframework.test.context.support.AbstractDelegatingSmartContextLoader.delegateLoading(AbstractDelegatingSmartContextLoader.java:102) ~[spring-test-3.2.13.RELEASE.jar:3.2.13.RELEASE]
	at org.springframework.test.context.support.AbstractDelegatingSmartContextLoader.loadContext(AbstractDelegatingSmartContextLoader.java:246) ~[spring-test-3.2.13.RELEASE.jar:3.2.13.RELEASE]
	at org.springframework.test.context.CacheAwareContextLoaderDelegate.loadContextInternal(CacheAwareContextLoaderDelegate.java:69) ~[spring-test-3.2.13.RELEASE.jar:3.2.13.RELEASE]
	at org.springframework.test.context.CacheAwareContextLoaderDelegate.loadContext(CacheAwareContextLoaderDelegate.java:95) ~[spring-test-3.2.13.RELEASE.jar:3.2.13.RELEASE]
	... 26 common frames omitted
Caused by: org.springframework.beans.factory.NoSuchBeanDefinitionException: No qualifying bean of type [com.youzan.pay.core.cache.redis.RedisCacheManager] found for dependency: expected at least 1 bean which qualifies as autowire candidate for this dependency. Dependency annotations: {@javax.annotation.Resource(shareable=true, lookup=, name=, description=, authenticationType=CONTAINER, type=class java.lang.Object, mappedName=)}
	at org.springframework.beans.factory.support.DefaultListableBeanFactory.raiseNoSuchBeanDefinitionException(DefaultListableBeanFactory.java:997) ~[spring-beans-3.2.13.RELEASE.jar:3.2.13.RELEASE]
	at org.springframework.beans.factory.support.DefaultListableBeanFactory.doResolveDependency(DefaultListableBeanFactory.java:867) ~[spring-beans-3.2.13.RELEASE.jar:3.2.13.RELEASE]
	at org.springframework.beans.factory.support.DefaultListableBeanFactory.resolveDependency(DefaultListableBeanFactory.java:779) ~[spring-beans-3.2.13.RELEASE.jar:3.2.13.RELEASE]
	at org.springframework.context.annotation.CommonAnnotationBeanPostProcessor.autowireResource(CommonAnnotationBeanPostProcessor.java:445) ~[spring-context-3.2.13.RELEASE.jar:3.2.13.RELEASE]
	at org.springframework.context.annotation.CommonAnnotationBeanPostProcessor.getResource(CommonAnnotationBeanPostProcessor.java:423) ~[spring-context-3.2.13.RELEASE.jar:3.2.13.RELEASE]
	at org.springframework.context.annotation.CommonAnnotationBeanPostProcessor$ResourceElement.getResourceToInject(CommonAnnotationBeanPostProcessor.java:551) ~[spring-context-3.2.13.RELEASE.jar:3.2.13.RELEASE]
	at org.springframework.beans.factory.annotation.InjectionMetadata$InjectedElement.inject(InjectionMetadata.java:169) ~[spring-beans-3.2.13.RELEASE.jar:3.2.13.RELEASE]
	at org.springframework.beans.factory.annotation.InjectionMetadata.inject(InjectionMetadata.java:88) ~[spring-beans-3.2.13.RELEASE.jar:3.2.13.RELEASE]
	at org.springframework.context.annotation.CommonAnnotationBeanPostProcessor.postProcessPropertyValues(CommonAnnotationBeanPostProcessor.java:304) ~[spring-context-3.2.13.RELEASE.jar:3.2.13.RELEASE]
	... 42 common frames omitted
]]></system-out>
    <system-err><![CDATA[java.net.UnknownHostException: log.track.host_IS_UNDEFINED
	at java.net.AbstractPlainSocketImpl.connect(AbstractPlainSocketImpl.java:184)
	at java.net.SocksSocketImpl.connect(SocksSocketImpl.java:392)
	at java.net.Socket.connect(Socket.java:589)
	at java.net.Socket.connect(Socket.java:538)
	at java.net.Socket.<init>(Socket.java:434)
	at java.net.Socket.<init>(Socket.java:211)
	at com.youzan.track.appender.sender.TrackTCPSender.<init>(TrackTCPSender.java:37)
	at com.youzan.track.appender.sender.TrackTCPSender.<init>(TrackTCPSender.java:31)
	at com.youzan.track.appender.BaseAppender.start(BaseAppender.java:63)
	at com.youzan.track.appender.TrackAppender.start(TrackAppender.java:44)
	at ch.qos.logback.core.joran.action.AppenderAction.end(AppenderAction.java:96)
	at ch.qos.logback.core.joran.spi.Interpreter.callEndAction(Interpreter.java:317)
	at ch.qos.logback.core.joran.spi.Interpreter.endElement(Interpreter.java:196)
	at ch.qos.logback.core.joran.spi.Interpreter.endElement(Interpreter.java:182)
	at ch.qos.logback.core.joran.spi.EventPlayer.play(EventPlayer.java:62)
	at ch.qos.logback.core.joran.GenericConfigurator.doConfigure(GenericConfigurator.java:149)
	at ch.qos.logback.core.joran.GenericConfigurator.doConfigure(GenericConfigurator.java:135)
	at ch.qos.logback.core.joran.GenericConfigurator.doConfigure(GenericConfigurator.java:99)
	at ch.qos.logback.core.joran.GenericConfigurator.doConfigure(GenericConfigurator.java:49)
	at ch.qos.logback.classic.util.ContextInitializer.configureByResource(ContextInitializer.java:75)
	at ch.qos.logback.classic.util.ContextInitializer.autoConfig(ContextInitializer.java:150)
	at org.slf4j.impl.StaticLoggerBinder.init(StaticLoggerBinder.java:85)
	at org.slf4j.impl.StaticLoggerBinder.<clinit>(StaticLoggerBinder.java:55)
	at org.slf4j.LoggerFactory.bind(LoggerFactory.java:150)
	at org.slf4j.LoggerFactory.performInitialization(LoggerFactory.java:124)
	at org.slf4j.LoggerFactory.getILoggerFactory(LoggerFactory.java:412)
	at org.slf4j.LoggerFactory.getLogger(LoggerFactory.java:357)
	at org.apache.commons.logging.impl.SLF4JLogFactory.getInstance(SLF4JLogFactory.java:156)
	at org.apache.commons.logging.impl.SLF4JLogFactory.getInstance(SLF4JLogFactory.java:132)
	at org.apache.commons.logging.LogFactory.getLog(LogFactory.java:274)
	at org.springframework.test.context.junit4.SpringJUnit4ClassRunner.<clinit>(SpringJUnit4ClassRunner.java:91)
	at sun.reflect.NativeConstructorAccessorImpl.newInstance0(Native Method)
	at sun.reflect.NativeConstructorAccessorImpl.newInstance(NativeConstructorAccessorImpl.java:62)
	at sun.reflect.DelegatingConstructorAccessorImpl.newInstance(DelegatingConstructorAccessorImpl.java:45)
	at java.lang.reflect.Constructor.newInstance(Constructor.java:423)
	at org.junit.internal.builders.AnnotatedBuilder.buildRunner(AnnotatedBuilder.java:104)
	at org.junit.internal.builders.AnnotatedBuilder.runnerForClass(AnnotatedBuilder.java:86)
	at org.junit.runners.model.RunnerBuilder.safeRunnerForClass(RunnerBuilder.java:59)
	at org.junit.internal.builders.AllDefaultPossibilitiesBuilder.runnerForClass(AllDefaultPossibilitiesBuilder.java:26)
	at org.junit.runner.Computer.getRunner(Computer.java:40)
	at org.junit.runner.Computer$1.runnerForClass(Computer.java:31)
	at org.junit.runners.model.RunnerBuilder.safeRunnerForClass(RunnerBuilder.java:59)
	at org.junit.runners.model.RunnerBuilder.runners(RunnerBuilder.java:101)
	at org.junit.runners.model.RunnerBuilder.runners(RunnerBuilder.java:87)
	at org.junit.runners.Suite.<init>(Suite.java:81)
	at org.junit.runner.Computer.getSuite(Computer.java:28)
	at org.junit.runner.Request.classes(Request.java:75)
	at org.junit.runner.Request.classes(Request.java:91)
	at sun.reflect.NativeMethodAccessorImpl.invoke0(Native Method)
	at sun.reflect.NativeMethodAccessorImpl.invoke(NativeMethodAccessorImpl.java:62)
	at sun.reflect.DelegatingMethodAccessorImpl.invoke(DelegatingMethodAccessorImpl.java:43)
	at java.lang.reflect.Method.invoke(Method.java:498)
	at org.apache.maven.surefire.common.junit4.JUnit4Reflector.createRequest(JUnit4Reflector.java:63)
	at org.apache.maven.surefire.common.junit4.JUnit4ProviderUtil.createSuiteDescription(JUnit4ProviderUtil.java:113)
	at org.apache.maven.surefire.junit4.JUnit4Provider.createTestsDescription(JUnit4Provider.java:257)
	at org.apache.maven.surefire.junit4.JUnit4Provider.invoke(JUnit4Provider.java:124)
	at org.apache.maven.surefire.booter.ForkedBooter.invokeProviderInSameClassLoader(ForkedBooter.java:203)
	at org.apache.maven.surefire.booter.ForkedBooter.runSuitesInProcess(ForkedBooter.java:155)
	at org.apache.maven.surefire.booter.ForkedBooter.main(ForkedBooter.java:103)
java.net.UnknownHostException: log.track.host_IS_UNDEFINED
	at java.net.AbstractPlainSocketImpl.connect(AbstractPlainSocketImpl.java:184)
	at java.net.SocksSocketImpl.connect(SocksSocketImpl.java:392)
	at java.net.Socket.connect(Socket.java:589)
	at java.net.Socket.connect(Socket.java:538)
	at java.net.Socket.<init>(Socket.java:434)
	at java.net.Socket.<init>(Socket.java:211)
	at com.youzan.track.appender.sender.TrackTCPSender.<init>(TrackTCPSender.java:37)
	at com.youzan.track.appender.sender.TrackTCPSender.<init>(TrackTCPSender.java:31)
	at com.youzan.track.appender.BaseAppender.start(BaseAppender.java:63)
	at com.youzan.track.appender.FrameworkAppender.start(FrameworkAppender.java:47)
	at com.youzan.track.appender.FrameworkAppender.init(FrameworkAppender.java:62)
	at com.youzan.track.appender.FrameworkAppender.lambda$getInstance$0(FrameworkAppender.java:29)
	at java.lang.Thread.run(Thread.java:745)
]]></system-err>
  </testcase>
  <testcase name="testMultiPayEx" classname="com.youzan.pay.unified.cashier.intergration.client.AssetCenterUnifiedPayServiceClientTest" time="2.401">
    <error message="Failed to load ApplicationContext" type="java.lang.IllegalStateException">java.lang.IllegalStateException: Failed to load ApplicationContext
	at org.springframework.test.context.CacheAwareContextLoaderDelegate.loadContext(CacheAwareContextLoaderDelegate.java:103)
	at org.springframework.test.context.TestContext.getApplicationContext(TestContext.java:122)
	at org.springframework.test.context.support.DependencyInjectionTestExecutionListener.injectDependencies(DependencyInjectionTestExecutionListener.java:109)
	at org.springframework.test.context.support.DependencyInjectionTestExecutionListener.prepareTestInstance(DependencyInjectionTestExecutionListener.java:75)
	at org.springframework.test.context.TestContextManager.prepareTestInstance(TestContextManager.java:321)
	at org.springframework.test.context.junit4.SpringJUnit4ClassRunner.createTest(SpringJUnit4ClassRunner.java:211)
	at org.springframework.test.context.junit4.SpringJUnit4ClassRunner$1.runReflectiveCall(SpringJUnit4ClassRunner.java:288)
	at org.junit.internal.runners.model.ReflectiveCallable.run(ReflectiveCallable.java:12)
	at org.springframework.test.context.junit4.SpringJUnit4ClassRunner.methodBlock(SpringJUnit4ClassRunner.java:284)
	at org.springframework.test.context.junit4.SpringJUnit4ClassRunner.runChild(SpringJUnit4ClassRunner.java:231)
	at org.springframework.test.context.junit4.SpringJUnit4ClassRunner.runChild(SpringJUnit4ClassRunner.java:88)
	at org.junit.runners.ParentRunner$3.run(ParentRunner.java:290)
	at org.junit.runners.ParentRunner$1.schedule(ParentRunner.java:71)
	at org.junit.runners.ParentRunner.runChildren(ParentRunner.java:288)
	at org.junit.runners.ParentRunner.access$000(ParentRunner.java:58)
	at org.junit.runners.ParentRunner$2.evaluate(ParentRunner.java:268)
	at org.springframework.test.context.junit4.statements.RunBeforeTestClassCallbacks.evaluate(RunBeforeTestClassCallbacks.java:61)
	at org.springframework.test.context.junit4.statements.RunAfterTestClassCallbacks.evaluate(RunAfterTestClassCallbacks.java:71)
	at org.junit.runners.ParentRunner.run(ParentRunner.java:363)
	at org.springframework.test.context.junit4.SpringJUnit4ClassRunner.run(SpringJUnit4ClassRunner.java:174)
	at org.apache.maven.surefire.junit4.JUnit4Provider.execute(JUnit4Provider.java:283)
	at org.apache.maven.surefire.junit4.JUnit4Provider.executeWithRerun(JUnit4Provider.java:173)
	at org.apache.maven.surefire.junit4.JUnit4Provider.executeTestSet(JUnit4Provider.java:153)
	at org.apache.maven.surefire.junit4.JUnit4Provider.invoke(JUnit4Provider.java:128)
	at org.apache.maven.surefire.booter.ForkedBooter.invokeProviderInSameClassLoader(ForkedBooter.java:203)
	at org.apache.maven.surefire.booter.ForkedBooter.runSuitesInProcess(ForkedBooter.java:155)
	at org.apache.maven.surefire.booter.ForkedBooter.main(ForkedBooter.java:103)
Caused by: org.springframework.beans.factory.BeanCreationException: Error creating bean with name 'queryPayToolConfigServiceClient': Injection of resource dependencies failed; nested exception is org.springframework.beans.factory.NoSuchBeanDefinitionException: No qualifying bean of type [com.youzan.pay.core.cache.redis.RedisCacheManager] found for dependency: expected at least 1 bean which qualifies as autowire candidate for this dependency. Dependency annotations: {@javax.annotation.Resource(shareable=true, lookup=, name=, description=, authenticationType=CONTAINER, type=class java.lang.Object, mappedName=)}
	at org.springframework.context.annotation.CommonAnnotationBeanPostProcessor.postProcessPropertyValues(CommonAnnotationBeanPostProcessor.java:307)
	at org.springframework.beans.factory.support.AbstractAutowireCapableBeanFactory.populateBean(AbstractAutowireCapableBeanFactory.java:1148)
	at org.springframework.beans.factory.support.AbstractAutowireCapableBeanFactory.doCreateBean(AbstractAutowireCapableBeanFactory.java:519)
	at org.springframework.beans.factory.support.AbstractAutowireCapableBeanFactory.createBean(AbstractAutowireCapableBeanFactory.java:458)
	at org.springframework.beans.factory.support.AbstractBeanFactory$1.getObject(AbstractBeanFactory.java:293)
	at org.springframework.beans.factory.support.DefaultSingletonBeanRegistry.getSingleton(DefaultSingletonBeanRegistry.java:223)
	at org.springframework.beans.factory.support.AbstractBeanFactory.doGetBean(AbstractBeanFactory.java:290)
	at org.springframework.beans.factory.support.AbstractBeanFactory.getBean(AbstractBeanFactory.java:191)
	at org.springframework.beans.factory.support.DefaultListableBeanFactory.preInstantiateSingletons(DefaultListableBeanFactory.java:636)
	at org.springframework.context.support.AbstractApplicationContext.finishBeanFactoryInitialization(AbstractApplicationContext.java:934)
	at org.springframework.context.support.AbstractApplicationContext.refresh(AbstractApplicationContext.java:479)
	at org.springframework.test.context.support.AbstractGenericContextLoader.loadContext(AbstractGenericContextLoader.java:120)
	at org.springframework.test.context.support.AbstractGenericContextLoader.loadContext(AbstractGenericContextLoader.java:60)
	at org.springframework.test.context.support.AbstractDelegatingSmartContextLoader.delegateLoading(AbstractDelegatingSmartContextLoader.java:102)
	at org.springframework.test.context.support.AbstractDelegatingSmartContextLoader.loadContext(AbstractDelegatingSmartContextLoader.java:246)
	at org.springframework.test.context.CacheAwareContextLoaderDelegate.loadContextInternal(CacheAwareContextLoaderDelegate.java:69)
	at org.springframework.test.context.CacheAwareContextLoaderDelegate.loadContext(CacheAwareContextLoaderDelegate.java:95)
	at org.springframework.test.context.TestContext.getApplicationContext(TestContext.java:122)
	at org.springframework.test.context.support.DependencyInjectionTestExecutionListener.injectDependencies(DependencyInjectionTestExecutionListener.java:109)
	at org.springframework.test.context.support.DependencyInjectionTestExecutionListener.prepareTestInstance(DependencyInjectionTestExecutionListener.java:75)
	at org.springframework.test.context.TestContextManager.prepareTestInstance(TestContextManager.java:321)
	at org.springframework.test.context.junit4.SpringJUnit4ClassRunner.createTest(SpringJUnit4ClassRunner.java:211)
	at org.springframework.test.context.junit4.SpringJUnit4ClassRunner$1.runReflectiveCall(SpringJUnit4ClassRunner.java:288)
	at org.junit.internal.runners.model.ReflectiveCallable.run(ReflectiveCallable.java:12)
	at org.springframework.test.context.junit4.SpringJUnit4ClassRunner.methodBlock(SpringJUnit4ClassRunner.java:284)
	at org.springframework.test.context.junit4.SpringJUnit4ClassRunner.runChild(SpringJUnit4ClassRunner.java:231)
	at org.springframework.test.context.junit4.SpringJUnit4ClassRunner.runChild(SpringJUnit4ClassRunner.java:88)
	at org.junit.runners.ParentRunner$3.run(ParentRunner.java:290)
	at org.junit.runners.ParentRunner$1.schedule(ParentRunner.java:71)
	at org.junit.runners.ParentRunner.runChildren(ParentRunner.java:288)
	at org.junit.runners.ParentRunner.access$000(ParentRunner.java:58)
	at org.junit.runners.ParentRunner$2.evaluate(ParentRunner.java:268)
	at org.springframework.test.context.junit4.statements.RunBeforeTestClassCallbacks.evaluate(RunBeforeTestClassCallbacks.java:61)
	at org.springframework.test.context.junit4.statements.RunAfterTestClassCallbacks.evaluate(RunAfterTestClassCallbacks.java:71)
	at org.junit.runners.ParentRunner.run(ParentRunner.java:363)
	at org.springframework.test.context.junit4.SpringJUnit4ClassRunner.run(SpringJUnit4ClassRunner.java:174)
	at org.apache.maven.surefire.junit4.JUnit4Provider.execute(JUnit4Provider.java:283)
	at org.apache.maven.surefire.junit4.JUnit4Provider.executeWithRerun(JUnit4Provider.java:173)
	at org.apache.maven.surefire.junit4.JUnit4Provider.executeTestSet(JUnit4Provider.java:153)
	at org.apache.maven.surefire.junit4.JUnit4Provider.invoke(JUnit4Provider.java:128)
	at org.apache.maven.surefire.booter.ForkedBooter.invokeProviderInSameClassLoader(ForkedBooter.java:203)
	at org.apache.maven.surefire.booter.ForkedBooter.runSuitesInProcess(ForkedBooter.java:155)
	at org.apache.maven.surefire.booter.ForkedBooter.main(ForkedBooter.java:103)
Caused by: org.springframework.beans.factory.NoSuchBeanDefinitionException: No qualifying bean of type [com.youzan.pay.core.cache.redis.RedisCacheManager] found for dependency: expected at least 1 bean which qualifies as autowire candidate for this dependency. Dependency annotations: {@javax.annotation.Resource(shareable=true, lookup=, name=, description=, authenticationType=CONTAINER, type=class java.lang.Object, mappedName=)}
	at org.springframework.beans.factory.support.DefaultListableBeanFactory.raiseNoSuchBeanDefinitionException(DefaultListableBeanFactory.java:997)
	at org.springframework.beans.factory.support.DefaultListableBeanFactory.doResolveDependency(DefaultListableBeanFactory.java:867)
	at org.springframework.beans.factory.support.DefaultListableBeanFactory.resolveDependency(DefaultListableBeanFactory.java:779)
	at org.springframework.context.annotation.CommonAnnotationBeanPostProcessor.autowireResource(CommonAnnotationBeanPostProcessor.java:445)
	at org.springframework.context.annotation.CommonAnnotationBeanPostProcessor.getResource(CommonAnnotationBeanPostProcessor.java:423)
	at org.springframework.context.annotation.CommonAnnotationBeanPostProcessor$ResourceElement.getResourceToInject(CommonAnnotationBeanPostProcessor.java:551)
	at org.springframework.beans.factory.annotation.InjectionMetadata$InjectedElement.inject(InjectionMetadata.java:169)
	at org.springframework.beans.factory.annotation.InjectionMetadata.inject(InjectionMetadata.java:88)
	at org.springframework.context.annotation.CommonAnnotationBeanPostProcessor.postProcessPropertyValues(CommonAnnotationBeanPostProcessor.java:304)
	at org.springframework.beans.factory.support.AbstractAutowireCapableBeanFactory.populateBean(AbstractAutowireCapableBeanFactory.java:1148)
	at org.springframework.beans.factory.support.AbstractAutowireCapableBeanFactory.doCreateBean(AbstractAutowireCapableBeanFactory.java:519)
	at org.springframework.beans.factory.support.AbstractAutowireCapableBeanFactory.createBean(AbstractAutowireCapableBeanFactory.java:458)
	at org.springframework.beans.factory.support.AbstractBeanFactory$1.getObject(AbstractBeanFactory.java:293)
	at org.springframework.beans.factory.support.DefaultSingletonBeanRegistry.getSingleton(DefaultSingletonBeanRegistry.java:223)
	at org.springframework.beans.factory.support.AbstractBeanFactory.doGetBean(AbstractBeanFactory.java:290)
	at org.springframework.beans.factory.support.AbstractBeanFactory.getBean(AbstractBeanFactory.java:191)
	at org.springframework.beans.factory.support.DefaultListableBeanFactory.preInstantiateSingletons(DefaultListableBeanFactory.java:636)
	at org.springframework.context.support.AbstractApplicationContext.finishBeanFactoryInitialization(AbstractApplicationContext.java:934)
	at org.springframework.context.support.AbstractApplicationContext.refresh(AbstractApplicationContext.java:479)
	at org.springframework.test.context.support.AbstractGenericContextLoader.loadContext(AbstractGenericContextLoader.java:120)
	at org.springframework.test.context.support.AbstractGenericContextLoader.loadContext(AbstractGenericContextLoader.java:60)
	at org.springframework.test.context.support.AbstractDelegatingSmartContextLoader.delegateLoading(AbstractDelegatingSmartContextLoader.java:102)
	at org.springframework.test.context.support.AbstractDelegatingSmartContextLoader.loadContext(AbstractDelegatingSmartContextLoader.java:246)
	at org.springframework.test.context.CacheAwareContextLoaderDelegate.loadContextInternal(CacheAwareContextLoaderDelegate.java:69)
	at org.springframework.test.context.CacheAwareContextLoaderDelegate.loadContext(CacheAwareContextLoaderDelegate.java:95)
	at org.springframework.test.context.TestContext.getApplicationContext(TestContext.java:122)
	at org.springframework.test.context.support.DependencyInjectionTestExecutionListener.injectDependencies(DependencyInjectionTestExecutionListener.java:109)
	at org.springframework.test.context.support.DependencyInjectionTestExecutionListener.prepareTestInstance(DependencyInjectionTestExecutionListener.java:75)
	at org.springframework.test.context.TestContextManager.prepareTestInstance(TestContextManager.java:321)
	at org.springframework.test.context.junit4.SpringJUnit4ClassRunner.createTest(SpringJUnit4ClassRunner.java:211)
	at org.springframework.test.context.junit4.SpringJUnit4ClassRunner$1.runReflectiveCall(SpringJUnit4ClassRunner.java:288)
	at org.junit.internal.runners.model.ReflectiveCallable.run(ReflectiveCallable.java:12)
	at org.springframework.test.context.junit4.SpringJUnit4ClassRunner.methodBlock(SpringJUnit4ClassRunner.java:284)
	at org.springframework.test.context.junit4.SpringJUnit4ClassRunner.runChild(SpringJUnit4ClassRunner.java:231)
	at org.springframework.test.context.junit4.SpringJUnit4ClassRunner.runChild(SpringJUnit4ClassRunner.java:88)
	at org.junit.runners.ParentRunner$3.run(ParentRunner.java:290)
	at org.junit.runners.ParentRunner$1.schedule(ParentRunner.java:71)
	at org.junit.runners.ParentRunner.runChildren(ParentRunner.java:288)
	at org.junit.runners.ParentRunner.access$000(ParentRunner.java:58)
	at org.junit.runners.ParentRunner$2.evaluate(ParentRunner.java:268)
	at org.springframework.test.context.junit4.statements.RunBeforeTestClassCallbacks.evaluate(RunBeforeTestClassCallbacks.java:61)
	at org.springframework.test.context.junit4.statements.RunAfterTestClassCallbacks.evaluate(RunAfterTestClassCallbacks.java:71)
	at org.junit.runners.ParentRunner.run(ParentRunner.java:363)
	at org.springframework.test.context.junit4.SpringJUnit4ClassRunner.run(SpringJUnit4ClassRunner.java:174)
	at org.apache.maven.surefire.junit4.JUnit4Provider.execute(JUnit4Provider.java:283)
	at org.apache.maven.surefire.junit4.JUnit4Provider.executeWithRerun(JUnit4Provider.java:173)
	at org.apache.maven.surefire.junit4.JUnit4Provider.executeTestSet(JUnit4Provider.java:153)
	at org.apache.maven.surefire.junit4.JUnit4Provider.invoke(JUnit4Provider.java:128)
	at org.apache.maven.surefire.booter.ForkedBooter.invokeProviderInSameClassLoader(ForkedBooter.java:203)
	at org.apache.maven.surefire.booter.ForkedBooter.runSuitesInProcess(ForkedBooter.java:155)
	at org.apache.maven.surefire.booter.ForkedBooter.main(ForkedBooter.java:103)
</error>
    <system-out><![CDATA[2017-08-28 17:41:21.077 [main] DEBUG org.springframework.test.annotation.ProfileValueUtils - Retrieved @ProfileValueSourceConfiguration [null] for test class [com.youzan.pay.unified.cashier.intergration.client.AssetCenterUnifiedPayServiceClientTest]
2017-08-28 17:41:21.077 [main] DEBUG org.springframework.test.annotation.ProfileValueUtils - Retrieved ProfileValueSource type [class org.springframework.test.annotation.SystemProfileValueSource] for class [com.youzan.pay.unified.cashier.intergration.client.AssetCenterUnifiedPayServiceClientTest]
2017-08-28 17:41:21.078 [main] DEBUG o.s.t.c.support.DependencyInjectionTestExecutionListener - Performing dependency injection for test context [[TestContext@1894e40d testClass = AssetCenterUnifiedPayServiceClientTest, testInstance = com.youzan.pay.unified.cashier.intergration.client.AssetCenterUnifiedPayServiceClientTest@7e7e248b, testMethod = [null], testException = [null], mergedContextConfiguration = [MergedContextConfiguration@7342e05d testClass = AssetCenterUnifiedPayServiceClientTest, locations = '{classpath*:META-INF/spring/*.xml}', classes = '{}', contextInitializerClasses = '[]', activeProfiles = '{}', contextLoader = 'org.springframework.test.context.support.DelegatingSmartContextLoader', parent = [null]]]].
2017-08-28 17:41:21.078 [main] DEBUG o.s.t.c.support.AbstractDelegatingSmartContextLoader - Delegating to GenericXmlContextLoader to load context from [MergedContextConfiguration@7342e05d testClass = AssetCenterUnifiedPayServiceClientTest, locations = '{classpath*:META-INF/spring/*.xml}', classes = '{}', contextInitializerClasses = '[]', activeProfiles = '{}', contextLoader = 'org.springframework.test.context.support.DelegatingSmartContextLoader', parent = [null]].
2017-08-28 17:41:21.079 [main] DEBUG o.s.test.context.support.AbstractGenericContextLoader - Loading ApplicationContext for merged context configuration [[MergedContextConfiguration@7342e05d testClass = AssetCenterUnifiedPayServiceClientTest, locations = '{classpath*:META-INF/spring/*.xml}', classes = '{}', contextInitializerClasses = '[]', activeProfiles = '{}', contextLoader = 'org.springframework.test.context.support.DelegatingSmartContextLoader', parent = [null]]].
2017-08-28 17:41:21.080 [main] DEBUG org.springframework.core.env.StandardEnvironment - Adding [systemProperties] PropertySource with lowest search precedence
2017-08-28 17:41:21.081 [main] DEBUG org.springframework.core.env.StandardEnvironment - Adding [systemEnvironment] PropertySource with lowest search precedence
2017-08-28 17:41:21.081 [main] DEBUG org.springframework.core.env.StandardEnvironment - Initialized StandardEnvironment with PropertySources [systemProperties,systemEnvironment]
2017-08-28 17:41:21.082 [main] DEBUG o.s.core.io.support.PathMatchingResourcePatternResolver - Looking for matching resources in directory tree [/Users/wulonghui/work/unified_cashier/intergration/target/test-classes/META-INF/spring]
2017-08-28 17:41:21.082 [main] DEBUG o.s.core.io.support.PathMatchingResourcePatternResolver - Searching directory [/Users/wulonghui/work/unified_cashier/intergration/target/test-classes/META-INF/spring] for files matching pattern [/Users/wulonghui/work/unified_cashier/intergration/target/test-classes/META-INF/spring/*.xml]
2017-08-28 17:41:21.083 [main] DEBUG o.s.core.io.support.PathMatchingResourcePatternResolver - Looking for matching resources in directory tree [/Users/wulonghui/work/unified_cashier/intergration/target/classes/META-INF/spring]
2017-08-28 17:41:21.083 [main] DEBUG o.s.core.io.support.PathMatchingResourcePatternResolver - Searching directory [/Users/wulonghui/work/unified_cashier/intergration/target/classes/META-INF/spring] for files matching pattern [/Users/wulonghui/work/unified_cashier/intergration/target/classes/META-INF/spring/*.xml]
2017-08-28 17:41:21.084 [main] DEBUG o.s.core.io.support.PathMatchingResourcePatternResolver - Looking for matching resources in jar file [file:/Users/wulonghui/.m2/repository/com/youzan/platform/bootstrap/3.0.9-RELEASE/bootstrap-3.0.9-RELEASE.jar]
2017-08-28 17:41:21.085 [main] DEBUG o.s.core.io.support.PathMatchingResourcePatternResolver - Looking for matching resources in jar file [file:/Users/wulonghui/.m2/repository/com/youzan/nova/framework/framework-cat/1.0.7-RELEASE/framework-cat-1.0.7-RELEASE.jar]
2017-08-28 17:41:21.085 [main] DEBUG o.s.core.io.support.PathMatchingResourcePatternResolver - Resolved location pattern [classpath*:META-INF/spring/*.xml] to resources [file [/Users/wulonghui/work/unified_cashier/intergration/target/test-classes/META-INF/spring/spring-test-config.xml], file [/Users/wulonghui/work/unified_cashier/intergration/target/classes/META-INF/spring/spring-dubbo-services.xml], URL [jar:file:/Users/wulonghui/.m2/repository/com/youzan/platform/bootstrap/3.0.9-RELEASE/bootstrap-3.0.9-RELEASE.jar!/META-INF/spring/container.xml], URL [jar:file:/Users/wulonghui/.m2/repository/com/youzan/nova/framework/framework-cat/1.0.7-RELEASE/framework-cat-1.0.7-RELEASE.jar!/META-INF/spring/framework-cat-context.xml]]
2017-08-28 17:41:21.085 [main] INFO  o.s.beans.factory.xml.XmlBeanDefinitionReader - Loading XML bean definitions from file [/Users/wulonghui/work/unified_cashier/intergration/target/test-classes/META-INF/spring/spring-test-config.xml]
2017-08-28 17:41:21.088 [main] DEBUG o.s.beans.factory.xml.DefaultDocumentLoader - Using JAXP provider [com.sun.org.apache.xerces.internal.jaxp.DocumentBuilderFactoryImpl]
2017-08-28 17:41:21.093 [main] DEBUG o.s.beans.factory.xml.PluggableSchemaResolver - Loading schema mappings from [META-INF/spring.schemas]
2017-08-28 17:41:21.095 [main] DEBUG o.s.beans.factory.xml.PluggableSchemaResolver - Loaded schema mappings: {http://mybatis.org/schema/mybatis-spring-1.2.xsd=org/mybatis/spring/config/mybatis-spring-1.2.xsd, http://code.alibabatech.com/schema/dubbo/dubbo.xsd=META-INF/dubbo.xsd, http://www.springframework.org/schema/util/spring-util.xsd=org/springframework/beans/factory/xml/spring-util-3.2.xsd, http://www.springframework.org/schema/jee/spring-jee-3.2.xsd=org/springframework/ejb/config/spring-jee-3.2.xsd, http://www.springframework.org/schema/beans/spring-beans-3.1.xsd=org/springframework/beans/factory/xml/spring-beans-3.1.xsd, http://www.springframework.org/schema/task/spring-task.xsd=org/springframework/scheduling/config/spring-task-3.2.xsd, http://www.springframework.org/schema/cache/spring-cache.xsd=org/springframework/cache/config/spring-cache-3.2.xsd, http://www.springframework.org/schema/aop/spring-aop-3.0.xsd=org/springframework/aop/config/spring-aop-3.0.xsd, http://www.springframework.org/schema/aop/spring-aop-2.0.xsd=org/springframework/aop/config/spring-aop-2.0.xsd, http://www.springframework.org/schema/task/spring-task-3.1.xsd=org/springframework/scheduling/config/spring-task-3.1.xsd, http://www.springframework.org/schema/tool/spring-tool-2.5.xsd=org/springframework/beans/factory/xml/spring-tool-2.5.xsd, http://www.springframework.org/schema/beans/spring-beans.xsd=org/springframework/beans/factory/xml/spring-beans-3.2.xsd, http://www.springframework.org/schema/jee/spring-jee-2.5.xsd=org/springframework/ejb/config/spring-jee-2.5.xsd, http://www.springframework.org/schema/jdbc/spring-jdbc-3.1.xsd=org/springframework/jdbc/config/spring-jdbc-3.1.xsd, http://www.springframework.org/schema/tool/spring-tool-3.1.xsd=org/springframework/beans/factory/xml/spring-tool-3.1.xsd, http://code.alibabatech.com/schema/dubbo/nova.xsd=META-INF/nova.xsd, http://www.springframework.org/schema/aop/spring-aop.xsd=org/springframework/aop/config/spring-aop-3.2.xsd, http://www.springframework.org/schema/jee/spring-jee-3.1.xsd=org/springframework/ejb/config/spring-jee-3.1.xsd, http://www.springframework.org/schema/tx/spring-tx-3.2.xsd=org/springframework/transaction/config/spring-tx-3.2.xsd, http://www.springframework.org/schema/context/spring-context-3.2.xsd=org/springframework/context/config/spring-context-3.2.xsd, http://www.springframework.org/schema/util/spring-util-3.2.xsd=org/springframework/beans/factory/xml/spring-util-3.2.xsd, http://www.springframework.org/schema/beans/spring-beans-2.0.xsd=org/springframework/beans/factory/xml/spring-beans-2.0.xsd, http://www.springframework.org/schema/lang/spring-lang-3.2.xsd=org/springframework/scripting/config/spring-lang-3.2.xsd, http://www.springframework.org/schema/beans/spring-beans-3.0.xsd=org/springframework/beans/factory/xml/spring-beans-3.0.xsd, http://www.springframework.org/schema/cache/spring-cache-3.2.xsd=org/springframework/cache/config/spring-cache-3.2.xsd, http://www.springframework.org/schema/task/spring-task-3.0.xsd=org/springframework/scheduling/config/spring-task-3.0.xsd, http://mybatis.org/schema/mybatis-spring.xsd=org/mybatis/spring/config/mybatis-spring-1.2.xsd, http://www.springframework.org/schema/tx/spring-tx-2.5.xsd=org/springframework/transaction/config/spring-tx-2.5.xsd, http://www.springframework.org/schema/context/spring-context-2.5.xsd=org/springframework/context/config/spring-context-2.5.xsd, http://www.springframework.org/schema/jdbc/spring-jdbc-3.0.xsd=org/springframework/jdbc/config/spring-jdbc-3.0.xsd, http://www.springframework.org/schema/tool/spring-tool-3.0.xsd=org/springframework/beans/factory/xml/spring-tool-3.0.xsd, http://www.springframework.org/schema/tx/spring-tx.xsd=org/springframework/transaction/config/spring-tx-3.2.xsd, http://www.springframework.org/schema/util/spring-util-2.5.xsd=org/springframework/beans/factory/xml/spring-util-2.5.xsd, http://www.springframework.org/schema/tool/spring-tool-2.0.xsd=org/springframework/beans/factory/xml/spring-tool-2.0.xsd, http://www.springframework.org/schema/lang/spring-lang.xsd=org/springframework/scripting/config/spring-lang-3.2.xsd, http://www.springframework.org/schema/lang/spring-lang-2.5.xsd=org/springframework/scripting/config/spring-lang-2.5.xsd, http://www.springframework.org/schema/aop/spring-aop-3.2.xsd=org/springframework/aop/config/spring-aop-3.2.xsd, http://www.springframework.org/schema/jee/spring-jee-3.0.xsd=org/springframework/ejb/config/spring-jee-3.0.xsd, http://www.springframework.org/schema/tx/spring-tx-3.1.xsd=org/springframework/transaction/config/spring-tx-3.1.xsd, http://www.springframework.org/schema/jee/spring-jee-2.0.xsd=org/springframework/ejb/config/spring-jee-2.0.xsd, http://www.springframework.org/schema/context/spring-context-3.1.xsd=org/springframework/context/config/spring-context-3.1.xsd, http://www.springframework.org/schema/util/spring-util-3.1.xsd=org/springframework/beans/factory/xml/spring-util-3.1.xsd, http://www.springframework.org/schema/lang/spring-lang-3.1.xsd=org/springframework/scripting/config/spring-lang-3.1.xsd, http://www.springframework.org/schema/cache/spring-cache-3.1.xsd=org/springframework/cache/config/spring-cache-3.1.xsd, http://www.springframework.org/schema/context/spring-context.xsd=org/springframework/context/config/spring-context-3.2.xsd, http://www.springframework.org/schema/jee/spring-jee.xsd=org/springframework/ejb/config/spring-jee-3.2.xsd, http://www.youzan.com/schema/nsq/spring-nsq-1.0.1.xsd=META-INF/spring-nsq-1.0.1.xsd, http://www.springframework.org/schema/aop/spring-aop-2.5.xsd=org/springframework/aop/config/spring-aop-2.5.xsd, http://www.springframework.org/schema/jdbc/spring-jdbc.xsd=org/springframework/jdbc/config/spring-jdbc-3.2.xsd, http://www.youzan.com/schema/nsq/spring-nsq-1.0.xsd=META-INF/spring-nsq-1.0.xsd, http://www.springframework.org/schema/beans/spring-beans-3.2.xsd=org/springframework/beans/factory/xml/spring-beans-3.2.xsd, http://www.springframework.org/schema/tx/spring-tx-2.0.xsd=org/springframework/transaction/config/spring-tx-2.0.xsd, http://www.springframework.org/schema/aop/spring-aop-3.1.xsd=org/springframework/aop/config/spring-aop-3.1.xsd, http://www.springframework.org/schema/task/spring-task-3.2.xsd=org/springframework/scheduling/config/spring-task-3.2.xsd, http://www.springframework.org/schema/tx/spring-tx-3.0.xsd=org/springframework/transaction/config/spring-tx-3.0.xsd, http://www.springframework.org/schema/context/spring-context-3.0.xsd=org/springframework/context/config/spring-context-3.0.xsd, http://www.springframework.org/schema/tool/spring-tool.xsd=org/springframework/beans/factory/xml/spring-tool-3.2.xsd, http://www.youzan.com/schema/task/spring-task-1.0.xsd=META-INF/spring-task-1.0.xsd, http://www.springframework.org/schema/util/spring-util-3.0.xsd=org/springframework/beans/factory/xml/spring-util-3.0.xsd, http://www.springframework.org/schema/util/spring-util-2.0.xsd=org/springframework/beans/factory/xml/spring-util-2.0.xsd, http://www.springframework.org/schema/lang/spring-lang-3.0.xsd=org/springframework/scripting/config/spring-lang-3.0.xsd, http://www.springframework.org/schema/lang/spring-lang-2.0.xsd=org/springframework/scripting/config/spring-lang-2.0.xsd, http://www.springframework.org/schema/jdbc/spring-jdbc-3.2.xsd=org/springframework/jdbc/config/spring-jdbc-3.2.xsd, http://www.springframework.org/schema/tool/spring-tool-3.2.xsd=org/springframework/beans/factory/xml/spring-tool-3.2.xsd, http://www.springframework.org/schema/beans/spring-beans-2.5.xsd=org/springframework/beans/factory/xml/spring-beans-2.5.xsd}
2017-08-28 17:41:21.096 [main] DEBUG o.s.beans.factory.xml.PluggableSchemaResolver - Found XML schema [http://www.springframework.org/schema/beans/spring-beans-3.2.xsd] in classpath: org/springframework/beans/factory/xml/spring-beans-3.2.xsd
2017-08-28 17:41:21.168 [main] DEBUG o.s.beans.factory.xml.PluggableSchemaResolver - Found XML schema [http://www.springframework.org/schema/context/spring-context-3.2.xsd] in classpath: org/springframework/context/config/spring-context-3.2.xsd
2017-08-28 17:41:21.186 [main] DEBUG o.s.beans.factory.xml.PluggableSchemaResolver - Found XML schema [http://www.springframework.org/schema/tool/spring-tool-3.2.xsd] in classpath: org/springframework/beans/factory/xml/spring-tool-3.2.xsd
2017-08-28 17:41:21.193 [main] DEBUG o.s.b.factory.xml.DefaultBeanDefinitionDocumentReader - Loading bean definitions
2017-08-28 17:41:21.198 [main] DEBUG o.s.beans.factory.xml.DefaultNamespaceHandlerResolver - Loaded NamespaceHandler mappings: {http://www.springframework.org/schema/p=org.springframework.beans.factory.xml.SimplePropertyNamespaceHandler, http://www.springframework.org/schema/util=org.springframework.beans.factory.xml.UtilNamespaceHandler, http://code.alibabatech.com/schema/dubbo=com.alibaba.dubbo.config.spring.schema.DubboNamespaceHandler, http://www.springframework.org/schema/jee=org.springframework.ejb.config.JeeNamespaceHandler, http://www.springframework.org/schema/aop=org.springframework.aop.config.AopNamespaceHandler, http://www.springframework.org/schema/jdbc=org.springframework.jdbc.config.JdbcNamespaceHandler, http://www.springframework.org/schema/cache=org.springframework.cache.config.CacheNamespaceHandler, http://mybatis.org/schema/mybatis-spring=org.mybatis.spring.config.NamespaceHandler, http://www.springframework.org/schema/c=org.springframework.beans.factory.xml.SimpleConstructorNamespaceHandler, http://www.springframework.org/schema/tx=org.springframework.transaction.config.TxNamespaceHandler, http://code.alibabatech.com/schema/nova=com.youzan.nova.framework.schema.HauntNamespaceHandler, http://www.youzan.com/schema/task=com.youzan.pay.core.task.spring.TaskNamespaceHandler, http://www.springframework.org/schema/task=org.springframework.scheduling.config.TaskNamespaceHandler, http://www.springframework.org/schema/lang=org.springframework.scripting.config.LangNamespaceHandler, http://www.youzan.com/schema/nsq=com.youzan.pay.core.nsq.spring.NsqNamespaceHandler, http://www.springframework.org/schema/context=org.springframework.context.config.ContextNamespaceHandler}
2017-08-28 17:41:21.200 [main] DEBUG o.s.context.annotation.ClassPathBeanDefinitionScanner - JSR-250 'javax.annotation.ManagedBean' found and supported for component scanning
2017-08-28 17:41:21.205 [main] DEBUG o.s.core.io.support.PathMatchingResourcePatternResolver - Looking for matching resources in directory tree [/Users/wulonghui/work/unified_cashier/intergration/target/test-classes/com/youzan/pay/unified/cashier/intergration]
2017-08-28 17:41:21.205 [main] DEBUG o.s.core.io.support.PathMatchingResourcePatternResolver - Searching directory [/Users/wulonghui/work/unified_cashier/intergration/target/test-classes/com/youzan/pay/unified/cashier/intergration] for files matching pattern [/Users/wulonghui/work/unified_cashier/intergration/target/test-classes/com/youzan/pay/unified/cashier/intergration/**/*.class]
2017-08-28 17:41:21.206 [main] DEBUG o.s.core.io.support.PathMatchingResourcePatternResolver - Searching directory [/Users/wulonghui/work/unified_cashier/intergration/target/test-classes/com/youzan/pay/unified/cashier/intergration/client] for files matching pattern [/Users/wulonghui/work/unified_cashier/intergration/target/test-classes/com/youzan/pay/unified/cashier/intergration/**/*.class]
2017-08-28 17:41:21.207 [main] DEBUG o.s.core.io.support.PathMatchingResourcePatternResolver - Looking for matching resources in directory tree [/Users/wulonghui/work/unified_cashier/intergration/target/classes/com/youzan/pay/unified/cashier/intergration]
2017-08-28 17:41:21.207 [main] DEBUG o.s.core.io.support.PathMatchingResourcePatternResolver - Searching directory [/Users/wulonghui/work/unified_cashier/intergration/target/classes/com/youzan/pay/unified/cashier/intergration] for files matching pattern [/Users/wulonghui/work/unified_cashier/intergration/target/classes/com/youzan/pay/unified/cashier/intergration/**/*.class]
2017-08-28 17:41:21.207 [main] DEBUG o.s.core.io.support.PathMatchingResourcePatternResolver - Searching directory [/Users/wulonghui/work/unified_cashier/intergration/target/classes/com/youzan/pay/unified/cashier/intergration/client] for files matching pattern [/Users/wulonghui/work/unified_cashier/intergration/target/classes/com/youzan/pay/unified/cashier/intergration/**/*.class]
2017-08-28 17:41:21.208 [main] DEBUG o.s.core.io.support.PathMatchingResourcePatternResolver - Searching directory [/Users/wulonghui/work/unified_cashier/intergration/target/classes/com/youzan/pay/unified/cashier/intergration/common] for files matching pattern [/Users/wulonghui/work/unified_cashier/intergration/target/classes/com/youzan/pay/unified/cashier/intergration/**/*.class]
2017-08-28 17:41:21.209 [main] DEBUG o.s.core.io.support.PathMatchingResourcePatternResolver - Resolved location pattern [classpath*:com/youzan/pay/unified/cashier/intergration/**/*.class] to resources [file [/Users/wulonghui/work/unified_cashier/intergration/target/test-classes/com/youzan/pay/unified/cashier/intergration/BaseTest.class], file [/Users/wulonghui/work/unified_cashier/intergration/target/test-classes/com/youzan/pay/unified/cashier/intergration/client/AssetCenterUnifiedPayServiceClientTest.class], file [/Users/wulonghui/work/unified_cashier/intergration/target/test-classes/com/youzan/pay/unified/cashier/intergration/client/ChannelBankCardServiceClientTest.class], file [/Users/wulonghui/work/unified_cashier/intergration/target/test-classes/com/youzan/pay/unified/cashier/intergration/client/MerchantBankCardServiceClientTest.class], file [/Users/wulonghui/work/unified_cashier/intergration/target/test-classes/com/youzan/pay/unified/cashier/intergration/client/QueryPayToolConfigServiceClietTest.class], file [/Users/wulonghui/work/unified_cashier/intergration/target/test-classes/com/youzan/pay/unified/cashier/intergration/client/UserMerchantServiceClientTest.class], file [/Users/wulonghui/work/unified_cashier/intergration/target/classes/com/youzan/pay/unified/cashier/intergration/client/AssetCenterUnifiedPayServiceClient$1.class], file [/Users/wulonghui/work/unified_cashier/intergration/target/classes/com/youzan/pay/unified/cashier/intergration/client/AssetCenterUnifiedPayServiceClient.class], file [/Users/wulonghui/work/unified_cashier/intergration/target/classes/com/youzan/pay/unified/cashier/intergration/client/CashierOrderStatusSearchClient.class], file [/Users/wulonghui/work/unified_cashier/intergration/target/classes/com/youzan/pay/unified/cashier/intergration/client/CashierRechargeServiceClient.class], file [/Users/wulonghui/work/unified_cashier/intergration/target/classes/com/youzan/pay/unified/cashier/intergration/client/ChannelBankCardServiceClient$1.class], file [/Users/wulonghui/work/unified_cashier/intergration/target/classes/com/youzan/pay/unified/cashier/intergration/client/ChannelBankCardServiceClient$2.class], file [/Users/wulonghui/work/unified_cashier/intergration/target/classes/com/youzan/pay/unified/cashier/intergration/client/ChannelBankCardServiceClient$3.class], file [/Users/wulonghui/work/unified_cashier/intergration/target/classes/com/youzan/pay/unified/cashier/intergration/client/ChannelBankCardServiceClient$4.class], file [/Users/wulonghui/work/unified_cashier/intergration/target/classes/com/youzan/pay/unified/cashier/intergration/client/ChannelBankCardServiceClient.class], file [/Users/wulonghui/work/unified_cashier/intergration/target/classes/com/youzan/pay/unified/cashier/intergration/client/MerchantBankCardServiceClient$1.class], file [/Users/wulonghui/work/unified_cashier/intergration/target/classes/com/youzan/pay/unified/cashier/intergration/client/MerchantBankCardServiceClient$2.class], file [/Users/wulonghui/work/unified_cashier/intergration/target/classes/com/youzan/pay/unified/cashier/intergration/client/MerchantBankCardServiceClient$3.class], file [/Users/wulonghui/work/unified_cashier/intergration/target/classes/com/youzan/pay/unified/cashier/intergration/client/MerchantBankCardServiceClient.class], file [/Users/wulonghui/work/unified_cashier/intergration/target/classes/com/youzan/pay/unified/cashier/intergration/client/MicroAccoutServiceClient.class], file [/Users/wulonghui/work/unified_cashier/intergration/target/classes/com/youzan/pay/unified/cashier/intergration/client/QueryPayToolConfigServiceClient.class], file [/Users/wulonghui/work/unified_cashier/intergration/target/classes/com/youzan/pay/unified/cashier/intergration/client/SignKeyServiceClient.class], file [/Users/wulonghui/work/unified_cashier/intergration/target/classes/com/youzan/pay/unified/cashier/intergration/client/SummaryCardQueryServiceClient.class], file [/Users/wulonghui/work/unified_cashier/intergration/target/classes/com/youzan/pay/unified/cashier/intergration/client/UnifiedOrderServiceClient.class], file [/Users/wulonghui/work/unified_cashier/intergration/target/classes/com/youzan/pay/unified/cashier/intergration/client/UnifiedPayServiceClient.class], file [/Users/wulonghui/work/unified_cashier/intergration/target/classes/com/youzan/pay/unified/cashier/intergration/client/UserMerchantServiceClient$1.class], file [/Users/wulonghui/work/unified_cashier/intergration/target/classes/com/youzan/pay/unified/cashier/intergration/client/UserMerchantServiceClient.class], file [/Users/wulonghui/work/unified_cashier/intergration/target/classes/com/youzan/pay/unified/cashier/intergration/common/CashierHandleTemplate.class], file [/Users/wulonghui/work/unified_cashier/intergration/target/classes/com/youzan/pay/unified/cashier/intergration/common/CashierProcessCallBack.class]]
2017-08-28 17:41:21.225 [main] DEBUG o.s.context.annotation.ClassPathBeanDefinitionScanner - Identified candidate component class: file [/Users/wulonghui/work/unified_cashier/intergration/target/classes/com/youzan/pay/unified/cashier/intergration/client/AssetCenterUnifiedPayServiceClient.class]
2017-08-28 17:41:21.226 [main] DEBUG o.s.context.annotation.ClassPathBeanDefinitionScanner - Identified candidate component class: file [/Users/wulonghui/work/unified_cashier/intergration/target/classes/com/youzan/pay/unified/cashier/intergration/client/CashierOrderStatusSearchClient.class]
2017-08-28 17:41:21.227 [main] DEBUG o.s.context.annotation.ClassPathBeanDefinitionScanner - Identified candidate component class: file [/Users/wulonghui/work/unified_cashier/intergration/target/classes/com/youzan/pay/unified/cashier/intergration/client/CashierRechargeServiceClient.class]
2017-08-28 17:41:21.230 [main] DEBUG o.s.context.annotation.ClassPathBeanDefinitionScanner - Identified candidate component class: file [/Users/wulonghui/work/unified_cashier/intergration/target/classes/com/youzan/pay/unified/cashier/intergration/client/ChannelBankCardServiceClient.class]
2017-08-28 17:41:21.231 [main] DEBUG o.s.context.annotation.ClassPathBeanDefinitionScanner - Identified candidate component class: file [/Users/wulonghui/work/unified_cashier/intergration/target/classes/com/youzan/pay/unified/cashier/intergration/client/MerchantBankCardServiceClient.class]
2017-08-28 17:41:21.234 [main] DEBUG o.s.context.annotation.ClassPathBeanDefinitionScanner - Identified candidate component class: file [/Users/wulonghui/work/unified_cashier/intergration/target/classes/com/youzan/pay/unified/cashier/intergration/client/MicroAccoutServiceClient.class]
2017-08-28 17:41:21.235 [main] DEBUG o.s.context.annotation.ClassPathBeanDefinitionScanner - Identified candidate component class: file [/Users/wulonghui/work/unified_cashier/intergration/target/classes/com/youzan/pay/unified/cashier/intergration/client/QueryPayToolConfigServiceClient.class]
2017-08-28 17:41:21.236 [main] DEBUG o.s.context.annotation.ClassPathBeanDefinitionScanner - Identified candidate component class: file [/Users/wulonghui/work/unified_cashier/intergration/target/classes/com/youzan/pay/unified/cashier/intergration/client/SignKeyServiceClient.class]
2017-08-28 17:41:21.238 [main] DEBUG o.s.context.annotation.ClassPathBeanDefinitionScanner - Identified candidate component class: file [/Users/wulonghui/work/unified_cashier/intergration/target/classes/com/youzan/pay/unified/cashier/intergration/client/SummaryCardQueryServiceClient.class]
2017-08-28 17:41:21.238 [main] DEBUG o.s.context.annotation.ClassPathBeanDefinitionScanner - Identified candidate component class: file [/Users/wulonghui/work/unified_cashier/intergration/target/classes/com/youzan/pay/unified/cashier/intergration/client/UnifiedOrderServiceClient.class]
2017-08-28 17:41:21.240 [main] DEBUG o.s.context.annotation.ClassPathBeanDefinitionScanner - Identified candidate component class: file [/Users/wulonghui/work/unified_cashier/intergration/target/classes/com/youzan/pay/unified/cashier/intergration/client/UnifiedPayServiceClient.class]
2017-08-28 17:41:21.241 [main] DEBUG o.s.context.annotation.ClassPathBeanDefinitionScanner - Identified candidate component class: file [/Users/wulonghui/work/unified_cashier/intergration/target/classes/com/youzan/pay/unified/cashier/intergration/client/UserMerchantServiceClient.class]
2017-08-28 17:41:21.243 [main] DEBUG o.s.core.io.support.PathMatchingResourcePatternResolver - Resolved location pattern [classpath*:beans/spring-*.xml] to resources []
2017-08-28 17:41:21.243 [main] DEBUG o.s.beans.factory.xml.XmlBeanDefinitionReader - Loaded 0 bean definitions from location pattern [classpath*:beans/spring-*.xml]
2017-08-28 17:41:21.243 [main] DEBUG o.s.b.factory.xml.DefaultBeanDefinitionDocumentReader - Imported 0 bean definitions from URL location [classpath*:beans/spring-*.xml]
2017-08-28 17:41:21.243 [main] INFO  o.s.beans.factory.xml.XmlBeanDefinitionReader - Loading XML bean definitions from file [/Users/wulonghui/work/unified_cashier/intergration/target/classes/META-INF/spring/spring-dubbo-services.xml]
2017-08-28 17:41:21.246 [main] DEBUG o.s.beans.factory.xml.DefaultDocumentLoader - Using JAXP provider [com.sun.org.apache.xerces.internal.jaxp.DocumentBuilderFactoryImpl]
2017-08-28 17:41:21.250 [main] DEBUG o.s.beans.factory.xml.PluggableSchemaResolver - Found XML schema [http://www.springframework.org/schema/beans/spring-beans-2.5.xsd] in classpath: org/springframework/beans/factory/xml/spring-beans-2.5.xsd
2017-08-28 17:41:21.295 [main] DEBUG o.s.beans.factory.xml.PluggableSchemaResolver - Found XML schema [http://www.springframework.org/schema/context/spring-context.xsd] in classpath: org/springframework/context/config/spring-context-3.2.xsd
2017-08-28 17:41:21.300 [main] DEBUG o.s.beans.factory.xml.PluggableSchemaResolver - Found XML schema [http://www.springframework.org/schema/tool/spring-tool-3.2.xsd] in classpath: org/springframework/beans/factory/xml/spring-tool-3.2.xsd
2017-08-28 17:41:21.315 [main] DEBUG o.s.beans.factory.xml.PluggableSchemaResolver - Found XML schema [http://code.alibabatech.com/schema/dubbo/dubbo.xsd] in classpath: META-INF/dubbo.xsd
2017-08-28 17:41:21.340 [main] DEBUG o.s.b.factory.xml.DefaultBeanDefinitionDocumentReader - Loading bean definitions
2017-08-28 17:41:21.344 [main] DEBUG o.s.context.annotation.ClassPathBeanDefinitionScanner - JSR-250 'javax.annotation.ManagedBean' found and supported for component scanning
2017-08-28 17:41:21.354 [main] DEBUG o.s.core.io.support.PathMatchingResourcePatternResolver - Looking for matching resources in directory tree [/Users/wulonghui/work/unified_cashier/intergration/target/test-classes/com/youzan/pay/unified/cashier/intergration/client]
2017-08-28 17:41:21.355 [main] DEBUG o.s.core.io.support.PathMatchingResourcePatternResolver - Searching directory [/Users/wulonghui/work/unified_cashier/intergration/target/test-classes/com/youzan/pay/unified/cashier/intergration/client] for files matching pattern [/Users/wulonghui/work/unified_cashier/intergration/target/test-classes/com/youzan/pay/unified/cashier/intergration/client/**/*.class]
2017-08-28 17:41:21.355 [main] DEBUG o.s.core.io.support.PathMatchingResourcePatternResolver - Looking for matching resources in directory tree [/Users/wulonghui/work/unified_cashier/intergration/target/classes/com/youzan/pay/unified/cashier/intergration/client]
2017-08-28 17:41:21.355 [main] DEBUG o.s.core.io.support.PathMatchingResourcePatternResolver - Searching directory [/Users/wulonghui/work/unified_cashier/intergration/target/classes/com/youzan/pay/unified/cashier/intergration/client] for files matching pattern [/Users/wulonghui/work/unified_cashier/intergration/target/classes/com/youzan/pay/unified/cashier/intergration/client/**/*.class]
2017-08-28 17:41:21.356 [main] DEBUG o.s.core.io.support.PathMatchingResourcePatternResolver - Resolved location pattern [classpath*:com/youzan/pay/unified/cashier/intergration/client/**/*.class] to resources [file [/Users/wulonghui/work/unified_cashier/intergration/target/test-classes/com/youzan/pay/unified/cashier/intergration/client/AssetCenterUnifiedPayServiceClientTest.class], file [/Users/wulonghui/work/unified_cashier/intergration/target/test-classes/com/youzan/pay/unified/cashier/intergration/client/ChannelBankCardServiceClientTest.class], file [/Users/wulonghui/work/unified_cashier/intergration/target/test-classes/com/youzan/pay/unified/cashier/intergration/client/MerchantBankCardServiceClientTest.class], file [/Users/wulonghui/work/unified_cashier/intergration/target/test-classes/com/youzan/pay/unified/cashier/intergration/client/QueryPayToolConfigServiceClietTest.class], file [/Users/wulonghui/work/unified_cashier/intergration/target/test-classes/com/youzan/pay/unified/cashier/intergration/client/UserMerchantServiceClientTest.class], file [/Users/wulonghui/work/unified_cashier/intergration/target/classes/com/youzan/pay/unified/cashier/intergration/client/AssetCenterUnifiedPayServiceClient$1.class], file [/Users/wulonghui/work/unified_cashier/intergration/target/classes/com/youzan/pay/unified/cashier/intergration/client/AssetCenterUnifiedPayServiceClient.class], file [/Users/wulonghui/work/unified_cashier/intergration/target/classes/com/youzan/pay/unified/cashier/intergration/client/CashierOrderStatusSearchClient.class], file [/Users/wulonghui/work/unified_cashier/intergration/target/classes/com/youzan/pay/unified/cashier/intergration/client/CashierRechargeServiceClient.class], file [/Users/wulonghui/work/unified_cashier/intergration/target/classes/com/youzan/pay/unified/cashier/intergration/client/ChannelBankCardServiceClient$1.class], file [/Users/wulonghui/work/unified_cashier/intergration/target/classes/com/youzan/pay/unified/cashier/intergration/client/ChannelBankCardServiceClient$2.class], file [/Users/wulonghui/work/unified_cashier/intergration/target/classes/com/youzan/pay/unified/cashier/intergration/client/ChannelBankCardServiceClient$3.class], file [/Users/wulonghui/work/unified_cashier/intergration/target/classes/com/youzan/pay/unified/cashier/intergration/client/ChannelBankCardServiceClient$4.class], file [/Users/wulonghui/work/unified_cashier/intergration/target/classes/com/youzan/pay/unified/cashier/intergration/client/ChannelBankCardServiceClient.class], file [/Users/wulonghui/work/unified_cashier/intergration/target/classes/com/youzan/pay/unified/cashier/intergration/client/MerchantBankCardServiceClient$1.class], file [/Users/wulonghui/work/unified_cashier/intergration/target/classes/com/youzan/pay/unified/cashier/intergration/client/MerchantBankCardServiceClient$2.class], file [/Users/wulonghui/work/unified_cashier/intergration/target/classes/com/youzan/pay/unified/cashier/intergration/client/MerchantBankCardServiceClient$3.class], file [/Users/wulonghui/work/unified_cashier/intergration/target/classes/com/youzan/pay/unified/cashier/intergration/client/MerchantBankCardServiceClient.class], file [/Users/wulonghui/work/unified_cashier/intergration/target/classes/com/youzan/pay/unified/cashier/intergration/client/MicroAccoutServiceClient.class], file [/Users/wulonghui/work/unified_cashier/intergration/target/classes/com/youzan/pay/unified/cashier/intergration/client/QueryPayToolConfigServiceClient.class], file [/Users/wulonghui/work/unified_cashier/intergration/target/classes/com/youzan/pay/unified/cashier/intergration/client/SignKeyServiceClient.class], file [/Users/wulonghui/work/unified_cashier/intergration/target/classes/com/youzan/pay/unified/cashier/intergration/client/SummaryCardQueryServiceClient.class], file [/Users/wulonghui/work/unified_cashier/intergration/target/classes/com/youzan/pay/unified/cashier/intergration/client/UnifiedOrderServiceClient.class], file [/Users/wulonghui/work/unified_cashier/intergration/target/classes/com/youzan/pay/unified/cashier/intergration/client/UnifiedPayServiceClient.class], file [/Users/wulonghui/work/unified_cashier/intergration/target/classes/com/youzan/pay/unified/cashier/intergration/client/UserMerchantServiceClient$1.class], file [/Users/wulonghui/work/unified_cashier/intergration/target/classes/com/youzan/pay/unified/cashier/intergration/client/UserMerchantServiceClient.class]]
2017-08-28 17:41:21.363 [main] DEBUG o.s.context.annotation.ClassPathBeanDefinitionScanner - Identified candidate component class: file [/Users/wulonghui/work/unified_cashier/intergration/target/classes/com/youzan/pay/unified/cashier/intergration/client/AssetCenterUnifiedPayServiceClient.class]
2017-08-28 17:41:21.365 [main] DEBUG o.s.context.annotation.ClassPathBeanDefinitionScanner - Identified candidate component class: file [/Users/wulonghui/work/unified_cashier/intergration/target/classes/com/youzan/pay/unified/cashier/intergration/client/CashierOrderStatusSearchClient.class]
2017-08-28 17:41:21.367 [main] DEBUG o.s.context.annotation.ClassPathBeanDefinitionScanner - Identified candidate component class: file [/Users/wulonghui/work/unified_cashier/intergration/target/classes/com/youzan/pay/unified/cashier/intergration/client/CashierRechargeServiceClient.class]
2017-08-28 17:41:21.369 [main] DEBUG o.s.context.annotation.ClassPathBeanDefinitionScanner - Identified candidate component class: file [/Users/wulonghui/work/unified_cashier/intergration/target/classes/com/youzan/pay/unified/cashier/intergration/client/ChannelBankCardServiceClient.class]
2017-08-28 17:41:21.370 [main] DEBUG o.s.context.annotation.ClassPathBeanDefinitionScanner - Identified candidate component class: file [/Users/wulonghui/work/unified_cashier/intergration/target/classes/com/youzan/pay/unified/cashier/intergration/client/MerchantBankCardServiceClient.class]
2017-08-28 17:41:21.370 [main] DEBUG o.s.context.annotation.ClassPathBeanDefinitionScanner - Identified candidate component class: file [/Users/wulonghui/work/unified_cashier/intergration/target/classes/com/youzan/pay/unified/cashier/intergration/client/MicroAccoutServiceClient.class]
2017-08-28 17:41:21.371 [main] DEBUG o.s.context.annotation.ClassPathBeanDefinitionScanner - Identified candidate component class: file [/Users/wulonghui/work/unified_cashier/intergration/target/classes/com/youzan/pay/unified/cashier/intergration/client/QueryPayToolConfigServiceClient.class]
2017-08-28 17:41:21.371 [main] DEBUG o.s.context.annotation.ClassPathBeanDefinitionScanner - Identified candidate component class: file [/Users/wulonghui/work/unified_cashier/intergration/target/classes/com/youzan/pay/unified/cashier/intergration/client/SignKeyServiceClient.class]
2017-08-28 17:41:21.372 [main] DEBUG o.s.context.annotation.ClassPathBeanDefinitionScanner - Identified candidate component class: file [/Users/wulonghui/work/unified_cashier/intergration/target/classes/com/youzan/pay/unified/cashier/intergration/client/SummaryCardQueryServiceClient.class]
2017-08-28 17:41:21.373 [main] DEBUG o.s.context.annotation.ClassPathBeanDefinitionScanner - Identified candidate component class: file [/Users/wulonghui/work/unified_cashier/intergration/target/classes/com/youzan/pay/unified/cashier/intergration/client/UnifiedOrderServiceClient.class]
2017-08-28 17:41:21.373 [main] DEBUG o.s.context.annotation.ClassPathBeanDefinitionScanner - Identified candidate component class: file [/Users/wulonghui/work/unified_cashier/intergration/target/classes/com/youzan/pay/unified/cashier/intergration/client/UnifiedPayServiceClient.class]
2017-08-28 17:41:21.374 [main] DEBUG o.s.context.annotation.ClassPathBeanDefinitionScanner - Identified candidate component class: file [/Users/wulonghui/work/unified_cashier/intergration/target/classes/com/youzan/pay/unified/cashier/intergration/client/UserMerchantServiceClient.class]
2017-08-28 17:41:21.398 [main] INFO  o.s.beans.factory.xml.XmlBeanDefinitionReader - Loading XML bean definitions from URL [jar:file:/Users/wulonghui/.m2/repository/com/youzan/platform/bootstrap/3.0.9-RELEASE/bootstrap-3.0.9-RELEASE.jar!/META-INF/spring/container.xml]
2017-08-28 17:41:21.402 [main] DEBUG o.s.beans.factory.xml.DefaultDocumentLoader - Using JAXP provider [com.sun.org.apache.xerces.internal.jaxp.DocumentBuilderFactoryImpl]
2017-08-28 17:41:21.405 [main] DEBUG o.s.beans.factory.xml.PluggableSchemaResolver - Found XML schema [http://www.springframework.org/schema/beans/spring-beans-2.5.xsd] in classpath: org/springframework/beans/factory/xml/spring-beans-2.5.xsd
2017-08-28 17:41:21.423 [main] DEBUG o.s.b.factory.xml.DefaultBeanDefinitionDocumentReader - Loading bean definitions
2017-08-28 17:41:21.425 [main] INFO  o.s.beans.factory.xml.XmlBeanDefinitionReader - Loading XML bean definitions from URL [jar:file:/Users/wulonghui/.m2/repository/com/youzan/nova/framework/framework-cat/1.0.7-RELEASE/framework-cat-1.0.7-RELEASE.jar!/META-INF/spring/framework-cat-context.xml]
2017-08-28 17:41:21.427 [main] DEBUG o.s.beans.factory.xml.DefaultDocumentLoader - Using JAXP provider [com.sun.org.apache.xerces.internal.jaxp.DocumentBuilderFactoryImpl]
2017-08-28 17:41:21.437 [main] DEBUG o.s.beans.factory.xml.PluggableSchemaResolver - Found XML schema [http://www.springframework.org/schema/beans/spring-beans-2.5.xsd] in classpath: org/springframework/beans/factory/xml/spring-beans-2.5.xsd
2017-08-28 17:41:21.451 [main] DEBUG o.s.beans.factory.xml.PluggableSchemaResolver - Found XML schema [http://www.springframework.org/schema/aop/spring-aop-3.0.xsd] in classpath: org/springframework/aop/config/spring-aop-3.0.xsd
2017-08-28 17:41:21.454 [main] DEBUG o.s.beans.factory.xml.PluggableSchemaResolver - Found XML schema [http://www.springframework.org/schema/tool/spring-tool-3.0.xsd] in classpath: org/springframework/beans/factory/xml/spring-tool-3.0.xsd
2017-08-28 17:41:21.458 [main] DEBUG o.s.b.factory.xml.DefaultBeanDefinitionDocumentReader - Loading bean definitions
2017-08-28 17:41:21.459 [main] DEBUG o.s.beans.factory.xml.XmlBeanDefinitionReader - Loaded 35 bean definitions from location pattern [classpath*:META-INF/spring/*.xml]
2017-08-28 17:41:21.459 [main] INFO  o.s.context.support.GenericApplicationContext - Refreshing org.springframework.context.support.GenericApplicationContext@759216cb: startup date [Mon Aug 28 17:41:21 CST 2017]; root of context hierarchy
2017-08-28 17:41:21.459 [main] DEBUG o.s.context.support.GenericApplicationContext - Bean factory for org.springframework.context.support.GenericApplicationContext@759216cb: org.springframework.beans.factory.support.DefaultListableBeanFactory@472bf56c: defining beans [org.springframework.context.support.PropertySourcesPlaceholderConfigurer#0,assetCenterUnifiedPayServiceClient,cashierOrderStatusSearchClient,cashierRechargeServiceClient,channelBankCardServiceClient,merchantBankCardServiceClient,microAccoutServiceClient,queryPayToolConfigServiceClient,signKeyServiceClient,summaryCardQueryServiceClient,unifiedOrderServiceClient,unifiedPayServiceClient,userMerchantServiceClient,org.springframework.context.annotation.internalConfigurationAnnotationProcessor,org.springframework.context.annotation.internalAutowiredAnnotationProcessor,org.springframework.context.annotation.internalRequiredAnnotationProcessor,org.springframework.context.annotation.internalCommonAnnotationProcessor,signKeyService,merchantConfigService,acquireOrderService,unifiedPayService,unifiedOrderQueryService,unifiedOrderService,bankCardService,merchantBankCardService,userMerchantService,rechargeService,payToolsService,accountService,summaryCardQueryService,novaContainer,beanFactory,org.springframework.aop.config.internalAutoProxyCreator,tracingAop,customerMethodAop]; root of factory hierarchy
2017-08-28 17:41:21.464 [main] DEBUG o.s.beans.factory.support.DefaultListableBeanFactory - Creating shared instance of singleton bean 'org.springframework.context.annotation.internalConfigurationAnnotationProcessor'
2017-08-28 17:41:21.464 [main] DEBUG o.s.beans.factory.support.DefaultListableBeanFactory - Creating instance of bean 'org.springframework.context.annotation.internalConfigurationAnnotationProcessor'
2017-08-28 17:41:21.464 [main] DEBUG o.s.beans.factory.support.DefaultListableBeanFactory - Eagerly caching bean 'org.springframework.context.annotation.internalConfigurationAnnotationProcessor' to allow for resolving potential circular references
2017-08-28 17:41:21.465 [main] DEBUG o.s.beans.factory.support.DefaultListableBeanFactory - Finished creating instance of bean 'org.springframework.context.annotation.internalConfigurationAnnotationProcessor'
2017-08-28 17:41:21.465 [main] DEBUG o.s.beans.factory.support.DefaultListableBeanFactory - Creating shared instance of singleton bean 'novaContainer'
2017-08-28 17:41:21.465 [main] DEBUG o.s.beans.factory.support.DefaultListableBeanFactory - Creating instance of bean 'novaContainer'
2017-08-28 17:41:21.465 [main] DEBUG o.s.beans.factory.support.DefaultListableBeanFactory - Eagerly caching bean 'novaContainer' to allow for resolving potential circular references
2017-08-28 17:41:21.465 [main] DEBUG o.s.beans.factory.support.DefaultListableBeanFactory - Finished creating instance of bean 'novaContainer'
2017-08-28 17:41:21.488 [main] DEBUG o.s.beans.factory.support.DefaultListableBeanFactory - Creating shared instance of singleton bean 'org.springframework.context.support.PropertySourcesPlaceholderConfigurer#0'
2017-08-28 17:41:21.488 [main] DEBUG o.s.beans.factory.support.DefaultListableBeanFactory - Creating instance of bean 'org.springframework.context.support.PropertySourcesPlaceholderConfigurer#0'
2017-08-28 17:41:21.488 [main] DEBUG o.s.beans.factory.support.DefaultListableBeanFactory - Eagerly caching bean 'org.springframework.context.support.PropertySourcesPlaceholderConfigurer#0' to allow for resolving potential circular references
2017-08-28 17:41:21.489 [main] DEBUG o.s.core.io.support.PathMatchingResourcePatternResolver - Looking for matching resources in directory tree [/Users/wulonghui/work/unified_cashier/intergration/target/test-classes]
2017-08-28 17:41:21.489 [main] DEBUG o.s.core.io.support.PathMatchingResourcePatternResolver - Searching directory [/Users/wulonghui/work/unified_cashier/intergration/target/test-classes] for files matching pattern [/Users/wulonghui/work/unified_cashier/intergration/target/test-classes/*.properties]
2017-08-28 17:41:21.490 [main] DEBUG o.s.core.io.support.PathMatchingResourcePatternResolver - Looking for matching resources in directory tree [/Users/wulonghui/work/unified_cashier/intergration/target/classes]
2017-08-28 17:41:21.490 [main] DEBUG o.s.core.io.support.PathMatchingResourcePatternResolver - Searching directory [/Users/wulonghui/work/unified_cashier/intergration/target/classes] for files matching pattern [/Users/wulonghui/work/unified_cashier/intergration/target/classes/*.properties]
2017-08-28 17:41:21.491 [main] DEBUG o.s.core.io.support.PathMatchingResourcePatternResolver - Looking for matching resources in directory tree [/Users/wulonghui/work/unified_cashier/core-utils/target/classes]
2017-08-28 17:41:21.491 [main] DEBUG o.s.core.io.support.PathMatchingResourcePatternResolver - Searching directory [/Users/wulonghui/work/unified_cashier/core-utils/target/classes] for files matching pattern [/Users/wulonghui/work/unified_cashier/core-utils/target/classes/*.properties]
2017-08-28 17:41:21.492 [main] DEBUG o.s.core.io.support.PathMatchingResourcePatternResolver - Looking for matching resources in directory tree [/Users/wulonghui/work/unified_cashier/core-model/target/classes]
2017-08-28 17:41:21.492 [main] DEBUG o.s.core.io.support.PathMatchingResourcePatternResolver - Searching directory [/Users/wulonghui/work/unified_cashier/core-model/target/classes] for files matching pattern [/Users/wulonghui/work/unified_cashier/core-model/target/classes/*.properties]
2017-08-28 17:41:21.492 [main] DEBUG o.s.core.io.support.PathMatchingResourcePatternResolver - Resolved location pattern [classpath*:*.properties] to resources [file [/Users/wulonghui/work/unified_cashier/intergration/target/test-classes/container.properties], file [/Users/wulonghui/work/unified_cashier/intergration/target/test-classes/dev.properties]]
2017-08-28 17:41:21.493 [main] DEBUG o.s.beans.factory.support.DefaultListableBeanFactory - Finished creating instance of bean 'org.springframework.context.support.PropertySourcesPlaceholderConfigurer#0'
2017-08-28 17:41:21.493 [main] DEBUG org.springframework.core.env.MutablePropertySources - Adding [environmentProperties] PropertySource with lowest search precedence
2017-08-28 17:41:21.494 [main] INFO  o.s.context.support.PropertySourcesPlaceholderConfigurer - Loading properties file from file [/Users/wulonghui/work/unified_cashier/intergration/target/test-classes/container.properties]
2017-08-28 17:41:21.495 [main] INFO  o.s.context.support.PropertySourcesPlaceholderConfigurer - Loading properties file from file [/Users/wulonghui/work/unified_cashier/intergration/target/test-classes/dev.properties]
2017-08-28 17:41:21.496 [main] DEBUG org.springframework.core.env.MutablePropertySources - Adding [localProperties] PropertySource with lowest search precedence
2017-08-28 17:41:21.499 [main] DEBUG o.s.core.env.PropertySourcesPropertyResolver - Searching for key 'application.monitor.address' in [environmentProperties]
2017-08-28 17:41:21.499 [main] DEBUG o.s.core.env.PropertySourcesPropertyResolver - Searching for key 'application.monitor.address' in [systemProperties]
2017-08-28 17:41:21.499 [main] DEBUG o.s.core.env.PropertySourcesPropertyResolver - Searching for key 'application.monitor.address' in [systemEnvironment]
2017-08-28 17:41:21.499 [main] DEBUG o.s.core.env.PropertySourcesPropertyResolver - Could not find key 'application.monitor.address' in any property source. Returning [null]
2017-08-28 17:41:21.500 [main] DEBUG o.s.core.env.PropertySourcesPropertyResolver - Searching for key 'application.monitor.address' in [localProperties]
2017-08-28 17:41:21.500 [main] DEBUG o.s.core.env.PropertySourcesPropertyResolver - Found key 'application.monitor.address' in [localProperties] with type [String] and value 'http://hawk-dev.s.qima-inc.com'
2017-08-28 17:41:21.501 [main] DEBUG o.s.beans.factory.support.DefaultListableBeanFactory - Creating shared instance of singleton bean 'com.alibaba.dubbo.config.spring.AnnotationBean'
2017-08-28 17:41:21.501 [main] DEBUG o.s.beans.factory.support.DefaultListableBeanFactory - Creating instance of bean 'com.alibaba.dubbo.config.spring.AnnotationBean'
2017-08-28 17:41:21.502 [main] DEBUG o.s.beans.factory.support.DefaultListableBeanFactory - Eagerly caching bean 'com.alibaba.dubbo.config.spring.AnnotationBean' to allow for resolving potential circular references
2017-08-28 17:41:21.503 [main] DEBUG o.s.beans.factory.support.DefaultListableBeanFactory - Finished creating instance of bean 'com.alibaba.dubbo.config.spring.AnnotationBean'
2017-08-28 17:41:21.504 [main] DEBUG org.springframework.core.env.StandardEnvironment - Adding [systemProperties] PropertySource with lowest search precedence
2017-08-28 17:41:21.504 [main] DEBUG org.springframework.core.env.StandardEnvironment - Adding [systemEnvironment] PropertySource with lowest search precedence
2017-08-28 17:41:21.504 [main] DEBUG org.springframework.core.env.StandardEnvironment - Initialized StandardEnvironment with PropertySources [systemProperties,systemEnvironment]
2017-08-28 17:41:21.504 [main] DEBUG o.s.context.annotation.ClassPathBeanDefinitionScanner - JSR-250 'javax.annotation.ManagedBean' found and supported for component scanning
2017-08-28 17:41:21.507 [main] DEBUG o.s.core.io.support.PathMatchingResourcePatternResolver - Looking for matching resources in directory tree [/Users/wulonghui/work/unified_cashier/intergration/target/test-classes/com/youzan]
2017-08-28 17:41:21.507 [main] DEBUG o.s.core.io.support.PathMatchingResourcePatternResolver - Searching directory [/Users/wulonghui/work/unified_cashier/intergration/target/test-classes/com/youzan] for files matching pattern [/Users/wulonghui/work/unified_cashier/intergration/target/test-classes/com/youzan/**/*.class]
2017-08-28 17:41:21.508 [main] DEBUG o.s.core.io.support.PathMatchingResourcePatternResolver - Searching directory [/Users/wulonghui/work/unified_cashier/intergration/target/test-classes/com/youzan/pay] for files matching pattern [/Users/wulonghui/work/unified_cashier/intergration/target/test-classes/com/youzan/**/*.class]
2017-08-28 17:41:21.508 [main] DEBUG o.s.core.io.support.PathMatchingResourcePatternResolver - Searching directory [/Users/wulonghui/work/unified_cashier/intergration/target/test-classes/com/youzan/pay/unified] for files matching pattern [/Users/wulonghui/work/unified_cashier/intergration/target/test-classes/com/youzan/**/*.class]
2017-08-28 17:41:21.509 [main] DEBUG o.s.core.io.support.PathMatchingResourcePatternResolver - Searching directory [/Users/wulonghui/work/unified_cashier/intergration/target/test-classes/com/youzan/pay/unified/cashier] for files matching pattern [/Users/wulonghui/work/unified_cashier/intergration/target/test-classes/com/youzan/**/*.class]
2017-08-28 17:41:21.509 [main] DEBUG o.s.core.io.support.PathMatchingResourcePatternResolver - Searching directory [/Users/wulonghui/work/unified_cashier/intergration/target/test-classes/com/youzan/pay/unified/cashier/intergration] for files matching pattern [/Users/wulonghui/work/unified_cashier/intergration/target/test-classes/com/youzan/**/*.class]
2017-08-28 17:41:21.510 [main] DEBUG o.s.core.io.support.PathMatchingResourcePatternResolver - Searching directory [/Users/wulonghui/work/unified_cashier/intergration/target/test-classes/com/youzan/pay/unified/cashier/intergration/client] for files matching pattern [/Users/wulonghui/work/unified_cashier/intergration/target/test-classes/com/youzan/**/*.class]
2017-08-28 17:41:21.510 [main] DEBUG o.s.core.io.support.PathMatchingResourcePatternResolver - Looking for matching resources in directory tree [/Users/wulonghui/work/unified_cashier/intergration/target/classes/com/youzan]
2017-08-28 17:41:21.510 [main] DEBUG o.s.core.io.support.PathMatchingResourcePatternResolver - Searching directory [/Users/wulonghui/work/unified_cashier/intergration/target/classes/com/youzan] for files matching pattern [/Users/wulonghui/work/unified_cashier/intergration/target/classes/com/youzan/**/*.class]
2017-08-28 17:41:21.511 [main] DEBUG o.s.core.io.support.PathMatchingResourcePatternResolver - Searching directory [/Users/wulonghui/work/unified_cashier/intergration/target/classes/com/youzan/pay] for files matching pattern [/Users/wulonghui/work/unified_cashier/intergration/target/classes/com/youzan/**/*.class]
2017-08-28 17:41:21.513 [main] DEBUG o.s.core.io.support.PathMatchingResourcePatternResolver - Searching directory [/Users/wulonghui/work/unified_cashier/intergration/target/classes/com/youzan/pay/unified] for files matching pattern [/Users/wulonghui/work/unified_cashier/intergration/target/classes/com/youzan/**/*.class]
2017-08-28 17:41:21.514 [main] DEBUG o.s.core.io.support.PathMatchingResourcePatternResolver - Searching directory [/Users/wulonghui/work/unified_cashier/intergration/target/classes/com/youzan/pay/unified/cashier] for files matching pattern [/Users/wulonghui/work/unified_cashier/intergration/target/classes/com/youzan/**/*.class]
2017-08-28 17:41:21.514 [main] DEBUG o.s.core.io.support.PathMatchingResourcePatternResolver - Searching directory [/Users/wulonghui/work/unified_cashier/intergration/target/classes/com/youzan/pay/unified/cashier/intergration] for files matching pattern [/Users/wulonghui/work/unified_cashier/intergration/target/classes/com/youzan/**/*.class]
2017-08-28 17:41:21.514 [main] DEBUG o.s.core.io.support.PathMatchingResourcePatternResolver - Searching directory [/Users/wulonghui/work/unified_cashier/intergration/target/classes/com/youzan/pay/unified/cashier/intergration/client] for files matching pattern [/Users/wulonghui/work/unified_cashier/intergration/target/classes/com/youzan/**/*.class]
2017-08-28 17:41:21.516 [main] DEBUG o.s.core.io.support.PathMatchingResourcePatternResolver - Searching directory [/Users/wulonghui/work/unified_cashier/intergration/target/classes/com/youzan/pay/unified/cashier/intergration/common] for files matching pattern [/Users/wulonghui/work/unified_cashier/intergration/target/classes/com/youzan/**/*.class]
2017-08-28 17:41:21.517 [main] DEBUG o.s.core.io.support.PathMatchingResourcePatternResolver - Looking for matching resources in directory tree [/Users/wulonghui/work/unified_cashier/core-utils/target/classes/com/youzan]
2017-08-28 17:41:21.517 [main] DEBUG o.s.core.io.support.PathMatchingResourcePatternResolver - Searching directory [/Users/wulonghui/work/unified_cashier/core-utils/target/classes/com/youzan] for files matching pattern [/Users/wulonghui/work/unified_cashier/core-utils/target/classes/com/youzan/**/*.class]
2017-08-28 17:41:21.518 [main] DEBUG o.s.core.io.support.PathMatchingResourcePatternResolver - Searching directory [/Users/wulonghui/work/unified_cashier/core-utils/target/classes/com/youzan/pay] for files matching pattern [/Users/wulonghui/work/unified_cashier/core-utils/target/classes/com/youzan/**/*.class]
2017-08-28 17:41:21.518 [main] DEBUG o.s.core.io.support.PathMatchingResourcePatternResolver - Searching directory [/Users/wulonghui/work/unified_cashier/core-utils/target/classes/com/youzan/pay/unified] for files matching pattern [/Users/wulonghui/work/unified_cashier/core-utils/target/classes/com/youzan/**/*.class]
2017-08-28 17:41:21.521 [main] DEBUG o.s.core.io.support.PathMatchingResourcePatternResolver - Searching directory [/Users/wulonghui/work/unified_cashier/core-utils/target/classes/com/youzan/pay/unified/cashier] for files matching pattern [/Users/wulonghui/work/unified_cashier/core-utils/target/classes/com/youzan/**/*.class]
2017-08-28 17:41:21.522 [main] DEBUG o.s.core.io.support.PathMatchingResourcePatternResolver - Searching directory [/Users/wulonghui/work/unified_cashier/core-utils/target/classes/com/youzan/pay/unified/cashier/core] for files matching pattern [/Users/wulonghui/work/unified_cashier/core-utils/target/classes/com/youzan/**/*.class]
2017-08-28 17:41:21.522 [main] DEBUG o.s.core.io.support.PathMatchingResourcePatternResolver - Searching directory [/Users/wulonghui/work/unified_cashier/core-utils/target/classes/com/youzan/pay/unified/cashier/core/utils] for files matching pattern [/Users/wulonghui/work/unified_cashier/core-utils/target/classes/com/youzan/**/*.class]
2017-08-28 17:41:21.523 [main] DEBUG o.s.core.io.support.PathMatchingResourcePatternResolver - Searching directory [/Users/wulonghui/work/unified_cashier/core-utils/target/classes/com/youzan/pay/unified/cashier/core/utils/common] for files matching pattern [/Users/wulonghui/work/unified_cashier/core-utils/target/classes/com/youzan/**/*.class]
2017-08-28 17:41:21.523 [main] DEBUG o.s.core.io.support.PathMatchingResourcePatternResolver - Searching directory [/Users/wulonghui/work/unified_cashier/core-utils/target/classes/com/youzan/pay/unified/cashier/core/utils/enums] for files matching pattern [/Users/wulonghui/work/unified_cashier/core-utils/target/classes/com/youzan/**/*.class]
2017-08-28 17:41:21.523 [main] DEBUG o.s.core.io.support.PathMatchingResourcePatternResolver - Searching directory [/Users/wulonghui/work/unified_cashier/core-utils/target/classes/com/youzan/pay/unified/cashier/core/utils/exception] for files matching pattern [/Users/wulonghui/work/unified_cashier/core-utils/target/classes/com/youzan/**/*.class]
2017-08-28 17:41:21.524 [main] DEBUG o.s.core.io.support.PathMatchingResourcePatternResolver - Searching directory [/Users/wulonghui/work/unified_cashier/core-utils/target/classes/com/youzan/pay/unified/cashier/core/utils/model] for files matching pattern [/Users/wulonghui/work/unified_cashier/core-utils/target/classes/com/youzan/**/*.class]
2017-08-28 17:41:21.524 [main] DEBUG o.s.core.io.support.PathMatchingResourcePatternResolver - Searching directory [/Users/wulonghui/work/unified_cashier/core-utils/target/classes/com/youzan/pay/unified/cashier/core/utils/resultcode] for files matching pattern [/Users/wulonghui/work/unified_cashier/core-utils/target/classes/com/youzan/**/*.class]
2017-08-28 17:41:21.525 [main] DEBUG o.s.core.io.support.PathMatchingResourcePatternResolver - Searching directory [/Users/wulonghui/work/unified_cashier/core-utils/target/classes/com/youzan/pay/unified/cashier/core/utils/resultcode/errorcode] for files matching pattern [/Users/wulonghui/work/unified_cashier/core-utils/target/classes/com/youzan/**/*.class]
2017-08-28 17:41:21.526 [main] DEBUG o.s.core.io.support.PathMatchingResourcePatternResolver - Looking for matching resources in directory tree [/Users/wulonghui/work/unified_cashier/core-model/target/classes/com/youzan]
2017-08-28 17:41:21.526 [main] DEBUG o.s.core.io.support.PathMatchingResourcePatternResolver - Searching directory [/Users/wulonghui/work/unified_cashier/core-model/target/classes/com/youzan] for files matching pattern [/Users/wulonghui/work/unified_cashier/core-model/target/classes/com/youzan/**/*.class]
2017-08-28 17:41:21.526 [main] DEBUG o.s.core.io.support.PathMatchingResourcePatternResolver - Searching directory [/Users/wulonghui/work/unified_cashier/core-model/target/classes/com/youzan/pay] for files matching pattern [/Users/wulonghui/work/unified_cashier/core-model/target/classes/com/youzan/**/*.class]
2017-08-28 17:41:21.526 [main] DEBUG o.s.core.io.support.PathMatchingResourcePatternResolver - Searching directory [/Users/wulonghui/work/unified_cashier/core-model/target/classes/com/youzan/pay/unified] for files matching pattern [/Users/wulonghui/work/unified_cashier/core-model/target/classes/com/youzan/**/*.class]
2017-08-28 17:41:21.526 [main] DEBUG o.s.core.io.support.PathMatchingResourcePatternResolver - Searching directory [/Users/wulonghui/work/unified_cashier/core-model/target/classes/com/youzan/pay/unified/cashier] for files matching pattern [/Users/wulonghui/work/unified_cashier/core-model/target/classes/com/youzan/**/*.class]
2017-08-28 17:41:21.527 [main] DEBUG o.s.core.io.support.PathMatchingResourcePatternResolver - Searching directory [/Users/wulonghui/work/unified_cashier/core-model/target/classes/com/youzan/pay/unified/cashier/core] for files matching pattern [/Users/wulonghui/work/unified_cashier/core-model/target/classes/com/youzan/**/*.class]
2017-08-28 17:41:21.527 [main] DEBUG o.s.core.io.support.PathMatchingResourcePatternResolver - Searching directory [/Users/wulonghui/work/unified_cashier/core-model/target/classes/com/youzan/pay/unified/cashier/core/model] for files matching pattern [/Users/wulonghui/work/unified_cashier/core-model/target/classes/com/youzan/**/*.class]
2017-08-28 17:41:21.527 [main] DEBUG o.s.core.io.support.PathMatchingResourcePatternResolver - Searching directory [/Users/wulonghui/work/unified_cashier/core-model/target/classes/com/youzan/pay/unified/cashier/core/model/domain] for files matching pattern [/Users/wulonghui/work/unified_cashier/core-model/target/classes/com/youzan/**/*.class]
2017-08-28 17:41:21.527 [main] DEBUG o.s.core.io.support.PathMatchingResourcePatternResolver - Looking for matching resources in jar file [file:/Users/wulonghui/.m2/repository/com/youzan/pay/core/core-utils/1.0.1-SNAPSHOT/core-utils-1.0.1-SNAPSHOT.jar]
2017-08-28 17:41:21.529 [main] DEBUG o.s.core.io.support.PathMatchingResourcePatternResolver - Looking for matching resources in jar file [file:/Users/wulonghui/.m2/repository/com/youzan/pay/core/core-model/1.0.1-SNAPSHOT/core-model-1.0.1-SNAPSHOT.jar]
2017-08-28 17:41:21.530 [main] DEBUG o.s.core.io.support.PathMatchingResourcePatternResolver - Looking for matching resources in jar file [file:/Users/wulonghui/.m2/repository/com/youzan/platform/bootstrap/3.0.9-RELEASE/bootstrap-3.0.9-RELEASE.jar]
2017-08-28 17:41:21.531 [main] DEBUG o.s.core.io.support.PathMatchingResourcePatternResolver - Looking for matching resources in jar file [file:/Users/wulonghui/.m2/repository/com/youzan/platform/haunt-client/3.0.7-RELEASE/haunt-client-3.0.7-RELEASE.jar]
2017-08-28 17:41:21.533 [main] DEBUG o.s.core.io.support.PathMatchingResourcePatternResolver - Looking for matching resources in jar file [file:/Users/wulonghui/.m2/repository/com/youzan/nova/framework/framework-cat/1.0.7-RELEASE/framework-cat-1.0.7-RELEASE.jar]
2017-08-28 17:41:21.534 [main] DEBUG o.s.core.io.support.PathMatchingResourcePatternResolver - Looking for matching resources in jar file [file:/Users/wulonghui/.m2/repository/com/youzan/platform/commons-util/2.0.0-SNAPSHOT/commons-util-2.0.0-SNAPSHOT.jar]
2017-08-28 17:41:21.535 [main] DEBUG o.s.core.io.support.PathMatchingResourcePatternResolver - Looking for matching resources in jar file [file:/Users/wulonghui/.m2/repository/com/alibaba/dubbo/3.0.9-RELEASE/dubbo-3.0.9-RELEASE.jar]
2017-08-28 17:41:21.540 [main] DEBUG o.s.core.io.support.PathMatchingResourcePatternResolver - Looking for matching resources in jar file [file:/Users/wulonghui/.m2/repository/com/youzan/lightning-sdk/0.1.1-SNAPSHOT/lightning-sdk-0.1.1-SNAPSHOT.jar]
2017-08-28 17:41:21.541 [main] DEBUG o.s.core.io.support.PathMatchingResourcePatternResolver - Looking for matching resources in jar file [file:/Users/wulonghui/.m2/repository/com/youzan/platform/track-appender/2.3/track-appender-2.3.jar]
2017-08-28 17:41:21.543 [main] DEBUG o.s.core.io.support.PathMatchingResourcePatternResolver - Looking for matching resources in jar file [file:/Users/wulonghui/.m2/repository/com/youzan/pay/assetcenter.api/0.0.9-20170817-SNAPSHOT/assetcenter.api-0.0.9-20170817-SNAPSHOT.jar]
2017-08-28 17:41:21.547 [main] DEBUG o.s.core.io.support.PathMatchingResourcePatternResolver - Looking for matching resources in jar file [file:/Users/wulonghui/.m2/repository/com/youzan/pay/assetcenter.spi/0.0.9-20170817-SNAPSHOT/assetcenter.spi-0.0.9-20170817-SNAPSHOT.jar]
2017-08-28 17:41:21.549 [main] DEBUG o.s.core.io.support.PathMatchingResourcePatternResolver - Looking for matching resources in jar file [file:/Users/wulonghui/.m2/repository/com/youzan/pay/core/core-validate/1.0.2-20170515-RELEASE/core-validate-1.0.2-20170515-RELEASE.jar]
2017-08-28 17:41:21.549 [main] DEBUG o.s.core.io.support.PathMatchingResourcePatternResolver - Looking for matching resources in jar file [file:/Users/wulonghui/.m2/repository/com/youzan/pay/microaccount-api/0.2.6-20170801-SNAPSHOT/microaccount-api-0.2.6-20170801-SNAPSHOT.jar]
2017-08-28 17:41:21.551 [main] DEBUG o.s.core.io.support.PathMatchingResourcePatternResolver - Looking for matching resources in jar file [file:/Users/wulonghui/.m2/repository/com/youzan/account-api/1.1.16-RELEASE/account-api-1.1.16-RELEASE.jar]
2017-08-28 17:41:21.555 [main] DEBUG o.s.core.io.support.PathMatchingResourcePatternResolver - Looking for matching resources in jar file [file:/Users/wulonghui/.m2/repository/com/youzan/common-model/1.0.1-SNAPSHOT/common-model-1.0.1-SNAPSHOT.jar]
2017-08-28 17:41:21.556 [main] DEBUG o.s.core.io.support.PathMatchingResourcePatternResolver - Looking for matching resources in jar file [file:/Users/wulonghui/.m2/repository/com/youzan/pay/fund_channel.open-api/1.0.0-20170710-RELEASE/fund_channel.open-api-1.0.0-20170710-RELEASE.jar]
2017-08-28 17:41:21.557 [main] DEBUG o.s.core.io.support.PathMatchingResourcePatternResolver - Looking for matching resources in jar file [file:/Users/wulonghui/.m2/repository/com/youzan/pay/fund_channel.core-commons/1.0.0-20170710-RELEASE/fund_channel.core-commons-1.0.0-20170710-RELEASE.jar]
2017-08-28 17:41:21.559 [main] DEBUG o.s.core.io.support.PathMatchingResourcePatternResolver - Looking for matching resources in jar file [file:/Users/wulonghui/.m2/repository/com/youzan/pay/core/0.2.9-20170710-RELEASE/core-0.2.9-20170710-RELEASE.jar]
2017-08-28 17:41:21.565 [main] DEBUG o.s.core.io.support.PathMatchingResourcePatternResolver - Looking for matching resources in jar file [file:/Users/wulonghui/.m2/repository/com/youzan/pay/core/mq-nsq/1.0.2-20170515-RELEASE/mq-nsq-1.0.2-20170515-RELEASE.jar]
2017-08-28 17:41:21.567 [main] DEBUG o.s.core.io.support.PathMatchingResourcePatternResolver - Looking for matching resources in jar file [file:/Users/wulonghui/.m2/repository/com/youzan/NSQ-Client/2.3.20170406-RELEASE/NSQ-Client-2.3.20170406-RELEASE.jar]
2017-08-28 17:41:21.576 [main] DEBUG o.s.core.io.support.PathMatchingResourcePatternResolver - Looking for matching resources in jar file [file:/Users/wulonghui/.m2/repository/com/youzan/DCC-Client/1.1.0330-RELEASE/DCC-Client-1.1.0330-RELEASE.jar]
2017-08-28 17:41:21.579 [main] DEBUG o.s.core.io.support.PathMatchingResourcePatternResolver - Looking for matching resources in jar file [file:/Users/wulonghui/.m2/repository/com/youzan/httpasyncclient/4.1.2-RELEASE/httpasyncclient-4.1.2-RELEASE.jar]
2017-08-28 17:41:21.583 [main] DEBUG o.s.core.io.support.PathMatchingResourcePatternResolver - Looking for matching resources in jar file [file:/Users/wulonghui/.m2/repository/com/youzan/pay/merchant-api/0.0.7-20170804-RELEASE/merchant-api-0.0.7-20170804-RELEASE.jar]
2017-08-28 17:41:21.588 [main] DEBUG o.s.core.io.support.PathMatchingResourcePatternResolver - Looking for matching resources in jar file [file:/Users/wulonghui/.m2/repository/com/youzan/pay/consumer-center/basesearch-api/1.0.0-SNAPSHOT/basesearch-api-1.0.0-SNAPSHOT.jar]
2017-08-28 17:41:21.588 [main] DEBUG o.s.core.io.support.PathMatchingResourcePatternResolver - Looking for matching resources in jar file [file:/Users/wulonghui/.m2/repository/com/youzan/pay/core/api-model/1.0.5-20170710-RELEASE/api-model-1.0.5-20170710-RELEASE.jar]
2017-08-28 17:41:21.589 [main] DEBUG o.s.core.io.support.PathMatchingResourcePatternResolver - Looking for matching resources in jar file [file:/Users/wulonghui/.m2/repository/com/youzan/pay/core/common-model/1.0.5-20170710-RELEASE/common-model-1.0.5-20170710-RELEASE.jar]
2017-08-28 17:41:21.590 [main] DEBUG o.s.core.io.support.PathMatchingResourcePatternResolver - Looking for matching resources in jar file [file:/Users/wulonghui/.m2/repository/com/youzan/pay/cardvoucher/cardvoucher-api/1.0.0-20170822-RELEASE/cardvoucher-api-1.0.0-20170822-RELEASE.jar]
2017-08-28 17:41:21.591 [main] DEBUG o.s.core.io.support.PathMatchingResourcePatternResolver - Looking for matching resources in jar file [file:/Users/wulonghui/.m2/repository/com/youzan/pay/cardvoucher/cardvoucher-common-model/1.0.0-20170822-RELEASE/cardvoucher-common-model-1.0.0-20170822-RELEASE.jar]
2017-08-28 17:41:21.597 [main] DEBUG o.s.core.io.support.PathMatchingResourcePatternResolver - Resolved location pattern [classpath*:com/youzan/**/*.class] to resources [file [/Users/wulonghui/work/unified_cashier/intergration/target/test-classes/com/youzan/pay/unified/cashier/intergration/BaseTest.class], file [/Users/wulonghui/work/unified_cashier/intergration/target/test-classes/com/youzan/pay/unified/cashier/intergration/client/AssetCenterUnifiedPayServiceClientTest.class], file [/Users/wulonghui/work/unified_cashier/intergration/target/test-classes/com/youzan/pay/unified/cashier/intergration/client/ChannelBankCardServiceClientTest.class], file [/Users/wulonghui/work/unified_cashier/intergration/target/test-classes/com/youzan/pay/unified/cashier/intergration/client/MerchantBankCardServiceClientTest.class], file [/Users/wulonghui/work/unified_cashier/intergration/target/test-classes/com/youzan/pay/unified/cashier/intergration/client/QueryPayToolConfigServiceClietTest.class], file [/Users/wulonghui/work/unified_cashier/intergration/target/test-classes/com/youzan/pay/unified/cashier/intergration/client/UserMerchantServiceClientTest.class], file [/Users/wulonghui/work/unified_cashier/intergration/target/classes/com/youzan/pay/unified/cashier/intergration/client/AssetCenterUnifiedPayServiceClient$1.class], file [/Users/wulonghui/work/unified_cashier/intergration/target/classes/com/youzan/pay/unified/cashier/intergration/client/AssetCenterUnifiedPayServiceClient.class], file [/Users/wulonghui/work/unified_cashier/intergration/target/classes/com/youzan/pay/unified/cashier/intergration/client/CashierOrderStatusSearchClient.class], file [/Users/wulonghui/work/unified_cashier/intergration/target/classes/com/youzan/pay/unified/cashier/intergration/client/CashierRechargeServiceClient.class], file [/Users/wulonghui/work/unified_cashier/intergration/target/classes/com/youzan/pay/unified/cashier/intergration/client/ChannelBankCardServiceClient$1.class], file [/Users/wulonghui/work/unified_cashier/intergration/target/classes/com/youzan/pay/unified/cashier/intergration/client/ChannelBankCardServiceClient$2.class], file [/Users/wulonghui/work/unified_cashier/intergration/target/classes/com/youzan/pay/unified/cashier/intergration/client/ChannelBankCardServiceClient$3.class], file [/Users/wulonghui/work/unified_cashier/intergration/target/classes/com/youzan/pay/unified/cashier/intergration/client/ChannelBankCardServiceClient$4.class], file [/Users/wulonghui/work/unified_cashier/intergration/target/classes/com/youzan/pay/unified/cashier/intergration/client/ChannelBankCardServiceClient.class], file [/Users/wulonghui/work/unified_cashier/intergration/target/classes/com/youzan/pay/unified/cashier/intergration/client/MerchantBankCardServiceClient$1.class], file [/Users/wulonghui/work/unified_cashier/intergration/target/classes/com/youzan/pay/unified/cashier/intergration/client/MerchantBankCardServiceClient$2.class], file [/Users/wulonghui/work/unified_cashier/intergration/target/classes/com/youzan/pay/unified/cashier/intergration/client/MerchantBankCardServiceClient$3.class], file [/Users/wulonghui/work/unified_cashier/intergration/target/classes/com/youzan/pay/unified/cashier/intergration/client/MerchantBankCardServiceClient.class], file [/Users/wulonghui/work/unified_cashier/intergration/target/classes/com/youzan/pay/unified/cashier/intergration/client/MicroAccoutServiceClient.class], file [/Users/wulonghui/work/unified_cashier/intergration/target/classes/com/youzan/pay/unified/cashier/intergration/client/QueryPayToolConfigServiceClient.class], file [/Users/wulonghui/work/unified_cashier/intergration/target/classes/com/youzan/pay/unified/cashier/intergration/client/SignKeyServiceClient.class], file [/Users/wulonghui/work/unified_cashier/intergration/target/classes/com/youzan/pay/unified/cashier/intergration/client/SummaryCardQueryServiceClient.class], file [/Users/wulonghui/work/unified_cashier/intergration/target/classes/com/youzan/pay/unified/cashier/intergration/client/UnifiedOrderServiceClient.class], file [/Users/wulonghui/work/unified_cashier/intergration/target/classes/com/youzan/pay/unified/cashier/intergration/client/UnifiedPayServiceClient.class], file [/Users/wulonghui/work/unified_cashier/intergration/target/classes/com/youzan/pay/unified/cashier/intergration/client/UserMerchantServiceClient$1.class], file [/Users/wulonghui/work/unified_cashier/intergration/target/classes/com/youzan/pay/unified/cashier/intergration/client/UserMerchantServiceClient.class], file [/Users/wulonghui/work/unified_cashier/intergration/target/classes/com/youzan/pay/unified/cashier/intergration/common/CashierHandleTemplate.class], file [/Users/wulonghui/work/unified_cashier/intergration/target/classes/com/youzan/pay/unified/cashier/intergration/common/CashierProcessCallBack.class], file [/Users/wulonghui/work/unified_cashier/core-utils/target/classes/com/youzan/pay/unified/cashier/core/utils/common/BankIconConfig.class], file [/Users/wulonghui/work/unified_cashier/core-utils/target/classes/com/youzan/pay/unified/cashier/core/utils/common/DataMixProcessor.class], file [/Users/wulonghui/work/unified_cashier/core-utils/target/classes/com/youzan/pay/unified/cashier/core/utils/common/MyCollector.class], file [/Users/wulonghui/work/unified_cashier/core-utils/target/classes/com/youzan/pay/unified/cashier/core/utils/common/StringNumProcessor.class], file [/Users/wulonghui/work/unified_cashier/core-utils/target/classes/com/youzan/pay/unified/cashier/core/utils/enums/CorrectionLevel.class], file [/Users/wulonghui/work/unified_cashier/core-utils/target/classes/com/youzan/pay/unified/cashier/core/utils/exception/BaseException.class], file [/Users/wulonghui/work/unified_cashier/core-utils/target/classes/com/youzan/pay/unified/cashier/core/utils/exception/CardBaseException.class], file [/Users/wulonghui/work/unified_cashier/core-utils/target/classes/com/youzan/pay/unified/cashier/core/utils/exception/CreateOrderException.class], file [/Users/wulonghui/work/unified_cashier/core-utils/target/classes/com/youzan/pay/unified/cashier/core/utils/model/CacheTradeInfo.class], file [/Users/wulonghui/work/unified_cashier/core-utils/target/classes/com/youzan/pay/unified/cashier/core/utils/model/CashierRechargeGetData.class], file [/Users/wulonghui/work/unified_cashier/core-utils/target/classes/com/youzan/pay/unified/cashier/core/utils/model/GenRechargeInfo.class], file [/Users/wulonghui/work/unified_cashier/core-utils/target/classes/com/youzan/pay/unified/cashier/core/utils/QRCodeGenerator.class], file [/Users/wulonghui/work/unified_cashier/core-utils/target/classes/com/youzan/pay/unified/cashier/core/utils/resultcode/errorcode/CardErrorCode.class], file [/Users/wulonghui/work/unified_cashier/core-utils/target/classes/com/youzan/pay/unified/cashier/core/utils/resultcode/errorcode/CommonErrorCode.class], file [/Users/wulonghui/work/unified_cashier/core-utils/target/classes/com/youzan/pay/unified/cashier/core/utils/resultcode/errorcode/CreateOrderErrorCode.class], file [/Users/wulonghui/work/unified_cashier/core-utils/target/classes/com/youzan/pay/unified/cashier/core/utils/resultcode/errorcode/DispatcherPayErrorCode.class], file [/Users/wulonghui/work/unified_cashier/core-utils/target/classes/com/youzan/pay/unified/cashier/core/utils/resultcode/ModuleCode.class], file [/Users/wulonghui/work/unified_cashier/core-utils/target/classes/com/youzan/pay/unified/cashier/core/utils/resultcode/ResultCode.class], file [/Users/wulonghui/work/unified_cashier/core-utils/target/classes/com/youzan/pay/unified/cashier/core/utils/resultcode/SystemCode.class], file [/Users/wulonghui/work/unified_cashier/core-utils/target/classes/com/youzan/pay/unified/cashier/core/utils/SerializationUtils.class], file [/Users/wulonghui/work/unified_cashier/core-utils/target/classes/com/youzan/pay/unified/cashier/core/utils/SignCheckUtils.class], file [/Users/wulonghui/work/unified_cashier/core-model/target/classes/com/youzan/pay/unified/cashier/core/model/domain/ApiDigestLogInfo.class], file [/Users/wulonghui/work/unified_cashier/core-model/target/classes/com/youzan/pay/unified/cashier/core/model/domain/BaseMonitorLogInfo.class], file [/Users/wulonghui/work/unified_cashier/core-model/target/classes/com/youzan/pay/unified/cashier/core/model/domain/MchBizLogInfo.class], file [/Users/wulonghui/work/unified_cashier/core-model/target/classes/com/youzan/pay/unified/cashier/core/model/domain/QRCodeImage.class], URL [jar:file:/Users/wulonghui/.m2/repository/com/youzan/pay/core/core-utils/1.0.1-SNAPSHOT/core-utils-1.0.1-SNAPSHOT.jar!/com/youzan/pay/core/utils/bean/BeanConvertUtil.class], URL [jar:file:/Users/wulonghui/.m2/repository/com/youzan/pay/core/core-utils/1.0.1-SNAPSHOT/core-utils-1.0.1-SNAPSHOT.jar!/com/youzan/pay/core/utils/bean/converter/IType2ValueConverter.class], URL [jar:file:/Users/wulonghui/.m2/repository/com/youzan/pay/core/core-utils/1.0.1-SNAPSHOT/core-utils-1.0.1-SNAPSHOT.jar!/com/youzan/pay/core/utils/bean/converter/Value2ITypeConverter.class], URL [jar:file:/Users/wulonghui/.m2/repository/com/youzan/pay/core/core-utils/1.0.1-SNAPSHOT/core-utils-1.0.1-SNAPSHOT.jar!/com/youzan/pay/core/utils/bean/converter/ValueOfConverter.class], URL [jar:file:/Users/wulonghui/.m2/repository/com/youzan/pay/core/core-utils/1.0.1-SNAPSHOT/core-utils-1.0.1-SNAPSHOT.jar!/com/youzan/pay/core/utils/bean/hack/HackBeanUtilsBean.class], URL [jar:file:/Users/wulonghui/.m2/repository/com/youzan/pay/core/core-utils/1.0.1-SNAPSHOT/core-utils-1.0.1-SNAPSHOT.jar!/com/youzan/pay/core/utils/bean/hack/HackConvertUtilsBean.class], URL [jar:file:/Users/wulonghui/.m2/repository/com/youzan/pay/core/core-utils/1.0.1-SNAPSHOT/core-utils-1.0.1-SNAPSHOT.jar!/com/youzan/pay/core/utils/bean/IBeanConvert.class], URL [jar:file:/Users/wulonghui/.m2/repository/com/youzan/pay/core/core-utils/1.0.1-SNAPSHOT/core-utils-1.0.1-SNAPSHOT.jar!/com/youzan/pay/core/utils/bizcode/BizCodeUtils.class], URL [jar:file:/Users/wulonghui/.m2/repository/com/youzan/pay/core/core-utils/1.0.1-SNAPSHOT/core-utils-1.0.1-SNAPSHOT.jar!/com/youzan/pay/core/utils/bizcode/BizCodeValidate.class], URL [jar:file:/Users/wulonghui/.m2/repository/com/youzan/pay/core/core-utils/1.0.1-SNAPSHOT/core-utils-1.0.1-SNAPSHOT.jar!/com/youzan/pay/core/utils/bizcode/UnifiedBizCode.class], URL [jar:file:/Users/wulonghui/.m2/repository/com/youzan/pay/core/core-utils/1.0.1-SNAPSHOT/core-utils-1.0.1-SNAPSHOT.jar!/com/youzan/pay/core/utils/exception/ExceptionUtils.class], URL [jar:file:/Users/wulonghui/.m2/repository/com/youzan/pay/core/core-utils/1.0.1-SNAPSHOT/core-utils-1.0.1-SNAPSHOT.jar!/com/youzan/pay/core/utils/format/MsgFmtUtils.class], URL [jar:file:/Users/wulonghui/.m2/repository/com/youzan/pay/core/core-utils/1.0.1-SNAPSHOT/core-utils-1.0.1-SNAPSHOT.jar!/com/youzan/pay/core/utils/handler/Handler.class], URL [jar:file:/Users/wulonghui/.m2/repository/com/youzan/pay/core/core-utils/1.0.1-SNAPSHOT/core-utils-1.0.1-SNAPSHOT.jar!/com/youzan/pay/core/utils/handler/HandlerUtils.class], URL [jar:file:/Users/wulonghui/.m2/repository/com/youzan/pay/core/core-utils/1.0.1-SNAPSHOT/core-utils-1.0.1-SNAPSHOT.jar!/com/youzan/pay/core/utils/log/LogUtils$LogArgEntity.class], URL [jar:file:/Users/wulonghui/.m2/repository/com/youzan/pay/core/core-utils/1.0.1-SNAPSHOT/core-utils-1.0.1-SNAPSHOT.jar!/com/youzan/pay/core/utils/log/LogUtils.class], URL [jar:file:/Users/wulonghui/.m2/repository/com/youzan/pay/core/core-utils/1.0.1-SNAPSHOT/core-utils-1.0.1-SNAPSHOT.jar!/com/youzan/pay/core/utils/money/MoneyUtils.class], URL [jar:file:/Users/wulonghui/.m2/repository/com/youzan/pay/core/core-utils/1.0.1-SNAPSHOT/core-utils-1.0.1-SNAPSHOT.jar!/com/youzan/pay/core/utils/reflect/Reflections.class], URL [jar:file:/Users/wulonghui/.m2/repository/com/youzan/pay/core/core-utils/1.0.1-SNAPSHOT/core-utils-1.0.1-SNAPSHOT.jar!/com/youzan/pay/core/utils/sequence/KeyUtils.class], URL [jar:file:/Users/wulonghui/.m2/repository/com/youzan/pay/core/core-utils/1.0.1-SNAPSHOT/core-utils-1.0.1-SNAPSHOT.jar!/com/youzan/pay/core/utils/spring/SpringUtil.class], URL [jar:file:/Users/wulonghui/.m2/repository/com/youzan/pay/core/core-utils/1.0.1-SNAPSHOT/core-utils-1.0.1-SNAPSHOT.jar!/com/youzan/pay/core/utils/tracer/TracerContextUtils.class], URL [jar:file:/Users/wulonghui/.m2/repository/com/youzan/pay/core/core-utils/1.0.1-SNAPSHOT/core-utils-1.0.1-SNAPSHOT.jar!/com/youzan/pay/core/utils/validate/ValidationResult.class], URL [jar:file:/Users/wulonghui/.m2/repository/com/youzan/pay/core/core-utils/1.0.1-SNAPSHOT/core-utils-1.0.1-SNAPSHOT.jar!/com/youzan/pay/core/utils/validate/ValidationUtils.class], URL [jar:file:/Users/wulonghui/.m2/repository/com/youzan/pay/core/core-utils/1.0.1-SNAPSHOT/core-utils-1.0.1-SNAPSHOT.jar!/com/youzan/pay/core/utils/value/ValueUtils.class], URL [jar:file:/Users/wulonghui/.m2/repository/com/youzan/pay/core/core-model/1.0.1-SNAPSHOT/core-model-1.0.1-SNAPSHOT.jar!/com/youzan/pay/core/model/bean/Genericable.class], URL [jar:file:/Users/wulonghui/.m2/repository/com/youzan/pay/core/core-model/1.0.1-SNAPSHOT/core-model-1.0.1-SNAPSHOT.jar!/com/youzan/pay/core/model/expection/PayBusinessException.class], URL [jar:file:/Users/wulonghui/.m2/repository/com/youzan/pay/core/core-model/1.0.1-SNAPSHOT/core-model-1.0.1-SNAPSHOT.jar!/com/youzan/pay/core/model/expection/PayIdempotentException.class], URL [jar:file:/Users/wulonghui/.m2/repository/com/youzan/pay/core/core-model/1.0.1-SNAPSHOT/core-model-1.0.1-SNAPSHOT.jar!/com/youzan/pay/core/model/param/PageParam.class], URL [jar:file:/Users/wulonghui/.m2/repository/com/youzan/pay/core/core-model/1.0.1-SNAPSHOT/core-model-1.0.1-SNAPSHOT.jar!/com/youzan/pay/core/model/result/PageResult.class], URL [jar:file:/Users/wulonghui/.m2/repository/com/youzan/platform/bootstrap/3.0.9-RELEASE/bootstrap-3.0.9-RELEASE.jar!/com/youzan/platform/bootstrap/common/BeanFactory.class], URL [jar:file:/Users/wulonghui/.m2/repository/com/youzan/platform/bootstrap/3.0.9-RELEASE/bootstrap-3.0.9-RELEASE.jar!/com/youzan/platform/bootstrap/common/ContainerConfig.class], URL [jar:file:/Users/wulonghui/.m2/repository/com/youzan/platform/bootstrap/3.0.9-RELEASE/bootstrap-3.0.9-RELEASE.jar!/com/youzan/platform/bootstrap/container/NovaContainer.class], URL [jar:file:/Users/wulonghui/.m2/repository/com/youzan/platform/bootstrap/3.0.9-RELEASE/bootstrap-3.0.9-RELEASE.jar!/com/youzan/platform/bootstrap/example/api/Demo.class], URL [jar:file:/Users/wulonghui/.m2/repository/com/youzan/platform/bootstrap/3.0.9-RELEASE/bootstrap-3.0.9-RELEASE.jar!/com/youzan/platform/bootstrap/example/api/DemoService.class], URL [jar:file:/Users/wulonghui/.m2/repository/com/youzan/platform/bootstrap/3.0.9-RELEASE/bootstrap-3.0.9-RELEASE.jar!/com/youzan/platform/bootstrap/example/provider/DemoServiceImpl.class], URL [jar:file:/Users/wulonghui/.m2/repository/com/youzan/platform/bootstrap/3.0.9-RELEASE/bootstrap-3.0.9-RELEASE.jar!/com/youzan/platform/bootstrap/exception/BusinessException.class], URL [jar:file:/Users/wulonghui/.m2/repository/com/youzan/platform/bootstrap/3.0.9-RELEASE/bootstrap-3.0.9-RELEASE.jar!/com/youzan/platform/bootstrap/exception/SystemException.class], URL [jar:file:/Users/wulonghui/.m2/repository/com/youzan/platform/bootstrap/3.0.9-RELEASE/bootstrap-3.0.9-RELEASE.jar!/com/youzan/platform/bootstrap/hook/NovaHookServlet.class], URL [jar:file:/Users/wulonghui/.m2/repository/com/youzan/platform/bootstrap/3.0.9-RELEASE/bootstrap-3.0.9-RELEASE.jar!/com/youzan/platform/bootstrap/hook/NovaWebHookProcessor.class], URL [jar:file:/Users/wulonghui/.m2/repository/com/youzan/platform/bootstrap/3.0.9-RELEASE/bootstrap-3.0.9-RELEASE.jar!/com/youzan/platform/bootstrap/rest/extension/AbstractHandler.class], URL [jar:file:/Users/wulonghui/.m2/repository/com/youzan/platform/bootstrap/3.0.9-RELEASE/bootstrap-3.0.9-RELEASE.jar!/com/youzan/platform/bootstrap/rest/extension/CustomerJsonProvider.class], URL [jar:file:/Users/wulonghui/.m2/repository/com/youzan/platform/bootstrap/3.0.9-RELEASE/bootstrap-3.0.9-RELEASE.jar!/com/youzan/platform/bootstrap/rest/extension/RequestHandler.class], URL [jar:file:/Users/wulonghui/.m2/repository/com/youzan/platform/bootstrap/3.0.9-RELEASE/bootstrap-3.0.9-RELEASE.jar!/com/youzan/platform/bootstrap/rest/extension/ResponseHandler.class], URL [jar:file:/Users/wulonghui/.m2/repository/com/youzan/platform/bootstrap/3.0.9-RELEASE/bootstrap-3.0.9-RELEASE.jar!/com/youzan/platform/bootstrap/rest/extension/RestContext$1.class], URL [jar:file:/Users/wulonghui/.m2/repository/com/youzan/platform/bootstrap/3.0.9-RELEASE/bootstrap-3.0.9-RELEASE.jar!/com/youzan/platform/bootstrap/rest/extension/RestContext.class], URL [jar:file:/Users/wulonghui/.m2/repository/com/youzan/platform/bootstrap/3.0.9-RELEASE/bootstrap-3.0.9-RELEASE.jar!/com/youzan/platform/bootstrap/rest/extension/RestExceptionHandler.class], URL [jar:file:/Users/wulonghui/.m2/repository/com/youzan/platform/bootstrap/3.0.9-RELEASE/bootstrap-3.0.9-RELEASE.jar!/com/youzan/platform/bootstrap/rest/message/RestErrorResponse.class], URL [jar:file:/Users/wulonghui/.m2/repository/com/youzan/platform/bootstrap/3.0.9-RELEASE/bootstrap-3.0.9-RELEASE.jar!/com/youzan/platform/bootstrap/rest/message/RestResponse.class], URL [jar:file:/Users/wulonghui/.m2/repository/com/youzan/platform/bootstrap/3.0.9-RELEASE/bootstrap-3.0.9-RELEASE.jar!/com/youzan/platform/bootstrap/rest/php/CallConnectionManager.class], URL [jar:file:/Users/wulonghui/.m2/repository/com/youzan/platform/bootstrap/3.0.9-RELEASE/bootstrap-3.0.9-RELEASE.jar!/com/youzan/platform/bootstrap/rest/php/PhpResponse.class], URL [jar:file:/Users/wulonghui/.m2/repository/com/youzan/platform/bootstrap/3.0.9-RELEASE/bootstrap-3.0.9-RELEASE.jar!/com/youzan/platform/bootstrap/rest/php/PhpResponseConver.class], URL [jar:file:/Users/wulonghui/.m2/repository/com/youzan/platform/bootstrap/3.0.9-RELEASE/bootstrap-3.0.9-RELEASE.jar!/com/youzan/platform/bootstrap/rest/php/PhpService.class], URL [jar:file:/Users/wulonghui/.m2/repository/com/youzan/platform/bootstrap/3.0.9-RELEASE/bootstrap-3.0.9-RELEASE.jar!/com/youzan/platform/bootstrap/rest/php/PhpServiceConfig.class], URL [jar:file:/Users/wulonghui/.m2/repository/com/youzan/platform/bootstrap/3.0.9-RELEASE/bootstrap-3.0.9-RELEASE.jar!/com/youzan/platform/bootstrap/service/ok/impl/OkServiceImpl.class], URL [jar:file:/Users/wulonghui/.m2/repository/com/youzan/platform/bootstrap/3.0.9-RELEASE/bootstrap-3.0.9-RELEASE.jar!/com/youzan/platform/bootstrap/service/ok/OkService.class], URL [jar:file:/Users/wulonghui/.m2/repository/com/youzan/platform/bootstrap/3.0.9-RELEASE/bootstrap-3.0.9-RELEASE.jar!/com/youzan/platform/bootstrap/startup/Bootstrap.class], URL [jar:file:/Users/wulonghui/.m2/repository/com/youzan/platform/haunt-client/3.0.7-RELEASE/haunt-client-3.0.7-RELEASE.jar!/com/youzan/platform/haunt/AbsEtcdWatcher.class], URL [jar:file:/Users/wulonghui/.m2/repository/com/youzan/platform/haunt-client/3.0.7-RELEASE/haunt-client-3.0.7-RELEASE.jar!/com/youzan/platform/haunt/AbstractNode.class], URL [jar:file:/Users/wulonghui/.m2/repository/com/youzan/platform/haunt-client/3.0.7-RELEASE/haunt-client-3.0.7-RELEASE.jar!/com/youzan/platform/haunt/bean/GovernanceInfo.class], URL [jar:file:/Users/wulonghui/.m2/repository/com/youzan/platform/haunt-client/3.0.7-RELEASE/haunt-client-3.0.7-RELEASE.jar!/com/youzan/platform/haunt/bean/GovernRecoverInfo.class], URL [jar:file:/Users/wulonghui/.m2/repository/com/youzan/platform/haunt-client/3.0.7-RELEASE/haunt-client-3.0.7-RELEASE.jar!/com/youzan/platform/haunt/bean/NodeKVInfo.class], URL [jar:file:/Users/wulonghui/.m2/repository/com/youzan/platform/haunt-client/3.0.7-RELEASE/haunt-client-3.0.7-RELEASE.jar!/com/youzan/platform/haunt/cmd/Command.class], URL [jar:file:/Users/wulonghui/.m2/repository/com/youzan/platform/haunt-client/3.0.7-RELEASE/haunt-client-3.0.7-RELEASE.jar!/com/youzan/platform/haunt/cmd/CreateDirCmd.class], URL [jar:file:/Users/wulonghui/.m2/repository/com/youzan/platform/haunt-client/3.0.7-RELEASE/haunt-client-3.0.7-RELEASE.jar!/com/youzan/platform/haunt/cmd/CreateServiceNodeCmd.class], URL [jar:file:/Users/wulonghui/.m2/repository/com/youzan/platform/haunt-client/3.0.7-RELEASE/haunt-client-3.0.7-RELEASE.jar!/com/youzan/platform/haunt/cmd/DeleteDirCmd.class], URL [jar:file:/Users/wulonghui/.m2/repository/com/youzan/platform/haunt-client/3.0.7-RELEASE/haunt-client-3.0.7-RELEASE.jar!/com/youzan/platform/haunt/cmd/GetNodeInfoCmd.class], URL [jar:file:/Users/wulonghui/.m2/repository/com/youzan/platform/haunt-client/3.0.7-RELEASE/haunt-client-3.0.7-RELEASE.jar!/com/youzan/platform/haunt/cmd/ListModuleCmd.class], URL [jar:file:/Users/wulonghui/.m2/repository/com/youzan/platform/haunt-client/3.0.7-RELEASE/haunt-client-3.0.7-RELEASE.jar!/com/youzan/platform/haunt/cmd/ListRecursiveCmd.class], URL [jar:file:/Users/wulonghui/.m2/repository/com/youzan/platform/haunt-client/3.0.7-RELEASE/haunt-client-3.0.7-RELEASE.jar!/com/youzan/platform/haunt/cmd/RemoveServiceNodeCmd.class], URL [jar:file:/Users/wulonghui/.m2/repository/com/youzan/platform/haunt-client/3.0.7-RELEASE/haunt-client-3.0.7-RELEASE.jar!/com/youzan/platform/haunt/cmd/WatchCmd.class], URL [jar:file:/Users/wulonghui/.m2/repository/com/youzan/platform/haunt-client/3.0.7-RELEASE/haunt-client-3.0.7-RELEASE.jar!/com/youzan/platform/haunt/common/Constants.class], URL [jar:file:/Users/wulonghui/.m2/repository/com/youzan/platform/haunt-client/3.0.7-RELEASE/haunt-client-3.0.7-RELEASE.jar!/com/youzan/platform/haunt/common/EtcdErroCode.class], URL [jar:file:/Users/wulonghui/.m2/repository/com/youzan/platform/haunt-client/3.0.7-RELEASE/haunt-client-3.0.7-RELEASE.jar!/com/youzan/platform/haunt/common/NamedThreadFactory.class], URL [jar:file:/Users/wulonghui/.m2/repository/com/youzan/platform/haunt-client/3.0.7-RELEASE/haunt-client-3.0.7-RELEASE.jar!/com/youzan/platform/haunt/common/ParseEtcdError.class], URL [jar:file:/Users/wulonghui/.m2/repository/com/youzan/platform/haunt-client/3.0.7-RELEASE/haunt-client-3.0.7-RELEASE.jar!/com/youzan/platform/haunt/core/EtcdAgentConnectException.class], URL [jar:file:/Users/wulonghui/.m2/repository/com/youzan/platform/haunt-client/3.0.7-RELEASE/haunt-client-3.0.7-RELEASE.jar!/com/youzan/platform/haunt/core/EtcdAgentConnector.class], URL [jar:file:/Users/wulonghui/.m2/repository/com/youzan/platform/haunt-client/3.0.7-RELEASE/haunt-client-3.0.7-RELEASE.jar!/com/youzan/platform/haunt/core/EtcdConnector$1.class], URL [jar:file:/Users/wulonghui/.m2/repository/com/youzan/platform/haunt-client/3.0.7-RELEASE/haunt-client-3.0.7-RELEASE.jar!/com/youzan/platform/haunt/core/EtcdConnector$AsyncTransformation$TransformerWorker.class], URL [jar:file:/Users/wulonghui/.m2/repository/com/youzan/platform/haunt-client/3.0.7-RELEASE/haunt-client-3.0.7-RELEASE.jar!/com/youzan/platform/haunt/core/EtcdConnector$AsyncTransformation.class], URL [jar:file:/Users/wulonghui/.m2/repository/com/youzan/platform/haunt-client/3.0.7-RELEASE/haunt-client-3.0.7-RELEASE.jar!/com/youzan/platform/haunt/core/EtcdConnector$DaemonThreadFactory.class], URL [jar:file:/Users/wulonghui/.m2/repository/com/youzan/platform/haunt-client/3.0.7-RELEASE/haunt-client-3.0.7-RELEASE.jar!/com/youzan/platform/haunt/core/EtcdConnector.class], URL [jar:file:/Users/wulonghui/.m2/repository/com/youzan/platform/haunt-client/3.0.7-RELEASE/haunt-client-3.0.7-RELEASE.jar!/com/youzan/platform/haunt/core/EtcdConnectorException.class], URL [jar:file:/Users/wulonghui/.m2/repository/com/youzan/platform/haunt-client/3.0.7-RELEASE/haunt-client-3.0.7-RELEASE.jar!/com/youzan/platform/haunt/core/EtcdNode.class], URL [jar:file:/Users/wulonghui/.m2/repository/com/youzan/platform/haunt-client/3.0.7-RELEASE/haunt-client-3.0.7-RELEASE.jar!/com/youzan/platform/haunt/core/EtcdResult.class], URL [jar:file:/Users/wulonghui/.m2/repository/com/youzan/platform/haunt-client/3.0.7-RELEASE/haunt-client-3.0.7-RELEASE.jar!/com/youzan/platform/haunt/EtcdClient.class], URL [jar:file:/Users/wulonghui/.m2/repository/com/youzan/platform/haunt-client/3.0.7-RELEASE/haunt-client-3.0.7-RELEASE.jar!/com/youzan/platform/haunt/EtcdClientHandle.class], URL [jar:file:/Users/wulonghui/.m2/repository/com/youzan/platform/haunt-client/3.0.7-RELEASE/haunt-client-3.0.7-RELEASE.jar!/com/youzan/platform/haunt/EtcdDirectoryNode.class], URL [jar:file:/Users/wulonghui/.m2/repository/com/youzan/platform/haunt-client/3.0.7-RELEASE/haunt-client-3.0.7-RELEASE.jar!/com/youzan/platform/haunt/EtcdEventThread$1.class], URL [jar:file:/Users/wulonghui/.m2/repository/com/youzan/platform/haunt-client/3.0.7-RELEASE/haunt-client-3.0.7-RELEASE.jar!/com/youzan/platform/haunt/EtcdEventThread$EtcdEventThreadFactory.class], URL [jar:file:/Users/wulonghui/.m2/repository/com/youzan/platform/haunt-client/3.0.7-RELEASE/haunt-client-3.0.7-RELEASE.jar!/com/youzan/platform/haunt/EtcdEventThread.class], URL [jar:file:/Users/wulonghui/.m2/repository/com/youzan/platform/haunt-client/3.0.7-RELEASE/haunt-client-3.0.7-RELEASE.jar!/com/youzan/platform/haunt/EtcdGovernDirNode.class], URL [jar:file:/Users/wulonghui/.m2/repository/com/youzan/platform/haunt-client/3.0.7-RELEASE/haunt-client-3.0.7-RELEASE.jar!/com/youzan/platform/haunt/EtcdKeyNode.class], URL [jar:file:/Users/wulonghui/.m2/repository/com/youzan/platform/haunt-client/3.0.7-RELEASE/haunt-client-3.0.7-RELEASE.jar!/com/youzan/platform/haunt/EtcdNodeChangeExecutor$1.class], URL [jar:file:/Users/wulonghui/.m2/repository/com/youzan/platform/haunt-client/3.0.7-RELEASE/haunt-client-3.0.7-RELEASE.jar!/com/youzan/platform/haunt/EtcdNodeChangeExecutor$ValueChangeThreadFactory.class], URL [jar:file:/Users/wulonghui/.m2/repository/com/youzan/platform/haunt-client/3.0.7-RELEASE/haunt-client-3.0.7-RELEASE.jar!/com/youzan/platform/haunt/EtcdNodeChangeExecutor.class], URL [jar:file:/Users/wulonghui/.m2/repository/com/youzan/platform/haunt-client/3.0.7-RELEASE/haunt-client-3.0.7-RELEASE.jar!/com/youzan/platform/haunt/HauntClient.class], URL [jar:file:/Users/wulonghui/.m2/repository/com/youzan/platform/haunt-client/3.0.7-RELEASE/haunt-client-3.0.7-RELEASE.jar!/com/youzan/platform/haunt/HauntClientCluster.class], URL [jar:file:/Users/wulonghui/.m2/repository/com/youzan/platform/haunt-client/3.0.7-RELEASE/haunt-client-3.0.7-RELEASE.jar!/com/youzan/platform/haunt/IModuleListener.class], URL [jar:file:/Users/wulonghui/.m2/repository/com/youzan/platform/haunt-client/3.0.7-RELEASE/haunt-client-3.0.7-RELEASE.jar!/com/youzan/platform/haunt/loadbalance/AbstractLoadBalance.class], URL [jar:file:/Users/wulonghui/.m2/repository/com/youzan/platform/haunt-client/3.0.7-RELEASE/haunt-client-3.0.7-RELEASE.jar!/com/youzan/platform/haunt/loadbalance/AtomicPositiveInteger.class], URL [jar:file:/Users/wulonghui/.m2/repository/com/youzan/platform/haunt-client/3.0.7-RELEASE/haunt-client-3.0.7-RELEASE.jar!/com/youzan/platform/haunt/loadbalance/LBConfig.class], URL [jar:file:/Users/wulonghui/.m2/repository/com/youzan/platform/haunt-client/3.0.7-RELEASE/haunt-client-3.0.7-RELEASE.jar!/com/youzan/platform/haunt/loadbalance/LeastActiveLoadBalance.class], URL [jar:file:/Users/wulonghui/.m2/repository/com/youzan/platform/haunt-client/3.0.7-RELEASE/haunt-client-3.0.7-RELEASE.jar!/com/youzan/platform/haunt/loadbalance/LoadBalance.class], URL [jar:file:/Users/wulonghui/.m2/repository/com/youzan/platform/haunt-client/3.0.7-RELEASE/haunt-client-3.0.7-RELEASE.jar!/com/youzan/platform/haunt/loadbalance/LoadBalanceSelector.class], URL [jar:file:/Users/wulonghui/.m2/repository/com/youzan/platform/haunt-client/3.0.7-RELEASE/haunt-client-3.0.7-RELEASE.jar!/com/youzan/platform/haunt/loadbalance/RandomLoadBalance.class], URL [jar:file:/Users/wulonghui/.m2/repository/com/youzan/platform/haunt-client/3.0.7-RELEASE/haunt-client-3.0.7-RELEASE.jar!/com/youzan/platform/haunt/loadbalance/RoundRobinLoadBalance.class], URL [jar:file:/Users/wulonghui/.m2/repository/com/youzan/platform/haunt-client/3.0.7-RELEASE/haunt-client-3.0.7-RELEASE.jar!/com/youzan/platform/haunt/serviceExt/ContainerConfig.class], URL [jar:file:/Users/wulonghui/.m2/repository/com/youzan/platform/haunt-client/3.0.7-RELEASE/haunt-client-3.0.7-RELEASE.jar!/com/youzan/platform/haunt/serviceExt/events/EtcdRegistration.class], URL [jar:file:/Users/wulonghui/.m2/repository/com/youzan/platform/haunt-client/3.0.7-RELEASE/haunt-client-3.0.7-RELEASE.jar!/com/youzan/platform/haunt/serviceExt/events/GovernEventType.class], URL [jar:file:/Users/wulonghui/.m2/repository/com/youzan/platform/haunt-client/3.0.7-RELEASE/haunt-client-3.0.7-RELEASE.jar!/com/youzan/platform/haunt/serviceExt/NovaGovernance$1.class], URL [jar:file:/Users/wulonghui/.m2/repository/com/youzan/platform/haunt-client/3.0.7-RELEASE/haunt-client-3.0.7-RELEASE.jar!/com/youzan/platform/haunt/serviceExt/NovaGovernance$2.class], URL [jar:file:/Users/wulonghui/.m2/repository/com/youzan/platform/haunt-client/3.0.7-RELEASE/haunt-client-3.0.7-RELEASE.jar!/com/youzan/platform/haunt/serviceExt/NovaGovernance.class], URL [jar:file:/Users/wulonghui/.m2/repository/com/youzan/platform/haunt-client/3.0.7-RELEASE/haunt-client-3.0.7-RELEASE.jar!/com/youzan/platform/haunt/serviceExt/NovaGovernCache.class], URL [jar:file:/Users/wulonghui/.m2/repository/com/youzan/platform/haunt-client/3.0.7-RELEASE/haunt-client-3.0.7-RELEASE.jar!/com/youzan/platform/haunt/serviceExt/ServiceUtils.class], URL [jar:file:/Users/wulonghui/.m2/repository/com/youzan/platform/haunt-client/3.0.7-RELEASE/haunt-client-3.0.7-RELEASE.jar!/com/youzan/platform/haunt/ServiceNodeInfo.class], URL [jar:file:/Users/wulonghui/.m2/repository/com/youzan/platform/haunt-client/3.0.7-RELEASE/haunt-client-3.0.7-RELEASE.jar!/com/youzan/platform/haunt/URL.class], URL [jar:file:/Users/wulonghui/.m2/repository/com/youzan/nova/framework/framework-cat/1.0.7-RELEASE/framework-cat-1.0.7-RELEASE.jar!/com/youzan/nova/framework/cat/annotation/aop/CustomerMethodAop.class], URL [jar:file:/Users/wulonghui/.m2/repository/com/youzan/nova/framework/framework-cat/1.0.7-RELEASE/framework-cat-1.0.7-RELEASE.jar!/com/youzan/nova/framework/cat/annotation/aop/TracingAop.class], URL [jar:file:/Users/wulonghui/.m2/repository/com/youzan/nova/framework/framework-cat/1.0.7-RELEASE/framework-cat-1.0.7-RELEASE.jar!/com/youzan/nova/framework/cat/annotation/CustomerMethod.class], URL [jar:file:/Users/wulonghui/.m2/repository/com/youzan/nova/framework/framework-cat/1.0.7-RELEASE/framework-cat-1.0.7-RELEASE.jar!/com/youzan/nova/framework/cat/annotation/TracingAnnotation.class], URL [jar:file:/Users/wulonghui/.m2/repository/com/youzan/nova/framework/framework-cat/1.0.7-RELEASE/framework-cat-1.0.7-RELEASE.jar!/com/youzan/nova/framework/cat/context/MyCatContext.class], URL [jar:file:/Users/wulonghui/.m2/repository/com/youzan/nova/framework/framework-cat/1.0.7-RELEASE/framework-cat-1.0.7-RELEASE.jar!/com/youzan/nova/framework/cat/context/RpcCatContext$1.class], URL [jar:file:/Users/wulonghui/.m2/repository/com/youzan/nova/framework/framework-cat/1.0.7-RELEASE/framework-cat-1.0.7-RELEASE.jar!/com/youzan/nova/framework/cat/context/RpcCatContext.class], URL [jar:file:/Users/wulonghui/.m2/repository/com/youzan/nova/framework/framework-cat/1.0.7-RELEASE/framework-cat-1.0.7-RELEASE.jar!/com/youzan/nova/framework/cat/filter/AbstractMyCatFilter.class], URL [jar:file:/Users/wulonghui/.m2/repository/com/youzan/nova/framework/framework-cat/1.0.7-RELEASE/framework-cat-1.0.7-RELEASE.jar!/com/youzan/nova/framework/cat/filter/ConsumerCatFilter.class], URL [jar:file:/Users/wulonghui/.m2/repository/com/youzan/nova/framework/framework-cat/1.0.7-RELEASE/framework-cat-1.0.7-RELEASE.jar!/com/youzan/nova/framework/cat/filter/ProviderCatFilter.class], URL [jar:file:/Users/wulonghui/.m2/repository/com/youzan/platform/commons-util/2.0.0-SNAPSHOT/commons-util-2.0.0-SNAPSHOT.jar!/com/youzan/platform/util/json/JsonUtil.class], URL [jar:file:/Users/wulonghui/.m2/repository/com/youzan/platform/commons-util/2.0.0-SNAPSHOT/commons-util-2.0.0-SNAPSHOT.jar!/com/youzan/platform/util/lang/DateUtil.class], URL [jar:file:/Users/wulonghui/.m2/repository/com/youzan/platform/commons-util/2.0.0-SNAPSHOT/commons-util-2.0.0-SNAPSHOT.jar!/com/youzan/platform/util/lang/StringUtil.class], URL [jar:file:/Users/wulonghui/.m2/repository/com/youzan/platform/commons-util/2.0.0-SNAPSHOT/commons-util-2.0.0-SNAPSHOT.jar!/com/youzan/platform/util/net/HttpUtil.class], URL [jar:file:/Users/wulonghui/.m2/repository/com/youzan/platform/commons-util/2.0.0-SNAPSHOT/commons-util-2.0.0-SNAPSHOT.jar!/com/youzan/platform/util/security/MD5.class], URL [jar:file:/Users/wulonghui/.m2/repository/com/youzan/platform/commons-util/2.0.0-SNAPSHOT/commons-util-2.0.0-SNAPSHOT.jar!/com/youzan/platform/util/xml/XmlMapConverUtil.class], URL [jar:file:/Users/wulonghui/.m2/repository/com/alibaba/dubbo/3.0.9-RELEASE/dubbo-3.0.9-RELEASE.jar!/com/youzan/nova/framework/config/HauntIsolatorConfig.class], URL [jar:file:/Users/wulonghui/.m2/repository/com/alibaba/dubbo/3.0.9-RELEASE/dubbo-3.0.9-RELEASE.jar!/com/youzan/nova/framework/schema/HauntIsolatorParser.class], URL [jar:file:/Users/wulonghui/.m2/repository/com/alibaba/dubbo/3.0.9-RELEASE/dubbo-3.0.9-RELEASE.jar!/com/youzan/nova/framework/schema/HauntNamespaceHandler.class], URL [jar:file:/Users/wulonghui/.m2/repository/com/alibaba/dubbo/3.0.9-RELEASE/dubbo-3.0.9-RELEASE.jar!/com/youzan/nova/framework/filter/NovaThriftCheckFilter.class], URL [jar:file:/Users/wulonghui/.m2/repository/com/alibaba/dubbo/3.0.9-RELEASE/dubbo-3.0.9-RELEASE.jar!/com/youzan/nova/rpc/protocol/nova/ext/MultiServiceProcessor.class], URL [jar:file:/Users/wulonghui/.m2/repository/com/alibaba/dubbo/3.0.9-RELEASE/dubbo-3.0.9-RELEASE.jar!/com/youzan/nova/rpc/protocol/nova/io/InputStreamWrapper.class], URL [jar:file:/Users/wulonghui/.m2/repository/com/alibaba/dubbo/3.0.9-RELEASE/dubbo-3.0.9-RELEASE.jar!/com/youzan/nova/rpc/protocol/nova/io/RandomAccessByteArrayOutputStream.class], URL [jar:file:/Users/wulonghui/.m2/repository/com/alibaba/dubbo/3.0.9-RELEASE/dubbo-3.0.9-RELEASE.jar!/com/youzan/nova/rpc/protocol/nova/NovaCodec.class], URL [jar:file:/Users/wulonghui/.m2/repository/com/alibaba/dubbo/3.0.9-RELEASE/dubbo-3.0.9-RELEASE.jar!/com/youzan/nova/rpc/protocol/nova/NovaConstants.class], URL [jar:file:/Users/wulonghui/.m2/repository/com/alibaba/dubbo/3.0.9-RELEASE/dubbo-3.0.9-RELEASE.jar!/com/youzan/nova/rpc/protocol/nova/NovaInvoker.class], URL [jar:file:/Users/wulonghui/.m2/repository/com/alibaba/dubbo/3.0.9-RELEASE/dubbo-3.0.9-RELEASE.jar!/com/youzan/nova/rpc/protocol/nova/NovaLazyConnectExchangeClient.class], URL [jar:file:/Users/wulonghui/.m2/repository/com/alibaba/dubbo/3.0.9-RELEASE/dubbo-3.0.9-RELEASE.jar!/com/youzan/nova/rpc/protocol/nova/NovaProtocol$1.class], URL [jar:file:/Users/wulonghui/.m2/repository/com/alibaba/dubbo/3.0.9-RELEASE/dubbo-3.0.9-RELEASE.jar!/com/youzan/nova/rpc/protocol/nova/NovaProtocol.class], URL [jar:file:/Users/wulonghui/.m2/repository/com/alibaba/dubbo/3.0.9-RELEASE/dubbo-3.0.9-RELEASE.jar!/com/youzan/nova/rpc/protocol/nova/NovaReferCountExchangeClient.class], URL [jar:file:/Users/wulonghui/.m2/repository/com/alibaba/dubbo/3.0.9-RELEASE/dubbo-3.0.9-RELEASE.jar!/com/youzan/nova/rpc/protocol/nova/RemotingBuilder$RequestBuilder.class], URL [jar:file:/Users/wulonghui/.m2/repository/com/alibaba/dubbo/3.0.9-RELEASE/dubbo-3.0.9-RELEASE.jar!/com/youzan/nova/rpc/protocol/nova/RemotingBuilder$ResponseBuilder.class], URL [jar:file:/Users/wulonghui/.m2/repository/com/alibaba/dubbo/3.0.9-RELEASE/dubbo-3.0.9-RELEASE.jar!/com/youzan/nova/rpc/protocol/nova/RemotingBuilder.class], URL [jar:file:/Users/wulonghui/.m2/repository/com/alibaba/dubbo/3.0.9-RELEASE/dubbo-3.0.9-RELEASE.jar!/com/youzan/nova/registry/haunt/ChildListener.class], URL [jar:file:/Users/wulonghui/.m2/repository/com/alibaba/dubbo/3.0.9-RELEASE/dubbo-3.0.9-RELEASE.jar!/com/youzan/nova/registry/haunt/HauntRegistry$1.class], URL [jar:file:/Users/wulonghui/.m2/repository/com/alibaba/dubbo/3.0.9-RELEASE/dubbo-3.0.9-RELEASE.jar!/com/youzan/nova/registry/haunt/HauntRegistry.class], URL [jar:file:/Users/wulonghui/.m2/repository/com/alibaba/dubbo/3.0.9-RELEASE/dubbo-3.0.9-RELEASE.jar!/com/youzan/nova/registry/haunt/HauntRegistryContainer$1.class], URL [jar:file:/Users/wulonghui/.m2/repository/com/alibaba/dubbo/3.0.9-RELEASE/dubbo-3.0.9-RELEASE.jar!/com/youzan/nova/registry/haunt/HauntRegistryContainer$GovernEvent.class], URL [jar:file:/Users/wulonghui/.m2/repository/com/alibaba/dubbo/3.0.9-RELEASE/dubbo-3.0.9-RELEASE.jar!/com/youzan/nova/registry/haunt/HauntRegistryContainer$ProviderContainer.class], URL [jar:file:/Users/wulonghui/.m2/repository/com/alibaba/dubbo/3.0.9-RELEASE/dubbo-3.0.9-RELEASE.jar!/com/youzan/nova/registry/haunt/HauntRegistryContainer.class], URL [jar:file:/Users/wulonghui/.m2/repository/com/alibaba/dubbo/3.0.9-RELEASE/dubbo-3.0.9-RELEASE.jar!/com/youzan/nova/registry/haunt/HauntRegistryFactory.class], URL [jar:file:/Users/wulonghui/.m2/repository/com/alibaba/dubbo/3.0.9-RELEASE/dubbo-3.0.9-RELEASE.jar!/com/youzan/nova/registry/haunt/ServiceInfo.class], URL [jar:file:/Users/wulonghui/.m2/repository/com/alibaba/dubbo/3.0.9-RELEASE/dubbo-3.0.9-RELEASE.jar!/com/youzan/nova/container/hook/ExtContainerHook.class], URL [jar:file:/Users/wulonghui/.m2/repository/com/alibaba/dubbo/3.0.9-RELEASE/dubbo-3.0.9-RELEASE.jar!/com/youzan/nova/container/hook/HookContainer.class], URL [jar:file:/Users/wulonghui/.m2/repository/com/alibaba/dubbo/3.0.9-RELEASE/dubbo-3.0.9-RELEASE.jar!/com/youzan/nova/monitor/hawk/v1/HawkMonitor$1.class], URL [jar:file:/Users/wulonghui/.m2/repository/com/alibaba/dubbo/3.0.9-RELEASE/dubbo-3.0.9-RELEASE.jar!/com/youzan/nova/monitor/hawk/v1/HawkMonitor.class], URL [jar:file:/Users/wulonghui/.m2/repository/com/alibaba/dubbo/3.0.9-RELEASE/dubbo-3.0.9-RELEASE.jar!/com/youzan/nova/monitor/hawk/v1/HawkMonitorFactory.class], URL [jar:file:/Users/wulonghui/.m2/repository/com/alibaba/dubbo/3.0.9-RELEASE/dubbo-3.0.9-RELEASE.jar!/com/youzan/nova/monitor/hawk/v1/HawkService.class], URL [jar:file:/Users/wulonghui/.m2/repository/com/alibaba/dubbo/3.0.9-RELEASE/dubbo-3.0.9-RELEASE.jar!/com/youzan/nova/monitor/hawk/v1/MonitorFormat.class], URL [jar:file:/Users/wulonghui/.m2/repository/com/alibaba/dubbo/3.0.9-RELEASE/dubbo-3.0.9-RELEASE.jar!/com/youzan/nova/monitor/hawk/v1/Statistics.class], URL [jar:file:/Users/wulonghui/.m2/repository/com/alibaba/dubbo/3.0.9-RELEASE/dubbo-3.0.9-RELEASE.jar!/com/youzan/nova/monitor/hawk/v2/HawkClient.class], URL [jar:file:/Users/wulonghui/.m2/repository/com/alibaba/dubbo/3.0.9-RELEASE/dubbo-3.0.9-RELEASE.jar!/com/youzan/nova/monitor/hawk/v2/HawkStatistics.class], URL [jar:file:/Users/wulonghui/.m2/repository/com/alibaba/dubbo/3.0.9-RELEASE/dubbo-3.0.9-RELEASE.jar!/com/youzan/nova/monitor/hawk/v2/MockHawkClient.class], URL [jar:file:/Users/wulonghui/.m2/repository/com/alibaba/dubbo/3.0.9-RELEASE/dubbo-3.0.9-RELEASE.jar!/com/youzan/nova/monitor/hawk/v2/SimpleHawkClient.class], URL [jar:file:/Users/wulonghui/.m2/repository/com/alibaba/dubbo/3.0.9-RELEASE/dubbo-3.0.9-RELEASE.jar!/com/youzan/nova/monitor/hawk/v2/SimpleHawkMonitor$1.class], URL [jar:file:/Users/wulonghui/.m2/repository/com/alibaba/dubbo/3.0.9-RELEASE/dubbo-3.0.9-RELEASE.jar!/com/youzan/nova/monitor/hawk/v2/SimpleHawkMonitor.class], URL [jar:file:/Users/wulonghui/.m2/repository/com/alibaba/dubbo/3.0.9-RELEASE/dubbo-3.0.9-RELEASE.jar!/com/youzan/nova/monitor/hawk/v2/SimpleHawkMonitorFactory.class], URL [jar:file:/Users/wulonghui/.m2/repository/com/youzan/lightning-sdk/0.1.1-SNAPSHOT/lightning-sdk-0.1.1-SNAPSHOT.jar!/com/youzan/lightning/sdk/adapter/Adapter.class], URL [jar:file:/Users/wulonghui/.m2/repository/com/youzan/lightning-sdk/0.1.1-SNAPSHOT/lightning-sdk-0.1.1-SNAPSHOT.jar!/com/youzan/lightning/sdk/adapter/ClientRequestAdapter.class], URL [jar:file:/Users/wulonghui/.m2/repository/com/youzan/lightning-sdk/0.1.1-SNAPSHOT/lightning-sdk-0.1.1-SNAPSHOT.jar!/com/youzan/lightning/sdk/adapter/ClientResponseAdapter$NoneClientResponseAdapter.class], URL [jar:file:/Users/wulonghui/.m2/repository/com/youzan/lightning-sdk/0.1.1-SNAPSHOT/lightning-sdk-0.1.1-SNAPSHOT.jar!/com/youzan/lightning/sdk/adapter/ClientResponseAdapter.class], URL [jar:file:/Users/wulonghui/.m2/repository/com/youzan/lightning-sdk/0.1.1-SNAPSHOT/lightning-sdk-0.1.1-SNAPSHOT.jar!/com/youzan/lightning/sdk/adapter/ServerRequestAdapter.class], URL [jar:file:/Users/wulonghui/.m2/repository/com/youzan/lightning-sdk/0.1.1-SNAPSHOT/lightning-sdk-0.1.1-SNAPSHOT.jar!/com/youzan/lightning/sdk/adapter/ServerResponseAdapter$NoneServerResponseAdapter.class], URL [jar:file:/Users/wulonghui/.m2/repository/com/youzan/lightning-sdk/0.1.1-SNAPSHOT/lightning-sdk-0.1.1-SNAPSHOT.jar!/com/youzan/lightning/sdk/adapter/ServerResponseAdapter.class], URL [jar:file:/Users/wulonghui/.m2/repository/com/youzan/lightning-sdk/0.1.1-SNAPSHOT/lightning-sdk-0.1.1-SNAPSHOT.jar!/com/youzan/lightning/sdk/Application.class], URL [jar:file:/Users/wulonghui/.m2/repository/com/youzan/lightning-sdk/0.1.1-SNAPSHOT/lightning-sdk-0.1.1-SNAPSHOT.jar!/com/youzan/lightning/sdk/ApplicationType.class], URL [jar:file:/Users/wulonghui/.m2/repository/com/youzan/lightning-sdk/0.1.1-SNAPSHOT/lightning-sdk-0.1.1-SNAPSHOT.jar!/com/youzan/lightning/sdk/ClientTracer$ClientTracerBuilder.class], URL [jar:file:/Users/wulonghui/.m2/repository/com/youzan/lightning-sdk/0.1.1-SNAPSHOT/lightning-sdk-0.1.1-SNAPSHOT.jar!/com/youzan/lightning/sdk/ClientTracer.class], URL [jar:file:/Users/wulonghui/.m2/repository/com/youzan/lightning-sdk/0.1.1-SNAPSHOT/lightning-sdk-0.1.1-SNAPSHOT.jar!/com/youzan/lightning/sdk/context/ClientSpanContext.class], URL [jar:file:/Users/wulonghui/.m2/repository/com/youzan/lightning-sdk/0.1.1-SNAPSHOT/lightning-sdk-0.1.1-SNAPSHOT.jar!/com/youzan/lightning/sdk/context/LightningContext.class], URL [jar:file:/Users/wulonghui/.m2/repository/com/youzan/lightning-sdk/0.1.1-SNAPSHOT/lightning-sdk-0.1.1-SNAPSHOT.jar!/com/youzan/lightning/sdk/context/LocalSpanContext.class], URL [jar:file:/Users/wulonghui/.m2/repository/com/youzan/lightning-sdk/0.1.1-SNAPSHOT/lightning-sdk-0.1.1-SNAPSHOT.jar!/com/youzan/lightning/sdk/context/NamedThreadLocal.class], URL [jar:file:/Users/wulonghui/.m2/repository/com/youzan/lightning-sdk/0.1.1-SNAPSHOT/lightning-sdk-0.1.1-SNAPSHOT.jar!/com/youzan/lightning/sdk/context/ServerSpan.class], URL [jar:file:/Users/wulonghui/.m2/repository/com/youzan/lightning-sdk/0.1.1-SNAPSHOT/lightning-sdk-0.1.1-SNAPSHOT.jar!/com/youzan/lightning/sdk/context/ServerSpanContext.class], URL [jar:file:/Users/wulonghui/.m2/repository/com/youzan/lightning-sdk/0.1.1-SNAPSHOT/lightning-sdk-0.1.1-SNAPSHOT.jar!/com/youzan/lightning/sdk/context/ThreadLocalContext.class], URL [jar:file:/Users/wulonghui/.m2/repository/com/youzan/lightning-sdk/0.1.1-SNAPSHOT/lightning-sdk-0.1.1-SNAPSHOT.jar!/com/youzan/lightning/sdk/DefaultRandomIDGenerator.class], URL [jar:file:/Users/wulonghui/.m2/repository/com/youzan/lightning-sdk/0.1.1-SNAPSHOT/lightning-sdk-0.1.1-SNAPSHOT.jar!/com/youzan/lightning/sdk/Endpoint.class], URL [jar:file:/Users/wulonghui/.m2/repository/com/youzan/lightning-sdk/0.1.1-SNAPSHOT/lightning-sdk-0.1.1-SNAPSHOT.jar!/com/youzan/lightning/sdk/IDGenerator.class], URL [jar:file:/Users/wulonghui/.m2/repository/com/youzan/lightning-sdk/0.1.1-SNAPSHOT/lightning-sdk-0.1.1-SNAPSHOT.jar!/com/youzan/lightning/sdk/interceptor/ClientRequestInterceptor.class], URL [jar:file:/Users/wulonghui/.m2/repository/com/youzan/lightning-sdk/0.1.1-SNAPSHOT/lightning-sdk-0.1.1-SNAPSHOT.jar!/com/youzan/lightning/sdk/interceptor/ClientResponseInterceptor.class], URL [jar:file:/Users/wulonghui/.m2/repository/com/youzan/lightning-sdk/0.1.1-SNAPSHOT/lightning-sdk-0.1.1-SNAPSHOT.jar!/com/youzan/lightning/sdk/interceptor/Interceptor.class], URL [jar:file:/Users/wulonghui/.m2/repository/com/youzan/lightning-sdk/0.1.1-SNAPSHOT/lightning-sdk-0.1.1-SNAPSHOT.jar!/com/youzan/lightning/sdk/interceptor/ServerRequestInterceptor.class], URL [jar:file:/Users/wulonghui/.m2/repository/com/youzan/lightning-sdk/0.1.1-SNAPSHOT/lightning-sdk-0.1.1-SNAPSHOT.jar!/com/youzan/lightning/sdk/interceptor/ServerResponseInterceptor.class], URL [jar:file:/Users/wulonghui/.m2/repository/com/youzan/lightning-sdk/0.1.1-SNAPSHOT/lightning-sdk-0.1.1-SNAPSHOT.jar!/com/youzan/lightning/sdk/Lightning$Builder.class], URL [jar:file:/Users/wulonghui/.m2/repository/com/youzan/lightning-sdk/0.1.1-SNAPSHOT/lightning-sdk-0.1.1-SNAPSHOT.jar!/com/youzan/lightning/sdk/Lightning.class], URL [jar:file:/Users/wulonghui/.m2/repository/com/youzan/lightning-sdk/0.1.1-SNAPSHOT/lightning-sdk-0.1.1-SNAPSHOT.jar!/com/youzan/lightning/sdk/LoggingSpanCollector.class], URL [jar:file:/Users/wulonghui/.m2/repository/com/youzan/lightning-sdk/0.1.1-SNAPSHOT/lightning-sdk-0.1.1-SNAPSHOT.jar!/com/youzan/lightning/sdk/protocol/Constants.class], URL [jar:file:/Users/wulonghui/.m2/repository/com/youzan/lightning-sdk/0.1.1-SNAPSHOT/lightning-sdk-0.1.1-SNAPSHOT.jar!/com/youzan/lightning/sdk/protocol/Span$BinAnnotation.class], URL [jar:file:/Users/wulonghui/.m2/repository/com/youzan/lightning-sdk/0.1.1-SNAPSHOT/lightning-sdk-0.1.1-SNAPSHOT.jar!/com/youzan/lightning/sdk/protocol/Span.class], URL [jar:file:/Users/wulonghui/.m2/repository/com/youzan/lightning-sdk/0.1.1-SNAPSHOT/lightning-sdk-0.1.1-SNAPSHOT.jar!/com/youzan/lightning/sdk/ServerTracer$ServerTracerBuilder.class], URL [jar:file:/Users/wulonghui/.m2/repository/com/youzan/lightning-sdk/0.1.1-SNAPSHOT/lightning-sdk-0.1.1-SNAPSHOT.jar!/com/youzan/lightning/sdk/ServerTracer.class], URL [jar:file:/Users/wulonghui/.m2/repository/com/youzan/lightning-sdk/0.1.1-SNAPSHOT/lightning-sdk-0.1.1-SNAPSHOT.jar!/com/youzan/lightning/sdk/SpanAndEndpoint$ClientSpanAndEndPoint.class], URL [jar:file:/Users/wulonghui/.m2/repository/com/youzan/lightning-sdk/0.1.1-SNAPSHOT/lightning-sdk-0.1.1-SNAPSHOT.jar!/com/youzan/lightning/sdk/SpanAndEndpoint$ServerSpanAndEndPoint.class], URL [jar:file:/Users/wulonghui/.m2/repository/com/youzan/lightning-sdk/0.1.1-SNAPSHOT/lightning-sdk-0.1.1-SNAPSHOT.jar!/com/youzan/lightning/sdk/SpanAndEndpoint.class], URL [jar:file:/Users/wulonghui/.m2/repository/com/youzan/lightning-sdk/0.1.1-SNAPSHOT/lightning-sdk-0.1.1-SNAPSHOT.jar!/com/youzan/lightning/sdk/SpanCollector.class], URL [jar:file:/Users/wulonghui/.m2/repository/com/youzan/lightning-sdk/0.1.1-SNAPSHOT/lightning-sdk-0.1.1-SNAPSHOT.jar!/com/youzan/lightning/sdk/SpanId.class], URL [jar:file:/Users/wulonghui/.m2/repository/com/youzan/lightning-sdk/0.1.1-SNAPSHOT/lightning-sdk-0.1.1-SNAPSHOT.jar!/com/youzan/lightning/sdk/Submitter$1.class], URL [jar:file:/Users/wulonghui/.m2/repository/com/youzan/lightning-sdk/0.1.1-SNAPSHOT/lightning-sdk-0.1.1-SNAPSHOT.jar!/com/youzan/lightning/sdk/Submitter$AnnotationSubmitterImpl.class], URL [jar:file:/Users/wulonghui/.m2/repository/com/youzan/lightning-sdk/0.1.1-SNAPSHOT/lightning-sdk-0.1.1-SNAPSHOT.jar!/com/youzan/lightning/sdk/Submitter.class], URL [jar:file:/Users/wulonghui/.m2/repository/com/youzan/platform/track-appender/2.3/track-appender-2.3.jar!/com/youzan/track/appender/BaseAppender.class], URL [jar:file:/Users/wulonghui/.m2/repository/com/youzan/platform/track-appender/2.3/track-appender-2.3.jar!/com/youzan/track/appender/entity/Error.class], URL [jar:file:/Users/wulonghui/.m2/repository/com/youzan/platform/track-appender/2.3/track-appender-2.3.jar!/com/youzan/track/appender/entity/LogData.class], URL [jar:file:/Users/wulonghui/.m2/repository/com/youzan/platform/track-appender/2.3/track-appender-2.3.jar!/com/youzan/track/appender/entity/LogDataDetail.class], URL [jar:file:/Users/wulonghui/.m2/repository/com/youzan/platform/track-appender/2.3/track-appender-2.3.jar!/com/youzan/track/appender/entity/LogType.class], URL [jar:file:/Users/wulonghui/.m2/repository/com/youzan/platform/track-appender/2.3/track-appender-2.3.jar!/com/youzan/track/appender/entity/Topic.class], URL [jar:file:/Users/wulonghui/.m2/repository/com/youzan/platform/track-appender/2.3/track-appender-2.3.jar!/com/youzan/track/appender/FrameworkAppender.class], URL [jar:file:/Users/wulonghui/.m2/repository/com/youzan/platform/track-appender/2.3/track-appender-2.3.jar!/com/youzan/track/appender/NullAppender.class], URL [jar:file:/Users/wulonghui/.m2/repository/com/youzan/platform/track-appender/2.3/track-appender-2.3.jar!/com/youzan/track/appender/PersistenceAppender.class], URL [jar:file:/Users/wulonghui/.m2/repository/com/youzan/platform/track-appender/2.3/track-appender-2.3.jar!/com/youzan/track/appender/sender/TrackSender.class], URL [jar:file:/Users/wulonghui/.m2/repository/com/youzan/platform/track-appender/2.3/track-appender-2.3.jar!/com/youzan/track/appender/sender/TrackTask.class], URL [jar:file:/Users/wulonghui/.m2/repository/com/youzan/platform/track-appender/2.3/track-appender-2.3.jar!/com/youzan/track/appender/sender/TrackTCPSender$1.class], URL [jar:file:/Users/wulonghui/.m2/repository/com/youzan/platform/track-appender/2.3/track-appender-2.3.jar!/com/youzan/track/appender/sender/TrackTCPSender.class], URL [jar:file:/Users/wulonghui/.m2/repository/com/youzan/platform/track-appender/2.3/track-appender-2.3.jar!/com/youzan/track/appender/sender/TrackThreadFactory.class], URL [jar:file:/Users/wulonghui/.m2/repository/com/youzan/platform/track-appender/2.3/track-appender-2.3.jar!/com/youzan/track/appender/sender/TrackUDPSender$1.class], URL [jar:file:/Users/wulonghui/.m2/repository/com/youzan/platform/track-appender/2.3/track-appender-2.3.jar!/com/youzan/track/appender/sender/TrackUDPSender.class], URL [jar:file:/Users/wulonghui/.m2/repository/com/youzan/platform/track-appender/2.3/track-appender-2.3.jar!/com/youzan/track/appender/SoaAppender.class], URL [jar:file:/Users/wulonghui/.m2/repository/com/youzan/platform/track-appender/2.3/track-appender-2.3.jar!/com/youzan/track/appender/TrackAppender.class], URL [jar:file:/Users/wulonghui/.m2/repository/com/youzan/platform/track-appender/2.3/track-appender-2.3.jar!/com/youzan/track/appender/util/Config.class], URL [jar:file:/Users/wulonghui/.m2/repository/com/youzan/pay/assetcenter.api/0.0.9-20170817-SNAPSHOT/assetcenter.api-0.0.9-20170817-SNAPSHOT.jar!/com/youzan/pay/assetcenter/api/AcquireOrderQueryService.class], URL [jar:file:/Users/wulonghui/.m2/repository/com/youzan/pay/assetcenter.api/0.0.9-20170817-SNAPSHOT/assetcenter.api-0.0.9-20170817-SNAPSHOT.jar!/com/youzan/pay/assetcenter/api/AcquireOrderService.class], URL [jar:file:/Users/wulonghui/.m2/repository/com/youzan/pay/assetcenter.api/0.0.9-20170817-SNAPSHOT/assetcenter.api-0.0.9-20170817-SNAPSHOT.jar!/com/youzan/pay/assetcenter/api/AcquireRefundService.class], URL [jar:file:/Users/wulonghui/.m2/repository/com/youzan/pay/assetcenter.api/0.0.9-20170817-SNAPSHOT/assetcenter.api-0.0.9-20170817-SNAPSHOT.jar!/com/youzan/pay/assetcenter/api/AcquireWithdrawService.class], URL [jar:file:/Users/wulonghui/.m2/repository/com/youzan/pay/assetcenter.api/0.0.9-20170817-SNAPSHOT/assetcenter.api-0.0.9-20170817-SNAPSHOT.jar!/com/youzan/pay/assetcenter/api/enums/AcquireQueryStatus.class], URL [jar:file:/Users/wulonghui/.m2/repository/com/youzan/pay/assetcenter.api/0.0.9-20170817-SNAPSHOT/assetcenter.api-0.0.9-20170817-SNAPSHOT.jar!/com/youzan/pay/assetcenter/api/enums/BizActionEnum.class], URL [jar:file:/Users/wulonghui/.m2/repository/com/youzan/pay/assetcenter.api/0.0.9-20170817-SNAPSHOT/assetcenter.api-0.0.9-20170817-SNAPSHOT.jar!/com/youzan/pay/assetcenter/api/enums/BizModeEnum.class], URL [jar:file:/Users/wulonghui/.m2/repository/com/youzan/pay/assetcenter.api/0.0.9-20170817-SNAPSHOT/assetcenter.api-0.0.9-20170817-SNAPSHOT.jar!/com/youzan/pay/assetcenter/api/enums/BizProdEnum.class], URL [jar:file:/Users/wulonghui/.m2/repository/com/youzan/pay/assetcenter.api/0.0.9-20170817-SNAPSHOT/assetcenter.api-0.0.9-20170817-SNAPSHOT.jar!/com/youzan/pay/assetcenter/api/enums/CardRechargeStatus.class], URL [jar:file:/Users/wulonghui/.m2/repository/com/youzan/pay/assetcenter.api/0.0.9-20170817-SNAPSHOT/assetcenter.api-0.0.9-20170817-SNAPSHOT.jar!/com/youzan/pay/assetcenter/api/enums/EnvEnum.class], URL [jar:file:/Users/wulonghui/.m2/repository/com/youzan/pay/assetcenter.api/0.0.9-20170817-SNAPSHOT/assetcenter.api-0.0.9-20170817-SNAPSHOT.jar!/com/youzan/pay/assetcenter/api/enums/ErrorEnum.class], URL [jar:file:/Users/wulonghui/.m2/repository/com/youzan/pay/assetcenter.api/0.0.9-20170817-SNAPSHOT/assetcenter.api-0.0.9-20170817-SNAPSHOT.jar!/com/youzan/pay/assetcenter/api/enums/InstAccountTypeEnum.class], URL [jar:file:/Users/wulonghui/.m2/repository/com/youzan/pay/assetcenter.api/0.0.9-20170817-SNAPSHOT/assetcenter.api-0.0.9-20170817-SNAPSHOT.jar!/com/youzan/pay/assetcenter/api/enums/PayTagEnum.class], URL [jar:file:/Users/wulonghui/.m2/repository/com/youzan/pay/assetcenter.api/0.0.9-20170817-SNAPSHOT/assetcenter.api-0.0.9-20170817-SNAPSHOT.jar!/com/youzan/pay/assetcenter/api/enums/RechargePayStatus.class], URL [jar:file:/Users/wulonghui/.m2/repository/com/youzan/pay/assetcenter.api/0.0.9-20170817-SNAPSHOT/assetcenter.api-0.0.9-20170817-SNAPSHOT.jar!/com/youzan/pay/assetcenter/api/enums/RechargePayType.class], URL [jar:file:/Users/wulonghui/.m2/repository/com/youzan/pay/assetcenter.api/0.0.9-20170817-SNAPSHOT/assetcenter.api-0.0.9-20170817-SNAPSHOT.jar!/com/youzan/pay/assetcenter/api/enums/RefundResultEnum.class], URL [jar:file:/Users/wulonghui/.m2/repository/com/youzan/pay/assetcenter.api/0.0.9-20170817-SNAPSHOT/assetcenter.api-0.0.9-20170817-SNAPSHOT.jar!/com/youzan/pay/assetcenter/api/enums/WithdrawResultEnum.class], URL [jar:file:/Users/wulonghui/.m2/repository/com/youzan/pay/assetcenter.api/0.0.9-20170817-SNAPSHOT/assetcenter.api-0.0.9-20170817-SNAPSHOT.jar!/com/youzan/pay/assetcenter/api/HeartBeatService.class], URL [jar:file:/Users/wulonghui/.m2/repository/com/youzan/pay/assetcenter.api/0.0.9-20170817-SNAPSHOT/assetcenter.api-0.0.9-20170817-SNAPSHOT.jar!/com/youzan/pay/assetcenter/api/nsq/model/AcqSettleEvent.class], URL [jar:file:/Users/wulonghui/.m2/repository/com/youzan/pay/assetcenter.api/0.0.9-20170817-SNAPSHOT/assetcenter.api-0.0.9-20170817-SNAPSHOT.jar!/com/youzan/pay/assetcenter/api/nsq/model/CardRechargeResultMsg.class], URL [jar:file:/Users/wulonghui/.m2/repository/com/youzan/pay/assetcenter.api/0.0.9-20170817-SNAPSHOT/assetcenter.api-0.0.9-20170817-SNAPSHOT.jar!/com/youzan/pay/assetcenter/api/nsq/model/NsqEntity.class], URL [jar:file:/Users/wulonghui/.m2/repository/com/youzan/pay/assetcenter.api/0.0.9-20170817-SNAPSHOT/assetcenter.api-0.0.9-20170817-SNAPSHOT.jar!/com/youzan/pay/assetcenter/api/nsq/model/RechargeNotifyMessage.class], URL [jar:file:/Users/wulonghui/.m2/repository/com/youzan/pay/assetcenter.api/0.0.9-20170817-SNAPSHOT/assetcenter.api-0.0.9-20170817-SNAPSHOT.jar!/com/youzan/pay/assetcenter/api/nsq/model/RefundNsqMessage.class], URL [jar:file:/Users/wulonghui/.m2/repository/com/youzan/pay/assetcenter.api/0.0.9-20170817-SNAPSHOT/assetcenter.api-0.0.9-20170817-SNAPSHOT.jar!/com/youzan/pay/assetcenter/api/nsq/model/UniformPayEvent.class], URL [jar:file:/Users/wulonghui/.m2/repository/com/youzan/pay/assetcenter.api/0.0.9-20170817-SNAPSHOT/assetcenter.api-0.0.9-20170817-SNAPSHOT.jar!/com/youzan/pay/assetcenter/api/nsq/model/WithdrawNsqMessage.class], URL [jar:file:/Users/wulonghui/.m2/repository/com/youzan/pay/assetcenter.api/0.0.9-20170817-SNAPSHOT/assetcenter.api-0.0.9-20170817-SNAPSHOT.jar!/com/youzan/pay/assetcenter/api/RechargeService.class], URL [jar:file:/Users/wulonghui/.m2/repository/com/youzan/pay/assetcenter.api/0.0.9-20170817-SNAPSHOT/assetcenter.api-0.0.9-20170817-SNAPSHOT.jar!/com/youzan/pay/assetcenter/api/RecoveryService.class], URL [jar:file:/Users/wulonghui/.m2/repository/com/youzan/pay/assetcenter.api/0.0.9-20170817-SNAPSHOT/assetcenter.api-0.0.9-20170817-SNAPSHOT.jar!/com/youzan/pay/assetcenter/api/RecoveryWatchmanService.class], URL [jar:file:/Users/wulonghui/.m2/repository/com/youzan/pay/assetcenter.api/0.0.9-20170817-SNAPSHOT/assetcenter.api-0.0.9-20170817-SNAPSHOT.jar!/com/youzan/pay/assetcenter/api/RefundCheckWatchManService.class], URL [jar:file:/Users/wulonghui/.m2/repository/com/youzan/pay/assetcenter.api/0.0.9-20170817-SNAPSHOT/assetcenter.api-0.0.9-20170817-SNAPSHOT.jar!/com/youzan/pay/assetcenter/api/request/AbstractBaseRequest.class], URL [jar:file:/Users/wulonghui/.m2/repository/com/youzan/pay/assetcenter.api/0.0.9-20170817-SNAPSHOT/assetcenter.api-0.0.9-20170817-SNAPSHOT.jar!/com/youzan/pay/assetcenter/api/request/AssetPayDetailRequest.class], URL [jar:file:/Users/wulonghui/.m2/repository/com/youzan/pay/assetcenter.api/0.0.9-20170817-SNAPSHOT/assetcenter.api-0.0.9-20170817-SNAPSHOT.jar!/com/youzan/pay/assetcenter/api/request/BatchRefundRequest.class], URL [jar:file:/Users/wulonghui/.m2/repository/com/youzan/pay/assetcenter.api/0.0.9-20170817-SNAPSHOT/assetcenter.api-0.0.9-20170817-SNAPSHOT.jar!/com/youzan/pay/assetcenter/api/request/ChangePriceRequest.class], URL [jar:file:/Users/wulonghui/.m2/repository/com/youzan/pay/assetcenter.api/0.0.9-20170817-SNAPSHOT/assetcenter.api-0.0.9-20170817-SNAPSHOT.jar!/com/youzan/pay/assetcenter/api/request/CreateAcquireRequest.class], URL [jar:file:/Users/wulonghui/.m2/repository/com/youzan/pay/assetcenter.api/0.0.9-20170817-SNAPSHOT/assetcenter.api-0.0.9-20170817-SNAPSHOT.jar!/com/youzan/pay/assetcenter/api/request/group/AliPayWapGroup.class], URL [jar:file:/Users/wulonghui/.m2/repository/com/youzan/pay/assetcenter.api/0.0.9-20170817-SNAPSHOT/assetcenter.api-0.0.9-20170817-SNAPSHOT.jar!/com/youzan/pay/assetcenter/api/request/group/BarcodeGroup.class], URL [jar:file:/Users/wulonghui/.m2/repository/com/youzan/pay/assetcenter.api/0.0.9-20170817-SNAPSHOT/assetcenter.api-0.0.9-20170817-SNAPSHOT.jar!/com/youzan/pay/assetcenter/api/request/group/ValueCardPayGroup.class], URL [jar:file:/Users/wulonghui/.m2/repository/com/youzan/pay/assetcenter.api/0.0.9-20170817-SNAPSHOT/assetcenter.api-0.0.9-20170817-SNAPSHOT.jar!/com/youzan/pay/assetcenter/api/request/group/ValueCardRechargeGroup.class], URL [jar:file:/Users/wulonghui/.m2/repository/com/youzan/pay/assetcenter.api/0.0.9-20170817-SNAPSHOT/assetcenter.api-0.0.9-20170817-SNAPSHOT.jar!/com/youzan/pay/assetcenter/api/request/group/WxJSPayGroup.class], URL [jar:file:/Users/wulonghui/.m2/repository/com/youzan/pay/assetcenter.api/0.0.9-20170817-SNAPSHOT/assetcenter.api-0.0.9-20170817-SNAPSHOT.jar!/com/youzan/pay/assetcenter/api/request/group/YzUserGroup.class], URL [jar:file:/Users/wulonghui/.m2/repository/com/youzan/pay/assetcenter.api/0.0.9-20170817-SNAPSHOT/assetcenter.api-0.0.9-20170817-SNAPSHOT.jar!/com/youzan/pay/assetcenter/api/request/group/YzUserTokenGroup.class], URL [jar:file:/Users/wulonghui/.m2/repository/com/youzan/pay/assetcenter.api/0.0.9-20170817-SNAPSHOT/assetcenter.api-0.0.9-20170817-SNAPSHOT.jar!/com/youzan/pay/assetcenter/api/request/model/PayDetailInfo.class], URL [jar:file:/Users/wulonghui/.m2/repository/com/youzan/pay/assetcenter.api/0.0.9-20170817-SNAPSHOT/assetcenter.api-0.0.9-20170817-SNAPSHOT.jar!/com/youzan/pay/assetcenter/api/request/model/TradingInfo.class], URL [jar:file:/Users/wulonghui/.m2/repository/com/youzan/pay/assetcenter.api/0.0.9-20170817-SNAPSHOT/assetcenter.api-0.0.9-20170817-SNAPSHOT.jar!/com/youzan/pay/assetcenter/api/request/MultiPayRequest.class], URL [jar:file:/Users/wulonghui/.m2/repository/com/youzan/pay/assetcenter.api/0.0.9-20170817-SNAPSHOT/assetcenter.api-0.0.9-20170817-SNAPSHOT.jar!/com/youzan/pay/assetcenter/api/request/PayNotifyRequest.class], URL [jar:file:/Users/wulonghui/.m2/repository/com/youzan/pay/assetcenter.api/0.0.9-20170817-SNAPSHOT/assetcenter.api-0.0.9-20170817-SNAPSHOT.jar!/com/youzan/pay/assetcenter/api/request/PayRequest.class], URL [jar:file:/Users/wulonghui/.m2/repository/com/youzan/pay/assetcenter.api/0.0.9-20170817-SNAPSHOT/assetcenter.api-0.0.9-20170817-SNAPSHOT.jar!/com/youzan/pay/assetcenter/api/request/QueryAcquireRequest.class], URL [jar:file:/Users/wulonghui/.m2/repository/com/youzan/pay/assetcenter.api/0.0.9-20170817-SNAPSHOT/assetcenter.api-0.0.9-20170817-SNAPSHOT.jar!/com/youzan/pay/assetcenter/api/request/QueryRefundRequest.class], URL [jar:file:/Users/wulonghui/.m2/repository/com/youzan/pay/assetcenter.api/0.0.9-20170817-SNAPSHOT/assetcenter.api-0.0.9-20170817-SNAPSHOT.jar!/com/youzan/pay/assetcenter/api/request/QueryRefundRequestV2.class], URL [jar:file:/Users/wulonghui/.m2/repository/com/youzan/pay/assetcenter.api/0.0.9-20170817-SNAPSHOT/assetcenter.api-0.0.9-20170817-SNAPSHOT.jar!/com/youzan/pay/assetcenter/api/request/RechargeOrderCreatingRequest.class], URL [jar:file:/Users/wulonghui/.m2/repository/com/youzan/pay/assetcenter.api/0.0.9-20170817-SNAPSHOT/assetcenter.api-0.0.9-20170817-SNAPSHOT.jar!/com/youzan/pay/assetcenter/api/request/RechargePayRequest.class], URL [jar:file:/Users/wulonghui/.m2/repository/com/youzan/pay/assetcenter.api/0.0.9-20170817-SNAPSHOT/assetcenter.api-0.0.9-20170817-SNAPSHOT.jar!/com/youzan/pay/assetcenter/api/request/RefundRequest.class], URL [jar:file:/Users/wulonghui/.m2/repository/com/youzan/pay/assetcenter.api/0.0.9-20170817-SNAPSHOT/assetcenter.api-0.0.9-20170817-SNAPSHOT.jar!/com/youzan/pay/assetcenter/api/request/RevokeRequest.class], URL [jar:file:/Users/wulonghui/.m2/repository/com/youzan/pay/assetcenter.api/0.0.9-20170817-SNAPSHOT/assetcenter.api-0.0.9-20170817-SNAPSHOT.jar!/com/youzan/pay/assetcenter/api/request/SinglePayRequest.class], URL [jar:file:/Users/wulonghui/.m2/repository/com/youzan/pay/assetcenter.api/0.0.9-20170817-SNAPSHOT/assetcenter.api-0.0.9-20170817-SNAPSHOT.jar!/com/youzan/pay/assetcenter/api/request/UnifiedOrderCreatingRequest.class], URL [jar:file:/Users/wulonghui/.m2/repository/com/youzan/pay/assetcenter.api/0.0.9-20170817-SNAPSHOT/assetcenter.api-0.0.9-20170817-SNAPSHOT.jar!/com/youzan/pay/assetcenter/api/request/UnifiedOrderQueryRequest.class], URL [jar:file:/Users/wulonghui/.m2/repository/com/youzan/pay/assetcenter.api/0.0.9-20170817-SNAPSHOT/assetcenter.api-0.0.9-20170817-SNAPSHOT.jar!/com/youzan/pay/assetcenter/api/request/UnifiedOrderSettleRequest.class], URL [jar:file:/Users/wulonghui/.m2/repository/com/youzan/pay/assetcenter.api/0.0.9-20170817-SNAPSHOT/assetcenter.api-0.0.9-20170817-SNAPSHOT.jar!/com/youzan/pay/assetcenter/api/request/WithdrawCustQueryRequest.class], URL [jar:file:/Users/wulonghui/.m2/repository/com/youzan/pay/assetcenter.api/0.0.9-20170817-SNAPSHOT/assetcenter.api-0.0.9-20170817-SNAPSHOT.jar!/com/youzan/pay/assetcenter/api/request/WithdrawRequest.class], URL [jar:file:/Users/wulonghui/.m2/repository/com/youzan/pay/assetcenter.api/0.0.9-20170817-SNAPSHOT/assetcenter.api-0.0.9-20170817-SNAPSHOT.jar!/com/youzan/pay/assetcenter/api/request/WithdrawSingleQueryRequest.class], URL [jar:file:/Users/wulonghui/.m2/repository/com/youzan/pay/assetcenter.api/0.0.9-20170817-SNAPSHOT/assetcenter.api-0.0.9-20170817-SNAPSHOT.jar!/com/youzan/pay/assetcenter/api/response/BaseResponse.class], URL [jar:file:/Users/wulonghui/.m2/repository/com/youzan/pay/assetcenter.api/0.0.9-20170817-SNAPSHOT/assetcenter.api-0.0.9-20170817-SNAPSHOT.jar!/com/youzan/pay/assetcenter/api/response/Response.class], URL [jar:file:/Users/wulonghui/.m2/repository/com/youzan/pay/assetcenter.api/0.0.9-20170817-SNAPSHOT/assetcenter.api-0.0.9-20170817-SNAPSHOT.jar!/com/youzan/pay/assetcenter/api/result/AssetPayDetailItem.class], URL [jar:file:/Users/wulonghui/.m2/repository/com/youzan/pay/assetcenter.api/0.0.9-20170817-SNAPSHOT/assetcenter.api-0.0.9-20170817-SNAPSHOT.jar!/com/youzan/pay/assetcenter/api/result/BasePayResult.class], URL [jar:file:/Users/wulonghui/.m2/repository/com/youzan/pay/assetcenter.api/0.0.9-20170817-SNAPSHOT/assetcenter.api-0.0.9-20170817-SNAPSHOT.jar!/com/youzan/pay/assetcenter/api/result/ChangePriceResult.class], URL [jar:file:/Users/wulonghui/.m2/repository/com/youzan/pay/assetcenter.api/0.0.9-20170817-SNAPSHOT/assetcenter.api-0.0.9-20170817-SNAPSHOT.jar!/com/youzan/pay/assetcenter/api/result/CommonResult.class], URL [jar:file:/Users/wulonghui/.m2/repository/com/youzan/pay/assetcenter.api/0.0.9-20170817-SNAPSHOT/assetcenter.api-0.0.9-20170817-SNAPSHOT.jar!/com/youzan/pay/assetcenter/api/result/CreateAcquireResult.class], URL [jar:file:/Users/wulonghui/.m2/repository/com/youzan/pay/assetcenter.api/0.0.9-20170817-SNAPSHOT/assetcenter.api-0.0.9-20170817-SNAPSHOT.jar!/com/youzan/pay/assetcenter/api/result/model/PayDetailResult.class], URL [jar:file:/Users/wulonghui/.m2/repository/com/youzan/pay/assetcenter.api/0.0.9-20170817-SNAPSHOT/assetcenter.api-0.0.9-20170817-SNAPSHOT.jar!/com/youzan/pay/assetcenter/api/result/MultiPayResult.class], URL [jar:file:/Users/wulonghui/.m2/repository/com/youzan/pay/assetcenter.api/0.0.9-20170817-SNAPSHOT/assetcenter.api-0.0.9-20170817-SNAPSHOT.jar!/com/youzan/pay/assetcenter/api/result/PageResult.class], URL [jar:file:/Users/wulonghui/.m2/repository/com/youzan/pay/assetcenter.api/0.0.9-20170817-SNAPSHOT/assetcenter.api-0.0.9-20170817-SNAPSHOT.jar!/com/youzan/pay/assetcenter/api/result/PayResult.class], URL [jar:file:/Users/wulonghui/.m2/repository/com/youzan/pay/assetcenter.api/0.0.9-20170817-SNAPSHOT/assetcenter.api-0.0.9-20170817-SNAPSHOT.jar!/com/youzan/pay/assetcenter/api/result/PayToolItem.class], URL [jar:file:/Users/wulonghui/.m2/repository/com/youzan/pay/assetcenter.api/0.0.9-20170817-SNAPSHOT/assetcenter.api-0.0.9-20170817-SNAPSHOT.jar!/com/youzan/pay/assetcenter/api/result/QueryAcquireResult.class], URL [jar:file:/Users/wulonghui/.m2/repository/com/youzan/pay/assetcenter.api/0.0.9-20170817-SNAPSHOT/assetcenter.api-0.0.9-20170817-SNAPSHOT.jar!/com/youzan/pay/assetcenter/api/result/QueryRefundResult.class], URL [jar:file:/Users/wulonghui/.m2/repository/com/youzan/pay/assetcenter.api/0.0.9-20170817-SNAPSHOT/assetcenter.api-0.0.9-20170817-SNAPSHOT.jar!/com/youzan/pay/assetcenter/api/result/RechargeOrderCreatingResult.class], URL [jar:file:/Users/wulonghui/.m2/repository/com/youzan/pay/assetcenter.api/0.0.9-20170817-SNAPSHOT/assetcenter.api-0.0.9-20170817-SNAPSHOT.jar!/com/youzan/pay/assetcenter/api/result/RechargePayResult.class], URL [jar:file:/Users/wulonghui/.m2/repository/com/youzan/pay/assetcenter.api/0.0.9-20170817-SNAPSHOT/assetcenter.api-0.0.9-20170817-SNAPSHOT.jar!/com/youzan/pay/assetcenter/api/result/RefundApplyResult.class], URL [jar:file:/Users/wulonghui/.m2/repository/com/youzan/pay/assetcenter.api/0.0.9-20170817-SNAPSHOT/assetcenter.api-0.0.9-20170817-SNAPSHOT.jar!/com/youzan/pay/assetcenter/api/result/RefundResult.class], URL [jar:file:/Users/wulonghui/.m2/repository/com/youzan/pay/assetcenter.api/0.0.9-20170817-SNAPSHOT/assetcenter.api-0.0.9-20170817-SNAPSHOT.jar!/com/youzan/pay/assetcenter/api/result/RevokeResult.class], URL [jar:file:/Users/wulonghui/.m2/repository/com/youzan/pay/assetcenter.api/0.0.9-20170817-SNAPSHOT/assetcenter.api-0.0.9-20170817-SNAPSHOT.jar!/com/youzan/pay/assetcenter/api/result/SinglePayResult.class], URL [jar:file:/Users/wulonghui/.m2/repository/com/youzan/pay/assetcenter.api/0.0.9-20170817-SNAPSHOT/assetcenter.api-0.0.9-20170817-SNAPSHOT.jar!/com/youzan/pay/assetcenter/api/result/UnifiedOrderBaseResult.class], URL [jar:file:/Users/wulonghui/.m2/repository/com/youzan/pay/assetcenter.api/0.0.9-20170817-SNAPSHOT/assetcenter.api-0.0.9-20170817-SNAPSHOT.jar!/com/youzan/pay/assetcenter/api/result/UnifiedOrderCreatingResult.class], URL [jar:file:/Users/wulonghui/.m2/repository/com/youzan/pay/assetcenter.api/0.0.9-20170817-SNAPSHOT/assetcenter.api-0.0.9-20170817-SNAPSHOT.jar!/com/youzan/pay/assetcenter/api/result/UnifiedOrderQueryResult.class], URL [jar:file:/Users/wulonghui/.m2/repository/com/youzan/pay/assetcenter.api/0.0.9-20170817-SNAPSHOT/assetcenter.api-0.0.9-20170817-SNAPSHOT.jar!/com/youzan/pay/assetcenter/api/result/UnifiedOrderSettleResult.class], URL [jar:file:/Users/wulonghui/.m2/repository/com/youzan/pay/assetcenter.api/0.0.9-20170817-SNAPSHOT/assetcenter.api-0.0.9-20170817-SNAPSHOT.jar!/com/youzan/pay/assetcenter/api/result/WithdrawApplyResult.class], URL [jar:file:/Users/wulonghui/.m2/repository/com/youzan/pay/assetcenter.api/0.0.9-20170817-SNAPSHOT/assetcenter.api-0.0.9-20170817-SNAPSHOT.jar!/com/youzan/pay/assetcenter/api/result/WithdrawCustQueryResult.class], URL [jar:file:/Users/wulonghui/.m2/repository/com/youzan/pay/assetcenter.api/0.0.9-20170817-SNAPSHOT/assetcenter.api-0.0.9-20170817-SNAPSHOT.jar!/com/youzan/pay/assetcenter/api/result/WithdrawSingleQueryResult.class], URL [jar:file:/Users/wulonghui/.m2/repository/com/youzan/pay/assetcenter.api/0.0.9-20170817-SNAPSHOT/assetcenter.api-0.0.9-20170817-SNAPSHOT.jar!/com/youzan/pay/assetcenter/api/UnifiedOrderQueryService.class], URL [jar:file:/Users/wulonghui/.m2/repository/com/youzan/pay/assetcenter.api/0.0.9-20170817-SNAPSHOT/assetcenter.api-0.0.9-20170817-SNAPSHOT.jar!/com/youzan/pay/assetcenter/api/UnifiedOrderService.class], URL [jar:file:/Users/wulonghui/.m2/repository/com/youzan/pay/assetcenter.api/0.0.9-20170817-SNAPSHOT/assetcenter.api-0.0.9-20170817-SNAPSHOT.jar!/com/youzan/pay/assetcenter/api/UnifiedPayService.class], URL [jar:file:/Users/wulonghui/.m2/repository/com/youzan/pay/assetcenter.spi/0.0.9-20170817-SNAPSHOT/assetcenter.spi-0.0.9-20170817-SNAPSHOT.jar!/com/youzan/pay/assetcenter/service/spi/BalancePayToolSpi.class], URL [jar:file:/Users/wulonghui/.m2/repository/com/youzan/pay/assetcenter.spi/0.0.9-20170817-SNAPSHOT/assetcenter.spi-0.0.9-20170817-SNAPSHOT.jar!/com/youzan/pay/assetcenter/service/spi/CardPayToolSpi.class], URL [jar:file:/Users/wulonghui/.m2/repository/com/youzan/pay/assetcenter.spi/0.0.9-20170817-SNAPSHOT/assetcenter.spi-0.0.9-20170817-SNAPSHOT.jar!/com/youzan/pay/assetcenter/service/spi/constants/EnvironmentConstants.class], URL [jar:file:/Users/wulonghui/.m2/repository/com/youzan/pay/assetcenter.spi/0.0.9-20170817-SNAPSHOT/assetcenter.spi-0.0.9-20170817-SNAPSHOT.jar!/com/youzan/pay/assetcenter/service/spi/constants/ErrorConstants.class], URL [jar:file:/Users/wulonghui/.m2/repository/com/youzan/pay/assetcenter.spi/0.0.9-20170817-SNAPSHOT/assetcenter.spi-0.0.9-20170817-SNAPSHOT.jar!/com/youzan/pay/assetcenter/service/spi/constants/ExtraKeyConstants.class], URL [jar:file:/Users/wulonghui/.m2/repository/com/youzan/pay/assetcenter.spi/0.0.9-20170817-SNAPSHOT/assetcenter.spi-0.0.9-20170817-SNAPSHOT.jar!/com/youzan/pay/assetcenter/service/spi/constants/PayChannelApiConstants.class], URL [jar:file:/Users/wulonghui/.m2/repository/com/youzan/pay/assetcenter.spi/0.0.9-20170817-SNAPSHOT/assetcenter.spi-0.0.9-20170817-SNAPSHOT.jar!/com/youzan/pay/assetcenter/service/spi/ECardPayToolSpi.class], URL [jar:file:/Users/wulonghui/.m2/repository/com/youzan/pay/assetcenter.spi/0.0.9-20170817-SNAPSHOT/assetcenter.spi-0.0.9-20170817-SNAPSHOT.jar!/com/youzan/pay/assetcenter/service/spi/enums/AccountOperateResultCode.class], URL [jar:file:/Users/wulonghui/.m2/repository/com/youzan/pay/assetcenter.spi/0.0.9-20170817-SNAPSHOT/assetcenter.spi-0.0.9-20170817-SNAPSHOT.jar!/com/youzan/pay/assetcenter/service/spi/enums/CurrencyCode.class], URL [jar:file:/Users/wulonghui/.m2/repository/com/youzan/pay/assetcenter.spi/0.0.9-20170817-SNAPSHOT/assetcenter.spi-0.0.9-20170817-SNAPSHOT.jar!/com/youzan/pay/assetcenter/service/spi/enums/PayToolPayStatus.class], URL [jar:file:/Users/wulonghui/.m2/repository/com/youzan/pay/assetcenter.spi/0.0.9-20170817-SNAPSHOT/assetcenter.spi-0.0.9-20170817-SNAPSHOT.jar!/com/youzan/pay/assetcenter/service/spi/enums/PayToolRefundStatus.class], URL [jar:file:/Users/wulonghui/.m2/repository/com/youzan/pay/assetcenter.spi/0.0.9-20170817-SNAPSHOT/assetcenter.spi-0.0.9-20170817-SNAPSHOT.jar!/com/youzan/pay/assetcenter/service/spi/enums/PayToolRevokeStatus.class], URL [jar:file:/Users/wulonghui/.m2/repository/com/youzan/pay/assetcenter.spi/0.0.9-20170817-SNAPSHOT/assetcenter.spi-0.0.9-20170817-SNAPSHOT.jar!/com/youzan/pay/assetcenter/service/spi/enums/PayToolTypeEnum.class], URL [jar:file:/Users/wulonghui/.m2/repository/com/youzan/pay/assetcenter.spi/0.0.9-20170817-SNAPSHOT/assetcenter.spi-0.0.9-20170817-SNAPSHOT.jar!/com/youzan/pay/assetcenter/service/spi/enums/PayToolWithdrawStatus.class], URL [jar:file:/Users/wulonghui/.m2/repository/com/youzan/pay/assetcenter.spi/0.0.9-20170817-SNAPSHOT/assetcenter.spi-0.0.9-20170817-SNAPSHOT.jar!/com/youzan/pay/assetcenter/service/spi/PayToolStandardSpi.class], URL [jar:file:/Users/wulonghui/.m2/repository/com/youzan/pay/assetcenter.spi/0.0.9-20170817-SNAPSHOT/assetcenter.spi-0.0.9-20170817-SNAPSHOT.jar!/com/youzan/pay/assetcenter/service/spi/PayToolWithdrawSpi.class], URL [jar:file:/Users/wulonghui/.m2/repository/com/youzan/pay/assetcenter.spi/0.0.9-20170817-SNAPSHOT/assetcenter.spi-0.0.9-20170817-SNAPSHOT.jar!/com/youzan/pay/assetcenter/service/spi/PrepaidPayToolSpi.class], URL [jar:file:/Users/wulonghui/.m2/repository/com/youzan/pay/assetcenter.spi/0.0.9-20170817-SNAPSHOT/assetcenter.spi-0.0.9-20170817-SNAPSHOT.jar!/com/youzan/pay/assetcenter/service/spi/request/BaseRequest.class], URL [jar:file:/Users/wulonghui/.m2/repository/com/youzan/pay/assetcenter.spi/0.0.9-20170817-SNAPSHOT/assetcenter.spi-0.0.9-20170817-SNAPSHOT.jar!/com/youzan/pay/assetcenter/service/spi/request/Money.class], URL [jar:file:/Users/wulonghui/.m2/repository/com/youzan/pay/assetcenter.spi/0.0.9-20170817-SNAPSHOT/assetcenter.spi-0.0.9-20170817-SNAPSHOT.jar!/com/youzan/pay/assetcenter/service/spi/request/PayToolPayQueryRequest.class], URL [jar:file:/Users/wulonghui/.m2/repository/com/youzan/pay/assetcenter.spi/0.0.9-20170817-SNAPSHOT/assetcenter.spi-0.0.9-20170817-SNAPSHOT.jar!/com/youzan/pay/assetcenter/service/spi/request/PayToolPayRequest.class], URL [jar:file:/Users/wulonghui/.m2/repository/com/youzan/pay/assetcenter.spi/0.0.9-20170817-SNAPSHOT/assetcenter.spi-0.0.9-20170817-SNAPSHOT.jar!/com/youzan/pay/assetcenter/service/spi/request/PayToolRefundQueryRequest.class], URL [jar:file:/Users/wulonghui/.m2/repository/com/youzan/pay/assetcenter.spi/0.0.9-20170817-SNAPSHOT/assetcenter.spi-0.0.9-20170817-SNAPSHOT.jar!/com/youzan/pay/assetcenter/service/spi/request/PayToolRefundRequest.class], URL [jar:file:/Users/wulonghui/.m2/repository/com/youzan/pay/assetcenter.spi/0.0.9-20170817-SNAPSHOT/assetcenter.spi-0.0.9-20170817-SNAPSHOT.jar!/com/youzan/pay/assetcenter/service/spi/request/PayToolRevokeRequest.class], URL [jar:file:/Users/wulonghui/.m2/repository/com/youzan/pay/assetcenter.spi/0.0.9-20170817-SNAPSHOT/assetcenter.spi-0.0.9-20170817-SNAPSHOT.jar!/com/youzan/pay/assetcenter/service/spi/request/PayToolWithdrawQueryRequest.class], URL [jar:file:/Users/wulonghui/.m2/repository/com/youzan/pay/assetcenter.spi/0.0.9-20170817-SNAPSHOT/assetcenter.spi-0.0.9-20170817-SNAPSHOT.jar!/com/youzan/pay/assetcenter/service/spi/request/PayToolWithdrawRequest$ExtentionKey.class], URL [jar:file:/Users/wulonghui/.m2/repository/com/youzan/pay/assetcenter.spi/0.0.9-20170817-SNAPSHOT/assetcenter.spi-0.0.9-20170817-SNAPSHOT.jar!/com/youzan/pay/assetcenter/service/spi/request/PayToolWithdrawRequest.class], URL [jar:file:/Users/wulonghui/.m2/repository/com/youzan/pay/assetcenter.spi/0.0.9-20170817-SNAPSHOT/assetcenter.spi-0.0.9-20170817-SNAPSHOT.jar!/com/youzan/pay/assetcenter/service/spi/request/TraceContext.class], URL [jar:file:/Users/wulonghui/.m2/repository/com/youzan/pay/assetcenter.spi/0.0.9-20170817-SNAPSHOT/assetcenter.spi-0.0.9-20170817-SNAPSHOT.jar!/com/youzan/pay/assetcenter/service/spi/Result/AccountOperationResult.class], URL [jar:file:/Users/wulonghui/.m2/repository/com/youzan/pay/assetcenter.spi/0.0.9-20170817-SNAPSHOT/assetcenter.spi-0.0.9-20170817-SNAPSHOT.jar!/com/youzan/pay/assetcenter/service/spi/Result/AccountResult.class], URL [jar:file:/Users/wulonghui/.m2/repository/com/youzan/pay/assetcenter.spi/0.0.9-20170817-SNAPSHOT/assetcenter.spi-0.0.9-20170817-SNAPSHOT.jar!/com/youzan/pay/assetcenter/service/spi/Result/BaseResult.class], URL [jar:file:/Users/wulonghui/.m2/repository/com/youzan/pay/assetcenter.spi/0.0.9-20170817-SNAPSHOT/assetcenter.spi-0.0.9-20170817-SNAPSHOT.jar!/com/youzan/pay/assetcenter/service/spi/Result/CommonError.class], URL [jar:file:/Users/wulonghui/.m2/repository/com/youzan/pay/assetcenter.spi/0.0.9-20170817-SNAPSHOT/assetcenter.spi-0.0.9-20170817-SNAPSHOT.jar!/com/youzan/pay/assetcenter/service/spi/Result/ErrorContext.class], URL [jar:file:/Users/wulonghui/.m2/repository/com/youzan/pay/assetcenter.spi/0.0.9-20170817-SNAPSHOT/assetcenter.spi-0.0.9-20170817-SNAPSHOT.jar!/com/youzan/pay/assetcenter/service/spi/Result/HttpResult.class], URL [jar:file:/Users/wulonghui/.m2/repository/com/youzan/pay/assetcenter.spi/0.0.9-20170817-SNAPSHOT/assetcenter.spi-0.0.9-20170817-SNAPSHOT.jar!/com/youzan/pay/assetcenter/service/spi/Result/MircoAccountResult.class], URL [jar:file:/Users/wulonghui/.m2/repository/com/youzan/pay/assetcenter.spi/0.0.9-20170817-SNAPSHOT/assetcenter.spi-0.0.9-20170817-SNAPSHOT.jar!/com/youzan/pay/assetcenter/service/spi/Result/PayToolPayResult.class], URL [jar:file:/Users/wulonghui/.m2/repository/com/youzan/pay/assetcenter.spi/0.0.9-20170817-SNAPSHOT/assetcenter.spi-0.0.9-20170817-SNAPSHOT.jar!/com/youzan/pay/assetcenter/service/spi/Result/PayToolRefundQueryResult.class], URL [jar:file:/Users/wulonghui/.m2/repository/com/youzan/pay/assetcenter.spi/0.0.9-20170817-SNAPSHOT/assetcenter.spi-0.0.9-20170817-SNAPSHOT.jar!/com/youzan/pay/assetcenter/service/spi/Result/PayToolRefundResult.class], URL [jar:file:/Users/wulonghui/.m2/repository/com/youzan/pay/assetcenter.spi/0.0.9-20170817-SNAPSHOT/assetcenter.spi-0.0.9-20170817-SNAPSHOT.jar!/com/youzan/pay/assetcenter/service/spi/Result/PayToolRevokeResult.class], URL [jar:file:/Users/wulonghui/.m2/repository/com/youzan/pay/assetcenter.spi/0.0.9-20170817-SNAPSHOT/assetcenter.spi-0.0.9-20170817-SNAPSHOT.jar!/com/youzan/pay/assetcenter/service/spi/Result/PayToolWithdrawResult.class], URL [jar:file:/Users/wulonghui/.m2/repository/com/youzan/pay/assetcenter.spi/0.0.9-20170817-SNAPSHOT/assetcenter.spi-0.0.9-20170817-SNAPSHOT.jar!/com/youzan/pay/assetcenter/service/spi/UnifiedPrepaidCardPayToolSpi.class], URL [jar:file:/Users/wulonghui/.m2/repository/com/youzan/pay/core/core-validate/1.0.2-20170515-RELEASE/core-validate-1.0.2-20170515-RELEASE.jar!/com/youzan/pay/core/validate/constraints/InEnum.class], URL [jar:file:/Users/wulonghui/.m2/repository/com/youzan/pay/core/core-validate/1.0.2-20170515-RELEASE/core-validate-1.0.2-20170515-RELEASE.jar!/com/youzan/pay/core/validate/constraints/InEnumValidator.class], URL [jar:file:/Users/wulonghui/.m2/repository/com/youzan/pay/microaccount-api/0.2.6-20170801-SNAPSHOT/microaccount-api-0.2.6-20170801-SNAPSHOT.jar!/com/youzan/pay/microaccount/prepaidcard/error/CommonError.class], URL [jar:file:/Users/wulonghui/.m2/repository/com/youzan/pay/microaccount-api/0.2.6-20170801-SNAPSHOT/microaccount-api-0.2.6-20170801-SNAPSHOT.jar!/com/youzan/pay/microaccount/prepaidcard/error/MicroAccountErrorCode.class], URL [jar:file:/Users/wulonghui/.m2/repository/com/youzan/pay/microaccount-api/0.2.6-20170801-SNAPSHOT/microaccount-api-0.2.6-20170801-SNAPSHOT.jar!/com/youzan/pay/microaccount/prepaidcard/exception/BizException.class], URL [jar:file:/Users/wulonghui/.m2/repository/com/youzan/pay/microaccount-api/0.2.6-20170801-SNAPSHOT/microaccount-api-0.2.6-20170801-SNAPSHOT.jar!/com/youzan/pay/microaccount/prepaidcard/exception/BizIdempotentException.class], URL [jar:file:/Users/wulonghui/.m2/repository/com/youzan/pay/microaccount-api/0.2.6-20170801-SNAPSHOT/microaccount-api-0.2.6-20170801-SNAPSHOT.jar!/com/youzan/pay/microaccount/prepaidcard/exception/InternalSystemException.class], URL [jar:file:/Users/wulonghui/.m2/repository/com/youzan/pay/microaccount-api/0.2.6-20170801-SNAPSHOT/microaccount-api-0.2.6-20170801-SNAPSHOT.jar!/com/youzan/pay/microaccount/prepaidcard/exception/NoRetryException.class], URL [jar:file:/Users/wulonghui/.m2/repository/com/youzan/pay/microaccount-api/0.2.6-20170801-SNAPSHOT/microaccount-api-0.2.6-20170801-SNAPSHOT.jar!/com/youzan/pay/microaccount/prepaidcard/exception/TradeBusinessException.class], URL [jar:file:/Users/wulonghui/.m2/repository/com/youzan/pay/microaccount-api/0.2.6-20170801-SNAPSHOT/microaccount-api-0.2.6-20170801-SNAPSHOT.jar!/com/youzan/pay/microaccount/prepaidcard/exception/TradeQueryException.class], URL [jar:file:/Users/wulonghui/.m2/repository/com/youzan/pay/microaccount-api/0.2.6-20170801-SNAPSHOT/microaccount-api-0.2.6-20170801-SNAPSHOT.jar!/com/youzan/pay/microaccount/prepaidcard/exception/TransferBussinessException.class], URL [jar:file:/Users/wulonghui/.m2/repository/com/youzan/pay/microaccount-api/0.2.6-20170801-SNAPSHOT/microaccount-api-0.2.6-20170801-SNAPSHOT.jar!/com/youzan/pay/microaccount/prepaidcard/params/base/ValidateParmeter.class], URL [jar:file:/Users/wulonghui/.m2/repository/com/youzan/pay/microaccount-api/0.2.6-20170801-SNAPSHOT/microaccount-api-0.2.6-20170801-SNAPSHOT.jar!/com/youzan/pay/microaccount/prepaidcard/params/PaymentParam.class], URL [jar:file:/Users/wulonghui/.m2/repository/com/youzan/pay/microaccount-api/0.2.6-20170801-SNAPSHOT/microaccount-api-0.2.6-20170801-SNAPSHOT.jar!/com/youzan/pay/microaccount/prepaidcard/params/RechargeParam.class], URL [jar:file:/Users/wulonghui/.m2/repository/com/youzan/pay/microaccount-api/0.2.6-20170801-SNAPSHOT/microaccount-api-0.2.6-20170801-SNAPSHOT.jar!/com/youzan/pay/microaccount/prepaidcard/params/RefundParam.class], URL [jar:file:/Users/wulonghui/.m2/repository/com/youzan/pay/microaccount-api/0.2.6-20170801-SNAPSHOT/microaccount-api-0.2.6-20170801-SNAPSHOT.jar!/com/youzan/pay/microaccount/prepaidcard/params/TradeExtParam.class], URL [jar:file:/Users/wulonghui/.m2/repository/com/youzan/pay/microaccount-api/0.2.6-20170801-SNAPSHOT/microaccount-api-0.2.6-20170801-SNAPSHOT.jar!/com/youzan/pay/microaccount/prepaidcard/params/TradeParam.class], URL [jar:file:/Users/wulonghui/.m2/repository/com/youzan/pay/microaccount-api/0.2.6-20170801-SNAPSHOT/microaccount-api-0.2.6-20170801-SNAPSHOT.jar!/com/youzan/pay/microaccount/prepaidcard/params/TransferParam.class], URL [jar:file:/Users/wulonghui/.m2/repository/com/youzan/pay/microaccount-api/0.2.6-20170801-SNAPSHOT/microaccount-api-0.2.6-20170801-SNAPSHOT.jar!/com/youzan/pay/microaccount/prepaidcard/result/PageResult.class], URL [jar:file:/Users/wulonghui/.m2/repository/com/youzan/pay/microaccount-api/0.2.6-20170801-SNAPSHOT/microaccount-api-0.2.6-20170801-SNAPSHOT.jar!/com/youzan/pay/microaccount/prepaidcard/result/Result.class], URL [jar:file:/Users/wulonghui/.m2/repository/com/youzan/pay/microaccount-api/0.2.6-20170801-SNAPSHOT/microaccount-api-0.2.6-20170801-SNAPSHOT.jar!/com/youzan/pay/microaccount/prepaidcard/result/TradeResult.class], URL [jar:file:/Users/wulonghui/.m2/repository/com/youzan/pay/microaccount-api/0.2.6-20170801-SNAPSHOT/microaccount-api-0.2.6-20170801-SNAPSHOT.jar!/com/youzan/pay/microaccount/prepaidcard/service/AccountService.class], URL [jar:file:/Users/wulonghui/.m2/repository/com/youzan/pay/microaccount-api/0.2.6-20170801-SNAPSHOT/microaccount-api-0.2.6-20170801-SNAPSHOT.jar!/com/youzan/pay/microaccount/prepaidcard/service/TradeService.class], URL [jar:file:/Users/wulonghui/.m2/repository/com/youzan/pay/microaccount-api/0.2.6-20170801-SNAPSHOT/microaccount-api-0.2.6-20170801-SNAPSHOT.jar!/com/youzan/pay/microaccount/prepaidcard/SpringContext/AbstractSpringContext.class], URL [jar:file:/Users/wulonghui/.m2/repository/com/youzan/pay/microaccount-api/0.2.6-20170801-SNAPSHOT/microaccount-api-0.2.6-20170801-SNAPSHOT.jar!/com/youzan/pay/microaccount/prepaidcard/taskService/TaskService.class], URL [jar:file:/Users/wulonghui/.m2/repository/com/youzan/pay/microaccount-api/0.2.6-20170801-SNAPSHOT/microaccount-api-0.2.6-20170801-SNAPSHOT.jar!/com/youzan/pay/microaccount/prepaidcard/to/AccountLogTO.class], URL [jar:file:/Users/wulonghui/.m2/repository/com/youzan/pay/microaccount-api/0.2.6-20170801-SNAPSHOT/microaccount-api-0.2.6-20170801-SNAPSHOT.jar!/com/youzan/pay/microaccount/prepaidcard/to/AccountPayTO.class], URL [jar:file:/Users/wulonghui/.m2/repository/com/youzan/pay/microaccount-api/0.2.6-20170801-SNAPSHOT/microaccount-api-0.2.6-20170801-SNAPSHOT.jar!/com/youzan/pay/microaccount/prepaidcard/to/AccountTO.class], URL [jar:file:/Users/wulonghui/.m2/repository/com/youzan/pay/microaccount-api/0.2.6-20170801-SNAPSHOT/microaccount-api-0.2.6-20170801-SNAPSHOT.jar!/com/youzan/pay/microaccount/prepaidcard/to/TradeTO.class], URL [jar:file:/Users/wulonghui/.m2/repository/com/youzan/account-api/1.1.16-RELEASE/account-api-1.1.16-RELEASE.jar!/com/youzan/account/api/AdminService.class], URL [jar:file:/Users/wulonghui/.m2/repository/com/youzan/account-api/1.1.16-RELEASE/account-api-1.1.16-RELEASE.jar!/com/youzan/account/api/CountryCodeService.class], URL [jar:file:/Users/wulonghui/.m2/repository/com/youzan/account-api/1.1.16-RELEASE/account-api-1.1.16-RELEASE.jar!/com/youzan/account/api/dto/base/BaseResult.class], URL [jar:file:/Users/wulonghui/.m2/repository/com/youzan/account-api/1.1.16-RELEASE/account-api-1.1.16-RELEASE.jar!/com/youzan/account/api/dto/base/PageResult.class], URL [jar:file:/Users/wulonghui/.m2/repository/com/youzan/account-api/1.1.16-RELEASE/account-api-1.1.16-RELEASE.jar!/com/youzan/account/api/dto/CountryCodeDto$CountryCodeDtoBuilder.class], URL [jar:file:/Users/wulonghui/.m2/repository/com/youzan/account-api/1.1.16-RELEASE/account-api-1.1.16-RELEASE.jar!/com/youzan/account/api/dto/CountryCodeDto.class], URL [jar:file:/Users/wulonghui/.m2/repository/com/youzan/account-api/1.1.16-RELEASE/account-api-1.1.16-RELEASE.jar!/com/youzan/account/api/dto/CountryCodePyDto.class], URL [jar:file:/Users/wulonghui/.m2/repository/com/youzan/account-api/1.1.16-RELEASE/account-api-1.1.16-RELEASE.jar!/com/youzan/account/api/dto/merchant/GetUserIdRequestDTO.class], URL [jar:file:/Users/wulonghui/.m2/repository/com/youzan/account-api/1.1.16-RELEASE/account-api-1.1.16-RELEASE.jar!/com/youzan/account/api/dto/merchant/GetUserIdResponseDTO.class], URL [jar:file:/Users/wulonghui/.m2/repository/com/youzan/account-api/1.1.16-RELEASE/account-api-1.1.16-RELEASE.jar!/com/youzan/account/api/dto/merchant/UserMerchantDto.class], URL [jar:file:/Users/wulonghui/.m2/repository/com/youzan/account-api/1.1.16-RELEASE/account-api-1.1.16-RELEASE.jar!/com/youzan/account/api/dto/merchant/UserMerchantDtoRequest.class], URL [jar:file:/Users/wulonghui/.m2/repository/com/youzan/account-api/1.1.16-RELEASE/account-api-1.1.16-RELEASE.jar!/com/youzan/account/api/dto/merchant/UserMerchantDtoResponse.class], URL [jar:file:/Users/wulonghui/.m2/repository/com/youzan/account-api/1.1.16-RELEASE/account-api-1.1.16-RELEASE.jar!/com/youzan/account/api/dto/merchant/UserMerchantSinleRequest.class], URL [jar:file:/Users/wulonghui/.m2/repository/com/youzan/account-api/1.1.16-RELEASE/account-api-1.1.16-RELEASE.jar!/com/youzan/account/api/dto/PlatformUserDto$DftValue.class], URL [jar:file:/Users/wulonghui/.m2/repository/com/youzan/account-api/1.1.16-RELEASE/account-api-1.1.16-RELEASE.jar!/com/youzan/account/api/dto/PlatformUserDto$PlatformUserDtoBuilder.class], URL [jar:file:/Users/wulonghui/.m2/repository/com/youzan/account-api/1.1.16-RELEASE/account-api-1.1.16-RELEASE.jar!/com/youzan/account/api/dto/PlatformUserDto.class], URL [jar:file:/Users/wulonghui/.m2/repository/com/youzan/account-api/1.1.16-RELEASE/account-api-1.1.16-RELEASE.jar!/com/youzan/account/api/dto/PlatformUserInfoDto$PlatformUserInfoDtoBuilder.class], URL [jar:file:/Users/wulonghui/.m2/repository/com/youzan/account-api/1.1.16-RELEASE/account-api-1.1.16-RELEASE.jar!/com/youzan/account/api/dto/PlatformUserInfoDto.class], URL [jar:file:/Users/wulonghui/.m2/repository/com/youzan/account-api/1.1.16-RELEASE/account-api-1.1.16-RELEASE.jar!/com/youzan/account/api/dto/ResultDto.class], URL [jar:file:/Users/wulonghui/.m2/repository/com/youzan/account-api/1.1.16-RELEASE/account-api-1.1.16-RELEASE.jar!/com/youzan/account/api/dto/UserAddressDto.class], URL [jar:file:/Users/wulonghui/.m2/repository/com/youzan/account-api/1.1.16-RELEASE/account-api-1.1.16-RELEASE.jar!/com/youzan/account/api/dto/UserContactDto$UserContactDtoBuilder.class], URL [jar:file:/Users/wulonghui/.m2/repository/com/youzan/account-api/1.1.16-RELEASE/account-api-1.1.16-RELEASE.jar!/com/youzan/account/api/dto/UserContactDto.class], URL [jar:file:/Users/wulonghui/.m2/repository/com/youzan/account-api/1.1.16-RELEASE/account-api-1.1.16-RELEASE.jar!/com/youzan/account/api/dto/UserDetailDto$UserDetailDtoBuilder.class], URL [jar:file:/Users/wulonghui/.m2/repository/com/youzan/account-api/1.1.16-RELEASE/account-api-1.1.16-RELEASE.jar!/com/youzan/account/api/dto/UserDetailDto.class], URL [jar:file:/Users/wulonghui/.m2/repository/com/youzan/account-api/1.1.16-RELEASE/account-api-1.1.16-RELEASE.jar!/com/youzan/account/api/dto/UserFansBindDto$UserFansBindDtoBuilder.class], URL [jar:file:/Users/wulonghui/.m2/repository/com/youzan/account-api/1.1.16-RELEASE/account-api-1.1.16-RELEASE.jar!/com/youzan/account/api/dto/UserFansBindDto.class], URL [jar:file:/Users/wulonghui/.m2/repository/com/youzan/account-api/1.1.16-RELEASE/account-api-1.1.16-RELEASE.jar!/com/youzan/account/api/dto/UserInfoDto$UserInfoDtoBuilder.class], URL [jar:file:/Users/wulonghui/.m2/repository/com/youzan/account-api/1.1.16-RELEASE/account-api-1.1.16-RELEASE.jar!/com/youzan/account/api/dto/UserInfoDto.class], URL [jar:file:/Users/wulonghui/.m2/repository/com/youzan/account-api/1.1.16-RELEASE/account-api-1.1.16-RELEASE.jar!/com/youzan/account/api/dto/UserLoginDto$UserLoginDtoBuilder.class], URL [jar:file:/Users/wulonghui/.m2/repository/com/youzan/account-api/1.1.16-RELEASE/account-api-1.1.16-RELEASE.jar!/com/youzan/account/api/dto/UserLoginDto.class], URL [jar:file:/Users/wulonghui/.m2/repository/com/youzan/account-api/1.1.16-RELEASE/account-api-1.1.16-RELEASE.jar!/com/youzan/account/api/dto/UserPasswordDto$UserPasswordDtoBuilder.class], URL [jar:file:/Users/wulonghui/.m2/repository/com/youzan/account-api/1.1.16-RELEASE/account-api-1.1.16-RELEASE.jar!/com/youzan/account/api/dto/UserPasswordDto.class], URL [jar:file:/Users/wulonghui/.m2/repository/com/youzan/account-api/1.1.16-RELEASE/account-api-1.1.16-RELEASE.jar!/com/youzan/account/api/dto/UserSimpleDto$UserSimpleDtoBuilder.class], URL [jar:file:/Users/wulonghui/.m2/repository/com/youzan/account-api/1.1.16-RELEASE/account-api-1.1.16-RELEASE.jar!/com/youzan/account/api/dto/UserSimpleDto.class], URL [jar:file:/Users/wulonghui/.m2/repository/com/youzan/account-api/1.1.16-RELEASE/account-api-1.1.16-RELEASE.jar!/com/youzan/account/api/dto/UserTagDictionaryDto.class], URL [jar:file:/Users/wulonghui/.m2/repository/com/youzan/account-api/1.1.16-RELEASE/account-api-1.1.16-RELEASE.jar!/com/youzan/account/api/dto/UserTagDto.class], URL [jar:file:/Users/wulonghui/.m2/repository/com/youzan/account-api/1.1.16-RELEASE/account-api-1.1.16-RELEASE.jar!/com/youzan/account/api/dto/UserTagValueDto.class], URL [jar:file:/Users/wulonghui/.m2/repository/com/youzan/account-api/1.1.16-RELEASE/account-api-1.1.16-RELEASE.jar!/com/youzan/account/api/fans/dto/FansDto$FansDtoBuilder.class], URL [jar:file:/Users/wulonghui/.m2/repository/com/youzan/account-api/1.1.16-RELEASE/account-api-1.1.16-RELEASE.jar!/com/youzan/account/api/fans/dto/FansDto.class], URL [jar:file:/Users/wulonghui/.m2/repository/com/youzan/account-api/1.1.16-RELEASE/account-api-1.1.16-RELEASE.jar!/com/youzan/account/api/fans/dto/KdtUaDto$KdtUaDtoBuilder.class], URL [jar:file:/Users/wulonghui/.m2/repository/com/youzan/account-api/1.1.16-RELEASE/account-api-1.1.16-RELEASE.jar!/com/youzan/account/api/fans/dto/KdtUaDto.class], URL [jar:file:/Users/wulonghui/.m2/repository/com/youzan/account-api/1.1.16-RELEASE/account-api-1.1.16-RELEASE.jar!/com/youzan/account/api/fans/dto/KdtUserFansDto$KdtUserFansDtoBuilder.class], URL [jar:file:/Users/wulonghui/.m2/repository/com/youzan/account-api/1.1.16-RELEASE/account-api-1.1.16-RELEASE.jar!/com/youzan/account/api/fans/dto/KdtUserFansDto.class], URL [jar:file:/Users/wulonghui/.m2/repository/com/youzan/account-api/1.1.16-RELEASE/account-api-1.1.16-RELEASE.jar!/com/youzan/account/api/fans/KdtUaService.class], URL [jar:file:/Users/wulonghui/.m2/repository/com/youzan/account-api/1.1.16-RELEASE/account-api-1.1.16-RELEASE.jar!/com/youzan/account/api/fans/KdtUserFansService.class], URL [jar:file:/Users/wulonghui/.m2/repository/com/youzan/account-api/1.1.16-RELEASE/account-api-1.1.16-RELEASE.jar!/com/youzan/account/api/PlatformUserReadService.class], URL [jar:file:/Users/wulonghui/.m2/repository/com/youzan/account-api/1.1.16-RELEASE/account-api-1.1.16-RELEASE.jar!/com/youzan/account/api/PlatformUserService.class], URL [jar:file:/Users/wulonghui/.m2/repository/com/youzan/account-api/1.1.16-RELEASE/account-api-1.1.16-RELEASE.jar!/com/youzan/account/api/PlatformUserWriteService.class], URL [jar:file:/Users/wulonghui/.m2/repository/com/youzan/account-api/1.1.16-RELEASE/account-api-1.1.16-RELEASE.jar!/com/youzan/account/api/query/base/BaseQuery.class], URL [jar:file:/Users/wulonghui/.m2/repository/com/youzan/account-api/1.1.16-RELEASE/account-api-1.1.16-RELEASE.jar!/com/youzan/account/api/query/KdtUserFansQuery$KdtUserFansQueryBuilder.class], URL [jar:file:/Users/wulonghui/.m2/repository/com/youzan/account-api/1.1.16-RELEASE/account-api-1.1.16-RELEASE.jar!/com/youzan/account/api/query/KdtUserFansQuery.class], URL [jar:file:/Users/wulonghui/.m2/repository/com/youzan/account-api/1.1.16-RELEASE/account-api-1.1.16-RELEASE.jar!/com/youzan/account/api/query/UserConditionQuery.class], URL [jar:file:/Users/wulonghui/.m2/repository/com/youzan/account-api/1.1.16-RELEASE/account-api-1.1.16-RELEASE.jar!/com/youzan/account/api/query/UserInfoQuery$UserInfoQueryBuilder.class], URL [jar:file:/Users/wulonghui/.m2/repository/com/youzan/account-api/1.1.16-RELEASE/account-api-1.1.16-RELEASE.jar!/com/youzan/account/api/query/UserInfoQuery.class], URL [jar:file:/Users/wulonghui/.m2/repository/com/youzan/account-api/1.1.16-RELEASE/account-api-1.1.16-RELEASE.jar!/com/youzan/account/api/request/CountryCodeQueryRequest.class], URL [jar:file:/Users/wulonghui/.m2/repository/com/youzan/account-api/1.1.16-RELEASE/account-api-1.1.16-RELEASE.jar!/com/youzan/account/api/UserAddressReadService.class], URL [jar:file:/Users/wulonghui/.m2/repository/com/youzan/account-api/1.1.16-RELEASE/account-api-1.1.16-RELEASE.jar!/com/youzan/account/api/UserAddressWriteService.class], URL [jar:file:/Users/wulonghui/.m2/repository/com/youzan/account-api/1.1.16-RELEASE/account-api-1.1.16-RELEASE.jar!/com/youzan/account/api/UserContactService.class], URL [jar:file:/Users/wulonghui/.m2/repository/com/youzan/account-api/1.1.16-RELEASE/account-api-1.1.16-RELEASE.jar!/com/youzan/account/api/UserMerchantService.class], URL [jar:file:/Users/wulonghui/.m2/repository/com/youzan/account-api/1.1.16-RELEASE/account-api-1.1.16-RELEASE.jar!/com/youzan/account/api/UserReadService.class], URL [jar:file:/Users/wulonghui/.m2/repository/com/youzan/account-api/1.1.16-RELEASE/account-api-1.1.16-RELEASE.jar!/com/youzan/account/api/UserTagDicWriteService.class], URL [jar:file:/Users/wulonghui/.m2/repository/com/youzan/account-api/1.1.16-RELEASE/account-api-1.1.16-RELEASE.jar!/com/youzan/account/api/UserTagReadService.class], URL [jar:file:/Users/wulonghui/.m2/repository/com/youzan/account-api/1.1.16-RELEASE/account-api-1.1.16-RELEASE.jar!/com/youzan/account/api/UserTagWriteService.class], URL [jar:file:/Users/wulonghui/.m2/repository/com/youzan/account-api/1.1.16-RELEASE/account-api-1.1.16-RELEASE.jar!/com/youzan/account/api/UserWriteService.class], URL [jar:file:/Users/wulonghui/.m2/repository/com/youzan/account-api/1.1.16-RELEASE/account-api-1.1.16-RELEASE.jar!/com/youzan/account/domain/Admin$AdminBuilder.class], URL [jar:file:/Users/wulonghui/.m2/repository/com/youzan/account-api/1.1.16-RELEASE/account-api-1.1.16-RELEASE.jar!/com/youzan/account/domain/Admin.class], URL [jar:file:/Users/wulonghui/.m2/repository/com/youzan/account-api/1.1.16-RELEASE/account-api-1.1.16-RELEASE.jar!/com/youzan/account/domain/AdminSimple$AdminSimpleBuilder.class], URL [jar:file:/Users/wulonghui/.m2/repository/com/youzan/account-api/1.1.16-RELEASE/account-api-1.1.16-RELEASE.jar!/com/youzan/account/domain/AdminSimple.class], URL [jar:file:/Users/wulonghui/.m2/repository/com/youzan/account-api/1.1.16-RELEASE/account-api-1.1.16-RELEASE.jar!/com/youzan/uic/api/common/fans/FansQueryService.class], URL [jar:file:/Users/wulonghui/.m2/repository/com/youzan/account-api/1.1.16-RELEASE/account-api-1.1.16-RELEASE.jar!/com/youzan/uic/api/dto/FansInfoDto$FansInfoDtoBuilder.class], URL [jar:file:/Users/wulonghui/.m2/repository/com/youzan/account-api/1.1.16-RELEASE/account-api-1.1.16-RELEASE.jar!/com/youzan/uic/api/dto/FansInfoDto.class], URL [jar:file:/Users/wulonghui/.m2/repository/com/youzan/account-api/1.1.16-RELEASE/account-api-1.1.16-RELEASE.jar!/com/youzan/uic/api/exception/CommonExceptionEnum.class], URL [jar:file:/Users/wulonghui/.m2/repository/com/youzan/account-api/1.1.16-RELEASE/account-api-1.1.16-RELEASE.jar!/com/youzan/uic/api/exception/KdtUserFansExceptionEnum.class], URL [jar:file:/Users/wulonghui/.m2/repository/com/youzan/account-api/1.1.16-RELEASE/account-api-1.1.16-RELEASE.jar!/com/youzan/uic/api/exception/UserAddressExceptionEnum.class], URL [jar:file:/Users/wulonghui/.m2/repository/com/youzan/account-api/1.1.16-RELEASE/account-api-1.1.16-RELEASE.jar!/com/youzan/uic/api/exception/UserExceptionEnum.class], URL [jar:file:/Users/wulonghui/.m2/repository/com/youzan/account-api/1.1.16-RELEASE/account-api-1.1.16-RELEASE.jar!/com/youzan/uic/api/exception/UserSafeCheckExceptionEnum.class], URL [jar:file:/Users/wulonghui/.m2/repository/com/youzan/account-api/1.1.16-RELEASE/account-api-1.1.16-RELEASE.jar!/com/youzan/uic/api/exception/UserSecurityExceptionEnum.class], URL [jar:file:/Users/wulonghui/.m2/repository/com/youzan/account-api/1.1.16-RELEASE/account-api-1.1.16-RELEASE.jar!/com/youzan/uic/api/exception/UserTagExceptionEnum.class], URL [jar:file:/Users/wulonghui/.m2/repository/com/youzan/account-api/1.1.16-RELEASE/account-api-1.1.16-RELEASE.jar!/com/youzan/uic/api/request/common/fans/FansQueryByFans$FansQueryByFansBuilder.class], URL [jar:file:/Users/wulonghui/.m2/repository/com/youzan/account-api/1.1.16-RELEASE/account-api-1.1.16-RELEASE.jar!/com/youzan/uic/api/request/common/fans/FansQueryByFans.class], URL [jar:file:/Users/wulonghui/.m2/repository/com/youzan/account-api/1.1.16-RELEASE/account-api-1.1.16-RELEASE.jar!/com/youzan/uic/api/request/common/fans/FansQueryByUser$FansQueryByUserBuilder.class], URL [jar:file:/Users/wulonghui/.m2/repository/com/youzan/account-api/1.1.16-RELEASE/account-api-1.1.16-RELEASE.jar!/com/youzan/uic/api/request/common/fans/FansQueryByUser.class], URL [jar:file:/Users/wulonghui/.m2/repository/com/youzan/account-api/1.1.16-RELEASE/account-api-1.1.16-RELEASE.jar!/com/youzan/uic/api/request/common/fans/FansQueryInfo$FansQueryInfoBuilder.class], URL [jar:file:/Users/wulonghui/.m2/repository/com/youzan/account-api/1.1.16-RELEASE/account-api-1.1.16-RELEASE.jar!/com/youzan/uic/api/request/common/fans/FansQueryInfo.class], URL [jar:file:/Users/wulonghui/.m2/repository/com/youzan/account-api/1.1.16-RELEASE/account-api-1.1.16-RELEASE.jar!/com/youzan/uic/api/request/common/FansPlatformType.class], URL [jar:file:/Users/wulonghui/.m2/repository/com/youzan/account-api/1.1.16-RELEASE/account-api-1.1.16-RELEASE.jar!/com/youzan/uic/api/request/QueryUserRequest$QueryUserRequestBuilder.class], URL [jar:file:/Users/wulonghui/.m2/repository/com/youzan/account-api/1.1.16-RELEASE/account-api-1.1.16-RELEASE.jar!/com/youzan/uic/api/request/QueryUserRequest.class], URL [jar:file:/Users/wulonghui/.m2/repository/com/youzan/account-api/1.1.16-RELEASE/account-api-1.1.16-RELEASE.jar!/com/youzan/uic/api/request/security/UserSecurityInfo$UserSecurityInfoBuilder.class], URL [jar:file:/Users/wulonghui/.m2/repository/com/youzan/account-api/1.1.16-RELEASE/account-api-1.1.16-RELEASE.jar!/com/youzan/uic/api/request/security/UserSecurityInfo.class], URL [jar:file:/Users/wulonghui/.m2/repository/com/youzan/account-api/1.1.16-RELEASE/account-api-1.1.16-RELEASE.jar!/com/youzan/uic/api/security/UserSecurityService.class], URL [jar:file:/Users/wulonghui/.m2/repository/com/youzan/account-api/1.1.16-RELEASE/account-api-1.1.16-RELEASE.jar!/com/youzan/uic/api/UserService.class], URL [jar:file:/Users/wulonghui/.m2/repository/com/youzan/common-model/1.0.1-SNAPSHOT/common-model-1.0.1-SNAPSHOT.jar!/com/youzan/api/common/enums/IErrorCode.class], URL [jar:file:/Users/wulonghui/.m2/repository/com/youzan/common-model/1.0.1-SNAPSHOT/common-model-1.0.1-SNAPSHOT.jar!/com/youzan/api/common/request/BaseRequest.class], URL [jar:file:/Users/wulonghui/.m2/repository/com/youzan/common-model/1.0.1-SNAPSHOT/common-model-1.0.1-SNAPSHOT.jar!/com/youzan/api/common/response/BaseResult.class], URL [jar:file:/Users/wulonghui/.m2/repository/com/youzan/common-model/1.0.1-SNAPSHOT/common-model-1.0.1-SNAPSHOT.jar!/com/youzan/api/common/response/CommonResultCode.class], URL [jar:file:/Users/wulonghui/.m2/repository/com/youzan/common-model/1.0.1-SNAPSHOT/common-model-1.0.1-SNAPSHOT.jar!/com/youzan/api/common/response/DataResult.class], URL [jar:file:/Users/wulonghui/.m2/repository/com/youzan/common-model/1.0.1-SNAPSHOT/common-model-1.0.1-SNAPSHOT.jar!/com/youzan/api/common/response/ListResult.class], URL [jar:file:/Users/wulonghui/.m2/repository/com/youzan/common-model/1.0.1-SNAPSHOT/common-model-1.0.1-SNAPSHOT.jar!/com/youzan/api/common/response/MapResult.class], URL [jar:file:/Users/wulonghui/.m2/repository/com/youzan/common-model/1.0.1-SNAPSHOT/common-model-1.0.1-SNAPSHOT.jar!/com/youzan/api/common/response/Paginator.class], URL [jar:file:/Users/wulonghui/.m2/repository/com/youzan/common-model/1.0.1-SNAPSHOT/common-model-1.0.1-SNAPSHOT.jar!/com/youzan/api/common/response/PaginatorResult.class], URL [jar:file:/Users/wulonghui/.m2/repository/com/youzan/common-model/1.0.1-SNAPSHOT/common-model-1.0.1-SNAPSHOT.jar!/com/youzan/api/common/response/PlainResult.class], URL [jar:file:/Users/wulonghui/.m2/repository/com/youzan/common-model/1.0.1-SNAPSHOT/common-model-1.0.1-SNAPSHOT.jar!/com/youzan/api/common/response/SimpleResult.class], URL [jar:file:/Users/wulonghui/.m2/repository/com/youzan/common-model/1.0.1-SNAPSHOT/common-model-1.0.1-SNAPSHOT.jar!/com/youzan/api/common/vo/ListWithPaginatorVO.class], URL [jar:file:/Users/wulonghui/.m2/repository/com/youzan/pay/fund_channel.open-api/1.0.0-20170710-RELEASE/fund_channel.open-api-1.0.0-20170710-RELEASE.jar!/com/youzan/pay/fundchannel/open/api/BankCardService.class], URL [jar:file:/Users/wulonghui/.m2/repository/com/youzan/pay/fund_channel.open-api/1.0.0-20170710-RELEASE/fund_channel.open-api-1.0.0-20170710-RELEASE.jar!/com/youzan/pay/fundchannel/open/enums/BankErrorCode.class], URL [jar:file:/Users/wulonghui/.m2/repository/com/youzan/pay/fund_channel.open-api/1.0.0-20170710-RELEASE/fund_channel.open-api-1.0.0-20170710-RELEASE.jar!/com/youzan/pay/fundchannel/open/enums/ChannelBindStatus.class], URL [jar:file:/Users/wulonghui/.m2/repository/com/youzan/pay/fund_channel.open-api/1.0.0-20170710-RELEASE/fund_channel.open-api-1.0.0-20170710-RELEASE.jar!/com/youzan/pay/fundchannel/open/enums/IdCardType.class], URL [jar:file:/Users/wulonghui/.m2/repository/com/youzan/pay/fund_channel.open-api/1.0.0-20170710-RELEASE/fund_channel.open-api-1.0.0-20170710-RELEASE.jar!/com/youzan/pay/fundchannel/open/enums/SmsType.class], URL [jar:file:/Users/wulonghui/.m2/repository/com/youzan/pay/fund_channel.open-api/1.0.0-20170710-RELEASE/fund_channel.open-api-1.0.0-20170710-RELEASE.jar!/com/youzan/pay/fundchannel/open/model/bankcard/BankBindCheckRequest.class], URL [jar:file:/Users/wulonghui/.m2/repository/com/youzan/pay/fund_channel.open-api/1.0.0-20170710-RELEASE/fund_channel.open-api-1.0.0-20170710-RELEASE.jar!/com/youzan/pay/fundchannel/open/model/bankcard/BankBindCheckResult$Result.class], URL [jar:file:/Users/wulonghui/.m2/repository/com/youzan/pay/fund_channel.open-api/1.0.0-20170710-RELEASE/fund_channel.open-api-1.0.0-20170710-RELEASE.jar!/com/youzan/pay/fundchannel/open/model/bankcard/BankBindCheckResult.class], URL [jar:file:/Users/wulonghui/.m2/repository/com/youzan/pay/fund_channel.open-api/1.0.0-20170710-RELEASE/fund_channel.open-api-1.0.0-20170710-RELEASE.jar!/com/youzan/pay/fundchannel/open/model/bankcard/BankCardCheckRequest.class], URL [jar:file:/Users/wulonghui/.m2/repository/com/youzan/pay/fund_channel.open-api/1.0.0-20170710-RELEASE/fund_channel.open-api-1.0.0-20170710-RELEASE.jar!/com/youzan/pay/fundchannel/open/model/bankcard/BankCardCheckResult.class], URL [jar:file:/Users/wulonghui/.m2/repository/com/youzan/pay/fund_channel.open-api/1.0.0-20170710-RELEASE/fund_channel.open-api-1.0.0-20170710-RELEASE.jar!/com/youzan/pay/fundchannel/open/model/bankcard/BankPayConfirmRequest$BankCardInfo.class], URL [jar:file:/Users/wulonghui/.m2/repository/com/youzan/pay/fund_channel.open-api/1.0.0-20170710-RELEASE/fund_channel.open-api-1.0.0-20170710-RELEASE.jar!/com/youzan/pay/fundchannel/open/model/bankcard/BankPayConfirmRequest.class], URL [jar:file:/Users/wulonghui/.m2/repository/com/youzan/pay/fund_channel.open-api/1.0.0-20170710-RELEASE/fund_channel.open-api-1.0.0-20170710-RELEASE.jar!/com/youzan/pay/fundchannel/open/model/bankcard/BankPayConfirmResult.class], URL [jar:file:/Users/wulonghui/.m2/repository/com/youzan/pay/fund_channel.open-api/1.0.0-20170710-RELEASE/fund_channel.open-api-1.0.0-20170710-RELEASE.jar!/com/youzan/pay/fundchannel/open/model/bankcard/SendSmsRequest.class], URL [jar:file:/Users/wulonghui/.m2/repository/com/youzan/pay/fund_channel.open-api/1.0.0-20170710-RELEASE/fund_channel.open-api-1.0.0-20170710-RELEASE.jar!/com/youzan/pay/fundchannel/open/model/bankcard/SendSmsResult.class], URL [jar:file:/Users/wulonghui/.m2/repository/com/youzan/pay/fund_channel.open-api/1.0.0-20170710-RELEASE/fund_channel.open-api-1.0.0-20170710-RELEASE.jar!/com/youzan/pay/fundchannel/open/model/BaseRequest.class], URL [jar:file:/Users/wulonghui/.m2/repository/com/youzan/pay/fund_channel.open-api/1.0.0-20170710-RELEASE/fund_channel.open-api-1.0.0-20170710-RELEASE.jar!/com/youzan/pay/fundchannel/open/model/BaseResponse.class], URL [jar:file:/Users/wulonghui/.m2/repository/com/youzan/pay/fund_channel.core-commons/1.0.0-20170710-RELEASE/fund_channel.core-commons-1.0.0-20170710-RELEASE.jar!/com/youzan/pay/fundchannel/commons/annotation/AttributeAlias.class], URL [jar:file:/Users/wulonghui/.m2/repository/com/youzan/pay/fund_channel.core-commons/1.0.0-20170710-RELEASE/fund_channel.core-commons-1.0.0-20170710-RELEASE.jar!/com/youzan/pay/fundchannel/commons/component/HttpTools.class], URL [jar:file:/Users/wulonghui/.m2/repository/com/youzan/pay/fund_channel.core-commons/1.0.0-20170710-RELEASE/fund_channel.core-commons-1.0.0-20170710-RELEASE.jar!/com/youzan/pay/fundchannel/commons/constant/GlobalConstants.class], URL [jar:file:/Users/wulonghui/.m2/repository/com/youzan/pay/fund_channel.core-commons/1.0.0-20170710-RELEASE/fund_channel.core-commons-1.0.0-20170710-RELEASE.jar!/com/youzan/pay/fundchannel/commons/enums/BankTypeEnum.class], URL [jar:file:/Users/wulonghui/.m2/repository/com/youzan/pay/fund_channel.core-commons/1.0.0-20170710-RELEASE/fund_channel.core-commons-1.0.0-20170710-RELEASE.jar!/com/youzan/pay/fundchannel/commons/enums/BaseModelStatus.class], URL [jar:file:/Users/wulonghui/.m2/repository/com/youzan/pay/fund_channel.core-commons/1.0.0-20170710-RELEASE/fund_channel.core-commons-1.0.0-20170710-RELEASE.jar!/com/youzan/pay/fundchannel/commons/enums/ChannelFeeType.class], URL [jar:file:/Users/wulonghui/.m2/repository/com/youzan/pay/fund_channel.core-commons/1.0.0-20170710-RELEASE/fund_channel.core-commons-1.0.0-20170710-RELEASE.jar!/com/youzan/pay/fundchannel/commons/enums/CommandType.class], URL [jar:file:/Users/wulonghui/.m2/repository/com/youzan/pay/fund_channel.core-commons/1.0.0-20170710-RELEASE/fund_channel.core-commons-1.0.0-20170710-RELEASE.jar!/com/youzan/pay/fundchannel/commons/enums/CurrencyCode.class], URL [jar:file:/Users/wulonghui/.m2/repository/com/youzan/pay/fund_channel.core-commons/1.0.0-20170710-RELEASE/fund_channel.core-commons-1.0.0-20170710-RELEASE.jar!/com/youzan/pay/fundchannel/commons/enums/ErrorCode.class], URL [jar:file:/Users/wulonghui/.m2/repository/com/youzan/pay/fund_channel.core-commons/1.0.0-20170710-RELEASE/fund_channel.core-commons-1.0.0-20170710-RELEASE.jar!/com/youzan/pay/fundchannel/commons/enums/ErrorType.class], URL [jar:file:/Users/wulonghui/.m2/repository/com/youzan/pay/fund_channel.core-commons/1.0.0-20170710-RELEASE/fund_channel.core-commons-1.0.0-20170710-RELEASE.jar!/com/youzan/pay/fundchannel/commons/enums/Institution.class], URL [jar:file:/Users/wulonghui/.m2/repository/com/youzan/pay/fund_channel.core-commons/1.0.0-20170710-RELEASE/fund_channel.core-commons-1.0.0-20170710-RELEASE.jar!/com/youzan/pay/fundchannel/commons/enums/InstructState.class], URL [jar:file:/Users/wulonghui/.m2/repository/com/youzan/pay/fund_channel.core-commons/1.0.0-20170710-RELEASE/fund_channel.core-commons-1.0.0-20170710-RELEASE.jar!/com/youzan/pay/fundchannel/commons/enums/PartnerCode.class], URL [jar:file:/Users/wulonghui/.m2/repository/com/youzan/pay/fund_channel.core-commons/1.0.0-20170710-RELEASE/fund_channel.core-commons-1.0.0-20170710-RELEASE.jar!/com/youzan/pay/fundchannel/commons/enums/PayChannel.class], URL [jar:file:/Users/wulonghui/.m2/repository/com/youzan/pay/fund_channel.core-commons/1.0.0-20170710-RELEASE/fund_channel.core-commons-1.0.0-20170710-RELEASE.jar!/com/youzan/pay/fundchannel/commons/enums/PayMode.class], URL [jar:file:/Users/wulonghui/.m2/repository/com/youzan/pay/fund_channel.core-commons/1.0.0-20170710-RELEASE/fund_channel.core-commons-1.0.0-20170710-RELEASE.jar!/com/youzan/pay/fundchannel/commons/enums/RedisKey$1.class], URL [jar:file:/Users/wulonghui/.m2/repository/com/youzan/pay/fund_channel.core-commons/1.0.0-20170710-RELEASE/fund_channel.core-commons-1.0.0-20170710-RELEASE.jar!/com/youzan/pay/fundchannel/commons/enums/RedisKey.class], URL [jar:file:/Users/wulonghui/.m2/repository/com/youzan/pay/fund_channel.core-commons/1.0.0-20170710-RELEASE/fund_channel.core-commons-1.0.0-20170710-RELEASE.jar!/com/youzan/pay/fundchannel/commons/enums/SelfPayTypeEnum.class], URL [jar:file:/Users/wulonghui/.m2/repository/com/youzan/pay/fund_channel.core-commons/1.0.0-20170710-RELEASE/fund_channel.core-commons-1.0.0-20170710-RELEASE.jar!/com/youzan/pay/fundchannel/commons/exception/BaseException.class], URL [jar:file:/Users/wulonghui/.m2/repository/com/youzan/pay/fund_channel.core-commons/1.0.0-20170710-RELEASE/fund_channel.core-commons-1.0.0-20170710-RELEASE.jar!/com/youzan/pay/fundchannel/commons/exception/ChannelException.class], URL [jar:file:/Users/wulonghui/.m2/repository/com/youzan/pay/fund_channel.core-commons/1.0.0-20170710-RELEASE/fund_channel.core-commons-1.0.0-20170710-RELEASE.jar!/com/youzan/pay/fundchannel/commons/exception/HttpException.class], URL [jar:file:/Users/wulonghui/.m2/repository/com/youzan/pay/fund_channel.core-commons/1.0.0-20170710-RELEASE/fund_channel.core-commons-1.0.0-20170710-RELEASE.jar!/com/youzan/pay/fundchannel/commons/exception/ServiceException.class], URL [jar:file:/Users/wulonghui/.m2/repository/com/youzan/pay/fund_channel.core-commons/1.0.0-20170710-RELEASE/fund_channel.core-commons-1.0.0-20170710-RELEASE.jar!/com/youzan/pay/fundchannel/commons/utils/AESUtils.class], URL [jar:file:/Users/wulonghui/.m2/repository/com/youzan/pay/fund_channel.core-commons/1.0.0-20170710-RELEASE/fund_channel.core-commons-1.0.0-20170710-RELEASE.jar!/com/youzan/pay/fundchannel/commons/utils/BeanUtils.class], URL [jar:file:/Users/wulonghui/.m2/repository/com/youzan/pay/fund_channel.core-commons/1.0.0-20170710-RELEASE/fund_channel.core-commons-1.0.0-20170710-RELEASE.jar!/com/youzan/pay/fundchannel/commons/utils/DateUtils.class], URL [jar:file:/Users/wulonghui/.m2/repository/com/youzan/pay/fund_channel.core-commons/1.0.0-20170710-RELEASE/fund_channel.core-commons-1.0.0-20170710-RELEASE.jar!/com/youzan/pay/fundchannel/commons/utils/GeneralUtils.class], URL [jar:file:/Users/wulonghui/.m2/repository/com/youzan/pay/fund_channel.core-commons/1.0.0-20170710-RELEASE/fund_channel.core-commons-1.0.0-20170710-RELEASE.jar!/com/youzan/pay/fundchannel/commons/utils/HexUtils.class], URL [jar:file:/Users/wulonghui/.m2/repository/com/youzan/pay/fund_channel.core-commons/1.0.0-20170710-RELEASE/fund_channel.core-commons-1.0.0-20170710-RELEASE.jar!/com/youzan/pay/fundchannel/commons/utils/JsonUtils.class], URL [jar:file:/Users/wulonghui/.m2/repository/com/youzan/pay/fund_channel.core-commons/1.0.0-20170710-RELEASE/fund_channel.core-commons-1.0.0-20170710-RELEASE.jar!/com/youzan/pay/fundchannel/commons/utils/MapConvert.class], URL [jar:file:/Users/wulonghui/.m2/repository/com/youzan/pay/fund_channel.core-commons/1.0.0-20170710-RELEASE/fund_channel.core-commons-1.0.0-20170710-RELEASE.jar!/com/youzan/pay/fundchannel/commons/utils/PreCheckUtils.class], URL [jar:file:/Users/wulonghui/.m2/repository/com/youzan/pay/fund_channel.core-commons/1.0.0-20170710-RELEASE/fund_channel.core-commons-1.0.0-20170710-RELEASE.jar!/com/youzan/pay/fundchannel/commons/utils/PropertyUtils.class], URL [jar:file:/Users/wulonghui/.m2/repository/com/youzan/pay/fund_channel.core-commons/1.0.0-20170710-RELEASE/fund_channel.core-commons-1.0.0-20170710-RELEASE.jar!/com/youzan/pay/fundchannel/commons/utils/ReflectUtil.class], URL [jar:file:/Users/wulonghui/.m2/repository/com/youzan/pay/fund_channel.core-commons/1.0.0-20170710-RELEASE/fund_channel.core-commons-1.0.0-20170710-RELEASE.jar!/com/youzan/pay/fundchannel/commons/utils/StringUtils.class], URL [jar:file:/Users/wulonghui/.m2/repository/com/youzan/pay/fund_channel.core-commons/1.0.0-20170710-RELEASE/fund_channel.core-commons-1.0.0-20170710-RELEASE.jar!/com/youzan/pay/fundchannel/commons/utils/XmlUtil$1.class], URL [jar:file:/Users/wulonghui/.m2/repository/com/youzan/pay/fund_channel.core-commons/1.0.0-20170710-RELEASE/fund_channel.core-commons-1.0.0-20170710-RELEASE.jar!/com/youzan/pay/fundchannel/commons/utils/XmlUtil$MapEntryConverter.class], URL [jar:file:/Users/wulonghui/.m2/repository/com/youzan/pay/fund_channel.core-commons/1.0.0-20170710-RELEASE/fund_channel.core-commons-1.0.0-20170710-RELEASE.jar!/com/youzan/pay/fundchannel/commons/utils/XmlUtil.class], URL [jar:file:/Users/wulonghui/.m2/repository/com/youzan/pay/core/0.2.9-20170710-RELEASE/core-0.2.9-20170710-RELEASE.jar!/com/youzan/pay/core/alarm/Alarm.class], URL [jar:file:/Users/wulonghui/.m2/repository/com/youzan/pay/core/0.2.9-20170710-RELEASE/core-0.2.9-20170710-RELEASE.jar!/com/youzan/pay/core/alarm/bean/AlarmBean.class], URL [jar:file:/Users/wulonghui/.m2/repository/com/youzan/pay/core/0.2.9-20170710-RELEASE/core-0.2.9-20170710-RELEASE.jar!/com/youzan/pay/core/alarm/bean/TimeRangeBean.class], URL [jar:file:/Users/wulonghui/.m2/repository/com/youzan/pay/core/0.2.9-20170710-RELEASE/core-0.2.9-20170710-RELEASE.jar!/com/youzan/pay/core/alarm/bean/WeixinAlarmBean.class], URL [jar:file:/Users/wulonghui/.m2/repository/com/youzan/pay/core/0.2.9-20170710-RELEASE/core-0.2.9-20170710-RELEASE.jar!/com/youzan/pay/core/alarm/helper/WeixinAlarmHelper.class], URL [jar:file:/Users/wulonghui/.m2/repository/com/youzan/pay/core/0.2.9-20170710-RELEASE/core-0.2.9-20170710-RELEASE.jar!/com/youzan/pay/core/alarm/WeixinAlarm.class], URL [jar:file:/Users/wulonghui/.m2/repository/com/youzan/pay/core/0.2.9-20170710-RELEASE/core-0.2.9-20170710-RELEASE.jar!/com/youzan/pay/core/annotation/AutoLogParams.class], URL [jar:file:/Users/wulonghui/.m2/repository/com/youzan/pay/core/0.2.9-20170710-RELEASE/core-0.2.9-20170710-RELEASE.jar!/com/youzan/pay/core/annotation/DataSourceToggle.class], URL [jar:file:/Users/wulonghui/.m2/repository/com/youzan/pay/core/0.2.9-20170710-RELEASE/core-0.2.9-20170710-RELEASE.jar!/com/youzan/pay/core/annotation/Retry.class], URL [jar:file:/Users/wulonghui/.m2/repository/com/youzan/pay/core/0.2.9-20170710-RELEASE/core-0.2.9-20170710-RELEASE.jar!/com/youzan/pay/core/annotation/Validator.class], URL [jar:file:/Users/wulonghui/.m2/repository/com/youzan/pay/core/0.2.9-20170710-RELEASE/core-0.2.9-20170710-RELEASE.jar!/com/youzan/pay/core/aspect/AutoLogParamsAspect.class], URL [jar:file:/Users/wulonghui/.m2/repository/com/youzan/pay/core/0.2.9-20170710-RELEASE/core-0.2.9-20170710-RELEASE.jar!/com/youzan/pay/core/aspect/RetryAspect.class], URL [jar:file:/Users/wulonghui/.m2/repository/com/youzan/pay/core/0.2.9-20170710-RELEASE/core-0.2.9-20170710-RELEASE.jar!/com/youzan/pay/core/bean/Account.class], URL [jar:file:/Users/wulonghui/.m2/repository/com/youzan/pay/core/0.2.9-20170710-RELEASE/core-0.2.9-20170710-RELEASE.jar!/com/youzan/pay/core/bean/Genericable.class], URL [jar:file:/Users/wulonghui/.m2/repository/com/youzan/pay/core/0.2.9-20170710-RELEASE/core-0.2.9-20170710-RELEASE.jar!/com/youzan/pay/core/bean/PageResult.class], URL [jar:file:/Users/wulonghui/.m2/repository/com/youzan/pay/core/0.2.9-20170710-RELEASE/core-0.2.9-20170710-RELEASE.jar!/com/youzan/pay/core/bean/Subjects.class], URL [jar:file:/Users/wulonghui/.m2/repository/com/youzan/pay/core/0.2.9-20170710-RELEASE/core-0.2.9-20170710-RELEASE.jar!/com/youzan/pay/core/bean/ValidationResult.class], URL [jar:file:/Users/wulonghui/.m2/repository/com/youzan/pay/core/0.2.9-20170710-RELEASE/core-0.2.9-20170710-RELEASE.jar!/com/youzan/pay/core/cache/redis/impl/RedisCacheManagerImpl.class], URL [jar:file:/Users/wulonghui/.m2/repository/com/youzan/pay/core/0.2.9-20170710-RELEASE/core-0.2.9-20170710-RELEASE.jar!/com/youzan/pay/core/cache/redis/RedisCacheManager.class], URL [jar:file:/Users/wulonghui/.m2/repository/com/youzan/pay/core/0.2.9-20170710-RELEASE/core-0.2.9-20170710-RELEASE.jar!/com/youzan/pay/core/common/SwitcherEnum.class], URL [jar:file:/Users/wulonghui/.m2/repository/com/youzan/pay/core/0.2.9-20170710-RELEASE/core-0.2.9-20170710-RELEASE.jar!/com/youzan/pay/core/common/TypeReference.class], URL [jar:file:/Users/wulonghui/.m2/repository/com/youzan/pay/core/0.2.9-20170710-RELEASE/core-0.2.9-20170710-RELEASE.jar!/com/youzan/pay/core/config/AccountCurrency.class], URL [jar:file:/Users/wulonghui/.m2/repository/com/youzan/pay/core/0.2.9-20170710-RELEASE/core-0.2.9-20170710-RELEASE.jar!/com/youzan/pay/core/config/AccountFrom.class], URL [jar:file:/Users/wulonghui/.m2/repository/com/youzan/pay/core/0.2.9-20170710-RELEASE/core-0.2.9-20170710-RELEASE.jar!/com/youzan/pay/core/config/AccountingElements$1.class], URL [jar:file:/Users/wulonghui/.m2/repository/com/youzan/pay/core/0.2.9-20170710-RELEASE/core-0.2.9-20170710-RELEASE.jar!/com/youzan/pay/core/config/AccountingElements.class], URL [jar:file:/Users/wulonghui/.m2/repository/com/youzan/pay/core/0.2.9-20170710-RELEASE/core-0.2.9-20170710-RELEASE.jar!/com/youzan/pay/core/config/AccountState.class], URL [jar:file:/Users/wulonghui/.m2/repository/com/youzan/pay/core/0.2.9-20170710-RELEASE/core-0.2.9-20170710-RELEASE.jar!/com/youzan/pay/core/config/AccountType.class], URL [jar:file:/Users/wulonghui/.m2/repository/com/youzan/pay/core/0.2.9-20170710-RELEASE/core-0.2.9-20170710-RELEASE.jar!/com/youzan/pay/core/config/Channel$Type.class], URL [jar:file:/Users/wulonghui/.m2/repository/com/youzan/pay/core/0.2.9-20170710-RELEASE/core-0.2.9-20170710-RELEASE.jar!/com/youzan/pay/core/config/Channel.class], URL [jar:file:/Users/wulonghui/.m2/repository/com/youzan/pay/core/0.2.9-20170710-RELEASE/core-0.2.9-20170710-RELEASE.jar!/com/youzan/pay/core/config/CharsetEnum.class], URL [jar:file:/Users/wulonghui/.m2/repository/com/youzan/pay/core/0.2.9-20170710-RELEASE/core-0.2.9-20170710-RELEASE.jar!/com/youzan/pay/core/config/Currency.class], URL [jar:file:/Users/wulonghui/.m2/repository/com/youzan/pay/core/0.2.9-20170710-RELEASE/core-0.2.9-20170710-RELEASE.jar!/com/youzan/pay/core/config/DebitCredit.class], URL [jar:file:/Users/wulonghui/.m2/repository/com/youzan/pay/core/0.2.9-20170710-RELEASE/core-0.2.9-20170710-RELEASE.jar!/com/youzan/pay/core/config/InOut.class], URL [jar:file:/Users/wulonghui/.m2/repository/com/youzan/pay/core/0.2.9-20170710-RELEASE/core-0.2.9-20170710-RELEASE.jar!/com/youzan/pay/core/config/MerchType.class], URL [jar:file:/Users/wulonghui/.m2/repository/com/youzan/pay/core/0.2.9-20170710-RELEASE/core-0.2.9-20170710-RELEASE.jar!/com/youzan/pay/core/config/MethodEnum.class], URL [jar:file:/Users/wulonghui/.m2/repository/com/youzan/pay/core/0.2.9-20170710-RELEASE/core-0.2.9-20170710-RELEASE.jar!/com/youzan/pay/core/config/PayMethod.class], URL [jar:file:/Users/wulonghui/.m2/repository/com/youzan/pay/core/0.2.9-20170710-RELEASE/core-0.2.9-20170710-RELEASE.jar!/com/youzan/pay/core/config/SubjectsCat.class], URL [jar:file:/Users/wulonghui/.m2/repository/com/youzan/pay/core/0.2.9-20170710-RELEASE/core-0.2.9-20170710-RELEASE.jar!/com/youzan/pay/core/dal/DAOFactoryBean$DAOProxy.class], URL [jar:file:/Users/wulonghui/.m2/repository/com/youzan/pay/core/0.2.9-20170710-RELEASE/core-0.2.9-20170710-RELEASE.jar!/com/youzan/pay/core/dal/DAOFactoryBean.class], URL [jar:file:/Users/wulonghui/.m2/repository/com/youzan/pay/core/0.2.9-20170710-RELEASE/core-0.2.9-20170710-RELEASE.jar!/com/youzan/pay/core/dal/DataSourceSwitcher.class], URL [jar:file:/Users/wulonghui/.m2/repository/com/youzan/pay/core/0.2.9-20170710-RELEASE/core-0.2.9-20170710-RELEASE.jar!/com/youzan/pay/core/dal/DynamicDataSource$1.class], URL [jar:file:/Users/wulonghui/.m2/repository/com/youzan/pay/core/0.2.9-20170710-RELEASE/core-0.2.9-20170710-RELEASE.jar!/com/youzan/pay/core/dal/DynamicDataSource.class], URL [jar:file:/Users/wulonghui/.m2/repository/com/youzan/pay/core/0.2.9-20170710-RELEASE/core-0.2.9-20170710-RELEASE.jar!/com/youzan/pay/core/dal/DynamicTransactionTemplate.class], URL [jar:file:/Users/wulonghui/.m2/repository/com/youzan/pay/core/0.2.9-20170710-RELEASE/core-0.2.9-20170710-RELEASE.jar!/com/youzan/pay/core/exception/BusinessException.class], URL [jar:file:/Users/wulonghui/.m2/repository/com/youzan/pay/core/0.2.9-20170710-RELEASE/core-0.2.9-20170710-RELEASE.jar!/com/youzan/pay/core/exception/NullArgumentException.class], URL [jar:file:/Users/wulonghui/.m2/repository/com/youzan/pay/core/0.2.9-20170710-RELEASE/core-0.2.9-20170710-RELEASE.jar!/com/youzan/pay/core/exception/StringOutOfLengthException.class], URL [jar:file:/Users/wulonghui/.m2/repository/com/youzan/pay/core/0.2.9-20170710-RELEASE/core-0.2.9-20170710-RELEASE.jar!/com/youzan/pay/core/exception/SubjectsException.class], URL [jar:file:/Users/wulonghui/.m2/repository/com/youzan/pay/core/0.2.9-20170710-RELEASE/core-0.2.9-20170710-RELEASE.jar!/com/youzan/pay/core/formatter/Money.class], URL [jar:file:/Users/wulonghui/.m2/repository/com/youzan/pay/core/0.2.9-20170710-RELEASE/core-0.2.9-20170710-RELEASE.jar!/com/youzan/pay/core/formatter/ObjectConvert.class], URL [jar:file:/Users/wulonghui/.m2/repository/com/youzan/pay/core/0.2.9-20170710-RELEASE/core-0.2.9-20170710-RELEASE.jar!/com/youzan/pay/core/log/YZLoggerFactory.class], URL [jar:file:/Users/wulonghui/.m2/repository/com/youzan/pay/core/0.2.9-20170710-RELEASE/core-0.2.9-20170710-RELEASE.jar!/com/youzan/pay/core/nsq/Filter.class], URL [jar:file:/Users/wulonghui/.m2/repository/com/youzan/pay/core/0.2.9-20170710-RELEASE/core-0.2.9-20170710-RELEASE.jar!/com/youzan/pay/core/nsq/NsqConsumer.class], URL [jar:file:/Users/wulonghui/.m2/repository/com/youzan/pay/core/0.2.9-20170710-RELEASE/core-0.2.9-20170710-RELEASE.jar!/com/youzan/pay/core/task/Action.class], URL [jar:file:/Users/wulonghui/.m2/repository/com/youzan/pay/core/0.2.9-20170710-RELEASE/core-0.2.9-20170710-RELEASE.jar!/com/youzan/pay/core/task/Executer.class], URL [jar:file:/Users/wulonghui/.m2/repository/com/youzan/pay/core/0.2.9-20170710-RELEASE/core-0.2.9-20170710-RELEASE.jar!/com/youzan/pay/core/task/impl/nsq/action/AbstractAction.class], URL [jar:file:/Users/wulonghui/.m2/repository/com/youzan/pay/core/0.2.9-20170710-RELEASE/core-0.2.9-20170710-RELEASE.jar!/com/youzan/pay/core/task/impl/nsq/action/ExecuteAction.class], URL [jar:file:/Users/wulonghui/.m2/repository/com/youzan/pay/core/0.2.9-20170710-RELEASE/core-0.2.9-20170710-RELEASE.jar!/com/youzan/pay/core/task/impl/nsq/action/LoadAction.class], URL [jar:file:/Users/wulonghui/.m2/repository/com/youzan/pay/core/0.2.9-20170710-RELEASE/core-0.2.9-20170710-RELEASE.jar!/com/youzan/pay/core/task/impl/nsq/action/SplitAction.class], URL [jar:file:/Users/wulonghui/.m2/repository/com/youzan/pay/core/0.2.9-20170710-RELEASE/core-0.2.9-20170710-RELEASE.jar!/com/youzan/pay/core/task/impl/nsq/NsqSingleEnvFilter.class], URL [jar:file:/Users/wulonghui/.m2/repository/com/youzan/pay/core/0.2.9-20170710-RELEASE/core-0.2.9-20170710-RELEASE.jar!/com/youzan/pay/core/task/impl/nsq/NsqTaskDispatcher.class], URL [jar:file:/Users/wulonghui/.m2/repository/com/youzan/pay/core/0.2.9-20170710-RELEASE/core-0.2.9-20170710-RELEASE.jar!/com/youzan/pay/core/task/impl/nsq/NsqTaskManager$1.class], URL [jar:file:/Users/wulonghui/.m2/repository/com/youzan/pay/core/0.2.9-20170710-RELEASE/core-0.2.9-20170710-RELEASE.jar!/com/youzan/pay/core/task/impl/nsq/NsqTaskManager$ActionTask.class], URL [jar:file:/Users/wulonghui/.m2/repository/com/youzan/pay/core/0.2.9-20170710-RELEASE/core-0.2.9-20170710-RELEASE.jar!/com/youzan/pay/core/task/impl/nsq/NsqTaskManager.class], URL [jar:file:/Users/wulonghui/.m2/repository/com/youzan/pay/core/0.2.9-20170710-RELEASE/core-0.2.9-20170710-RELEASE.jar!/com/youzan/pay/core/task/Loader.class], URL [jar:file:/Users/wulonghui/.m2/repository/com/youzan/pay/core/0.2.9-20170710-RELEASE/core-0.2.9-20170710-RELEASE.jar!/com/youzan/pay/core/task/model/TaskActionEnum.class], URL [jar:file:/Users/wulonghui/.m2/repository/com/youzan/pay/core/0.2.9-20170710-RELEASE/core-0.2.9-20170710-RELEASE.jar!/com/youzan/pay/core/task/model/TaskConfig.class], URL [jar:file:/Users/wulonghui/.m2/repository/com/youzan/pay/core/0.2.9-20170710-RELEASE/core-0.2.9-20170710-RELEASE.jar!/com/youzan/pay/core/task/model/TaskNsqConfig.class], URL [jar:file:/Users/wulonghui/.m2/repository/com/youzan/pay/core/0.2.9-20170710-RELEASE/core-0.2.9-20170710-RELEASE.jar!/com/youzan/pay/core/task/model/TaskNsqEntity.class], URL [jar:file:/Users/wulonghui/.m2/repository/com/youzan/pay/core/0.2.9-20170710-RELEASE/core-0.2.9-20170710-RELEASE.jar!/com/youzan/pay/core/task/model/TaskStatusEnum.class], URL [jar:file:/Users/wulonghui/.m2/repository/com/youzan/pay/core/0.2.9-20170710-RELEASE/core-0.2.9-20170710-RELEASE.jar!/com/youzan/pay/core/task/Monitor.class], URL [jar:file:/Users/wulonghui/.m2/repository/com/youzan/pay/core/0.2.9-20170710-RELEASE/core-0.2.9-20170710-RELEASE.jar!/com/youzan/pay/core/task/Splitor.class], URL [jar:file:/Users/wulonghui/.m2/repository/com/youzan/pay/core/0.2.9-20170710-RELEASE/core-0.2.9-20170710-RELEASE.jar!/com/youzan/pay/core/task/spring/TaskConfigDefinitionParser.class], URL [jar:file:/Users/wulonghui/.m2/repository/com/youzan/pay/core/0.2.9-20170710-RELEASE/core-0.2.9-20170710-RELEASE.jar!/com/youzan/pay/core/task/spring/TaskManagerDefinitionParser.class], URL [jar:file:/Users/wulonghui/.m2/repository/com/youzan/pay/core/0.2.9-20170710-RELEASE/core-0.2.9-20170710-RELEASE.jar!/com/youzan/pay/core/task/spring/TaskNamespaceHandler.class], URL [jar:file:/Users/wulonghui/.m2/repository/com/youzan/pay/core/0.2.9-20170710-RELEASE/core-0.2.9-20170710-RELEASE.jar!/com/youzan/pay/core/task/TaskManager.class], URL [jar:file:/Users/wulonghui/.m2/repository/com/youzan/pay/core/0.2.9-20170710-RELEASE/core-0.2.9-20170710-RELEASE.jar!/com/youzan/pay/core/utils/AcctUtils.class], URL [jar:file:/Users/wulonghui/.m2/repository/com/youzan/pay/core/0.2.9-20170710-RELEASE/core-0.2.9-20170710-RELEASE.jar!/com/youzan/pay/core/utils/AlarmUtils.class], URL [jar:file:/Users/wulonghui/.m2/repository/com/youzan/pay/core/0.2.9-20170710-RELEASE/core-0.2.9-20170710-RELEASE.jar!/com/youzan/pay/core/utils/CommonUtils.class], URL [jar:file:/Users/wulonghui/.m2/repository/com/youzan/pay/core/0.2.9-20170710-RELEASE/core-0.2.9-20170710-RELEASE.jar!/com/youzan/pay/core/utils/DateUtils.class], URL [jar:file:/Users/wulonghui/.m2/repository/com/youzan/pay/core/0.2.9-20170710-RELEASE/core-0.2.9-20170710-RELEASE.jar!/com/youzan/pay/core/utils/HttpOutUtils.class], URL [jar:file:/Users/wulonghui/.m2/repository/com/youzan/pay/core/0.2.9-20170710-RELEASE/core-0.2.9-20170710-RELEASE.jar!/com/youzan/pay/core/utils/HttpUtils.class], URL [jar:file:/Users/wulonghui/.m2/repository/com/youzan/pay/core/0.2.9-20170710-RELEASE/core-0.2.9-20170710-RELEASE.jar!/com/youzan/pay/core/utils/KeyUtils.class], URL [jar:file:/Users/wulonghui/.m2/repository/com/youzan/pay/core/0.2.9-20170710-RELEASE/core-0.2.9-20170710-RELEASE.jar!/com/youzan/pay/core/utils/LogUtils$LogArgEntity.class], URL [jar:file:/Users/wulonghui/.m2/repository/com/youzan/pay/core/0.2.9-20170710-RELEASE/core-0.2.9-20170710-RELEASE.jar!/com/youzan/pay/core/utils/LogUtils.class], URL [jar:file:/Users/wulonghui/.m2/repository/com/youzan/pay/core/0.2.9-20170710-RELEASE/core-0.2.9-20170710-RELEASE.jar!/com/youzan/pay/core/utils/MailUtils.class], URL [jar:file:/Users/wulonghui/.m2/repository/com/youzan/pay/core/0.2.9-20170710-RELEASE/core-0.2.9-20170710-RELEASE.jar!/com/youzan/pay/core/utils/MoneyUtils.class], URL [jar:file:/Users/wulonghui/.m2/repository/com/youzan/pay/core/0.2.9-20170710-RELEASE/core-0.2.9-20170710-RELEASE.jar!/com/youzan/pay/core/utils/MsgFmtUtils.class], URL [jar:file:/Users/wulonghui/.m2/repository/com/youzan/pay/core/0.2.9-20170710-RELEASE/core-0.2.9-20170710-RELEASE.jar!/com/youzan/pay/core/utils/Reflections.class], URL [jar:file:/Users/wulonghui/.m2/repository/com/youzan/pay/core/0.2.9-20170710-RELEASE/core-0.2.9-20170710-RELEASE.jar!/com/youzan/pay/core/utils/Signature$CharCaseType.class], URL [jar:file:/Users/wulonghui/.m2/repository/com/youzan/pay/core/0.2.9-20170710-RELEASE/core-0.2.9-20170710-RELEASE.jar!/com/youzan/pay/core/utils/Signature.class], URL [jar:file:/Users/wulonghui/.m2/repository/com/youzan/pay/core/0.2.9-20170710-RELEASE/core-0.2.9-20170710-RELEASE.jar!/com/youzan/pay/core/utils/SubjectsNoUtils.class], URL [jar:file:/Users/wulonghui/.m2/repository/com/youzan/pay/core/0.2.9-20170710-RELEASE/core-0.2.9-20170710-RELEASE.jar!/com/youzan/pay/core/utils/TracerContextUtils.class], URL [jar:file:/Users/wulonghui/.m2/repository/com/youzan/pay/core/0.2.9-20170710-RELEASE/core-0.2.9-20170710-RELEASE.jar!/com/youzan/pay/core/utils/UnicodeUtils.class], URL [jar:file:/Users/wulonghui/.m2/repository/com/youzan/pay/core/0.2.9-20170710-RELEASE/core-0.2.9-20170710-RELEASE.jar!/com/youzan/pay/core/utils/ValidateUtils.class], URL [jar:file:/Users/wulonghui/.m2/repository/com/youzan/pay/core/0.2.9-20170710-RELEASE/core-0.2.9-20170710-RELEASE.jar!/com/youzan/pay/core/utils/ValidationUtils.class], URL [jar:file:/Users/wulonghui/.m2/repository/com/youzan/pay/core/mq-nsq/1.0.2-20170515-RELEASE/mq-nsq-1.0.2-20170515-RELEASE.jar!/com/youzan/pay/core/exception/NsqRequeueException.class], URL [jar:file:/Users/wulonghui/.m2/repository/com/youzan/pay/core/mq-nsq/1.0.2-20170515-RELEASE/mq-nsq-1.0.2-20170515-RELEASE.jar!/com/youzan/pay/core/nsq/exception/NsqRequeueException.class], URL [jar:file:/Users/wulonghui/.m2/repository/com/youzan/pay/core/mq-nsq/1.0.2-20170515-RELEASE/mq-nsq-1.0.2-20170515-RELEASE.jar!/com/youzan/pay/core/nsq/Filter.class], URL [jar:file:/Users/wulonghui/.m2/repository/com/youzan/pay/core/mq-nsq/1.0.2-20170515-RELEASE/mq-nsq-1.0.2-20170515-RELEASE.jar!/com/youzan/pay/core/nsq/Listener.class], URL [jar:file:/Users/wulonghui/.m2/repository/com/youzan/pay/core/mq-nsq/1.0.2-20170515-RELEASE/mq-nsq-1.0.2-20170515-RELEASE.jar!/com/youzan/pay/core/nsq/NsqConfig.class], URL [jar:file:/Users/wulonghui/.m2/repository/com/youzan/pay/core/mq-nsq/1.0.2-20170515-RELEASE/mq-nsq-1.0.2-20170515-RELEASE.jar!/com/youzan/pay/core/nsq/NsqConsumer.class], URL [jar:file:/Users/wulonghui/.m2/repository/com/youzan/pay/core/mq-nsq/1.0.2-20170515-RELEASE/mq-nsq-1.0.2-20170515-RELEASE.jar!/com/youzan/pay/core/nsq/NsqProducer.class], URL [jar:file:/Users/wulonghui/.m2/repository/com/youzan/pay/core/mq-nsq/1.0.2-20170515-RELEASE/mq-nsq-1.0.2-20170515-RELEASE.jar!/com/youzan/pay/core/nsq/NsqRetryHandler.class], URL [jar:file:/Users/wulonghui/.m2/repository/com/youzan/pay/core/mq-nsq/1.0.2-20170515-RELEASE/mq-nsq-1.0.2-20170515-RELEASE.jar!/com/youzan/pay/core/nsq/spring/NsqConsumerDefinitionParser.class], URL [jar:file:/Users/wulonghui/.m2/repository/com/youzan/pay/core/mq-nsq/1.0.2-20170515-RELEASE/mq-nsq-1.0.2-20170515-RELEASE.jar!/com/youzan/pay/core/nsq/spring/NsqNamespaceHandler.class], URL [jar:file:/Users/wulonghui/.m2/repository/com/youzan/pay/core/mq-nsq/1.0.2-20170515-RELEASE/mq-nsq-1.0.2-20170515-RELEASE.jar!/com/youzan/pay/core/nsq/spring/NsqProducerDefinitionParser.class], URL [jar:file:/Users/wulonghui/.m2/repository/com/youzan/pay/core/mq-nsq/1.0.2-20170515-RELEASE/mq-nsq-1.0.2-20170515-RELEASE.jar!/com/youzan/pay/core/nsq/support/CirculateRetryPolicy.class], URL [jar:file:/Users/wulonghui/.m2/repository/com/youzan/pay/core/mq-nsq/1.0.2-20170515-RELEASE/mq-nsq-1.0.2-20170515-RELEASE.jar!/com/youzan/pay/core/nsq/support/MaxRetryDiscardPolicy.class], URL [jar:file:/Users/wulonghui/.m2/repository/com/youzan/NSQ-Client/2.3.20170406-RELEASE/NSQ-Client-2.3.20170406-RELEASE.jar!/com/youzan/nsq/client/configs/AbstractConfigAccessDomain.class], URL [jar:file:/Users/wulonghui/.m2/repository/com/youzan/NSQ-Client/2.3.20170406-RELEASE/NSQ-Client-2.3.20170406-RELEASE.jar!/com/youzan/nsq/client/configs/AbstractConfigAccessKey.class], URL [jar:file:/Users/wulonghui/.m2/repository/com/youzan/NSQ-Client/2.3.20170406-RELEASE/NSQ-Client-2.3.20170406-RELEASE.jar!/com/youzan/nsq/client/configs/ConfigAccessAgent$IConfigAccessCallback.class], URL [jar:file:/Users/wulonghui/.m2/repository/com/youzan/NSQ-Client/2.3.20170406-RELEASE/NSQ-Client-2.3.20170406-RELEASE.jar!/com/youzan/nsq/client/configs/ConfigAccessAgent.class], URL [jar:file:/Users/wulonghui/.m2/repository/com/youzan/NSQ-Client/2.3.20170406-RELEASE/NSQ-Client-2.3.20170406-RELEASE.jar!/com/youzan/nsq/client/configs/DCCConfigAccessAgent$1.class], URL [jar:file:/Users/wulonghui/.m2/repository/com/youzan/NSQ-Client/2.3.20170406-RELEASE/NSQ-Client-2.3.20170406-RELEASE.jar!/com/youzan/nsq/client/configs/DCCConfigAccessAgent.class], URL [jar:file:/Users/wulonghui/.m2/repository/com/youzan/NSQ-Client/2.3.20170406-RELEASE/NSQ-Client-2.3.20170406-RELEASE.jar!/com/youzan/nsq/client/configs/DCCMigrationConfigAccessDomain.class], URL [jar:file:/Users/wulonghui/.m2/repository/com/youzan/NSQ-Client/2.3.20170406-RELEASE/NSQ-Client-2.3.20170406-RELEASE.jar!/com/youzan/nsq/client/configs/DCCMigrationConfigAccessKey.class], URL [jar:file:/Users/wulonghui/.m2/repository/com/youzan/NSQ-Client/2.3.20170406-RELEASE/NSQ-Client-2.3.20170406-RELEASE.jar!/com/youzan/nsq/client/configs/DCCMigrationControlConfig.class], URL [jar:file:/Users/wulonghui/.m2/repository/com/youzan/NSQ-Client/2.3.20170406-RELEASE/NSQ-Client-2.3.20170406-RELEASE.jar!/com/youzan/nsq/client/configs/DCCSeedLookupdConfig.class], URL [jar:file:/Users/wulonghui/.m2/repository/com/youzan/NSQ-Client/2.3.20170406-RELEASE/NSQ-Client-2.3.20170406-RELEASE.jar!/com/youzan/nsq/client/configs/DCCTraceConfigAccessDomain.class], URL [jar:file:/Users/wulonghui/.m2/repository/com/youzan/NSQ-Client/2.3.20170406-RELEASE/NSQ-Client-2.3.20170406-RELEASE.jar!/com/youzan/nsq/client/configs/DCCTraceConfigAccessKey.class], URL [jar:file:/Users/wulonghui/.m2/repository/com/youzan/NSQ-Client/2.3.20170406-RELEASE/NSQ-Client-2.3.20170406-RELEASE.jar!/com/youzan/nsq/client/configs/DoNothingConfigAccessAgent.class], URL [jar:file:/Users/wulonghui/.m2/repository/com/youzan/NSQ-Client/2.3.20170406-RELEASE/NSQ-Client-2.3.20170406-RELEASE.jar!/com/youzan/nsq/client/configs/ITopicRuleCategory.class], URL [jar:file:/Users/wulonghui/.m2/repository/com/youzan/NSQ-Client/2.3.20170406-RELEASE/NSQ-Client-2.3.20170406-RELEASE.jar!/com/youzan/nsq/client/configs/TopicRuleCategory$1.class], URL [jar:file:/Users/wulonghui/.m2/repository/com/youzan/NSQ-Client/2.3.20170406-RELEASE/NSQ-Client-2.3.20170406-RELEASE.jar!/com/youzan/nsq/client/configs/TopicRuleCategory.class], URL [jar:file:/Users/wulonghui/.m2/repository/com/youzan/NSQ-Client/2.3.20170406-RELEASE/NSQ-Client-2.3.20170406-RELEASE.jar!/com/youzan/nsq/client/Consumer.class], URL [jar:file:/Users/wulonghui/.m2/repository/com/youzan/NSQ-Client/2.3.20170406-RELEASE/NSQ-Client-2.3.20170406-RELEASE.jar!/com/youzan/nsq/client/ConsumerImplV2$1.class], URL [jar:file:/Users/wulonghui/.m2/repository/com/youzan/NSQ-Client/2.3.20170406-RELEASE/NSQ-Client-2.3.20170406-RELEASE.jar!/com/youzan/nsq/client/ConsumerImplV2$2.class], URL [jar:file:/Users/wulonghui/.m2/repository/com/youzan/NSQ-Client/2.3.20170406-RELEASE/NSQ-Client-2.3.20170406-RELEASE.jar!/com/youzan/nsq/client/ConsumerImplV2$3.class], URL [jar:file:/Users/wulonghui/.m2/repository/com/youzan/NSQ-Client/2.3.20170406-RELEASE/NSQ-Client-2.3.20170406-RELEASE.jar!/com/youzan/nsq/client/ConsumerImplV2$4.class], URL [jar:file:/Users/wulonghui/.m2/repository/com/youzan/NSQ-Client/2.3.20170406-RELEASE/NSQ-Client-2.3.20170406-RELEASE.jar!/com/youzan/nsq/client/ConsumerImplV2$5.class], URL [jar:file:/Users/wulonghui/.m2/repository/com/youzan/NSQ-Client/2.3.20170406-RELEASE/NSQ-Client-2.3.20170406-RELEASE.jar!/com/youzan/nsq/client/ConsumerImplV2.class], URL [jar:file:/Users/wulonghui/.m2/repository/com/youzan/NSQ-Client/2.3.20170406-RELEASE/NSQ-Client-2.3.20170406-RELEASE.jar!/com/youzan/nsq/client/core/Client.class], URL [jar:file:/Users/wulonghui/.m2/repository/com/youzan/NSQ-Client/2.3.20170406-RELEASE/NSQ-Client-2.3.20170406-RELEASE.jar!/com/youzan/nsq/client/core/command/Close$1.class], URL [jar:file:/Users/wulonghui/.m2/repository/com/youzan/NSQ-Client/2.3.20170406-RELEASE/NSQ-Client-2.3.20170406-RELEASE.jar!/com/youzan/nsq/client/core/command/Close$Instance.class], URL [jar:file:/Users/wulonghui/.m2/repository/com/youzan/NSQ-Client/2.3.20170406-RELEASE/NSQ-Client-2.3.20170406-RELEASE.jar!/com/youzan/nsq/client/core/command/Close.class], URL [jar:file:/Users/wulonghui/.m2/repository/com/youzan/NSQ-Client/2.3.20170406-RELEASE/NSQ-Client-2.3.20170406-RELEASE.jar!/com/youzan/nsq/client/core/command/Finish.class], URL [jar:file:/Users/wulonghui/.m2/repository/com/youzan/NSQ-Client/2.3.20170406-RELEASE/NSQ-Client-2.3.20170406-RELEASE.jar!/com/youzan/nsq/client/core/command/Identify.class], URL [jar:file:/Users/wulonghui/.m2/repository/com/youzan/NSQ-Client/2.3.20170406-RELEASE/NSQ-Client-2.3.20170406-RELEASE.jar!/com/youzan/nsq/client/core/command/Magic$1.class], URL [jar:file:/Users/wulonghui/.m2/repository/com/youzan/NSQ-Client/2.3.20170406-RELEASE/NSQ-Client-2.3.20170406-RELEASE.jar!/com/youzan/nsq/client/core/command/Magic$Instance.class], URL [jar:file:/Users/wulonghui/.m2/repository/com/youzan/NSQ-Client/2.3.20170406-RELEASE/NSQ-Client-2.3.20170406-RELEASE.jar!/com/youzan/nsq/client/core/command/Magic.class], URL [jar:file:/Users/wulonghui/.m2/repository/com/youzan/NSQ-Client/2.3.20170406-RELEASE/NSQ-Client-2.3.20170406-RELEASE.jar!/com/youzan/nsq/client/core/command/Mpub.class], URL [jar:file:/Users/wulonghui/.m2/repository/com/youzan/NSQ-Client/2.3.20170406-RELEASE/NSQ-Client-2.3.20170406-RELEASE.jar!/com/youzan/nsq/client/core/command/Nop$1.class], URL [jar:file:/Users/wulonghui/.m2/repository/com/youzan/NSQ-Client/2.3.20170406-RELEASE/NSQ-Client-2.3.20170406-RELEASE.jar!/com/youzan/nsq/client/core/command/Nop$Instance.class], URL [jar:file:/Users/wulonghui/.m2/repository/com/youzan/NSQ-Client/2.3.20170406-RELEASE/NSQ-Client-2.3.20170406-RELEASE.jar!/com/youzan/nsq/client/core/command/Nop.class], URL [jar:file:/Users/wulonghui/.m2/repository/com/youzan/NSQ-Client/2.3.20170406-RELEASE/NSQ-Client-2.3.20170406-RELEASE.jar!/com/youzan/nsq/client/core/command/NSQCommand.class], URL [jar:file:/Users/wulonghui/.m2/repository/com/youzan/NSQ-Client/2.3.20170406-RELEASE/NSQ-Client-2.3.20170406-RELEASE.jar!/com/youzan/nsq/client/core/command/PartitionEnable.class], URL [jar:file:/Users/wulonghui/.m2/repository/com/youzan/NSQ-Client/2.3.20170406-RELEASE/NSQ-Client-2.3.20170406-RELEASE.jar!/com/youzan/nsq/client/core/command/Pub.class], URL [jar:file:/Users/wulonghui/.m2/repository/com/youzan/NSQ-Client/2.3.20170406-RELEASE/NSQ-Client-2.3.20170406-RELEASE.jar!/com/youzan/nsq/client/core/command/PubOrdered.class], URL [jar:file:/Users/wulonghui/.m2/repository/com/youzan/NSQ-Client/2.3.20170406-RELEASE/NSQ-Client-2.3.20170406-RELEASE.jar!/com/youzan/nsq/client/core/command/PubTrace.class], URL [jar:file:/Users/wulonghui/.m2/repository/com/youzan/NSQ-Client/2.3.20170406-RELEASE/NSQ-Client-2.3.20170406-RELEASE.jar!/com/youzan/nsq/client/core/command/Rdy.class], URL [jar:file:/Users/wulonghui/.m2/repository/com/youzan/NSQ-Client/2.3.20170406-RELEASE/NSQ-Client-2.3.20170406-RELEASE.jar!/com/youzan/nsq/client/core/command/ReQueue.class], URL [jar:file:/Users/wulonghui/.m2/repository/com/youzan/NSQ-Client/2.3.20170406-RELEASE/NSQ-Client-2.3.20170406-RELEASE.jar!/com/youzan/nsq/client/core/command/Sub.class], URL [jar:file:/Users/wulonghui/.m2/repository/com/youzan/NSQ-Client/2.3.20170406-RELEASE/NSQ-Client-2.3.20170406-RELEASE.jar!/com/youzan/nsq/client/core/command/SubOrdered.class], URL [jar:file:/Users/wulonghui/.m2/repository/com/youzan/NSQ-Client/2.3.20170406-RELEASE/NSQ-Client-2.3.20170406-RELEASE.jar!/com/youzan/nsq/client/core/Feature.class], URL [jar:file:/Users/wulonghui/.m2/repository/com/youzan/NSQ-Client/2.3.20170406-RELEASE/NSQ-Client-2.3.20170406-RELEASE.jar!/com/youzan/nsq/client/core/lookup/LookupService.class], URL [jar:file:/Users/wulonghui/.m2/repository/com/youzan/NSQ-Client/2.3.20170406-RELEASE/NSQ-Client-2.3.20170406-RELEASE.jar!/com/youzan/nsq/client/core/lookup/LookupServiceImpl$1.class], URL [jar:file:/Users/wulonghui/.m2/repository/com/youzan/NSQ-Client/2.3.20170406-RELEASE/NSQ-Client-2.3.20170406-RELEASE.jar!/com/youzan/nsq/client/core/lookup/LookupServiceImpl.class], URL [jar:file:/Users/wulonghui/.m2/repository/com/youzan/NSQ-Client/2.3.20170406-RELEASE/NSQ-Client-2.3.20170406-RELEASE.jar!/com/youzan/nsq/client/core/LookupAddressUpdate$1.class], URL [jar:file:/Users/wulonghui/.m2/repository/com/youzan/NSQ-Client/2.3.20170406-RELEASE/NSQ-Client-2.3.20170406-RELEASE.jar!/com/youzan/nsq/client/core/LookupAddressUpdate$2.class], URL [jar:file:/Users/wulonghui/.m2/repository/com/youzan/NSQ-Client/2.3.20170406-RELEASE/NSQ-Client-2.3.20170406-RELEASE.jar!/com/youzan/nsq/client/core/LookupAddressUpdate$LookupAddressUpdateHandler.class], URL [jar:file:/Users/wulonghui/.m2/repository/com/youzan/NSQ-Client/2.3.20170406-RELEASE/NSQ-Client-2.3.20170406-RELEASE.jar!/com/youzan/nsq/client/core/LookupAddressUpdate.class], URL [jar:file:/Users/wulonghui/.m2/repository/com/youzan/NSQ-Client/2.3.20170406-RELEASE/NSQ-Client-2.3.20170406-RELEASE.jar!/com/youzan/nsq/client/core/NSQConnection.class], URL [jar:file:/Users/wulonghui/.m2/repository/com/youzan/NSQ-Client/2.3.20170406-RELEASE/NSQ-Client-2.3.20170406-RELEASE.jar!/com/youzan/nsq/client/core/NSQConnectionImpl.class], URL [jar:file:/Users/wulonghui/.m2/repository/com/youzan/NSQ-Client/2.3.20170406-RELEASE/NSQ-Client-2.3.20170406-RELEASE.jar!/com/youzan/nsq/client/core/NSQSimpleClient$1.class], URL [jar:file:/Users/wulonghui/.m2/repository/com/youzan/NSQ-Client/2.3.20170406-RELEASE/NSQ-Client-2.3.20170406-RELEASE.jar!/com/youzan/nsq/client/core/NSQSimpleClient$2.class], URL [jar:file:/Users/wulonghui/.m2/repository/com/youzan/NSQ-Client/2.3.20170406-RELEASE/NSQ-Client-2.3.20170406-RELEASE.jar!/com/youzan/nsq/client/core/NSQSimpleClient$3.class], URL [jar:file:/Users/wulonghui/.m2/repository/com/youzan/NSQ-Client/2.3.20170406-RELEASE/NSQ-Client-2.3.20170406-RELEASE.jar!/com/youzan/nsq/client/core/NSQSimpleClient.class], URL [jar:file:/Users/wulonghui/.m2/repository/com/youzan/NSQ-Client/2.3.20170406-RELEASE/NSQ-Client-2.3.20170406-RELEASE.jar!/com/youzan/nsq/client/core/pool/consumer/FixedPool.class], URL [jar:file:/Users/wulonghui/.m2/repository/com/youzan/NSQ-Client/2.3.20170406-RELEASE/NSQ-Client-2.3.20170406-RELEASE.jar!/com/youzan/nsq/client/core/pool/producer/KeyedPooledConnectionFactory.class], URL [jar:file:/Users/wulonghui/.m2/repository/com/youzan/NSQ-Client/2.3.20170406-RELEASE/NSQ-Client-2.3.20170406-RELEASE.jar!/com/youzan/nsq/client/core/RdySpectrum.class], URL [jar:file:/Users/wulonghui/.m2/repository/com/youzan/NSQ-Client/2.3.20170406-RELEASE/NSQ-Client-2.3.20170406-RELEASE.jar!/com/youzan/nsq/client/entity/Address.class], URL [jar:file:/Users/wulonghui/.m2/repository/com/youzan/NSQ-Client/2.3.20170406-RELEASE/NSQ-Client-2.3.20170406-RELEASE.jar!/com/youzan/nsq/client/entity/IPartitionsSelector.class], URL [jar:file:/Users/wulonghui/.m2/repository/com/youzan/NSQ-Client/2.3.20170406-RELEASE/NSQ-Client-2.3.20170406-RELEASE.jar!/com/youzan/nsq/client/entity/lookup/AbstractControlConfig$Gradation.class], URL [jar:file:/Users/wulonghui/.m2/repository/com/youzan/NSQ-Client/2.3.20170406-RELEASE/NSQ-Client-2.3.20170406-RELEASE.jar!/com/youzan/nsq/client/entity/lookup/AbstractControlConfig$Percentage.class], URL [jar:file:/Users/wulonghui/.m2/repository/com/youzan/NSQ-Client/2.3.20170406-RELEASE/NSQ-Client-2.3.20170406-RELEASE.jar!/com/youzan/nsq/client/entity/lookup/AbstractControlConfig.class], URL [jar:file:/Users/wulonghui/.m2/repository/com/youzan/NSQ-Client/2.3.20170406-RELEASE/NSQ-Client-2.3.20170406-RELEASE.jar!/com/youzan/nsq/client/entity/lookup/AbstractLookupdAddress.class], URL [jar:file:/Users/wulonghui/.m2/repository/com/youzan/NSQ-Client/2.3.20170406-RELEASE/NSQ-Client-2.3.20170406-RELEASE.jar!/com/youzan/nsq/client/entity/lookup/AbstractLookupdAddresses.class], URL [jar:file:/Users/wulonghui/.m2/repository/com/youzan/NSQ-Client/2.3.20170406-RELEASE/NSQ-Client-2.3.20170406-RELEASE.jar!/com/youzan/nsq/client/entity/lookup/AbstractLookupdConfig.class], URL [jar:file:/Users/wulonghui/.m2/repository/com/youzan/NSQ-Client/2.3.20170406-RELEASE/NSQ-Client-2.3.20170406-RELEASE.jar!/com/youzan/nsq/client/entity/lookup/AbstractSeedLookupdConfig.class], URL [jar:file:/Users/wulonghui/.m2/repository/com/youzan/NSQ-Client/2.3.20170406-RELEASE/NSQ-Client-2.3.20170406-RELEASE.jar!/com/youzan/nsq/client/entity/lookup/DefaultSeedLookupd.class], URL [jar:file:/Users/wulonghui/.m2/repository/com/youzan/NSQ-Client/2.3.20170406-RELEASE/NSQ-Client-2.3.20170406-RELEASE.jar!/com/youzan/nsq/client/entity/lookup/LookupdAddress.class], URL [jar:file:/Users/wulonghui/.m2/repository/com/youzan/NSQ-Client/2.3.20170406-RELEASE/NSQ-Client-2.3.20170406-RELEASE.jar!/com/youzan/nsq/client/entity/lookup/NSQLookupdAddresses$AddressCompatibility.class], URL [jar:file:/Users/wulonghui/.m2/repository/com/youzan/NSQ-Client/2.3.20170406-RELEASE/NSQ-Client-2.3.20170406-RELEASE.jar!/com/youzan/nsq/client/entity/lookup/NSQLookupdAddresses.class], URL [jar:file:/Users/wulonghui/.m2/repository/com/youzan/NSQ-Client/2.3.20170406-RELEASE/NSQ-Client-2.3.20170406-RELEASE.jar!/com/youzan/nsq/client/entity/lookup/NSQLookupdAddressesPair.class], URL [jar:file:/Users/wulonghui/.m2/repository/com/youzan/NSQ-Client/2.3.20170406-RELEASE/NSQ-Client-2.3.20170406-RELEASE.jar!/com/youzan/nsq/client/entity/lookup/SeedLookupdAddress.class], URL [jar:file:/Users/wulonghui/.m2/repository/com/youzan/NSQ-Client/2.3.20170406-RELEASE/NSQ-Client-2.3.20170406-RELEASE.jar!/com/youzan/nsq/client/entity/Message$1.class], URL [jar:file:/Users/wulonghui/.m2/repository/com/youzan/NSQ-Client/2.3.20170406-RELEASE/NSQ-Client-2.3.20170406-RELEASE.jar!/com/youzan/nsq/client/entity/Message.class], URL [jar:file:/Users/wulonghui/.m2/repository/com/youzan/NSQ-Client/2.3.20170406-RELEASE/NSQ-Client-2.3.20170406-RELEASE.jar!/com/youzan/nsq/client/entity/MigrationPartitionsSelector.class], URL [jar:file:/Users/wulonghui/.m2/repository/com/youzan/NSQ-Client/2.3.20170406-RELEASE/NSQ-Client-2.3.20170406-RELEASE.jar!/com/youzan/nsq/client/entity/NSQConfig$Compression.class], URL [jar:file:/Users/wulonghui/.m2/repository/com/youzan/NSQ-Client/2.3.20170406-RELEASE/NSQ-Client-2.3.20170406-RELEASE.jar!/com/youzan/nsq/client/entity/NSQConfig.class], URL [jar:file:/Users/wulonghui/.m2/repository/com/youzan/NSQ-Client/2.3.20170406-RELEASE/NSQ-Client-2.3.20170406-RELEASE.jar!/com/youzan/nsq/client/entity/NSQMessage.class], URL [jar:file:/Users/wulonghui/.m2/repository/com/youzan/NSQ-Client/2.3.20170406-RELEASE/NSQ-Client-2.3.20170406-RELEASE.jar!/com/youzan/nsq/client/entity/Partitions.class], URL [jar:file:/Users/wulonghui/.m2/repository/com/youzan/NSQ-Client/2.3.20170406-RELEASE/NSQ-Client-2.3.20170406-RELEASE.jar!/com/youzan/nsq/client/entity/Response.class], URL [jar:file:/Users/wulonghui/.m2/repository/com/youzan/NSQ-Client/2.3.20170406-RELEASE/NSQ-Client-2.3.20170406-RELEASE.jar!/com/youzan/nsq/client/entity/Role.class], URL [jar:file:/Users/wulonghui/.m2/repository/com/youzan/NSQ-Client/2.3.20170406-RELEASE/NSQ-Client-2.3.20170406-RELEASE.jar!/com/youzan/nsq/client/entity/SimplePartitionsSelector.class], URL [jar:file:/Users/wulonghui/.m2/repository/com/youzan/NSQ-Client/2.3.20170406-RELEASE/NSQ-Client-2.3.20170406-RELEASE.jar!/com/youzan/nsq/client/entity/Topic$1.class], URL [jar:file:/Users/wulonghui/.m2/repository/com/youzan/NSQ-Client/2.3.20170406-RELEASE/NSQ-Client-2.3.20170406-RELEASE.jar!/com/youzan/nsq/client/entity/Topic.class], URL [jar:file:/Users/wulonghui/.m2/repository/com/youzan/NSQ-Client/2.3.20170406-RELEASE/NSQ-Client-2.3.20170406-RELEASE.jar!/com/youzan/nsq/client/entity/TopicSharding.class], URL [jar:file:/Users/wulonghui/.m2/repository/com/youzan/NSQ-Client/2.3.20170406-RELEASE/NSQ-Client-2.3.20170406-RELEASE.jar!/com/youzan/nsq/client/entity/TraceLogger.class], URL [jar:file:/Users/wulonghui/.m2/repository/com/youzan/NSQ-Client/2.3.20170406-RELEASE/NSQ-Client-2.3.20170406-RELEASE.jar!/com/youzan/nsq/client/exception/ConfigAccessAgentException.class], URL [jar:file:/Users/wulonghui/.m2/repository/com/youzan/NSQ-Client/2.3.20170406-RELEASE/NSQ-Client-2.3.20170406-RELEASE.jar!/com/youzan/nsq/client/exception/ConfigAccessAgentInitializeException.class], URL [jar:file:/Users/wulonghui/.m2/repository/com/youzan/NSQ-Client/2.3.20170406-RELEASE/NSQ-Client-2.3.20170406-RELEASE.jar!/com/youzan/nsq/client/exception/NSQConfigAccessException.class], URL [jar:file:/Users/wulonghui/.m2/repository/com/youzan/NSQ-Client/2.3.20170406-RELEASE/NSQ-Client-2.3.20170406-RELEASE.jar!/com/youzan/nsq/client/exception/NSQDataNodesDownException.class], URL [jar:file:/Users/wulonghui/.m2/repository/com/youzan/NSQ-Client/2.3.20170406-RELEASE/NSQ-Client-2.3.20170406-RELEASE.jar!/com/youzan/nsq/client/exception/NSQException.class], URL [jar:file:/Users/wulonghui/.m2/repository/com/youzan/NSQ-Client/2.3.20170406-RELEASE/NSQ-Client-2.3.20170406-RELEASE.jar!/com/youzan/nsq/client/exception/NSQInvalidDataNodeException.class], URL [jar:file:/Users/wulonghui/.m2/repository/com/youzan/NSQ-Client/2.3.20170406-RELEASE/NSQ-Client-2.3.20170406-RELEASE.jar!/com/youzan/nsq/client/exception/NSQInvalidMessageException.class], URL [jar:file:/Users/wulonghui/.m2/repository/com/youzan/NSQ-Client/2.3.20170406-RELEASE/NSQ-Client-2.3.20170406-RELEASE.jar!/com/youzan/nsq/client/exception/NSQInvalidTopicException.class], URL [jar:file:/Users/wulonghui/.m2/repository/com/youzan/NSQ-Client/2.3.20170406-RELEASE/NSQ-Client-2.3.20170406-RELEASE.jar!/com/youzan/nsq/client/exception/NSQLookupException.class], URL [jar:file:/Users/wulonghui/.m2/repository/com/youzan/NSQ-Client/2.3.20170406-RELEASE/NSQ-Client-2.3.20170406-RELEASE.jar!/com/youzan/nsq/client/exception/NSQNoConnectionException.class], URL [jar:file:/Users/wulonghui/.m2/repository/com/youzan/NSQ-Client/2.3.20170406-RELEASE/NSQ-Client-2.3.20170406-RELEASE.jar!/com/youzan/nsq/client/exception/NSQPartitionNotAvailableException.class], URL [jar:file:/Users/wulonghui/.m2/repository/com/youzan/NSQ-Client/2.3.20170406-RELEASE/NSQ-Client-2.3.20170406-RELEASE.jar!/com/youzan/nsq/client/exception/NSQProducerNotFoundException.class], URL [jar:file:/Users/wulonghui/.m2/repository/com/youzan/NSQ-Client/2.3.20170406-RELEASE/NSQ-Client-2.3.20170406-RELEASE.jar!/com/youzan/nsq/client/exception/NSQPubException.class], URL [jar:file:/Users/wulonghui/.m2/repository/com/youzan/NSQ-Client/2.3.20170406-RELEASE/NSQ-Client-2.3.20170406-RELEASE.jar!/com/youzan/nsq/client/exception/NSQPubFactoryInitializeException.class], URL [jar:file:/Users/wulonghui/.m2/repository/com/youzan/NSQ-Client/2.3.20170406-RELEASE/NSQ-Client-2.3.20170406-RELEASE.jar!/com/youzan/nsq/client/exception/NSQTopicNotFoundException.class], URL [jar:file:/Users/wulonghui/.m2/repository/com/youzan/NSQ-Client/2.3.20170406-RELEASE/NSQ-Client-2.3.20170406-RELEASE.jar!/com/youzan/nsq/client/exception/RetryBusinessException.class], URL [jar:file:/Users/wulonghui/.m2/repository/com/youzan/NSQ-Client/2.3.20170406-RELEASE/NSQ-Client-2.3.20170406-RELEASE.jar!/com/youzan/nsq/client/IConfigAccessSubscriber.class], URL [jar:file:/Users/wulonghui/.m2/repository/com/youzan/NSQ-Client/2.3.20170406-RELEASE/NSQ-Client-2.3.20170406-RELEASE.jar!/com/youzan/nsq/client/IPartitionSelector.class], URL [jar:file:/Users/wulonghui/.m2/repository/com/youzan/NSQ-Client/2.3.20170406-RELEASE/NSQ-Client-2.3.20170406-RELEASE.jar!/com/youzan/nsq/client/MessageHandler.class], URL [jar:file:/Users/wulonghui/.m2/repository/com/youzan/NSQ-Client/2.3.20170406-RELEASE/NSQ-Client-2.3.20170406-RELEASE.jar!/com/youzan/nsq/client/MessageMetadata.class], URL [jar:file:/Users/wulonghui/.m2/repository/com/youzan/NSQ-Client/2.3.20170406-RELEASE/NSQ-Client-2.3.20170406-RELEASE.jar!/com/youzan/nsq/client/network/frame/ErrorFrame.class], URL [jar:file:/Users/wulonghui/.m2/repository/com/youzan/NSQ-Client/2.3.20170406-RELEASE/NSQ-Client-2.3.20170406-RELEASE.jar!/com/youzan/nsq/client/network/frame/MessageFrame.class], URL [jar:file:/Users/wulonghui/.m2/repository/com/youzan/NSQ-Client/2.3.20170406-RELEASE/NSQ-Client-2.3.20170406-RELEASE.jar!/com/youzan/nsq/client/network/frame/NSQFrame$FrameType.class], URL [jar:file:/Users/wulonghui/.m2/repository/com/youzan/NSQ-Client/2.3.20170406-RELEASE/NSQ-Client-2.3.20170406-RELEASE.jar!/com/youzan/nsq/client/network/frame/NSQFrame.class], URL [jar:file:/Users/wulonghui/.m2/repository/com/youzan/NSQ-Client/2.3.20170406-RELEASE/NSQ-Client-2.3.20170406-RELEASE.jar!/com/youzan/nsq/client/network/frame/OrderedMessageFrame.class], URL [jar:file:/Users/wulonghui/.m2/repository/com/youzan/NSQ-Client/2.3.20170406-RELEASE/NSQ-Client-2.3.20170406-RELEASE.jar!/com/youzan/nsq/client/network/frame/ResponseFrame.class], URL [jar:file:/Users/wulonghui/.m2/repository/com/youzan/NSQ-Client/2.3.20170406-RELEASE/NSQ-Client-2.3.20170406-RELEASE.jar!/com/youzan/nsq/client/network/netty/NSQClientInitializer.class], URL [jar:file:/Users/wulonghui/.m2/repository/com/youzan/NSQ-Client/2.3.20170406-RELEASE/NSQ-Client-2.3.20170406-RELEASE.jar!/com/youzan/nsq/client/network/netty/NSQDecoder.class], URL [jar:file:/Users/wulonghui/.m2/repository/com/youzan/NSQ-Client/2.3.20170406-RELEASE/NSQ-Client-2.3.20170406-RELEASE.jar!/com/youzan/nsq/client/network/netty/NSQEncoder.class], URL [jar:file:/Users/wulonghui/.m2/repository/com/youzan/NSQ-Client/2.3.20170406-RELEASE/NSQ-Client-2.3.20170406-RELEASE.jar!/com/youzan/nsq/client/network/netty/NSQFeatureDetectionHandler.class], URL [jar:file:/Users/wulonghui/.m2/repository/com/youzan/NSQ-Client/2.3.20170406-RELEASE/NSQ-Client-2.3.20170406-RELEASE.jar!/com/youzan/nsq/client/network/netty/NSQHandler$1.class], URL [jar:file:/Users/wulonghui/.m2/repository/com/youzan/NSQ-Client/2.3.20170406-RELEASE/NSQ-Client-2.3.20170406-RELEASE.jar!/com/youzan/nsq/client/network/netty/NSQHandler.class], URL [jar:file:/Users/wulonghui/.m2/repository/com/youzan/NSQ-Client/2.3.20170406-RELEASE/NSQ-Client-2.3.20170406-RELEASE.jar!/com/youzan/nsq/client/Producer.class], URL [jar:file:/Users/wulonghui/.m2/repository/com/youzan/NSQ-Client/2.3.20170406-RELEASE/NSQ-Client-2.3.20170406-RELEASE.jar!/com/youzan/nsq/client/ProducerImplV2$1.class], URL [jar:file:/Users/wulonghui/.m2/repository/com/youzan/NSQ-Client/2.3.20170406-RELEASE/NSQ-Client-2.3.20170406-RELEASE.jar!/com/youzan/nsq/client/ProducerImplV2$2.class], URL [jar:file:/Users/wulonghui/.m2/repository/com/youzan/NSQ-Client/2.3.20170406-RELEASE/NSQ-Client-2.3.20170406-RELEASE.jar!/com/youzan/nsq/client/ProducerImplV2.class], URL [jar:file:/Users/wulonghui/.m2/repository/com/youzan/NSQ-Client/2.3.20170406-RELEASE/NSQ-Client-2.3.20170406-RELEASE.jar!/com/youzan/nsq/client/PropertyNotFoundException.class], URL [jar:file:/Users/wulonghui/.m2/repository/com/youzan/NSQ-Client/2.3.20170406-RELEASE/NSQ-Client-2.3.20170406-RELEASE.jar!/com/youzan/nsq/client/PubCmdFactory$1.class], URL [jar:file:/Users/wulonghui/.m2/repository/com/youzan/NSQ-Client/2.3.20170406-RELEASE/NSQ-Client-2.3.20170406-RELEASE.jar!/com/youzan/nsq/client/PubCmdFactory.class], URL [jar:file:/Users/wulonghui/.m2/repository/com/youzan/NSQ-Client/2.3.20170406-RELEASE/NSQ-Client-2.3.20170406-RELEASE.jar!/com/youzan/nsq/client/Version.class], URL [jar:file:/Users/wulonghui/.m2/repository/com/youzan/NSQ-Client/2.3.20170406-RELEASE/NSQ-Client-2.3.20170406-RELEASE.jar!/com/youzan/util/ConcurrentSortedSet.class], URL [jar:file:/Users/wulonghui/.m2/repository/com/youzan/NSQ-Client/2.3.20170406-RELEASE/NSQ-Client-2.3.20170406-RELEASE.jar!/com/youzan/util/HostUtil.class], URL [jar:file:/Users/wulonghui/.m2/repository/com/youzan/NSQ-Client/2.3.20170406-RELEASE/NSQ-Client-2.3.20170406-RELEASE.jar!/com/youzan/util/IOUtil.class], URL [jar:file:/Users/wulonghui/.m2/repository/com/youzan/NSQ-Client/2.3.20170406-RELEASE/NSQ-Client-2.3.20170406-RELEASE.jar!/com/youzan/util/IPUtil.class], URL [jar:file:/Users/wulonghui/.m2/repository/com/youzan/NSQ-Client/2.3.20170406-RELEASE/NSQ-Client-2.3.20170406-RELEASE.jar!/com/youzan/util/Lists$1.class], URL [jar:file:/Users/wulonghui/.m2/repository/com/youzan/NSQ-Client/2.3.20170406-RELEASE/NSQ-Client-2.3.20170406-RELEASE.jar!/com/youzan/util/Lists$Partition.class], URL [jar:file:/Users/wulonghui/.m2/repository/com/youzan/NSQ-Client/2.3.20170406-RELEASE/NSQ-Client-2.3.20170406-RELEASE.jar!/com/youzan/util/Lists$RandomAccessPartition.class], URL [jar:file:/Users/wulonghui/.m2/repository/com/youzan/NSQ-Client/2.3.20170406-RELEASE/NSQ-Client-2.3.20170406-RELEASE.jar!/com/youzan/util/Lists.class], URL [jar:file:/Users/wulonghui/.m2/repository/com/youzan/NSQ-Client/2.3.20170406-RELEASE/NSQ-Client-2.3.20170406-RELEASE.jar!/com/youzan/util/NamedThreadFactory$1.class], URL [jar:file:/Users/wulonghui/.m2/repository/com/youzan/NSQ-Client/2.3.20170406-RELEASE/NSQ-Client-2.3.20170406-RELEASE.jar!/com/youzan/util/NamedThreadFactory.class], URL [jar:file:/Users/wulonghui/.m2/repository/com/youzan/NSQ-Client/2.3.20170406-RELEASE/NSQ-Client-2.3.20170406-RELEASE.jar!/com/youzan/util/NotThreadSafe.class], URL [jar:file:/Users/wulonghui/.m2/repository/com/youzan/NSQ-Client/2.3.20170406-RELEASE/NSQ-Client-2.3.20170406-RELEASE.jar!/com/youzan/util/SystemUtil.class], URL [jar:file:/Users/wulonghui/.m2/repository/com/youzan/NSQ-Client/2.3.20170406-RELEASE/NSQ-Client-2.3.20170406-RELEASE.jar!/com/youzan/util/ThreadSafe.class], URL [jar:file:/Users/wulonghui/.m2/repository/com/youzan/DCC-Client/1.1.0330-RELEASE/DCC-Client-1.1.0330-RELEASE.jar!/com/youzan/dcc/client/cache/CacheBackupWorker$CacheSyncJob.class], URL [jar:file:/Users/wulonghui/.m2/repository/com/youzan/DCC-Client/1.1.0330-RELEASE/DCC-Client-1.1.0330-RELEASE.jar!/com/youzan/dcc/client/cache/CacheBackupWorker$LineJob.class], URL [jar:file:/Users/wulonghui/.m2/repository/com/youzan/DCC-Client/1.1.0330-RELEASE/DCC-Client-1.1.0330-RELEASE.jar!/com/youzan/dcc/client/cache/CacheBackupWorker.class], URL [jar:file:/Users/wulonghui/.m2/repository/com/youzan/DCC-Client/1.1.0330-RELEASE/DCC-Client-1.1.0330-RELEASE.jar!/com/youzan/dcc/client/cache/ConfigCacheManager.class], URL [jar:file:/Users/wulonghui/.m2/repository/com/youzan/DCC-Client/1.1.0330-RELEASE/DCC-Client-1.1.0330-RELEASE.jar!/com/youzan/dcc/client/cache/interfaces/IBackupable.class], URL [jar:file:/Users/wulonghui/.m2/repository/com/youzan/DCC-Client/1.1.0330-RELEASE/DCC-Client-1.1.0330-RELEASE.jar!/com/youzan/dcc/client/ConfigClient$ResponseCallbackWrapper.class], URL [jar:file:/Users/wulonghui/.m2/repository/com/youzan/DCC-Client/1.1.0330-RELEASE/DCC-Client-1.1.0330-RELEASE.jar!/com/youzan/dcc/client/ConfigClient.class], URL [jar:file:/Users/wulonghui/.m2/repository/com/youzan/DCC-Client/1.1.0330-RELEASE/DCC-Client-1.1.0330-RELEASE.jar!/com/youzan/dcc/client/ConfigClientBuilder.class], URL [jar:file:/Users/wulonghui/.m2/repository/com/youzan/DCC-Client/1.1.0330-RELEASE/DCC-Client-1.1.0330-RELEASE.jar!/com/youzan/dcc/client/connection/ConnectionManager$1$1.class], URL [jar:file:/Users/wulonghui/.m2/repository/com/youzan/DCC-Client/1.1.0330-RELEASE/DCC-Client-1.1.0330-RELEASE.jar!/com/youzan/dcc/client/connection/ConnectionManager$1.class], URL [jar:file:/Users/wulonghui/.m2/repository/com/youzan/DCC-Client/1.1.0330-RELEASE/DCC-Client-1.1.0330-RELEASE.jar!/com/youzan/dcc/client/connection/ConnectionManager.class], URL [jar:file:/Users/wulonghui/.m2/repository/com/youzan/DCC-Client/1.1.0330-RELEASE/DCC-Client-1.1.0330-RELEASE.jar!/com/youzan/dcc/client/connection/DCCConnectionManager$AbstractRetryCallback$ConfigRequestKey.class], URL [jar:file:/Users/wulonghui/.m2/repository/com/youzan/DCC-Client/1.1.0330-RELEASE/DCC-Client-1.1.0330-RELEASE.jar!/com/youzan/dcc/client/connection/DCCConnectionManager$AbstractRetryCallback.class], URL [jar:file:/Users/wulonghui/.m2/repository/com/youzan/DCC-Client/1.1.0330-RELEASE/DCC-Client-1.1.0330-RELEASE.jar!/com/youzan/dcc/client/connection/DCCConnectionManager$RetryCallback.class], URL [jar:file:/Users/wulonghui/.m2/repository/com/youzan/DCC-Client/1.1.0330-RELEASE/DCC-Client-1.1.0330-RELEASE.jar!/com/youzan/dcc/client/connection/DCCConnectionManager$RetryGETCallback.class], URL [jar:file:/Users/wulonghui/.m2/repository/com/youzan/DCC-Client/1.1.0330-RELEASE/DCC-Client-1.1.0330-RELEASE.jar!/com/youzan/dcc/client/connection/DCCConnectionManager$RetrySUBCallback.class], URL [jar:file:/Users/wulonghui/.m2/repository/com/youzan/DCC-Client/1.1.0330-RELEASE/DCC-Client-1.1.0330-RELEASE.jar!/com/youzan/dcc/client/connection/DCCConnectionManager.class], URL [jar:file:/Users/wulonghui/.m2/repository/com/youzan/DCC-Client/1.1.0330-RELEASE/DCC-Client-1.1.0330-RELEASE.jar!/com/youzan/dcc/client/connection/NamedThreadFactory$1.class], URL [jar:file:/Users/wulonghui/.m2/repository/com/youzan/DCC-Client/1.1.0330-RELEASE/DCC-Client-1.1.0330-RELEASE.jar!/com/youzan/dcc/client/connection/NamedThreadFactory.class], URL [jar:file:/Users/wulonghui/.m2/repository/com/youzan/DCC-Client/1.1.0330-RELEASE/DCC-Client-1.1.0330-RELEASE.jar!/com/youzan/dcc/client/entity/CallbackSubscribe$1.class], URL [jar:file:/Users/wulonghui/.m2/repository/com/youzan/DCC-Client/1.1.0330-RELEASE/DCC-Client-1.1.0330-RELEASE.jar!/com/youzan/dcc/client/entity/CallbackSubscribe$Status.class], URL [jar:file:/Users/wulonghui/.m2/repository/com/youzan/DCC-Client/1.1.0330-RELEASE/DCC-Client-1.1.0330-RELEASE.jar!/com/youzan/dcc/client/entity/CallbackSubscribe.class], URL [jar:file:/Users/wulonghui/.m2/repository/com/youzan/DCC-Client/1.1.0330-RELEASE/DCC-Client-1.1.0330-RELEASE.jar!/com/youzan/dcc/client/entity/command/AbstractCommand.class], URL [jar:file:/Users/wulonghui/.m2/repository/com/youzan/DCC-Client/1.1.0330-RELEASE/DCC-Client-1.1.0330-RELEASE.jar!/com/youzan/dcc/client/entity/command/Delete.class], URL [jar:file:/Users/wulonghui/.m2/repository/com/youzan/DCC-Client/1.1.0330-RELEASE/DCC-Client-1.1.0330-RELEASE.jar!/com/youzan/dcc/client/entity/command/interfaces/ICommand.class], URL [jar:file:/Users/wulonghui/.m2/repository/com/youzan/DCC-Client/1.1.0330-RELEASE/DCC-Client-1.1.0330-RELEASE.jar!/com/youzan/dcc/client/entity/command/Publish.class], URL [jar:file:/Users/wulonghui/.m2/repository/com/youzan/DCC-Client/1.1.0330-RELEASE/DCC-Client-1.1.0330-RELEASE.jar!/com/youzan/dcc/client/entity/command/Subscribe.class], URL [jar:file:/Users/wulonghui/.m2/repository/com/youzan/DCC-Client/1.1.0330-RELEASE/DCC-Client-1.1.0330-RELEASE.jar!/com/youzan/dcc/client/entity/config/AbstractConfig$ConfigRequestField.class], URL [jar:file:/Users/wulonghui/.m2/repository/com/youzan/DCC-Client/1.1.0330-RELEASE/DCC-Client-1.1.0330-RELEASE.jar!/com/youzan/dcc/client/entity/config/AbstractConfig.class], URL [jar:file:/Users/wulonghui/.m2/repository/com/youzan/DCC-Client/1.1.0330-RELEASE/DCC-Client-1.1.0330-RELEASE.jar!/com/youzan/dcc/client/entity/config/Config$ConfigField.class], URL [jar:file:/Users/wulonghui/.m2/repository/com/youzan/DCC-Client/1.1.0330-RELEASE/DCC-Client-1.1.0330-RELEASE.jar!/com/youzan/dcc/client/entity/config/Config$ConfigType.class], URL [jar:file:/Users/wulonghui/.m2/repository/com/youzan/DCC-Client/1.1.0330-RELEASE/DCC-Client-1.1.0330-RELEASE.jar!/com/youzan/dcc/client/entity/config/Config.class], URL [jar:file:/Users/wulonghui/.m2/repository/com/youzan/DCC-Client/1.1.0330-RELEASE/DCC-Client-1.1.0330-RELEASE.jar!/com/youzan/dcc/client/entity/config/ConfigBuilder.class], URL [jar:file:/Users/wulonghui/.m2/repository/com/youzan/DCC-Client/1.1.0330-RELEASE/DCC-Client-1.1.0330-RELEASE.jar!/com/youzan/dcc/client/entity/config/ConfigRequest.class], URL [jar:file:/Users/wulonghui/.m2/repository/com/youzan/DCC-Client/1.1.0330-RELEASE/DCC-Client-1.1.0330-RELEASE.jar!/com/youzan/dcc/client/entity/config/ConfigRequestBuilder.class], URL [jar:file:/Users/wulonghui/.m2/repository/com/youzan/DCC-Client/1.1.0330-RELEASE/DCC-Client-1.1.0330-RELEASE.jar!/com/youzan/dcc/client/entity/config/interfaces/IDCCConfig.class], URL [jar:file:/Users/wulonghui/.m2/repository/com/youzan/DCC-Client/1.1.0330-RELEASE/DCC-Client-1.1.0330-RELEASE.jar!/com/youzan/dcc/client/entity/config/interfaces/IDCCResponse.class], URL [jar:file:/Users/wulonghui/.m2/repository/com/youzan/DCC-Client/1.1.0330-RELEASE/DCC-Client-1.1.0330-RELEASE.jar!/com/youzan/dcc/client/entity/config/interfaces/IResponseCallback.class], URL [jar:file:/Users/wulonghui/.m2/repository/com/youzan/DCC-Client/1.1.0330-RELEASE/DCC-Client-1.1.0330-RELEASE.jar!/com/youzan/dcc/client/entity/config/interfaces/IStatus$Status.class], URL [jar:file:/Users/wulonghui/.m2/repository/com/youzan/DCC-Client/1.1.0330-RELEASE/DCC-Client-1.1.0330-RELEASE.jar!/com/youzan/dcc/client/entity/config/interfaces/IStatus.class], URL [jar:file:/Users/wulonghui/.m2/repository/com/youzan/DCC-Client/1.1.0330-RELEASE/DCC-Client-1.1.0330-RELEASE.jar!/com/youzan/dcc/client/entity/ConfigPair.class], URL [jar:file:/Users/wulonghui/.m2/repository/com/youzan/DCC-Client/1.1.0330-RELEASE/DCC-Client-1.1.0330-RELEASE.jar!/com/youzan/dcc/client/entity/ConnectionStatus.class], URL [jar:file:/Users/wulonghui/.m2/repository/com/youzan/DCC-Client/1.1.0330-RELEASE/DCC-Client-1.1.0330-RELEASE.jar!/com/youzan/dcc/client/entity/PoolingResponseCallback.class], URL [jar:file:/Users/wulonghui/.m2/repository/com/youzan/DCC-Client/1.1.0330-RELEASE/DCC-Client-1.1.0330-RELEASE.jar!/com/youzan/dcc/client/entity/SubscribePoolingManager$1.class], URL [jar:file:/Users/wulonghui/.m2/repository/com/youzan/DCC-Client/1.1.0330-RELEASE/DCC-Client-1.1.0330-RELEASE.jar!/com/youzan/dcc/client/entity/SubscribePoolingManager$2.class], URL [jar:file:/Users/wulonghui/.m2/repository/com/youzan/DCC-Client/1.1.0330-RELEASE/DCC-Client-1.1.0330-RELEASE.jar!/com/youzan/dcc/client/entity/SubscribePoolingManager$ConfigPairsKey.class], URL [jar:file:/Users/wulonghui/.m2/repository/com/youzan/DCC-Client/1.1.0330-RELEASE/DCC-Client-1.1.0330-RELEASE.jar!/com/youzan/dcc/client/entity/SubscribePoolingManager.class], URL [jar:file:/Users/wulonghui/.m2/repository/com/youzan/DCC-Client/1.1.0330-RELEASE/DCC-Client-1.1.0330-RELEASE.jar!/com/youzan/dcc/client/exceptions/CallBackException.class], URL [jar:file:/Users/wulonghui/.m2/repository/com/youzan/DCC-Client/1.1.0330-RELEASE/DCC-Client-1.1.0330-RELEASE.jar!/com/youzan/dcc/client/exceptions/ClientException.class], URL [jar:file:/Users/wulonghui/.m2/repository/com/youzan/DCC-Client/1.1.0330-RELEASE/DCC-Client-1.1.0330-RELEASE.jar!/com/youzan/dcc/client/exceptions/ClientRuntimeException.class], URL [jar:file:/Users/wulonghui/.m2/repository/com/youzan/DCC-Client/1.1.0330-RELEASE/DCC-Client-1.1.0330-RELEASE.jar!/com/youzan/dcc/client/exceptions/ConfigParserException.class], URL [jar:file:/Users/wulonghui/.m2/repository/com/youzan/DCC-Client/1.1.0330-RELEASE/DCC-Client-1.1.0330-RELEASE.jar!/com/youzan/dcc/client/exceptions/InvalidConfigException.class], URL [jar:file:/Users/wulonghui/.m2/repository/com/youzan/DCC-Client/1.1.0330-RELEASE/DCC-Client-1.1.0330-RELEASE.jar!/com/youzan/dcc/client/IConfigClient.class], URL [jar:file:/Users/wulonghui/.m2/repository/com/youzan/DCC-Client/1.1.0330-RELEASE/DCC-Client-1.1.0330-RELEASE.jar!/com/youzan/dcc/client/util/AbstractDCCConfigBuilder.class], URL [jar:file:/Users/wulonghui/.m2/repository/com/youzan/DCC-Client/1.1.0330-RELEASE/DCC-Client-1.1.0330-RELEASE.jar!/com/youzan/dcc/client/util/inetrfaces/ClientConfig.class], URL [jar:file:/Users/wulonghui/.m2/repository/com/youzan/DCC-Client/1.1.0330-RELEASE/DCC-Client-1.1.0330-RELEASE.jar!/com/youzan/dcc/client/util/inetrfaces/IConfig.class], URL [jar:file:/Users/wulonghui/.m2/repository/com/youzan/DCC-Client/1.1.0330-RELEASE/DCC-Client-1.1.0330-RELEASE.jar!/com/youzan/dcc/client/util/SystemUtils.class], URL [jar:file:/Users/wulonghui/.m2/repository/com/youzan/DCC-Client/1.1.0330-RELEASE/DCC-Client-1.1.0330-RELEASE.jar!/com/youzan/dcc/client/Version.class], URL [jar:file:/Users/wulonghui/.m2/repository/com/youzan/httpasyncclient/4.1.2-RELEASE/httpasyncclient-4.1.2-RELEASE.jar!/com/youzan/http/impl/nio/client/AbstractClientExchangeHandler$1.class], URL [jar:file:/Users/wulonghui/.m2/repository/com/youzan/httpasyncclient/4.1.2-RELEASE/httpasyncclient-4.1.2-RELEASE.jar!/com/youzan/http/impl/nio/client/AbstractClientExchangeHandler.class], URL [jar:file:/Users/wulonghui/.m2/repository/com/youzan/httpasyncclient/4.1.2-RELEASE/httpasyncclient-4.1.2-RELEASE.jar!/com/youzan/http/impl/nio/client/AbstractHttpAsyncClient$1.class], URL [jar:file:/Users/wulonghui/.m2/repository/com/youzan/httpasyncclient/4.1.2-RELEASE/httpasyncclient-4.1.2-RELEASE.jar!/com/youzan/http/impl/nio/client/AbstractHttpAsyncClient.class], URL [jar:file:/Users/wulonghui/.m2/repository/com/youzan/httpasyncclient/4.1.2-RELEASE/httpasyncclient-4.1.2-RELEASE.jar!/com/youzan/http/impl/nio/client/CloseableHttpAsyncClient.class], URL [jar:file:/Users/wulonghui/.m2/repository/com/youzan/httpasyncclient/4.1.2-RELEASE/httpasyncclient-4.1.2-RELEASE.jar!/com/youzan/http/impl/nio/client/CloseableHttpAsyncClientBase$1.class], URL [jar:file:/Users/wulonghui/.m2/repository/com/youzan/httpasyncclient/4.1.2-RELEASE/httpasyncclient-4.1.2-RELEASE.jar!/com/youzan/http/impl/nio/client/CloseableHttpAsyncClientBase$Status.class], URL [jar:file:/Users/wulonghui/.m2/repository/com/youzan/httpasyncclient/4.1.2-RELEASE/httpasyncclient-4.1.2-RELEASE.jar!/com/youzan/http/impl/nio/client/CloseableHttpAsyncClientBase.class], URL [jar:file:/Users/wulonghui/.m2/repository/com/youzan/httpasyncclient/4.1.2-RELEASE/httpasyncclient-4.1.2-RELEASE.jar!/com/youzan/http/impl/nio/client/CloseableHttpPipeliningClient.class], URL [jar:file:/Users/wulonghui/.m2/repository/com/youzan/httpasyncclient/4.1.2-RELEASE/httpasyncclient-4.1.2-RELEASE.jar!/com/youzan/http/impl/nio/client/DefaultAsyncRequestDirector$1.class], URL [jar:file:/Users/wulonghui/.m2/repository/com/youzan/httpasyncclient/4.1.2-RELEASE/httpasyncclient-4.1.2-RELEASE.jar!/com/youzan/http/impl/nio/client/DefaultAsyncRequestDirector$InternalFutureCallback.class], URL [jar:file:/Users/wulonghui/.m2/repository/com/youzan/httpasyncclient/4.1.2-RELEASE/httpasyncclient-4.1.2-RELEASE.jar!/com/youzan/http/impl/nio/client/DefaultAsyncRequestDirector.class], URL [jar:file:/Users/wulonghui/.m2/repository/com/youzan/httpasyncclient/4.1.2-RELEASE/httpasyncclient-4.1.2-RELEASE.jar!/com/youzan/http/impl/nio/client/DefaultAsyncUserTokenHandler.class], URL [jar:file:/Users/wulonghui/.m2/repository/com/youzan/httpasyncclient/4.1.2-RELEASE/httpasyncclient-4.1.2-RELEASE.jar!/com/youzan/http/impl/nio/client/DefaultClientExchangeHandlerImpl.class], URL [jar:file:/Users/wulonghui/.m2/repository/com/youzan/httpasyncclient/4.1.2-RELEASE/httpasyncclient-4.1.2-RELEASE.jar!/com/youzan/http/impl/nio/client/DefaultHttpAsyncClient.class], URL [jar:file:/Users/wulonghui/.m2/repository/com/youzan/httpasyncclient/4.1.2-RELEASE/httpasyncclient-4.1.2-RELEASE.jar!/com/youzan/http/impl/nio/client/DefaultResultCallback.class], URL [jar:file:/Users/wulonghui/.m2/repository/com/youzan/httpasyncclient/4.1.2-RELEASE/httpasyncclient-4.1.2-RELEASE.jar!/com/youzan/http/impl/nio/client/HttpAsyncClientBuilder.class], URL [jar:file:/Users/wulonghui/.m2/repository/com/youzan/httpasyncclient/4.1.2-RELEASE/httpasyncclient-4.1.2-RELEASE.jar!/com/youzan/http/impl/nio/client/HttpAsyncClients.class], URL [jar:file:/Users/wulonghui/.m2/repository/com/youzan/httpasyncclient/4.1.2-RELEASE/httpasyncclient-4.1.2-RELEASE.jar!/com/youzan/http/impl/nio/client/InternalClientExec.class], URL [jar:file:/Users/wulonghui/.m2/repository/com/youzan/httpasyncclient/4.1.2-RELEASE/httpasyncclient-4.1.2-RELEASE.jar!/com/youzan/http/impl/nio/client/InternalHttpAsyncClient.class], URL [jar:file:/Users/wulonghui/.m2/repository/com/youzan/httpasyncclient/4.1.2-RELEASE/httpasyncclient-4.1.2-RELEASE.jar!/com/youzan/http/impl/nio/client/InternalIODispatch.class], URL [jar:file:/Users/wulonghui/.m2/repository/com/youzan/httpasyncclient/4.1.2-RELEASE/httpasyncclient-4.1.2-RELEASE.jar!/com/youzan/http/impl/nio/client/InternalIOReactorExceptionHandler.class], URL [jar:file:/Users/wulonghui/.m2/repository/com/youzan/httpasyncclient/4.1.2-RELEASE/httpasyncclient-4.1.2-RELEASE.jar!/com/youzan/http/impl/nio/client/InternalRequestExecutor.class], URL [jar:file:/Users/wulonghui/.m2/repository/com/youzan/httpasyncclient/4.1.2-RELEASE/httpasyncclient-4.1.2-RELEASE.jar!/com/youzan/http/impl/nio/client/InternalState.class], URL [jar:file:/Users/wulonghui/.m2/repository/com/youzan/httpasyncclient/4.1.2-RELEASE/httpasyncclient-4.1.2-RELEASE.jar!/com/youzan/http/impl/nio/client/IOReactorUtils.class], URL [jar:file:/Users/wulonghui/.m2/repository/com/youzan/httpasyncclient/4.1.2-RELEASE/httpasyncclient-4.1.2-RELEASE.jar!/com/youzan/http/impl/nio/client/MainClientExec.class], URL [jar:file:/Users/wulonghui/.m2/repository/com/youzan/httpasyncclient/4.1.2-RELEASE/httpasyncclient-4.1.2-RELEASE.jar!/com/youzan/http/impl/nio/client/MinimalClientExchangeHandlerImpl.class], URL [jar:file:/Users/wulonghui/.m2/repository/com/youzan/httpasyncclient/4.1.2-RELEASE/httpasyncclient-4.1.2-RELEASE.jar!/com/youzan/http/impl/nio/client/MinimalHttpAsyncClient.class], URL [jar:file:/Users/wulonghui/.m2/repository/com/youzan/httpasyncclient/4.1.2-RELEASE/httpasyncclient-4.1.2-RELEASE.jar!/com/youzan/http/impl/nio/client/MinimalHttpAsyncClientBuilder.class], URL [jar:file:/Users/wulonghui/.m2/repository/com/youzan/httpasyncclient/4.1.2-RELEASE/httpasyncclient-4.1.2-RELEASE.jar!/com/youzan/http/impl/nio/client/ParamConfig.class], URL [jar:file:/Users/wulonghui/.m2/repository/com/youzan/httpasyncclient/4.1.2-RELEASE/httpasyncclient-4.1.2-RELEASE.jar!/com/youzan/http/impl/nio/client/PipeliningClientExchangeHandlerImpl.class], URL [jar:file:/Users/wulonghui/.m2/repository/com/youzan/httpasyncclient/4.1.2-RELEASE/httpasyncclient-4.1.2-RELEASE.jar!/com/youzan/http/impl/nio/client/ResultCallback.class], URL [jar:file:/Users/wulonghui/.m2/repository/com/youzan/httpasyncclient/4.1.2-RELEASE/httpasyncclient-4.1.2-RELEASE.jar!/com/youzan/http/impl/nio/conn/AsyncSchemeRegistryFactory.class], URL [jar:file:/Users/wulonghui/.m2/repository/com/youzan/httpasyncclient/4.1.2-RELEASE/httpasyncclient-4.1.2-RELEASE.jar!/com/youzan/http/impl/nio/conn/CPool.class], URL [jar:file:/Users/wulonghui/.m2/repository/com/youzan/httpasyncclient/4.1.2-RELEASE/httpasyncclient-4.1.2-RELEASE.jar!/com/youzan/http/impl/nio/conn/CPoolEntry.class], URL [jar:file:/Users/wulonghui/.m2/repository/com/youzan/httpasyncclient/4.1.2-RELEASE/httpasyncclient-4.1.2-RELEASE.jar!/com/youzan/http/impl/nio/conn/CPoolProxy.class], URL [jar:file:/Users/wulonghui/.m2/repository/com/youzan/httpasyncclient/4.1.2-RELEASE/httpasyncclient-4.1.2-RELEASE.jar!/com/youzan/http/impl/nio/conn/DefaultClientAsyncConnection.class], URL [jar:file:/Users/wulonghui/.m2/repository/com/youzan/httpasyncclient/4.1.2-RELEASE/httpasyncclient-4.1.2-RELEASE.jar!/com/youzan/http/impl/nio/conn/DefaultClientAsyncConnectionFactory.class], URL [jar:file:/Users/wulonghui/.m2/repository/com/youzan/httpasyncclient/4.1.2-RELEASE/httpasyncclient-4.1.2-RELEASE.jar!/com/youzan/http/impl/nio/conn/DefaultHttpAsyncRoutePlanner.class], URL [jar:file:/Users/wulonghui/.m2/repository/com/youzan/httpasyncclient/4.1.2-RELEASE/httpasyncclient-4.1.2-RELEASE.jar!/com/youzan/http/impl/nio/conn/HttpNIOConnPool.class], URL [jar:file:/Users/wulonghui/.m2/repository/com/youzan/httpasyncclient/4.1.2-RELEASE/httpasyncclient-4.1.2-RELEASE.jar!/com/youzan/http/impl/nio/conn/HttpNIOConnPoolFactory.class], URL [jar:file:/Users/wulonghui/.m2/repository/com/youzan/httpasyncclient/4.1.2-RELEASE/httpasyncclient-4.1.2-RELEASE.jar!/com/youzan/http/impl/nio/conn/HttpPoolEntry.class], URL [jar:file:/Users/wulonghui/.m2/repository/com/youzan/httpasyncclient/4.1.2-RELEASE/httpasyncclient-4.1.2-RELEASE.jar!/com/youzan/http/impl/nio/conn/LoggingIOSession$LoggingByteChannel.class], URL [jar:file:/Users/wulonghui/.m2/repository/com/youzan/httpasyncclient/4.1.2-RELEASE/httpasyncclient-4.1.2-RELEASE.jar!/com/youzan/http/impl/nio/conn/LoggingIOSession.class], URL [jar:file:/Users/wulonghui/.m2/repository/com/youzan/httpasyncclient/4.1.2-RELEASE/httpasyncclient-4.1.2-RELEASE.jar!/com/youzan/http/impl/nio/conn/ManagedClientAsyncConnectionImpl.class], URL [jar:file:/Users/wulonghui/.m2/repository/com/youzan/httpasyncclient/4.1.2-RELEASE/httpasyncclient-4.1.2-RELEASE.jar!/com/youzan/http/impl/nio/conn/ManagedNHttpClientConnectionFactory.class], URL [jar:file:/Users/wulonghui/.m2/repository/com/youzan/httpasyncclient/4.1.2-RELEASE/httpasyncclient-4.1.2-RELEASE.jar!/com/youzan/http/impl/nio/conn/ManagedNHttpClientConnectionImpl.class], URL [jar:file:/Users/wulonghui/.m2/repository/com/youzan/httpasyncclient/4.1.2-RELEASE/httpasyncclient-4.1.2-RELEASE.jar!/com/youzan/http/impl/nio/conn/PoolingClientAsyncConnectionManager$InternalPoolEntryCallback.class], URL [jar:file:/Users/wulonghui/.m2/repository/com/youzan/httpasyncclient/4.1.2-RELEASE/httpasyncclient-4.1.2-RELEASE.jar!/com/youzan/http/impl/nio/conn/PoolingClientAsyncConnectionManager.class], URL [jar:file:/Users/wulonghui/.m2/repository/com/youzan/httpasyncclient/4.1.2-RELEASE/httpasyncclient-4.1.2-RELEASE.jar!/com/youzan/http/impl/nio/conn/PoolingNHttpClientConnectionManager$ConfigData.class], URL [jar:file:/Users/wulonghui/.m2/repository/com/youzan/httpasyncclient/4.1.2-RELEASE/httpasyncclient-4.1.2-RELEASE.jar!/com/youzan/http/impl/nio/conn/PoolingNHttpClientConnectionManager$InternalAddressResolver.class], URL [jar:file:/Users/wulonghui/.m2/repository/com/youzan/httpasyncclient/4.1.2-RELEASE/httpasyncclient-4.1.2-RELEASE.jar!/com/youzan/http/impl/nio/conn/PoolingNHttpClientConnectionManager$InternalConnectionFactory.class], URL [jar:file:/Users/wulonghui/.m2/repository/com/youzan/httpasyncclient/4.1.2-RELEASE/httpasyncclient-4.1.2-RELEASE.jar!/com/youzan/http/impl/nio/conn/PoolingNHttpClientConnectionManager$InternalPoolEntryCallback.class], URL [jar:file:/Users/wulonghui/.m2/repository/com/youzan/httpasyncclient/4.1.2-RELEASE/httpasyncclient-4.1.2-RELEASE.jar!/com/youzan/http/impl/nio/conn/PoolingNHttpClientConnectionManager.class], URL [jar:file:/Users/wulonghui/.m2/repository/com/youzan/httpasyncclient/4.1.2-RELEASE/httpasyncclient-4.1.2-RELEASE.jar!/com/youzan/http/impl/nio/conn/Wire.class], URL [jar:file:/Users/wulonghui/.m2/repository/com/youzan/httpasyncclient/4.1.2-RELEASE/httpasyncclient-4.1.2-RELEASE.jar!/com/youzan/http/nio/client/HttpAsyncClient.class], URL [jar:file:/Users/wulonghui/.m2/repository/com/youzan/httpasyncclient/4.1.2-RELEASE/httpasyncclient-4.1.2-RELEASE.jar!/com/youzan/http/nio/client/HttpPipeliningClient.class], URL [jar:file:/Users/wulonghui/.m2/repository/com/youzan/httpasyncclient/4.1.2-RELEASE/httpasyncclient-4.1.2-RELEASE.jar!/com/youzan/http/nio/client/methods/AsyncByteConsumer.class], URL [jar:file:/Users/wulonghui/.m2/repository/com/youzan/httpasyncclient/4.1.2-RELEASE/httpasyncclient-4.1.2-RELEASE.jar!/com/youzan/http/nio/client/methods/AsyncCharConsumer.class], URL [jar:file:/Users/wulonghui/.m2/repository/com/youzan/httpasyncclient/4.1.2-RELEASE/httpasyncclient-4.1.2-RELEASE.jar!/com/youzan/http/nio/client/methods/BaseZeroCopyRequestProducer.class], URL [jar:file:/Users/wulonghui/.m2/repository/com/youzan/httpasyncclient/4.1.2-RELEASE/httpasyncclient-4.1.2-RELEASE.jar!/com/youzan/http/nio/client/methods/HttpAsyncMethods$1.class], URL [jar:file:/Users/wulonghui/.m2/repository/com/youzan/httpasyncclient/4.1.2-RELEASE/httpasyncclient-4.1.2-RELEASE.jar!/com/youzan/http/nio/client/methods/HttpAsyncMethods$RequestProducerImpl.class], URL [jar:file:/Users/wulonghui/.m2/repository/com/youzan/httpasyncclient/4.1.2-RELEASE/httpasyncclient-4.1.2-RELEASE.jar!/com/youzan/http/nio/client/methods/HttpAsyncMethods.class], URL [jar:file:/Users/wulonghui/.m2/repository/com/youzan/httpasyncclient/4.1.2-RELEASE/httpasyncclient-4.1.2-RELEASE.jar!/com/youzan/http/nio/client/methods/ZeroCopyConsumer.class], URL [jar:file:/Users/wulonghui/.m2/repository/com/youzan/httpasyncclient/4.1.2-RELEASE/httpasyncclient-4.1.2-RELEASE.jar!/com/youzan/http/nio/client/methods/ZeroCopyPost.class], URL [jar:file:/Users/wulonghui/.m2/repository/com/youzan/httpasyncclient/4.1.2-RELEASE/httpasyncclient-4.1.2-RELEASE.jar!/com/youzan/http/nio/client/methods/ZeroCopyPut.class], URL [jar:file:/Users/wulonghui/.m2/repository/com/youzan/httpasyncclient/4.1.2-RELEASE/httpasyncclient-4.1.2-RELEASE.jar!/com/youzan/http/nio/client/util/HttpAsyncClientUtils.class], URL [jar:file:/Users/wulonghui/.m2/repository/com/youzan/httpasyncclient/4.1.2-RELEASE/httpasyncclient-4.1.2-RELEASE.jar!/com/youzan/http/nio/conn/ClientAsyncConnection.class], URL [jar:file:/Users/wulonghui/.m2/repository/com/youzan/httpasyncclient/4.1.2-RELEASE/httpasyncclient-4.1.2-RELEASE.jar!/com/youzan/http/nio/conn/ClientAsyncConnectionFactory.class], URL [jar:file:/Users/wulonghui/.m2/repository/com/youzan/httpasyncclient/4.1.2-RELEASE/httpasyncclient-4.1.2-RELEASE.jar!/com/youzan/http/nio/conn/ClientAsyncConnectionManager.class], URL [jar:file:/Users/wulonghui/.m2/repository/com/youzan/httpasyncclient/4.1.2-RELEASE/httpasyncclient-4.1.2-RELEASE.jar!/com/youzan/http/nio/conn/ManagedClientAsyncConnection.class], URL [jar:file:/Users/wulonghui/.m2/repository/com/youzan/httpasyncclient/4.1.2-RELEASE/httpasyncclient-4.1.2-RELEASE.jar!/com/youzan/http/nio/conn/ManagedNHttpClientConnection.class], URL [jar:file:/Users/wulonghui/.m2/repository/com/youzan/httpasyncclient/4.1.2-RELEASE/httpasyncclient-4.1.2-RELEASE.jar!/com/youzan/http/nio/conn/NHttpClientConnectionManager.class], URL [jar:file:/Users/wulonghui/.m2/repository/com/youzan/httpasyncclient/4.1.2-RELEASE/httpasyncclient-4.1.2-RELEASE.jar!/com/youzan/http/nio/conn/NHttpConnectionFactory.class], URL [jar:file:/Users/wulonghui/.m2/repository/com/youzan/httpasyncclient/4.1.2-RELEASE/httpasyncclient-4.1.2-RELEASE.jar!/com/youzan/http/nio/conn/NoopIOSessionStrategy.class], URL [jar:file:/Users/wulonghui/.m2/repository/com/youzan/httpasyncclient/4.1.2-RELEASE/httpasyncclient-4.1.2-RELEASE.jar!/com/youzan/http/nio/conn/scheme/AsyncScheme.class], URL [jar:file:/Users/wulonghui/.m2/repository/com/youzan/httpasyncclient/4.1.2-RELEASE/httpasyncclient-4.1.2-RELEASE.jar!/com/youzan/http/nio/conn/scheme/AsyncSchemeRegistry.class], URL [jar:file:/Users/wulonghui/.m2/repository/com/youzan/httpasyncclient/4.1.2-RELEASE/httpasyncclient-4.1.2-RELEASE.jar!/com/youzan/http/nio/conn/scheme/LayeringStrategy.class], URL [jar:file:/Users/wulonghui/.m2/repository/com/youzan/httpasyncclient/4.1.2-RELEASE/httpasyncclient-4.1.2-RELEASE.jar!/com/youzan/http/nio/conn/SchemeIOSessionStrategy.class], URL [jar:file:/Users/wulonghui/.m2/repository/com/youzan/httpasyncclient/4.1.2-RELEASE/httpasyncclient-4.1.2-RELEASE.jar!/com/youzan/http/nio/conn/ssl/SSLIOSessionStrategy$1.class], URL [jar:file:/Users/wulonghui/.m2/repository/com/youzan/httpasyncclient/4.1.2-RELEASE/httpasyncclient-4.1.2-RELEASE.jar!/com/youzan/http/nio/conn/ssl/SSLIOSessionStrategy.class], URL [jar:file:/Users/wulonghui/.m2/repository/com/youzan/httpasyncclient/4.1.2-RELEASE/httpasyncclient-4.1.2-RELEASE.jar!/com/youzan/http/nio/conn/ssl/SSLLayeringStrategy$1.class], URL [jar:file:/Users/wulonghui/.m2/repository/com/youzan/httpasyncclient/4.1.2-RELEASE/httpasyncclient-4.1.2-RELEASE.jar!/com/youzan/http/nio/conn/ssl/SSLLayeringStrategy.class], URL [jar:file:/Users/wulonghui/.m2/repository/com/youzan/httpasyncclient/4.1.2-RELEASE/httpasyncclient-4.1.2-RELEASE.jar!/com/youzan/http/nio/conn/ssl/TrustManagerDecorator.class], URL [jar:file:/Users/wulonghui/.m2/repository/com/youzan/pay/merchant-api/0.0.7-20170804-RELEASE/merchant-api-0.0.7-20170804-RELEASE.jar!/com/youzan/pay/customer/api/AuthenticationService.class], URL [jar:file:/Users/wulonghui/.m2/repository/com/youzan/pay/merchant-api/0.0.7-20170804-RELEASE/merchant-api-0.0.7-20170804-RELEASE.jar!/com/youzan/pay/customer/api/enums/MerchantContractStatusEnum.class], URL [jar:file:/Users/wulonghui/.m2/repository/com/youzan/pay/merchant-api/0.0.7-20170804-RELEASE/merchant-api-0.0.7-20170804-RELEASE.jar!/com/youzan/pay/customer/api/MerchantAccountService.class], URL [jar:file:/Users/wulonghui/.m2/repository/com/youzan/pay/merchant-api/0.0.7-20170804-RELEASE/merchant-api-0.0.7-20170804-RELEASE.jar!/com/youzan/pay/customer/api/MerchantLoginService.class], URL [jar:file:/Users/wulonghui/.m2/repository/com/youzan/pay/merchant-api/0.0.7-20170804-RELEASE/merchant-api-0.0.7-20170804-RELEASE.jar!/com/youzan/pay/customer/api/MerchantTradeService.class], URL [jar:file:/Users/wulonghui/.m2/repository/com/youzan/pay/merchant-api/0.0.7-20170804-RELEASE/merchant-api-0.0.7-20170804-RELEASE.jar!/com/youzan/pay/customer/api/product/constant/ExtendConst.class], URL [jar:file:/Users/wulonghui/.m2/repository/com/youzan/pay/merchant-api/0.0.7-20170804-RELEASE/merchant-api-0.0.7-20170804-RELEASE.jar!/com/youzan/pay/customer/api/product/request/BatchTerminateContractRequest.class], URL [jar:file:/Users/wulonghui/.m2/repository/com/youzan/pay/merchant-api/0.0.7-20170804-RELEASE/merchant-api-0.0.7-20170804-RELEASE.jar!/com/youzan/pay/customer/api/product/request/FetchCodesRequest.class], URL [jar:file:/Users/wulonghui/.m2/repository/com/youzan/pay/merchant-api/0.0.7-20170804-RELEASE/merchant-api-0.0.7-20170804-RELEASE.jar!/com/youzan/pay/customer/api/product/request/FetchUsableProductsRequest.class], URL [jar:file:/Users/wulonghui/.m2/repository/com/youzan/pay/merchant-api/0.0.7-20170804-RELEASE/merchant-api-0.0.7-20170804-RELEASE.jar!/com/youzan/pay/customer/api/product/request/TerminateContractRequest.class], URL [jar:file:/Users/wulonghui/.m2/repository/com/youzan/pay/merchant-api/0.0.7-20170804-RELEASE/merchant-api-0.0.7-20170804-RELEASE.jar!/com/youzan/pay/customer/api/product/result/ProductInfoDTO.class], URL [jar:file:/Users/wulonghui/.m2/repository/com/youzan/pay/merchant-api/0.0.7-20170804-RELEASE/merchant-api-0.0.7-20170804-RELEASE.jar!/com/youzan/pay/customer/api/product/UnifiedBizCodeService.class], URL [jar:file:/Users/wulonghui/.m2/repository/com/youzan/pay/merchant-api/0.0.7-20170804-RELEASE/merchant-api-0.0.7-20170804-RELEASE.jar!/com/youzan/pay/customer/api/request/ApplyWithDrawRequest.class], URL [jar:file:/Users/wulonghui/.m2/repository/com/youzan/pay/merchant-api/0.0.7-20170804-RELEASE/merchant-api-0.0.7-20170804-RELEASE.jar!/com/youzan/pay/customer/api/request/CheckRequest.class], URL [jar:file:/Users/wulonghui/.m2/repository/com/youzan/pay/merchant-api/0.0.7-20170804-RELEASE/merchant-api-0.0.7-20170804-RELEASE.jar!/com/youzan/pay/customer/api/request/MchAccountVO.class], URL [jar:file:/Users/wulonghui/.m2/repository/com/youzan/pay/merchant-api/0.0.7-20170804-RELEASE/merchant-api-0.0.7-20170804-RELEASE.jar!/com/youzan/pay/customer/api/request/MerchantRegRequest.class], URL [jar:file:/Users/wulonghui/.m2/repository/com/youzan/pay/merchant-api/0.0.7-20170804-RELEASE/merchant-api-0.0.7-20170804-RELEASE.jar!/com/youzan/pay/customer/api/request/MerchantTradeQueryRequest.class], URL [jar:file:/Users/wulonghui/.m2/repository/com/youzan/pay/merchant-api/0.0.7-20170804-RELEASE/merchant-api-0.0.7-20170804-RELEASE.jar!/com/youzan/pay/customer/api/request/MerchantUserRegRequest.class], URL [jar:file:/Users/wulonghui/.m2/repository/com/youzan/pay/merchant-api/0.0.7-20170804-RELEASE/merchant-api-0.0.7-20170804-RELEASE.jar!/com/youzan/pay/customer/api/request/QueryBaseRequest.class], URL [jar:file:/Users/wulonghui/.m2/repository/com/youzan/pay/merchant-api/0.0.7-20170804-RELEASE/merchant-api-0.0.7-20170804-RELEASE.jar!/com/youzan/pay/customer/api/request/QueryBoundCardRequest.class], URL [jar:file:/Users/wulonghui/.m2/repository/com/youzan/pay/merchant-api/0.0.7-20170804-RELEASE/merchant-api-0.0.7-20170804-RELEASE.jar!/com/youzan/pay/customer/api/request/QueryConfigRequest.class], URL [jar:file:/Users/wulonghui/.m2/repository/com/youzan/pay/merchant-api/0.0.7-20170804-RELEASE/merchant-api-0.0.7-20170804-RELEASE.jar!/com/youzan/pay/customer/api/request/QuerySignKeyRequest.class], URL [jar:file:/Users/wulonghui/.m2/repository/com/youzan/pay/merchant-api/0.0.7-20170804-RELEASE/merchant-api-0.0.7-20170804-RELEASE.jar!/com/youzan/pay/customer/api/result/AccountAvailableBalanceResult.class], URL [jar:file:/Users/wulonghui/.m2/repository/com/youzan/pay/merchant-api/0.0.7-20170804-RELEASE/merchant-api-0.0.7-20170804-RELEASE.jar!/com/youzan/pay/customer/api/result/BaseResult.class], URL [jar:file:/Users/wulonghui/.m2/repository/com/youzan/pay/merchant-api/0.0.7-20170804-RELEASE/merchant-api-0.0.7-20170804-RELEASE.jar!/com/youzan/pay/customer/api/result/GenerateUserNoResult.class], URL [jar:file:/Users/wulonghui/.m2/repository/com/youzan/pay/merchant-api/0.0.7-20170804-RELEASE/merchant-api-0.0.7-20170804-RELEASE.jar!/com/youzan/pay/customer/api/result/MerchantAccountingSummaryResult$AccountingSummary.class], URL [jar:file:/Users/wulonghui/.m2/repository/com/youzan/pay/merchant-api/0.0.7-20170804-RELEASE/merchant-api-0.0.7-20170804-RELEASE.jar!/com/youzan/pay/customer/api/result/MerchantContractResult.class], URL [jar:file:/Users/wulonghui/.m2/repository/com/youzan/pay/merchant-api/0.0.7-20170804-RELEASE/merchant-api-0.0.7-20170804-RELEASE.jar!/com/youzan/pay/customer/api/result/MerchantProductInfo$PayChannel.class], URL [jar:file:/Users/wulonghui/.m2/repository/com/youzan/pay/merchant-api/0.0.7-20170804-RELEASE/merchant-api-0.0.7-20170804-RELEASE.jar!/com/youzan/pay/customer/api/result/MerchantSalesStatInfo$StatInfo.class], URL [jar:file:/Users/wulonghui/.m2/repository/com/youzan/pay/merchant-api/0.0.7-20170804-RELEASE/merchant-api-0.0.7-20170804-RELEASE.jar!/com/youzan/pay/customer/api/result/MerchantSignContractInfoResult.class], URL [jar:file:/Users/wulonghui/.m2/repository/com/youzan/pay/merchant-api/0.0.7-20170804-RELEASE/merchant-api-0.0.7-20170804-RELEASE.jar!/com/youzan/pay/customer/api/result/PayToolConfig.class], URL [jar:file:/Users/wulonghui/.m2/repository/com/youzan/pay/merchant-api/0.0.7-20170804-RELEASE/merchant-api-0.0.7-20170804-RELEASE.jar!/com/youzan/pay/customer/api/result/QuerySignKeyResult.class], URL [jar:file:/Users/wulonghui/.m2/repository/com/youzan/pay/merchant-api/0.0.7-20170804-RELEASE/merchant-api-0.0.7-20170804-RELEASE.jar!/com/youzan/pay/customer/api/result/SubMerchantNameInfoResult.class], URL [jar:file:/Users/wulonghui/.m2/repository/com/youzan/pay/merchant-api/0.0.7-20170804-RELEASE/merchant-api-0.0.7-20170804-RELEASE.jar!/com/youzan/pay/customer/api/result/VerifyResult.class], URL [jar:file:/Users/wulonghui/.m2/repository/com/youzan/pay/merchant-api/0.0.7-20170804-RELEASE/merchant-api-0.0.7-20170804-RELEASE.jar!/com/youzan/pay/customer/api/ScheduledJobService.class], URL [jar:file:/Users/wulonghui/.m2/repository/com/youzan/pay/merchant-api/0.0.7-20170804-RELEASE/merchant-api-0.0.7-20170804-RELEASE.jar!/com/youzan/pay/customer/api/BankCardService.class], URL [jar:file:/Users/wulonghui/.m2/repository/com/youzan/pay/merchant-api/0.0.7-20170804-RELEASE/merchant-api-0.0.7-20170804-RELEASE.jar!/com/youzan/pay/customer/api/enums/ContractBusiTypeEnum.class], URL [jar:file:/Users/wulonghui/.m2/repository/com/youzan/pay/merchant-api/0.0.7-20170804-RELEASE/merchant-api-0.0.7-20170804-RELEASE.jar!/com/youzan/pay/customer/api/enums/MerchantContractTypeEnum.class], URL [jar:file:/Users/wulonghui/.m2/repository/com/youzan/pay/merchant-api/0.0.7-20170804-RELEASE/merchant-api-0.0.7-20170804-RELEASE.jar!/com/youzan/pay/customer/api/FundOperationService.class], URL [jar:file:/Users/wulonghui/.m2/repository/com/youzan/pay/merchant-api/0.0.7-20170804-RELEASE/merchant-api-0.0.7-20170804-RELEASE.jar!/com/youzan/pay/customer/api/MerchantContractService.class], URL [jar:file:/Users/wulonghui/.m2/repository/com/youzan/pay/merchant-api/0.0.7-20170804-RELEASE/merchant-api-0.0.7-20170804-RELEASE.jar!/com/youzan/pay/customer/api/MerchantService.class], URL [jar:file:/Users/wulonghui/.m2/repository/com/youzan/pay/merchant-api/0.0.7-20170804-RELEASE/merchant-api-0.0.7-20170804-RELEASE.jar!/com/youzan/pay/customer/api/PayToolsService.class], URL [jar:file:/Users/wulonghui/.m2/repository/com/youzan/pay/merchant-api/0.0.7-20170804-RELEASE/merchant-api-0.0.7-20170804-RELEASE.jar!/com/youzan/pay/customer/api/product/ProductService.class], URL [jar:file:/Users/wulonghui/.m2/repository/com/youzan/pay/merchant-api/0.0.7-20170804-RELEASE/merchant-api-0.0.7-20170804-RELEASE.jar!/com/youzan/pay/customer/api/product/request/CreateCodeRequest.class], URL [jar:file:/Users/wulonghui/.m2/repository/com/youzan/pay/merchant-api/0.0.7-20170804-RELEASE/merchant-api-0.0.7-20170804-RELEASE.jar!/com/youzan/pay/customer/api/product/request/QueryEffectiveContractRequest.class], URL [jar:file:/Users/wulonghui/.m2/repository/com/youzan/pay/merchant-api/0.0.7-20170804-RELEASE/merchant-api-0.0.7-20170804-RELEASE.jar!/com/youzan/pay/customer/api/product/result/BizCodeInfoDTO.class], URL [jar:file:/Users/wulonghui/.m2/repository/com/youzan/pay/merchant-api/0.0.7-20170804-RELEASE/merchant-api-0.0.7-20170804-RELEASE.jar!/com/youzan/pay/customer/api/product/result/FeeRateInfoDTO.class], URL [jar:file:/Users/wulonghui/.m2/repository/com/youzan/pay/merchant-api/0.0.7-20170804-RELEASE/merchant-api-0.0.7-20170804-RELEASE.jar!/com/youzan/pay/customer/api/product/result/SignResultDTO.class], URL [jar:file:/Users/wulonghui/.m2/repository/com/youzan/pay/merchant-api/0.0.7-20170804-RELEASE/merchant-api-0.0.7-20170804-RELEASE.jar!/com/youzan/pay/customer/api/request/BaseRequest.class], URL [jar:file:/Users/wulonghui/.m2/repository/com/youzan/pay/merchant-api/0.0.7-20170804-RELEASE/merchant-api-0.0.7-20170804-RELEASE.jar!/com/youzan/pay/customer/api/request/ContactsRequest.class], URL [jar:file:/Users/wulonghui/.m2/repository/com/youzan/pay/merchant-api/0.0.7-20170804-RELEASE/merchant-api-0.0.7-20170804-RELEASE.jar!/com/youzan/pay/customer/api/request/MerchantContractRequest.class], URL [jar:file:/Users/wulonghui/.m2/repository/com/youzan/pay/merchant-api/0.0.7-20170804-RELEASE/merchant-api-0.0.7-20170804-RELEASE.jar!/com/youzan/pay/customer/api/request/MerchantSignContractParam.class], URL [jar:file:/Users/wulonghui/.m2/repository/com/youzan/pay/merchant-api/0.0.7-20170804-RELEASE/merchant-api-0.0.7-20170804-RELEASE.jar!/com/youzan/pay/customer/api/request/PersonalAuthRequest.class], URL [jar:file:/Users/wulonghui/.m2/repository/com/youzan/pay/merchant-api/0.0.7-20170804-RELEASE/merchant-api-0.0.7-20170804-RELEASE.jar!/com/youzan/pay/customer/api/request/QueryBaseWithBuyerRequest.class], URL [jar:file:/Users/wulonghui/.m2/repository/com/youzan/pay/merchant-api/0.0.7-20170804-RELEASE/merchant-api-0.0.7-20170804-RELEASE.jar!/com/youzan/pay/customer/api/request/QueryPayToolsRequest.class], URL [jar:file:/Users/wulonghui/.m2/repository/com/youzan/pay/merchant-api/0.0.7-20170804-RELEASE/merchant-api-0.0.7-20170804-RELEASE.jar!/com/youzan/pay/customer/api/request/QueryWeixinSelfPaymentParamsRequest.class], URL [jar:file:/Users/wulonghui/.m2/repository/com/youzan/pay/merchant-api/0.0.7-20170804-RELEASE/merchant-api-0.0.7-20170804-RELEASE.jar!/com/youzan/pay/customer/api/request/SetPaymentSwitchRequest.class], URL [jar:file:/Users/wulonghui/.m2/repository/com/youzan/pay/merchant-api/0.0.7-20170804-RELEASE/merchant-api-0.0.7-20170804-RELEASE.jar!/com/youzan/pay/customer/api/result/AccountStatResult.class], URL [jar:file:/Users/wulonghui/.m2/repository/com/youzan/pay/merchant-api/0.0.7-20170804-RELEASE/merchant-api-0.0.7-20170804-RELEASE.jar!/com/youzan/pay/customer/api/result/AuthResult.class], URL [jar:file:/Users/wulonghui/.m2/repository/com/youzan/pay/merchant-api/0.0.7-20170804-RELEASE/merchant-api-0.0.7-20170804-RELEASE.jar!/com/youzan/pay/customer/api/result/CommonError.class], URL [jar:file:/Users/wulonghui/.m2/repository/com/youzan/pay/merchant-api/0.0.7-20170804-RELEASE/merchant-api-0.0.7-20170804-RELEASE.jar!/com/youzan/pay/customer/api/result/MerchantAuthenticationInfo.class], URL [jar:file:/Users/wulonghui/.m2/repository/com/youzan/pay/merchant-api/0.0.7-20170804-RELEASE/merchant-api-0.0.7-20170804-RELEASE.jar!/com/youzan/pay/customer/api/result/MerchantRechargeResult.class], URL [jar:file:/Users/wulonghui/.m2/repository/com/youzan/pay/merchant-api/0.0.7-20170804-RELEASE/merchant-api-0.0.7-20170804-RELEASE.jar!/com/youzan/pay/customer/api/result/Page.class], URL [jar:file:/Users/wulonghui/.m2/repository/com/youzan/pay/merchant-api/0.0.7-20170804-RELEASE/merchant-api-0.0.7-20170804-RELEASE.jar!/com/youzan/pay/customer/api/result/PaymentConfigResult.class], URL [jar:file:/Users/wulonghui/.m2/repository/com/youzan/pay/merchant-api/0.0.7-20170804-RELEASE/merchant-api-0.0.7-20170804-RELEASE.jar!/com/youzan/pay/customer/api/result/Response.class], URL [jar:file:/Users/wulonghui/.m2/repository/com/youzan/pay/merchant-api/0.0.7-20170804-RELEASE/merchant-api-0.0.7-20170804-RELEASE.jar!/com/youzan/pay/customer/api/result/SubMerchantSalesStatInfo.class], URL [jar:file:/Users/wulonghui/.m2/repository/com/youzan/pay/merchant-api/0.0.7-20170804-RELEASE/merchant-api-0.0.7-20170804-RELEASE.jar!/com/youzan/pay/customer/api/result/WithDrawBaseInfoResult$BankInfo.class], URL [jar:file:/Users/wulonghui/.m2/repository/com/youzan/pay/merchant-api/0.0.7-20170804-RELEASE/merchant-api-0.0.7-20170804-RELEASE.jar!/com/youzan/pay/customer/api/UserNoService.class], URL [jar:file:/Users/wulonghui/.m2/repository/com/youzan/pay/merchant-api/0.0.7-20170804-RELEASE/merchant-api-0.0.7-20170804-RELEASE.jar!/com/youzan/pay/customer/api/BusinessRegService.class], URL [jar:file:/Users/wulonghui/.m2/repository/com/youzan/pay/merchant-api/0.0.7-20170804-RELEASE/merchant-api-0.0.7-20170804-RELEASE.jar!/com/youzan/pay/customer/api/enums/MerchantTypeEnum.class], URL [jar:file:/Users/wulonghui/.m2/repository/com/youzan/pay/merchant-api/0.0.7-20170804-RELEASE/merchant-api-0.0.7-20170804-RELEASE.jar!/com/youzan/pay/customer/api/MerchantInfoService.class], URL [jar:file:/Users/wulonghui/.m2/repository/com/youzan/pay/merchant-api/0.0.7-20170804-RELEASE/merchant-api-0.0.7-20170804-RELEASE.jar!/com/youzan/pay/customer/api/MerchantSignContractService.class], URL [jar:file:/Users/wulonghui/.m2/repository/com/youzan/pay/merchant-api/0.0.7-20170804-RELEASE/merchant-api-0.0.7-20170804-RELEASE.jar!/com/youzan/pay/customer/api/product/ContractService.class], URL [jar:file:/Users/wulonghui/.m2/repository/com/youzan/pay/merchant-api/0.0.7-20170804-RELEASE/merchant-api-0.0.7-20170804-RELEASE.jar!/com/youzan/pay/customer/api/product/request/BizCodeInfoRequest.class], URL [jar:file:/Users/wulonghui/.m2/repository/com/youzan/pay/merchant-api/0.0.7-20170804-RELEASE/merchant-api-0.0.7-20170804-RELEASE.jar!/com/youzan/pay/customer/api/product/request/SignContractRequest.class], URL [jar:file:/Users/wulonghui/.m2/repository/com/youzan/pay/merchant-api/0.0.7-20170804-RELEASE/merchant-api-0.0.7-20170804-RELEASE.jar!/com/youzan/pay/customer/api/product/result/PayToolInfoDTO.class], URL [jar:file:/Users/wulonghui/.m2/repository/com/youzan/pay/merchant-api/0.0.7-20170804-RELEASE/merchant-api-0.0.7-20170804-RELEASE.jar!/com/youzan/pay/customer/api/RealNameAuthenticationService.class], URL [jar:file:/Users/wulonghui/.m2/repository/com/youzan/pay/merchant-api/0.0.7-20170804-RELEASE/merchant-api-0.0.7-20170804-RELEASE.jar!/com/youzan/pay/customer/api/request/BindCardRequest.class], URL [jar:file:/Users/wulonghui/.m2/repository/com/youzan/pay/merchant-api/0.0.7-20170804-RELEASE/merchant-api-0.0.7-20170804-RELEASE.jar!/com/youzan/pay/customer/api/request/GenerateUserNoRequest.class], URL [jar:file:/Users/wulonghui/.m2/repository/com/youzan/pay/merchant-api/0.0.7-20170804-RELEASE/merchant-api-0.0.7-20170804-RELEASE.jar!/com/youzan/pay/customer/api/request/GetBoundBankCardRequest.class], URL [jar:file:/Users/wulonghui/.m2/repository/com/youzan/pay/merchant-api/0.0.7-20170804-RELEASE/merchant-api-0.0.7-20170804-RELEASE.jar!/com/youzan/pay/customer/api/request/MerchantRechargeRequest.class], URL [jar:file:/Users/wulonghui/.m2/repository/com/youzan/pay/merchant-api/0.0.7-20170804-RELEASE/merchant-api-0.0.7-20170804-RELEASE.jar!/com/youzan/pay/customer/api/request/OpenServiceMerchantRequest.class], URL [jar:file:/Users/wulonghui/.m2/repository/com/youzan/pay/merchant-api/0.0.7-20170804-RELEASE/merchant-api-0.0.7-20170804-RELEASE.jar!/com/youzan/pay/customer/api/result/AccountingSummaryDetailResult.class], URL [jar:file:/Users/wulonghui/.m2/repository/com/youzan/pay/merchant-api/0.0.7-20170804-RELEASE/merchant-api-0.0.7-20170804-RELEASE.jar!/com/youzan/pay/customer/api/result/ConfigInfo.class], URL [jar:file:/Users/wulonghui/.m2/repository/com/youzan/pay/merchant-api/0.0.7-20170804-RELEASE/merchant-api-0.0.7-20170804-RELEASE.jar!/com/youzan/pay/customer/api/result/MerchantAccountingSummaryResult.class], URL [jar:file:/Users/wulonghui/.m2/repository/com/youzan/pay/merchant-api/0.0.7-20170804-RELEASE/merchant-api-0.0.7-20170804-RELEASE.jar!/com/youzan/pay/customer/api/result/MerchantInfo.class], URL [jar:file:/Users/wulonghui/.m2/repository/com/youzan/pay/merchant-api/0.0.7-20170804-RELEASE/merchant-api-0.0.7-20170804-RELEASE.jar!/com/youzan/pay/customer/api/result/MerchantSalesStatInfo.class], URL [jar:file:/Users/wulonghui/.m2/repository/com/youzan/pay/merchant-api/0.0.7-20170804-RELEASE/merchant-api-0.0.7-20170804-RELEASE.jar!/com/youzan/pay/customer/api/result/OpenAPIResult.class], URL [jar:file:/Users/wulonghui/.m2/repository/com/youzan/pay/merchant-api/0.0.7-20170804-RELEASE/merchant-api-0.0.7-20170804-RELEASE.jar!/com/youzan/pay/customer/api/result/OpenSubMerchantResult.class], URL [jar:file:/Users/wulonghui/.m2/repository/com/youzan/pay/merchant-api/0.0.7-20170804-RELEASE/merchant-api-0.0.7-20170804-RELEASE.jar!/com/youzan/pay/customer/api/result/PayTools.class], URL [jar:file:/Users/wulonghui/.m2/repository/com/youzan/pay/merchant-api/0.0.7-20170804-RELEASE/merchant-api-0.0.7-20170804-RELEASE.jar!/com/youzan/pay/customer/api/result/RepairCallResult.class], URL [jar:file:/Users/wulonghui/.m2/repository/com/youzan/pay/merchant-api/0.0.7-20170804-RELEASE/merchant-api-0.0.7-20170804-RELEASE.jar!/com/youzan/pay/customer/api/result/SubMerchantNoResult.class], URL [jar:file:/Users/wulonghui/.m2/repository/com/youzan/pay/merchant-api/0.0.7-20170804-RELEASE/merchant-api-0.0.7-20170804-RELEASE.jar!/com/youzan/pay/customer/api/result/WeixinSelfPaymentParamsResult.class], URL [jar:file:/Users/wulonghui/.m2/repository/com/youzan/pay/merchant-api/0.0.7-20170804-RELEASE/merchant-api-0.0.7-20170804-RELEASE.jar!/com/youzan/pay/customer/api/SignKeyService.class], URL [jar:file:/Users/wulonghui/.m2/repository/com/youzan/pay/merchant-api/0.0.7-20170804-RELEASE/merchant-api-0.0.7-20170804-RELEASE.jar!/com/youzan/pay/customer/api/enums/AccountTypeEnum.class], URL [jar:file:/Users/wulonghui/.m2/repository/com/youzan/pay/merchant-api/0.0.7-20170804-RELEASE/merchant-api-0.0.7-20170804-RELEASE.jar!/com/youzan/pay/customer/api/LoginService.class], URL [jar:file:/Users/wulonghui/.m2/repository/com/youzan/pay/merchant-api/0.0.7-20170804-RELEASE/merchant-api-0.0.7-20170804-RELEASE.jar!/com/youzan/pay/customer/api/MerchantConfigService.class], URL [jar:file:/Users/wulonghui/.m2/repository/com/youzan/pay/merchant-api/0.0.7-20170804-RELEASE/merchant-api-0.0.7-20170804-RELEASE.jar!/com/youzan/pay/customer/api/MerchantPaymentConfigService.class], URL [jar:file:/Users/wulonghui/.m2/repository/com/youzan/pay/merchant-api/0.0.7-20170804-RELEASE/merchant-api-0.0.7-20170804-RELEASE.jar!/com/youzan/pay/customer/api/openapi/OpenApi.class], URL [jar:file:/Users/wulonghui/.m2/repository/com/youzan/pay/merchant-api/0.0.7-20170804-RELEASE/merchant-api-0.0.7-20170804-RELEASE.jar!/com/youzan/pay/customer/api/product/request/BatchSignContractRequest.class], URL [jar:file:/Users/wulonghui/.m2/repository/com/youzan/pay/merchant-api/0.0.7-20170804-RELEASE/merchant-api-0.0.7-20170804-RELEASE.jar!/com/youzan/pay/customer/api/product/request/CreateProductRequest.class], URL [jar:file:/Users/wulonghui/.m2/repository/com/youzan/pay/merchant-api/0.0.7-20170804-RELEASE/merchant-api-0.0.7-20170804-RELEASE.jar!/com/youzan/pay/customer/api/product/request/TerminateContractRequestInfo.class], URL [jar:file:/Users/wulonghui/.m2/repository/com/youzan/pay/merchant-api/0.0.7-20170804-RELEASE/merchant-api-0.0.7-20170804-RELEASE.jar!/com/youzan/pay/customer/api/product/result/ContractInfoDTO.class], URL [jar:file:/Users/wulonghui/.m2/repository/com/youzan/pay/merchant-api/0.0.7-20170804-RELEASE/merchant-api-0.0.7-20170804-RELEASE.jar!/com/youzan/pay/customer/api/product/result/RateRuleInfoDTO.class], URL [jar:file:/Users/wulonghui/.m2/repository/com/youzan/pay/merchant-api/0.0.7-20170804-RELEASE/merchant-api-0.0.7-20170804-RELEASE.jar!/com/youzan/pay/customer/api/product/result/UnifiedBizCodeInfoDTO.class], URL [jar:file:/Users/wulonghui/.m2/repository/com/youzan/pay/merchant-api/0.0.7-20170804-RELEASE/merchant-api-0.0.7-20170804-RELEASE.jar!/com/youzan/pay/customer/api/request/EnterpriseAuthRequest.class], URL [jar:file:/Users/wulonghui/.m2/repository/com/youzan/pay/merchant-api/0.0.7-20170804-RELEASE/merchant-api-0.0.7-20170804-RELEASE.jar!/com/youzan/pay/customer/api/request/MerchantSignContractQueryParam.class], URL [jar:file:/Users/wulonghui/.m2/repository/com/youzan/pay/merchant-api/0.0.7-20170804-RELEASE/merchant-api-0.0.7-20170804-RELEASE.jar!/com/youzan/pay/customer/api/request/OpenSubMerchantRequest.class], URL [jar:file:/Users/wulonghui/.m2/repository/com/youzan/pay/merchant-api/0.0.7-20170804-RELEASE/merchant-api-0.0.7-20170804-RELEASE.jar!/com/youzan/pay/customer/api/request/WeixinSelfPaymentParamsRequest.class], URL [jar:file:/Users/wulonghui/.m2/repository/com/youzan/pay/merchant-api/0.0.7-20170804-RELEASE/merchant-api-0.0.7-20170804-RELEASE.jar!/com/youzan/pay/customer/api/result/AccountingSummaryDetailResult$AccountingSummaryDetail.class], URL [jar:file:/Users/wulonghui/.m2/repository/com/youzan/pay/merchant-api/0.0.7-20170804-RELEASE/merchant-api-0.0.7-20170804-RELEASE.jar!/com/youzan/pay/customer/api/result/BindCardResult.class], URL [jar:file:/Users/wulonghui/.m2/repository/com/youzan/pay/merchant-api/0.0.7-20170804-RELEASE/merchant-api-0.0.7-20170804-RELEASE.jar!/com/youzan/pay/customer/api/result/BizCode.class], URL [jar:file:/Users/wulonghui/.m2/repository/com/youzan/pay/merchant-api/0.0.7-20170804-RELEASE/merchant-api-0.0.7-20170804-RELEASE.jar!/com/youzan/pay/customer/api/result/BoundBankCardResult.class], URL [jar:file:/Users/wulonghui/.m2/repository/com/youzan/pay/merchant-api/0.0.7-20170804-RELEASE/merchant-api-0.0.7-20170804-RELEASE.jar!/com/youzan/pay/customer/api/result/LoginInfo.class], URL [jar:file:/Users/wulonghui/.m2/repository/com/youzan/pay/merchant-api/0.0.7-20170804-RELEASE/merchant-api-0.0.7-20170804-RELEASE.jar!/com/youzan/pay/customer/api/result/LoginResult.class], URL [jar:file:/Users/wulonghui/.m2/repository/com/youzan/pay/merchant-api/0.0.7-20170804-RELEASE/merchant-api-0.0.7-20170804-RELEASE.jar!/com/youzan/pay/customer/api/result/MerchantBusinessInfo.class], URL [jar:file:/Users/wulonghui/.m2/repository/com/youzan/pay/merchant-api/0.0.7-20170804-RELEASE/merchant-api-0.0.7-20170804-RELEASE.jar!/com/youzan/pay/customer/api/result/MerchantCompanyInfo.class], URL [jar:file:/Users/wulonghui/.m2/repository/com/youzan/pay/merchant-api/0.0.7-20170804-RELEASE/merchant-api-0.0.7-20170804-RELEASE.jar!/com/youzan/pay/customer/api/result/MerchantProductInfo.class], URL [jar:file:/Users/wulonghui/.m2/repository/com/youzan/pay/merchant-api/0.0.7-20170804-RELEASE/merchant-api-0.0.7-20170804-RELEASE.jar!/com/youzan/pay/customer/api/result/MerchantSecurityInfo.class], URL [jar:file:/Users/wulonghui/.m2/repository/com/youzan/pay/merchant-api/0.0.7-20170804-RELEASE/merchant-api-0.0.7-20170804-RELEASE.jar!/com/youzan/pay/customer/api/result/OpenServiceMerchantResult.class], URL [jar:file:/Users/wulonghui/.m2/repository/com/youzan/pay/merchant-api/0.0.7-20170804-RELEASE/merchant-api-0.0.7-20170804-RELEASE.jar!/com/youzan/pay/customer/api/result/RegResult.class], URL [jar:file:/Users/wulonghui/.m2/repository/com/youzan/pay/merchant-api/0.0.7-20170804-RELEASE/merchant-api-0.0.7-20170804-RELEASE.jar!/com/youzan/pay/customer/api/result/SubMerchantTradeStatResult.class], URL [jar:file:/Users/wulonghui/.m2/repository/com/youzan/pay/merchant-api/0.0.7-20170804-RELEASE/merchant-api-0.0.7-20170804-RELEASE.jar!/com/youzan/pay/customer/api/result/WithDrawBaseInfoResult.class], URL [jar:file:/Users/wulonghui/.m2/repository/com/youzan/pay/consumer-center/basesearch-api/1.0.0-SNAPSHOT/basesearch-api-1.0.0-SNAPSHOT.jar!/com/youzan/pay/consumercenter/basesearch/api/QueryService.class], URL [jar:file:/Users/wulonghui/.m2/repository/com/youzan/pay/consumer-center/basesearch-api/1.0.0-SNAPSHOT/basesearch-api-1.0.0-SNAPSHOT.jar!/com/youzan/pay/consumercenter/basesearch/to/TradeTO.class], URL [jar:file:/Users/wulonghui/.m2/repository/com/youzan/pay/core/api-model/1.0.5-20170710-RELEASE/api-model-1.0.5-20170710-RELEASE.jar!/com/youzan/pay/core/api/model/bean/PageInfo.class], URL [jar:file:/Users/wulonghui/.m2/repository/com/youzan/pay/core/api-model/1.0.5-20170710-RELEASE/api-model-1.0.5-20170710-RELEASE.jar!/com/youzan/pay/core/api/model/request/PageParam.class], URL [jar:file:/Users/wulonghui/.m2/repository/com/youzan/pay/core/api-model/1.0.5-20170710-RELEASE/api-model-1.0.5-20170710-RELEASE.jar!/com/youzan/pay/core/api/model/response/DataResult.class], URL [jar:file:/Users/wulonghui/.m2/repository/com/youzan/pay/core/api-model/1.0.5-20170710-RELEASE/api-model-1.0.5-20170710-RELEASE.jar!/com/youzan/pay/core/api/model/response/ListResult.class], URL [jar:file:/Users/wulonghui/.m2/repository/com/youzan/pay/core/api-model/1.0.5-20170710-RELEASE/api-model-1.0.5-20170710-RELEASE.jar!/com/youzan/pay/core/api/model/response/PageResult.class], URL [jar:file:/Users/wulonghui/.m2/repository/com/youzan/pay/core/common-model/1.0.5-20170710-RELEASE/common-model-1.0.5-20170710-RELEASE.jar!/com/youzan/pay/core/common/model/base/IntBaseType.class], URL [jar:file:/Users/wulonghui/.m2/repository/com/youzan/pay/core/common-model/1.0.5-20170710-RELEASE/common-model-1.0.5-20170710-RELEASE.jar!/com/youzan/pay/core/common/model/base/IType.class], URL [jar:file:/Users/wulonghui/.m2/repository/com/youzan/pay/core/common-model/1.0.5-20170710-RELEASE/common-model-1.0.5-20170710-RELEASE.jar!/com/youzan/pay/core/common/model/base/StringBaseType.class], URL [jar:file:/Users/wulonghui/.m2/repository/com/youzan/pay/core/common-model/1.0.5-20170710-RELEASE/common-model-1.0.5-20170710-RELEASE.jar!/com/youzan/pay/core/common/model/enums/Bank.class], URL [jar:file:/Users/wulonghui/.m2/repository/com/youzan/pay/core/common-model/1.0.5-20170710-RELEASE/common-model-1.0.5-20170710-RELEASE.jar!/com/youzan/pay/core/common/model/enums/BankCardType.class], URL [jar:file:/Users/wulonghui/.m2/repository/com/youzan/pay/core/common-model/1.0.5-20170710-RELEASE/common-model-1.0.5-20170710-RELEASE.jar!/com/youzan/pay/core/common/model/enums/BankCodeInfoType.class], URL [jar:file:/Users/wulonghui/.m2/repository/com/youzan/pay/core/common-model/1.0.5-20170710-RELEASE/common-model-1.0.5-20170710-RELEASE.jar!/com/youzan/pay/core/common/model/enums/bizcode/ActionType.class], URL [jar:file:/Users/wulonghui/.m2/repository/com/youzan/pay/core/common-model/1.0.5-20170710-RELEASE/common-model-1.0.5-20170710-RELEASE.jar!/com/youzan/pay/core/common/model/enums/bizcode/ChannelType.class], URL [jar:file:/Users/wulonghui/.m2/repository/com/youzan/pay/core/common-model/1.0.5-20170710-RELEASE/common-model-1.0.5-20170710-RELEASE.jar!/com/youzan/pay/core/common/model/enums/bizcode/ModeType.class], URL [jar:file:/Users/wulonghui/.m2/repository/com/youzan/pay/core/common-model/1.0.5-20170710-RELEASE/common-model-1.0.5-20170710-RELEASE.jar!/com/youzan/pay/core/common/model/enums/bizcode/PayToolType.class], URL [jar:file:/Users/wulonghui/.m2/repository/com/youzan/pay/core/common-model/1.0.5-20170710-RELEASE/common-model-1.0.5-20170710-RELEASE.jar!/com/youzan/pay/core/common/model/enums/bizcode/ProdType.class], URL [jar:file:/Users/wulonghui/.m2/repository/com/youzan/pay/core/common-model/1.0.5-20170710-RELEASE/common-model-1.0.5-20170710-RELEASE.jar!/com/youzan/pay/core/common/model/enums/bizcode/UnifiedBizCodeBaseType.class], URL [jar:file:/Users/wulonghui/.m2/repository/com/youzan/pay/core/common-model/1.0.5-20170710-RELEASE/common-model-1.0.5-20170710-RELEASE.jar!/com/youzan/pay/core/common/model/enums/CurrencyCode.class], URL [jar:file:/Users/wulonghui/.m2/repository/com/youzan/pay/core/common-model/1.0.5-20170710-RELEASE/common-model-1.0.5-20170710-RELEASE.jar!/com/youzan/pay/core/common/model/resultcode/CommonResultCode.class], URL [jar:file:/Users/wulonghui/.m2/repository/com/youzan/pay/core/common-model/1.0.5-20170710-RELEASE/common-model-1.0.5-20170710-RELEASE.jar!/com/youzan/pay/core/common/model/resultcode/IResultCode.class], URL [jar:file:/Users/wulonghui/.m2/repository/com/youzan/pay/core/common-model/1.0.5-20170710-RELEASE/common-model-1.0.5-20170710-RELEASE.jar!/com/youzan/pay/core/common/model/resultcode/R.class], URL [jar:file:/Users/wulonghui/.m2/repository/com/youzan/pay/core/common-model/1.0.5-20170710-RELEASE/common-model-1.0.5-20170710-RELEASE.jar!/com/youzan/pay/core/common/model/resultcode/RFactory.class], URL [jar:file:/Users/wulonghui/.m2/repository/com/youzan/pay/cardvoucher/cardvoucher-api/1.0.0-20170822-RELEASE/cardvoucher-api-1.0.0-20170822-RELEASE.jar!/com/youzan/pay/cardvoucher/api/card/CardProductionService.class], URL [jar:file:/Users/wulonghui/.m2/repository/com/youzan/pay/cardvoucher/cardvoucher-api/1.0.0-20170822-RELEASE/cardvoucher-api-1.0.0-20170822-RELEASE.jar!/com/youzan/pay/cardvoucher/api/card/dto/ActiveCardDTO.class], URL [jar:file:/Users/wulonghui/.m2/repository/com/youzan/pay/cardvoucher/cardvoucher-api/1.0.0-20170822-RELEASE/cardvoucher-api-1.0.0-20170822-RELEASE.jar!/com/youzan/pay/cardvoucher/api/card/dto/CardBalanceDTO.class], URL [jar:file:/Users/wulonghui/.m2/repository/com/youzan/pay/cardvoucher/cardvoucher-api/1.0.0-20170822-RELEASE/cardvoucher-api-1.0.0-20170822-RELEASE.jar!/com/youzan/pay/cardvoucher/api/card/dto/CardInfoDTO.class], URL [jar:file:/Users/wulonghui/.m2/repository/com/youzan/pay/cardvoucher/cardvoucher-api/1.0.0-20170822-RELEASE/cardvoucher-api-1.0.0-20170822-RELEASE.jar!/com/youzan/pay/cardvoucher/api/card/dto/CardPayDetailDTO.class], URL [jar:file:/Users/wulonghui/.m2/repository/com/youzan/pay/cardvoucher/cardvoucher-api/1.0.0-20170822-RELEASE/cardvoucher-api-1.0.0-20170822-RELEASE.jar!/com/youzan/pay/cardvoucher/api/card/dto/CardRefundDetailDTO.class], URL [jar:file:/Users/wulonghui/.m2/repository/com/youzan/pay/cardvoucher/cardvoucher-api/1.0.0-20170822-RELEASE/cardvoucher-api-1.0.0-20170822-RELEASE.jar!/com/youzan/pay/cardvoucher/api/card/dto/CreateCardDTO.class], URL [jar:file:/Users/wulonghui/.m2/repository/com/youzan/pay/cardvoucher/cardvoucher-api/1.0.0-20170822-RELEASE/cardvoucher-api-1.0.0-20170822-RELEASE.jar!/com/youzan/pay/cardvoucher/api/card/dto/CreateTemplateCardDTO.class], URL [jar:file:/Users/wulonghui/.m2/repository/com/youzan/pay/cardvoucher/cardvoucher-api/1.0.0-20170822-RELEASE/cardvoucher-api-1.0.0-20170822-RELEASE.jar!/com/youzan/pay/cardvoucher/api/card/dto/UseableCardDTO.class], URL [jar:file:/Users/wulonghui/.m2/repository/com/youzan/pay/cardvoucher/cardvoucher-api/1.0.0-20170822-RELEASE/cardvoucher-api-1.0.0-20170822-RELEASE.jar!/com/youzan/pay/cardvoucher/api/card/GiftCardManageService.class], URL [jar:file:/Users/wulonghui/.m2/repository/com/youzan/pay/cardvoucher/cardvoucher-api/1.0.0-20170822-RELEASE/cardvoucher-api-1.0.0-20170822-RELEASE.jar!/com/youzan/pay/cardvoucher/api/card/GiftCardService.class], URL [jar:file:/Users/wulonghui/.m2/repository/com/youzan/pay/cardvoucher/cardvoucher-api/1.0.0-20170822-RELEASE/cardvoucher-api-1.0.0-20170822-RELEASE.jar!/com/youzan/pay/cardvoucher/api/card/request/ActiveCardRequest.class], URL [jar:file:/Users/wulonghui/.m2/repository/com/youzan/pay/cardvoucher/cardvoucher-api/1.0.0-20170822-RELEASE/cardvoucher-api-1.0.0-20170822-RELEASE.jar!/com/youzan/pay/cardvoucher/api/card/request/BatchQueryCardInfoRequest.class], URL [jar:file:/Users/wulonghui/.m2/repository/com/youzan/pay/cardvoucher/cardvoucher-api/1.0.0-20170822-RELEASE/cardvoucher-api-1.0.0-20170822-RELEASE.jar!/com/youzan/pay/cardvoucher/api/card/request/CardPayDetailRequest.class], URL [jar:file:/Users/wulonghui/.m2/repository/com/youzan/pay/cardvoucher/cardvoucher-api/1.0.0-20170822-RELEASE/cardvoucher-api-1.0.0-20170822-RELEASE.jar!/com/youzan/pay/cardvoucher/api/card/request/CardRefundDetailRequest.class], URL [jar:file:/Users/wulonghui/.m2/repository/com/youzan/pay/cardvoucher/cardvoucher-api/1.0.0-20170822-RELEASE/cardvoucher-api-1.0.0-20170822-RELEASE.jar!/com/youzan/pay/cardvoucher/api/card/request/CreateCardRequest.class], URL [jar:file:/Users/wulonghui/.m2/repository/com/youzan/pay/cardvoucher/cardvoucher-api/1.0.0-20170822-RELEASE/cardvoucher-api-1.0.0-20170822-RELEASE.jar!/com/youzan/pay/cardvoucher/api/card/request/CreateTemplateCardRequest.class], URL [jar:file:/Users/wulonghui/.m2/repository/com/youzan/pay/cardvoucher/cardvoucher-api/1.0.0-20170822-RELEASE/cardvoucher-api-1.0.0-20170822-RELEASE.jar!/com/youzan/pay/cardvoucher/api/card/request/QueryCardListRequest.class], URL [jar:file:/Users/wulonghui/.m2/repository/com/youzan/pay/cardvoucher/cardvoucher-api/1.0.0-20170822-RELEASE/cardvoucher-api-1.0.0-20170822-RELEASE.jar!/com/youzan/pay/cardvoucher/api/card/request/UseableCardListRequest.class], URL [jar:file:/Users/wulonghui/.m2/repository/com/youzan/pay/cardvoucher/cardvoucher-api/1.0.0-20170822-RELEASE/cardvoucher-api-1.0.0-20170822-RELEASE.jar!/com/youzan/pay/cardvoucher/api/compensate/AcceptCompensateService.class], URL [jar:file:/Users/wulonghui/.m2/repository/com/youzan/pay/cardvoucher/cardvoucher-api/1.0.0-20170822-RELEASE/cardvoucher-api-1.0.0-20170822-RELEASE.jar!/com/youzan/pay/cardvoucher/api/compensate/request/CompensateRequest.class], URL [jar:file:/Users/wulonghui/.m2/repository/com/youzan/pay/cardvoucher/cardvoucher-api/1.0.0-20170822-RELEASE/cardvoucher-api-1.0.0-20170822-RELEASE.jar!/com/youzan/pay/cardvoucher/api/compensate/SplitCompensateService.class], URL [jar:file:/Users/wulonghui/.m2/repository/com/youzan/pay/cardvoucher/cardvoucher-api/1.0.0-20170822-RELEASE/cardvoucher-api-1.0.0-20170822-RELEASE.jar!/com/youzan/pay/cardvoucher/api/message/MessageTaskService.class], URL [jar:file:/Users/wulonghui/.m2/repository/com/youzan/pay/cardvoucher/cardvoucher-api/1.0.0-20170822-RELEASE/cardvoucher-api-1.0.0-20170822-RELEASE.jar!/com/youzan/pay/cardvoucher/api/summarycard/dto/CreateSummaryCardDTO.class], URL [jar:file:/Users/wulonghui/.m2/repository/com/youzan/pay/cardvoucher/cardvoucher-api/1.0.0-20170822-RELEASE/cardvoucher-api-1.0.0-20170822-RELEASE.jar!/com/youzan/pay/cardvoucher/api/summarycard/dto/CreateSummaryTemplateDTO.class], URL [jar:file:/Users/wulonghui/.m2/repository/com/youzan/pay/cardvoucher/cardvoucher-api/1.0.0-20170822-RELEASE/cardvoucher-api-1.0.0-20170822-RELEASE.jar!/com/youzan/pay/cardvoucher/api/summarycard/dto/SummaryCardInfoDTO.class], URL [jar:file:/Users/wulonghui/.m2/repository/com/youzan/pay/cardvoucher/cardvoucher-api/1.0.0-20170822-RELEASE/cardvoucher-api-1.0.0-20170822-RELEASE.jar!/com/youzan/pay/cardvoucher/api/summarycard/dto/SummaryCardPayDTO.class], URL [jar:file:/Users/wulonghui/.m2/repository/com/youzan/pay/cardvoucher/cardvoucher-api/1.0.0-20170822-RELEASE/cardvoucher-api-1.0.0-20170822-RELEASE.jar!/com/youzan/pay/cardvoucher/api/summarycard/dto/SummaryCardRefundDTO.class], URL [jar:file:/Users/wulonghui/.m2/repository/com/youzan/pay/cardvoucher/cardvoucher-api/1.0.0-20170822-RELEASE/cardvoucher-api-1.0.0-20170822-RELEASE.jar!/com/youzan/pay/cardvoucher/api/summarycard/dto/SummaryCardTemplateDTO.class], URL [jar:file:/Users/wulonghui/.m2/repository/com/youzan/pay/cardvoucher/cardvoucher-api/1.0.0-20170822-RELEASE/cardvoucher-api-1.0.0-20170822-RELEASE.jar!/com/youzan/pay/cardvoucher/api/summarycard/request/CardRechargeRequest.class], URL [jar:file:/Users/wulonghui/.m2/repository/com/youzan/pay/cardvoucher/cardvoucher-api/1.0.0-20170822-RELEASE/cardvoucher-api-1.0.0-20170822-RELEASE.jar!/com/youzan/pay/cardvoucher/api/summarycard/request/CreateSummaryCardRequest.class], URL [jar:file:/Users/wulonghui/.m2/repository/com/youzan/pay/cardvoucher/cardvoucher-api/1.0.0-20170822-RELEASE/cardvoucher-api-1.0.0-20170822-RELEASE.jar!/com/youzan/pay/cardvoucher/api/summarycard/request/CreateSummaryTemplateRequest.class], URL [jar:file:/Users/wulonghui/.m2/repository/com/youzan/pay/cardvoucher/cardvoucher-api/1.0.0-20170822-RELEASE/cardvoucher-api-1.0.0-20170822-RELEASE.jar!/com/youzan/pay/cardvoucher/api/summarycard/request/QuerySummaryCardInfoRequest.class], URL [jar:file:/Users/wulonghui/.m2/repository/com/youzan/pay/cardvoucher/cardvoucher-api/1.0.0-20170822-RELEASE/cardvoucher-api-1.0.0-20170822-RELEASE.jar!/com/youzan/pay/cardvoucher/api/summarycard/request/QuerySummaryCardPayRequest.class], URL [jar:file:/Users/wulonghui/.m2/repository/com/youzan/pay/cardvoucher/cardvoucher-api/1.0.0-20170822-RELEASE/cardvoucher-api-1.0.0-20170822-RELEASE.jar!/com/youzan/pay/cardvoucher/api/summarycard/request/QuerySummaryCardRefundRequest.class], URL [jar:file:/Users/wulonghui/.m2/repository/com/youzan/pay/cardvoucher/cardvoucher-api/1.0.0-20170822-RELEASE/cardvoucher-api-1.0.0-20170822-RELEASE.jar!/com/youzan/pay/cardvoucher/api/summarycard/request/QuerySummaryCardTemplateRequest.class], URL [jar:file:/Users/wulonghui/.m2/repository/com/youzan/pay/cardvoucher/cardvoucher-api/1.0.0-20170822-RELEASE/cardvoucher-api-1.0.0-20170822-RELEASE.jar!/com/youzan/pay/cardvoucher/api/summarycard/SummaryCardManageService.class], URL [jar:file:/Users/wulonghui/.m2/repository/com/youzan/pay/cardvoucher/cardvoucher-api/1.0.0-20170822-RELEASE/cardvoucher-api-1.0.0-20170822-RELEASE.jar!/com/youzan/pay/cardvoucher/api/summarycard/SummaryCardQueryService.class], URL [jar:file:/Users/wulonghui/.m2/repository/com/youzan/pay/cardvoucher/cardvoucher-api/1.0.0-20170822-RELEASE/cardvoucher-api-1.0.0-20170822-RELEASE.jar!/com/youzan/pay/cardvoucher/api/summarycard/SummaryCardTemplateService.class], URL [jar:file:/Users/wulonghui/.m2/repository/com/youzan/pay/cardvoucher/cardvoucher-common-model/1.0.0-20170822-RELEASE/cardvoucher-common-model-1.0.0-20170822-RELEASE.jar!/com/youzan/pay/cardvoucher/common/model/dts/DtsHearder.class], URL [jar:file:/Users/wulonghui/.m2/repository/com/youzan/pay/cardvoucher/cardvoucher-common-model/1.0.0-20170822-RELEASE/cardvoucher-common-model-1.0.0-20170822-RELEASE.jar!/com/youzan/pay/cardvoucher/common/model/enums/SummaryCardStatusEnum.class], URL [jar:file:/Users/wulonghui/.m2/repository/com/youzan/pay/cardvoucher/cardvoucher-common-model/1.0.0-20170822-RELEASE/cardvoucher-common-model-1.0.0-20170822-RELEASE.jar!/com/youzan/pay/cardvoucher/common/model/exception/NoRetryException.class], URL [jar:file:/Users/wulonghui/.m2/repository/com/youzan/pay/cardvoucher/cardvoucher-common-model/1.0.0-20170822-RELEASE/cardvoucher-common-model-1.0.0-20170822-RELEASE.jar!/com/youzan/pay/cardvoucher/common/model/resultcode/CardVoucherCardPayResultCode.class], URL [jar:file:/Users/wulonghui/.m2/repository/com/youzan/pay/cardvoucher/cardvoucher-common-model/1.0.0-20170822-RELEASE/cardvoucher-common-model-1.0.0-20170822-RELEASE.jar!/com/youzan/pay/cardvoucher/common/model/resultcode/CardVoucherCardResultCode.class], URL [jar:file:/Users/wulonghui/.m2/repository/com/youzan/pay/cardvoucher/cardvoucher-common-model/1.0.0-20170822-RELEASE/cardvoucher-common-model-1.0.0-20170822-RELEASE.jar!/com/youzan/pay/cardvoucher/common/model/resultcode/CardVoucherCommonResultCode.class], URL [jar:file:/Users/wulonghui/.m2/repository/com/youzan/pay/cardvoucher/cardvoucher-common-model/1.0.0-20170822-RELEASE/cardvoucher-common-model-1.0.0-20170822-RELEASE.jar!/com/youzan/pay/cardvoucher/common/model/resultcode/CardVoucherResultCode.class], URL [jar:file:/Users/wulonghui/.m2/repository/com/youzan/pay/cardvoucher/cardvoucher-common-model/1.0.0-20170822-RELEASE/cardvoucher-common-model-1.0.0-20170822-RELEASE.jar!/com/youzan/pay/cardvoucher/common/model/resultcode/SummaryCardResultCode.class]]
2017-08-28 17:41:21.622 [main] DEBUG o.s.context.annotation.ClassPathBeanDefinitionScanner - Identified candidate component class: file [/Users/wulonghui/work/unified_cashier/intergration/target/classes/com/youzan/pay/unified/cashier/intergration/client/AssetCenterUnifiedPayServiceClient.class]
2017-08-28 17:41:21.623 [main] DEBUG o.s.context.annotation.ClassPathBeanDefinitionScanner - Identified candidate component class: file [/Users/wulonghui/work/unified_cashier/intergration/target/classes/com/youzan/pay/unified/cashier/intergration/client/CashierOrderStatusSearchClient.class]
2017-08-28 17:41:21.623 [main] DEBUG o.s.context.annotation.ClassPathBeanDefinitionScanner - Identified candidate component class: file [/Users/wulonghui/work/unified_cashier/intergration/target/classes/com/youzan/pay/unified/cashier/intergration/client/CashierRechargeServiceClient.class]
2017-08-28 17:41:21.624 [main] DEBUG o.s.context.annotation.ClassPathBeanDefinitionScanner - Identified candidate component class: file [/Users/wulonghui/work/unified_cashier/intergration/target/classes/com/youzan/pay/unified/cashier/intergration/client/ChannelBankCardServiceClient.class]
2017-08-28 17:41:21.625 [main] DEBUG o.s.context.annotation.ClassPathBeanDefinitionScanner - Identified candidate component class: file [/Users/wulonghui/work/unified_cashier/intergration/target/classes/com/youzan/pay/unified/cashier/intergration/client/MerchantBankCardServiceClient.class]
2017-08-28 17:41:21.625 [main] DEBUG o.s.context.annotation.ClassPathBeanDefinitionScanner - Identified candidate component class: file [/Users/wulonghui/work/unified_cashier/intergration/target/classes/com/youzan/pay/unified/cashier/intergration/client/MicroAccoutServiceClient.class]
2017-08-28 17:41:21.625 [main] DEBUG o.s.context.annotation.ClassPathBeanDefinitionScanner - Identified candidate component class: file [/Users/wulonghui/work/unified_cashier/intergration/target/classes/com/youzan/pay/unified/cashier/intergration/client/QueryPayToolConfigServiceClient.class]
2017-08-28 17:41:21.626 [main] DEBUG o.s.context.annotation.ClassPathBeanDefinitionScanner - Identified candidate component class: file [/Users/wulonghui/work/unified_cashier/intergration/target/classes/com/youzan/pay/unified/cashier/intergration/client/SignKeyServiceClient.class]
2017-08-28 17:41:21.626 [main] DEBUG o.s.context.annotation.ClassPathBeanDefinitionScanner - Identified candidate component class: file [/Users/wulonghui/work/unified_cashier/intergration/target/classes/com/youzan/pay/unified/cashier/intergration/client/SummaryCardQueryServiceClient.class]
2017-08-28 17:41:21.627 [main] DEBUG o.s.context.annotation.ClassPathBeanDefinitionScanner - Identified candidate component class: file [/Users/wulonghui/work/unified_cashier/intergration/target/classes/com/youzan/pay/unified/cashier/intergration/client/UnifiedOrderServiceClient.class]
2017-08-28 17:41:21.627 [main] DEBUG o.s.context.annotation.ClassPathBeanDefinitionScanner - Identified candidate component class: file [/Users/wulonghui/work/unified_cashier/intergration/target/classes/com/youzan/pay/unified/cashier/intergration/client/UnifiedPayServiceClient.class]
2017-08-28 17:41:21.628 [main] DEBUG o.s.context.annotation.ClassPathBeanDefinitionScanner - Identified candidate component class: file [/Users/wulonghui/work/unified_cashier/intergration/target/classes/com/youzan/pay/unified/cashier/intergration/client/UserMerchantServiceClient.class]
2017-08-28 17:41:21.662 [main] DEBUG o.s.context.annotation.ClassPathBeanDefinitionScanner - Identified candidate component class: URL [jar:file:/Users/wulonghui/.m2/repository/com/youzan/pay/core/core-utils/1.0.1-SNAPSHOT/core-utils-1.0.1-SNAPSHOT.jar!/com/youzan/pay/core/utils/spring/SpringUtil.class]
2017-08-28 17:41:21.797 [Finalizer] WARN  com.alibaba.dubbo.config.AbstractConfig -  [Nova] ReferenceConfig(null) is not DESTROYED when FINALIZE, nova version: 3.0.9-RELEASE, current host: 172.17.11.56
2017-08-28 17:41:21.799 [Finalizer] WARN  com.alibaba.dubbo.config.AbstractConfig -  [Nova] ReferenceConfig(null) is not DESTROYED when FINALIZE, nova version: 3.0.9-RELEASE, current host: 172.17.11.56
2017-08-28 17:41:21.799 [Finalizer] WARN  com.alibaba.dubbo.config.AbstractConfig -  [Nova] ReferenceConfig(null) is not DESTROYED when FINALIZE, nova version: 3.0.9-RELEASE, current host: 172.17.11.56
2017-08-28 17:41:21.799 [Finalizer] WARN  com.alibaba.dubbo.config.AbstractConfig -  [Nova] ReferenceConfig(null) is not DESTROYED when FINALIZE, nova version: 3.0.9-RELEASE, current host: 172.17.11.56
2017-08-28 17:41:21.799 [Finalizer] WARN  com.alibaba.dubbo.config.AbstractConfig -  [Nova] ReferenceConfig(null) is not DESTROYED when FINALIZE, nova version: 3.0.9-RELEASE, current host: 172.17.11.56
2017-08-28 17:41:21.843 [main] DEBUG o.s.context.annotation.ClassPathBeanDefinitionScanner - Identified candidate component class: URL [jar:file:/Users/wulonghui/.m2/repository/com/youzan/pay/core/0.2.9-20170710-RELEASE/core-0.2.9-20170710-RELEASE.jar!/com/youzan/pay/core/aspect/AutoLogParamsAspect.class]
2017-08-28 17:41:21.845 [main] DEBUG o.s.context.annotation.ClassPathBeanDefinitionScanner - Identified candidate component class: URL [jar:file:/Users/wulonghui/.m2/repository/com/youzan/pay/core/0.2.9-20170710-RELEASE/core-0.2.9-20170710-RELEASE.jar!/com/youzan/pay/core/aspect/RetryAspect.class]
2017-08-28 17:41:21.862 [main] DEBUG o.s.context.annotation.ClassPathBeanDefinitionScanner - Identified candidate component class: URL [jar:file:/Users/wulonghui/.m2/repository/com/youzan/pay/core/0.2.9-20170710-RELEASE/core-0.2.9-20170710-RELEASE.jar!/com/youzan/pay/core/task/impl/nsq/NsqTaskDispatcher.class]
2017-08-28 17:41:21.963 [main] DEBUG o.s.context.annotation.ClassPathBeanDefinitionScanner - Ignored because not a concrete top-level class: URL [jar:file:/Users/wulonghui/.m2/repository/com/youzan/pay/consumer-center/basesearch-api/1.0.0-SNAPSHOT/basesearch-api-1.0.0-SNAPSHOT.jar!/com/youzan/pay/consumercenter/basesearch/api/QueryService.class]
2017-08-28 17:41:21.976 [main] DEBUG o.s.beans.factory.support.DefaultListableBeanFactory - Creating shared instance of singleton bean 'org.springframework.context.annotation.internalAutowiredAnnotationProcessor'
2017-08-28 17:41:21.976 [main] DEBUG o.s.beans.factory.support.DefaultListableBeanFactory - Creating instance of bean 'org.springframework.context.annotation.internalAutowiredAnnotationProcessor'
2017-08-28 17:41:21.977 [main] DEBUG o.s.beans.factory.support.DefaultListableBeanFactory - Eagerly caching bean 'org.springframework.context.annotation.internalAutowiredAnnotationProcessor' to allow for resolving potential circular references
2017-08-28 17:41:21.978 [main] DEBUG o.s.beans.factory.support.DefaultListableBeanFactory - Finished creating instance of bean 'org.springframework.context.annotation.internalAutowiredAnnotationProcessor'
2017-08-28 17:41:21.978 [main] DEBUG o.s.beans.factory.support.DefaultListableBeanFactory - Creating shared instance of singleton bean 'org.springframework.context.annotation.internalRequiredAnnotationProcessor'
2017-08-28 17:41:21.978 [main] DEBUG o.s.beans.factory.support.DefaultListableBeanFactory - Creating instance of bean 'org.springframework.context.annotation.internalRequiredAnnotationProcessor'
2017-08-28 17:41:21.978 [main] DEBUG o.s.beans.factory.support.DefaultListableBeanFactory - Eagerly caching bean 'org.springframework.context.annotation.internalRequiredAnnotationProcessor' to allow for resolving potential circular references
2017-08-28 17:41:21.978 [main] DEBUG o.s.beans.factory.support.DefaultListableBeanFactory - Finished creating instance of bean 'org.springframework.context.annotation.internalRequiredAnnotationProcessor'
2017-08-28 17:41:21.978 [main] DEBUG o.s.beans.factory.support.DefaultListableBeanFactory - Creating shared instance of singleton bean 'org.springframework.context.annotation.internalCommonAnnotationProcessor'
2017-08-28 17:41:21.978 [main] DEBUG o.s.beans.factory.support.DefaultListableBeanFactory - Creating instance of bean 'org.springframework.context.annotation.internalCommonAnnotationProcessor'
2017-08-28 17:41:21.978 [main] DEBUG o.s.beans.factory.support.DefaultListableBeanFactory - Eagerly caching bean 'org.springframework.context.annotation.internalCommonAnnotationProcessor' to allow for resolving potential circular references
2017-08-28 17:41:21.979 [main] DEBUG o.s.beans.factory.support.DefaultListableBeanFactory - Finished creating instance of bean 'org.springframework.context.annotation.internalCommonAnnotationProcessor'
2017-08-28 17:41:21.979 [main] DEBUG o.s.beans.factory.support.DefaultListableBeanFactory - Creating shared instance of singleton bean 'org.springframework.context.annotation.ConfigurationClassPostProcessor.importAwareProcessor'
2017-08-28 17:41:21.979 [main] DEBUG o.s.beans.factory.support.DefaultListableBeanFactory - Creating instance of bean 'org.springframework.context.annotation.ConfigurationClassPostProcessor.importAwareProcessor'
2017-08-28 17:41:21.979 [main] DEBUG o.s.beans.factory.support.DefaultListableBeanFactory - Eagerly caching bean 'org.springframework.context.annotation.ConfigurationClassPostProcessor.importAwareProcessor' to allow for resolving potential circular references
2017-08-28 17:41:21.979 [main] DEBUG o.s.beans.factory.support.DefaultListableBeanFactory - Finished creating instance of bean 'org.springframework.context.annotation.ConfigurationClassPostProcessor.importAwareProcessor'
2017-08-28 17:41:21.979 [main] DEBUG o.s.beans.factory.support.DefaultListableBeanFactory - Creating shared instance of singleton bean 'org.springframework.aop.config.internalAutoProxyCreator'
2017-08-28 17:41:21.980 [main] DEBUG o.s.beans.factory.support.DefaultListableBeanFactory - Creating instance of bean 'org.springframework.aop.config.internalAutoProxyCreator'
2017-08-28 17:41:21.980 [main] DEBUG o.s.beans.factory.support.DefaultListableBeanFactory - Eagerly caching bean 'org.springframework.aop.config.internalAutoProxyCreator' to allow for resolving potential circular references
2017-08-28 17:41:21.981 [main] DEBUG o.s.beans.factory.support.DefaultListableBeanFactory - Finished creating instance of bean 'org.springframework.aop.config.internalAutoProxyCreator'
2017-08-28 17:41:21.982 [main] DEBUG o.s.beans.factory.support.DefaultListableBeanFactory - Returning cached instance of singleton bean 'com.alibaba.dubbo.config.spring.AnnotationBean'
2017-08-28 17:41:21.982 [main] DEBUG o.s.context.support.GenericApplicationContext - Unable to locate MessageSource with name 'messageSource': using default [org.springframework.context.support.DelegatingMessageSource@47f0f6d0]
2017-08-28 17:41:21.982 [main] DEBUG o.s.context.support.GenericApplicationContext - Unable to locate ApplicationEventMulticaster with name 'applicationEventMulticaster': using default [org.springframework.context.event.SimpleApplicationEventMulticaster@64d0f697]
2017-08-28 17:41:21.985 [main] INFO  o.s.beans.factory.support.DefaultListableBeanFactory - Pre-instantiating singletons in org.springframework.beans.factory.support.DefaultListableBeanFactory@472bf56c: defining beans [org.springframework.context.support.PropertySourcesPlaceholderConfigurer#0,assetCenterUnifiedPayServiceClient,cashierOrderStatusSearchClient,cashierRechargeServiceClient,channelBankCardServiceClient,merchantBankCardServiceClient,microAccoutServiceClient,queryPayToolConfigServiceClient,signKeyServiceClient,summaryCardQueryServiceClient,unifiedOrderServiceClient,unifiedPayServiceClient,userMerchantServiceClient,org.springframework.context.annotation.internalConfigurationAnnotationProcessor,org.springframework.context.annotation.internalAutowiredAnnotationProcessor,org.springframework.context.annotation.internalRequiredAnnotationProcessor,org.springframework.context.annotation.internalCommonAnnotationProcessor,signKeyService,merchantConfigService,acquireOrderService,unifiedPayService,unifiedOrderQueryService,unifiedOrderService,bankCardService,merchantBankCardService,userMerchantService,rechargeService,payToolsService,accountService,summaryCardQueryService,novaContainer,beanFactory,org.springframework.aop.config.internalAutoProxyCreator,tracingAop,customerMethodAop,org.springframework.context.annotation.ConfigurationClassPostProcessor.importAwareProcessor,com.alibaba.dubbo.config.ApplicationConfig,haunt,com.alibaba.dubbo.config.MonitorConfig,dubbo,rest,com.alibaba.dubbo.config.spring.AnnotationBean,springUtil,autoLogParamsAspect,retryAspect,nsqTaskDispatcher]; root of factory hierarchy
2017-08-28 17:41:21.985 [main] DEBUG o.s.beans.factory.support.DefaultListableBeanFactory - Returning cached instance of singleton bean 'org.springframework.context.support.PropertySourcesPlaceholderConfigurer#0'
2017-08-28 17:41:21.985 [main] DEBUG o.s.beans.factory.support.DefaultListableBeanFactory - Creating shared instance of singleton bean 'assetCenterUnifiedPayServiceClient'
2017-08-28 17:41:21.985 [main] DEBUG o.s.beans.factory.support.DefaultListableBeanFactory - Creating instance of bean 'assetCenterUnifiedPayServiceClient'
2017-08-28 17:41:21.990 [main] DEBUG o.s.a.aspectj.annotation.ReflectiveAspectJAdvisorFactory - Found AspectJ method: public java.lang.Object com.youzan.nova.framework.cat.annotation.aop.TracingAop.aroundExec(org.aspectj.lang.ProceedingJoinPoint) throws java.lang.Throwable
2017-08-28 17:41:21.992 [main] DEBUG o.s.a.aspectj.annotation.ReflectiveAspectJAdvisorFactory - Found AspectJ method: public java.lang.Object com.youzan.nova.framework.cat.annotation.aop.CustomerMethodAop.aroundExec(org.aspectj.lang.ProceedingJoinPoint) throws java.lang.Throwable
2017-08-28 17:41:21.995 [main] DEBUG o.s.a.aspectj.annotation.ReflectiveAspectJAdvisorFactory - Found AspectJ method: public void com.youzan.pay.core.aspect.AutoLogParamsAspect.before(org.aspectj.lang.JoinPoint)
2017-08-28 17:41:21.998 [main] DEBUG o.s.a.aspectj.annotation.ReflectiveAspectJAdvisorFactory - Found AspectJ method: public java.lang.Object com.youzan.pay.core.aspect.RetryAspect.retryProcess(org.aspectj.lang.ProceedingJoinPoint) throws java.lang.Throwable
2017-08-28 17:41:22.002 [main] DEBUG o.s.beans.factory.annotation.InjectionMetadata - Registered injected element on class [com.youzan.pay.unified.cashier.intergration.client.AssetCenterUnifiedPayServiceClient]: ResourceElement for private com.youzan.pay.assetcenter.api.UnifiedPayService com.youzan.pay.unified.cashier.intergration.client.AssetCenterUnifiedPayServiceClient.unifiedPayService
2017-08-28 17:41:22.005 [main] DEBUG o.s.beans.factory.support.DefaultListableBeanFactory - Eagerly caching bean 'assetCenterUnifiedPayServiceClient' to allow for resolving potential circular references
2017-08-28 17:41:22.007 [main] DEBUG o.s.beans.factory.annotation.InjectionMetadata - Processing injected element of bean 'assetCenterUnifiedPayServiceClient': ResourceElement for private com.youzan.pay.assetcenter.api.UnifiedPayService com.youzan.pay.unified.cashier.intergration.client.AssetCenterUnifiedPayServiceClient.unifiedPayService
2017-08-28 17:41:22.008 [main] DEBUG o.s.beans.factory.support.DefaultListableBeanFactory - Creating shared instance of singleton bean 'unifiedPayService'
2017-08-28 17:41:22.008 [main] DEBUG o.s.beans.factory.support.DefaultListableBeanFactory - Creating instance of bean 'unifiedPayService'
2017-08-28 17:41:22.010 [main] DEBUG o.s.beans.factory.support.DefaultListableBeanFactory - Eagerly caching bean 'unifiedPayService' to allow for resolving potential circular references
2017-08-28 17:41:22.013 [main] DEBUG o.s.beans.factory.support.DefaultListableBeanFactory - Creating shared instance of singleton bean 'haunt'
2017-08-28 17:41:22.014 [main] DEBUG o.s.beans.factory.support.DefaultListableBeanFactory - Creating instance of bean 'haunt'
2017-08-28 17:41:22.020 [main] DEBUG o.s.beans.factory.support.DefaultListableBeanFactory - Eagerly caching bean 'haunt' to allow for resolving potential circular references
2017-08-28 17:41:22.197 [main] DEBUG o.s.beans.factory.support.DefaultListableBeanFactory - Finished creating instance of bean 'haunt'
2017-08-28 17:41:22.198 [main] DEBUG o.s.beans.factory.support.DefaultListableBeanFactory - Invoking afterPropertiesSet() on bean with name 'unifiedPayService'
2017-08-28 17:41:22.199 [main] DEBUG o.s.beans.factory.support.DefaultListableBeanFactory - Creating shared instance of singleton bean 'com.alibaba.dubbo.config.ApplicationConfig'
2017-08-28 17:41:22.199 [main] DEBUG o.s.beans.factory.support.DefaultListableBeanFactory - Creating instance of bean 'com.alibaba.dubbo.config.ApplicationConfig'
2017-08-28 17:41:22.200 [main] DEBUG o.s.beans.factory.support.DefaultListableBeanFactory - Eagerly caching bean 'com.alibaba.dubbo.config.ApplicationConfig' to allow for resolving potential circular references
2017-08-28 17:41:22.201 [main] INFO  com.alibaba.dubbo.common.logger.LoggerFactory - using logger: com.alibaba.dubbo.common.logger.slf4j.Slf4jLoggerAdapter
2017-08-28 17:41:22.277 [main] DEBUG o.s.beans.factory.support.DefaultListableBeanFactory - Finished creating instance of bean 'com.alibaba.dubbo.config.ApplicationConfig'
2017-08-28 17:41:22.279 [main] DEBUG o.s.beans.factory.support.DefaultListableBeanFactory - Creating shared instance of singleton bean 'com.alibaba.dubbo.config.MonitorConfig'
2017-08-28 17:41:22.279 [main] DEBUG o.s.beans.factory.support.DefaultListableBeanFactory - Creating instance of bean 'com.alibaba.dubbo.config.MonitorConfig'
2017-08-28 17:41:22.279 [main] DEBUG o.s.beans.factory.support.DefaultListableBeanFactory - Eagerly caching bean 'com.alibaba.dubbo.config.MonitorConfig' to allow for resolving potential circular references
2017-08-28 17:41:22.316 [main] DEBUG o.s.beans.factory.support.DefaultListableBeanFactory - Finished creating instance of bean 'com.alibaba.dubbo.config.MonitorConfig'
2017-08-28 17:41:22.611 [main] DEBUG o.s.beans.factory.support.DefaultListableBeanFactory - Finished creating instance of bean 'unifiedPayService'
2017-08-28 17:41:22.626 [main] INFO  com.youzan.nova.registry.haunt.HauntRegistry -  [Nova] Register: consumer://172.17.11.56/com.youzan.pay.assetcenter.api.UnifiedPayService?application=pay-ucashier&category=consumers&check=false&dubbo=3.0.9-RELEASE&interface=com.youzan.pay.assetcenter.api.UnifiedPayService&logger=slf4j&methods=warpMultiPay,multiPay,singlePay,wrapMultiPay,wrapSinglePay&owner=pay-ucashier&pid=43551&protocol=dubbo&retries=0&revision=0.0.9-20170817-SNAPSHOT&side=consumer&timeout=5000&timestamp=1503913282620, nova version: 3.0.9-RELEASE, current host: 172.17.11.56
2017-08-28 17:41:22.627 [main] INFO  com.youzan.nova.registry.haunt.HauntRegistry -  [Nova] Subscribe: consumer://172.17.11.56/com.youzan.pay.assetcenter.api.UnifiedPayService?application=pay-ucashier&category=providers,configurators,routers&check=false&dubbo=3.0.9-RELEASE&interface=com.youzan.pay.assetcenter.api.UnifiedPayService&logger=slf4j&methods=warpMultiPay,multiPay,singlePay,wrapMultiPay,wrapSinglePay&owner=pay-ucashier&pid=43551&protocol=dubbo&retries=0&revision=0.0.9-20170817-SNAPSHOT&side=consumer&timeout=5000&timestamp=1503913282620, nova version: 3.0.9-RELEASE, current host: 172.17.11.56
2017-08-28 17:41:22.628 [main] INFO  com.youzan.nova.registry.haunt.HauntRegistry -  [Nova] Notify urls for subscribe url consumer://172.17.11.56/com.youzan.pay.assetcenter.api.UnifiedPayService?application=pay-ucashier&category=providers,configurators,routers&check=false&dubbo=3.0.9-RELEASE&interface=com.youzan.pay.assetcenter.api.UnifiedPayService&logger=slf4j&methods=warpMultiPay,multiPay,singlePay,wrapMultiPay,wrapSinglePay&owner=pay-ucashier&pid=43551&protocol=dubbo&retries=0&revision=0.0.9-20170817-SNAPSHOT&side=consumer&timeout=5000&timestamp=1503913282620, urls: [dubbo://10.9.82.150:28094?application=pay-assetcenter&interface=com.youzan.pay.assetcenter.api.UnifiedPayService&methods=warpMultiPay,multiPay,singlePay,wrapMultiPay,batchPay,wrapSinglePay,&timestamp=1503890765498&weight=100, empty://172.17.11.56/com.youzan.pay.assetcenter.api.UnifiedPayService?application=pay-ucashier&category=configurators&check=false&dubbo=3.0.9-RELEASE&interface=com.youzan.pay.assetcenter.api.UnifiedPayService&logger=slf4j&methods=warpMultiPay,multiPay,singlePay,wrapMultiPay,wrapSinglePay&owner=pay-ucashier&pid=43551&protocol=dubbo&retries=0&revision=0.0.9-20170817-SNAPSHOT&side=consumer&timeout=5000&timestamp=1503913282620, empty://172.17.11.56/com.youzan.pay.assetcenter.api.UnifiedPayService?application=pay-ucashier&category=routers&check=false&dubbo=3.0.9-RELEASE&interface=com.youzan.pay.assetcenter.api.UnifiedPayService&logger=slf4j&methods=warpMultiPay,multiPay,singlePay,wrapMultiPay,wrapSinglePay&owner=pay-ucashier&pid=43551&protocol=dubbo&retries=0&revision=0.0.9-20170817-SNAPSHOT&side=consumer&timeout=5000&timestamp=1503913282620], nova version: 3.0.9-RELEASE, current host: 172.17.11.56
2017-08-28 17:41:22.661 [main] INFO  com.alibaba.dubbo.remoting.transport.AbstractClient -  [Nova] Successed connect to server /10.9.82.150:28094 from NettyClient 172.17.11.56 using dubbo version 3.0.9-RELEASE, channel is NettyChannel [channel=[id: 0xb4644c39, /172.17.11.56:61370 => /10.9.82.150:28094]], nova version: 3.0.9-RELEASE, current host: 172.17.11.56
2017-08-28 17:41:22.661 [main] INFO  com.alibaba.dubbo.remoting.transport.AbstractClient -  [Nova] Start NettyClient wulonghuideMacBook-Pro.local/172.17.11.56 connect to the server /10.9.82.150:28094, nova version: 3.0.9-RELEASE, current host: 172.17.11.56
2017-08-28 17:41:22.662 [main] INFO  com.alibaba.dubbo.config.AbstractConfig -  [Nova] Refer dubbo service com.youzan.pay.assetcenter.api.UnifiedPayService from url haunt://etcd-dev.s.qima-inc.com:2379/com.alibaba.dubbo.registry.RegistryService?application=pay-ucashier&check=false&dubbo=3.0.9-RELEASE&interface=com.youzan.pay.assetcenter.api.UnifiedPayService&logger=slf4j&methods=warpMultiPay,multiPay,singlePay,wrapMultiPay,wrapSinglePay&monitor=http%3A%2F%2Fhawk-dev.s.qima-inc.com%3A80%3Fdubbo%3D3.0.9-RELEASE%26interface%3Dcom.alibaba.dubbo.monitor.MonitorService%26pid%3D43551%26timestamp%3D1503913282622&owner=pay-ucashier&pid=43551&protocol=dubbo&retries=0&revision=0.0.9-20170817-SNAPSHOT&side=consumer&timeout=5000&timestamp=1503913282620&weight=100, nova version: 3.0.9-RELEASE, current host: 172.17.11.56
2017-08-28 17:41:22.697 [main] DEBUG o.s.beans.factory.support.DefaultListableBeanFactory - Finished creating instance of bean 'assetCenterUnifiedPayServiceClient'
2017-08-28 17:41:22.697 [main] DEBUG o.s.beans.factory.support.DefaultListableBeanFactory - Creating shared instance of singleton bean 'cashierOrderStatusSearchClient'
2017-08-28 17:41:22.697 [main] DEBUG o.s.beans.factory.support.DefaultListableBeanFactory - Creating instance of bean 'cashierOrderStatusSearchClient'
2017-08-28 17:41:22.697 [main] DEBUG o.s.beans.factory.annotation.InjectionMetadata - Registered injected element on class [com.youzan.pay.unified.cashier.intergration.client.CashierOrderStatusSearchClient]: ResourceElement for private com.youzan.pay.assetcenter.api.AcquireOrderService com.youzan.pay.unified.cashier.intergration.client.CashierOrderStatusSearchClient.acquireOrderService
2017-08-28 17:41:22.698 [main] DEBUG o.s.beans.factory.support.DefaultListableBeanFactory - Eagerly caching bean 'cashierOrderStatusSearchClient' to allow for resolving potential circular references
2017-08-28 17:41:22.698 [main] DEBUG o.s.beans.factory.annotation.InjectionMetadata - Processing injected element of bean 'cashierOrderStatusSearchClient': ResourceElement for private com.youzan.pay.assetcenter.api.AcquireOrderService com.youzan.pay.unified.cashier.intergration.client.CashierOrderStatusSearchClient.acquireOrderService
2017-08-28 17:41:22.698 [main] DEBUG o.s.beans.factory.support.DefaultListableBeanFactory - Creating shared instance of singleton bean 'acquireOrderService'
2017-08-28 17:41:22.698 [main] DEBUG o.s.beans.factory.support.DefaultListableBeanFactory - Creating instance of bean 'acquireOrderService'
2017-08-28 17:41:22.699 [main] DEBUG o.s.beans.factory.support.DefaultListableBeanFactory - Eagerly caching bean 'acquireOrderService' to allow for resolving potential circular references
2017-08-28 17:41:22.700 [main] DEBUG o.s.beans.factory.support.DefaultListableBeanFactory - Returning cached instance of singleton bean 'haunt'
2017-08-28 17:41:22.702 [main] DEBUG o.s.beans.factory.support.DefaultListableBeanFactory - Invoking afterPropertiesSet() on bean with name 'acquireOrderService'
2017-08-28 17:41:22.703 [main] DEBUG o.s.beans.factory.support.DefaultListableBeanFactory - Returning cached instance of singleton bean 'com.alibaba.dubbo.config.ApplicationConfig'
2017-08-28 17:41:22.704 [main] DEBUG o.s.beans.factory.support.DefaultListableBeanFactory - Returning cached instance of singleton bean 'com.alibaba.dubbo.config.MonitorConfig'
2017-08-28 17:41:22.709 [main] DEBUG o.s.beans.factory.support.DefaultListableBeanFactory - Finished creating instance of bean 'acquireOrderService'
2017-08-28 17:41:22.715 [main] INFO  com.youzan.nova.registry.haunt.HauntRegistry -  [Nova] Register: consumer://172.17.11.56/com.youzan.pay.assetcenter.api.AcquireOrderService?application=pay-ucashier&category=consumers&check=false&dubbo=3.0.9-RELEASE&interface=com.youzan.pay.assetcenter.api.AcquireOrderService&logger=slf4j&methods=payNotify,retryInAccount,query,create,pay,revoke&owner=pay-ucashier&pid=43551&protocol=dubbo&retries=0&revision=0.0.9-20170817-SNAPSHOT&side=consumer&timeout=5000&timestamp=1503913282712, nova version: 3.0.9-RELEASE, current host: 172.17.11.56
2017-08-28 17:41:22.715 [main] INFO  com.youzan.nova.registry.haunt.HauntRegistry -  [Nova] Subscribe: consumer://172.17.11.56/com.youzan.pay.assetcenter.api.AcquireOrderService?application=pay-ucashier&category=providers,configurators,routers&check=false&dubbo=3.0.9-RELEASE&interface=com.youzan.pay.assetcenter.api.AcquireOrderService&logger=slf4j&methods=payNotify,retryInAccount,query,create,pay,revoke&owner=pay-ucashier&pid=43551&protocol=dubbo&retries=0&revision=0.0.9-20170817-SNAPSHOT&side=consumer&timeout=5000&timestamp=1503913282712, nova version: 3.0.9-RELEASE, current host: 172.17.11.56
2017-08-28 17:41:22.716 [main] INFO  com.youzan.nova.registry.haunt.HauntRegistry -  [Nova] Notify urls for subscribe url consumer://172.17.11.56/com.youzan.pay.assetcenter.api.AcquireOrderService?application=pay-ucashier&category=providers,configurators,routers&check=false&dubbo=3.0.9-RELEASE&interface=com.youzan.pay.assetcenter.api.AcquireOrderService&logger=slf4j&methods=payNotify,retryInAccount,query,create,pay,revoke&owner=pay-ucashier&pid=43551&protocol=dubbo&retries=0&revision=0.0.9-20170817-SNAPSHOT&side=consumer&timeout=5000&timestamp=1503913282712, urls: [dubbo://10.9.82.150:28094?application=pay-assetcenter&interface=com.youzan.pay.assetcenter.api.AcquireOrderService&methods=payNotify,retryInAccount,query,pay,revoke,create,&timestamp=1503890764801&weight=100, empty://172.17.11.56/com.youzan.pay.assetcenter.api.AcquireOrderService?application=pay-ucashier&category=configurators&check=false&dubbo=3.0.9-RELEASE&interface=com.youzan.pay.assetcenter.api.AcquireOrderService&logger=slf4j&methods=payNotify,retryInAccount,query,create,pay,revoke&owner=pay-ucashier&pid=43551&protocol=dubbo&retries=0&revision=0.0.9-20170817-SNAPSHOT&side=consumer&timeout=5000&timestamp=1503913282712, empty://172.17.11.56/com.youzan.pay.assetcenter.api.AcquireOrderService?application=pay-ucashier&category=routers&check=false&dubbo=3.0.9-RELEASE&interface=com.youzan.pay.assetcenter.api.AcquireOrderService&logger=slf4j&methods=payNotify,retryInAccount,query,create,pay,revoke&owner=pay-ucashier&pid=43551&protocol=dubbo&retries=0&revision=0.0.9-20170817-SNAPSHOT&side=consumer&timeout=5000&timestamp=1503913282712], nova version: 3.0.9-RELEASE, current host: 172.17.11.56
2017-08-28 17:41:22.717 [main] INFO  com.alibaba.dubbo.config.AbstractConfig -  [Nova] Refer dubbo service com.youzan.pay.assetcenter.api.AcquireOrderService from url haunt://etcd-dev.s.qima-inc.com:2379/com.alibaba.dubbo.registry.RegistryService?application=pay-ucashier&check=false&dubbo=3.0.9-RELEASE&interface=com.youzan.pay.assetcenter.api.AcquireOrderService&logger=slf4j&methods=payNotify,retryInAccount,query,create,pay,revoke&monitor=http%3A%2F%2Fhawk-dev.s.qima-inc.com%3A80%3Fdubbo%3D3.0.9-RELEASE%26interface%3Dcom.alibaba.dubbo.monitor.MonitorService%26pid%3D43551%26timestamp%3D1503913282714&owner=pay-ucashier&pid=43551&protocol=dubbo&retries=0&revision=0.0.9-20170817-SNAPSHOT&side=consumer&timeout=5000&timestamp=1503913282712&weight=100, nova version: 3.0.9-RELEASE, current host: 172.17.11.56
2017-08-28 17:41:22.755 [main] DEBUG o.s.beans.factory.support.DefaultListableBeanFactory - Finished creating instance of bean 'cashierOrderStatusSearchClient'
2017-08-28 17:41:22.755 [main] DEBUG o.s.beans.factory.support.DefaultListableBeanFactory - Creating shared instance of singleton bean 'cashierRechargeServiceClient'
2017-08-28 17:41:22.755 [main] DEBUG o.s.beans.factory.support.DefaultListableBeanFactory - Creating instance of bean 'cashierRechargeServiceClient'
2017-08-28 17:41:22.756 [main] DEBUG o.s.beans.factory.annotation.InjectionMetadata - Registered injected element on class [com.youzan.pay.unified.cashier.intergration.client.CashierRechargeServiceClient]: ResourceElement for private com.youzan.pay.assetcenter.api.RechargeService com.youzan.pay.unified.cashier.intergration.client.CashierRechargeServiceClient.rechargeService
2017-08-28 17:41:22.756 [main] DEBUG o.s.beans.factory.support.DefaultListableBeanFactory - Eagerly caching bean 'cashierRechargeServiceClient' to allow for resolving potential circular references
2017-08-28 17:41:22.756 [main] DEBUG o.s.beans.factory.annotation.InjectionMetadata - Processing injected element of bean 'cashierRechargeServiceClient': ResourceElement for private com.youzan.pay.assetcenter.api.RechargeService com.youzan.pay.unified.cashier.intergration.client.CashierRechargeServiceClient.rechargeService
2017-08-28 17:41:22.756 [main] DEBUG o.s.beans.factory.support.DefaultListableBeanFactory - Creating shared instance of singleton bean 'rechargeService'
2017-08-28 17:41:22.756 [main] DEBUG o.s.beans.factory.support.DefaultListableBeanFactory - Creating instance of bean 'rechargeService'
2017-08-28 17:41:22.758 [main] DEBUG o.s.beans.factory.support.DefaultListableBeanFactory - Eagerly caching bean 'rechargeService' to allow for resolving potential circular references
2017-08-28 17:41:22.761 [main] DEBUG o.s.beans.factory.support.DefaultListableBeanFactory - Returning cached instance of singleton bean 'haunt'
2017-08-28 17:41:22.766 [main] DEBUG o.s.beans.factory.support.DefaultListableBeanFactory - Invoking afterPropertiesSet() on bean with name 'rechargeService'
2017-08-28 17:41:22.767 [main] DEBUG o.s.beans.factory.support.DefaultListableBeanFactory - Returning cached instance of singleton bean 'com.alibaba.dubbo.config.ApplicationConfig'
2017-08-28 17:41:22.768 [main] DEBUG o.s.beans.factory.support.DefaultListableBeanFactory - Returning cached instance of singleton bean 'com.alibaba.dubbo.config.MonitorConfig'
2017-08-28 17:41:22.772 [main] DEBUG o.s.beans.factory.support.DefaultListableBeanFactory - Finished creating instance of bean 'rechargeService'
2017-08-28 17:41:22.775 [main] INFO  com.youzan.nova.registry.haunt.HauntRegistry -  [Nova] Register: consumer://172.17.11.56/com.youzan.pay.assetcenter.api.RechargeService?application=pay-ucashier&category=consumers&check=false&dubbo=3.0.9-RELEASE&interface=com.youzan.pay.assetcenter.api.RechargeService&logger=slf4j&methods=rechargePay,wrapCreate,create,wrapRechargePay&owner=pay-ucashier&pid=43551&protocol=dubbo&retries=0&revision=0.0.9-20170817-SNAPSHOT&side=consumer&timeout=5000&timestamp=1503913282773, nova version: 3.0.9-RELEASE, current host: 172.17.11.56
2017-08-28 17:41:22.776 [main] INFO  com.youzan.nova.registry.haunt.HauntRegistry -  [Nova] Subscribe: consumer://172.17.11.56/com.youzan.pay.assetcenter.api.RechargeService?application=pay-ucashier&category=providers,configurators,routers&check=false&dubbo=3.0.9-RELEASE&interface=com.youzan.pay.assetcenter.api.RechargeService&logger=slf4j&methods=rechargePay,wrapCreate,create,wrapRechargePay&owner=pay-ucashier&pid=43551&protocol=dubbo&retries=0&revision=0.0.9-20170817-SNAPSHOT&side=consumer&timeout=5000&timestamp=1503913282773, nova version: 3.0.9-RELEASE, current host: 172.17.11.56
2017-08-28 17:41:22.777 [main] INFO  com.youzan.nova.registry.haunt.HauntRegistry -  [Nova] Notify urls for subscribe url consumer://172.17.11.56/com.youzan.pay.assetcenter.api.RechargeService?application=pay-ucashier&category=providers,configurators,routers&check=false&dubbo=3.0.9-RELEASE&interface=com.youzan.pay.assetcenter.api.RechargeService&logger=slf4j&methods=rechargePay,wrapCreate,create,wrapRechargePay&owner=pay-ucashier&pid=43551&protocol=dubbo&retries=0&revision=0.0.9-20170817-SNAPSHOT&side=consumer&timeout=5000&timestamp=1503913282773, urls: [dubbo://10.9.82.150:28094?application=pay-assetcenter&interface=com.youzan.pay.assetcenter.api.RechargeService&methods=rechargePay,wrapCreate,create,wrapRechargePay,&timestamp=1503890766143&weight=100, empty://172.17.11.56/com.youzan.pay.assetcenter.api.RechargeService?application=pay-ucashier&category=configurators&check=false&dubbo=3.0.9-RELEASE&interface=com.youzan.pay.assetcenter.api.RechargeService&logger=slf4j&methods=rechargePay,wrapCreate,create,wrapRechargePay&owner=pay-ucashier&pid=43551&protocol=dubbo&retries=0&revision=0.0.9-20170817-SNAPSHOT&side=consumer&timeout=5000&timestamp=1503913282773, empty://172.17.11.56/com.youzan.pay.assetcenter.api.RechargeService?application=pay-ucashier&category=routers&check=false&dubbo=3.0.9-RELEASE&interface=com.youzan.pay.assetcenter.api.RechargeService&logger=slf4j&methods=rechargePay,wrapCreate,create,wrapRechargePay&owner=pay-ucashier&pid=43551&protocol=dubbo&retries=0&revision=0.0.9-20170817-SNAPSHOT&side=consumer&timeout=5000&timestamp=1503913282773], nova version: 3.0.9-RELEASE, current host: 172.17.11.56
2017-08-28 17:41:22.794 [main] INFO  com.alibaba.dubbo.config.AbstractConfig -  [Nova] Refer dubbo service com.youzan.pay.assetcenter.api.RechargeService from url haunt://etcd-dev.s.qima-inc.com:2379/com.alibaba.dubbo.registry.RegistryService?application=pay-ucashier&check=false&dubbo=3.0.9-RELEASE&interface=com.youzan.pay.assetcenter.api.RechargeService&logger=slf4j&methods=rechargePay,wrapCreate,create,wrapRechargePay&monitor=http%3A%2F%2Fhawk-dev.s.qima-inc.com%3A80%3Fdubbo%3D3.0.9-RELEASE%26interface%3Dcom.alibaba.dubbo.monitor.MonitorService%26pid%3D43551%26timestamp%3D1503913282774&owner=pay-ucashier&pid=43551&protocol=dubbo&retries=0&revision=0.0.9-20170817-SNAPSHOT&side=consumer&timeout=5000&timestamp=1503913282773&weight=100, nova version: 3.0.9-RELEASE, current host: 172.17.11.56
2017-08-28 17:41:22.828 [main] DEBUG o.s.beans.factory.support.DefaultListableBeanFactory - Finished creating instance of bean 'cashierRechargeServiceClient'
2017-08-28 17:41:22.829 [main] DEBUG o.s.beans.factory.support.DefaultListableBeanFactory - Creating shared instance of singleton bean 'channelBankCardServiceClient'
2017-08-28 17:41:22.829 [main] DEBUG o.s.beans.factory.support.DefaultListableBeanFactory - Creating instance of bean 'channelBankCardServiceClient'
2017-08-28 17:41:22.830 [main] DEBUG o.s.beans.factory.annotation.InjectionMetadata - Registered injected element on class [com.youzan.pay.unified.cashier.intergration.client.ChannelBankCardServiceClient]: ResourceElement for private com.youzan.pay.fundchannel.open.api.BankCardService com.youzan.pay.unified.cashier.intergration.client.ChannelBankCardServiceClient.bankCardService
2017-08-28 17:41:22.830 [main] DEBUG o.s.beans.factory.support.DefaultListableBeanFactory - Eagerly caching bean 'channelBankCardServiceClient' to allow for resolving potential circular references
2017-08-28 17:41:22.830 [main] DEBUG o.s.beans.factory.annotation.InjectionMetadata - Processing injected element of bean 'channelBankCardServiceClient': ResourceElement for private com.youzan.pay.fundchannel.open.api.BankCardService com.youzan.pay.unified.cashier.intergration.client.ChannelBankCardServiceClient.bankCardService
2017-08-28 17:41:22.830 [main] DEBUG o.s.beans.factory.support.DefaultListableBeanFactory - Creating shared instance of singleton bean 'bankCardService'
2017-08-28 17:41:22.830 [main] DEBUG o.s.beans.factory.support.DefaultListableBeanFactory - Creating instance of bean 'bankCardService'
2017-08-28 17:41:22.831 [main] DEBUG o.s.beans.factory.support.DefaultListableBeanFactory - Eagerly caching bean 'bankCardService' to allow for resolving potential circular references
2017-08-28 17:41:22.833 [main] DEBUG o.s.beans.factory.support.DefaultListableBeanFactory - Returning cached instance of singleton bean 'haunt'
2017-08-28 17:41:22.835 [main] DEBUG o.s.beans.factory.support.DefaultListableBeanFactory - Invoking afterPropertiesSet() on bean with name 'bankCardService'
2017-08-28 17:41:22.836 [main] DEBUG o.s.beans.factory.support.DefaultListableBeanFactory - Returning cached instance of singleton bean 'com.alibaba.dubbo.config.ApplicationConfig'
2017-08-28 17:41:22.837 [main] DEBUG o.s.beans.factory.support.DefaultListableBeanFactory - Returning cached instance of singleton bean 'com.alibaba.dubbo.config.MonitorConfig'
2017-08-28 17:41:22.841 [main] DEBUG o.s.beans.factory.support.DefaultListableBeanFactory - Finished creating instance of bean 'bankCardService'
2017-08-28 17:41:22.845 [main] INFO  com.youzan.nova.registry.haunt.HauntRegistry -  [Nova] Register: consumer://172.17.11.56/com.youzan.pay.fundchannel.open.api.BankCardService?application=pay-ucashier&category=consumers&check=false&dubbo=3.0.9-RELEASE&interface=com.youzan.pay.fundchannel.open.api.BankCardService&logger=slf4j&methods=checkCard,sendSms,checkBankBinding,payConfirm&owner=pay-ucashier&pid=43551&protocol=dubbo&retries=0&revision=1.0.0-20170710-RELEASE&side=consumer&timeout=5000&timestamp=1503913282843, nova version: 3.0.9-RELEASE, current host: 172.17.11.56
2017-08-28 17:41:22.846 [main] INFO  com.youzan.nova.registry.haunt.HauntRegistry -  [Nova] Subscribe: consumer://172.17.11.56/com.youzan.pay.fundchannel.open.api.BankCardService?application=pay-ucashier&category=providers,configurators,routers&check=false&dubbo=3.0.9-RELEASE&interface=com.youzan.pay.fundchannel.open.api.BankCardService&logger=slf4j&methods=checkCard,sendSms,checkBankBinding,payConfirm&owner=pay-ucashier&pid=43551&protocol=dubbo&retries=0&revision=1.0.0-20170710-RELEASE&side=consumer&timeout=5000&timestamp=1503913282843, nova version: 3.0.9-RELEASE, current host: 172.17.11.56
2017-08-28 17:41:22.846 [main] INFO  com.youzan.nova.registry.haunt.HauntRegistry -  [Nova] Notify urls for subscribe url consumer://172.17.11.56/com.youzan.pay.fundchannel.open.api.BankCardService?application=pay-ucashier&category=providers,configurators,routers&check=false&dubbo=3.0.9-RELEASE&interface=com.youzan.pay.fundchannel.open.api.BankCardService&logger=slf4j&methods=checkCard,sendSms,checkBankBinding,payConfirm&owner=pay-ucashier&pid=43551&protocol=dubbo&retries=0&revision=1.0.0-20170710-RELEASE&side=consumer&timeout=5000&timestamp=1503913282843, urls: [dubbo://10.9.196.183:28096?application=pay-fund-channel&interface=com.youzan.pay.fundchannel.open.api.BankCardService&methods=checkCard,sendSms,checkBankBinding,payConfirm,&timestamp=1503389549681&weight=100, empty://172.17.11.56/com.youzan.pay.fundchannel.open.api.BankCardService?application=pay-ucashier&category=configurators&check=false&dubbo=3.0.9-RELEASE&interface=com.youzan.pay.fundchannel.open.api.BankCardService&logger=slf4j&methods=checkCard,sendSms,checkBankBinding,payConfirm&owner=pay-ucashier&pid=43551&protocol=dubbo&retries=0&revision=1.0.0-20170710-RELEASE&side=consumer&timeout=5000&timestamp=1503913282843, empty://172.17.11.56/com.youzan.pay.fundchannel.open.api.BankCardService?application=pay-ucashier&category=routers&check=false&dubbo=3.0.9-RELEASE&interface=com.youzan.pay.fundchannel.open.api.BankCardService&logger=slf4j&methods=checkCard,sendSms,checkBankBinding,payConfirm&owner=pay-ucashier&pid=43551&protocol=dubbo&retries=0&revision=1.0.0-20170710-RELEASE&side=consumer&timeout=5000&timestamp=1503913282843], nova version: 3.0.9-RELEASE, current host: 172.17.11.56
2017-08-28 17:41:22.880 [main] INFO  com.alibaba.dubbo.remoting.transport.AbstractClient -  [Nova] Successed connect to server /10.9.196.183:28096 from NettyClient 172.17.11.56 using dubbo version 3.0.9-RELEASE, channel is NettyChannel [channel=[id: 0xa7fb3656, /172.17.11.56:61371 => /10.9.196.183:28096]], nova version: 3.0.9-RELEASE, current host: 172.17.11.56
2017-08-28 17:41:22.880 [main] INFO  com.alibaba.dubbo.remoting.transport.AbstractClient -  [Nova] Start NettyClient wulonghuideMacBook-Pro.local/172.17.11.56 connect to the server /10.9.196.183:28096, nova version: 3.0.9-RELEASE, current host: 172.17.11.56
2017-08-28 17:41:22.881 [main] INFO  com.alibaba.dubbo.config.AbstractConfig -  [Nova] Refer dubbo service com.youzan.pay.fundchannel.open.api.BankCardService from url haunt://etcd-dev.s.qima-inc.com:2379/com.alibaba.dubbo.registry.RegistryService?application=pay-ucashier&check=false&dubbo=3.0.9-RELEASE&interface=com.youzan.pay.fundchannel.open.api.BankCardService&logger=slf4j&methods=checkCard,sendSms,checkBankBinding,payConfirm&monitor=http%3A%2F%2Fhawk-dev.s.qima-inc.com%3A80%3Fdubbo%3D3.0.9-RELEASE%26interface%3Dcom.alibaba.dubbo.monitor.MonitorService%26pid%3D43551%26timestamp%3D1503913282844&owner=pay-ucashier&pid=43551&protocol=dubbo&retries=0&revision=1.0.0-20170710-RELEASE&side=consumer&timeout=5000&timestamp=1503913282843&weight=100, nova version: 3.0.9-RELEASE, current host: 172.17.11.56
2017-08-28 17:41:22.910 [main] DEBUG o.s.beans.factory.support.DefaultListableBeanFactory - Finished creating instance of bean 'channelBankCardServiceClient'
2017-08-28 17:41:22.911 [main] DEBUG o.s.beans.factory.support.DefaultListableBeanFactory - Creating shared instance of singleton bean 'merchantBankCardServiceClient'
2017-08-28 17:41:22.911 [main] DEBUG o.s.beans.factory.support.DefaultListableBeanFactory - Creating instance of bean 'merchantBankCardServiceClient'
2017-08-28 17:41:22.913 [main] DEBUG o.s.beans.factory.annotation.InjectionMetadata - Registered injected element on class [com.youzan.pay.unified.cashier.intergration.client.MerchantBankCardServiceClient]: ResourceElement for private com.youzan.pay.customer.api.BankCardService com.youzan.pay.unified.cashier.intergration.client.MerchantBankCardServiceClient.merchantBankCardService
2017-08-28 17:41:22.913 [main] DEBUG o.s.beans.factory.support.DefaultListableBeanFactory - Eagerly caching bean 'merchantBankCardServiceClient' to allow for resolving potential circular references
2017-08-28 17:41:22.913 [main] DEBUG o.s.beans.factory.annotation.InjectionMetadata - Processing injected element of bean 'merchantBankCardServiceClient': ResourceElement for private com.youzan.pay.customer.api.BankCardService com.youzan.pay.unified.cashier.intergration.client.MerchantBankCardServiceClient.merchantBankCardService
2017-08-28 17:41:22.914 [main] DEBUG o.s.beans.factory.support.DefaultListableBeanFactory - Creating shared instance of singleton bean 'merchantBankCardService'
2017-08-28 17:41:22.914 [main] DEBUG o.s.beans.factory.support.DefaultListableBeanFactory - Creating instance of bean 'merchantBankCardService'
2017-08-28 17:41:22.916 [main] DEBUG o.s.beans.factory.support.DefaultListableBeanFactory - Eagerly caching bean 'merchantBankCardService' to allow for resolving potential circular references
2017-08-28 17:41:22.917 [main] DEBUG o.s.beans.factory.support.DefaultListableBeanFactory - Returning cached instance of singleton bean 'haunt'
2017-08-28 17:41:22.918 [main] DEBUG o.s.beans.factory.support.DefaultListableBeanFactory - Invoking afterPropertiesSet() on bean with name 'merchantBankCardService'
2017-08-28 17:41:22.920 [main] DEBUG o.s.beans.factory.support.DefaultListableBeanFactory - Returning cached instance of singleton bean 'com.alibaba.dubbo.config.ApplicationConfig'
2017-08-28 17:41:22.926 [main] DEBUG o.s.beans.factory.support.DefaultListableBeanFactory - Returning cached instance of singleton bean 'com.alibaba.dubbo.config.MonitorConfig'
2017-08-28 17:41:22.932 [main] DEBUG o.s.beans.factory.support.DefaultListableBeanFactory - Finished creating instance of bean 'merchantBankCardService'
2017-08-28 17:41:22.936 [main] INFO  com.youzan.nova.registry.haunt.HauntRegistry -  [Nova] Register: consumer://172.17.11.56/com.youzan.pay.customer.api.BankCardService?application=pay-ucashier&category=consumers&check=false&dubbo=3.0.9-RELEASE&interface=com.youzan.pay.customer.api.BankCardService&logger=slf4j&methods=getBoundBankCard,bindQuackPayCard,bindCard,unbindQuickPayCard,queryBoundQuickPayCard&owner=pay-ucashier&pid=43551&protocol=dubbo&retries=0&revision=0.0.7-20170804-RELEASE&side=consumer&timeout=5000&timestamp=1503913282933, nova version: 3.0.9-RELEASE, current host: 172.17.11.56
2017-08-28 17:41:22.937 [main] INFO  com.youzan.nova.registry.haunt.HauntRegistry -  [Nova] Subscribe: consumer://172.17.11.56/com.youzan.pay.customer.api.BankCardService?application=pay-ucashier&category=providers,configurators,routers&check=false&dubbo=3.0.9-RELEASE&interface=com.youzan.pay.customer.api.BankCardService&logger=slf4j&methods=getBoundBankCard,bindQuackPayCard,bindCard,unbindQuickPayCard,queryBoundQuickPayCard&owner=pay-ucashier&pid=43551&protocol=dubbo&retries=0&revision=0.0.7-20170804-RELEASE&side=consumer&timeout=5000&timestamp=1503913282933, nova version: 3.0.9-RELEASE, current host: 172.17.11.56
2017-08-28 17:41:22.937 [main] INFO  com.youzan.nova.registry.haunt.HauntRegistry -  [Nova] Notify urls for subscribe url consumer://172.17.11.56/com.youzan.pay.customer.api.BankCardService?application=pay-ucashier&category=providers,configurators,routers&check=false&dubbo=3.0.9-RELEASE&interface=com.youzan.pay.customer.api.BankCardService&logger=slf4j&methods=getBoundBankCard,bindQuackPayCard,bindCard,unbindQuickPayCard,queryBoundQuickPayCard&owner=pay-ucashier&pid=43551&protocol=dubbo&retries=0&revision=0.0.7-20170804-RELEASE&side=consumer&timeout=5000&timestamp=1503913282933, urls: [dubbo://172.16.8.185:28081?application=pay-customer&interface=com.youzan.pay.customer.api.BankCardService&methods=bindQuackPayCard,getBoundBankCard,bindCard_2_0_0,unbindQuickPayCard,bindCard,queryBoundQuickPayCard,&timestamp=1503899411797&weight=100, dubbo://10.9.196.183:28081?application=pay-customer&interface=com.youzan.pay.customer.api.BankCardService&methods=bindQuackPayCard,getBoundBankCard,unbindQuickPayCard,bindCard,queryBoundQuickPayCard,&timestamp=1503886744702&weight=100, dubbo://10.9.82.150:28081?application=pay-customer&interface=com.youzan.pay.customer.api.BankCardService&methods=getBoundBankCard,bindQuackPayCard,unbindQuickPayCard,bindCard,queryBoundQuickPayCard,&timestamp=1499329634155&weight=100, empty://172.17.11.56/com.youzan.pay.customer.api.BankCardService?application=pay-ucashier&category=configurators&check=false&dubbo=3.0.9-RELEASE&interface=com.youzan.pay.customer.api.BankCardService&logger=slf4j&methods=getBoundBankCard,bindQuackPayCard,bindCard,unbindQuickPayCard,queryBoundQuickPayCard&owner=pay-ucashier&pid=43551&protocol=dubbo&retries=0&revision=0.0.7-20170804-RELEASE&side=consumer&timeout=5000&timestamp=1503913282933, empty://172.17.11.56/com.youzan.pay.customer.api.BankCardService?application=pay-ucashier&category=routers&check=false&dubbo=3.0.9-RELEASE&interface=com.youzan.pay.customer.api.BankCardService&logger=slf4j&methods=getBoundBankCard,bindQuackPayCard,bindCard,unbindQuickPayCard,queryBoundQuickPayCard&owner=pay-ucashier&pid=43551&protocol=dubbo&retries=0&revision=0.0.7-20170804-RELEASE&side=consumer&timeout=5000&timestamp=1503913282933], nova version: 3.0.9-RELEASE, current host: 172.17.11.56
2017-08-28 17:41:23.080 [main] INFO  com.alibaba.dubbo.remoting.transport.AbstractClient -  [Nova] Successed connect to server /172.16.8.185:28081 from NettyClient 172.17.11.56 using dubbo version 3.0.9-RELEASE, channel is NettyChannel [channel=[id: 0xb1250cf2, /172.17.11.56:61373 => /172.16.8.185:28081]], nova version: 3.0.9-RELEASE, current host: 172.17.11.56
2017-08-28 17:41:23.081 [main] INFO  com.alibaba.dubbo.remoting.transport.AbstractClient -  [Nova] Start NettyClient wulonghuideMacBook-Pro.local/172.17.11.56 connect to the server /172.16.8.185:28081, nova version: 3.0.9-RELEASE, current host: 172.17.11.56
2017-08-28 17:41:23.112 [main] INFO  com.alibaba.dubbo.remoting.transport.AbstractClient -  [Nova] Successed connect to server /10.9.196.183:28081 from NettyClient 172.17.11.56 using dubbo version 3.0.9-RELEASE, channel is NettyChannel [channel=[id: 0xc68bc017, /172.17.11.56:61375 => /10.9.196.183:28081]], nova version: 3.0.9-RELEASE, current host: 172.17.11.56
2017-08-28 17:41:23.113 [main] INFO  com.alibaba.dubbo.remoting.transport.AbstractClient -  [Nova] Start NettyClient wulonghuideMacBook-Pro.local/172.17.11.56 connect to the server /10.9.196.183:28081, nova version: 3.0.9-RELEASE, current host: 172.17.11.56
2017-08-28 17:41:23.150 [main] INFO  com.alibaba.dubbo.remoting.transport.AbstractClient -  [Nova] Successed connect to server /10.9.82.150:28081 from NettyClient 172.17.11.56 using dubbo version 3.0.9-RELEASE, channel is NettyChannel [channel=[id: 0x06dc9488, /172.17.11.56:61376 => /10.9.82.150:28081]], nova version: 3.0.9-RELEASE, current host: 172.17.11.56
2017-08-28 17:41:23.150 [main] INFO  com.alibaba.dubbo.remoting.transport.AbstractClient -  [Nova] Start NettyClient wulonghuideMacBook-Pro.local/172.17.11.56 connect to the server /10.9.82.150:28081, nova version: 3.0.9-RELEASE, current host: 172.17.11.56
2017-08-28 17:41:23.151 [main] INFO  com.alibaba.dubbo.config.AbstractConfig -  [Nova] Refer dubbo service com.youzan.pay.customer.api.BankCardService from url haunt://etcd-dev.s.qima-inc.com:2379/com.alibaba.dubbo.registry.RegistryService?application=pay-ucashier&check=false&dubbo=3.0.9-RELEASE&interface=com.youzan.pay.customer.api.BankCardService&logger=slf4j&methods=getBoundBankCard,bindQuackPayCard,bindCard,unbindQuickPayCard,queryBoundQuickPayCard&monitor=http%3A%2F%2Fhawk-dev.s.qima-inc.com%3A80%3Fdubbo%3D3.0.9-RELEASE%26interface%3Dcom.alibaba.dubbo.monitor.MonitorService%26pid%3D43551%26timestamp%3D1503913282935&owner=pay-ucashier&pid=43551&protocol=dubbo&retries=0&revision=0.0.7-20170804-RELEASE&side=consumer&timeout=5000&timestamp=1503913282933&weight=100, nova version: 3.0.9-RELEASE, current host: 172.17.11.56
2017-08-28 17:41:23.186 [main] DEBUG o.s.beans.factory.support.DefaultListableBeanFactory - Finished creating instance of bean 'merchantBankCardServiceClient'
2017-08-28 17:41:23.187 [main] DEBUG o.s.beans.factory.support.DefaultListableBeanFactory - Creating shared instance of singleton bean 'microAccoutServiceClient'
2017-08-28 17:41:23.187 [main] DEBUG o.s.beans.factory.support.DefaultListableBeanFactory - Creating instance of bean 'microAccoutServiceClient'
2017-08-28 17:41:23.189 [main] DEBUG o.s.beans.factory.annotation.InjectionMetadata - Registered injected element on class [com.youzan.pay.unified.cashier.intergration.client.MicroAccoutServiceClient]: ResourceElement for private com.youzan.pay.microaccount.prepaidcard.service.AccountService com.youzan.pay.unified.cashier.intergration.client.MicroAccoutServiceClient.accountService
2017-08-28 17:41:23.191 [main] DEBUG o.s.beans.factory.support.DefaultListableBeanFactory - Eagerly caching bean 'microAccoutServiceClient' to allow for resolving potential circular references
2017-08-28 17:41:23.194 [main] DEBUG o.s.beans.factory.annotation.InjectionMetadata - Processing injected element of bean 'microAccoutServiceClient': ResourceElement for private com.youzan.pay.microaccount.prepaidcard.service.AccountService com.youzan.pay.unified.cashier.intergration.client.MicroAccoutServiceClient.accountService
2017-08-28 17:41:23.194 [main] DEBUG o.s.beans.factory.support.DefaultListableBeanFactory - Creating shared instance of singleton bean 'accountService'
2017-08-28 17:41:23.195 [main] DEBUG o.s.beans.factory.support.DefaultListableBeanFactory - Creating instance of bean 'accountService'
2017-08-28 17:41:23.198 [main] DEBUG o.s.beans.factory.support.DefaultListableBeanFactory - Eagerly caching bean 'accountService' to allow for resolving potential circular references
2017-08-28 17:41:23.199 [main] DEBUG o.s.beans.factory.support.DefaultListableBeanFactory - Returning cached instance of singleton bean 'haunt'
2017-08-28 17:41:23.201 [main] DEBUG o.s.beans.factory.support.DefaultListableBeanFactory - Invoking afterPropertiesSet() on bean with name 'accountService'
2017-08-28 17:41:23.202 [main] DEBUG o.s.beans.factory.support.DefaultListableBeanFactory - Returning cached instance of singleton bean 'com.alibaba.dubbo.config.ApplicationConfig'
2017-08-28 17:41:23.202 [main] DEBUG o.s.beans.factory.support.DefaultListableBeanFactory - Returning cached instance of singleton bean 'com.alibaba.dubbo.config.MonitorConfig'
2017-08-28 17:41:23.206 [main] DEBUG o.s.beans.factory.support.DefaultListableBeanFactory - Finished creating instance of bean 'accountService'
2017-08-28 17:41:23.212 [main] INFO  com.youzan.nova.registry.haunt.HauntRegistry -  [Nova] Register: consumer://172.17.11.56/com.youzan.pay.microaccount.prepaidcard.service.AccountService?application=pay-ucashier&category=consumers&check=false&dubbo=3.0.9-RELEASE&interface=com.youzan.pay.microaccount.prepaidcard.service.AccountService&logger=slf4j&methods=getAccountByRefundNo,getAccountByPaymentNo,getAccountByRechargeNo,unfreeze,getAccountLogPaging,getPayAccount,freeze,getBatchOfBByUsers,getAccountLog,getAccountByUserNos,get&owner=pay-ucashier&pid=43551&protocol=dubbo&retries=0&revision=0.2.6-20170801-SNAPSHOT&side=consumer&timeout=5000&timestamp=1503913283209, nova version: 3.0.9-RELEASE, current host: 172.17.11.56
2017-08-28 17:41:23.212 [main] INFO  com.youzan.nova.registry.haunt.HauntRegistry -  [Nova] Subscribe: consumer://172.17.11.56/com.youzan.pay.microaccount.prepaidcard.service.AccountService?application=pay-ucashier&category=providers,configurators,routers&check=false&dubbo=3.0.9-RELEASE&interface=com.youzan.pay.microaccount.prepaidcard.service.AccountService&logger=slf4j&methods=getAccountByRefundNo,getAccountByPaymentNo,getAccountByRechargeNo,unfreeze,getAccountLogPaging,getPayAccount,freeze,getBatchOfBByUsers,getAccountLog,getAccountByUserNos,get&owner=pay-ucashier&pid=43551&protocol=dubbo&retries=0&revision=0.2.6-20170801-SNAPSHOT&side=consumer&timeout=5000&timestamp=1503913283209, nova version: 3.0.9-RELEASE, current host: 172.17.11.56
2017-08-28 17:41:23.212 [main] INFO  com.youzan.nova.registry.haunt.HauntRegistry -  [Nova] Notify urls for subscribe url consumer://172.17.11.56/com.youzan.pay.microaccount.prepaidcard.service.AccountService?application=pay-ucashier&category=providers,configurators,routers&check=false&dubbo=3.0.9-RELEASE&interface=com.youzan.pay.microaccount.prepaidcard.service.AccountService&logger=slf4j&methods=getAccountByRefundNo,getAccountByPaymentNo,getAccountByRechargeNo,unfreeze,getAccountLogPaging,getPayAccount,freeze,getBatchOfBByUsers,getAccountLog,getAccountByUserNos,get&owner=pay-ucashier&pid=43551&protocol=dubbo&retries=0&revision=0.2.6-20170801-SNAPSHOT&side=consumer&timeout=5000&timestamp=1503913283209, urls: [empty://172.17.11.56/com.youzan.pay.microaccount.prepaidcard.service.AccountService?application=pay-ucashier&category=providers&check=false&dubbo=3.0.9-RELEASE&interface=com.youzan.pay.microaccount.prepaidcard.service.AccountService&logger=slf4j&methods=getAccountByRefundNo,getAccountByPaymentNo,getAccountByRechargeNo,unfreeze,getAccountLogPaging,getPayAccount,freeze,getBatchOfBByUsers,getAccountLog,getAccountByUserNos,get&owner=pay-ucashier&pid=43551&protocol=dubbo&retries=0&revision=0.2.6-20170801-SNAPSHOT&side=consumer&timeout=5000&timestamp=1503913283209, empty://172.17.11.56/com.youzan.pay.microaccount.prepaidcard.service.AccountService?application=pay-ucashier&category=configurators&check=false&dubbo=3.0.9-RELEASE&interface=com.youzan.pay.microaccount.prepaidcard.service.AccountService&logger=slf4j&methods=getAccountByRefundNo,getAccountByPaymentNo,getAccountByRechargeNo,unfreeze,getAccountLogPaging,getPayAccount,freeze,getBatchOfBByUsers,getAccountLog,getAccountByUserNos,get&owner=pay-ucashier&pid=43551&protocol=dubbo&retries=0&revision=0.2.6-20170801-SNAPSHOT&side=consumer&timeout=5000&timestamp=1503913283209, empty://172.17.11.56/com.youzan.pay.microaccount.prepaidcard.service.AccountService?application=pay-ucashier&category=routers&check=false&dubbo=3.0.9-RELEASE&interface=com.youzan.pay.microaccount.prepaidcard.service.AccountService&logger=slf4j&methods=getAccountByRefundNo,getAccountByPaymentNo,getAccountByRechargeNo,unfreeze,getAccountLogPaging,getPayAccount,freeze,getBatchOfBByUsers,getAccountLog,getAccountByUserNos,get&owner=pay-ucashier&pid=43551&protocol=dubbo&retries=0&revision=0.2.6-20170801-SNAPSHOT&side=consumer&timeout=5000&timestamp=1503913283209], nova version: 3.0.9-RELEASE, current host: 172.17.11.56
2017-08-28 17:41:23.214 [main] INFO  com.alibaba.dubbo.config.AbstractConfig -  [Nova] Refer dubbo service com.youzan.pay.microaccount.prepaidcard.service.AccountService from url haunt://etcd-dev.s.qima-inc.com:2379/com.alibaba.dubbo.registry.RegistryService?application=pay-ucashier&check=false&dubbo=3.0.9-RELEASE&interface=com.youzan.pay.microaccount.prepaidcard.service.AccountService&logger=slf4j&methods=getAccountByRefundNo,getAccountByPaymentNo,getAccountByRechargeNo,unfreeze,getAccountLogPaging,getPayAccount,freeze,getBatchOfBByUsers,getAccountLog,getAccountByUserNos,get&owner=pay-ucashier&pid=43551&protocol=dubbo&retries=0&revision=0.2.6-20170801-SNAPSHOT&side=consumer&timeout=5000&timestamp=1503913283209, nova version: 3.0.9-RELEASE, current host: 172.17.11.56
2017-08-28 17:41:23.256 [main] DEBUG o.s.beans.factory.support.DefaultListableBeanFactory - Finished creating instance of bean 'microAccoutServiceClient'
2017-08-28 17:41:23.256 [main] DEBUG o.s.beans.factory.support.DefaultListableBeanFactory - Creating shared instance of singleton bean 'queryPayToolConfigServiceClient'
2017-08-28 17:41:23.256 [main] DEBUG o.s.beans.factory.support.DefaultListableBeanFactory - Creating instance of bean 'queryPayToolConfigServiceClient'
2017-08-28 17:41:23.257 [main] DEBUG o.s.beans.factory.annotation.InjectionMetadata - Registered injected element on class [com.youzan.pay.unified.cashier.intergration.client.QueryPayToolConfigServiceClient]: ResourceElement for private com.youzan.pay.customer.api.PayToolsService com.youzan.pay.unified.cashier.intergration.client.QueryPayToolConfigServiceClient.payToolsService
2017-08-28 17:41:23.257 [main] DEBUG o.s.beans.factory.annotation.InjectionMetadata - Registered injected element on class [com.youzan.pay.unified.cashier.intergration.client.QueryPayToolConfigServiceClient]: ResourceElement for private com.youzan.account.api.UserMerchantService com.youzan.pay.unified.cashier.intergration.client.QueryPayToolConfigServiceClient.userMerchantService
2017-08-28 17:41:23.257 [main] DEBUG o.s.beans.factory.annotation.InjectionMetadata - Registered injected element on class [com.youzan.pay.unified.cashier.intergration.client.QueryPayToolConfigServiceClient]: ResourceElement for private com.youzan.pay.core.cache.redis.RedisCacheManager com.youzan.pay.unified.cashier.intergration.client.QueryPayToolConfigServiceClient.redisCacheManager
2017-08-28 17:41:23.257 [main] DEBUG o.s.beans.factory.support.DefaultListableBeanFactory - Eagerly caching bean 'queryPayToolConfigServiceClient' to allow for resolving potential circular references
2017-08-28 17:41:23.258 [main] DEBUG o.s.beans.factory.annotation.InjectionMetadata - Processing injected element of bean 'queryPayToolConfigServiceClient': ResourceElement for private com.youzan.pay.customer.api.PayToolsService com.youzan.pay.unified.cashier.intergration.client.QueryPayToolConfigServiceClient.payToolsService
2017-08-28 17:41:23.258 [main] DEBUG o.s.beans.factory.support.DefaultListableBeanFactory - Creating shared instance of singleton bean 'payToolsService'
2017-08-28 17:41:23.258 [main] DEBUG o.s.beans.factory.support.DefaultListableBeanFactory - Creating instance of bean 'payToolsService'
2017-08-28 17:41:23.259 [main] DEBUG o.s.beans.factory.support.DefaultListableBeanFactory - Eagerly caching bean 'payToolsService' to allow for resolving potential circular references
2017-08-28 17:41:23.260 [main] DEBUG o.s.beans.factory.support.DefaultListableBeanFactory - Returning cached instance of singleton bean 'haunt'
2017-08-28 17:41:23.261 [main] DEBUG o.s.beans.factory.support.DefaultListableBeanFactory - Invoking afterPropertiesSet() on bean with name 'payToolsService'
2017-08-28 17:41:23.261 [main] DEBUG o.s.beans.factory.support.DefaultListableBeanFactory - Returning cached instance of singleton bean 'com.alibaba.dubbo.config.ApplicationConfig'
2017-08-28 17:41:23.262 [main] DEBUG o.s.beans.factory.support.DefaultListableBeanFactory - Returning cached instance of singleton bean 'com.alibaba.dubbo.config.MonitorConfig'
2017-08-28 17:41:23.265 [main] DEBUG o.s.beans.factory.support.DefaultListableBeanFactory - Finished creating instance of bean 'payToolsService'
2017-08-28 17:41:23.268 [main] INFO  com.youzan.nova.registry.haunt.HauntRegistry -  [Nova] Register: consumer://172.17.11.56/com.youzan.pay.customer.api.PayToolsService?application=pay-ucashier&category=consumers&check=false&dubbo=3.0.9-RELEASE&interface=com.youzan.pay.customer.api.PayToolsService&logger=slf4j&methods=getAvailablePayToolList&owner=pay-ucashier&pid=43551&protocol=dubbo&retries=0&revision=0.0.7-20170804-RELEASE&side=consumer&timeout=5000&timestamp=1503913283267, nova version: 3.0.9-RELEASE, current host: 172.17.11.56
2017-08-28 17:41:23.268 [main] INFO  com.youzan.nova.registry.haunt.HauntRegistry -  [Nova] Subscribe: consumer://172.17.11.56/com.youzan.pay.customer.api.PayToolsService?application=pay-ucashier&category=providers,configurators,routers&check=false&dubbo=3.0.9-RELEASE&interface=com.youzan.pay.customer.api.PayToolsService&logger=slf4j&methods=getAvailablePayToolList&owner=pay-ucashier&pid=43551&protocol=dubbo&retries=0&revision=0.0.7-20170804-RELEASE&side=consumer&timeout=5000&timestamp=1503913283267, nova version: 3.0.9-RELEASE, current host: 172.17.11.56
2017-08-28 17:41:23.269 [main] INFO  com.youzan.nova.registry.haunt.HauntRegistry -  [Nova] Notify urls for subscribe url consumer://172.17.11.56/com.youzan.pay.customer.api.PayToolsService?application=pay-ucashier&category=providers,configurators,routers&check=false&dubbo=3.0.9-RELEASE&interface=com.youzan.pay.customer.api.PayToolsService&logger=slf4j&methods=getAvailablePayToolList&owner=pay-ucashier&pid=43551&protocol=dubbo&retries=0&revision=0.0.7-20170804-RELEASE&side=consumer&timeout=5000&timestamp=1503913283267, urls: [dubbo://172.16.8.185:28081?application=pay-customer&interface=com.youzan.pay.customer.api.PayToolsService&methods=getAvailablePayToolList,&timestamp=1503899423630&weight=100, dubbo://10.9.196.183:28081?application=pay-customer&interface=com.youzan.pay.customer.api.PayToolsService&methods=getAvailablePayToolList,&timestamp=1503886744850&weight=100, empty://172.17.11.56/com.youzan.pay.customer.api.PayToolsService?application=pay-ucashier&category=configurators&check=false&dubbo=3.0.9-RELEASE&interface=com.youzan.pay.customer.api.PayToolsService&logger=slf4j&methods=getAvailablePayToolList&owner=pay-ucashier&pid=43551&protocol=dubbo&retries=0&revision=0.0.7-20170804-RELEASE&side=consumer&timeout=5000&timestamp=1503913283267, empty://172.17.11.56/com.youzan.pay.customer.api.PayToolsService?application=pay-ucashier&category=routers&check=false&dubbo=3.0.9-RELEASE&interface=com.youzan.pay.customer.api.PayToolsService&logger=slf4j&methods=getAvailablePayToolList&owner=pay-ucashier&pid=43551&protocol=dubbo&retries=0&revision=0.0.7-20170804-RELEASE&side=consumer&timeout=5000&timestamp=1503913283267], nova version: 3.0.9-RELEASE, current host: 172.17.11.56
2017-08-28 17:41:23.270 [main] INFO  com.alibaba.dubbo.config.AbstractConfig -  [Nova] Refer dubbo service com.youzan.pay.customer.api.PayToolsService from url haunt://etcd-dev.s.qima-inc.com:2379/com.alibaba.dubbo.registry.RegistryService?application=pay-ucashier&check=false&dubbo=3.0.9-RELEASE&interface=com.youzan.pay.customer.api.PayToolsService&logger=slf4j&methods=getAvailablePayToolList&monitor=http%3A%2F%2Fhawk-dev.s.qima-inc.com%3A80%3Fdubbo%3D3.0.9-RELEASE%26interface%3Dcom.alibaba.dubbo.monitor.MonitorService%26pid%3D43551%26timestamp%3D1503913283268&owner=pay-ucashier&pid=43551&protocol=dubbo&retries=0&revision=0.0.7-20170804-RELEASE&side=consumer&timeout=5000&timestamp=1503913283267&weight=100, nova version: 3.0.9-RELEASE, current host: 172.17.11.56
2017-08-28 17:41:23.278 [main] DEBUG o.s.beans.factory.annotation.InjectionMetadata - Processing injected element of bean 'queryPayToolConfigServiceClient': ResourceElement for private com.youzan.account.api.UserMerchantService com.youzan.pay.unified.cashier.intergration.client.QueryPayToolConfigServiceClient.userMerchantService
2017-08-28 17:41:23.279 [main] DEBUG o.s.beans.factory.support.DefaultListableBeanFactory - Creating shared instance of singleton bean 'userMerchantService'
2017-08-28 17:41:23.279 [main] DEBUG o.s.beans.factory.support.DefaultListableBeanFactory - Creating instance of bean 'userMerchantService'
2017-08-28 17:41:23.281 [main] DEBUG o.s.beans.factory.support.DefaultListableBeanFactory - Eagerly caching bean 'userMerchantService' to allow for resolving potential circular references
2017-08-28 17:41:23.281 [main] DEBUG o.s.beans.factory.support.DefaultListableBeanFactory - Returning cached instance of singleton bean 'haunt'
2017-08-28 17:41:23.282 [main] DEBUG o.s.beans.factory.support.DefaultListableBeanFactory - Invoking afterPropertiesSet() on bean with name 'userMerchantService'
2017-08-28 17:41:23.283 [main] DEBUG o.s.beans.factory.support.DefaultListableBeanFactory - Returning cached instance of singleton bean 'com.alibaba.dubbo.config.ApplicationConfig'
2017-08-28 17:41:23.283 [main] DEBUG o.s.beans.factory.support.DefaultListableBeanFactory - Returning cached instance of singleton bean 'com.alibaba.dubbo.config.MonitorConfig'
2017-08-28 17:41:23.287 [main] DEBUG o.s.beans.factory.support.DefaultListableBeanFactory - Finished creating instance of bean 'userMerchantService'
2017-08-28 17:41:23.297 [main] INFO  com.youzan.nova.registry.haunt.HauntRegistry -  [Nova] Register: consumer://172.17.11.56/com.youzan.account.api.UserMerchantService?application=pay-ucashier&category=consumers&check=false&dubbo=3.0.9-RELEASE&interface=com.youzan.account.api.UserMerchantService&logger=slf4j&methods=getMerchantIdSingleUserId,queryUserIdByMerchantId,getMerchantIdsBatch&owner=pay-ucashier&pid=43551&protocol=dubbo&retries=0&revision=1.1.16-RELEASE&side=consumer&timeout=5000&timestamp=1503913283289, nova version: 3.0.9-RELEASE, current host: 172.17.11.56
2017-08-28 17:41:23.298 [main] INFO  com.youzan.nova.registry.haunt.HauntRegistry -  [Nova] Subscribe: consumer://172.17.11.56/com.youzan.account.api.UserMerchantService?application=pay-ucashier&category=providers,configurators,routers&check=false&dubbo=3.0.9-RELEASE&interface=com.youzan.account.api.UserMerchantService&logger=slf4j&methods=getMerchantIdSingleUserId,queryUserIdByMerchantId,getMerchantIdsBatch&owner=pay-ucashier&pid=43551&protocol=dubbo&retries=0&revision=1.1.16-RELEASE&side=consumer&timeout=5000&timestamp=1503913283289, nova version: 3.0.9-RELEASE, current host: 172.17.11.56
2017-08-28 17:41:23.299 [main] INFO  com.youzan.nova.registry.haunt.HauntRegistry -  [Nova] Notify urls for subscribe url consumer://172.17.11.56/com.youzan.account.api.UserMerchantService?application=pay-ucashier&category=providers,configurators,routers&check=false&dubbo=3.0.9-RELEASE&interface=com.youzan.account.api.UserMerchantService&logger=slf4j&methods=getMerchantIdSingleUserId,queryUserIdByMerchantId,getMerchantIdsBatch&owner=pay-ucashier&pid=43551&protocol=dubbo&retries=0&revision=1.1.16-RELEASE&side=consumer&timeout=5000&timestamp=1503913283289, urls: [dubbo://10.9.75.207:20881?application=account&interface=com.youzan.account.api.UserMerchantService&methods=getMerchantIdSingleUserId,queryUserIdByMerchantId,getMerchantIdsBatch,&timestamp=1502275196151&weight=100, dubbo://172.17.12.196:20881?application=account&interface=com.youzan.account.api.UserMerchantService&methods=getMerchantIdSingleUserId,queryUserIdByMerchantId,getMerchantIdsBatch,&timestamp=1503911345384&weight=100, empty://172.17.11.56/com.youzan.account.api.UserMerchantService?application=pay-ucashier&category=configurators&check=false&dubbo=3.0.9-RELEASE&interface=com.youzan.account.api.UserMerchantService&logger=slf4j&methods=getMerchantIdSingleUserId,queryUserIdByMerchantId,getMerchantIdsBatch&owner=pay-ucashier&pid=43551&protocol=dubbo&retries=0&revision=1.1.16-RELEASE&side=consumer&timeout=5000&timestamp=1503913283289, empty://172.17.11.56/com.youzan.account.api.UserMerchantService?application=pay-ucashier&category=routers&check=false&dubbo=3.0.9-RELEASE&interface=com.youzan.account.api.UserMerchantService&logger=slf4j&methods=getMerchantIdSingleUserId,queryUserIdByMerchantId,getMerchantIdsBatch&owner=pay-ucashier&pid=43551&protocol=dubbo&retries=0&revision=1.1.16-RELEASE&side=consumer&timeout=5000&timestamp=1503913283289], nova version: 3.0.9-RELEASE, current host: 172.17.11.56
2017-08-28 17:41:23.338 [main] INFO  com.alibaba.dubbo.remoting.transport.AbstractClient -  [Nova] Successed connect to server /10.9.75.207:20881 from NettyClient 172.17.11.56 using dubbo version 3.0.9-RELEASE, channel is NettyChannel [channel=[id: 0x34d78fdd, /172.17.11.56:61381 => /10.9.75.207:20881]], nova version: 3.0.9-RELEASE, current host: 172.17.11.56
2017-08-28 17:41:23.338 [main] INFO  com.alibaba.dubbo.remoting.transport.AbstractClient -  [Nova] Start NettyClient wulonghuideMacBook-Pro.local/172.17.11.56 connect to the server /10.9.75.207:20881, nova version: 3.0.9-RELEASE, current host: 172.17.11.56
2017-08-28 17:41:23.342 [main] INFO  com.alibaba.dubbo.remoting.transport.AbstractClient -  [Nova] Successed connect to server /172.17.12.196:20881 from NettyClient 172.17.11.56 using dubbo version 3.0.9-RELEASE, channel is NettyChannel [channel=[id: 0x377ad7e4, /172.17.11.56:61382 => /172.17.12.196:20881]], nova version: 3.0.9-RELEASE, current host: 172.17.11.56
2017-08-28 17:41:23.342 [main] INFO  com.alibaba.dubbo.remoting.transport.AbstractClient -  [Nova] Start NettyClient wulonghuideMacBook-Pro.local/172.17.11.56 connect to the server /172.17.12.196:20881, nova version: 3.0.9-RELEASE, current host: 172.17.11.56
2017-08-28 17:41:23.343 [main] INFO  com.alibaba.dubbo.config.AbstractConfig -  [Nova] Refer dubbo service com.youzan.account.api.UserMerchantService from url haunt://etcd-dev.s.qima-inc.com:2379/com.alibaba.dubbo.registry.RegistryService?application=pay-ucashier&check=false&dubbo=3.0.9-RELEASE&interface=com.youzan.account.api.UserMerchantService&logger=slf4j&methods=getMerchantIdSingleUserId,queryUserIdByMerchantId,getMerchantIdsBatch&monitor=http%3A%2F%2Fhawk-dev.s.qima-inc.com%3A80%3Fdubbo%3D3.0.9-RELEASE%26interface%3Dcom.alibaba.dubbo.monitor.MonitorService%26pid%3D43551%26timestamp%3D1503913283296&owner=pay-ucashier&pid=43551&protocol=dubbo&retries=0&revision=1.1.16-RELEASE&side=consumer&timeout=5000&timestamp=1503913283289&weight=100, nova version: 3.0.9-RELEASE, current host: 172.17.11.56
2017-08-28 17:41:23.357 [main] DEBUG o.s.beans.factory.annotation.InjectionMetadata - Processing injected element of bean 'queryPayToolConfigServiceClient': ResourceElement for private com.youzan.pay.core.cache.redis.RedisCacheManager com.youzan.pay.unified.cashier.intergration.client.QueryPayToolConfigServiceClient.redisCacheManager
2017-08-28 17:41:23.358 [main] DEBUG o.s.beans.factory.support.DefaultListableBeanFactory - Creating shared instance of singleton bean 'signKeyService'
2017-08-28 17:41:23.358 [main] DEBUG o.s.beans.factory.support.DefaultListableBeanFactory - Creating instance of bean 'signKeyService'
2017-08-28 17:41:23.359 [main] DEBUG o.s.beans.factory.support.DefaultListableBeanFactory - Eagerly caching bean 'signKeyService' to allow for resolving potential circular references
2017-08-28 17:41:23.362 [main] DEBUG o.s.beans.factory.support.DefaultListableBeanFactory - Returning cached instance of singleton bean 'haunt'
2017-08-28 17:41:23.363 [main] DEBUG o.s.beans.factory.support.DefaultListableBeanFactory - Invoking afterPropertiesSet() on bean with name 'signKeyService'
2017-08-28 17:41:23.364 [main] DEBUG o.s.beans.factory.support.DefaultListableBeanFactory - Returning cached instance of singleton bean 'com.alibaba.dubbo.config.ApplicationConfig'
2017-08-28 17:41:23.366 [main] DEBUG o.s.beans.factory.support.DefaultListableBeanFactory - Returning cached instance of singleton bean 'com.alibaba.dubbo.config.MonitorConfig'
2017-08-28 17:41:23.369 [main] DEBUG o.s.beans.factory.support.DefaultListableBeanFactory - Finished creating instance of bean 'signKeyService'
2017-08-28 17:41:23.371 [main] DEBUG o.s.beans.factory.support.DefaultListableBeanFactory - Creating shared instance of singleton bean 'merchantConfigService'
2017-08-28 17:41:23.373 [main] DEBUG o.s.beans.factory.support.DefaultListableBeanFactory - Creating instance of bean 'merchantConfigService'
2017-08-28 17:41:23.375 [main] DEBUG o.s.beans.factory.support.DefaultListableBeanFactory - Eagerly caching bean 'merchantConfigService' to allow for resolving potential circular references
2017-08-28 17:41:23.376 [main] DEBUG o.s.beans.factory.support.DefaultListableBeanFactory - Returning cached instance of singleton bean 'haunt'
2017-08-28 17:41:23.378 [main] DEBUG o.s.beans.factory.support.DefaultListableBeanFactory - Invoking afterPropertiesSet() on bean with name 'merchantConfigService'
2017-08-28 17:41:23.380 [main] DEBUG o.s.beans.factory.support.DefaultListableBeanFactory - Returning cached instance of singleton bean 'com.alibaba.dubbo.config.ApplicationConfig'
2017-08-28 17:41:23.382 [main] DEBUG o.s.beans.factory.support.DefaultListableBeanFactory - Returning cached instance of singleton bean 'com.alibaba.dubbo.config.MonitorConfig'
2017-08-28 17:41:23.386 [main] DEBUG o.s.beans.factory.support.DefaultListableBeanFactory - Finished creating instance of bean 'merchantConfigService'
2017-08-28 17:41:23.388 [main] DEBUG o.s.beans.factory.support.DefaultListableBeanFactory - Creating shared instance of singleton bean 'unifiedOrderQueryService'
2017-08-28 17:41:23.388 [main] DEBUG o.s.beans.factory.support.DefaultListableBeanFactory - Creating instance of bean 'unifiedOrderQueryService'
2017-08-28 17:41:23.391 [main] DEBUG o.s.beans.factory.support.DefaultListableBeanFactory - Eagerly caching bean 'unifiedOrderQueryService' to allow for resolving potential circular references
2017-08-28 17:41:23.391 [main] DEBUG o.s.beans.factory.support.DefaultListableBeanFactory - Returning cached instance of singleton bean 'haunt'
2017-08-28 17:41:23.392 [main] DEBUG o.s.beans.factory.support.DefaultListableBeanFactory - Invoking afterPropertiesSet() on bean with name 'unifiedOrderQueryService'
2017-08-28 17:41:23.393 [main] DEBUG o.s.beans.factory.support.DefaultListableBeanFactory - Returning cached instance of singleton bean 'com.alibaba.dubbo.config.ApplicationConfig'
2017-08-28 17:41:23.393 [main] DEBUG o.s.beans.factory.support.DefaultListableBeanFactory - Returning cached instance of singleton bean 'com.alibaba.dubbo.config.MonitorConfig'
2017-08-28 17:41:23.397 [main] DEBUG o.s.beans.factory.support.DefaultListableBeanFactory - Finished creating instance of bean 'unifiedOrderQueryService'
2017-08-28 17:41:23.398 [main] DEBUG o.s.beans.factory.support.DefaultListableBeanFactory - Creating shared instance of singleton bean 'unifiedOrderService'
2017-08-28 17:41:23.398 [main] DEBUG o.s.beans.factory.support.DefaultListableBeanFactory - Creating instance of bean 'unifiedOrderService'
2017-08-28 17:41:23.399 [main] DEBUG o.s.beans.factory.support.DefaultListableBeanFactory - Eagerly caching bean 'unifiedOrderService' to allow for resolving potential circular references
2017-08-28 17:41:23.400 [main] DEBUG o.s.beans.factory.support.DefaultListableBeanFactory - Returning cached instance of singleton bean 'haunt'
2017-08-28 17:41:23.401 [main] DEBUG o.s.beans.factory.support.DefaultListableBeanFactory - Invoking afterPropertiesSet() on bean with name 'unifiedOrderService'
2017-08-28 17:41:23.402 [main] DEBUG o.s.beans.factory.support.DefaultListableBeanFactory - Returning cached instance of singleton bean 'com.alibaba.dubbo.config.ApplicationConfig'
2017-08-28 17:41:23.404 [main] DEBUG o.s.beans.factory.support.DefaultListableBeanFactory - Returning cached instance of singleton bean 'com.alibaba.dubbo.config.MonitorConfig'
2017-08-28 17:41:23.410 [main] DEBUG o.s.beans.factory.support.DefaultListableBeanFactory - Finished creating instance of bean 'unifiedOrderService'
2017-08-28 17:41:23.411 [main] DEBUG o.s.beans.factory.support.DefaultListableBeanFactory - Creating shared instance of singleton bean 'summaryCardQueryService'
2017-08-28 17:41:23.411 [main] DEBUG o.s.beans.factory.support.DefaultListableBeanFactory - Creating instance of bean 'summaryCardQueryService'
2017-08-28 17:41:23.414 [main] DEBUG o.s.beans.factory.support.DefaultListableBeanFactory - Eagerly caching bean 'summaryCardQueryService' to allow for resolving potential circular references
2017-08-28 17:41:23.415 [main] DEBUG o.s.beans.factory.support.DefaultListableBeanFactory - Returning cached instance of singleton bean 'haunt'
2017-08-28 17:41:23.416 [main] DEBUG o.s.beans.factory.support.DefaultListableBeanFactory - Invoking afterPropertiesSet() on bean with name 'summaryCardQueryService'
2017-08-28 17:41:23.418 [main] DEBUG o.s.beans.factory.support.DefaultListableBeanFactory - Returning cached instance of singleton bean 'com.alibaba.dubbo.config.ApplicationConfig'
2017-08-28 17:41:23.419 [main] DEBUG o.s.beans.factory.support.DefaultListableBeanFactory - Returning cached instance of singleton bean 'com.alibaba.dubbo.config.MonitorConfig'
2017-08-28 17:41:23.423 [main] DEBUG o.s.beans.factory.support.DefaultListableBeanFactory - Finished creating instance of bean 'summaryCardQueryService'
2017-08-28 17:41:23.434 [main] WARN  o.s.context.support.GenericApplicationContext - Exception encountered during context initialization - cancelling refresh attempt
org.springframework.beans.factory.BeanCreationException: Error creating bean with name 'queryPayToolConfigServiceClient': Injection of resource dependencies failed; nested exception is org.springframework.beans.factory.NoSuchBeanDefinitionException: No qualifying bean of type [com.youzan.pay.core.cache.redis.RedisCacheManager] found for dependency: expected at least 1 bean which qualifies as autowire candidate for this dependency. Dependency annotations: {@javax.annotation.Resource(shareable=true, lookup=, name=, description=, authenticationType=CONTAINER, type=class java.lang.Object, mappedName=)}
	at org.springframework.context.annotation.CommonAnnotationBeanPostProcessor.postProcessPropertyValues(CommonAnnotationBeanPostProcessor.java:307) ~[spring-context-3.2.13.RELEASE.jar:3.2.13.RELEASE]
	at org.springframework.beans.factory.support.AbstractAutowireCapableBeanFactory.populateBean(AbstractAutowireCapableBeanFactory.java:1148) ~[spring-beans-3.2.13.RELEASE.jar:3.2.13.RELEASE]
	at org.springframework.beans.factory.support.AbstractAutowireCapableBeanFactory.doCreateBean(AbstractAutowireCapableBeanFactory.java:519) ~[spring-beans-3.2.13.RELEASE.jar:3.2.13.RELEASE]
	at org.springframework.beans.factory.support.AbstractAutowireCapableBeanFactory.createBean(AbstractAutowireCapableBeanFactory.java:458) ~[spring-beans-3.2.13.RELEASE.jar:3.2.13.RELEASE]
	at org.springframework.beans.factory.support.AbstractBeanFactory$1.getObject(AbstractBeanFactory.java:293) ~[spring-beans-3.2.13.RELEASE.jar:3.2.13.RELEASE]
	at org.springframework.beans.factory.support.DefaultSingletonBeanRegistry.getSingleton(DefaultSingletonBeanRegistry.java:223) ~[spring-beans-3.2.13.RELEASE.jar:3.2.13.RELEASE]
	at org.springframework.beans.factory.support.AbstractBeanFactory.doGetBean(AbstractBeanFactory.java:290) ~[spring-beans-3.2.13.RELEASE.jar:3.2.13.RELEASE]
	at org.springframework.beans.factory.support.AbstractBeanFactory.getBean(AbstractBeanFactory.java:191) ~[spring-beans-3.2.13.RELEASE.jar:3.2.13.RELEASE]
	at org.springframework.beans.factory.support.DefaultListableBeanFactory.preInstantiateSingletons(DefaultListableBeanFactory.java:636) ~[spring-beans-3.2.13.RELEASE.jar:3.2.13.RELEASE]
	at org.springframework.context.support.AbstractApplicationContext.finishBeanFactoryInitialization(AbstractApplicationContext.java:934) ~[spring-context-3.2.13.RELEASE.jar:3.2.13.RELEASE]
	at org.springframework.context.support.AbstractApplicationContext.refresh(AbstractApplicationContext.java:479) ~[spring-context-3.2.13.RELEASE.jar:3.2.13.RELEASE]
	at org.springframework.test.context.support.AbstractGenericContextLoader.loadContext(AbstractGenericContextLoader.java:120) [spring-test-3.2.13.RELEASE.jar:3.2.13.RELEASE]
	at org.springframework.test.context.support.AbstractGenericContextLoader.loadContext(AbstractGenericContextLoader.java:60) [spring-test-3.2.13.RELEASE.jar:3.2.13.RELEASE]
	at org.springframework.test.context.support.AbstractDelegatingSmartContextLoader.delegateLoading(AbstractDelegatingSmartContextLoader.java:102) [spring-test-3.2.13.RELEASE.jar:3.2.13.RELEASE]
	at org.springframework.test.context.support.AbstractDelegatingSmartContextLoader.loadContext(AbstractDelegatingSmartContextLoader.java:246) [spring-test-3.2.13.RELEASE.jar:3.2.13.RELEASE]
	at org.springframework.test.context.CacheAwareContextLoaderDelegate.loadContextInternal(CacheAwareContextLoaderDelegate.java:69) [spring-test-3.2.13.RELEASE.jar:3.2.13.RELEASE]
	at org.springframework.test.context.CacheAwareContextLoaderDelegate.loadContext(CacheAwareContextLoaderDelegate.java:95) [spring-test-3.2.13.RELEASE.jar:3.2.13.RELEASE]
	at org.springframework.test.context.TestContext.getApplicationContext(TestContext.java:122) [spring-test-3.2.13.RELEASE.jar:3.2.13.RELEASE]
	at org.springframework.test.context.support.DependencyInjectionTestExecutionListener.injectDependencies(DependencyInjectionTestExecutionListener.java:109) [spring-test-3.2.13.RELEASE.jar:3.2.13.RELEASE]
	at org.springframework.test.context.support.DependencyInjectionTestExecutionListener.prepareTestInstance(DependencyInjectionTestExecutionListener.java:75) [spring-test-3.2.13.RELEASE.jar:3.2.13.RELEASE]
	at org.springframework.test.context.TestContextManager.prepareTestInstance(TestContextManager.java:321) [spring-test-3.2.13.RELEASE.jar:3.2.13.RELEASE]
	at org.springframework.test.context.junit4.SpringJUnit4ClassRunner.createTest(SpringJUnit4ClassRunner.java:211) [spring-test-3.2.13.RELEASE.jar:3.2.13.RELEASE]
	at org.springframework.test.context.junit4.SpringJUnit4ClassRunner$1.runReflectiveCall(SpringJUnit4ClassRunner.java:288) [spring-test-3.2.13.RELEASE.jar:3.2.13.RELEASE]
	at org.junit.internal.runners.model.ReflectiveCallable.run(ReflectiveCallable.java:12) [junit-4.12.jar:4.12]
	at org.springframework.test.context.junit4.SpringJUnit4ClassRunner.methodBlock(SpringJUnit4ClassRunner.java:284) [spring-test-3.2.13.RELEASE.jar:3.2.13.RELEASE]
	at org.springframework.test.context.junit4.SpringJUnit4ClassRunner.runChild(SpringJUnit4ClassRunner.java:231) [spring-test-3.2.13.RELEASE.jar:3.2.13.RELEASE]
	at org.springframework.test.context.junit4.SpringJUnit4ClassRunner.runChild(SpringJUnit4ClassRunner.java:88) [spring-test-3.2.13.RELEASE.jar:3.2.13.RELEASE]
	at org.junit.runners.ParentRunner$3.run(ParentRunner.java:290) [junit-4.12.jar:4.12]
	at org.junit.runners.ParentRunner$1.schedule(ParentRunner.java:71) [junit-4.12.jar:4.12]
	at org.junit.runners.ParentRunner.runChildren(ParentRunner.java:288) [junit-4.12.jar:4.12]
	at org.junit.runners.ParentRunner.access$000(ParentRunner.java:58) [junit-4.12.jar:4.12]
	at org.junit.runners.ParentRunner$2.evaluate(ParentRunner.java:268) [junit-4.12.jar:4.12]
	at org.springframework.test.context.junit4.statements.RunBeforeTestClassCallbacks.evaluate(RunBeforeTestClassCallbacks.java:61) [spring-test-3.2.13.RELEASE.jar:3.2.13.RELEASE]
	at org.springframework.test.context.junit4.statements.RunAfterTestClassCallbacks.evaluate(RunAfterTestClassCallbacks.java:71) [spring-test-3.2.13.RELEASE.jar:3.2.13.RELEASE]
	at org.junit.runners.ParentRunner.run(ParentRunner.java:363) [junit-4.12.jar:4.12]
	at org.springframework.test.context.junit4.SpringJUnit4ClassRunner.run(SpringJUnit4ClassRunner.java:174) [spring-test-3.2.13.RELEASE.jar:3.2.13.RELEASE]
	at org.apache.maven.surefire.junit4.JUnit4Provider.execute(JUnit4Provider.java:283) [surefire-junit4-2.18.1.jar:2.18.1]
	at org.apache.maven.surefire.junit4.JUnit4Provider.executeWithRerun(JUnit4Provider.java:173) [surefire-junit4-2.18.1.jar:2.18.1]
	at org.apache.maven.surefire.junit4.JUnit4Provider.executeTestSet(JUnit4Provider.java:153) [surefire-junit4-2.18.1.jar:2.18.1]
	at org.apache.maven.surefire.junit4.JUnit4Provider.invoke(JUnit4Provider.java:128) [surefire-junit4-2.18.1.jar:2.18.1]
	at org.apache.maven.surefire.booter.ForkedBooter.invokeProviderInSameClassLoader(ForkedBooter.java:203) [surefire-booter-2.18.1.jar:2.18.1]
	at org.apache.maven.surefire.booter.ForkedBooter.runSuitesInProcess(ForkedBooter.java:155) [surefire-booter-2.18.1.jar:2.18.1]
	at org.apache.maven.surefire.booter.ForkedBooter.main(ForkedBooter.java:103) [surefire-booter-2.18.1.jar:2.18.1]
Caused by: org.springframework.beans.factory.NoSuchBeanDefinitionException: No qualifying bean of type [com.youzan.pay.core.cache.redis.RedisCacheManager] found for dependency: expected at least 1 bean which qualifies as autowire candidate for this dependency. Dependency annotations: {@javax.annotation.Resource(shareable=true, lookup=, name=, description=, authenticationType=CONTAINER, type=class java.lang.Object, mappedName=)}
	at org.springframework.beans.factory.support.DefaultListableBeanFactory.raiseNoSuchBeanDefinitionException(DefaultListableBeanFactory.java:997) ~[spring-beans-3.2.13.RELEASE.jar:3.2.13.RELEASE]
	at org.springframework.beans.factory.support.DefaultListableBeanFactory.doResolveDependency(DefaultListableBeanFactory.java:867) ~[spring-beans-3.2.13.RELEASE.jar:3.2.13.RELEASE]
	at org.springframework.beans.factory.support.DefaultListableBeanFactory.resolveDependency(DefaultListableBeanFactory.java:779) ~[spring-beans-3.2.13.RELEASE.jar:3.2.13.RELEASE]
	at org.springframework.context.annotation.CommonAnnotationBeanPostProcessor.autowireResource(CommonAnnotationBeanPostProcessor.java:445) ~[spring-context-3.2.13.RELEASE.jar:3.2.13.RELEASE]
	at org.springframework.context.annotation.CommonAnnotationBeanPostProcessor.getResource(CommonAnnotationBeanPostProcessor.java:423) ~[spring-context-3.2.13.RELEASE.jar:3.2.13.RELEASE]
	at org.springframework.context.annotation.CommonAnnotationBeanPostProcessor$ResourceElement.getResourceToInject(CommonAnnotationBeanPostProcessor.java:551) ~[spring-context-3.2.13.RELEASE.jar:3.2.13.RELEASE]
	at org.springframework.beans.factory.annotation.InjectionMetadata$InjectedElement.inject(InjectionMetadata.java:169) ~[spring-beans-3.2.13.RELEASE.jar:3.2.13.RELEASE]
	at org.springframework.beans.factory.annotation.InjectionMetadata.inject(InjectionMetadata.java:88) ~[spring-beans-3.2.13.RELEASE.jar:3.2.13.RELEASE]
	at org.springframework.context.annotation.CommonAnnotationBeanPostProcessor.postProcessPropertyValues(CommonAnnotationBeanPostProcessor.java:304) ~[spring-context-3.2.13.RELEASE.jar:3.2.13.RELEASE]
	... 42 common frames omitted
2017-08-28 17:41:23.437 [main] INFO  o.s.beans.factory.support.DefaultListableBeanFactory - Destroying singletons in org.springframework.beans.factory.support.DefaultListableBeanFactory@472bf56c: defining beans [org.springframework.context.support.PropertySourcesPlaceholderConfigurer#0,assetCenterUnifiedPayServiceClient,cashierOrderStatusSearchClient,cashierRechargeServiceClient,channelBankCardServiceClient,merchantBankCardServiceClient,microAccoutServiceClient,queryPayToolConfigServiceClient,signKeyServiceClient,summaryCardQueryServiceClient,unifiedOrderServiceClient,unifiedPayServiceClient,userMerchantServiceClient,org.springframework.context.annotation.internalConfigurationAnnotationProcessor,org.springframework.context.annotation.internalAutowiredAnnotationProcessor,org.springframework.context.annotation.internalRequiredAnnotationProcessor,org.springframework.context.annotation.internalCommonAnnotationProcessor,signKeyService,merchantConfigService,acquireOrderService,unifiedPayService,unifiedOrderQueryService,unifiedOrderService,bankCardService,merchantBankCardService,userMerchantService,rechargeService,payToolsService,accountService,summaryCardQueryService,novaContainer,beanFactory,org.springframework.aop.config.internalAutoProxyCreator,tracingAop,customerMethodAop,org.springframework.context.annotation.ConfigurationClassPostProcessor.importAwareProcessor,com.alibaba.dubbo.config.ApplicationConfig,haunt,com.alibaba.dubbo.config.MonitorConfig,dubbo,rest,com.alibaba.dubbo.config.spring.AnnotationBean,springUtil,autoLogParamsAspect,retryAspect,nsqTaskDispatcher]; root of factory hierarchy
2017-08-28 17:41:23.438 [main] DEBUG o.s.beans.factory.support.DisposableBeanAdapter - Invoking destroy() on bean with name 'summaryCardQueryService'
2017-08-28 17:41:23.439 [main] DEBUG o.s.beans.factory.support.DisposableBeanAdapter - Invoking destroy() on bean with name 'unifiedOrderService'
2017-08-28 17:41:23.439 [main] DEBUG o.s.beans.factory.support.DisposableBeanAdapter - Invoking destroy() on bean with name 'unifiedOrderQueryService'
2017-08-28 17:41:23.439 [main] DEBUG o.s.beans.factory.support.DisposableBeanAdapter - Invoking destroy() on bean with name 'merchantConfigService'
2017-08-28 17:41:23.439 [main] DEBUG o.s.beans.factory.support.DisposableBeanAdapter - Invoking destroy() on bean with name 'signKeyService'
2017-08-28 17:41:23.440 [main] DEBUG o.s.beans.factory.support.DisposableBeanAdapter - Invoking destroy() on bean with name 'userMerchantService'
2017-08-28 17:41:23.440 [main] INFO  com.youzan.nova.registry.haunt.HauntRegistry -  [Nova] Unsubscribe: consumer://172.17.11.56/com.youzan.account.api.UserMerchantService?application=pay-ucashier&category=providers,configurators,routers&check=false&dubbo=3.0.9-RELEASE&interface=com.youzan.account.api.UserMerchantService&logger=slf4j&methods=getMerchantIdSingleUserId,queryUserIdByMerchantId,getMerchantIdsBatch&owner=pay-ucashier&pid=43551&protocol=dubbo&retries=0&revision=1.1.16-RELEASE&side=consumer&timeout=5000&timestamp=1503913283289, nova version: 3.0.9-RELEASE, current host: 172.17.11.56
2017-08-28 17:41:23.444 [main] INFO  com.alibaba.dubbo.remoting.transport.netty.NettyChannel -  [Nova] Close netty channel [id: 0x377ad7e4, /172.17.11.56:61382 => /172.17.12.196:20881], nova version: 3.0.9-RELEASE, current host: 172.17.11.56
2017-08-28 17:41:23.445 [DubboSharedHandler-thread-1] INFO  com.alibaba.dubbo.rpc.protocol.dubbo.DubboProtocol -  [Nova] disconected from /172.17.12.196:20881,url:dubbo://172.17.12.196:20881/com.youzan.account.api.UserMerchantService?application=pay-ucashier&check=false&codec=dubbo&dubbo=3.0.9-RELEASE&heartbeat=60000&interface=com.youzan.account.api.UserMerchantService&logger=slf4j&methods=getMerchantIdSingleUserId,queryUserIdByMerchantId,getMerchantIdsBatch,&monitor=http%3A%2F%2Fhawk-dev.s.qima-inc.com%3A80%3Fdubbo%3D3.0.9-RELEASE%26interface%3Dcom.alibaba.dubbo.monitor.MonitorService%26pid%3D43551%26timestamp%3D1503913283296&owner=pay-ucashier&pid=43551&protocol=dubbo&retries=0&revision=1.1.16-RELEASE&side=consumer&timeout=5000&timestamp=1503913283289&weight=100, nova version: 3.0.9-RELEASE, current host: 172.17.11.56
2017-08-28 17:41:23.446 [main] INFO  com.alibaba.dubbo.remoting.transport.netty.NettyChannel -  [Nova] Close netty channel [id: 0x34d78fdd, /172.17.11.56:61381 => /10.9.75.207:20881], nova version: 3.0.9-RELEASE, current host: 172.17.11.56
2017-08-28 17:41:23.448 [DubboSharedHandler-thread-1] INFO  com.alibaba.dubbo.rpc.protocol.dubbo.DubboProtocol -  [Nova] disconected from /10.9.75.207:20881,url:dubbo://10.9.75.207:20881/com.youzan.account.api.UserMerchantService?application=pay-ucashier&check=false&codec=dubbo&dubbo=3.0.9-RELEASE&heartbeat=60000&interface=com.youzan.account.api.UserMerchantService&logger=slf4j&methods=getMerchantIdSingleUserId,queryUserIdByMerchantId,getMerchantIdsBatch,&monitor=http%3A%2F%2Fhawk-dev.s.qima-inc.com%3A80%3Fdubbo%3D3.0.9-RELEASE%26interface%3Dcom.alibaba.dubbo.monitor.MonitorService%26pid%3D43551%26timestamp%3D1503913283296&owner=pay-ucashier&pid=43551&protocol=dubbo&retries=0&revision=1.1.16-RELEASE&side=consumer&timeout=5000&timestamp=1503913283289&weight=100, nova version: 3.0.9-RELEASE, current host: 172.17.11.56
2017-08-28 17:41:23.448 [main] DEBUG o.s.beans.factory.support.DisposableBeanAdapter - Invoking destroy() on bean with name 'payToolsService'
2017-08-28 17:41:23.448 [main] INFO  com.youzan.nova.registry.haunt.HauntRegistry -  [Nova] Unsubscribe: consumer://172.17.11.56/com.youzan.pay.customer.api.PayToolsService?application=pay-ucashier&category=providers,configurators,routers&check=false&dubbo=3.0.9-RELEASE&interface=com.youzan.pay.customer.api.PayToolsService&logger=slf4j&methods=getAvailablePayToolList&owner=pay-ucashier&pid=43551&protocol=dubbo&retries=0&revision=0.0.7-20170804-RELEASE&side=consumer&timeout=5000&timestamp=1503913283267, nova version: 3.0.9-RELEASE, current host: 172.17.11.56
2017-08-28 17:41:23.449 [main] DEBUG o.s.beans.factory.support.DisposableBeanAdapter - Invoking destroy() on bean with name 'accountService'
2017-08-28 17:41:23.449 [main] INFO  com.youzan.nova.registry.haunt.HauntRegistry -  [Nova] Unsubscribe: consumer://172.17.11.56/com.youzan.pay.microaccount.prepaidcard.service.AccountService?application=pay-ucashier&category=providers,configurators,routers&check=false&dubbo=3.0.9-RELEASE&interface=com.youzan.pay.microaccount.prepaidcard.service.AccountService&logger=slf4j&methods=getAccountByRefundNo,getAccountByPaymentNo,getAccountByRechargeNo,unfreeze,getAccountLogPaging,getPayAccount,freeze,getBatchOfBByUsers,getAccountLog,getAccountByUserNos,get&owner=pay-ucashier&pid=43551&protocol=dubbo&retries=0&revision=0.2.6-20170801-SNAPSHOT&side=consumer&timeout=5000&timestamp=1503913283209, nova version: 3.0.9-RELEASE, current host: 172.17.11.56
2017-08-28 17:41:23.450 [main] DEBUG o.s.beans.factory.support.DisposableBeanAdapter - Invoking destroy() on bean with name 'merchantBankCardService'
2017-08-28 17:41:23.452 [main] INFO  com.youzan.nova.registry.haunt.HauntRegistry -  [Nova] Unsubscribe: consumer://172.17.11.56/com.youzan.pay.customer.api.BankCardService?application=pay-ucashier&category=providers,configurators,routers&check=false&dubbo=3.0.9-RELEASE&interface=com.youzan.pay.customer.api.BankCardService&logger=slf4j&methods=getBoundBankCard,bindQuackPayCard,bindCard,unbindQuickPayCard,queryBoundQuickPayCard&owner=pay-ucashier&pid=43551&protocol=dubbo&retries=0&revision=0.0.7-20170804-RELEASE&side=consumer&timeout=5000&timestamp=1503913282933, nova version: 3.0.9-RELEASE, current host: 172.17.11.56
2017-08-28 17:41:23.454 [main] INFO  com.alibaba.dubbo.remoting.transport.netty.NettyChannel -  [Nova] Close netty channel [id: 0xb1250cf2, /172.17.11.56:61373 => /172.16.8.185:28081], nova version: 3.0.9-RELEASE, current host: 172.17.11.56
2017-08-28 17:41:23.458 [DubboSharedHandler-thread-1] INFO  com.alibaba.dubbo.rpc.protocol.dubbo.DubboProtocol -  [Nova] disconected from /172.16.8.185:28081,url:dubbo://172.16.8.185:28081/com.youzan.pay.customer.api.BankCardService?application=pay-ucashier&check=false&codec=dubbo&dubbo=3.0.9-RELEASE&heartbeat=60000&interface=com.youzan.pay.customer.api.BankCardService&logger=slf4j&methods=bindQuackPayCard,getBoundBankCard,bindCard_2_0_0,unbindQuickPayCard,bindCard,queryBoundQuickPayCard,&monitor=http%3A%2F%2Fhawk-dev.s.qima-inc.com%3A80%3Fdubbo%3D3.0.9-RELEASE%26interface%3Dcom.alibaba.dubbo.monitor.MonitorService%26pid%3D43551%26timestamp%3D1503913282935&owner=pay-ucashier&pid=43551&protocol=dubbo&retries=0&revision=0.0.7-20170804-RELEASE&side=consumer&timeout=5000&timestamp=1503913282933&weight=100, nova version: 3.0.9-RELEASE, current host: 172.17.11.56
2017-08-28 17:41:23.458 [main] INFO  com.alibaba.dubbo.remoting.transport.netty.NettyChannel -  [Nova] Close netty channel [id: 0xc68bc017, /172.17.11.56:61375 => /10.9.196.183:28081], nova version: 3.0.9-RELEASE, current host: 172.17.11.56
2017-08-28 17:41:23.459 [DubboSharedHandler-thread-1] INFO  com.alibaba.dubbo.rpc.protocol.dubbo.DubboProtocol -  [Nova] disconected from /10.9.196.183:28081,url:dubbo://10.9.196.183:28081/com.youzan.pay.customer.api.BankCardService?application=pay-ucashier&check=false&codec=dubbo&dubbo=3.0.9-RELEASE&heartbeat=60000&interface=com.youzan.pay.customer.api.BankCardService&logger=slf4j&methods=bindQuackPayCard,getBoundBankCard,unbindQuickPayCard,bindCard,queryBoundQuickPayCard,&monitor=http%3A%2F%2Fhawk-dev.s.qima-inc.com%3A80%3Fdubbo%3D3.0.9-RELEASE%26interface%3Dcom.alibaba.dubbo.monitor.MonitorService%26pid%3D43551%26timestamp%3D1503913282935&owner=pay-ucashier&pid=43551&protocol=dubbo&retries=0&revision=0.0.7-20170804-RELEASE&side=consumer&timeout=5000&timestamp=1503913282933&weight=100, nova version: 3.0.9-RELEASE, current host: 172.17.11.56
2017-08-28 17:41:23.460 [main] INFO  com.alibaba.dubbo.remoting.transport.netty.NettyChannel -  [Nova] Close netty channel [id: 0x06dc9488, /172.17.11.56:61376 => /10.9.82.150:28081], nova version: 3.0.9-RELEASE, current host: 172.17.11.56
2017-08-28 17:41:23.461 [DubboSharedHandler-thread-1] INFO  com.alibaba.dubbo.rpc.protocol.dubbo.DubboProtocol -  [Nova] disconected from /10.9.82.150:28081,url:dubbo://10.9.82.150:28081/com.youzan.pay.customer.api.BankCardService?application=pay-ucashier&check=false&codec=dubbo&dubbo=3.0.9-RELEASE&heartbeat=60000&interface=com.youzan.pay.customer.api.BankCardService&logger=slf4j&methods=getBoundBankCard,bindQuackPayCard,unbindQuickPayCard,bindCard,queryBoundQuickPayCard,&monitor=http%3A%2F%2Fhawk-dev.s.qima-inc.com%3A80%3Fdubbo%3D3.0.9-RELEASE%26interface%3Dcom.alibaba.dubbo.monitor.MonitorService%26pid%3D43551%26timestamp%3D1503913282935&owner=pay-ucashier&pid=43551&protocol=dubbo&retries=0&revision=0.0.7-20170804-RELEASE&side=consumer&timeout=5000&timestamp=1503913282933&weight=100, nova version: 3.0.9-RELEASE, current host: 172.17.11.56
2017-08-28 17:41:23.462 [main] DEBUG o.s.beans.factory.support.DisposableBeanAdapter - Invoking destroy() on bean with name 'bankCardService'
2017-08-28 17:41:23.464 [main] INFO  com.youzan.nova.registry.haunt.HauntRegistry -  [Nova] Unsubscribe: consumer://172.17.11.56/com.youzan.pay.fundchannel.open.api.BankCardService?application=pay-ucashier&category=providers,configurators,routers&check=false&dubbo=3.0.9-RELEASE&interface=com.youzan.pay.fundchannel.open.api.BankCardService&logger=slf4j&methods=checkCard,sendSms,checkBankBinding,payConfirm&owner=pay-ucashier&pid=43551&protocol=dubbo&retries=0&revision=1.0.0-20170710-RELEASE&side=consumer&timeout=5000&timestamp=1503913282843, nova version: 3.0.9-RELEASE, current host: 172.17.11.56
2017-08-28 17:41:23.465 [main] INFO  com.alibaba.dubbo.remoting.transport.netty.NettyChannel -  [Nova] Close netty channel [id: 0xa7fb3656, /172.17.11.56:61371 => /10.9.196.183:28096], nova version: 3.0.9-RELEASE, current host: 172.17.11.56
2017-08-28 17:41:23.469 [DubboSharedHandler-thread-1] INFO  com.alibaba.dubbo.rpc.protocol.dubbo.DubboProtocol -  [Nova] disconected from /10.9.196.183:28096,url:dubbo://10.9.196.183:28096/com.youzan.pay.fundchannel.open.api.BankCardService?application=pay-ucashier&check=false&codec=dubbo&dubbo=3.0.9-RELEASE&heartbeat=60000&interface=com.youzan.pay.fundchannel.open.api.BankCardService&logger=slf4j&methods=checkCard,sendSms,checkBankBinding,payConfirm,&monitor=http%3A%2F%2Fhawk-dev.s.qima-inc.com%3A80%3Fdubbo%3D3.0.9-RELEASE%26interface%3Dcom.alibaba.dubbo.monitor.MonitorService%26pid%3D43551%26timestamp%3D1503913282844&owner=pay-ucashier&pid=43551&protocol=dubbo&retries=0&revision=1.0.0-20170710-RELEASE&side=consumer&timeout=5000&timestamp=1503913282843&weight=100, nova version: 3.0.9-RELEASE, current host: 172.17.11.56
2017-08-28 17:41:23.469 [main] DEBUG o.s.beans.factory.support.DisposableBeanAdapter - Invoking destroy() on bean with name 'rechargeService'
2017-08-28 17:41:23.469 [main] INFO  com.youzan.nova.registry.haunt.HauntRegistry -  [Nova] Unsubscribe: consumer://172.17.11.56/com.youzan.pay.assetcenter.api.RechargeService?application=pay-ucashier&category=providers,configurators,routers&check=false&dubbo=3.0.9-RELEASE&interface=com.youzan.pay.assetcenter.api.RechargeService&logger=slf4j&methods=rechargePay,wrapCreate,create,wrapRechargePay&owner=pay-ucashier&pid=43551&protocol=dubbo&retries=0&revision=0.0.9-20170817-SNAPSHOT&side=consumer&timeout=5000&timestamp=1503913282773, nova version: 3.0.9-RELEASE, current host: 172.17.11.56
2017-08-28 17:41:23.469 [main] DEBUG o.s.beans.factory.support.DisposableBeanAdapter - Invoking destroy() on bean with name 'acquireOrderService'
2017-08-28 17:41:23.469 [main] INFO  com.youzan.nova.registry.haunt.HauntRegistry -  [Nova] Unsubscribe: consumer://172.17.11.56/com.youzan.pay.assetcenter.api.AcquireOrderService?application=pay-ucashier&category=providers,configurators,routers&check=false&dubbo=3.0.9-RELEASE&interface=com.youzan.pay.assetcenter.api.AcquireOrderService&logger=slf4j&methods=payNotify,retryInAccount,query,create,pay,revoke&owner=pay-ucashier&pid=43551&protocol=dubbo&retries=0&revision=0.0.9-20170817-SNAPSHOT&side=consumer&timeout=5000&timestamp=1503913282712, nova version: 3.0.9-RELEASE, current host: 172.17.11.56
2017-08-28 17:41:23.470 [main] DEBUG o.s.beans.factory.support.DisposableBeanAdapter - Invoking destroy() on bean with name 'unifiedPayService'
2017-08-28 17:41:23.470 [main] INFO  com.youzan.nova.registry.haunt.HauntRegistry -  [Nova] Unsubscribe: consumer://172.17.11.56/com.youzan.pay.assetcenter.api.UnifiedPayService?application=pay-ucashier&category=providers,configurators,routers&check=false&dubbo=3.0.9-RELEASE&interface=com.youzan.pay.assetcenter.api.UnifiedPayService&logger=slf4j&methods=warpMultiPay,multiPay,singlePay,wrapMultiPay,wrapSinglePay&owner=pay-ucashier&pid=43551&protocol=dubbo&retries=0&revision=0.0.9-20170817-SNAPSHOT&side=consumer&timeout=5000&timestamp=1503913282620, nova version: 3.0.9-RELEASE, current host: 172.17.11.56
2017-08-28 17:41:23.470 [main] INFO  com.alibaba.dubbo.remoting.transport.netty.NettyChannel -  [Nova] Close netty channel [id: 0xb4644c39, /172.17.11.56:61370 => /10.9.82.150:28094], nova version: 3.0.9-RELEASE, current host: 172.17.11.56
2017-08-28 17:41:23.471 [DubboSharedHandler-thread-1] INFO  com.alibaba.dubbo.rpc.protocol.dubbo.DubboProtocol -  [Nova] disconected from /10.9.82.150:28094,url:dubbo://10.9.82.150:28094/com.youzan.pay.assetcenter.api.UnifiedPayService?application=pay-ucashier&check=false&codec=dubbo&dubbo=3.0.9-RELEASE&heartbeat=60000&interface=com.youzan.pay.assetcenter.api.UnifiedPayService&logger=slf4j&methods=warpMultiPay,multiPay,singlePay,wrapMultiPay,batchPay,wrapSinglePay,&monitor=http%3A%2F%2Fhawk-dev.s.qima-inc.com%3A80%3Fdubbo%3D3.0.9-RELEASE%26interface%3Dcom.alibaba.dubbo.monitor.MonitorService%26pid%3D43551%26timestamp%3D1503913282622&owner=pay-ucashier&pid=43551&protocol=dubbo&retries=0&revision=0.0.9-20170817-SNAPSHOT&side=consumer&timeout=5000&timestamp=1503913282620&weight=100, nova version: 3.0.9-RELEASE, current host: 172.17.11.56
2017-08-28 17:41:23.471 [main] DEBUG o.s.beans.factory.support.DisposableBeanAdapter - Invoking destroy() on bean with name 'com.alibaba.dubbo.config.spring.AnnotationBean'
2017-08-28 17:41:23.472 [main] ERROR org.springframework.test.context.TestContextManager - Caught exception while allowing TestExecutionListener [org.springframework.test.context.support.DependencyInjectionTestExecutionListener@13e0a23f] to prepare test instance [com.youzan.pay.unified.cashier.intergration.client.AssetCenterUnifiedPayServiceClientTest@7e7e248b]
java.lang.IllegalStateException: Failed to load ApplicationContext
	at org.springframework.test.context.CacheAwareContextLoaderDelegate.loadContext(CacheAwareContextLoaderDelegate.java:103) ~[spring-test-3.2.13.RELEASE.jar:3.2.13.RELEASE]
	at org.springframework.test.context.TestContext.getApplicationContext(TestContext.java:122) ~[spring-test-3.2.13.RELEASE.jar:3.2.13.RELEASE]
	at org.springframework.test.context.support.DependencyInjectionTestExecutionListener.injectDependencies(DependencyInjectionTestExecutionListener.java:109) ~[spring-test-3.2.13.RELEASE.jar:3.2.13.RELEASE]
	at org.springframework.test.context.support.DependencyInjectionTestExecutionListener.prepareTestInstance(DependencyInjectionTestExecutionListener.java:75) ~[spring-test-3.2.13.RELEASE.jar:3.2.13.RELEASE]
	at org.springframework.test.context.TestContextManager.prepareTestInstance(TestContextManager.java:321) ~[spring-test-3.2.13.RELEASE.jar:3.2.13.RELEASE]
	at org.springframework.test.context.junit4.SpringJUnit4ClassRunner.createTest(SpringJUnit4ClassRunner.java:211) [spring-test-3.2.13.RELEASE.jar:3.2.13.RELEASE]
	at org.springframework.test.context.junit4.SpringJUnit4ClassRunner$1.runReflectiveCall(SpringJUnit4ClassRunner.java:288) [spring-test-3.2.13.RELEASE.jar:3.2.13.RELEASE]
	at org.junit.internal.runners.model.ReflectiveCallable.run(ReflectiveCallable.java:12) [junit-4.12.jar:4.12]
	at org.springframework.test.context.junit4.SpringJUnit4ClassRunner.methodBlock(SpringJUnit4ClassRunner.java:284) [spring-test-3.2.13.RELEASE.jar:3.2.13.RELEASE]
	at org.springframework.test.context.junit4.SpringJUnit4ClassRunner.runChild(SpringJUnit4ClassRunner.java:231) [spring-test-3.2.13.RELEASE.jar:3.2.13.RELEASE]
	at org.springframework.test.context.junit4.SpringJUnit4ClassRunner.runChild(SpringJUnit4ClassRunner.java:88) [spring-test-3.2.13.RELEASE.jar:3.2.13.RELEASE]
	at org.junit.runners.ParentRunner$3.run(ParentRunner.java:290) [junit-4.12.jar:4.12]
	at org.junit.runners.ParentRunner$1.schedule(ParentRunner.java:71) [junit-4.12.jar:4.12]
	at org.junit.runners.ParentRunner.runChildren(ParentRunner.java:288) [junit-4.12.jar:4.12]
	at org.junit.runners.ParentRunner.access$000(ParentRunner.java:58) [junit-4.12.jar:4.12]
	at org.junit.runners.ParentRunner$2.evaluate(ParentRunner.java:268) [junit-4.12.jar:4.12]
	at org.springframework.test.context.junit4.statements.RunBeforeTestClassCallbacks.evaluate(RunBeforeTestClassCallbacks.java:61) [spring-test-3.2.13.RELEASE.jar:3.2.13.RELEASE]
	at org.springframework.test.context.junit4.statements.RunAfterTestClassCallbacks.evaluate(RunAfterTestClassCallbacks.java:71) [spring-test-3.2.13.RELEASE.jar:3.2.13.RELEASE]
	at org.junit.runners.ParentRunner.run(ParentRunner.java:363) [junit-4.12.jar:4.12]
	at org.springframework.test.context.junit4.SpringJUnit4ClassRunner.run(SpringJUnit4ClassRunner.java:174) [spring-test-3.2.13.RELEASE.jar:3.2.13.RELEASE]
	at org.apache.maven.surefire.junit4.JUnit4Provider.execute(JUnit4Provider.java:283) [surefire-junit4-2.18.1.jar:2.18.1]
	at org.apache.maven.surefire.junit4.JUnit4Provider.executeWithRerun(JUnit4Provider.java:173) [surefire-junit4-2.18.1.jar:2.18.1]
	at org.apache.maven.surefire.junit4.JUnit4Provider.executeTestSet(JUnit4Provider.java:153) [surefire-junit4-2.18.1.jar:2.18.1]
	at org.apache.maven.surefire.junit4.JUnit4Provider.invoke(JUnit4Provider.java:128) [surefire-junit4-2.18.1.jar:2.18.1]
	at org.apache.maven.surefire.booter.ForkedBooter.invokeProviderInSameClassLoader(ForkedBooter.java:203) [surefire-booter-2.18.1.jar:2.18.1]
	at org.apache.maven.surefire.booter.ForkedBooter.runSuitesInProcess(ForkedBooter.java:155) [surefire-booter-2.18.1.jar:2.18.1]
	at org.apache.maven.surefire.booter.ForkedBooter.main(ForkedBooter.java:103) [surefire-booter-2.18.1.jar:2.18.1]
Caused by: org.springframework.beans.factory.BeanCreationException: Error creating bean with name 'queryPayToolConfigServiceClient': Injection of resource dependencies failed; nested exception is org.springframework.beans.factory.NoSuchBeanDefinitionException: No qualifying bean of type [com.youzan.pay.core.cache.redis.RedisCacheManager] found for dependency: expected at least 1 bean which qualifies as autowire candidate for this dependency. Dependency annotations: {@javax.annotation.Resource(shareable=true, lookup=, name=, description=, authenticationType=CONTAINER, type=class java.lang.Object, mappedName=)}
	at org.springframework.context.annotation.CommonAnnotationBeanPostProcessor.postProcessPropertyValues(CommonAnnotationBeanPostProcessor.java:307) ~[spring-context-3.2.13.RELEASE.jar:3.2.13.RELEASE]
	at org.springframework.beans.factory.support.AbstractAutowireCapableBeanFactory.populateBean(AbstractAutowireCapableBeanFactory.java:1148) ~[spring-beans-3.2.13.RELEASE.jar:3.2.13.RELEASE]
	at org.springframework.beans.factory.support.AbstractAutowireCapableBeanFactory.doCreateBean(AbstractAutowireCapableBeanFactory.java:519) ~[spring-beans-3.2.13.RELEASE.jar:3.2.13.RELEASE]
	at org.springframework.beans.factory.support.AbstractAutowireCapableBeanFactory.createBean(AbstractAutowireCapableBeanFactory.java:458) ~[spring-beans-3.2.13.RELEASE.jar:3.2.13.RELEASE]
	at org.springframework.beans.factory.support.AbstractBeanFactory$1.getObject(AbstractBeanFactory.java:293) ~[spring-beans-3.2.13.RELEASE.jar:3.2.13.RELEASE]
	at org.springframework.beans.factory.support.DefaultSingletonBeanRegistry.getSingleton(DefaultSingletonBeanRegistry.java:223) ~[spring-beans-3.2.13.RELEASE.jar:3.2.13.RELEASE]
	at org.springframework.beans.factory.support.AbstractBeanFactory.doGetBean(AbstractBeanFactory.java:290) ~[spring-beans-3.2.13.RELEASE.jar:3.2.13.RELEASE]
	at org.springframework.beans.factory.support.AbstractBeanFactory.getBean(AbstractBeanFactory.java:191) ~[spring-beans-3.2.13.RELEASE.jar:3.2.13.RELEASE]
	at org.springframework.beans.factory.support.DefaultListableBeanFactory.preInstantiateSingletons(DefaultListableBeanFactory.java:636) ~[spring-beans-3.2.13.RELEASE.jar:3.2.13.RELEASE]
	at org.springframework.context.support.AbstractApplicationContext.finishBeanFactoryInitialization(AbstractApplicationContext.java:934) ~[spring-context-3.2.13.RELEASE.jar:3.2.13.RELEASE]
	at org.springframework.context.support.AbstractApplicationContext.refresh(AbstractApplicationContext.java:479) ~[spring-context-3.2.13.RELEASE.jar:3.2.13.RELEASE]
	at org.springframework.test.context.support.AbstractGenericContextLoader.loadContext(AbstractGenericContextLoader.java:120) ~[spring-test-3.2.13.RELEASE.jar:3.2.13.RELEASE]
	at org.springframework.test.context.support.AbstractGenericContextLoader.loadContext(AbstractGenericContextLoader.java:60) ~[spring-test-3.2.13.RELEASE.jar:3.2.13.RELEASE]
	at org.springframework.test.context.support.AbstractDelegatingSmartContextLoader.delegateLoading(AbstractDelegatingSmartContextLoader.java:102) ~[spring-test-3.2.13.RELEASE.jar:3.2.13.RELEASE]
	at org.springframework.test.context.support.AbstractDelegatingSmartContextLoader.loadContext(AbstractDelegatingSmartContextLoader.java:246) ~[spring-test-3.2.13.RELEASE.jar:3.2.13.RELEASE]
	at org.springframework.test.context.CacheAwareContextLoaderDelegate.loadContextInternal(CacheAwareContextLoaderDelegate.java:69) ~[spring-test-3.2.13.RELEASE.jar:3.2.13.RELEASE]
	at org.springframework.test.context.CacheAwareContextLoaderDelegate.loadContext(CacheAwareContextLoaderDelegate.java:95) ~[spring-test-3.2.13.RELEASE.jar:3.2.13.RELEASE]
	... 26 common frames omitted
Caused by: org.springframework.beans.factory.NoSuchBeanDefinitionException: No qualifying bean of type [com.youzan.pay.core.cache.redis.RedisCacheManager] found for dependency: expected at least 1 bean which qualifies as autowire candidate for this dependency. Dependency annotations: {@javax.annotation.Resource(shareable=true, lookup=, name=, description=, authenticationType=CONTAINER, type=class java.lang.Object, mappedName=)}
	at org.springframework.beans.factory.support.DefaultListableBeanFactory.raiseNoSuchBeanDefinitionException(DefaultListableBeanFactory.java:997) ~[spring-beans-3.2.13.RELEASE.jar:3.2.13.RELEASE]
	at org.springframework.beans.factory.support.DefaultListableBeanFactory.doResolveDependency(DefaultListableBeanFactory.java:867) ~[spring-beans-3.2.13.RELEASE.jar:3.2.13.RELEASE]
	at org.springframework.beans.factory.support.DefaultListableBeanFactory.resolveDependency(DefaultListableBeanFactory.java:779) ~[spring-beans-3.2.13.RELEASE.jar:3.2.13.RELEASE]
	at org.springframework.context.annotation.CommonAnnotationBeanPostProcessor.autowireResource(CommonAnnotationBeanPostProcessor.java:445) ~[spring-context-3.2.13.RELEASE.jar:3.2.13.RELEASE]
	at org.springframework.context.annotation.CommonAnnotationBeanPostProcessor.getResource(CommonAnnotationBeanPostProcessor.java:423) ~[spring-context-3.2.13.RELEASE.jar:3.2.13.RELEASE]
	at org.springframework.context.annotation.CommonAnnotationBeanPostProcessor$ResourceElement.getResourceToInject(CommonAnnotationBeanPostProcessor.java:551) ~[spring-context-3.2.13.RELEASE.jar:3.2.13.RELEASE]
	at org.springframework.beans.factory.annotation.InjectionMetadata$InjectedElement.inject(InjectionMetadata.java:169) ~[spring-beans-3.2.13.RELEASE.jar:3.2.13.RELEASE]
	at org.springframework.beans.factory.annotation.InjectionMetadata.inject(InjectionMetadata.java:88) ~[spring-beans-3.2.13.RELEASE.jar:3.2.13.RELEASE]
	at org.springframework.context.annotation.CommonAnnotationBeanPostProcessor.postProcessPropertyValues(CommonAnnotationBeanPostProcessor.java:304) ~[spring-context-3.2.13.RELEASE.jar:3.2.13.RELEASE]
	... 42 common frames omitted
]]></system-out>
  </testcase>
  <testcase name="testMultiPayFalse" classname="com.youzan.pay.unified.cashier.intergration.client.AssetCenterUnifiedPayServiceClientTest" time="1.693">
    <error message="Failed to load ApplicationContext" type="java.lang.IllegalStateException">java.lang.IllegalStateException: Failed to load ApplicationContext
	at org.springframework.test.context.CacheAwareContextLoaderDelegate.loadContext(CacheAwareContextLoaderDelegate.java:103)
	at org.springframework.test.context.TestContext.getApplicationContext(TestContext.java:122)
	at org.springframework.test.context.support.DependencyInjectionTestExecutionListener.injectDependencies(DependencyInjectionTestExecutionListener.java:109)
	at org.springframework.test.context.support.DependencyInjectionTestExecutionListener.prepareTestInstance(DependencyInjectionTestExecutionListener.java:75)
	at org.springframework.test.context.TestContextManager.prepareTestInstance(TestContextManager.java:321)
	at org.springframework.test.context.junit4.SpringJUnit4ClassRunner.createTest(SpringJUnit4ClassRunner.java:211)
	at org.springframework.test.context.junit4.SpringJUnit4ClassRunner$1.runReflectiveCall(SpringJUnit4ClassRunner.java:288)
	at org.junit.internal.runners.model.ReflectiveCallable.run(ReflectiveCallable.java:12)
	at org.springframework.test.context.junit4.SpringJUnit4ClassRunner.methodBlock(SpringJUnit4ClassRunner.java:284)
	at org.springframework.test.context.junit4.SpringJUnit4ClassRunner.runChild(SpringJUnit4ClassRunner.java:231)
	at org.springframework.test.context.junit4.SpringJUnit4ClassRunner.runChild(SpringJUnit4ClassRunner.java:88)
	at org.junit.runners.ParentRunner$3.run(ParentRunner.java:290)
	at org.junit.runners.ParentRunner$1.schedule(ParentRunner.java:71)
	at org.junit.runners.ParentRunner.runChildren(ParentRunner.java:288)
	at org.junit.runners.ParentRunner.access$000(ParentRunner.java:58)
	at org.junit.runners.ParentRunner$2.evaluate(ParentRunner.java:268)
	at org.springframework.test.context.junit4.statements.RunBeforeTestClassCallbacks.evaluate(RunBeforeTestClassCallbacks.java:61)
	at org.springframework.test.context.junit4.statements.RunAfterTestClassCallbacks.evaluate(RunAfterTestClassCallbacks.java:71)
	at org.junit.runners.ParentRunner.run(ParentRunner.java:363)
	at org.springframework.test.context.junit4.SpringJUnit4ClassRunner.run(SpringJUnit4ClassRunner.java:174)
	at org.apache.maven.surefire.junit4.JUnit4Provider.execute(JUnit4Provider.java:283)
	at org.apache.maven.surefire.junit4.JUnit4Provider.executeWithRerun(JUnit4Provider.java:173)
	at org.apache.maven.surefire.junit4.JUnit4Provider.executeTestSet(JUnit4Provider.java:153)
	at org.apache.maven.surefire.junit4.JUnit4Provider.invoke(JUnit4Provider.java:128)
	at org.apache.maven.surefire.booter.ForkedBooter.invokeProviderInSameClassLoader(ForkedBooter.java:203)
	at org.apache.maven.surefire.booter.ForkedBooter.runSuitesInProcess(ForkedBooter.java:155)
	at org.apache.maven.surefire.booter.ForkedBooter.main(ForkedBooter.java:103)
Caused by: org.springframework.beans.factory.BeanCreationException: Error creating bean with name 'queryPayToolConfigServiceClient': Injection of resource dependencies failed; nested exception is org.springframework.beans.factory.NoSuchBeanDefinitionException: No qualifying bean of type [com.youzan.pay.core.cache.redis.RedisCacheManager] found for dependency: expected at least 1 bean which qualifies as autowire candidate for this dependency. Dependency annotations: {@javax.annotation.Resource(shareable=true, lookup=, name=, description=, authenticationType=CONTAINER, type=class java.lang.Object, mappedName=)}
	at org.springframework.context.annotation.CommonAnnotationBeanPostProcessor.postProcessPropertyValues(CommonAnnotationBeanPostProcessor.java:307)
	at org.springframework.beans.factory.support.AbstractAutowireCapableBeanFactory.populateBean(AbstractAutowireCapableBeanFactory.java:1148)
	at org.springframework.beans.factory.support.AbstractAutowireCapableBeanFactory.doCreateBean(AbstractAutowireCapableBeanFactory.java:519)
	at org.springframework.beans.factory.support.AbstractAutowireCapableBeanFactory.createBean(AbstractAutowireCapableBeanFactory.java:458)
	at org.springframework.beans.factory.support.AbstractBeanFactory$1.getObject(AbstractBeanFactory.java:293)
	at org.springframework.beans.factory.support.DefaultSingletonBeanRegistry.getSingleton(DefaultSingletonBeanRegistry.java:223)
	at org.springframework.beans.factory.support.AbstractBeanFactory.doGetBean(AbstractBeanFactory.java:290)
	at org.springframework.beans.factory.support.AbstractBeanFactory.getBean(AbstractBeanFactory.java:191)
	at org.springframework.beans.factory.support.DefaultListableBeanFactory.preInstantiateSingletons(DefaultListableBeanFactory.java:636)
	at org.springframework.context.support.AbstractApplicationContext.finishBeanFactoryInitialization(AbstractApplicationContext.java:934)
	at org.springframework.context.support.AbstractApplicationContext.refresh(AbstractApplicationContext.java:479)
	at org.springframework.test.context.support.AbstractGenericContextLoader.loadContext(AbstractGenericContextLoader.java:120)
	at org.springframework.test.context.support.AbstractGenericContextLoader.loadContext(AbstractGenericContextLoader.java:60)
	at org.springframework.test.context.support.AbstractDelegatingSmartContextLoader.delegateLoading(AbstractDelegatingSmartContextLoader.java:102)
	at org.springframework.test.context.support.AbstractDelegatingSmartContextLoader.loadContext(AbstractDelegatingSmartContextLoader.java:246)
	at org.springframework.test.context.CacheAwareContextLoaderDelegate.loadContextInternal(CacheAwareContextLoaderDelegate.java:69)
	at org.springframework.test.context.CacheAwareContextLoaderDelegate.loadContext(CacheAwareContextLoaderDelegate.java:95)
	at org.springframework.test.context.TestContext.getApplicationContext(TestContext.java:122)
	at org.springframework.test.context.support.DependencyInjectionTestExecutionListener.injectDependencies(DependencyInjectionTestExecutionListener.java:109)
	at org.springframework.test.context.support.DependencyInjectionTestExecutionListener.prepareTestInstance(DependencyInjectionTestExecutionListener.java:75)
	at org.springframework.test.context.TestContextManager.prepareTestInstance(TestContextManager.java:321)
	at org.springframework.test.context.junit4.SpringJUnit4ClassRunner.createTest(SpringJUnit4ClassRunner.java:211)
	at org.springframework.test.context.junit4.SpringJUnit4ClassRunner$1.runReflectiveCall(SpringJUnit4ClassRunner.java:288)
	at org.junit.internal.runners.model.ReflectiveCallable.run(ReflectiveCallable.java:12)
	at org.springframework.test.context.junit4.SpringJUnit4ClassRunner.methodBlock(SpringJUnit4ClassRunner.java:284)
	at org.springframework.test.context.junit4.SpringJUnit4ClassRunner.runChild(SpringJUnit4ClassRunner.java:231)
	at org.springframework.test.context.junit4.SpringJUnit4ClassRunner.runChild(SpringJUnit4ClassRunner.java:88)
	at org.junit.runners.ParentRunner$3.run(ParentRunner.java:290)
	at org.junit.runners.ParentRunner$1.schedule(ParentRunner.java:71)
	at org.junit.runners.ParentRunner.runChildren(ParentRunner.java:288)
	at org.junit.runners.ParentRunner.access$000(ParentRunner.java:58)
	at org.junit.runners.ParentRunner$2.evaluate(ParentRunner.java:268)
	at org.springframework.test.context.junit4.statements.RunBeforeTestClassCallbacks.evaluate(RunBeforeTestClassCallbacks.java:61)
	at org.springframework.test.context.junit4.statements.RunAfterTestClassCallbacks.evaluate(RunAfterTestClassCallbacks.java:71)
	at org.junit.runners.ParentRunner.run(ParentRunner.java:363)
	at org.springframework.test.context.junit4.SpringJUnit4ClassRunner.run(SpringJUnit4ClassRunner.java:174)
	at org.apache.maven.surefire.junit4.JUnit4Provider.execute(JUnit4Provider.java:283)
	at org.apache.maven.surefire.junit4.JUnit4Provider.executeWithRerun(JUnit4Provider.java:173)
	at org.apache.maven.surefire.junit4.JUnit4Provider.executeTestSet(JUnit4Provider.java:153)
	at org.apache.maven.surefire.junit4.JUnit4Provider.invoke(JUnit4Provider.java:128)
	at org.apache.maven.surefire.booter.ForkedBooter.invokeProviderInSameClassLoader(ForkedBooter.java:203)
	at org.apache.maven.surefire.booter.ForkedBooter.runSuitesInProcess(ForkedBooter.java:155)
	at org.apache.maven.surefire.booter.ForkedBooter.main(ForkedBooter.java:103)
Caused by: org.springframework.beans.factory.NoSuchBeanDefinitionException: No qualifying bean of type [com.youzan.pay.core.cache.redis.RedisCacheManager] found for dependency: expected at least 1 bean which qualifies as autowire candidate for this dependency. Dependency annotations: {@javax.annotation.Resource(shareable=true, lookup=, name=, description=, authenticationType=CONTAINER, type=class java.lang.Object, mappedName=)}
	at org.springframework.beans.factory.support.DefaultListableBeanFactory.raiseNoSuchBeanDefinitionException(DefaultListableBeanFactory.java:997)
	at org.springframework.beans.factory.support.DefaultListableBeanFactory.doResolveDependency(DefaultListableBeanFactory.java:867)
	at org.springframework.beans.factory.support.DefaultListableBeanFactory.resolveDependency(DefaultListableBeanFactory.java:779)
	at org.springframework.context.annotation.CommonAnnotationBeanPostProcessor.autowireResource(CommonAnnotationBeanPostProcessor.java:445)
	at org.springframework.context.annotation.CommonAnnotationBeanPostProcessor.getResource(CommonAnnotationBeanPostProcessor.java:423)
	at org.springframework.context.annotation.CommonAnnotationBeanPostProcessor$ResourceElement.getResourceToInject(CommonAnnotationBeanPostProcessor.java:551)
	at org.springframework.beans.factory.annotation.InjectionMetadata$InjectedElement.inject(InjectionMetadata.java:169)
	at org.springframework.beans.factory.annotation.InjectionMetadata.inject(InjectionMetadata.java:88)
	at org.springframework.context.annotation.CommonAnnotationBeanPostProcessor.postProcessPropertyValues(CommonAnnotationBeanPostProcessor.java:304)
	at org.springframework.beans.factory.support.AbstractAutowireCapableBeanFactory.populateBean(AbstractAutowireCapableBeanFactory.java:1148)
	at org.springframework.beans.factory.support.AbstractAutowireCapableBeanFactory.doCreateBean(AbstractAutowireCapableBeanFactory.java:519)
	at org.springframework.beans.factory.support.AbstractAutowireCapableBeanFactory.createBean(AbstractAutowireCapableBeanFactory.java:458)
	at org.springframework.beans.factory.support.AbstractBeanFactory$1.getObject(AbstractBeanFactory.java:293)
	at org.springframework.beans.factory.support.DefaultSingletonBeanRegistry.getSingleton(DefaultSingletonBeanRegistry.java:223)
	at org.springframework.beans.factory.support.AbstractBeanFactory.doGetBean(AbstractBeanFactory.java:290)
	at org.springframework.beans.factory.support.AbstractBeanFactory.getBean(AbstractBeanFactory.java:191)
	at org.springframework.beans.factory.support.DefaultListableBeanFactory.preInstantiateSingletons(DefaultListableBeanFactory.java:636)
	at org.springframework.context.support.AbstractApplicationContext.finishBeanFactoryInitialization(AbstractApplicationContext.java:934)
	at org.springframework.context.support.AbstractApplicationContext.refresh(AbstractApplicationContext.java:479)
	at org.springframework.test.context.support.AbstractGenericContextLoader.loadContext(AbstractGenericContextLoader.java:120)
	at org.springframework.test.context.support.AbstractGenericContextLoader.loadContext(AbstractGenericContextLoader.java:60)
	at org.springframework.test.context.support.AbstractDelegatingSmartContextLoader.delegateLoading(AbstractDelegatingSmartContextLoader.java:102)
	at org.springframework.test.context.support.AbstractDelegatingSmartContextLoader.loadContext(AbstractDelegatingSmartContextLoader.java:246)
	at org.springframework.test.context.CacheAwareContextLoaderDelegate.loadContextInternal(CacheAwareContextLoaderDelegate.java:69)
	at org.springframework.test.context.CacheAwareContextLoaderDelegate.loadContext(CacheAwareContextLoaderDelegate.java:95)
	at org.springframework.test.context.TestContext.getApplicationContext(TestContext.java:122)
	at org.springframework.test.context.support.DependencyInjectionTestExecutionListener.injectDependencies(DependencyInjectionTestExecutionListener.java:109)
	at org.springframework.test.context.support.DependencyInjectionTestExecutionListener.prepareTestInstance(DependencyInjectionTestExecutionListener.java:75)
	at org.springframework.test.context.TestContextManager.prepareTestInstance(TestContextManager.java:321)
	at org.springframework.test.context.junit4.SpringJUnit4ClassRunner.createTest(SpringJUnit4ClassRunner.java:211)
	at org.springframework.test.context.junit4.SpringJUnit4ClassRunner$1.runReflectiveCall(SpringJUnit4ClassRunner.java:288)
	at org.junit.internal.runners.model.ReflectiveCallable.run(ReflectiveCallable.java:12)
	at org.springframework.test.context.junit4.SpringJUnit4ClassRunner.methodBlock(SpringJUnit4ClassRunner.java:284)
	at org.springframework.test.context.junit4.SpringJUnit4ClassRunner.runChild(SpringJUnit4ClassRunner.java:231)
	at org.springframework.test.context.junit4.SpringJUnit4ClassRunner.runChild(SpringJUnit4ClassRunner.java:88)
	at org.junit.runners.ParentRunner$3.run(ParentRunner.java:290)
	at org.junit.runners.ParentRunner$1.schedule(ParentRunner.java:71)
	at org.junit.runners.ParentRunner.runChildren(ParentRunner.java:288)
	at org.junit.runners.ParentRunner.access$000(ParentRunner.java:58)
	at org.junit.runners.ParentRunner$2.evaluate(ParentRunner.java:268)
	at org.springframework.test.context.junit4.statements.RunBeforeTestClassCallbacks.evaluate(RunBeforeTestClassCallbacks.java:61)
	at org.springframework.test.context.junit4.statements.RunAfterTestClassCallbacks.evaluate(RunAfterTestClassCallbacks.java:71)
	at org.junit.runners.ParentRunner.run(ParentRunner.java:363)
	at org.springframework.test.context.junit4.SpringJUnit4ClassRunner.run(SpringJUnit4ClassRunner.java:174)
	at org.apache.maven.surefire.junit4.JUnit4Provider.execute(JUnit4Provider.java:283)
	at org.apache.maven.surefire.junit4.JUnit4Provider.executeWithRerun(JUnit4Provider.java:173)
	at org.apache.maven.surefire.junit4.JUnit4Provider.executeTestSet(JUnit4Provider.java:153)
	at org.apache.maven.surefire.junit4.JUnit4Provider.invoke(JUnit4Provider.java:128)
	at org.apache.maven.surefire.booter.ForkedBooter.invokeProviderInSameClassLoader(ForkedBooter.java:203)
	at org.apache.maven.surefire.booter.ForkedBooter.runSuitesInProcess(ForkedBooter.java:155)
	at org.apache.maven.surefire.booter.ForkedBooter.main(ForkedBooter.java:103)
</error>
    <system-out><![CDATA[2017-08-28 17:41:23.478 [main] DEBUG org.springframework.test.annotation.ProfileValueUtils - Retrieved @ProfileValueSourceConfiguration [null] for test class [com.youzan.pay.unified.cashier.intergration.client.AssetCenterUnifiedPayServiceClientTest]
2017-08-28 17:41:23.478 [main] DEBUG org.springframework.test.annotation.ProfileValueUtils - Retrieved ProfileValueSource type [class org.springframework.test.annotation.SystemProfileValueSource] for class [com.youzan.pay.unified.cashier.intergration.client.AssetCenterUnifiedPayServiceClientTest]
2017-08-28 17:41:23.490 [main] DEBUG o.s.t.c.support.DependencyInjectionTestExecutionListener - Performing dependency injection for test context [[TestContext@1894e40d testClass = AssetCenterUnifiedPayServiceClientTest, testInstance = com.youzan.pay.unified.cashier.intergration.client.AssetCenterUnifiedPayServiceClientTest@5f1b6fbf, testMethod = [null], testException = [null], mergedContextConfiguration = [MergedContextConfiguration@7342e05d testClass = AssetCenterUnifiedPayServiceClientTest, locations = '{classpath*:META-INF/spring/*.xml}', classes = '{}', contextInitializerClasses = '[]', activeProfiles = '{}', contextLoader = 'org.springframework.test.context.support.DelegatingSmartContextLoader', parent = [null]]]].
2017-08-28 17:41:23.493 [main] DEBUG o.s.t.c.support.AbstractDelegatingSmartContextLoader - Delegating to GenericXmlContextLoader to load context from [MergedContextConfiguration@7342e05d testClass = AssetCenterUnifiedPayServiceClientTest, locations = '{classpath*:META-INF/spring/*.xml}', classes = '{}', contextInitializerClasses = '[]', activeProfiles = '{}', contextLoader = 'org.springframework.test.context.support.DelegatingSmartContextLoader', parent = [null]].
2017-08-28 17:41:23.493 [main] DEBUG o.s.test.context.support.AbstractGenericContextLoader - Loading ApplicationContext for merged context configuration [[MergedContextConfiguration@7342e05d testClass = AssetCenterUnifiedPayServiceClientTest, locations = '{classpath*:META-INF/spring/*.xml}', classes = '{}', contextInitializerClasses = '[]', activeProfiles = '{}', contextLoader = 'org.springframework.test.context.support.DelegatingSmartContextLoader', parent = [null]]].
2017-08-28 17:41:23.503 [main] DEBUG org.springframework.core.env.StandardEnvironment - Adding [systemProperties] PropertySource with lowest search precedence
2017-08-28 17:41:23.504 [main] DEBUG org.springframework.core.env.StandardEnvironment - Adding [systemEnvironment] PropertySource with lowest search precedence
2017-08-28 17:41:23.505 [main] DEBUG org.springframework.core.env.StandardEnvironment - Initialized StandardEnvironment with PropertySources [systemProperties,systemEnvironment]
2017-08-28 17:41:23.505 [main] DEBUG o.s.core.io.support.PathMatchingResourcePatternResolver - Looking for matching resources in directory tree [/Users/wulonghui/work/unified_cashier/intergration/target/test-classes/META-INF/spring]
2017-08-28 17:41:23.506 [main] DEBUG o.s.core.io.support.PathMatchingResourcePatternResolver - Searching directory [/Users/wulonghui/work/unified_cashier/intergration/target/test-classes/META-INF/spring] for files matching pattern [/Users/wulonghui/work/unified_cashier/intergration/target/test-classes/META-INF/spring/*.xml]
2017-08-28 17:41:23.509 [main] DEBUG o.s.core.io.support.PathMatchingResourcePatternResolver - Looking for matching resources in directory tree [/Users/wulonghui/work/unified_cashier/intergration/target/classes/META-INF/spring]
2017-08-28 17:41:23.509 [main] DEBUG o.s.core.io.support.PathMatchingResourcePatternResolver - Searching directory [/Users/wulonghui/work/unified_cashier/intergration/target/classes/META-INF/spring] for files matching pattern [/Users/wulonghui/work/unified_cashier/intergration/target/classes/META-INF/spring/*.xml]
2017-08-28 17:41:23.510 [main] DEBUG o.s.core.io.support.PathMatchingResourcePatternResolver - Looking for matching resources in jar file [file:/Users/wulonghui/.m2/repository/com/youzan/platform/bootstrap/3.0.9-RELEASE/bootstrap-3.0.9-RELEASE.jar]
2017-08-28 17:41:23.511 [main] DEBUG o.s.core.io.support.PathMatchingResourcePatternResolver - Looking for matching resources in jar file [file:/Users/wulonghui/.m2/repository/com/youzan/nova/framework/framework-cat/1.0.7-RELEASE/framework-cat-1.0.7-RELEASE.jar]
2017-08-28 17:41:23.511 [main] DEBUG o.s.core.io.support.PathMatchingResourcePatternResolver - Resolved location pattern [classpath*:META-INF/spring/*.xml] to resources [file [/Users/wulonghui/work/unified_cashier/intergration/target/test-classes/META-INF/spring/spring-test-config.xml], file [/Users/wulonghui/work/unified_cashier/intergration/target/classes/META-INF/spring/spring-dubbo-services.xml], URL [jar:file:/Users/wulonghui/.m2/repository/com/youzan/platform/bootstrap/3.0.9-RELEASE/bootstrap-3.0.9-RELEASE.jar!/META-INF/spring/container.xml], URL [jar:file:/Users/wulonghui/.m2/repository/com/youzan/nova/framework/framework-cat/1.0.7-RELEASE/framework-cat-1.0.7-RELEASE.jar!/META-INF/spring/framework-cat-context.xml]]
2017-08-28 17:41:23.511 [main] INFO  o.s.beans.factory.xml.XmlBeanDefinitionReader - Loading XML bean definitions from file [/Users/wulonghui/work/unified_cashier/intergration/target/test-classes/META-INF/spring/spring-test-config.xml]
2017-08-28 17:41:23.512 [main] DEBUG o.s.beans.factory.xml.DefaultDocumentLoader - Using JAXP provider [com.sun.org.apache.xerces.internal.jaxp.DocumentBuilderFactoryImpl]
2017-08-28 17:41:23.518 [main] DEBUG o.s.beans.factory.xml.PluggableSchemaResolver - Loading schema mappings from [META-INF/spring.schemas]
2017-08-28 17:41:23.521 [main] DEBUG o.s.beans.factory.xml.PluggableSchemaResolver - Loaded schema mappings: {http://mybatis.org/schema/mybatis-spring-1.2.xsd=org/mybatis/spring/config/mybatis-spring-1.2.xsd, http://code.alibabatech.com/schema/dubbo/dubbo.xsd=META-INF/dubbo.xsd, http://www.springframework.org/schema/util/spring-util.xsd=org/springframework/beans/factory/xml/spring-util-3.2.xsd, http://www.springframework.org/schema/jee/spring-jee-3.2.xsd=org/springframework/ejb/config/spring-jee-3.2.xsd, http://www.springframework.org/schema/beans/spring-beans-3.1.xsd=org/springframework/beans/factory/xml/spring-beans-3.1.xsd, http://www.springframework.org/schema/task/spring-task.xsd=org/springframework/scheduling/config/spring-task-3.2.xsd, http://www.springframework.org/schema/cache/spring-cache.xsd=org/springframework/cache/config/spring-cache-3.2.xsd, http://www.springframework.org/schema/aop/spring-aop-3.0.xsd=org/springframework/aop/config/spring-aop-3.0.xsd, http://www.springframework.org/schema/aop/spring-aop-2.0.xsd=org/springframework/aop/config/spring-aop-2.0.xsd, http://www.springframework.org/schema/task/spring-task-3.1.xsd=org/springframework/scheduling/config/spring-task-3.1.xsd, http://www.springframework.org/schema/tool/spring-tool-2.5.xsd=org/springframework/beans/factory/xml/spring-tool-2.5.xsd, http://www.springframework.org/schema/beans/spring-beans.xsd=org/springframework/beans/factory/xml/spring-beans-3.2.xsd, http://www.springframework.org/schema/jee/spring-jee-2.5.xsd=org/springframework/ejb/config/spring-jee-2.5.xsd, http://www.springframework.org/schema/jdbc/spring-jdbc-3.1.xsd=org/springframework/jdbc/config/spring-jdbc-3.1.xsd, http://www.springframework.org/schema/tool/spring-tool-3.1.xsd=org/springframework/beans/factory/xml/spring-tool-3.1.xsd, http://code.alibabatech.com/schema/dubbo/nova.xsd=META-INF/nova.xsd, http://www.springframework.org/schema/aop/spring-aop.xsd=org/springframework/aop/config/spring-aop-3.2.xsd, http://www.springframework.org/schema/jee/spring-jee-3.1.xsd=org/springframework/ejb/config/spring-jee-3.1.xsd, http://www.springframework.org/schema/tx/spring-tx-3.2.xsd=org/springframework/transaction/config/spring-tx-3.2.xsd, http://www.springframework.org/schema/context/spring-context-3.2.xsd=org/springframework/context/config/spring-context-3.2.xsd, http://www.springframework.org/schema/util/spring-util-3.2.xsd=org/springframework/beans/factory/xml/spring-util-3.2.xsd, http://www.springframework.org/schema/beans/spring-beans-2.0.xsd=org/springframework/beans/factory/xml/spring-beans-2.0.xsd, http://www.springframework.org/schema/lang/spring-lang-3.2.xsd=org/springframework/scripting/config/spring-lang-3.2.xsd, http://www.springframework.org/schema/beans/spring-beans-3.0.xsd=org/springframework/beans/factory/xml/spring-beans-3.0.xsd, http://www.springframework.org/schema/cache/spring-cache-3.2.xsd=org/springframework/cache/config/spring-cache-3.2.xsd, http://www.springframework.org/schema/task/spring-task-3.0.xsd=org/springframework/scheduling/config/spring-task-3.0.xsd, http://mybatis.org/schema/mybatis-spring.xsd=org/mybatis/spring/config/mybatis-spring-1.2.xsd, http://www.springframework.org/schema/tx/spring-tx-2.5.xsd=org/springframework/transaction/config/spring-tx-2.5.xsd, http://www.springframework.org/schema/context/spring-context-2.5.xsd=org/springframework/context/config/spring-context-2.5.xsd, http://www.springframework.org/schema/jdbc/spring-jdbc-3.0.xsd=org/springframework/jdbc/config/spring-jdbc-3.0.xsd, http://www.springframework.org/schema/tool/spring-tool-3.0.xsd=org/springframework/beans/factory/xml/spring-tool-3.0.xsd, http://www.springframework.org/schema/tx/spring-tx.xsd=org/springframework/transaction/config/spring-tx-3.2.xsd, http://www.springframework.org/schema/util/spring-util-2.5.xsd=org/springframework/beans/factory/xml/spring-util-2.5.xsd, http://www.springframework.org/schema/tool/spring-tool-2.0.xsd=org/springframework/beans/factory/xml/spring-tool-2.0.xsd, http://www.springframework.org/schema/lang/spring-lang.xsd=org/springframework/scripting/config/spring-lang-3.2.xsd, http://www.springframework.org/schema/lang/spring-lang-2.5.xsd=org/springframework/scripting/config/spring-lang-2.5.xsd, http://www.springframework.org/schema/aop/spring-aop-3.2.xsd=org/springframework/aop/config/spring-aop-3.2.xsd, http://www.springframework.org/schema/jee/spring-jee-3.0.xsd=org/springframework/ejb/config/spring-jee-3.0.xsd, http://www.springframework.org/schema/tx/spring-tx-3.1.xsd=org/springframework/transaction/config/spring-tx-3.1.xsd, http://www.springframework.org/schema/jee/spring-jee-2.0.xsd=org/springframework/ejb/config/spring-jee-2.0.xsd, http://www.springframework.org/schema/context/spring-context-3.1.xsd=org/springframework/context/config/spring-context-3.1.xsd, http://www.springframework.org/schema/util/spring-util-3.1.xsd=org/springframework/beans/factory/xml/spring-util-3.1.xsd, http://www.springframework.org/schema/lang/spring-lang-3.1.xsd=org/springframework/scripting/config/spring-lang-3.1.xsd, http://www.springframework.org/schema/cache/spring-cache-3.1.xsd=org/springframework/cache/config/spring-cache-3.1.xsd, http://www.springframework.org/schema/context/spring-context.xsd=org/springframework/context/config/spring-context-3.2.xsd, http://www.springframework.org/schema/jee/spring-jee.xsd=org/springframework/ejb/config/spring-jee-3.2.xsd, http://www.youzan.com/schema/nsq/spring-nsq-1.0.1.xsd=META-INF/spring-nsq-1.0.1.xsd, http://www.springframework.org/schema/aop/spring-aop-2.5.xsd=org/springframework/aop/config/spring-aop-2.5.xsd, http://www.springframework.org/schema/jdbc/spring-jdbc.xsd=org/springframework/jdbc/config/spring-jdbc-3.2.xsd, http://www.youzan.com/schema/nsq/spring-nsq-1.0.xsd=META-INF/spring-nsq-1.0.xsd, http://www.springframework.org/schema/beans/spring-beans-3.2.xsd=org/springframework/beans/factory/xml/spring-beans-3.2.xsd, http://www.springframework.org/schema/tx/spring-tx-2.0.xsd=org/springframework/transaction/config/spring-tx-2.0.xsd, http://www.springframework.org/schema/aop/spring-aop-3.1.xsd=org/springframework/aop/config/spring-aop-3.1.xsd, http://www.springframework.org/schema/task/spring-task-3.2.xsd=org/springframework/scheduling/config/spring-task-3.2.xsd, http://www.springframework.org/schema/tx/spring-tx-3.0.xsd=org/springframework/transaction/config/spring-tx-3.0.xsd, http://www.springframework.org/schema/context/spring-context-3.0.xsd=org/springframework/context/config/spring-context-3.0.xsd, http://www.springframework.org/schema/tool/spring-tool.xsd=org/springframework/beans/factory/xml/spring-tool-3.2.xsd, http://www.youzan.com/schema/task/spring-task-1.0.xsd=META-INF/spring-task-1.0.xsd, http://www.springframework.org/schema/util/spring-util-3.0.xsd=org/springframework/beans/factory/xml/spring-util-3.0.xsd, http://www.springframework.org/schema/util/spring-util-2.0.xsd=org/springframework/beans/factory/xml/spring-util-2.0.xsd, http://www.springframework.org/schema/lang/spring-lang-3.0.xsd=org/springframework/scripting/config/spring-lang-3.0.xsd, http://www.springframework.org/schema/lang/spring-lang-2.0.xsd=org/springframework/scripting/config/spring-lang-2.0.xsd, http://www.springframework.org/schema/jdbc/spring-jdbc-3.2.xsd=org/springframework/jdbc/config/spring-jdbc-3.2.xsd, http://www.springframework.org/schema/tool/spring-tool-3.2.xsd=org/springframework/beans/factory/xml/spring-tool-3.2.xsd, http://www.springframework.org/schema/beans/spring-beans-2.5.xsd=org/springframework/beans/factory/xml/spring-beans-2.5.xsd}
2017-08-28 17:41:23.522 [main] DEBUG o.s.beans.factory.xml.PluggableSchemaResolver - Found XML schema [http://www.springframework.org/schema/beans/spring-beans-3.2.xsd] in classpath: org/springframework/beans/factory/xml/spring-beans-3.2.xsd
2017-08-28 17:41:23.553 [main] DEBUG o.s.beans.factory.xml.PluggableSchemaResolver - Found XML schema [http://www.springframework.org/schema/context/spring-context-3.2.xsd] in classpath: org/springframework/context/config/spring-context-3.2.xsd
2017-08-28 17:41:23.558 [main] DEBUG o.s.beans.factory.xml.PluggableSchemaResolver - Found XML schema [http://www.springframework.org/schema/tool/spring-tool-3.2.xsd] in classpath: org/springframework/beans/factory/xml/spring-tool-3.2.xsd
2017-08-28 17:41:23.578 [main] DEBUG o.s.b.factory.xml.DefaultBeanDefinitionDocumentReader - Loading bean definitions
2017-08-28 17:41:23.587 [main] DEBUG o.s.beans.factory.xml.DefaultNamespaceHandlerResolver - Loaded NamespaceHandler mappings: {http://www.springframework.org/schema/p=org.springframework.beans.factory.xml.SimplePropertyNamespaceHandler, http://www.springframework.org/schema/util=org.springframework.beans.factory.xml.UtilNamespaceHandler, http://code.alibabatech.com/schema/dubbo=com.alibaba.dubbo.config.spring.schema.DubboNamespaceHandler, http://www.springframework.org/schema/jee=org.springframework.ejb.config.JeeNamespaceHandler, http://www.springframework.org/schema/aop=org.springframework.aop.config.AopNamespaceHandler, http://www.springframework.org/schema/jdbc=org.springframework.jdbc.config.JdbcNamespaceHandler, http://www.springframework.org/schema/cache=org.springframework.cache.config.CacheNamespaceHandler, http://mybatis.org/schema/mybatis-spring=org.mybatis.spring.config.NamespaceHandler, http://www.springframework.org/schema/c=org.springframework.beans.factory.xml.SimpleConstructorNamespaceHandler, http://www.springframework.org/schema/tx=org.springframework.transaction.config.TxNamespaceHandler, http://code.alibabatech.com/schema/nova=com.youzan.nova.framework.schema.HauntNamespaceHandler, http://www.youzan.com/schema/task=com.youzan.pay.core.task.spring.TaskNamespaceHandler, http://www.springframework.org/schema/task=org.springframework.scheduling.config.TaskNamespaceHandler, http://www.springframework.org/schema/lang=org.springframework.scripting.config.LangNamespaceHandler, http://www.youzan.com/schema/nsq=com.youzan.pay.core.nsq.spring.NsqNamespaceHandler, http://www.springframework.org/schema/context=org.springframework.context.config.ContextNamespaceHandler}
2017-08-28 17:41:23.589 [main] DEBUG o.s.context.annotation.ClassPathBeanDefinitionScanner - JSR-250 'javax.annotation.ManagedBean' found and supported for component scanning
2017-08-28 17:41:23.592 [main] DEBUG o.s.core.io.support.PathMatchingResourcePatternResolver - Looking for matching resources in directory tree [/Users/wulonghui/work/unified_cashier/intergration/target/test-classes/com/youzan/pay/unified/cashier/intergration]
2017-08-28 17:41:23.593 [main] DEBUG o.s.core.io.support.PathMatchingResourcePatternResolver - Searching directory [/Users/wulonghui/work/unified_cashier/intergration/target/test-classes/com/youzan/pay/unified/cashier/intergration] for files matching pattern [/Users/wulonghui/work/unified_cashier/intergration/target/test-classes/com/youzan/pay/unified/cashier/intergration/**/*.class]
2017-08-28 17:41:23.595 [main] DEBUG o.s.core.io.support.PathMatchingResourcePatternResolver - Searching directory [/Users/wulonghui/work/unified_cashier/intergration/target/test-classes/com/youzan/pay/unified/cashier/intergration/client] for files matching pattern [/Users/wulonghui/work/unified_cashier/intergration/target/test-classes/com/youzan/pay/unified/cashier/intergration/**/*.class]
2017-08-28 17:41:23.596 [main] DEBUG o.s.core.io.support.PathMatchingResourcePatternResolver - Looking for matching resources in directory tree [/Users/wulonghui/work/unified_cashier/intergration/target/classes/com/youzan/pay/unified/cashier/intergration]
2017-08-28 17:41:23.597 [main] DEBUG o.s.core.io.support.PathMatchingResourcePatternResolver - Searching directory [/Users/wulonghui/work/unified_cashier/intergration/target/classes/com/youzan/pay/unified/cashier/intergration] for files matching pattern [/Users/wulonghui/work/unified_cashier/intergration/target/classes/com/youzan/pay/unified/cashier/intergration/**/*.class]
2017-08-28 17:41:23.597 [main] DEBUG o.s.core.io.support.PathMatchingResourcePatternResolver - Searching directory [/Users/wulonghui/work/unified_cashier/intergration/target/classes/com/youzan/pay/unified/cashier/intergration/client] for files matching pattern [/Users/wulonghui/work/unified_cashier/intergration/target/classes/com/youzan/pay/unified/cashier/intergration/**/*.class]
2017-08-28 17:41:23.598 [main] DEBUG o.s.core.io.support.PathMatchingResourcePatternResolver - Searching directory [/Users/wulonghui/work/unified_cashier/intergration/target/classes/com/youzan/pay/unified/cashier/intergration/common] for files matching pattern [/Users/wulonghui/work/unified_cashier/intergration/target/classes/com/youzan/pay/unified/cashier/intergration/**/*.class]
2017-08-28 17:41:23.599 [main] DEBUG o.s.core.io.support.PathMatchingResourcePatternResolver - Resolved location pattern [classpath*:com/youzan/pay/unified/cashier/intergration/**/*.class] to resources [file [/Users/wulonghui/work/unified_cashier/intergration/target/test-classes/com/youzan/pay/unified/cashier/intergration/BaseTest.class], file [/Users/wulonghui/work/unified_cashier/intergration/target/test-classes/com/youzan/pay/unified/cashier/intergration/client/AssetCenterUnifiedPayServiceClientTest.class], file [/Users/wulonghui/work/unified_cashier/intergration/target/test-classes/com/youzan/pay/unified/cashier/intergration/client/ChannelBankCardServiceClientTest.class], file [/Users/wulonghui/work/unified_cashier/intergration/target/test-classes/com/youzan/pay/unified/cashier/intergration/client/MerchantBankCardServiceClientTest.class], file [/Users/wulonghui/work/unified_cashier/intergration/target/test-classes/com/youzan/pay/unified/cashier/intergration/client/QueryPayToolConfigServiceClietTest.class], file [/Users/wulonghui/work/unified_cashier/intergration/target/test-classes/com/youzan/pay/unified/cashier/intergration/client/UserMerchantServiceClientTest.class], file [/Users/wulonghui/work/unified_cashier/intergration/target/classes/com/youzan/pay/unified/cashier/intergration/client/AssetCenterUnifiedPayServiceClient$1.class], file [/Users/wulonghui/work/unified_cashier/intergration/target/classes/com/youzan/pay/unified/cashier/intergration/client/AssetCenterUnifiedPayServiceClient.class], file [/Users/wulonghui/work/unified_cashier/intergration/target/classes/com/youzan/pay/unified/cashier/intergration/client/CashierOrderStatusSearchClient.class], file [/Users/wulonghui/work/unified_cashier/intergration/target/classes/com/youzan/pay/unified/cashier/intergration/client/CashierRechargeServiceClient.class], file [/Users/wulonghui/work/unified_cashier/intergration/target/classes/com/youzan/pay/unified/cashier/intergration/client/ChannelBankCardServiceClient$1.class], file [/Users/wulonghui/work/unified_cashier/intergration/target/classes/com/youzan/pay/unified/cashier/intergration/client/ChannelBankCardServiceClient$2.class], file [/Users/wulonghui/work/unified_cashier/intergration/target/classes/com/youzan/pay/unified/cashier/intergration/client/ChannelBankCardServiceClient$3.class], file [/Users/wulonghui/work/unified_cashier/intergration/target/classes/com/youzan/pay/unified/cashier/intergration/client/ChannelBankCardServiceClient$4.class], file [/Users/wulonghui/work/unified_cashier/intergration/target/classes/com/youzan/pay/unified/cashier/intergration/client/ChannelBankCardServiceClient.class], file [/Users/wulonghui/work/unified_cashier/intergration/target/classes/com/youzan/pay/unified/cashier/intergration/client/MerchantBankCardServiceClient$1.class], file [/Users/wulonghui/work/unified_cashier/intergration/target/classes/com/youzan/pay/unified/cashier/intergration/client/MerchantBankCardServiceClient$2.class], file [/Users/wulonghui/work/unified_cashier/intergration/target/classes/com/youzan/pay/unified/cashier/intergration/client/MerchantBankCardServiceClient$3.class], file [/Users/wulonghui/work/unified_cashier/intergration/target/classes/com/youzan/pay/unified/cashier/intergration/client/MerchantBankCardServiceClient.class], file [/Users/wulonghui/work/unified_cashier/intergration/target/classes/com/youzan/pay/unified/cashier/intergration/client/MicroAccoutServiceClient.class], file [/Users/wulonghui/work/unified_cashier/intergration/target/classes/com/youzan/pay/unified/cashier/intergration/client/QueryPayToolConfigServiceClient.class], file [/Users/wulonghui/work/unified_cashier/intergration/target/classes/com/youzan/pay/unified/cashier/intergration/client/SignKeyServiceClient.class], file [/Users/wulonghui/work/unified_cashier/intergration/target/classes/com/youzan/pay/unified/cashier/intergration/client/SummaryCardQueryServiceClient.class], file [/Users/wulonghui/work/unified_cashier/intergration/target/classes/com/youzan/pay/unified/cashier/intergration/client/UnifiedOrderServiceClient.class], file [/Users/wulonghui/work/unified_cashier/intergration/target/classes/com/youzan/pay/unified/cashier/intergration/client/UnifiedPayServiceClient.class], file [/Users/wulonghui/work/unified_cashier/intergration/target/classes/com/youzan/pay/unified/cashier/intergration/client/UserMerchantServiceClient$1.class], file [/Users/wulonghui/work/unified_cashier/intergration/target/classes/com/youzan/pay/unified/cashier/intergration/client/UserMerchantServiceClient.class], file [/Users/wulonghui/work/unified_cashier/intergration/target/classes/com/youzan/pay/unified/cashier/intergration/common/CashierHandleTemplate.class], file [/Users/wulonghui/work/unified_cashier/intergration/target/classes/com/youzan/pay/unified/cashier/intergration/common/CashierProcessCallBack.class]]
2017-08-28 17:41:23.606 [main] DEBUG o.s.context.annotation.ClassPathBeanDefinitionScanner - Identified candidate component class: file [/Users/wulonghui/work/unified_cashier/intergration/target/classes/com/youzan/pay/unified/cashier/intergration/client/AssetCenterUnifiedPayServiceClient.class]
2017-08-28 17:41:23.612 [main] DEBUG o.s.context.annotation.ClassPathBeanDefinitionScanner - Identified candidate component class: file [/Users/wulonghui/work/unified_cashier/intergration/target/classes/com/youzan/pay/unified/cashier/intergration/client/CashierOrderStatusSearchClient.class]
2017-08-28 17:41:23.618 [main] DEBUG o.s.context.annotation.ClassPathBeanDefinitionScanner - Identified candidate component class: file [/Users/wulonghui/work/unified_cashier/intergration/target/classes/com/youzan/pay/unified/cashier/intergration/client/CashierRechargeServiceClient.class]
2017-08-28 17:41:23.621 [main] DEBUG o.s.context.annotation.ClassPathBeanDefinitionScanner - Identified candidate component class: file [/Users/wulonghui/work/unified_cashier/intergration/target/classes/com/youzan/pay/unified/cashier/intergration/client/ChannelBankCardServiceClient.class]
2017-08-28 17:41:23.622 [main] DEBUG o.s.context.annotation.ClassPathBeanDefinitionScanner - Identified candidate component class: file [/Users/wulonghui/work/unified_cashier/intergration/target/classes/com/youzan/pay/unified/cashier/intergration/client/MerchantBankCardServiceClient.class]
2017-08-28 17:41:23.623 [main] DEBUG o.s.context.annotation.ClassPathBeanDefinitionScanner - Identified candidate component class: file [/Users/wulonghui/work/unified_cashier/intergration/target/classes/com/youzan/pay/unified/cashier/intergration/client/MicroAccoutServiceClient.class]
2017-08-28 17:41:23.624 [main] DEBUG o.s.context.annotation.ClassPathBeanDefinitionScanner - Identified candidate component class: file [/Users/wulonghui/work/unified_cashier/intergration/target/classes/com/youzan/pay/unified/cashier/intergration/client/QueryPayToolConfigServiceClient.class]
2017-08-28 17:41:23.624 [main] DEBUG o.s.context.annotation.ClassPathBeanDefinitionScanner - Identified candidate component class: file [/Users/wulonghui/work/unified_cashier/intergration/target/classes/com/youzan/pay/unified/cashier/intergration/client/SignKeyServiceClient.class]
2017-08-28 17:41:23.625 [main] DEBUG o.s.context.annotation.ClassPathBeanDefinitionScanner - Identified candidate component class: file [/Users/wulonghui/work/unified_cashier/intergration/target/classes/com/youzan/pay/unified/cashier/intergration/client/SummaryCardQueryServiceClient.class]
2017-08-28 17:41:23.626 [main] DEBUG o.s.context.annotation.ClassPathBeanDefinitionScanner - Identified candidate component class: file [/Users/wulonghui/work/unified_cashier/intergration/target/classes/com/youzan/pay/unified/cashier/intergration/client/UnifiedOrderServiceClient.class]
2017-08-28 17:41:23.627 [main] DEBUG o.s.context.annotation.ClassPathBeanDefinitionScanner - Identified candidate component class: file [/Users/wulonghui/work/unified_cashier/intergration/target/classes/com/youzan/pay/unified/cashier/intergration/client/UnifiedPayServiceClient.class]
2017-08-28 17:41:23.628 [main] DEBUG o.s.context.annotation.ClassPathBeanDefinitionScanner - Identified candidate component class: file [/Users/wulonghui/work/unified_cashier/intergration/target/classes/com/youzan/pay/unified/cashier/intergration/client/UserMerchantServiceClient.class]
2017-08-28 17:41:23.633 [main] DEBUG o.s.core.io.support.PathMatchingResourcePatternResolver - Resolved location pattern [classpath*:beans/spring-*.xml] to resources []
2017-08-28 17:41:23.634 [main] DEBUG o.s.beans.factory.xml.XmlBeanDefinitionReader - Loaded 0 bean definitions from location pattern [classpath*:beans/spring-*.xml]
2017-08-28 17:41:23.634 [main] DEBUG o.s.b.factory.xml.DefaultBeanDefinitionDocumentReader - Imported 0 bean definitions from URL location [classpath*:beans/spring-*.xml]
2017-08-28 17:41:23.634 [main] INFO  o.s.beans.factory.xml.XmlBeanDefinitionReader - Loading XML bean definitions from file [/Users/wulonghui/work/unified_cashier/intergration/target/classes/META-INF/spring/spring-dubbo-services.xml]
2017-08-28 17:41:23.636 [main] DEBUG o.s.beans.factory.xml.DefaultDocumentLoader - Using JAXP provider [com.sun.org.apache.xerces.internal.jaxp.DocumentBuilderFactoryImpl]
2017-08-28 17:41:23.637 [main] DEBUG o.s.beans.factory.xml.PluggableSchemaResolver - Found XML schema [http://www.springframework.org/schema/beans/spring-beans-2.5.xsd] in classpath: org/springframework/beans/factory/xml/spring-beans-2.5.xsd
2017-08-28 17:41:23.656 [main] DEBUG o.s.beans.factory.xml.PluggableSchemaResolver - Found XML schema [http://www.springframework.org/schema/context/spring-context.xsd] in classpath: org/springframework/context/config/spring-context-3.2.xsd
2017-08-28 17:41:23.659 [main] DEBUG o.s.beans.factory.xml.PluggableSchemaResolver - Found XML schema [http://www.springframework.org/schema/tool/spring-tool-3.2.xsd] in classpath: org/springframework/beans/factory/xml/spring-tool-3.2.xsd
2017-08-28 17:41:23.662 [main] DEBUG o.s.beans.factory.xml.PluggableSchemaResolver - Found XML schema [http://code.alibabatech.com/schema/dubbo/dubbo.xsd] in classpath: META-INF/dubbo.xsd
2017-08-28 17:41:23.678 [main] DEBUG o.s.b.factory.xml.DefaultBeanDefinitionDocumentReader - Loading bean definitions
2017-08-28 17:41:23.678 [main] DEBUG o.s.context.annotation.ClassPathBeanDefinitionScanner - JSR-250 'javax.annotation.ManagedBean' found and supported for component scanning
2017-08-28 17:41:23.680 [main] DEBUG o.s.core.io.support.PathMatchingResourcePatternResolver - Looking for matching resources in directory tree [/Users/wulonghui/work/unified_cashier/intergration/target/test-classes/com/youzan/pay/unified/cashier/intergration/client]
2017-08-28 17:41:23.680 [main] DEBUG o.s.core.io.support.PathMatchingResourcePatternResolver - Searching directory [/Users/wulonghui/work/unified_cashier/intergration/target/test-classes/com/youzan/pay/unified/cashier/intergration/client] for files matching pattern [/Users/wulonghui/work/unified_cashier/intergration/target/test-classes/com/youzan/pay/unified/cashier/intergration/client/**/*.class]
2017-08-28 17:41:23.681 [main] DEBUG o.s.core.io.support.PathMatchingResourcePatternResolver - Looking for matching resources in directory tree [/Users/wulonghui/work/unified_cashier/intergration/target/classes/com/youzan/pay/unified/cashier/intergration/client]
2017-08-28 17:41:23.681 [main] DEBUG o.s.core.io.support.PathMatchingResourcePatternResolver - Searching directory [/Users/wulonghui/work/unified_cashier/intergration/target/classes/com/youzan/pay/unified/cashier/intergration/client] for files matching pattern [/Users/wulonghui/work/unified_cashier/intergration/target/classes/com/youzan/pay/unified/cashier/intergration/client/**/*.class]
2017-08-28 17:41:23.685 [main] DEBUG o.s.core.io.support.PathMatchingResourcePatternResolver - Resolved location pattern [classpath*:com/youzan/pay/unified/cashier/intergration/client/**/*.class] to resources [file [/Users/wulonghui/work/unified_cashier/intergration/target/test-classes/com/youzan/pay/unified/cashier/intergration/client/AssetCenterUnifiedPayServiceClientTest.class], file [/Users/wulonghui/work/unified_cashier/intergration/target/test-classes/com/youzan/pay/unified/cashier/intergration/client/ChannelBankCardServiceClientTest.class], file [/Users/wulonghui/work/unified_cashier/intergration/target/test-classes/com/youzan/pay/unified/cashier/intergration/client/MerchantBankCardServiceClientTest.class], file [/Users/wulonghui/work/unified_cashier/intergration/target/test-classes/com/youzan/pay/unified/cashier/intergration/client/QueryPayToolConfigServiceClietTest.class], file [/Users/wulonghui/work/unified_cashier/intergration/target/test-classes/com/youzan/pay/unified/cashier/intergration/client/UserMerchantServiceClientTest.class], file [/Users/wulonghui/work/unified_cashier/intergration/target/classes/com/youzan/pay/unified/cashier/intergration/client/AssetCenterUnifiedPayServiceClient$1.class], file [/Users/wulonghui/work/unified_cashier/intergration/target/classes/com/youzan/pay/unified/cashier/intergration/client/AssetCenterUnifiedPayServiceClient.class], file [/Users/wulonghui/work/unified_cashier/intergration/target/classes/com/youzan/pay/unified/cashier/intergration/client/CashierOrderStatusSearchClient.class], file [/Users/wulonghui/work/unified_cashier/intergration/target/classes/com/youzan/pay/unified/cashier/intergration/client/CashierRechargeServiceClient.class], file [/Users/wulonghui/work/unified_cashier/intergration/target/classes/com/youzan/pay/unified/cashier/intergration/client/ChannelBankCardServiceClient$1.class], file [/Users/wulonghui/work/unified_cashier/intergration/target/classes/com/youzan/pay/unified/cashier/intergration/client/ChannelBankCardServiceClient$2.class], file [/Users/wulonghui/work/unified_cashier/intergration/target/classes/com/youzan/pay/unified/cashier/intergration/client/ChannelBankCardServiceClient$3.class], file [/Users/wulonghui/work/unified_cashier/intergration/target/classes/com/youzan/pay/unified/cashier/intergration/client/ChannelBankCardServiceClient$4.class], file [/Users/wulonghui/work/unified_cashier/intergration/target/classes/com/youzan/pay/unified/cashier/intergration/client/ChannelBankCardServiceClient.class], file [/Users/wulonghui/work/unified_cashier/intergration/target/classes/com/youzan/pay/unified/cashier/intergration/client/MerchantBankCardServiceClient$1.class], file [/Users/wulonghui/work/unified_cashier/intergration/target/classes/com/youzan/pay/unified/cashier/intergration/client/MerchantBankCardServiceClient$2.class], file [/Users/wulonghui/work/unified_cashier/intergration/target/classes/com/youzan/pay/unified/cashier/intergration/client/MerchantBankCardServiceClient$3.class], file [/Users/wulonghui/work/unified_cashier/intergration/target/classes/com/youzan/pay/unified/cashier/intergration/client/MerchantBankCardServiceClient.class], file [/Users/wulonghui/work/unified_cashier/intergration/target/classes/com/youzan/pay/unified/cashier/intergration/client/MicroAccoutServiceClient.class], file [/Users/wulonghui/work/unified_cashier/intergration/target/classes/com/youzan/pay/unified/cashier/intergration/client/QueryPayToolConfigServiceClient.class], file [/Users/wulonghui/work/unified_cashier/intergration/target/classes/com/youzan/pay/unified/cashier/intergration/client/SignKeyServiceClient.class], file [/Users/wulonghui/work/unified_cashier/intergration/target/classes/com/youzan/pay/unified/cashier/intergration/client/SummaryCardQueryServiceClient.class], file [/Users/wulonghui/work/unified_cashier/intergration/target/classes/com/youzan/pay/unified/cashier/intergration/client/UnifiedOrderServiceClient.class], file [/Users/wulonghui/work/unified_cashier/intergration/target/classes/com/youzan/pay/unified/cashier/intergration/client/UnifiedPayServiceClient.class], file [/Users/wulonghui/work/unified_cashier/intergration/target/classes/com/youzan/pay/unified/cashier/intergration/client/UserMerchantServiceClient$1.class], file [/Users/wulonghui/work/unified_cashier/intergration/target/classes/com/youzan/pay/unified/cashier/intergration/client/UserMerchantServiceClient.class]]
2017-08-28 17:41:23.692 [main] DEBUG o.s.context.annotation.ClassPathBeanDefinitionScanner - Identified candidate component class: file [/Users/wulonghui/work/unified_cashier/intergration/target/classes/com/youzan/pay/unified/cashier/intergration/client/AssetCenterUnifiedPayServiceClient.class]
2017-08-28 17:41:23.692 [main] DEBUG o.s.context.annotation.ClassPathBeanDefinitionScanner - Identified candidate component class: file [/Users/wulonghui/work/unified_cashier/intergration/target/classes/com/youzan/pay/unified/cashier/intergration/client/CashierOrderStatusSearchClient.class]
2017-08-28 17:41:23.692 [main] DEBUG o.s.context.annotation.ClassPathBeanDefinitionScanner - Identified candidate component class: file [/Users/wulonghui/work/unified_cashier/intergration/target/classes/com/youzan/pay/unified/cashier/intergration/client/CashierRechargeServiceClient.class]
2017-08-28 17:41:23.693 [main] DEBUG o.s.context.annotation.ClassPathBeanDefinitionScanner - Identified candidate component class: file [/Users/wulonghui/work/unified_cashier/intergration/target/classes/com/youzan/pay/unified/cashier/intergration/client/ChannelBankCardServiceClient.class]
2017-08-28 17:41:23.695 [main] DEBUG o.s.context.annotation.ClassPathBeanDefinitionScanner - Identified candidate component class: file [/Users/wulonghui/work/unified_cashier/intergration/target/classes/com/youzan/pay/unified/cashier/intergration/client/MerchantBankCardServiceClient.class]
2017-08-28 17:41:23.695 [main] DEBUG o.s.context.annotation.ClassPathBeanDefinitionScanner - Identified candidate component class: file [/Users/wulonghui/work/unified_cashier/intergration/target/classes/com/youzan/pay/unified/cashier/intergration/client/MicroAccoutServiceClient.class]
2017-08-28 17:41:23.695 [main] DEBUG o.s.context.annotation.ClassPathBeanDefinitionScanner - Identified candidate component class: file [/Users/wulonghui/work/unified_cashier/intergration/target/classes/com/youzan/pay/unified/cashier/intergration/client/QueryPayToolConfigServiceClient.class]
2017-08-28 17:41:23.695 [main] DEBUG o.s.context.annotation.ClassPathBeanDefinitionScanner - Identified candidate component class: file [/Users/wulonghui/work/unified_cashier/intergration/target/classes/com/youzan/pay/unified/cashier/intergration/client/SignKeyServiceClient.class]
2017-08-28 17:41:23.696 [main] DEBUG o.s.context.annotation.ClassPathBeanDefinitionScanner - Identified candidate component class: file [/Users/wulonghui/work/unified_cashier/intergration/target/classes/com/youzan/pay/unified/cashier/intergration/client/SummaryCardQueryServiceClient.class]
2017-08-28 17:41:23.696 [main] DEBUG o.s.context.annotation.ClassPathBeanDefinitionScanner - Identified candidate component class: file [/Users/wulonghui/work/unified_cashier/intergration/target/classes/com/youzan/pay/unified/cashier/intergration/client/UnifiedOrderServiceClient.class]
2017-08-28 17:41:23.697 [main] DEBUG o.s.context.annotation.ClassPathBeanDefinitionScanner - Identified candidate component class: file [/Users/wulonghui/work/unified_cashier/intergration/target/classes/com/youzan/pay/unified/cashier/intergration/client/UnifiedPayServiceClient.class]
2017-08-28 17:41:23.698 [main] DEBUG o.s.context.annotation.ClassPathBeanDefinitionScanner - Identified candidate component class: file [/Users/wulonghui/work/unified_cashier/intergration/target/classes/com/youzan/pay/unified/cashier/intergration/client/UserMerchantServiceClient.class]
2017-08-28 17:41:23.709 [main] INFO  o.s.beans.factory.xml.XmlBeanDefinitionReader - Loading XML bean definitions from URL [jar:file:/Users/wulonghui/.m2/repository/com/youzan/platform/bootstrap/3.0.9-RELEASE/bootstrap-3.0.9-RELEASE.jar!/META-INF/spring/container.xml]
2017-08-28 17:41:23.710 [main] DEBUG o.s.beans.factory.xml.DefaultDocumentLoader - Using JAXP provider [com.sun.org.apache.xerces.internal.jaxp.DocumentBuilderFactoryImpl]
2017-08-28 17:41:23.711 [main] DEBUG o.s.beans.factory.xml.PluggableSchemaResolver - Found XML schema [http://www.springframework.org/schema/beans/spring-beans-2.5.xsd] in classpath: org/springframework/beans/factory/xml/spring-beans-2.5.xsd
2017-08-28 17:41:23.721 [main] DEBUG o.s.b.factory.xml.DefaultBeanDefinitionDocumentReader - Loading bean definitions
2017-08-28 17:41:23.722 [main] INFO  o.s.beans.factory.xml.XmlBeanDefinitionReader - Loading XML bean definitions from URL [jar:file:/Users/wulonghui/.m2/repository/com/youzan/nova/framework/framework-cat/1.0.7-RELEASE/framework-cat-1.0.7-RELEASE.jar!/META-INF/spring/framework-cat-context.xml]
2017-08-28 17:41:23.723 [main] DEBUG o.s.beans.factory.xml.DefaultDocumentLoader - Using JAXP provider [com.sun.org.apache.xerces.internal.jaxp.DocumentBuilderFactoryImpl]
2017-08-28 17:41:23.725 [main] DEBUG o.s.beans.factory.xml.PluggableSchemaResolver - Found XML schema [http://www.springframework.org/schema/beans/spring-beans-2.5.xsd] in classpath: org/springframework/beans/factory/xml/spring-beans-2.5.xsd
2017-08-28 17:41:23.735 [main] DEBUG o.s.beans.factory.xml.PluggableSchemaResolver - Found XML schema [http://www.springframework.org/schema/aop/spring-aop-3.0.xsd] in classpath: org/springframework/aop/config/spring-aop-3.0.xsd
2017-08-28 17:41:23.783 [main] DEBUG o.s.beans.factory.xml.PluggableSchemaResolver - Found XML schema [http://www.springframework.org/schema/tool/spring-tool-3.0.xsd] in classpath: org/springframework/beans/factory/xml/spring-tool-3.0.xsd
2017-08-28 17:41:23.786 [main] DEBUG o.s.b.factory.xml.DefaultBeanDefinitionDocumentReader - Loading bean definitions
2017-08-28 17:41:23.786 [main] DEBUG o.s.beans.factory.xml.XmlBeanDefinitionReader - Loaded 35 bean definitions from location pattern [classpath*:META-INF/spring/*.xml]
2017-08-28 17:41:23.787 [main] INFO  o.s.context.support.GenericApplicationContext - Refreshing org.springframework.context.support.GenericApplicationContext@50c54df7: startup date [Mon Aug 28 17:41:23 CST 2017]; root of context hierarchy
2017-08-28 17:41:23.787 [main] DEBUG o.s.context.support.GenericApplicationContext - Bean factory for org.springframework.context.support.GenericApplicationContext@50c54df7: org.springframework.beans.factory.support.DefaultListableBeanFactory@5ca8188: defining beans [org.springframework.context.support.PropertySourcesPlaceholderConfigurer#0,assetCenterUnifiedPayServiceClient,cashierOrderStatusSearchClient,cashierRechargeServiceClient,channelBankCardServiceClient,merchantBankCardServiceClient,microAccoutServiceClient,queryPayToolConfigServiceClient,signKeyServiceClient,summaryCardQueryServiceClient,unifiedOrderServiceClient,unifiedPayServiceClient,userMerchantServiceClient,org.springframework.context.annotation.internalConfigurationAnnotationProcessor,org.springframework.context.annotation.internalAutowiredAnnotationProcessor,org.springframework.context.annotation.internalRequiredAnnotationProcessor,org.springframework.context.annotation.internalCommonAnnotationProcessor,signKeyService,merchantConfigService,acquireOrderService,unifiedPayService,unifiedOrderQueryService,unifiedOrderService,bankCardService,merchantBankCardService,userMerchantService,rechargeService,payToolsService,accountService,summaryCardQueryService,novaContainer,beanFactory,org.springframework.aop.config.internalAutoProxyCreator,tracingAop,customerMethodAop]; root of factory hierarchy
2017-08-28 17:41:23.787 [Finalizer] WARN  com.alibaba.dubbo.config.AbstractConfig -  [Nova] ReferenceConfig(null) is not DESTROYED when FINALIZE, nova version: 3.0.9-RELEASE, current host: 172.17.11.56
2017-08-28 17:41:23.787 [Finalizer] WARN  com.alibaba.dubbo.config.AbstractConfig -  [Nova] ReferenceConfig(null) is not DESTROYED when FINALIZE, nova version: 3.0.9-RELEASE, current host: 172.17.11.56
2017-08-28 17:41:23.787 [Finalizer] WARN  com.alibaba.dubbo.config.AbstractConfig -  [Nova] ReferenceConfig(null) is not DESTROYED when FINALIZE, nova version: 3.0.9-RELEASE, current host: 172.17.11.56
2017-08-28 17:41:23.787 [Finalizer] WARN  com.alibaba.dubbo.config.AbstractConfig -  [Nova] ReferenceConfig(null) is not DESTROYED when FINALIZE, nova version: 3.0.9-RELEASE, current host: 172.17.11.56
2017-08-28 17:41:23.787 [Finalizer] WARN  com.alibaba.dubbo.config.AbstractConfig -  [Nova] ReferenceConfig(null) is not DESTROYED when FINALIZE, nova version: 3.0.9-RELEASE, current host: 172.17.11.56
2017-08-28 17:41:23.788 [main] DEBUG o.s.beans.factory.support.DefaultListableBeanFactory - Creating shared instance of singleton bean 'org.springframework.context.annotation.internalConfigurationAnnotationProcessor'
2017-08-28 17:41:23.788 [main] DEBUG o.s.beans.factory.support.DefaultListableBeanFactory - Creating instance of bean 'org.springframework.context.annotation.internalConfigurationAnnotationProcessor'
2017-08-28 17:41:23.788 [main] DEBUG o.s.beans.factory.support.DefaultListableBeanFactory - Eagerly caching bean 'org.springframework.context.annotation.internalConfigurationAnnotationProcessor' to allow for resolving potential circular references
2017-08-28 17:41:23.788 [main] DEBUG o.s.beans.factory.support.DefaultListableBeanFactory - Finished creating instance of bean 'org.springframework.context.annotation.internalConfigurationAnnotationProcessor'
2017-08-28 17:41:23.788 [main] DEBUG o.s.beans.factory.support.DefaultListableBeanFactory - Creating shared instance of singleton bean 'novaContainer'
2017-08-28 17:41:23.788 [main] DEBUG o.s.beans.factory.support.DefaultListableBeanFactory - Creating instance of bean 'novaContainer'
2017-08-28 17:41:23.788 [main] DEBUG o.s.beans.factory.support.DefaultListableBeanFactory - Eagerly caching bean 'novaContainer' to allow for resolving potential circular references
2017-08-28 17:41:23.789 [main] DEBUG o.s.beans.factory.support.DefaultListableBeanFactory - Finished creating instance of bean 'novaContainer'
2017-08-28 17:41:23.800 [main] DEBUG o.s.beans.factory.support.DefaultListableBeanFactory - Creating shared instance of singleton bean 'org.springframework.context.support.PropertySourcesPlaceholderConfigurer#0'
2017-08-28 17:41:23.801 [main] DEBUG o.s.beans.factory.support.DefaultListableBeanFactory - Creating instance of bean 'org.springframework.context.support.PropertySourcesPlaceholderConfigurer#0'
2017-08-28 17:41:23.802 [main] DEBUG o.s.beans.factory.support.DefaultListableBeanFactory - Eagerly caching bean 'org.springframework.context.support.PropertySourcesPlaceholderConfigurer#0' to allow for resolving potential circular references
2017-08-28 17:41:23.807 [main] DEBUG o.s.core.io.support.PathMatchingResourcePatternResolver - Looking for matching resources in directory tree [/Users/wulonghui/work/unified_cashier/intergration/target/test-classes]
2017-08-28 17:41:23.807 [main] DEBUG o.s.core.io.support.PathMatchingResourcePatternResolver - Searching directory [/Users/wulonghui/work/unified_cashier/intergration/target/test-classes] for files matching pattern [/Users/wulonghui/work/unified_cashier/intergration/target/test-classes/*.properties]
2017-08-28 17:41:23.807 [main] DEBUG o.s.core.io.support.PathMatchingResourcePatternResolver - Looking for matching resources in directory tree [/Users/wulonghui/work/unified_cashier/intergration/target/classes]
2017-08-28 17:41:23.808 [main] DEBUG o.s.core.io.support.PathMatchingResourcePatternResolver - Searching directory [/Users/wulonghui/work/unified_cashier/intergration/target/classes] for files matching pattern [/Users/wulonghui/work/unified_cashier/intergration/target/classes/*.properties]
2017-08-28 17:41:23.808 [main] DEBUG o.s.core.io.support.PathMatchingResourcePatternResolver - Looking for matching resources in directory tree [/Users/wulonghui/work/unified_cashier/core-utils/target/classes]
2017-08-28 17:41:23.808 [main] DEBUG o.s.core.io.support.PathMatchingResourcePatternResolver - Searching directory [/Users/wulonghui/work/unified_cashier/core-utils/target/classes] for files matching pattern [/Users/wulonghui/work/unified_cashier/core-utils/target/classes/*.properties]
2017-08-28 17:41:23.809 [main] DEBUG o.s.core.io.support.PathMatchingResourcePatternResolver - Looking for matching resources in directory tree [/Users/wulonghui/work/unified_cashier/core-model/target/classes]
2017-08-28 17:41:23.809 [main] DEBUG o.s.core.io.support.PathMatchingResourcePatternResolver - Searching directory [/Users/wulonghui/work/unified_cashier/core-model/target/classes] for files matching pattern [/Users/wulonghui/work/unified_cashier/core-model/target/classes/*.properties]
2017-08-28 17:41:23.809 [main] DEBUG o.s.core.io.support.PathMatchingResourcePatternResolver - Resolved location pattern [classpath*:*.properties] to resources [file [/Users/wulonghui/work/unified_cashier/intergration/target/test-classes/container.properties], file [/Users/wulonghui/work/unified_cashier/intergration/target/test-classes/dev.properties]]
2017-08-28 17:41:23.809 [main] DEBUG o.s.beans.factory.support.DefaultListableBeanFactory - Finished creating instance of bean 'org.springframework.context.support.PropertySourcesPlaceholderConfigurer#0'
2017-08-28 17:41:23.810 [main] DEBUG org.springframework.core.env.MutablePropertySources - Adding [environmentProperties] PropertySource with lowest search precedence
2017-08-28 17:41:23.810 [main] INFO  o.s.context.support.PropertySourcesPlaceholderConfigurer - Loading properties file from file [/Users/wulonghui/work/unified_cashier/intergration/target/test-classes/container.properties]
2017-08-28 17:41:23.810 [main] INFO  o.s.context.support.PropertySourcesPlaceholderConfigurer - Loading properties file from file [/Users/wulonghui/work/unified_cashier/intergration/target/test-classes/dev.properties]
2017-08-28 17:41:23.810 [main] DEBUG org.springframework.core.env.MutablePropertySources - Adding [localProperties] PropertySource with lowest search precedence
2017-08-28 17:41:23.811 [main] DEBUG o.s.core.env.PropertySourcesPropertyResolver - Searching for key 'application.monitor.address' in [environmentProperties]
2017-08-28 17:41:23.811 [main] DEBUG o.s.core.env.PropertySourcesPropertyResolver - Searching for key 'application.monitor.address' in [systemProperties]
2017-08-28 17:41:23.811 [main] DEBUG o.s.core.env.PropertySourcesPropertyResolver - Searching for key 'application.monitor.address' in [systemEnvironment]
2017-08-28 17:41:23.811 [main] DEBUG o.s.core.env.PropertySourcesPropertyResolver - Could not find key 'application.monitor.address' in any property source. Returning [null]
2017-08-28 17:41:23.812 [main] DEBUG o.s.core.env.PropertySourcesPropertyResolver - Searching for key 'application.monitor.address' in [localProperties]
2017-08-28 17:41:23.812 [main] DEBUG o.s.core.env.PropertySourcesPropertyResolver - Found key 'application.monitor.address' in [localProperties] with type [String] and value 'http://hawk-dev.s.qima-inc.com'
2017-08-28 17:41:23.813 [main] DEBUG o.s.beans.factory.support.DefaultListableBeanFactory - Creating shared instance of singleton bean 'com.alibaba.dubbo.config.spring.AnnotationBean'
2017-08-28 17:41:23.813 [main] DEBUG o.s.beans.factory.support.DefaultListableBeanFactory - Creating instance of bean 'com.alibaba.dubbo.config.spring.AnnotationBean'
2017-08-28 17:41:23.813 [main] DEBUG o.s.beans.factory.support.DefaultListableBeanFactory - Eagerly caching bean 'com.alibaba.dubbo.config.spring.AnnotationBean' to allow for resolving potential circular references
2017-08-28 17:41:23.814 [main] DEBUG o.s.beans.factory.support.DefaultListableBeanFactory - Finished creating instance of bean 'com.alibaba.dubbo.config.spring.AnnotationBean'
2017-08-28 17:41:23.817 [main] DEBUG org.springframework.core.env.StandardEnvironment - Adding [systemProperties] PropertySource with lowest search precedence
2017-08-28 17:41:23.817 [main] DEBUG org.springframework.core.env.StandardEnvironment - Adding [systemEnvironment] PropertySource with lowest search precedence
2017-08-28 17:41:23.818 [main] DEBUG org.springframework.core.env.StandardEnvironment - Initialized StandardEnvironment with PropertySources [systemProperties,systemEnvironment]
2017-08-28 17:41:23.818 [main] DEBUG o.s.context.annotation.ClassPathBeanDefinitionScanner - JSR-250 'javax.annotation.ManagedBean' found and supported for component scanning
2017-08-28 17:41:23.820 [main] DEBUG o.s.core.io.support.PathMatchingResourcePatternResolver - Looking for matching resources in directory tree [/Users/wulonghui/work/unified_cashier/intergration/target/test-classes/com/youzan]
2017-08-28 17:41:23.820 [main] DEBUG o.s.core.io.support.PathMatchingResourcePatternResolver - Searching directory [/Users/wulonghui/work/unified_cashier/intergration/target/test-classes/com/youzan] for files matching pattern [/Users/wulonghui/work/unified_cashier/intergration/target/test-classes/com/youzan/**/*.class]
2017-08-28 17:41:23.820 [main] DEBUG o.s.core.io.support.PathMatchingResourcePatternResolver - Searching directory [/Users/wulonghui/work/unified_cashier/intergration/target/test-classes/com/youzan/pay] for files matching pattern [/Users/wulonghui/work/unified_cashier/intergration/target/test-classes/com/youzan/**/*.class]
2017-08-28 17:41:23.821 [main] DEBUG o.s.core.io.support.PathMatchingResourcePatternResolver - Searching directory [/Users/wulonghui/work/unified_cashier/intergration/target/test-classes/com/youzan/pay/unified] for files matching pattern [/Users/wulonghui/work/unified_cashier/intergration/target/test-classes/com/youzan/**/*.class]
2017-08-28 17:41:23.821 [main] DEBUG o.s.core.io.support.PathMatchingResourcePatternResolver - Searching directory [/Users/wulonghui/work/unified_cashier/intergration/target/test-classes/com/youzan/pay/unified/cashier] for files matching pattern [/Users/wulonghui/work/unified_cashier/intergration/target/test-classes/com/youzan/**/*.class]
2017-08-28 17:41:23.821 [main] DEBUG o.s.core.io.support.PathMatchingResourcePatternResolver - Searching directory [/Users/wulonghui/work/unified_cashier/intergration/target/test-classes/com/youzan/pay/unified/cashier/intergration] for files matching pattern [/Users/wulonghui/work/unified_cashier/intergration/target/test-classes/com/youzan/**/*.class]
2017-08-28 17:41:23.821 [main] DEBUG o.s.core.io.support.PathMatchingResourcePatternResolver - Searching directory [/Users/wulonghui/work/unified_cashier/intergration/target/test-classes/com/youzan/pay/unified/cashier/intergration/client] for files matching pattern [/Users/wulonghui/work/unified_cashier/intergration/target/test-classes/com/youzan/**/*.class]
2017-08-28 17:41:23.824 [main] DEBUG o.s.core.io.support.PathMatchingResourcePatternResolver - Looking for matching resources in directory tree [/Users/wulonghui/work/unified_cashier/intergration/target/classes/com/youzan]
2017-08-28 17:41:23.824 [main] DEBUG o.s.core.io.support.PathMatchingResourcePatternResolver - Searching directory [/Users/wulonghui/work/unified_cashier/intergration/target/classes/com/youzan] for files matching pattern [/Users/wulonghui/work/unified_cashier/intergration/target/classes/com/youzan/**/*.class]
2017-08-28 17:41:23.824 [main] DEBUG o.s.core.io.support.PathMatchingResourcePatternResolver - Searching directory [/Users/wulonghui/work/unified_cashier/intergration/target/classes/com/youzan/pay] for files matching pattern [/Users/wulonghui/work/unified_cashier/intergration/target/classes/com/youzan/**/*.class]
2017-08-28 17:41:23.825 [main] DEBUG o.s.core.io.support.PathMatchingResourcePatternResolver - Searching directory [/Users/wulonghui/work/unified_cashier/intergration/target/classes/com/youzan/pay/unified] for files matching pattern [/Users/wulonghui/work/unified_cashier/intergration/target/classes/com/youzan/**/*.class]
2017-08-28 17:41:23.825 [main] DEBUG o.s.core.io.support.PathMatchingResourcePatternResolver - Searching directory [/Users/wulonghui/work/unified_cashier/intergration/target/classes/com/youzan/pay/unified/cashier] for files matching pattern [/Users/wulonghui/work/unified_cashier/intergration/target/classes/com/youzan/**/*.class]
2017-08-28 17:41:23.825 [main] DEBUG o.s.core.io.support.PathMatchingResourcePatternResolver - Searching directory [/Users/wulonghui/work/unified_cashier/intergration/target/classes/com/youzan/pay/unified/cashier/intergration] for files matching pattern [/Users/wulonghui/work/unified_cashier/intergration/target/classes/com/youzan/**/*.class]
2017-08-28 17:41:23.825 [main] DEBUG o.s.core.io.support.PathMatchingResourcePatternResolver - Searching directory [/Users/wulonghui/work/unified_cashier/intergration/target/classes/com/youzan/pay/unified/cashier/intergration/client] for files matching pattern [/Users/wulonghui/work/unified_cashier/intergration/target/classes/com/youzan/**/*.class]
2017-08-28 17:41:23.826 [main] DEBUG o.s.core.io.support.PathMatchingResourcePatternResolver - Searching directory [/Users/wulonghui/work/unified_cashier/intergration/target/classes/com/youzan/pay/unified/cashier/intergration/common] for files matching pattern [/Users/wulonghui/work/unified_cashier/intergration/target/classes/com/youzan/**/*.class]
2017-08-28 17:41:23.827 [main] DEBUG o.s.core.io.support.PathMatchingResourcePatternResolver - Looking for matching resources in directory tree [/Users/wulonghui/work/unified_cashier/core-utils/target/classes/com/youzan]
2017-08-28 17:41:23.827 [main] DEBUG o.s.core.io.support.PathMatchingResourcePatternResolver - Searching directory [/Users/wulonghui/work/unified_cashier/core-utils/target/classes/com/youzan] for files matching pattern [/Users/wulonghui/work/unified_cashier/core-utils/target/classes/com/youzan/**/*.class]
2017-08-28 17:41:23.827 [main] DEBUG o.s.core.io.support.PathMatchingResourcePatternResolver - Searching directory [/Users/wulonghui/work/unified_cashier/core-utils/target/classes/com/youzan/pay] for files matching pattern [/Users/wulonghui/work/unified_cashier/core-utils/target/classes/com/youzan/**/*.class]
2017-08-28 17:41:23.827 [main] DEBUG o.s.core.io.support.PathMatchingResourcePatternResolver - Searching directory [/Users/wulonghui/work/unified_cashier/core-utils/target/classes/com/youzan/pay/unified] for files matching pattern [/Users/wulonghui/work/unified_cashier/core-utils/target/classes/com/youzan/**/*.class]
2017-08-28 17:41:23.828 [main] DEBUG o.s.core.io.support.PathMatchingResourcePatternResolver - Searching directory [/Users/wulonghui/work/unified_cashier/core-utils/target/classes/com/youzan/pay/unified/cashier] for files matching pattern [/Users/wulonghui/work/unified_cashier/core-utils/target/classes/com/youzan/**/*.class]
2017-08-28 17:41:23.828 [main] DEBUG o.s.core.io.support.PathMatchingResourcePatternResolver - Searching directory [/Users/wulonghui/work/unified_cashier/core-utils/target/classes/com/youzan/pay/unified/cashier/core] for files matching pattern [/Users/wulonghui/work/unified_cashier/core-utils/target/classes/com/youzan/**/*.class]
2017-08-28 17:41:23.828 [main] DEBUG o.s.core.io.support.PathMatchingResourcePatternResolver - Searching directory [/Users/wulonghui/work/unified_cashier/core-utils/target/classes/com/youzan/pay/unified/cashier/core/utils] for files matching pattern [/Users/wulonghui/work/unified_cashier/core-utils/target/classes/com/youzan/**/*.class]
2017-08-28 17:41:23.828 [main] DEBUG o.s.core.io.support.PathMatchingResourcePatternResolver - Searching directory [/Users/wulonghui/work/unified_cashier/core-utils/target/classes/com/youzan/pay/unified/cashier/core/utils/common] for files matching pattern [/Users/wulonghui/work/unified_cashier/core-utils/target/classes/com/youzan/**/*.class]
2017-08-28 17:41:23.828 [main] DEBUG o.s.core.io.support.PathMatchingResourcePatternResolver - Searching directory [/Users/wulonghui/work/unified_cashier/core-utils/target/classes/com/youzan/pay/unified/cashier/core/utils/enums] for files matching pattern [/Users/wulonghui/work/unified_cashier/core-utils/target/classes/com/youzan/**/*.class]
2017-08-28 17:41:23.828 [main] DEBUG o.s.core.io.support.PathMatchingResourcePatternResolver - Searching directory [/Users/wulonghui/work/unified_cashier/core-utils/target/classes/com/youzan/pay/unified/cashier/core/utils/exception] for files matching pattern [/Users/wulonghui/work/unified_cashier/core-utils/target/classes/com/youzan/**/*.class]
2017-08-28 17:41:23.829 [main] DEBUG o.s.core.io.support.PathMatchingResourcePatternResolver - Searching directory [/Users/wulonghui/work/unified_cashier/core-utils/target/classes/com/youzan/pay/unified/cashier/core/utils/model] for files matching pattern [/Users/wulonghui/work/unified_cashier/core-utils/target/classes/com/youzan/**/*.class]
2017-08-28 17:41:23.829 [main] DEBUG o.s.core.io.support.PathMatchingResourcePatternResolver - Searching directory [/Users/wulonghui/work/unified_cashier/core-utils/target/classes/com/youzan/pay/unified/cashier/core/utils/resultcode] for files matching pattern [/Users/wulonghui/work/unified_cashier/core-utils/target/classes/com/youzan/**/*.class]
2017-08-28 17:41:23.829 [main] DEBUG o.s.core.io.support.PathMatchingResourcePatternResolver - Searching directory [/Users/wulonghui/work/unified_cashier/core-utils/target/classes/com/youzan/pay/unified/cashier/core/utils/resultcode/errorcode] for files matching pattern [/Users/wulonghui/work/unified_cashier/core-utils/target/classes/com/youzan/**/*.class]
2017-08-28 17:41:23.831 [main] DEBUG o.s.core.io.support.PathMatchingResourcePatternResolver - Looking for matching resources in directory tree [/Users/wulonghui/work/unified_cashier/core-model/target/classes/com/youzan]
2017-08-28 17:41:23.831 [main] DEBUG o.s.core.io.support.PathMatchingResourcePatternResolver - Searching directory [/Users/wulonghui/work/unified_cashier/core-model/target/classes/com/youzan] for files matching pattern [/Users/wulonghui/work/unified_cashier/core-model/target/classes/com/youzan/**/*.class]
2017-08-28 17:41:23.832 [main] DEBUG o.s.core.io.support.PathMatchingResourcePatternResolver - Searching directory [/Users/wulonghui/work/unified_cashier/core-model/target/classes/com/youzan/pay] for files matching pattern [/Users/wulonghui/work/unified_cashier/core-model/target/classes/com/youzan/**/*.class]
2017-08-28 17:41:23.833 [main] DEBUG o.s.core.io.support.PathMatchingResourcePatternResolver - Searching directory [/Users/wulonghui/work/unified_cashier/core-model/target/classes/com/youzan/pay/unified] for files matching pattern [/Users/wulonghui/work/unified_cashier/core-model/target/classes/com/youzan/**/*.class]
2017-08-28 17:41:23.833 [main] DEBUG o.s.core.io.support.PathMatchingResourcePatternResolver - Searching directory [/Users/wulonghui/work/unified_cashier/core-model/target/classes/com/youzan/pay/unified/cashier] for files matching pattern [/Users/wulonghui/work/unified_cashier/core-model/target/classes/com/youzan/**/*.class]
2017-08-28 17:41:23.834 [main] DEBUG o.s.core.io.support.PathMatchingResourcePatternResolver - Searching directory [/Users/wulonghui/work/unified_cashier/core-model/target/classes/com/youzan/pay/unified/cashier/core] for files matching pattern [/Users/wulonghui/work/unified_cashier/core-model/target/classes/com/youzan/**/*.class]
2017-08-28 17:41:23.834 [main] DEBUG o.s.core.io.support.PathMatchingResourcePatternResolver - Searching directory [/Users/wulonghui/work/unified_cashier/core-model/target/classes/com/youzan/pay/unified/cashier/core/model] for files matching pattern [/Users/wulonghui/work/unified_cashier/core-model/target/classes/com/youzan/**/*.class]
2017-08-28 17:41:23.835 [main] DEBUG o.s.core.io.support.PathMatchingResourcePatternResolver - Searching directory [/Users/wulonghui/work/unified_cashier/core-model/target/classes/com/youzan/pay/unified/cashier/core/model/domain] for files matching pattern [/Users/wulonghui/work/unified_cashier/core-model/target/classes/com/youzan/**/*.class]
2017-08-28 17:41:23.835 [main] DEBUG o.s.core.io.support.PathMatchingResourcePatternResolver - Looking for matching resources in jar file [file:/Users/wulonghui/.m2/repository/com/youzan/pay/core/core-utils/1.0.1-SNAPSHOT/core-utils-1.0.1-SNAPSHOT.jar]
2017-08-28 17:41:23.836 [main] DEBUG o.s.core.io.support.PathMatchingResourcePatternResolver - Looking for matching resources in jar file [file:/Users/wulonghui/.m2/repository/com/youzan/pay/core/core-model/1.0.1-SNAPSHOT/core-model-1.0.1-SNAPSHOT.jar]
2017-08-28 17:41:23.837 [main] DEBUG o.s.core.io.support.PathMatchingResourcePatternResolver - Looking for matching resources in jar file [file:/Users/wulonghui/.m2/repository/com/youzan/platform/bootstrap/3.0.9-RELEASE/bootstrap-3.0.9-RELEASE.jar]
2017-08-28 17:41:23.838 [main] DEBUG o.s.core.io.support.PathMatchingResourcePatternResolver - Looking for matching resources in jar file [file:/Users/wulonghui/.m2/repository/com/youzan/platform/haunt-client/3.0.7-RELEASE/haunt-client-3.0.7-RELEASE.jar]
2017-08-28 17:41:23.840 [main] DEBUG o.s.core.io.support.PathMatchingResourcePatternResolver - Looking for matching resources in jar file [file:/Users/wulonghui/.m2/repository/com/youzan/nova/framework/framework-cat/1.0.7-RELEASE/framework-cat-1.0.7-RELEASE.jar]
2017-08-28 17:41:23.840 [main] DEBUG o.s.core.io.support.PathMatchingResourcePatternResolver - Looking for matching resources in jar file [file:/Users/wulonghui/.m2/repository/com/youzan/platform/commons-util/2.0.0-SNAPSHOT/commons-util-2.0.0-SNAPSHOT.jar]
2017-08-28 17:41:23.841 [main] DEBUG o.s.core.io.support.PathMatchingResourcePatternResolver - Looking for matching resources in jar file [file:/Users/wulonghui/.m2/repository/com/alibaba/dubbo/3.0.9-RELEASE/dubbo-3.0.9-RELEASE.jar]
2017-08-28 17:41:23.845 [main] DEBUG o.s.core.io.support.PathMatchingResourcePatternResolver - Looking for matching resources in jar file [file:/Users/wulonghui/.m2/repository/com/youzan/lightning-sdk/0.1.1-SNAPSHOT/lightning-sdk-0.1.1-SNAPSHOT.jar]
2017-08-28 17:41:23.846 [main] DEBUG o.s.core.io.support.PathMatchingResourcePatternResolver - Looking for matching resources in jar file [file:/Users/wulonghui/.m2/repository/com/youzan/platform/track-appender/2.3/track-appender-2.3.jar]
2017-08-28 17:41:23.847 [main] DEBUG o.s.core.io.support.PathMatchingResourcePatternResolver - Looking for matching resources in jar file [file:/Users/wulonghui/.m2/repository/com/youzan/pay/assetcenter.api/0.0.9-20170817-SNAPSHOT/assetcenter.api-0.0.9-20170817-SNAPSHOT.jar]
2017-08-28 17:41:23.849 [main] DEBUG o.s.core.io.support.PathMatchingResourcePatternResolver - Looking for matching resources in jar file [file:/Users/wulonghui/.m2/repository/com/youzan/pay/assetcenter.spi/0.0.9-20170817-SNAPSHOT/assetcenter.spi-0.0.9-20170817-SNAPSHOT.jar]
2017-08-28 17:41:23.850 [main] DEBUG o.s.core.io.support.PathMatchingResourcePatternResolver - Looking for matching resources in jar file [file:/Users/wulonghui/.m2/repository/com/youzan/pay/core/core-validate/1.0.2-20170515-RELEASE/core-validate-1.0.2-20170515-RELEASE.jar]
2017-08-28 17:41:23.851 [main] DEBUG o.s.core.io.support.PathMatchingResourcePatternResolver - Looking for matching resources in jar file [file:/Users/wulonghui/.m2/repository/com/youzan/pay/microaccount-api/0.2.6-20170801-SNAPSHOT/microaccount-api-0.2.6-20170801-SNAPSHOT.jar]
2017-08-28 17:41:23.853 [main] DEBUG o.s.core.io.support.PathMatchingResourcePatternResolver - Looking for matching resources in jar file [file:/Users/wulonghui/.m2/repository/com/youzan/account-api/1.1.16-RELEASE/account-api-1.1.16-RELEASE.jar]
2017-08-28 17:41:23.856 [main] DEBUG o.s.core.io.support.PathMatchingResourcePatternResolver - Looking for matching resources in jar file [file:/Users/wulonghui/.m2/repository/com/youzan/common-model/1.0.1-SNAPSHOT/common-model-1.0.1-SNAPSHOT.jar]
2017-08-28 17:41:23.856 [main] DEBUG o.s.core.io.support.PathMatchingResourcePatternResolver - Looking for matching resources in jar file [file:/Users/wulonghui/.m2/repository/com/youzan/pay/fund_channel.open-api/1.0.0-20170710-RELEASE/fund_channel.open-api-1.0.0-20170710-RELEASE.jar]
2017-08-28 17:41:23.857 [main] DEBUG o.s.core.io.support.PathMatchingResourcePatternResolver - Looking for matching resources in jar file [file:/Users/wulonghui/.m2/repository/com/youzan/pay/fund_channel.core-commons/1.0.0-20170710-RELEASE/fund_channel.core-commons-1.0.0-20170710-RELEASE.jar]
2017-08-28 17:41:23.858 [main] DEBUG o.s.core.io.support.PathMatchingResourcePatternResolver - Looking for matching resources in jar file [file:/Users/wulonghui/.m2/repository/com/youzan/pay/core/0.2.9-20170710-RELEASE/core-0.2.9-20170710-RELEASE.jar]
2017-08-28 17:41:23.862 [main] DEBUG o.s.core.io.support.PathMatchingResourcePatternResolver - Looking for matching resources in jar file [file:/Users/wulonghui/.m2/repository/com/youzan/pay/core/mq-nsq/1.0.2-20170515-RELEASE/mq-nsq-1.0.2-20170515-RELEASE.jar]
2017-08-28 17:41:23.863 [main] DEBUG o.s.core.io.support.PathMatchingResourcePatternResolver - Looking for matching resources in jar file [file:/Users/wulonghui/.m2/repository/com/youzan/NSQ-Client/2.3.20170406-RELEASE/NSQ-Client-2.3.20170406-RELEASE.jar]
2017-08-28 17:41:23.866 [main] DEBUG o.s.core.io.support.PathMatchingResourcePatternResolver - Looking for matching resources in jar file [file:/Users/wulonghui/.m2/repository/com/youzan/DCC-Client/1.1.0330-RELEASE/DCC-Client-1.1.0330-RELEASE.jar]
2017-08-28 17:41:23.868 [main] DEBUG o.s.core.io.support.PathMatchingResourcePatternResolver - Looking for matching resources in jar file [file:/Users/wulonghui/.m2/repository/com/youzan/httpasyncclient/4.1.2-RELEASE/httpasyncclient-4.1.2-RELEASE.jar]
2017-08-28 17:41:23.871 [main] DEBUG o.s.core.io.support.PathMatchingResourcePatternResolver - Looking for matching resources in jar file [file:/Users/wulonghui/.m2/repository/com/youzan/pay/merchant-api/0.0.7-20170804-RELEASE/merchant-api-0.0.7-20170804-RELEASE.jar]
2017-08-28 17:41:23.873 [main] DEBUG o.s.core.io.support.PathMatchingResourcePatternResolver - Looking for matching resources in jar file [file:/Users/wulonghui/.m2/repository/com/youzan/pay/consumer-center/basesearch-api/1.0.0-SNAPSHOT/basesearch-api-1.0.0-SNAPSHOT.jar]
2017-08-28 17:41:23.874 [main] DEBUG o.s.core.io.support.PathMatchingResourcePatternResolver - Looking for matching resources in jar file [file:/Users/wulonghui/.m2/repository/com/youzan/pay/core/api-model/1.0.5-20170710-RELEASE/api-model-1.0.5-20170710-RELEASE.jar]
2017-08-28 17:41:23.874 [main] DEBUG o.s.core.io.support.PathMatchingResourcePatternResolver - Looking for matching resources in jar file [file:/Users/wulonghui/.m2/repository/com/youzan/pay/core/common-model/1.0.5-20170710-RELEASE/common-model-1.0.5-20170710-RELEASE.jar]
2017-08-28 17:41:23.875 [main] DEBUG o.s.core.io.support.PathMatchingResourcePatternResolver - Looking for matching resources in jar file [file:/Users/wulonghui/.m2/repository/com/youzan/pay/cardvoucher/cardvoucher-api/1.0.0-20170822-RELEASE/cardvoucher-api-1.0.0-20170822-RELEASE.jar]
2017-08-28 17:41:23.876 [main] DEBUG o.s.core.io.support.PathMatchingResourcePatternResolver - Looking for matching resources in jar file [file:/Users/wulonghui/.m2/repository/com/youzan/pay/cardvoucher/cardvoucher-common-model/1.0.0-20170822-RELEASE/cardvoucher-common-model-1.0.0-20170822-RELEASE.jar]
2017-08-28 17:41:23.879 [main] DEBUG o.s.core.io.support.PathMatchingResourcePatternResolver - Resolved location pattern [classpath*:com/youzan/**/*.class] to resources [file [/Users/wulonghui/work/unified_cashier/intergration/target/test-classes/com/youzan/pay/unified/cashier/intergration/BaseTest.class], file [/Users/wulonghui/work/unified_cashier/intergration/target/test-classes/com/youzan/pay/unified/cashier/intergration/client/AssetCenterUnifiedPayServiceClientTest.class], file [/Users/wulonghui/work/unified_cashier/intergration/target/test-classes/com/youzan/pay/unified/cashier/intergration/client/ChannelBankCardServiceClientTest.class], file [/Users/wulonghui/work/unified_cashier/intergration/target/test-classes/com/youzan/pay/unified/cashier/intergration/client/MerchantBankCardServiceClientTest.class], file [/Users/wulonghui/work/unified_cashier/intergration/target/test-classes/com/youzan/pay/unified/cashier/intergration/client/QueryPayToolConfigServiceClietTest.class], file [/Users/wulonghui/work/unified_cashier/intergration/target/test-classes/com/youzan/pay/unified/cashier/intergration/client/UserMerchantServiceClientTest.class], file [/Users/wulonghui/work/unified_cashier/intergration/target/classes/com/youzan/pay/unified/cashier/intergration/client/AssetCenterUnifiedPayServiceClient$1.class], file [/Users/wulonghui/work/unified_cashier/intergration/target/classes/com/youzan/pay/unified/cashier/intergration/client/AssetCenterUnifiedPayServiceClient.class], file [/Users/wulonghui/work/unified_cashier/intergration/target/classes/com/youzan/pay/unified/cashier/intergration/client/CashierOrderStatusSearchClient.class], file [/Users/wulonghui/work/unified_cashier/intergration/target/classes/com/youzan/pay/unified/cashier/intergration/client/CashierRechargeServiceClient.class], file [/Users/wulonghui/work/unified_cashier/intergration/target/classes/com/youzan/pay/unified/cashier/intergration/client/ChannelBankCardServiceClient$1.class], file [/Users/wulonghui/work/unified_cashier/intergration/target/classes/com/youzan/pay/unified/cashier/intergration/client/ChannelBankCardServiceClient$2.class], file [/Users/wulonghui/work/unified_cashier/intergration/target/classes/com/youzan/pay/unified/cashier/intergration/client/ChannelBankCardServiceClient$3.class], file [/Users/wulonghui/work/unified_cashier/intergration/target/classes/com/youzan/pay/unified/cashier/intergration/client/ChannelBankCardServiceClient$4.class], file [/Users/wulonghui/work/unified_cashier/intergration/target/classes/com/youzan/pay/unified/cashier/intergration/client/ChannelBankCardServiceClient.class], file [/Users/wulonghui/work/unified_cashier/intergration/target/classes/com/youzan/pay/unified/cashier/intergration/client/MerchantBankCardServiceClient$1.class], file [/Users/wulonghui/work/unified_cashier/intergration/target/classes/com/youzan/pay/unified/cashier/intergration/client/MerchantBankCardServiceClient$2.class], file [/Users/wulonghui/work/unified_cashier/intergration/target/classes/com/youzan/pay/unified/cashier/intergration/client/MerchantBankCardServiceClient$3.class], file [/Users/wulonghui/work/unified_cashier/intergration/target/classes/com/youzan/pay/unified/cashier/intergration/client/MerchantBankCardServiceClient.class], file [/Users/wulonghui/work/unified_cashier/intergration/target/classes/com/youzan/pay/unified/cashier/intergration/client/MicroAccoutServiceClient.class], file [/Users/wulonghui/work/unified_cashier/intergration/target/classes/com/youzan/pay/unified/cashier/intergration/client/QueryPayToolConfigServiceClient.class], file [/Users/wulonghui/work/unified_cashier/intergration/target/classes/com/youzan/pay/unified/cashier/intergration/client/SignKeyServiceClient.class], file [/Users/wulonghui/work/unified_cashier/intergration/target/classes/com/youzan/pay/unified/cashier/intergration/client/SummaryCardQueryServiceClient.class], file [/Users/wulonghui/work/unified_cashier/intergration/target/classes/com/youzan/pay/unified/cashier/intergration/client/UnifiedOrderServiceClient.class], file [/Users/wulonghui/work/unified_cashier/intergration/target/classes/com/youzan/pay/unified/cashier/intergration/client/UnifiedPayServiceClient.class], file [/Users/wulonghui/work/unified_cashier/intergration/target/classes/com/youzan/pay/unified/cashier/intergration/client/UserMerchantServiceClient$1.class], file [/Users/wulonghui/work/unified_cashier/intergration/target/classes/com/youzan/pay/unified/cashier/intergration/client/UserMerchantServiceClient.class], file [/Users/wulonghui/work/unified_cashier/intergration/target/classes/com/youzan/pay/unified/cashier/intergration/common/CashierHandleTemplate.class], file [/Users/wulonghui/work/unified_cashier/intergration/target/classes/com/youzan/pay/unified/cashier/intergration/common/CashierProcessCallBack.class], file [/Users/wulonghui/work/unified_cashier/core-utils/target/classes/com/youzan/pay/unified/cashier/core/utils/common/BankIconConfig.class], file [/Users/wulonghui/work/unified_cashier/core-utils/target/classes/com/youzan/pay/unified/cashier/core/utils/common/DataMixProcessor.class], file [/Users/wulonghui/work/unified_cashier/core-utils/target/classes/com/youzan/pay/unified/cashier/core/utils/common/MyCollector.class], file [/Users/wulonghui/work/unified_cashier/core-utils/target/classes/com/youzan/pay/unified/cashier/core/utils/common/StringNumProcessor.class], file [/Users/wulonghui/work/unified_cashier/core-utils/target/classes/com/youzan/pay/unified/cashier/core/utils/enums/CorrectionLevel.class], file [/Users/wulonghui/work/unified_cashier/core-utils/target/classes/com/youzan/pay/unified/cashier/core/utils/exception/BaseException.class], file [/Users/wulonghui/work/unified_cashier/core-utils/target/classes/com/youzan/pay/unified/cashier/core/utils/exception/CardBaseException.class], file [/Users/wulonghui/work/unified_cashier/core-utils/target/classes/com/youzan/pay/unified/cashier/core/utils/exception/CreateOrderException.class], file [/Users/wulonghui/work/unified_cashier/core-utils/target/classes/com/youzan/pay/unified/cashier/core/utils/model/CacheTradeInfo.class], file [/Users/wulonghui/work/unified_cashier/core-utils/target/classes/com/youzan/pay/unified/cashier/core/utils/model/CashierRechargeGetData.class], file [/Users/wulonghui/work/unified_cashier/core-utils/target/classes/com/youzan/pay/unified/cashier/core/utils/model/GenRechargeInfo.class], file [/Users/wulonghui/work/unified_cashier/core-utils/target/classes/com/youzan/pay/unified/cashier/core/utils/QRCodeGenerator.class], file [/Users/wulonghui/work/unified_cashier/core-utils/target/classes/com/youzan/pay/unified/cashier/core/utils/resultcode/errorcode/CardErrorCode.class], file [/Users/wulonghui/work/unified_cashier/core-utils/target/classes/com/youzan/pay/unified/cashier/core/utils/resultcode/errorcode/CommonErrorCode.class], file [/Users/wulonghui/work/unified_cashier/core-utils/target/classes/com/youzan/pay/unified/cashier/core/utils/resultcode/errorcode/CreateOrderErrorCode.class], file [/Users/wulonghui/work/unified_cashier/core-utils/target/classes/com/youzan/pay/unified/cashier/core/utils/resultcode/errorcode/DispatcherPayErrorCode.class], file [/Users/wulonghui/work/unified_cashier/core-utils/target/classes/com/youzan/pay/unified/cashier/core/utils/resultcode/ModuleCode.class], file [/Users/wulonghui/work/unified_cashier/core-utils/target/classes/com/youzan/pay/unified/cashier/core/utils/resultcode/ResultCode.class], file [/Users/wulonghui/work/unified_cashier/core-utils/target/classes/com/youzan/pay/unified/cashier/core/utils/resultcode/SystemCode.class], file [/Users/wulonghui/work/unified_cashier/core-utils/target/classes/com/youzan/pay/unified/cashier/core/utils/SerializationUtils.class], file [/Users/wulonghui/work/unified_cashier/core-utils/target/classes/com/youzan/pay/unified/cashier/core/utils/SignCheckUtils.class], file [/Users/wulonghui/work/unified_cashier/core-model/target/classes/com/youzan/pay/unified/cashier/core/model/domain/ApiDigestLogInfo.class], file [/Users/wulonghui/work/unified_cashier/core-model/target/classes/com/youzan/pay/unified/cashier/core/model/domain/BaseMonitorLogInfo.class], file [/Users/wulonghui/work/unified_cashier/core-model/target/classes/com/youzan/pay/unified/cashier/core/model/domain/MchBizLogInfo.class], file [/Users/wulonghui/work/unified_cashier/core-model/target/classes/com/youzan/pay/unified/cashier/core/model/domain/QRCodeImage.class], URL [jar:file:/Users/wulonghui/.m2/repository/com/youzan/pay/core/core-utils/1.0.1-SNAPSHOT/core-utils-1.0.1-SNAPSHOT.jar!/com/youzan/pay/core/utils/bean/BeanConvertUtil.class], URL [jar:file:/Users/wulonghui/.m2/repository/com/youzan/pay/core/core-utils/1.0.1-SNAPSHOT/core-utils-1.0.1-SNAPSHOT.jar!/com/youzan/pay/core/utils/bean/converter/IType2ValueConverter.class], URL [jar:file:/Users/wulonghui/.m2/repository/com/youzan/pay/core/core-utils/1.0.1-SNAPSHOT/core-utils-1.0.1-SNAPSHOT.jar!/com/youzan/pay/core/utils/bean/converter/Value2ITypeConverter.class], URL [jar:file:/Users/wulonghui/.m2/repository/com/youzan/pay/core/core-utils/1.0.1-SNAPSHOT/core-utils-1.0.1-SNAPSHOT.jar!/com/youzan/pay/core/utils/bean/converter/ValueOfConverter.class], URL [jar:file:/Users/wulonghui/.m2/repository/com/youzan/pay/core/core-utils/1.0.1-SNAPSHOT/core-utils-1.0.1-SNAPSHOT.jar!/com/youzan/pay/core/utils/bean/hack/HackBeanUtilsBean.class], URL [jar:file:/Users/wulonghui/.m2/repository/com/youzan/pay/core/core-utils/1.0.1-SNAPSHOT/core-utils-1.0.1-SNAPSHOT.jar!/com/youzan/pay/core/utils/bean/hack/HackConvertUtilsBean.class], URL [jar:file:/Users/wulonghui/.m2/repository/com/youzan/pay/core/core-utils/1.0.1-SNAPSHOT/core-utils-1.0.1-SNAPSHOT.jar!/com/youzan/pay/core/utils/bean/IBeanConvert.class], URL [jar:file:/Users/wulonghui/.m2/repository/com/youzan/pay/core/core-utils/1.0.1-SNAPSHOT/core-utils-1.0.1-SNAPSHOT.jar!/com/youzan/pay/core/utils/bizcode/BizCodeUtils.class], URL [jar:file:/Users/wulonghui/.m2/repository/com/youzan/pay/core/core-utils/1.0.1-SNAPSHOT/core-utils-1.0.1-SNAPSHOT.jar!/com/youzan/pay/core/utils/bizcode/BizCodeValidate.class], URL [jar:file:/Users/wulonghui/.m2/repository/com/youzan/pay/core/core-utils/1.0.1-SNAPSHOT/core-utils-1.0.1-SNAPSHOT.jar!/com/youzan/pay/core/utils/bizcode/UnifiedBizCode.class], URL [jar:file:/Users/wulonghui/.m2/repository/com/youzan/pay/core/core-utils/1.0.1-SNAPSHOT/core-utils-1.0.1-SNAPSHOT.jar!/com/youzan/pay/core/utils/exception/ExceptionUtils.class], URL [jar:file:/Users/wulonghui/.m2/repository/com/youzan/pay/core/core-utils/1.0.1-SNAPSHOT/core-utils-1.0.1-SNAPSHOT.jar!/com/youzan/pay/core/utils/format/MsgFmtUtils.class], URL [jar:file:/Users/wulonghui/.m2/repository/com/youzan/pay/core/core-utils/1.0.1-SNAPSHOT/core-utils-1.0.1-SNAPSHOT.jar!/com/youzan/pay/core/utils/handler/Handler.class], URL [jar:file:/Users/wulonghui/.m2/repository/com/youzan/pay/core/core-utils/1.0.1-SNAPSHOT/core-utils-1.0.1-SNAPSHOT.jar!/com/youzan/pay/core/utils/handler/HandlerUtils.class], URL [jar:file:/Users/wulonghui/.m2/repository/com/youzan/pay/core/core-utils/1.0.1-SNAPSHOT/core-utils-1.0.1-SNAPSHOT.jar!/com/youzan/pay/core/utils/log/LogUtils$LogArgEntity.class], URL [jar:file:/Users/wulonghui/.m2/repository/com/youzan/pay/core/core-utils/1.0.1-SNAPSHOT/core-utils-1.0.1-SNAPSHOT.jar!/com/youzan/pay/core/utils/log/LogUtils.class], URL [jar:file:/Users/wulonghui/.m2/repository/com/youzan/pay/core/core-utils/1.0.1-SNAPSHOT/core-utils-1.0.1-SNAPSHOT.jar!/com/youzan/pay/core/utils/money/MoneyUtils.class], URL [jar:file:/Users/wulonghui/.m2/repository/com/youzan/pay/core/core-utils/1.0.1-SNAPSHOT/core-utils-1.0.1-SNAPSHOT.jar!/com/youzan/pay/core/utils/reflect/Reflections.class], URL [jar:file:/Users/wulonghui/.m2/repository/com/youzan/pay/core/core-utils/1.0.1-SNAPSHOT/core-utils-1.0.1-SNAPSHOT.jar!/com/youzan/pay/core/utils/sequence/KeyUtils.class], URL [jar:file:/Users/wulonghui/.m2/repository/com/youzan/pay/core/core-utils/1.0.1-SNAPSHOT/core-utils-1.0.1-SNAPSHOT.jar!/com/youzan/pay/core/utils/spring/SpringUtil.class], URL [jar:file:/Users/wulonghui/.m2/repository/com/youzan/pay/core/core-utils/1.0.1-SNAPSHOT/core-utils-1.0.1-SNAPSHOT.jar!/com/youzan/pay/core/utils/tracer/TracerContextUtils.class], URL [jar:file:/Users/wulonghui/.m2/repository/com/youzan/pay/core/core-utils/1.0.1-SNAPSHOT/core-utils-1.0.1-SNAPSHOT.jar!/com/youzan/pay/core/utils/validate/ValidationResult.class], URL [jar:file:/Users/wulonghui/.m2/repository/com/youzan/pay/core/core-utils/1.0.1-SNAPSHOT/core-utils-1.0.1-SNAPSHOT.jar!/com/youzan/pay/core/utils/validate/ValidationUtils.class], URL [jar:file:/Users/wulonghui/.m2/repository/com/youzan/pay/core/core-utils/1.0.1-SNAPSHOT/core-utils-1.0.1-SNAPSHOT.jar!/com/youzan/pay/core/utils/value/ValueUtils.class], URL [jar:file:/Users/wulonghui/.m2/repository/com/youzan/pay/core/core-model/1.0.1-SNAPSHOT/core-model-1.0.1-SNAPSHOT.jar!/com/youzan/pay/core/model/bean/Genericable.class], URL [jar:file:/Users/wulonghui/.m2/repository/com/youzan/pay/core/core-model/1.0.1-SNAPSHOT/core-model-1.0.1-SNAPSHOT.jar!/com/youzan/pay/core/model/expection/PayBusinessException.class], URL [jar:file:/Users/wulonghui/.m2/repository/com/youzan/pay/core/core-model/1.0.1-SNAPSHOT/core-model-1.0.1-SNAPSHOT.jar!/com/youzan/pay/core/model/expection/PayIdempotentException.class], URL [jar:file:/Users/wulonghui/.m2/repository/com/youzan/pay/core/core-model/1.0.1-SNAPSHOT/core-model-1.0.1-SNAPSHOT.jar!/com/youzan/pay/core/model/param/PageParam.class], URL [jar:file:/Users/wulonghui/.m2/repository/com/youzan/pay/core/core-model/1.0.1-SNAPSHOT/core-model-1.0.1-SNAPSHOT.jar!/com/youzan/pay/core/model/result/PageResult.class], URL [jar:file:/Users/wulonghui/.m2/repository/com/youzan/platform/bootstrap/3.0.9-RELEASE/bootstrap-3.0.9-RELEASE.jar!/com/youzan/platform/bootstrap/common/BeanFactory.class], URL [jar:file:/Users/wulonghui/.m2/repository/com/youzan/platform/bootstrap/3.0.9-RELEASE/bootstrap-3.0.9-RELEASE.jar!/com/youzan/platform/bootstrap/common/ContainerConfig.class], URL [jar:file:/Users/wulonghui/.m2/repository/com/youzan/platform/bootstrap/3.0.9-RELEASE/bootstrap-3.0.9-RELEASE.jar!/com/youzan/platform/bootstrap/container/NovaContainer.class], URL [jar:file:/Users/wulonghui/.m2/repository/com/youzan/platform/bootstrap/3.0.9-RELEASE/bootstrap-3.0.9-RELEASE.jar!/com/youzan/platform/bootstrap/example/api/Demo.class], URL [jar:file:/Users/wulonghui/.m2/repository/com/youzan/platform/bootstrap/3.0.9-RELEASE/bootstrap-3.0.9-RELEASE.jar!/com/youzan/platform/bootstrap/example/api/DemoService.class], URL [jar:file:/Users/wulonghui/.m2/repository/com/youzan/platform/bootstrap/3.0.9-RELEASE/bootstrap-3.0.9-RELEASE.jar!/com/youzan/platform/bootstrap/example/provider/DemoServiceImpl.class], URL [jar:file:/Users/wulonghui/.m2/repository/com/youzan/platform/bootstrap/3.0.9-RELEASE/bootstrap-3.0.9-RELEASE.jar!/com/youzan/platform/bootstrap/exception/BusinessException.class], URL [jar:file:/Users/wulonghui/.m2/repository/com/youzan/platform/bootstrap/3.0.9-RELEASE/bootstrap-3.0.9-RELEASE.jar!/com/youzan/platform/bootstrap/exception/SystemException.class], URL [jar:file:/Users/wulonghui/.m2/repository/com/youzan/platform/bootstrap/3.0.9-RELEASE/bootstrap-3.0.9-RELEASE.jar!/com/youzan/platform/bootstrap/hook/NovaHookServlet.class], URL [jar:file:/Users/wulonghui/.m2/repository/com/youzan/platform/bootstrap/3.0.9-RELEASE/bootstrap-3.0.9-RELEASE.jar!/com/youzan/platform/bootstrap/hook/NovaWebHookProcessor.class], URL [jar:file:/Users/wulonghui/.m2/repository/com/youzan/platform/bootstrap/3.0.9-RELEASE/bootstrap-3.0.9-RELEASE.jar!/com/youzan/platform/bootstrap/rest/extension/AbstractHandler.class], URL [jar:file:/Users/wulonghui/.m2/repository/com/youzan/platform/bootstrap/3.0.9-RELEASE/bootstrap-3.0.9-RELEASE.jar!/com/youzan/platform/bootstrap/rest/extension/CustomerJsonProvider.class], URL [jar:file:/Users/wulonghui/.m2/repository/com/youzan/platform/bootstrap/3.0.9-RELEASE/bootstrap-3.0.9-RELEASE.jar!/com/youzan/platform/bootstrap/rest/extension/RequestHandler.class], URL [jar:file:/Users/wulonghui/.m2/repository/com/youzan/platform/bootstrap/3.0.9-RELEASE/bootstrap-3.0.9-RELEASE.jar!/com/youzan/platform/bootstrap/rest/extension/ResponseHandler.class], URL [jar:file:/Users/wulonghui/.m2/repository/com/youzan/platform/bootstrap/3.0.9-RELEASE/bootstrap-3.0.9-RELEASE.jar!/com/youzan/platform/bootstrap/rest/extension/RestContext$1.class], URL [jar:file:/Users/wulonghui/.m2/repository/com/youzan/platform/bootstrap/3.0.9-RELEASE/bootstrap-3.0.9-RELEASE.jar!/com/youzan/platform/bootstrap/rest/extension/RestContext.class], URL [jar:file:/Users/wulonghui/.m2/repository/com/youzan/platform/bootstrap/3.0.9-RELEASE/bootstrap-3.0.9-RELEASE.jar!/com/youzan/platform/bootstrap/rest/extension/RestExceptionHandler.class], URL [jar:file:/Users/wulonghui/.m2/repository/com/youzan/platform/bootstrap/3.0.9-RELEASE/bootstrap-3.0.9-RELEASE.jar!/com/youzan/platform/bootstrap/rest/message/RestErrorResponse.class], URL [jar:file:/Users/wulonghui/.m2/repository/com/youzan/platform/bootstrap/3.0.9-RELEASE/bootstrap-3.0.9-RELEASE.jar!/com/youzan/platform/bootstrap/rest/message/RestResponse.class], URL [jar:file:/Users/wulonghui/.m2/repository/com/youzan/platform/bootstrap/3.0.9-RELEASE/bootstrap-3.0.9-RELEASE.jar!/com/youzan/platform/bootstrap/rest/php/CallConnectionManager.class], URL [jar:file:/Users/wulonghui/.m2/repository/com/youzan/platform/bootstrap/3.0.9-RELEASE/bootstrap-3.0.9-RELEASE.jar!/com/youzan/platform/bootstrap/rest/php/PhpResponse.class], URL [jar:file:/Users/wulonghui/.m2/repository/com/youzan/platform/bootstrap/3.0.9-RELEASE/bootstrap-3.0.9-RELEASE.jar!/com/youzan/platform/bootstrap/rest/php/PhpResponseConver.class], URL [jar:file:/Users/wulonghui/.m2/repository/com/youzan/platform/bootstrap/3.0.9-RELEASE/bootstrap-3.0.9-RELEASE.jar!/com/youzan/platform/bootstrap/rest/php/PhpService.class], URL [jar:file:/Users/wulonghui/.m2/repository/com/youzan/platform/bootstrap/3.0.9-RELEASE/bootstrap-3.0.9-RELEASE.jar!/com/youzan/platform/bootstrap/rest/php/PhpServiceConfig.class], URL [jar:file:/Users/wulonghui/.m2/repository/com/youzan/platform/bootstrap/3.0.9-RELEASE/bootstrap-3.0.9-RELEASE.jar!/com/youzan/platform/bootstrap/service/ok/impl/OkServiceImpl.class], URL [jar:file:/Users/wulonghui/.m2/repository/com/youzan/platform/bootstrap/3.0.9-RELEASE/bootstrap-3.0.9-RELEASE.jar!/com/youzan/platform/bootstrap/service/ok/OkService.class], URL [jar:file:/Users/wulonghui/.m2/repository/com/youzan/platform/bootstrap/3.0.9-RELEASE/bootstrap-3.0.9-RELEASE.jar!/com/youzan/platform/bootstrap/startup/Bootstrap.class], URL [jar:file:/Users/wulonghui/.m2/repository/com/youzan/platform/haunt-client/3.0.7-RELEASE/haunt-client-3.0.7-RELEASE.jar!/com/youzan/platform/haunt/AbsEtcdWatcher.class], URL [jar:file:/Users/wulonghui/.m2/repository/com/youzan/platform/haunt-client/3.0.7-RELEASE/haunt-client-3.0.7-RELEASE.jar!/com/youzan/platform/haunt/AbstractNode.class], URL [jar:file:/Users/wulonghui/.m2/repository/com/youzan/platform/haunt-client/3.0.7-RELEASE/haunt-client-3.0.7-RELEASE.jar!/com/youzan/platform/haunt/bean/GovernanceInfo.class], URL [jar:file:/Users/wulonghui/.m2/repository/com/youzan/platform/haunt-client/3.0.7-RELEASE/haunt-client-3.0.7-RELEASE.jar!/com/youzan/platform/haunt/bean/GovernRecoverInfo.class], URL [jar:file:/Users/wulonghui/.m2/repository/com/youzan/platform/haunt-client/3.0.7-RELEASE/haunt-client-3.0.7-RELEASE.jar!/com/youzan/platform/haunt/bean/NodeKVInfo.class], URL [jar:file:/Users/wulonghui/.m2/repository/com/youzan/platform/haunt-client/3.0.7-RELEASE/haunt-client-3.0.7-RELEASE.jar!/com/youzan/platform/haunt/cmd/Command.class], URL [jar:file:/Users/wulonghui/.m2/repository/com/youzan/platform/haunt-client/3.0.7-RELEASE/haunt-client-3.0.7-RELEASE.jar!/com/youzan/platform/haunt/cmd/CreateDirCmd.class], URL [jar:file:/Users/wulonghui/.m2/repository/com/youzan/platform/haunt-client/3.0.7-RELEASE/haunt-client-3.0.7-RELEASE.jar!/com/youzan/platform/haunt/cmd/CreateServiceNodeCmd.class], URL [jar:file:/Users/wulonghui/.m2/repository/com/youzan/platform/haunt-client/3.0.7-RELEASE/haunt-client-3.0.7-RELEASE.jar!/com/youzan/platform/haunt/cmd/DeleteDirCmd.class], URL [jar:file:/Users/wulonghui/.m2/repository/com/youzan/platform/haunt-client/3.0.7-RELEASE/haunt-client-3.0.7-RELEASE.jar!/com/youzan/platform/haunt/cmd/GetNodeInfoCmd.class], URL [jar:file:/Users/wulonghui/.m2/repository/com/youzan/platform/haunt-client/3.0.7-RELEASE/haunt-client-3.0.7-RELEASE.jar!/com/youzan/platform/haunt/cmd/ListModuleCmd.class], URL [jar:file:/Users/wulonghui/.m2/repository/com/youzan/platform/haunt-client/3.0.7-RELEASE/haunt-client-3.0.7-RELEASE.jar!/com/youzan/platform/haunt/cmd/ListRecursiveCmd.class], URL [jar:file:/Users/wulonghui/.m2/repository/com/youzan/platform/haunt-client/3.0.7-RELEASE/haunt-client-3.0.7-RELEASE.jar!/com/youzan/platform/haunt/cmd/RemoveServiceNodeCmd.class], URL [jar:file:/Users/wulonghui/.m2/repository/com/youzan/platform/haunt-client/3.0.7-RELEASE/haunt-client-3.0.7-RELEASE.jar!/com/youzan/platform/haunt/cmd/WatchCmd.class], URL [jar:file:/Users/wulonghui/.m2/repository/com/youzan/platform/haunt-client/3.0.7-RELEASE/haunt-client-3.0.7-RELEASE.jar!/com/youzan/platform/haunt/common/Constants.class], URL [jar:file:/Users/wulonghui/.m2/repository/com/youzan/platform/haunt-client/3.0.7-RELEASE/haunt-client-3.0.7-RELEASE.jar!/com/youzan/platform/haunt/common/EtcdErroCode.class], URL [jar:file:/Users/wulonghui/.m2/repository/com/youzan/platform/haunt-client/3.0.7-RELEASE/haunt-client-3.0.7-RELEASE.jar!/com/youzan/platform/haunt/common/NamedThreadFactory.class], URL [jar:file:/Users/wulonghui/.m2/repository/com/youzan/platform/haunt-client/3.0.7-RELEASE/haunt-client-3.0.7-RELEASE.jar!/com/youzan/platform/haunt/common/ParseEtcdError.class], URL [jar:file:/Users/wulonghui/.m2/repository/com/youzan/platform/haunt-client/3.0.7-RELEASE/haunt-client-3.0.7-RELEASE.jar!/com/youzan/platform/haunt/core/EtcdAgentConnectException.class], URL [jar:file:/Users/wulonghui/.m2/repository/com/youzan/platform/haunt-client/3.0.7-RELEASE/haunt-client-3.0.7-RELEASE.jar!/com/youzan/platform/haunt/core/EtcdAgentConnector.class], URL [jar:file:/Users/wulonghui/.m2/repository/com/youzan/platform/haunt-client/3.0.7-RELEASE/haunt-client-3.0.7-RELEASE.jar!/com/youzan/platform/haunt/core/EtcdConnector$1.class], URL [jar:file:/Users/wulonghui/.m2/repository/com/youzan/platform/haunt-client/3.0.7-RELEASE/haunt-client-3.0.7-RELEASE.jar!/com/youzan/platform/haunt/core/EtcdConnector$AsyncTransformation$TransformerWorker.class], URL [jar:file:/Users/wulonghui/.m2/repository/com/youzan/platform/haunt-client/3.0.7-RELEASE/haunt-client-3.0.7-RELEASE.jar!/com/youzan/platform/haunt/core/EtcdConnector$AsyncTransformation.class], URL [jar:file:/Users/wulonghui/.m2/repository/com/youzan/platform/haunt-client/3.0.7-RELEASE/haunt-client-3.0.7-RELEASE.jar!/com/youzan/platform/haunt/core/EtcdConnector$DaemonThreadFactory.class], URL [jar:file:/Users/wulonghui/.m2/repository/com/youzan/platform/haunt-client/3.0.7-RELEASE/haunt-client-3.0.7-RELEASE.jar!/com/youzan/platform/haunt/core/EtcdConnector.class], URL [jar:file:/Users/wulonghui/.m2/repository/com/youzan/platform/haunt-client/3.0.7-RELEASE/haunt-client-3.0.7-RELEASE.jar!/com/youzan/platform/haunt/core/EtcdConnectorException.class], URL [jar:file:/Users/wulonghui/.m2/repository/com/youzan/platform/haunt-client/3.0.7-RELEASE/haunt-client-3.0.7-RELEASE.jar!/com/youzan/platform/haunt/core/EtcdNode.class], URL [jar:file:/Users/wulonghui/.m2/repository/com/youzan/platform/haunt-client/3.0.7-RELEASE/haunt-client-3.0.7-RELEASE.jar!/com/youzan/platform/haunt/core/EtcdResult.class], URL [jar:file:/Users/wulonghui/.m2/repository/com/youzan/platform/haunt-client/3.0.7-RELEASE/haunt-client-3.0.7-RELEASE.jar!/com/youzan/platform/haunt/EtcdClient.class], URL [jar:file:/Users/wulonghui/.m2/repository/com/youzan/platform/haunt-client/3.0.7-RELEASE/haunt-client-3.0.7-RELEASE.jar!/com/youzan/platform/haunt/EtcdClientHandle.class], URL [jar:file:/Users/wulonghui/.m2/repository/com/youzan/platform/haunt-client/3.0.7-RELEASE/haunt-client-3.0.7-RELEASE.jar!/com/youzan/platform/haunt/EtcdDirectoryNode.class], URL [jar:file:/Users/wulonghui/.m2/repository/com/youzan/platform/haunt-client/3.0.7-RELEASE/haunt-client-3.0.7-RELEASE.jar!/com/youzan/platform/haunt/EtcdEventThread$1.class], URL [jar:file:/Users/wulonghui/.m2/repository/com/youzan/platform/haunt-client/3.0.7-RELEASE/haunt-client-3.0.7-RELEASE.jar!/com/youzan/platform/haunt/EtcdEventThread$EtcdEventThreadFactory.class], URL [jar:file:/Users/wulonghui/.m2/repository/com/youzan/platform/haunt-client/3.0.7-RELEASE/haunt-client-3.0.7-RELEASE.jar!/com/youzan/platform/haunt/EtcdEventThread.class], URL [jar:file:/Users/wulonghui/.m2/repository/com/youzan/platform/haunt-client/3.0.7-RELEASE/haunt-client-3.0.7-RELEASE.jar!/com/youzan/platform/haunt/EtcdGovernDirNode.class], URL [jar:file:/Users/wulonghui/.m2/repository/com/youzan/platform/haunt-client/3.0.7-RELEASE/haunt-client-3.0.7-RELEASE.jar!/com/youzan/platform/haunt/EtcdKeyNode.class], URL [jar:file:/Users/wulonghui/.m2/repository/com/youzan/platform/haunt-client/3.0.7-RELEASE/haunt-client-3.0.7-RELEASE.jar!/com/youzan/platform/haunt/EtcdNodeChangeExecutor$1.class], URL [jar:file:/Users/wulonghui/.m2/repository/com/youzan/platform/haunt-client/3.0.7-RELEASE/haunt-client-3.0.7-RELEASE.jar!/com/youzan/platform/haunt/EtcdNodeChangeExecutor$ValueChangeThreadFactory.class], URL [jar:file:/Users/wulonghui/.m2/repository/com/youzan/platform/haunt-client/3.0.7-RELEASE/haunt-client-3.0.7-RELEASE.jar!/com/youzan/platform/haunt/EtcdNodeChangeExecutor.class], URL [jar:file:/Users/wulonghui/.m2/repository/com/youzan/platform/haunt-client/3.0.7-RELEASE/haunt-client-3.0.7-RELEASE.jar!/com/youzan/platform/haunt/HauntClient.class], URL [jar:file:/Users/wulonghui/.m2/repository/com/youzan/platform/haunt-client/3.0.7-RELEASE/haunt-client-3.0.7-RELEASE.jar!/com/youzan/platform/haunt/HauntClientCluster.class], URL [jar:file:/Users/wulonghui/.m2/repository/com/youzan/platform/haunt-client/3.0.7-RELEASE/haunt-client-3.0.7-RELEASE.jar!/com/youzan/platform/haunt/IModuleListener.class], URL [jar:file:/Users/wulonghui/.m2/repository/com/youzan/platform/haunt-client/3.0.7-RELEASE/haunt-client-3.0.7-RELEASE.jar!/com/youzan/platform/haunt/loadbalance/AbstractLoadBalance.class], URL [jar:file:/Users/wulonghui/.m2/repository/com/youzan/platform/haunt-client/3.0.7-RELEASE/haunt-client-3.0.7-RELEASE.jar!/com/youzan/platform/haunt/loadbalance/AtomicPositiveInteger.class], URL [jar:file:/Users/wulonghui/.m2/repository/com/youzan/platform/haunt-client/3.0.7-RELEASE/haunt-client-3.0.7-RELEASE.jar!/com/youzan/platform/haunt/loadbalance/LBConfig.class], URL [jar:file:/Users/wulonghui/.m2/repository/com/youzan/platform/haunt-client/3.0.7-RELEASE/haunt-client-3.0.7-RELEASE.jar!/com/youzan/platform/haunt/loadbalance/LeastActiveLoadBalance.class], URL [jar:file:/Users/wulonghui/.m2/repository/com/youzan/platform/haunt-client/3.0.7-RELEASE/haunt-client-3.0.7-RELEASE.jar!/com/youzan/platform/haunt/loadbalance/LoadBalance.class], URL [jar:file:/Users/wulonghui/.m2/repository/com/youzan/platform/haunt-client/3.0.7-RELEASE/haunt-client-3.0.7-RELEASE.jar!/com/youzan/platform/haunt/loadbalance/LoadBalanceSelector.class], URL [jar:file:/Users/wulonghui/.m2/repository/com/youzan/platform/haunt-client/3.0.7-RELEASE/haunt-client-3.0.7-RELEASE.jar!/com/youzan/platform/haunt/loadbalance/RandomLoadBalance.class], URL [jar:file:/Users/wulonghui/.m2/repository/com/youzan/platform/haunt-client/3.0.7-RELEASE/haunt-client-3.0.7-RELEASE.jar!/com/youzan/platform/haunt/loadbalance/RoundRobinLoadBalance.class], URL [jar:file:/Users/wulonghui/.m2/repository/com/youzan/platform/haunt-client/3.0.7-RELEASE/haunt-client-3.0.7-RELEASE.jar!/com/youzan/platform/haunt/serviceExt/ContainerConfig.class], URL [jar:file:/Users/wulonghui/.m2/repository/com/youzan/platform/haunt-client/3.0.7-RELEASE/haunt-client-3.0.7-RELEASE.jar!/com/youzan/platform/haunt/serviceExt/events/EtcdRegistration.class], URL [jar:file:/Users/wulonghui/.m2/repository/com/youzan/platform/haunt-client/3.0.7-RELEASE/haunt-client-3.0.7-RELEASE.jar!/com/youzan/platform/haunt/serviceExt/events/GovernEventType.class], URL [jar:file:/Users/wulonghui/.m2/repository/com/youzan/platform/haunt-client/3.0.7-RELEASE/haunt-client-3.0.7-RELEASE.jar!/com/youzan/platform/haunt/serviceExt/NovaGovernance$1.class], URL [jar:file:/Users/wulonghui/.m2/repository/com/youzan/platform/haunt-client/3.0.7-RELEASE/haunt-client-3.0.7-RELEASE.jar!/com/youzan/platform/haunt/serviceExt/NovaGovernance$2.class], URL [jar:file:/Users/wulonghui/.m2/repository/com/youzan/platform/haunt-client/3.0.7-RELEASE/haunt-client-3.0.7-RELEASE.jar!/com/youzan/platform/haunt/serviceExt/NovaGovernance.class], URL [jar:file:/Users/wulonghui/.m2/repository/com/youzan/platform/haunt-client/3.0.7-RELEASE/haunt-client-3.0.7-RELEASE.jar!/com/youzan/platform/haunt/serviceExt/NovaGovernCache.class], URL [jar:file:/Users/wulonghui/.m2/repository/com/youzan/platform/haunt-client/3.0.7-RELEASE/haunt-client-3.0.7-RELEASE.jar!/com/youzan/platform/haunt/serviceExt/ServiceUtils.class], URL [jar:file:/Users/wulonghui/.m2/repository/com/youzan/platform/haunt-client/3.0.7-RELEASE/haunt-client-3.0.7-RELEASE.jar!/com/youzan/platform/haunt/ServiceNodeInfo.class], URL [jar:file:/Users/wulonghui/.m2/repository/com/youzan/platform/haunt-client/3.0.7-RELEASE/haunt-client-3.0.7-RELEASE.jar!/com/youzan/platform/haunt/URL.class], URL [jar:file:/Users/wulonghui/.m2/repository/com/youzan/nova/framework/framework-cat/1.0.7-RELEASE/framework-cat-1.0.7-RELEASE.jar!/com/youzan/nova/framework/cat/annotation/aop/CustomerMethodAop.class], URL [jar:file:/Users/wulonghui/.m2/repository/com/youzan/nova/framework/framework-cat/1.0.7-RELEASE/framework-cat-1.0.7-RELEASE.jar!/com/youzan/nova/framework/cat/annotation/aop/TracingAop.class], URL [jar:file:/Users/wulonghui/.m2/repository/com/youzan/nova/framework/framework-cat/1.0.7-RELEASE/framework-cat-1.0.7-RELEASE.jar!/com/youzan/nova/framework/cat/annotation/CustomerMethod.class], URL [jar:file:/Users/wulonghui/.m2/repository/com/youzan/nova/framework/framework-cat/1.0.7-RELEASE/framework-cat-1.0.7-RELEASE.jar!/com/youzan/nova/framework/cat/annotation/TracingAnnotation.class], URL [jar:file:/Users/wulonghui/.m2/repository/com/youzan/nova/framework/framework-cat/1.0.7-RELEASE/framework-cat-1.0.7-RELEASE.jar!/com/youzan/nova/framework/cat/context/MyCatContext.class], URL [jar:file:/Users/wulonghui/.m2/repository/com/youzan/nova/framework/framework-cat/1.0.7-RELEASE/framework-cat-1.0.7-RELEASE.jar!/com/youzan/nova/framework/cat/context/RpcCatContext$1.class], URL [jar:file:/Users/wulonghui/.m2/repository/com/youzan/nova/framework/framework-cat/1.0.7-RELEASE/framework-cat-1.0.7-RELEASE.jar!/com/youzan/nova/framework/cat/context/RpcCatContext.class], URL [jar:file:/Users/wulonghui/.m2/repository/com/youzan/nova/framework/framework-cat/1.0.7-RELEASE/framework-cat-1.0.7-RELEASE.jar!/com/youzan/nova/framework/cat/filter/AbstractMyCatFilter.class], URL [jar:file:/Users/wulonghui/.m2/repository/com/youzan/nova/framework/framework-cat/1.0.7-RELEASE/framework-cat-1.0.7-RELEASE.jar!/com/youzan/nova/framework/cat/filter/ConsumerCatFilter.class], URL [jar:file:/Users/wulonghui/.m2/repository/com/youzan/nova/framework/framework-cat/1.0.7-RELEASE/framework-cat-1.0.7-RELEASE.jar!/com/youzan/nova/framework/cat/filter/ProviderCatFilter.class], URL [jar:file:/Users/wulonghui/.m2/repository/com/youzan/platform/commons-util/2.0.0-SNAPSHOT/commons-util-2.0.0-SNAPSHOT.jar!/com/youzan/platform/util/json/JsonUtil.class], URL [jar:file:/Users/wulonghui/.m2/repository/com/youzan/platform/commons-util/2.0.0-SNAPSHOT/commons-util-2.0.0-SNAPSHOT.jar!/com/youzan/platform/util/lang/DateUtil.class], URL [jar:file:/Users/wulonghui/.m2/repository/com/youzan/platform/commons-util/2.0.0-SNAPSHOT/commons-util-2.0.0-SNAPSHOT.jar!/com/youzan/platform/util/lang/StringUtil.class], URL [jar:file:/Users/wulonghui/.m2/repository/com/youzan/platform/commons-util/2.0.0-SNAPSHOT/commons-util-2.0.0-SNAPSHOT.jar!/com/youzan/platform/util/net/HttpUtil.class], URL [jar:file:/Users/wulonghui/.m2/repository/com/youzan/platform/commons-util/2.0.0-SNAPSHOT/commons-util-2.0.0-SNAPSHOT.jar!/com/youzan/platform/util/security/MD5.class], URL [jar:file:/Users/wulonghui/.m2/repository/com/youzan/platform/commons-util/2.0.0-SNAPSHOT/commons-util-2.0.0-SNAPSHOT.jar!/com/youzan/platform/util/xml/XmlMapConverUtil.class], URL [jar:file:/Users/wulonghui/.m2/repository/com/alibaba/dubbo/3.0.9-RELEASE/dubbo-3.0.9-RELEASE.jar!/com/youzan/nova/framework/config/HauntIsolatorConfig.class], URL [jar:file:/Users/wulonghui/.m2/repository/com/alibaba/dubbo/3.0.9-RELEASE/dubbo-3.0.9-RELEASE.jar!/com/youzan/nova/framework/schema/HauntIsolatorParser.class], URL [jar:file:/Users/wulonghui/.m2/repository/com/alibaba/dubbo/3.0.9-RELEASE/dubbo-3.0.9-RELEASE.jar!/com/youzan/nova/framework/schema/HauntNamespaceHandler.class], URL [jar:file:/Users/wulonghui/.m2/repository/com/alibaba/dubbo/3.0.9-RELEASE/dubbo-3.0.9-RELEASE.jar!/com/youzan/nova/framework/filter/NovaThriftCheckFilter.class], URL [jar:file:/Users/wulonghui/.m2/repository/com/alibaba/dubbo/3.0.9-RELEASE/dubbo-3.0.9-RELEASE.jar!/com/youzan/nova/rpc/protocol/nova/ext/MultiServiceProcessor.class], URL [jar:file:/Users/wulonghui/.m2/repository/com/alibaba/dubbo/3.0.9-RELEASE/dubbo-3.0.9-RELEASE.jar!/com/youzan/nova/rpc/protocol/nova/io/InputStreamWrapper.class], URL [jar:file:/Users/wulonghui/.m2/repository/com/alibaba/dubbo/3.0.9-RELEASE/dubbo-3.0.9-RELEASE.jar!/com/youzan/nova/rpc/protocol/nova/io/RandomAccessByteArrayOutputStream.class], URL [jar:file:/Users/wulonghui/.m2/repository/com/alibaba/dubbo/3.0.9-RELEASE/dubbo-3.0.9-RELEASE.jar!/com/youzan/nova/rpc/protocol/nova/NovaCodec.class], URL [jar:file:/Users/wulonghui/.m2/repository/com/alibaba/dubbo/3.0.9-RELEASE/dubbo-3.0.9-RELEASE.jar!/com/youzan/nova/rpc/protocol/nova/NovaConstants.class], URL [jar:file:/Users/wulonghui/.m2/repository/com/alibaba/dubbo/3.0.9-RELEASE/dubbo-3.0.9-RELEASE.jar!/com/youzan/nova/rpc/protocol/nova/NovaInvoker.class], URL [jar:file:/Users/wulonghui/.m2/repository/com/alibaba/dubbo/3.0.9-RELEASE/dubbo-3.0.9-RELEASE.jar!/com/youzan/nova/rpc/protocol/nova/NovaLazyConnectExchangeClient.class], URL [jar:file:/Users/wulonghui/.m2/repository/com/alibaba/dubbo/3.0.9-RELEASE/dubbo-3.0.9-RELEASE.jar!/com/youzan/nova/rpc/protocol/nova/NovaProtocol$1.class], URL [jar:file:/Users/wulonghui/.m2/repository/com/alibaba/dubbo/3.0.9-RELEASE/dubbo-3.0.9-RELEASE.jar!/com/youzan/nova/rpc/protocol/nova/NovaProtocol.class], URL [jar:file:/Users/wulonghui/.m2/repository/com/alibaba/dubbo/3.0.9-RELEASE/dubbo-3.0.9-RELEASE.jar!/com/youzan/nova/rpc/protocol/nova/NovaReferCountExchangeClient.class], URL [jar:file:/Users/wulonghui/.m2/repository/com/alibaba/dubbo/3.0.9-RELEASE/dubbo-3.0.9-RELEASE.jar!/com/youzan/nova/rpc/protocol/nova/RemotingBuilder$RequestBuilder.class], URL [jar:file:/Users/wulonghui/.m2/repository/com/alibaba/dubbo/3.0.9-RELEASE/dubbo-3.0.9-RELEASE.jar!/com/youzan/nova/rpc/protocol/nova/RemotingBuilder$ResponseBuilder.class], URL [jar:file:/Users/wulonghui/.m2/repository/com/alibaba/dubbo/3.0.9-RELEASE/dubbo-3.0.9-RELEASE.jar!/com/youzan/nova/rpc/protocol/nova/RemotingBuilder.class], URL [jar:file:/Users/wulonghui/.m2/repository/com/alibaba/dubbo/3.0.9-RELEASE/dubbo-3.0.9-RELEASE.jar!/com/youzan/nova/registry/haunt/ChildListener.class], URL [jar:file:/Users/wulonghui/.m2/repository/com/alibaba/dubbo/3.0.9-RELEASE/dubbo-3.0.9-RELEASE.jar!/com/youzan/nova/registry/haunt/HauntRegistry$1.class], URL [jar:file:/Users/wulonghui/.m2/repository/com/alibaba/dubbo/3.0.9-RELEASE/dubbo-3.0.9-RELEASE.jar!/com/youzan/nova/registry/haunt/HauntRegistry.class], URL [jar:file:/Users/wulonghui/.m2/repository/com/alibaba/dubbo/3.0.9-RELEASE/dubbo-3.0.9-RELEASE.jar!/com/youzan/nova/registry/haunt/HauntRegistryContainer$1.class], URL [jar:file:/Users/wulonghui/.m2/repository/com/alibaba/dubbo/3.0.9-RELEASE/dubbo-3.0.9-RELEASE.jar!/com/youzan/nova/registry/haunt/HauntRegistryContainer$GovernEvent.class], URL [jar:file:/Users/wulonghui/.m2/repository/com/alibaba/dubbo/3.0.9-RELEASE/dubbo-3.0.9-RELEASE.jar!/com/youzan/nova/registry/haunt/HauntRegistryContainer$ProviderContainer.class], URL [jar:file:/Users/wulonghui/.m2/repository/com/alibaba/dubbo/3.0.9-RELEASE/dubbo-3.0.9-RELEASE.jar!/com/youzan/nova/registry/haunt/HauntRegistryContainer.class], URL [jar:file:/Users/wulonghui/.m2/repository/com/alibaba/dubbo/3.0.9-RELEASE/dubbo-3.0.9-RELEASE.jar!/com/youzan/nova/registry/haunt/HauntRegistryFactory.class], URL [jar:file:/Users/wulonghui/.m2/repository/com/alibaba/dubbo/3.0.9-RELEASE/dubbo-3.0.9-RELEASE.jar!/com/youzan/nova/registry/haunt/ServiceInfo.class], URL [jar:file:/Users/wulonghui/.m2/repository/com/alibaba/dubbo/3.0.9-RELEASE/dubbo-3.0.9-RELEASE.jar!/com/youzan/nova/container/hook/ExtContainerHook.class], URL [jar:file:/Users/wulonghui/.m2/repository/com/alibaba/dubbo/3.0.9-RELEASE/dubbo-3.0.9-RELEASE.jar!/com/youzan/nova/container/hook/HookContainer.class], URL [jar:file:/Users/wulonghui/.m2/repository/com/alibaba/dubbo/3.0.9-RELEASE/dubbo-3.0.9-RELEASE.jar!/com/youzan/nova/monitor/hawk/v1/HawkMonitor$1.class], URL [jar:file:/Users/wulonghui/.m2/repository/com/alibaba/dubbo/3.0.9-RELEASE/dubbo-3.0.9-RELEASE.jar!/com/youzan/nova/monitor/hawk/v1/HawkMonitor.class], URL [jar:file:/Users/wulonghui/.m2/repository/com/alibaba/dubbo/3.0.9-RELEASE/dubbo-3.0.9-RELEASE.jar!/com/youzan/nova/monitor/hawk/v1/HawkMonitorFactory.class], URL [jar:file:/Users/wulonghui/.m2/repository/com/alibaba/dubbo/3.0.9-RELEASE/dubbo-3.0.9-RELEASE.jar!/com/youzan/nova/monitor/hawk/v1/HawkService.class], URL [jar:file:/Users/wulonghui/.m2/repository/com/alibaba/dubbo/3.0.9-RELEASE/dubbo-3.0.9-RELEASE.jar!/com/youzan/nova/monitor/hawk/v1/MonitorFormat.class], URL [jar:file:/Users/wulonghui/.m2/repository/com/alibaba/dubbo/3.0.9-RELEASE/dubbo-3.0.9-RELEASE.jar!/com/youzan/nova/monitor/hawk/v1/Statistics.class], URL [jar:file:/Users/wulonghui/.m2/repository/com/alibaba/dubbo/3.0.9-RELEASE/dubbo-3.0.9-RELEASE.jar!/com/youzan/nova/monitor/hawk/v2/HawkClient.class], URL [jar:file:/Users/wulonghui/.m2/repository/com/alibaba/dubbo/3.0.9-RELEASE/dubbo-3.0.9-RELEASE.jar!/com/youzan/nova/monitor/hawk/v2/HawkStatistics.class], URL [jar:file:/Users/wulonghui/.m2/repository/com/alibaba/dubbo/3.0.9-RELEASE/dubbo-3.0.9-RELEASE.jar!/com/youzan/nova/monitor/hawk/v2/MockHawkClient.class], URL [jar:file:/Users/wulonghui/.m2/repository/com/alibaba/dubbo/3.0.9-RELEASE/dubbo-3.0.9-RELEASE.jar!/com/youzan/nova/monitor/hawk/v2/SimpleHawkClient.class], URL [jar:file:/Users/wulonghui/.m2/repository/com/alibaba/dubbo/3.0.9-RELEASE/dubbo-3.0.9-RELEASE.jar!/com/youzan/nova/monitor/hawk/v2/SimpleHawkMonitor$1.class], URL [jar:file:/Users/wulonghui/.m2/repository/com/alibaba/dubbo/3.0.9-RELEASE/dubbo-3.0.9-RELEASE.jar!/com/youzan/nova/monitor/hawk/v2/SimpleHawkMonitor.class], URL [jar:file:/Users/wulonghui/.m2/repository/com/alibaba/dubbo/3.0.9-RELEASE/dubbo-3.0.9-RELEASE.jar!/com/youzan/nova/monitor/hawk/v2/SimpleHawkMonitorFactory.class], URL [jar:file:/Users/wulonghui/.m2/repository/com/youzan/lightning-sdk/0.1.1-SNAPSHOT/lightning-sdk-0.1.1-SNAPSHOT.jar!/com/youzan/lightning/sdk/adapter/Adapter.class], URL [jar:file:/Users/wulonghui/.m2/repository/com/youzan/lightning-sdk/0.1.1-SNAPSHOT/lightning-sdk-0.1.1-SNAPSHOT.jar!/com/youzan/lightning/sdk/adapter/ClientRequestAdapter.class], URL [jar:file:/Users/wulonghui/.m2/repository/com/youzan/lightning-sdk/0.1.1-SNAPSHOT/lightning-sdk-0.1.1-SNAPSHOT.jar!/com/youzan/lightning/sdk/adapter/ClientResponseAdapter$NoneClientResponseAdapter.class], URL [jar:file:/Users/wulonghui/.m2/repository/com/youzan/lightning-sdk/0.1.1-SNAPSHOT/lightning-sdk-0.1.1-SNAPSHOT.jar!/com/youzan/lightning/sdk/adapter/ClientResponseAdapter.class], URL [jar:file:/Users/wulonghui/.m2/repository/com/youzan/lightning-sdk/0.1.1-SNAPSHOT/lightning-sdk-0.1.1-SNAPSHOT.jar!/com/youzan/lightning/sdk/adapter/ServerRequestAdapter.class], URL [jar:file:/Users/wulonghui/.m2/repository/com/youzan/lightning-sdk/0.1.1-SNAPSHOT/lightning-sdk-0.1.1-SNAPSHOT.jar!/com/youzan/lightning/sdk/adapter/ServerResponseAdapter$NoneServerResponseAdapter.class], URL [jar:file:/Users/wulonghui/.m2/repository/com/youzan/lightning-sdk/0.1.1-SNAPSHOT/lightning-sdk-0.1.1-SNAPSHOT.jar!/com/youzan/lightning/sdk/adapter/ServerResponseAdapter.class], URL [jar:file:/Users/wulonghui/.m2/repository/com/youzan/lightning-sdk/0.1.1-SNAPSHOT/lightning-sdk-0.1.1-SNAPSHOT.jar!/com/youzan/lightning/sdk/Application.class], URL [jar:file:/Users/wulonghui/.m2/repository/com/youzan/lightning-sdk/0.1.1-SNAPSHOT/lightning-sdk-0.1.1-SNAPSHOT.jar!/com/youzan/lightning/sdk/ApplicationType.class], URL [jar:file:/Users/wulonghui/.m2/repository/com/youzan/lightning-sdk/0.1.1-SNAPSHOT/lightning-sdk-0.1.1-SNAPSHOT.jar!/com/youzan/lightning/sdk/ClientTracer$ClientTracerBuilder.class], URL [jar:file:/Users/wulonghui/.m2/repository/com/youzan/lightning-sdk/0.1.1-SNAPSHOT/lightning-sdk-0.1.1-SNAPSHOT.jar!/com/youzan/lightning/sdk/ClientTracer.class], URL [jar:file:/Users/wulonghui/.m2/repository/com/youzan/lightning-sdk/0.1.1-SNAPSHOT/lightning-sdk-0.1.1-SNAPSHOT.jar!/com/youzan/lightning/sdk/context/ClientSpanContext.class], URL [jar:file:/Users/wulonghui/.m2/repository/com/youzan/lightning-sdk/0.1.1-SNAPSHOT/lightning-sdk-0.1.1-SNAPSHOT.jar!/com/youzan/lightning/sdk/context/LightningContext.class], URL [jar:file:/Users/wulonghui/.m2/repository/com/youzan/lightning-sdk/0.1.1-SNAPSHOT/lightning-sdk-0.1.1-SNAPSHOT.jar!/com/youzan/lightning/sdk/context/LocalSpanContext.class], URL [jar:file:/Users/wulonghui/.m2/repository/com/youzan/lightning-sdk/0.1.1-SNAPSHOT/lightning-sdk-0.1.1-SNAPSHOT.jar!/com/youzan/lightning/sdk/context/NamedThreadLocal.class], URL [jar:file:/Users/wulonghui/.m2/repository/com/youzan/lightning-sdk/0.1.1-SNAPSHOT/lightning-sdk-0.1.1-SNAPSHOT.jar!/com/youzan/lightning/sdk/context/ServerSpan.class], URL [jar:file:/Users/wulonghui/.m2/repository/com/youzan/lightning-sdk/0.1.1-SNAPSHOT/lightning-sdk-0.1.1-SNAPSHOT.jar!/com/youzan/lightning/sdk/context/ServerSpanContext.class], URL [jar:file:/Users/wulonghui/.m2/repository/com/youzan/lightning-sdk/0.1.1-SNAPSHOT/lightning-sdk-0.1.1-SNAPSHOT.jar!/com/youzan/lightning/sdk/context/ThreadLocalContext.class], URL [jar:file:/Users/wulonghui/.m2/repository/com/youzan/lightning-sdk/0.1.1-SNAPSHOT/lightning-sdk-0.1.1-SNAPSHOT.jar!/com/youzan/lightning/sdk/DefaultRandomIDGenerator.class], URL [jar:file:/Users/wulonghui/.m2/repository/com/youzan/lightning-sdk/0.1.1-SNAPSHOT/lightning-sdk-0.1.1-SNAPSHOT.jar!/com/youzan/lightning/sdk/Endpoint.class], URL [jar:file:/Users/wulonghui/.m2/repository/com/youzan/lightning-sdk/0.1.1-SNAPSHOT/lightning-sdk-0.1.1-SNAPSHOT.jar!/com/youzan/lightning/sdk/IDGenerator.class], URL [jar:file:/Users/wulonghui/.m2/repository/com/youzan/lightning-sdk/0.1.1-SNAPSHOT/lightning-sdk-0.1.1-SNAPSHOT.jar!/com/youzan/lightning/sdk/interceptor/ClientRequestInterceptor.class], URL [jar:file:/Users/wulonghui/.m2/repository/com/youzan/lightning-sdk/0.1.1-SNAPSHOT/lightning-sdk-0.1.1-SNAPSHOT.jar!/com/youzan/lightning/sdk/interceptor/ClientResponseInterceptor.class], URL [jar:file:/Users/wulonghui/.m2/repository/com/youzan/lightning-sdk/0.1.1-SNAPSHOT/lightning-sdk-0.1.1-SNAPSHOT.jar!/com/youzan/lightning/sdk/interceptor/Interceptor.class], URL [jar:file:/Users/wulonghui/.m2/repository/com/youzan/lightning-sdk/0.1.1-SNAPSHOT/lightning-sdk-0.1.1-SNAPSHOT.jar!/com/youzan/lightning/sdk/interceptor/ServerRequestInterceptor.class], URL [jar:file:/Users/wulonghui/.m2/repository/com/youzan/lightning-sdk/0.1.1-SNAPSHOT/lightning-sdk-0.1.1-SNAPSHOT.jar!/com/youzan/lightning/sdk/interceptor/ServerResponseInterceptor.class], URL [jar:file:/Users/wulonghui/.m2/repository/com/youzan/lightning-sdk/0.1.1-SNAPSHOT/lightning-sdk-0.1.1-SNAPSHOT.jar!/com/youzan/lightning/sdk/Lightning$Builder.class], URL [jar:file:/Users/wulonghui/.m2/repository/com/youzan/lightning-sdk/0.1.1-SNAPSHOT/lightning-sdk-0.1.1-SNAPSHOT.jar!/com/youzan/lightning/sdk/Lightning.class], URL [jar:file:/Users/wulonghui/.m2/repository/com/youzan/lightning-sdk/0.1.1-SNAPSHOT/lightning-sdk-0.1.1-SNAPSHOT.jar!/com/youzan/lightning/sdk/LoggingSpanCollector.class], URL [jar:file:/Users/wulonghui/.m2/repository/com/youzan/lightning-sdk/0.1.1-SNAPSHOT/lightning-sdk-0.1.1-SNAPSHOT.jar!/com/youzan/lightning/sdk/protocol/Constants.class], URL [jar:file:/Users/wulonghui/.m2/repository/com/youzan/lightning-sdk/0.1.1-SNAPSHOT/lightning-sdk-0.1.1-SNAPSHOT.jar!/com/youzan/lightning/sdk/protocol/Span$BinAnnotation.class], URL [jar:file:/Users/wulonghui/.m2/repository/com/youzan/lightning-sdk/0.1.1-SNAPSHOT/lightning-sdk-0.1.1-SNAPSHOT.jar!/com/youzan/lightning/sdk/protocol/Span.class], URL [jar:file:/Users/wulonghui/.m2/repository/com/youzan/lightning-sdk/0.1.1-SNAPSHOT/lightning-sdk-0.1.1-SNAPSHOT.jar!/com/youzan/lightning/sdk/ServerTracer$ServerTracerBuilder.class], URL [jar:file:/Users/wulonghui/.m2/repository/com/youzan/lightning-sdk/0.1.1-SNAPSHOT/lightning-sdk-0.1.1-SNAPSHOT.jar!/com/youzan/lightning/sdk/ServerTracer.class], URL [jar:file:/Users/wulonghui/.m2/repository/com/youzan/lightning-sdk/0.1.1-SNAPSHOT/lightning-sdk-0.1.1-SNAPSHOT.jar!/com/youzan/lightning/sdk/SpanAndEndpoint$ClientSpanAndEndPoint.class], URL [jar:file:/Users/wulonghui/.m2/repository/com/youzan/lightning-sdk/0.1.1-SNAPSHOT/lightning-sdk-0.1.1-SNAPSHOT.jar!/com/youzan/lightning/sdk/SpanAndEndpoint$ServerSpanAndEndPoint.class], URL [jar:file:/Users/wulonghui/.m2/repository/com/youzan/lightning-sdk/0.1.1-SNAPSHOT/lightning-sdk-0.1.1-SNAPSHOT.jar!/com/youzan/lightning/sdk/SpanAndEndpoint.class], URL [jar:file:/Users/wulonghui/.m2/repository/com/youzan/lightning-sdk/0.1.1-SNAPSHOT/lightning-sdk-0.1.1-SNAPSHOT.jar!/com/youzan/lightning/sdk/SpanCollector.class], URL [jar:file:/Users/wulonghui/.m2/repository/com/youzan/lightning-sdk/0.1.1-SNAPSHOT/lightning-sdk-0.1.1-SNAPSHOT.jar!/com/youzan/lightning/sdk/SpanId.class], URL [jar:file:/Users/wulonghui/.m2/repository/com/youzan/lightning-sdk/0.1.1-SNAPSHOT/lightning-sdk-0.1.1-SNAPSHOT.jar!/com/youzan/lightning/sdk/Submitter$1.class], URL [jar:file:/Users/wulonghui/.m2/repository/com/youzan/lightning-sdk/0.1.1-SNAPSHOT/lightning-sdk-0.1.1-SNAPSHOT.jar!/com/youzan/lightning/sdk/Submitter$AnnotationSubmitterImpl.class], URL [jar:file:/Users/wulonghui/.m2/repository/com/youzan/lightning-sdk/0.1.1-SNAPSHOT/lightning-sdk-0.1.1-SNAPSHOT.jar!/com/youzan/lightning/sdk/Submitter.class], URL [jar:file:/Users/wulonghui/.m2/repository/com/youzan/platform/track-appender/2.3/track-appender-2.3.jar!/com/youzan/track/appender/BaseAppender.class], URL [jar:file:/Users/wulonghui/.m2/repository/com/youzan/platform/track-appender/2.3/track-appender-2.3.jar!/com/youzan/track/appender/entity/Error.class], URL [jar:file:/Users/wulonghui/.m2/repository/com/youzan/platform/track-appender/2.3/track-appender-2.3.jar!/com/youzan/track/appender/entity/LogData.class], URL [jar:file:/Users/wulonghui/.m2/repository/com/youzan/platform/track-appender/2.3/track-appender-2.3.jar!/com/youzan/track/appender/entity/LogDataDetail.class], URL [jar:file:/Users/wulonghui/.m2/repository/com/youzan/platform/track-appender/2.3/track-appender-2.3.jar!/com/youzan/track/appender/entity/LogType.class], URL [jar:file:/Users/wulonghui/.m2/repository/com/youzan/platform/track-appender/2.3/track-appender-2.3.jar!/com/youzan/track/appender/entity/Topic.class], URL [jar:file:/Users/wulonghui/.m2/repository/com/youzan/platform/track-appender/2.3/track-appender-2.3.jar!/com/youzan/track/appender/FrameworkAppender.class], URL [jar:file:/Users/wulonghui/.m2/repository/com/youzan/platform/track-appender/2.3/track-appender-2.3.jar!/com/youzan/track/appender/NullAppender.class], URL [jar:file:/Users/wulonghui/.m2/repository/com/youzan/platform/track-appender/2.3/track-appender-2.3.jar!/com/youzan/track/appender/PersistenceAppender.class], URL [jar:file:/Users/wulonghui/.m2/repository/com/youzan/platform/track-appender/2.3/track-appender-2.3.jar!/com/youzan/track/appender/sender/TrackSender.class], URL [jar:file:/Users/wulonghui/.m2/repository/com/youzan/platform/track-appender/2.3/track-appender-2.3.jar!/com/youzan/track/appender/sender/TrackTask.class], URL [jar:file:/Users/wulonghui/.m2/repository/com/youzan/platform/track-appender/2.3/track-appender-2.3.jar!/com/youzan/track/appender/sender/TrackTCPSender$1.class], URL [jar:file:/Users/wulonghui/.m2/repository/com/youzan/platform/track-appender/2.3/track-appender-2.3.jar!/com/youzan/track/appender/sender/TrackTCPSender.class], URL [jar:file:/Users/wulonghui/.m2/repository/com/youzan/platform/track-appender/2.3/track-appender-2.3.jar!/com/youzan/track/appender/sender/TrackThreadFactory.class], URL [jar:file:/Users/wulonghui/.m2/repository/com/youzan/platform/track-appender/2.3/track-appender-2.3.jar!/com/youzan/track/appender/sender/TrackUDPSender$1.class], URL [jar:file:/Users/wulonghui/.m2/repository/com/youzan/platform/track-appender/2.3/track-appender-2.3.jar!/com/youzan/track/appender/sender/TrackUDPSender.class], URL [jar:file:/Users/wulonghui/.m2/repository/com/youzan/platform/track-appender/2.3/track-appender-2.3.jar!/com/youzan/track/appender/SoaAppender.class], URL [jar:file:/Users/wulonghui/.m2/repository/com/youzan/platform/track-appender/2.3/track-appender-2.3.jar!/com/youzan/track/appender/TrackAppender.class], URL [jar:file:/Users/wulonghui/.m2/repository/com/youzan/platform/track-appender/2.3/track-appender-2.3.jar!/com/youzan/track/appender/util/Config.class], URL [jar:file:/Users/wulonghui/.m2/repository/com/youzan/pay/assetcenter.api/0.0.9-20170817-SNAPSHOT/assetcenter.api-0.0.9-20170817-SNAPSHOT.jar!/com/youzan/pay/assetcenter/api/AcquireOrderQueryService.class], URL [jar:file:/Users/wulonghui/.m2/repository/com/youzan/pay/assetcenter.api/0.0.9-20170817-SNAPSHOT/assetcenter.api-0.0.9-20170817-SNAPSHOT.jar!/com/youzan/pay/assetcenter/api/AcquireOrderService.class], URL [jar:file:/Users/wulonghui/.m2/repository/com/youzan/pay/assetcenter.api/0.0.9-20170817-SNAPSHOT/assetcenter.api-0.0.9-20170817-SNAPSHOT.jar!/com/youzan/pay/assetcenter/api/AcquireRefundService.class], URL [jar:file:/Users/wulonghui/.m2/repository/com/youzan/pay/assetcenter.api/0.0.9-20170817-SNAPSHOT/assetcenter.api-0.0.9-20170817-SNAPSHOT.jar!/com/youzan/pay/assetcenter/api/AcquireWithdrawService.class], URL [jar:file:/Users/wulonghui/.m2/repository/com/youzan/pay/assetcenter.api/0.0.9-20170817-SNAPSHOT/assetcenter.api-0.0.9-20170817-SNAPSHOT.jar!/com/youzan/pay/assetcenter/api/enums/AcquireQueryStatus.class], URL [jar:file:/Users/wulonghui/.m2/repository/com/youzan/pay/assetcenter.api/0.0.9-20170817-SNAPSHOT/assetcenter.api-0.0.9-20170817-SNAPSHOT.jar!/com/youzan/pay/assetcenter/api/enums/BizActionEnum.class], URL [jar:file:/Users/wulonghui/.m2/repository/com/youzan/pay/assetcenter.api/0.0.9-20170817-SNAPSHOT/assetcenter.api-0.0.9-20170817-SNAPSHOT.jar!/com/youzan/pay/assetcenter/api/enums/BizModeEnum.class], URL [jar:file:/Users/wulonghui/.m2/repository/com/youzan/pay/assetcenter.api/0.0.9-20170817-SNAPSHOT/assetcenter.api-0.0.9-20170817-SNAPSHOT.jar!/com/youzan/pay/assetcenter/api/enums/BizProdEnum.class], URL [jar:file:/Users/wulonghui/.m2/repository/com/youzan/pay/assetcenter.api/0.0.9-20170817-SNAPSHOT/assetcenter.api-0.0.9-20170817-SNAPSHOT.jar!/com/youzan/pay/assetcenter/api/enums/CardRechargeStatus.class], URL [jar:file:/Users/wulonghui/.m2/repository/com/youzan/pay/assetcenter.api/0.0.9-20170817-SNAPSHOT/assetcenter.api-0.0.9-20170817-SNAPSHOT.jar!/com/youzan/pay/assetcenter/api/enums/EnvEnum.class], URL [jar:file:/Users/wulonghui/.m2/repository/com/youzan/pay/assetcenter.api/0.0.9-20170817-SNAPSHOT/assetcenter.api-0.0.9-20170817-SNAPSHOT.jar!/com/youzan/pay/assetcenter/api/enums/ErrorEnum.class], URL [jar:file:/Users/wulonghui/.m2/repository/com/youzan/pay/assetcenter.api/0.0.9-20170817-SNAPSHOT/assetcenter.api-0.0.9-20170817-SNAPSHOT.jar!/com/youzan/pay/assetcenter/api/enums/InstAccountTypeEnum.class], URL [jar:file:/Users/wulonghui/.m2/repository/com/youzan/pay/assetcenter.api/0.0.9-20170817-SNAPSHOT/assetcenter.api-0.0.9-20170817-SNAPSHOT.jar!/com/youzan/pay/assetcenter/api/enums/PayTagEnum.class], URL [jar:file:/Users/wulonghui/.m2/repository/com/youzan/pay/assetcenter.api/0.0.9-20170817-SNAPSHOT/assetcenter.api-0.0.9-20170817-SNAPSHOT.jar!/com/youzan/pay/assetcenter/api/enums/RechargePayStatus.class], URL [jar:file:/Users/wulonghui/.m2/repository/com/youzan/pay/assetcenter.api/0.0.9-20170817-SNAPSHOT/assetcenter.api-0.0.9-20170817-SNAPSHOT.jar!/com/youzan/pay/assetcenter/api/enums/RechargePayType.class], URL [jar:file:/Users/wulonghui/.m2/repository/com/youzan/pay/assetcenter.api/0.0.9-20170817-SNAPSHOT/assetcenter.api-0.0.9-20170817-SNAPSHOT.jar!/com/youzan/pay/assetcenter/api/enums/RefundResultEnum.class], URL [jar:file:/Users/wulonghui/.m2/repository/com/youzan/pay/assetcenter.api/0.0.9-20170817-SNAPSHOT/assetcenter.api-0.0.9-20170817-SNAPSHOT.jar!/com/youzan/pay/assetcenter/api/enums/WithdrawResultEnum.class], URL [jar:file:/Users/wulonghui/.m2/repository/com/youzan/pay/assetcenter.api/0.0.9-20170817-SNAPSHOT/assetcenter.api-0.0.9-20170817-SNAPSHOT.jar!/com/youzan/pay/assetcenter/api/HeartBeatService.class], URL [jar:file:/Users/wulonghui/.m2/repository/com/youzan/pay/assetcenter.api/0.0.9-20170817-SNAPSHOT/assetcenter.api-0.0.9-20170817-SNAPSHOT.jar!/com/youzan/pay/assetcenter/api/nsq/model/AcqSettleEvent.class], URL [jar:file:/Users/wulonghui/.m2/repository/com/youzan/pay/assetcenter.api/0.0.9-20170817-SNAPSHOT/assetcenter.api-0.0.9-20170817-SNAPSHOT.jar!/com/youzan/pay/assetcenter/api/nsq/model/CardRechargeResultMsg.class], URL [jar:file:/Users/wulonghui/.m2/repository/com/youzan/pay/assetcenter.api/0.0.9-20170817-SNAPSHOT/assetcenter.api-0.0.9-20170817-SNAPSHOT.jar!/com/youzan/pay/assetcenter/api/nsq/model/NsqEntity.class], URL [jar:file:/Users/wulonghui/.m2/repository/com/youzan/pay/assetcenter.api/0.0.9-20170817-SNAPSHOT/assetcenter.api-0.0.9-20170817-SNAPSHOT.jar!/com/youzan/pay/assetcenter/api/nsq/model/RechargeNotifyMessage.class], URL [jar:file:/Users/wulonghui/.m2/repository/com/youzan/pay/assetcenter.api/0.0.9-20170817-SNAPSHOT/assetcenter.api-0.0.9-20170817-SNAPSHOT.jar!/com/youzan/pay/assetcenter/api/nsq/model/RefundNsqMessage.class], URL [jar:file:/Users/wulonghui/.m2/repository/com/youzan/pay/assetcenter.api/0.0.9-20170817-SNAPSHOT/assetcenter.api-0.0.9-20170817-SNAPSHOT.jar!/com/youzan/pay/assetcenter/api/nsq/model/UniformPayEvent.class], URL [jar:file:/Users/wulonghui/.m2/repository/com/youzan/pay/assetcenter.api/0.0.9-20170817-SNAPSHOT/assetcenter.api-0.0.9-20170817-SNAPSHOT.jar!/com/youzan/pay/assetcenter/api/nsq/model/WithdrawNsqMessage.class], URL [jar:file:/Users/wulonghui/.m2/repository/com/youzan/pay/assetcenter.api/0.0.9-20170817-SNAPSHOT/assetcenter.api-0.0.9-20170817-SNAPSHOT.jar!/com/youzan/pay/assetcenter/api/RechargeService.class], URL [jar:file:/Users/wulonghui/.m2/repository/com/youzan/pay/assetcenter.api/0.0.9-20170817-SNAPSHOT/assetcenter.api-0.0.9-20170817-SNAPSHOT.jar!/com/youzan/pay/assetcenter/api/RecoveryService.class], URL [jar:file:/Users/wulonghui/.m2/repository/com/youzan/pay/assetcenter.api/0.0.9-20170817-SNAPSHOT/assetcenter.api-0.0.9-20170817-SNAPSHOT.jar!/com/youzan/pay/assetcenter/api/RecoveryWatchmanService.class], URL [jar:file:/Users/wulonghui/.m2/repository/com/youzan/pay/assetcenter.api/0.0.9-20170817-SNAPSHOT/assetcenter.api-0.0.9-20170817-SNAPSHOT.jar!/com/youzan/pay/assetcenter/api/RefundCheckWatchManService.class], URL [jar:file:/Users/wulonghui/.m2/repository/com/youzan/pay/assetcenter.api/0.0.9-20170817-SNAPSHOT/assetcenter.api-0.0.9-20170817-SNAPSHOT.jar!/com/youzan/pay/assetcenter/api/request/AbstractBaseRequest.class], URL [jar:file:/Users/wulonghui/.m2/repository/com/youzan/pay/assetcenter.api/0.0.9-20170817-SNAPSHOT/assetcenter.api-0.0.9-20170817-SNAPSHOT.jar!/com/youzan/pay/assetcenter/api/request/AssetPayDetailRequest.class], URL [jar:file:/Users/wulonghui/.m2/repository/com/youzan/pay/assetcenter.api/0.0.9-20170817-SNAPSHOT/assetcenter.api-0.0.9-20170817-SNAPSHOT.jar!/com/youzan/pay/assetcenter/api/request/BatchRefundRequest.class], URL [jar:file:/Users/wulonghui/.m2/repository/com/youzan/pay/assetcenter.api/0.0.9-20170817-SNAPSHOT/assetcenter.api-0.0.9-20170817-SNAPSHOT.jar!/com/youzan/pay/assetcenter/api/request/ChangePriceRequest.class], URL [jar:file:/Users/wulonghui/.m2/repository/com/youzan/pay/assetcenter.api/0.0.9-20170817-SNAPSHOT/assetcenter.api-0.0.9-20170817-SNAPSHOT.jar!/com/youzan/pay/assetcenter/api/request/CreateAcquireRequest.class], URL [jar:file:/Users/wulonghui/.m2/repository/com/youzan/pay/assetcenter.api/0.0.9-20170817-SNAPSHOT/assetcenter.api-0.0.9-20170817-SNAPSHOT.jar!/com/youzan/pay/assetcenter/api/request/group/AliPayWapGroup.class], URL [jar:file:/Users/wulonghui/.m2/repository/com/youzan/pay/assetcenter.api/0.0.9-20170817-SNAPSHOT/assetcenter.api-0.0.9-20170817-SNAPSHOT.jar!/com/youzan/pay/assetcenter/api/request/group/BarcodeGroup.class], URL [jar:file:/Users/wulonghui/.m2/repository/com/youzan/pay/assetcenter.api/0.0.9-20170817-SNAPSHOT/assetcenter.api-0.0.9-20170817-SNAPSHOT.jar!/com/youzan/pay/assetcenter/api/request/group/ValueCardPayGroup.class], URL [jar:file:/Users/wulonghui/.m2/repository/com/youzan/pay/assetcenter.api/0.0.9-20170817-SNAPSHOT/assetcenter.api-0.0.9-20170817-SNAPSHOT.jar!/com/youzan/pay/assetcenter/api/request/group/ValueCardRechargeGroup.class], URL [jar:file:/Users/wulonghui/.m2/repository/com/youzan/pay/assetcenter.api/0.0.9-20170817-SNAPSHOT/assetcenter.api-0.0.9-20170817-SNAPSHOT.jar!/com/youzan/pay/assetcenter/api/request/group/WxJSPayGroup.class], URL [jar:file:/Users/wulonghui/.m2/repository/com/youzan/pay/assetcenter.api/0.0.9-20170817-SNAPSHOT/assetcenter.api-0.0.9-20170817-SNAPSHOT.jar!/com/youzan/pay/assetcenter/api/request/group/YzUserGroup.class], URL [jar:file:/Users/wulonghui/.m2/repository/com/youzan/pay/assetcenter.api/0.0.9-20170817-SNAPSHOT/assetcenter.api-0.0.9-20170817-SNAPSHOT.jar!/com/youzan/pay/assetcenter/api/request/group/YzUserTokenGroup.class], URL [jar:file:/Users/wulonghui/.m2/repository/com/youzan/pay/assetcenter.api/0.0.9-20170817-SNAPSHOT/assetcenter.api-0.0.9-20170817-SNAPSHOT.jar!/com/youzan/pay/assetcenter/api/request/model/PayDetailInfo.class], URL [jar:file:/Users/wulonghui/.m2/repository/com/youzan/pay/assetcenter.api/0.0.9-20170817-SNAPSHOT/assetcenter.api-0.0.9-20170817-SNAPSHOT.jar!/com/youzan/pay/assetcenter/api/request/model/TradingInfo.class], URL [jar:file:/Users/wulonghui/.m2/repository/com/youzan/pay/assetcenter.api/0.0.9-20170817-SNAPSHOT/assetcenter.api-0.0.9-20170817-SNAPSHOT.jar!/com/youzan/pay/assetcenter/api/request/MultiPayRequest.class], URL [jar:file:/Users/wulonghui/.m2/repository/com/youzan/pay/assetcenter.api/0.0.9-20170817-SNAPSHOT/assetcenter.api-0.0.9-20170817-SNAPSHOT.jar!/com/youzan/pay/assetcenter/api/request/PayNotifyRequest.class], URL [jar:file:/Users/wulonghui/.m2/repository/com/youzan/pay/assetcenter.api/0.0.9-20170817-SNAPSHOT/assetcenter.api-0.0.9-20170817-SNAPSHOT.jar!/com/youzan/pay/assetcenter/api/request/PayRequest.class], URL [jar:file:/Users/wulonghui/.m2/repository/com/youzan/pay/assetcenter.api/0.0.9-20170817-SNAPSHOT/assetcenter.api-0.0.9-20170817-SNAPSHOT.jar!/com/youzan/pay/assetcenter/api/request/QueryAcquireRequest.class], URL [jar:file:/Users/wulonghui/.m2/repository/com/youzan/pay/assetcenter.api/0.0.9-20170817-SNAPSHOT/assetcenter.api-0.0.9-20170817-SNAPSHOT.jar!/com/youzan/pay/assetcenter/api/request/QueryRefundRequest.class], URL [jar:file:/Users/wulonghui/.m2/repository/com/youzan/pay/assetcenter.api/0.0.9-20170817-SNAPSHOT/assetcenter.api-0.0.9-20170817-SNAPSHOT.jar!/com/youzan/pay/assetcenter/api/request/QueryRefundRequestV2.class], URL [jar:file:/Users/wulonghui/.m2/repository/com/youzan/pay/assetcenter.api/0.0.9-20170817-SNAPSHOT/assetcenter.api-0.0.9-20170817-SNAPSHOT.jar!/com/youzan/pay/assetcenter/api/request/RechargeOrderCreatingRequest.class], URL [jar:file:/Users/wulonghui/.m2/repository/com/youzan/pay/assetcenter.api/0.0.9-20170817-SNAPSHOT/assetcenter.api-0.0.9-20170817-SNAPSHOT.jar!/com/youzan/pay/assetcenter/api/request/RechargePayRequest.class], URL [jar:file:/Users/wulonghui/.m2/repository/com/youzan/pay/assetcenter.api/0.0.9-20170817-SNAPSHOT/assetcenter.api-0.0.9-20170817-SNAPSHOT.jar!/com/youzan/pay/assetcenter/api/request/RefundRequest.class], URL [jar:file:/Users/wulonghui/.m2/repository/com/youzan/pay/assetcenter.api/0.0.9-20170817-SNAPSHOT/assetcenter.api-0.0.9-20170817-SNAPSHOT.jar!/com/youzan/pay/assetcenter/api/request/RevokeRequest.class], URL [jar:file:/Users/wulonghui/.m2/repository/com/youzan/pay/assetcenter.api/0.0.9-20170817-SNAPSHOT/assetcenter.api-0.0.9-20170817-SNAPSHOT.jar!/com/youzan/pay/assetcenter/api/request/SinglePayRequest.class], URL [jar:file:/Users/wulonghui/.m2/repository/com/youzan/pay/assetcenter.api/0.0.9-20170817-SNAPSHOT/assetcenter.api-0.0.9-20170817-SNAPSHOT.jar!/com/youzan/pay/assetcenter/api/request/UnifiedOrderCreatingRequest.class], URL [jar:file:/Users/wulonghui/.m2/repository/com/youzan/pay/assetcenter.api/0.0.9-20170817-SNAPSHOT/assetcenter.api-0.0.9-20170817-SNAPSHOT.jar!/com/youzan/pay/assetcenter/api/request/UnifiedOrderQueryRequest.class], URL [jar:file:/Users/wulonghui/.m2/repository/com/youzan/pay/assetcenter.api/0.0.9-20170817-SNAPSHOT/assetcenter.api-0.0.9-20170817-SNAPSHOT.jar!/com/youzan/pay/assetcenter/api/request/UnifiedOrderSettleRequest.class], URL [jar:file:/Users/wulonghui/.m2/repository/com/youzan/pay/assetcenter.api/0.0.9-20170817-SNAPSHOT/assetcenter.api-0.0.9-20170817-SNAPSHOT.jar!/com/youzan/pay/assetcenter/api/request/WithdrawCustQueryRequest.class], URL [jar:file:/Users/wulonghui/.m2/repository/com/youzan/pay/assetcenter.api/0.0.9-20170817-SNAPSHOT/assetcenter.api-0.0.9-20170817-SNAPSHOT.jar!/com/youzan/pay/assetcenter/api/request/WithdrawRequest.class], URL [jar:file:/Users/wulonghui/.m2/repository/com/youzan/pay/assetcenter.api/0.0.9-20170817-SNAPSHOT/assetcenter.api-0.0.9-20170817-SNAPSHOT.jar!/com/youzan/pay/assetcenter/api/request/WithdrawSingleQueryRequest.class], URL [jar:file:/Users/wulonghui/.m2/repository/com/youzan/pay/assetcenter.api/0.0.9-20170817-SNAPSHOT/assetcenter.api-0.0.9-20170817-SNAPSHOT.jar!/com/youzan/pay/assetcenter/api/response/BaseResponse.class], URL [jar:file:/Users/wulonghui/.m2/repository/com/youzan/pay/assetcenter.api/0.0.9-20170817-SNAPSHOT/assetcenter.api-0.0.9-20170817-SNAPSHOT.jar!/com/youzan/pay/assetcenter/api/response/Response.class], URL [jar:file:/Users/wulonghui/.m2/repository/com/youzan/pay/assetcenter.api/0.0.9-20170817-SNAPSHOT/assetcenter.api-0.0.9-20170817-SNAPSHOT.jar!/com/youzan/pay/assetcenter/api/result/AssetPayDetailItem.class], URL [jar:file:/Users/wulonghui/.m2/repository/com/youzan/pay/assetcenter.api/0.0.9-20170817-SNAPSHOT/assetcenter.api-0.0.9-20170817-SNAPSHOT.jar!/com/youzan/pay/assetcenter/api/result/BasePayResult.class], URL [jar:file:/Users/wulonghui/.m2/repository/com/youzan/pay/assetcenter.api/0.0.9-20170817-SNAPSHOT/assetcenter.api-0.0.9-20170817-SNAPSHOT.jar!/com/youzan/pay/assetcenter/api/result/ChangePriceResult.class], URL [jar:file:/Users/wulonghui/.m2/repository/com/youzan/pay/assetcenter.api/0.0.9-20170817-SNAPSHOT/assetcenter.api-0.0.9-20170817-SNAPSHOT.jar!/com/youzan/pay/assetcenter/api/result/CommonResult.class], URL [jar:file:/Users/wulonghui/.m2/repository/com/youzan/pay/assetcenter.api/0.0.9-20170817-SNAPSHOT/assetcenter.api-0.0.9-20170817-SNAPSHOT.jar!/com/youzan/pay/assetcenter/api/result/CreateAcquireResult.class], URL [jar:file:/Users/wulonghui/.m2/repository/com/youzan/pay/assetcenter.api/0.0.9-20170817-SNAPSHOT/assetcenter.api-0.0.9-20170817-SNAPSHOT.jar!/com/youzan/pay/assetcenter/api/result/model/PayDetailResult.class], URL [jar:file:/Users/wulonghui/.m2/repository/com/youzan/pay/assetcenter.api/0.0.9-20170817-SNAPSHOT/assetcenter.api-0.0.9-20170817-SNAPSHOT.jar!/com/youzan/pay/assetcenter/api/result/MultiPayResult.class], URL [jar:file:/Users/wulonghui/.m2/repository/com/youzan/pay/assetcenter.api/0.0.9-20170817-SNAPSHOT/assetcenter.api-0.0.9-20170817-SNAPSHOT.jar!/com/youzan/pay/assetcenter/api/result/PageResult.class], URL [jar:file:/Users/wulonghui/.m2/repository/com/youzan/pay/assetcenter.api/0.0.9-20170817-SNAPSHOT/assetcenter.api-0.0.9-20170817-SNAPSHOT.jar!/com/youzan/pay/assetcenter/api/result/PayResult.class], URL [jar:file:/Users/wulonghui/.m2/repository/com/youzan/pay/assetcenter.api/0.0.9-20170817-SNAPSHOT/assetcenter.api-0.0.9-20170817-SNAPSHOT.jar!/com/youzan/pay/assetcenter/api/result/PayToolItem.class], URL [jar:file:/Users/wulonghui/.m2/repository/com/youzan/pay/assetcenter.api/0.0.9-20170817-SNAPSHOT/assetcenter.api-0.0.9-20170817-SNAPSHOT.jar!/com/youzan/pay/assetcenter/api/result/QueryAcquireResult.class], URL [jar:file:/Users/wulonghui/.m2/repository/com/youzan/pay/assetcenter.api/0.0.9-20170817-SNAPSHOT/assetcenter.api-0.0.9-20170817-SNAPSHOT.jar!/com/youzan/pay/assetcenter/api/result/QueryRefundResult.class], URL [jar:file:/Users/wulonghui/.m2/repository/com/youzan/pay/assetcenter.api/0.0.9-20170817-SNAPSHOT/assetcenter.api-0.0.9-20170817-SNAPSHOT.jar!/com/youzan/pay/assetcenter/api/result/RechargeOrderCreatingResult.class], URL [jar:file:/Users/wulonghui/.m2/repository/com/youzan/pay/assetcenter.api/0.0.9-20170817-SNAPSHOT/assetcenter.api-0.0.9-20170817-SNAPSHOT.jar!/com/youzan/pay/assetcenter/api/result/RechargePayResult.class], URL [jar:file:/Users/wulonghui/.m2/repository/com/youzan/pay/assetcenter.api/0.0.9-20170817-SNAPSHOT/assetcenter.api-0.0.9-20170817-SNAPSHOT.jar!/com/youzan/pay/assetcenter/api/result/RefundApplyResult.class], URL [jar:file:/Users/wulonghui/.m2/repository/com/youzan/pay/assetcenter.api/0.0.9-20170817-SNAPSHOT/assetcenter.api-0.0.9-20170817-SNAPSHOT.jar!/com/youzan/pay/assetcenter/api/result/RefundResult.class], URL [jar:file:/Users/wulonghui/.m2/repository/com/youzan/pay/assetcenter.api/0.0.9-20170817-SNAPSHOT/assetcenter.api-0.0.9-20170817-SNAPSHOT.jar!/com/youzan/pay/assetcenter/api/result/RevokeResult.class], URL [jar:file:/Users/wulonghui/.m2/repository/com/youzan/pay/assetcenter.api/0.0.9-20170817-SNAPSHOT/assetcenter.api-0.0.9-20170817-SNAPSHOT.jar!/com/youzan/pay/assetcenter/api/result/SinglePayResult.class], URL [jar:file:/Users/wulonghui/.m2/repository/com/youzan/pay/assetcenter.api/0.0.9-20170817-SNAPSHOT/assetcenter.api-0.0.9-20170817-SNAPSHOT.jar!/com/youzan/pay/assetcenter/api/result/UnifiedOrderBaseResult.class], URL [jar:file:/Users/wulonghui/.m2/repository/com/youzan/pay/assetcenter.api/0.0.9-20170817-SNAPSHOT/assetcenter.api-0.0.9-20170817-SNAPSHOT.jar!/com/youzan/pay/assetcenter/api/result/UnifiedOrderCreatingResult.class], URL [jar:file:/Users/wulonghui/.m2/repository/com/youzan/pay/assetcenter.api/0.0.9-20170817-SNAPSHOT/assetcenter.api-0.0.9-20170817-SNAPSHOT.jar!/com/youzan/pay/assetcenter/api/result/UnifiedOrderQueryResult.class], URL [jar:file:/Users/wulonghui/.m2/repository/com/youzan/pay/assetcenter.api/0.0.9-20170817-SNAPSHOT/assetcenter.api-0.0.9-20170817-SNAPSHOT.jar!/com/youzan/pay/assetcenter/api/result/UnifiedOrderSettleResult.class], URL [jar:file:/Users/wulonghui/.m2/repository/com/youzan/pay/assetcenter.api/0.0.9-20170817-SNAPSHOT/assetcenter.api-0.0.9-20170817-SNAPSHOT.jar!/com/youzan/pay/assetcenter/api/result/WithdrawApplyResult.class], URL [jar:file:/Users/wulonghui/.m2/repository/com/youzan/pay/assetcenter.api/0.0.9-20170817-SNAPSHOT/assetcenter.api-0.0.9-20170817-SNAPSHOT.jar!/com/youzan/pay/assetcenter/api/result/WithdrawCustQueryResult.class], URL [jar:file:/Users/wulonghui/.m2/repository/com/youzan/pay/assetcenter.api/0.0.9-20170817-SNAPSHOT/assetcenter.api-0.0.9-20170817-SNAPSHOT.jar!/com/youzan/pay/assetcenter/api/result/WithdrawSingleQueryResult.class], URL [jar:file:/Users/wulonghui/.m2/repository/com/youzan/pay/assetcenter.api/0.0.9-20170817-SNAPSHOT/assetcenter.api-0.0.9-20170817-SNAPSHOT.jar!/com/youzan/pay/assetcenter/api/UnifiedOrderQueryService.class], URL [jar:file:/Users/wulonghui/.m2/repository/com/youzan/pay/assetcenter.api/0.0.9-20170817-SNAPSHOT/assetcenter.api-0.0.9-20170817-SNAPSHOT.jar!/com/youzan/pay/assetcenter/api/UnifiedOrderService.class], URL [jar:file:/Users/wulonghui/.m2/repository/com/youzan/pay/assetcenter.api/0.0.9-20170817-SNAPSHOT/assetcenter.api-0.0.9-20170817-SNAPSHOT.jar!/com/youzan/pay/assetcenter/api/UnifiedPayService.class], URL [jar:file:/Users/wulonghui/.m2/repository/com/youzan/pay/assetcenter.spi/0.0.9-20170817-SNAPSHOT/assetcenter.spi-0.0.9-20170817-SNAPSHOT.jar!/com/youzan/pay/assetcenter/service/spi/BalancePayToolSpi.class], URL [jar:file:/Users/wulonghui/.m2/repository/com/youzan/pay/assetcenter.spi/0.0.9-20170817-SNAPSHOT/assetcenter.spi-0.0.9-20170817-SNAPSHOT.jar!/com/youzan/pay/assetcenter/service/spi/CardPayToolSpi.class], URL [jar:file:/Users/wulonghui/.m2/repository/com/youzan/pay/assetcenter.spi/0.0.9-20170817-SNAPSHOT/assetcenter.spi-0.0.9-20170817-SNAPSHOT.jar!/com/youzan/pay/assetcenter/service/spi/constants/EnvironmentConstants.class], URL [jar:file:/Users/wulonghui/.m2/repository/com/youzan/pay/assetcenter.spi/0.0.9-20170817-SNAPSHOT/assetcenter.spi-0.0.9-20170817-SNAPSHOT.jar!/com/youzan/pay/assetcenter/service/spi/constants/ErrorConstants.class], URL [jar:file:/Users/wulonghui/.m2/repository/com/youzan/pay/assetcenter.spi/0.0.9-20170817-SNAPSHOT/assetcenter.spi-0.0.9-20170817-SNAPSHOT.jar!/com/youzan/pay/assetcenter/service/spi/constants/ExtraKeyConstants.class], URL [jar:file:/Users/wulonghui/.m2/repository/com/youzan/pay/assetcenter.spi/0.0.9-20170817-SNAPSHOT/assetcenter.spi-0.0.9-20170817-SNAPSHOT.jar!/com/youzan/pay/assetcenter/service/spi/constants/PayChannelApiConstants.class], URL [jar:file:/Users/wulonghui/.m2/repository/com/youzan/pay/assetcenter.spi/0.0.9-20170817-SNAPSHOT/assetcenter.spi-0.0.9-20170817-SNAPSHOT.jar!/com/youzan/pay/assetcenter/service/spi/ECardPayToolSpi.class], URL [jar:file:/Users/wulonghui/.m2/repository/com/youzan/pay/assetcenter.spi/0.0.9-20170817-SNAPSHOT/assetcenter.spi-0.0.9-20170817-SNAPSHOT.jar!/com/youzan/pay/assetcenter/service/spi/enums/AccountOperateResultCode.class], URL [jar:file:/Users/wulonghui/.m2/repository/com/youzan/pay/assetcenter.spi/0.0.9-20170817-SNAPSHOT/assetcenter.spi-0.0.9-20170817-SNAPSHOT.jar!/com/youzan/pay/assetcenter/service/spi/enums/CurrencyCode.class], URL [jar:file:/Users/wulonghui/.m2/repository/com/youzan/pay/assetcenter.spi/0.0.9-20170817-SNAPSHOT/assetcenter.spi-0.0.9-20170817-SNAPSHOT.jar!/com/youzan/pay/assetcenter/service/spi/enums/PayToolPayStatus.class], URL [jar:file:/Users/wulonghui/.m2/repository/com/youzan/pay/assetcenter.spi/0.0.9-20170817-SNAPSHOT/assetcenter.spi-0.0.9-20170817-SNAPSHOT.jar!/com/youzan/pay/assetcenter/service/spi/enums/PayToolRefundStatus.class], URL [jar:file:/Users/wulonghui/.m2/repository/com/youzan/pay/assetcenter.spi/0.0.9-20170817-SNAPSHOT/assetcenter.spi-0.0.9-20170817-SNAPSHOT.jar!/com/youzan/pay/assetcenter/service/spi/enums/PayToolRevokeStatus.class], URL [jar:file:/Users/wulonghui/.m2/repository/com/youzan/pay/assetcenter.spi/0.0.9-20170817-SNAPSHOT/assetcenter.spi-0.0.9-20170817-SNAPSHOT.jar!/com/youzan/pay/assetcenter/service/spi/enums/PayToolTypeEnum.class], URL [jar:file:/Users/wulonghui/.m2/repository/com/youzan/pay/assetcenter.spi/0.0.9-20170817-SNAPSHOT/assetcenter.spi-0.0.9-20170817-SNAPSHOT.jar!/com/youzan/pay/assetcenter/service/spi/enums/PayToolWithdrawStatus.class], URL [jar:file:/Users/wulonghui/.m2/repository/com/youzan/pay/assetcenter.spi/0.0.9-20170817-SNAPSHOT/assetcenter.spi-0.0.9-20170817-SNAPSHOT.jar!/com/youzan/pay/assetcenter/service/spi/PayToolStandardSpi.class], URL [jar:file:/Users/wulonghui/.m2/repository/com/youzan/pay/assetcenter.spi/0.0.9-20170817-SNAPSHOT/assetcenter.spi-0.0.9-20170817-SNAPSHOT.jar!/com/youzan/pay/assetcenter/service/spi/PayToolWithdrawSpi.class], URL [jar:file:/Users/wulonghui/.m2/repository/com/youzan/pay/assetcenter.spi/0.0.9-20170817-SNAPSHOT/assetcenter.spi-0.0.9-20170817-SNAPSHOT.jar!/com/youzan/pay/assetcenter/service/spi/PrepaidPayToolSpi.class], URL [jar:file:/Users/wulonghui/.m2/repository/com/youzan/pay/assetcenter.spi/0.0.9-20170817-SNAPSHOT/assetcenter.spi-0.0.9-20170817-SNAPSHOT.jar!/com/youzan/pay/assetcenter/service/spi/request/BaseRequest.class], URL [jar:file:/Users/wulonghui/.m2/repository/com/youzan/pay/assetcenter.spi/0.0.9-20170817-SNAPSHOT/assetcenter.spi-0.0.9-20170817-SNAPSHOT.jar!/com/youzan/pay/assetcenter/service/spi/request/Money.class], URL [jar:file:/Users/wulonghui/.m2/repository/com/youzan/pay/assetcenter.spi/0.0.9-20170817-SNAPSHOT/assetcenter.spi-0.0.9-20170817-SNAPSHOT.jar!/com/youzan/pay/assetcenter/service/spi/request/PayToolPayQueryRequest.class], URL [jar:file:/Users/wulonghui/.m2/repository/com/youzan/pay/assetcenter.spi/0.0.9-20170817-SNAPSHOT/assetcenter.spi-0.0.9-20170817-SNAPSHOT.jar!/com/youzan/pay/assetcenter/service/spi/request/PayToolPayRequest.class], URL [jar:file:/Users/wulonghui/.m2/repository/com/youzan/pay/assetcenter.spi/0.0.9-20170817-SNAPSHOT/assetcenter.spi-0.0.9-20170817-SNAPSHOT.jar!/com/youzan/pay/assetcenter/service/spi/request/PayToolRefundQueryRequest.class], URL [jar:file:/Users/wulonghui/.m2/repository/com/youzan/pay/assetcenter.spi/0.0.9-20170817-SNAPSHOT/assetcenter.spi-0.0.9-20170817-SNAPSHOT.jar!/com/youzan/pay/assetcenter/service/spi/request/PayToolRefundRequest.class], URL [jar:file:/Users/wulonghui/.m2/repository/com/youzan/pay/assetcenter.spi/0.0.9-20170817-SNAPSHOT/assetcenter.spi-0.0.9-20170817-SNAPSHOT.jar!/com/youzan/pay/assetcenter/service/spi/request/PayToolRevokeRequest.class], URL [jar:file:/Users/wulonghui/.m2/repository/com/youzan/pay/assetcenter.spi/0.0.9-20170817-SNAPSHOT/assetcenter.spi-0.0.9-20170817-SNAPSHOT.jar!/com/youzan/pay/assetcenter/service/spi/request/PayToolWithdrawQueryRequest.class], URL [jar:file:/Users/wulonghui/.m2/repository/com/youzan/pay/assetcenter.spi/0.0.9-20170817-SNAPSHOT/assetcenter.spi-0.0.9-20170817-SNAPSHOT.jar!/com/youzan/pay/assetcenter/service/spi/request/PayToolWithdrawRequest$ExtentionKey.class], URL [jar:file:/Users/wulonghui/.m2/repository/com/youzan/pay/assetcenter.spi/0.0.9-20170817-SNAPSHOT/assetcenter.spi-0.0.9-20170817-SNAPSHOT.jar!/com/youzan/pay/assetcenter/service/spi/request/PayToolWithdrawRequest.class], URL [jar:file:/Users/wulonghui/.m2/repository/com/youzan/pay/assetcenter.spi/0.0.9-20170817-SNAPSHOT/assetcenter.spi-0.0.9-20170817-SNAPSHOT.jar!/com/youzan/pay/assetcenter/service/spi/request/TraceContext.class], URL [jar:file:/Users/wulonghui/.m2/repository/com/youzan/pay/assetcenter.spi/0.0.9-20170817-SNAPSHOT/assetcenter.spi-0.0.9-20170817-SNAPSHOT.jar!/com/youzan/pay/assetcenter/service/spi/Result/AccountOperationResult.class], URL [jar:file:/Users/wulonghui/.m2/repository/com/youzan/pay/assetcenter.spi/0.0.9-20170817-SNAPSHOT/assetcenter.spi-0.0.9-20170817-SNAPSHOT.jar!/com/youzan/pay/assetcenter/service/spi/Result/AccountResult.class], URL [jar:file:/Users/wulonghui/.m2/repository/com/youzan/pay/assetcenter.spi/0.0.9-20170817-SNAPSHOT/assetcenter.spi-0.0.9-20170817-SNAPSHOT.jar!/com/youzan/pay/assetcenter/service/spi/Result/BaseResult.class], URL [jar:file:/Users/wulonghui/.m2/repository/com/youzan/pay/assetcenter.spi/0.0.9-20170817-SNAPSHOT/assetcenter.spi-0.0.9-20170817-SNAPSHOT.jar!/com/youzan/pay/assetcenter/service/spi/Result/CommonError.class], URL [jar:file:/Users/wulonghui/.m2/repository/com/youzan/pay/assetcenter.spi/0.0.9-20170817-SNAPSHOT/assetcenter.spi-0.0.9-20170817-SNAPSHOT.jar!/com/youzan/pay/assetcenter/service/spi/Result/ErrorContext.class], URL [jar:file:/Users/wulonghui/.m2/repository/com/youzan/pay/assetcenter.spi/0.0.9-20170817-SNAPSHOT/assetcenter.spi-0.0.9-20170817-SNAPSHOT.jar!/com/youzan/pay/assetcenter/service/spi/Result/HttpResult.class], URL [jar:file:/Users/wulonghui/.m2/repository/com/youzan/pay/assetcenter.spi/0.0.9-20170817-SNAPSHOT/assetcenter.spi-0.0.9-20170817-SNAPSHOT.jar!/com/youzan/pay/assetcenter/service/spi/Result/MircoAccountResult.class], URL [jar:file:/Users/wulonghui/.m2/repository/com/youzan/pay/assetcenter.spi/0.0.9-20170817-SNAPSHOT/assetcenter.spi-0.0.9-20170817-SNAPSHOT.jar!/com/youzan/pay/assetcenter/service/spi/Result/PayToolPayResult.class], URL [jar:file:/Users/wulonghui/.m2/repository/com/youzan/pay/assetcenter.spi/0.0.9-20170817-SNAPSHOT/assetcenter.spi-0.0.9-20170817-SNAPSHOT.jar!/com/youzan/pay/assetcenter/service/spi/Result/PayToolRefundQueryResult.class], URL [jar:file:/Users/wulonghui/.m2/repository/com/youzan/pay/assetcenter.spi/0.0.9-20170817-SNAPSHOT/assetcenter.spi-0.0.9-20170817-SNAPSHOT.jar!/com/youzan/pay/assetcenter/service/spi/Result/PayToolRefundResult.class], URL [jar:file:/Users/wulonghui/.m2/repository/com/youzan/pay/assetcenter.spi/0.0.9-20170817-SNAPSHOT/assetcenter.spi-0.0.9-20170817-SNAPSHOT.jar!/com/youzan/pay/assetcenter/service/spi/Result/PayToolRevokeResult.class], URL [jar:file:/Users/wulonghui/.m2/repository/com/youzan/pay/assetcenter.spi/0.0.9-20170817-SNAPSHOT/assetcenter.spi-0.0.9-20170817-SNAPSHOT.jar!/com/youzan/pay/assetcenter/service/spi/Result/PayToolWithdrawResult.class], URL [jar:file:/Users/wulonghui/.m2/repository/com/youzan/pay/assetcenter.spi/0.0.9-20170817-SNAPSHOT/assetcenter.spi-0.0.9-20170817-SNAPSHOT.jar!/com/youzan/pay/assetcenter/service/spi/UnifiedPrepaidCardPayToolSpi.class], URL [jar:file:/Users/wulonghui/.m2/repository/com/youzan/pay/core/core-validate/1.0.2-20170515-RELEASE/core-validate-1.0.2-20170515-RELEASE.jar!/com/youzan/pay/core/validate/constraints/InEnum.class], URL [jar:file:/Users/wulonghui/.m2/repository/com/youzan/pay/core/core-validate/1.0.2-20170515-RELEASE/core-validate-1.0.2-20170515-RELEASE.jar!/com/youzan/pay/core/validate/constraints/InEnumValidator.class], URL [jar:file:/Users/wulonghui/.m2/repository/com/youzan/pay/microaccount-api/0.2.6-20170801-SNAPSHOT/microaccount-api-0.2.6-20170801-SNAPSHOT.jar!/com/youzan/pay/microaccount/prepaidcard/error/CommonError.class], URL [jar:file:/Users/wulonghui/.m2/repository/com/youzan/pay/microaccount-api/0.2.6-20170801-SNAPSHOT/microaccount-api-0.2.6-20170801-SNAPSHOT.jar!/com/youzan/pay/microaccount/prepaidcard/error/MicroAccountErrorCode.class], URL [jar:file:/Users/wulonghui/.m2/repository/com/youzan/pay/microaccount-api/0.2.6-20170801-SNAPSHOT/microaccount-api-0.2.6-20170801-SNAPSHOT.jar!/com/youzan/pay/microaccount/prepaidcard/exception/BizException.class], URL [jar:file:/Users/wulonghui/.m2/repository/com/youzan/pay/microaccount-api/0.2.6-20170801-SNAPSHOT/microaccount-api-0.2.6-20170801-SNAPSHOT.jar!/com/youzan/pay/microaccount/prepaidcard/exception/BizIdempotentException.class], URL [jar:file:/Users/wulonghui/.m2/repository/com/youzan/pay/microaccount-api/0.2.6-20170801-SNAPSHOT/microaccount-api-0.2.6-20170801-SNAPSHOT.jar!/com/youzan/pay/microaccount/prepaidcard/exception/InternalSystemException.class], URL [jar:file:/Users/wulonghui/.m2/repository/com/youzan/pay/microaccount-api/0.2.6-20170801-SNAPSHOT/microaccount-api-0.2.6-20170801-SNAPSHOT.jar!/com/youzan/pay/microaccount/prepaidcard/exception/NoRetryException.class], URL [jar:file:/Users/wulonghui/.m2/repository/com/youzan/pay/microaccount-api/0.2.6-20170801-SNAPSHOT/microaccount-api-0.2.6-20170801-SNAPSHOT.jar!/com/youzan/pay/microaccount/prepaidcard/exception/TradeBusinessException.class], URL [jar:file:/Users/wulonghui/.m2/repository/com/youzan/pay/microaccount-api/0.2.6-20170801-SNAPSHOT/microaccount-api-0.2.6-20170801-SNAPSHOT.jar!/com/youzan/pay/microaccount/prepaidcard/exception/TradeQueryException.class], URL [jar:file:/Users/wulonghui/.m2/repository/com/youzan/pay/microaccount-api/0.2.6-20170801-SNAPSHOT/microaccount-api-0.2.6-20170801-SNAPSHOT.jar!/com/youzan/pay/microaccount/prepaidcard/exception/TransferBussinessException.class], URL [jar:file:/Users/wulonghui/.m2/repository/com/youzan/pay/microaccount-api/0.2.6-20170801-SNAPSHOT/microaccount-api-0.2.6-20170801-SNAPSHOT.jar!/com/youzan/pay/microaccount/prepaidcard/params/base/ValidateParmeter.class], URL [jar:file:/Users/wulonghui/.m2/repository/com/youzan/pay/microaccount-api/0.2.6-20170801-SNAPSHOT/microaccount-api-0.2.6-20170801-SNAPSHOT.jar!/com/youzan/pay/microaccount/prepaidcard/params/PaymentParam.class], URL [jar:file:/Users/wulonghui/.m2/repository/com/youzan/pay/microaccount-api/0.2.6-20170801-SNAPSHOT/microaccount-api-0.2.6-20170801-SNAPSHOT.jar!/com/youzan/pay/microaccount/prepaidcard/params/RechargeParam.class], URL [jar:file:/Users/wulonghui/.m2/repository/com/youzan/pay/microaccount-api/0.2.6-20170801-SNAPSHOT/microaccount-api-0.2.6-20170801-SNAPSHOT.jar!/com/youzan/pay/microaccount/prepaidcard/params/RefundParam.class], URL [jar:file:/Users/wulonghui/.m2/repository/com/youzan/pay/microaccount-api/0.2.6-20170801-SNAPSHOT/microaccount-api-0.2.6-20170801-SNAPSHOT.jar!/com/youzan/pay/microaccount/prepaidcard/params/TradeExtParam.class], URL [jar:file:/Users/wulonghui/.m2/repository/com/youzan/pay/microaccount-api/0.2.6-20170801-SNAPSHOT/microaccount-api-0.2.6-20170801-SNAPSHOT.jar!/com/youzan/pay/microaccount/prepaidcard/params/TradeParam.class], URL [jar:file:/Users/wulonghui/.m2/repository/com/youzan/pay/microaccount-api/0.2.6-20170801-SNAPSHOT/microaccount-api-0.2.6-20170801-SNAPSHOT.jar!/com/youzan/pay/microaccount/prepaidcard/params/TransferParam.class], URL [jar:file:/Users/wulonghui/.m2/repository/com/youzan/pay/microaccount-api/0.2.6-20170801-SNAPSHOT/microaccount-api-0.2.6-20170801-SNAPSHOT.jar!/com/youzan/pay/microaccount/prepaidcard/result/PageResult.class], URL [jar:file:/Users/wulonghui/.m2/repository/com/youzan/pay/microaccount-api/0.2.6-20170801-SNAPSHOT/microaccount-api-0.2.6-20170801-SNAPSHOT.jar!/com/youzan/pay/microaccount/prepaidcard/result/Result.class], URL [jar:file:/Users/wulonghui/.m2/repository/com/youzan/pay/microaccount-api/0.2.6-20170801-SNAPSHOT/microaccount-api-0.2.6-20170801-SNAPSHOT.jar!/com/youzan/pay/microaccount/prepaidcard/result/TradeResult.class], URL [jar:file:/Users/wulonghui/.m2/repository/com/youzan/pay/microaccount-api/0.2.6-20170801-SNAPSHOT/microaccount-api-0.2.6-20170801-SNAPSHOT.jar!/com/youzan/pay/microaccount/prepaidcard/service/AccountService.class], URL [jar:file:/Users/wulonghui/.m2/repository/com/youzan/pay/microaccount-api/0.2.6-20170801-SNAPSHOT/microaccount-api-0.2.6-20170801-SNAPSHOT.jar!/com/youzan/pay/microaccount/prepaidcard/service/TradeService.class], URL [jar:file:/Users/wulonghui/.m2/repository/com/youzan/pay/microaccount-api/0.2.6-20170801-SNAPSHOT/microaccount-api-0.2.6-20170801-SNAPSHOT.jar!/com/youzan/pay/microaccount/prepaidcard/SpringContext/AbstractSpringContext.class], URL [jar:file:/Users/wulonghui/.m2/repository/com/youzan/pay/microaccount-api/0.2.6-20170801-SNAPSHOT/microaccount-api-0.2.6-20170801-SNAPSHOT.jar!/com/youzan/pay/microaccount/prepaidcard/taskService/TaskService.class], URL [jar:file:/Users/wulonghui/.m2/repository/com/youzan/pay/microaccount-api/0.2.6-20170801-SNAPSHOT/microaccount-api-0.2.6-20170801-SNAPSHOT.jar!/com/youzan/pay/microaccount/prepaidcard/to/AccountLogTO.class], URL [jar:file:/Users/wulonghui/.m2/repository/com/youzan/pay/microaccount-api/0.2.6-20170801-SNAPSHOT/microaccount-api-0.2.6-20170801-SNAPSHOT.jar!/com/youzan/pay/microaccount/prepaidcard/to/AccountPayTO.class], URL [jar:file:/Users/wulonghui/.m2/repository/com/youzan/pay/microaccount-api/0.2.6-20170801-SNAPSHOT/microaccount-api-0.2.6-20170801-SNAPSHOT.jar!/com/youzan/pay/microaccount/prepaidcard/to/AccountTO.class], URL [jar:file:/Users/wulonghui/.m2/repository/com/youzan/pay/microaccount-api/0.2.6-20170801-SNAPSHOT/microaccount-api-0.2.6-20170801-SNAPSHOT.jar!/com/youzan/pay/microaccount/prepaidcard/to/TradeTO.class], URL [jar:file:/Users/wulonghui/.m2/repository/com/youzan/account-api/1.1.16-RELEASE/account-api-1.1.16-RELEASE.jar!/com/youzan/account/api/AdminService.class], URL [jar:file:/Users/wulonghui/.m2/repository/com/youzan/account-api/1.1.16-RELEASE/account-api-1.1.16-RELEASE.jar!/com/youzan/account/api/CountryCodeService.class], URL [jar:file:/Users/wulonghui/.m2/repository/com/youzan/account-api/1.1.16-RELEASE/account-api-1.1.16-RELEASE.jar!/com/youzan/account/api/dto/base/BaseResult.class], URL [jar:file:/Users/wulonghui/.m2/repository/com/youzan/account-api/1.1.16-RELEASE/account-api-1.1.16-RELEASE.jar!/com/youzan/account/api/dto/base/PageResult.class], URL [jar:file:/Users/wulonghui/.m2/repository/com/youzan/account-api/1.1.16-RELEASE/account-api-1.1.16-RELEASE.jar!/com/youzan/account/api/dto/CountryCodeDto$CountryCodeDtoBuilder.class], URL [jar:file:/Users/wulonghui/.m2/repository/com/youzan/account-api/1.1.16-RELEASE/account-api-1.1.16-RELEASE.jar!/com/youzan/account/api/dto/CountryCodeDto.class], URL [jar:file:/Users/wulonghui/.m2/repository/com/youzan/account-api/1.1.16-RELEASE/account-api-1.1.16-RELEASE.jar!/com/youzan/account/api/dto/CountryCodePyDto.class], URL [jar:file:/Users/wulonghui/.m2/repository/com/youzan/account-api/1.1.16-RELEASE/account-api-1.1.16-RELEASE.jar!/com/youzan/account/api/dto/merchant/GetUserIdRequestDTO.class], URL [jar:file:/Users/wulonghui/.m2/repository/com/youzan/account-api/1.1.16-RELEASE/account-api-1.1.16-RELEASE.jar!/com/youzan/account/api/dto/merchant/GetUserIdResponseDTO.class], URL [jar:file:/Users/wulonghui/.m2/repository/com/youzan/account-api/1.1.16-RELEASE/account-api-1.1.16-RELEASE.jar!/com/youzan/account/api/dto/merchant/UserMerchantDto.class], URL [jar:file:/Users/wulonghui/.m2/repository/com/youzan/account-api/1.1.16-RELEASE/account-api-1.1.16-RELEASE.jar!/com/youzan/account/api/dto/merchant/UserMerchantDtoRequest.class], URL [jar:file:/Users/wulonghui/.m2/repository/com/youzan/account-api/1.1.16-RELEASE/account-api-1.1.16-RELEASE.jar!/com/youzan/account/api/dto/merchant/UserMerchantDtoResponse.class], URL [jar:file:/Users/wulonghui/.m2/repository/com/youzan/account-api/1.1.16-RELEASE/account-api-1.1.16-RELEASE.jar!/com/youzan/account/api/dto/merchant/UserMerchantSinleRequest.class], URL [jar:file:/Users/wulonghui/.m2/repository/com/youzan/account-api/1.1.16-RELEASE/account-api-1.1.16-RELEASE.jar!/com/youzan/account/api/dto/PlatformUserDto$DftValue.class], URL [jar:file:/Users/wulonghui/.m2/repository/com/youzan/account-api/1.1.16-RELEASE/account-api-1.1.16-RELEASE.jar!/com/youzan/account/api/dto/PlatformUserDto$PlatformUserDtoBuilder.class], URL [jar:file:/Users/wulonghui/.m2/repository/com/youzan/account-api/1.1.16-RELEASE/account-api-1.1.16-RELEASE.jar!/com/youzan/account/api/dto/PlatformUserDto.class], URL [jar:file:/Users/wulonghui/.m2/repository/com/youzan/account-api/1.1.16-RELEASE/account-api-1.1.16-RELEASE.jar!/com/youzan/account/api/dto/PlatformUserInfoDto$PlatformUserInfoDtoBuilder.class], URL [jar:file:/Users/wulonghui/.m2/repository/com/youzan/account-api/1.1.16-RELEASE/account-api-1.1.16-RELEASE.jar!/com/youzan/account/api/dto/PlatformUserInfoDto.class], URL [jar:file:/Users/wulonghui/.m2/repository/com/youzan/account-api/1.1.16-RELEASE/account-api-1.1.16-RELEASE.jar!/com/youzan/account/api/dto/ResultDto.class], URL [jar:file:/Users/wulonghui/.m2/repository/com/youzan/account-api/1.1.16-RELEASE/account-api-1.1.16-RELEASE.jar!/com/youzan/account/api/dto/UserAddressDto.class], URL [jar:file:/Users/wulonghui/.m2/repository/com/youzan/account-api/1.1.16-RELEASE/account-api-1.1.16-RELEASE.jar!/com/youzan/account/api/dto/UserContactDto$UserContactDtoBuilder.class], URL [jar:file:/Users/wulonghui/.m2/repository/com/youzan/account-api/1.1.16-RELEASE/account-api-1.1.16-RELEASE.jar!/com/youzan/account/api/dto/UserContactDto.class], URL [jar:file:/Users/wulonghui/.m2/repository/com/youzan/account-api/1.1.16-RELEASE/account-api-1.1.16-RELEASE.jar!/com/youzan/account/api/dto/UserDetailDto$UserDetailDtoBuilder.class], URL [jar:file:/Users/wulonghui/.m2/repository/com/youzan/account-api/1.1.16-RELEASE/account-api-1.1.16-RELEASE.jar!/com/youzan/account/api/dto/UserDetailDto.class], URL [jar:file:/Users/wulonghui/.m2/repository/com/youzan/account-api/1.1.16-RELEASE/account-api-1.1.16-RELEASE.jar!/com/youzan/account/api/dto/UserFansBindDto$UserFansBindDtoBuilder.class], URL [jar:file:/Users/wulonghui/.m2/repository/com/youzan/account-api/1.1.16-RELEASE/account-api-1.1.16-RELEASE.jar!/com/youzan/account/api/dto/UserFansBindDto.class], URL [jar:file:/Users/wulonghui/.m2/repository/com/youzan/account-api/1.1.16-RELEASE/account-api-1.1.16-RELEASE.jar!/com/youzan/account/api/dto/UserInfoDto$UserInfoDtoBuilder.class], URL [jar:file:/Users/wulonghui/.m2/repository/com/youzan/account-api/1.1.16-RELEASE/account-api-1.1.16-RELEASE.jar!/com/youzan/account/api/dto/UserInfoDto.class], URL [jar:file:/Users/wulonghui/.m2/repository/com/youzan/account-api/1.1.16-RELEASE/account-api-1.1.16-RELEASE.jar!/com/youzan/account/api/dto/UserLoginDto$UserLoginDtoBuilder.class], URL [jar:file:/Users/wulonghui/.m2/repository/com/youzan/account-api/1.1.16-RELEASE/account-api-1.1.16-RELEASE.jar!/com/youzan/account/api/dto/UserLoginDto.class], URL [jar:file:/Users/wulonghui/.m2/repository/com/youzan/account-api/1.1.16-RELEASE/account-api-1.1.16-RELEASE.jar!/com/youzan/account/api/dto/UserPasswordDto$UserPasswordDtoBuilder.class], URL [jar:file:/Users/wulonghui/.m2/repository/com/youzan/account-api/1.1.16-RELEASE/account-api-1.1.16-RELEASE.jar!/com/youzan/account/api/dto/UserPasswordDto.class], URL [jar:file:/Users/wulonghui/.m2/repository/com/youzan/account-api/1.1.16-RELEASE/account-api-1.1.16-RELEASE.jar!/com/youzan/account/api/dto/UserSimpleDto$UserSimpleDtoBuilder.class], URL [jar:file:/Users/wulonghui/.m2/repository/com/youzan/account-api/1.1.16-RELEASE/account-api-1.1.16-RELEASE.jar!/com/youzan/account/api/dto/UserSimpleDto.class], URL [jar:file:/Users/wulonghui/.m2/repository/com/youzan/account-api/1.1.16-RELEASE/account-api-1.1.16-RELEASE.jar!/com/youzan/account/api/dto/UserTagDictionaryDto.class], URL [jar:file:/Users/wulonghui/.m2/repository/com/youzan/account-api/1.1.16-RELEASE/account-api-1.1.16-RELEASE.jar!/com/youzan/account/api/dto/UserTagDto.class], URL [jar:file:/Users/wulonghui/.m2/repository/com/youzan/account-api/1.1.16-RELEASE/account-api-1.1.16-RELEASE.jar!/com/youzan/account/api/dto/UserTagValueDto.class], URL [jar:file:/Users/wulonghui/.m2/repository/com/youzan/account-api/1.1.16-RELEASE/account-api-1.1.16-RELEASE.jar!/com/youzan/account/api/fans/dto/FansDto$FansDtoBuilder.class], URL [jar:file:/Users/wulonghui/.m2/repository/com/youzan/account-api/1.1.16-RELEASE/account-api-1.1.16-RELEASE.jar!/com/youzan/account/api/fans/dto/FansDto.class], URL [jar:file:/Users/wulonghui/.m2/repository/com/youzan/account-api/1.1.16-RELEASE/account-api-1.1.16-RELEASE.jar!/com/youzan/account/api/fans/dto/KdtUaDto$KdtUaDtoBuilder.class], URL [jar:file:/Users/wulonghui/.m2/repository/com/youzan/account-api/1.1.16-RELEASE/account-api-1.1.16-RELEASE.jar!/com/youzan/account/api/fans/dto/KdtUaDto.class], URL [jar:file:/Users/wulonghui/.m2/repository/com/youzan/account-api/1.1.16-RELEASE/account-api-1.1.16-RELEASE.jar!/com/youzan/account/api/fans/dto/KdtUserFansDto$KdtUserFansDtoBuilder.class], URL [jar:file:/Users/wulonghui/.m2/repository/com/youzan/account-api/1.1.16-RELEASE/account-api-1.1.16-RELEASE.jar!/com/youzan/account/api/fans/dto/KdtUserFansDto.class], URL [jar:file:/Users/wulonghui/.m2/repository/com/youzan/account-api/1.1.16-RELEASE/account-api-1.1.16-RELEASE.jar!/com/youzan/account/api/fans/KdtUaService.class], URL [jar:file:/Users/wulonghui/.m2/repository/com/youzan/account-api/1.1.16-RELEASE/account-api-1.1.16-RELEASE.jar!/com/youzan/account/api/fans/KdtUserFansService.class], URL [jar:file:/Users/wulonghui/.m2/repository/com/youzan/account-api/1.1.16-RELEASE/account-api-1.1.16-RELEASE.jar!/com/youzan/account/api/PlatformUserReadService.class], URL [jar:file:/Users/wulonghui/.m2/repository/com/youzan/account-api/1.1.16-RELEASE/account-api-1.1.16-RELEASE.jar!/com/youzan/account/api/PlatformUserService.class], URL [jar:file:/Users/wulonghui/.m2/repository/com/youzan/account-api/1.1.16-RELEASE/account-api-1.1.16-RELEASE.jar!/com/youzan/account/api/PlatformUserWriteService.class], URL [jar:file:/Users/wulonghui/.m2/repository/com/youzan/account-api/1.1.16-RELEASE/account-api-1.1.16-RELEASE.jar!/com/youzan/account/api/query/base/BaseQuery.class], URL [jar:file:/Users/wulonghui/.m2/repository/com/youzan/account-api/1.1.16-RELEASE/account-api-1.1.16-RELEASE.jar!/com/youzan/account/api/query/KdtUserFansQuery$KdtUserFansQueryBuilder.class], URL [jar:file:/Users/wulonghui/.m2/repository/com/youzan/account-api/1.1.16-RELEASE/account-api-1.1.16-RELEASE.jar!/com/youzan/account/api/query/KdtUserFansQuery.class], URL [jar:file:/Users/wulonghui/.m2/repository/com/youzan/account-api/1.1.16-RELEASE/account-api-1.1.16-RELEASE.jar!/com/youzan/account/api/query/UserConditionQuery.class], URL [jar:file:/Users/wulonghui/.m2/repository/com/youzan/account-api/1.1.16-RELEASE/account-api-1.1.16-RELEASE.jar!/com/youzan/account/api/query/UserInfoQuery$UserInfoQueryBuilder.class], URL [jar:file:/Users/wulonghui/.m2/repository/com/youzan/account-api/1.1.16-RELEASE/account-api-1.1.16-RELEASE.jar!/com/youzan/account/api/query/UserInfoQuery.class], URL [jar:file:/Users/wulonghui/.m2/repository/com/youzan/account-api/1.1.16-RELEASE/account-api-1.1.16-RELEASE.jar!/com/youzan/account/api/request/CountryCodeQueryRequest.class], URL [jar:file:/Users/wulonghui/.m2/repository/com/youzan/account-api/1.1.16-RELEASE/account-api-1.1.16-RELEASE.jar!/com/youzan/account/api/UserAddressReadService.class], URL [jar:file:/Users/wulonghui/.m2/repository/com/youzan/account-api/1.1.16-RELEASE/account-api-1.1.16-RELEASE.jar!/com/youzan/account/api/UserAddressWriteService.class], URL [jar:file:/Users/wulonghui/.m2/repository/com/youzan/account-api/1.1.16-RELEASE/account-api-1.1.16-RELEASE.jar!/com/youzan/account/api/UserContactService.class], URL [jar:file:/Users/wulonghui/.m2/repository/com/youzan/account-api/1.1.16-RELEASE/account-api-1.1.16-RELEASE.jar!/com/youzan/account/api/UserMerchantService.class], URL [jar:file:/Users/wulonghui/.m2/repository/com/youzan/account-api/1.1.16-RELEASE/account-api-1.1.16-RELEASE.jar!/com/youzan/account/api/UserReadService.class], URL [jar:file:/Users/wulonghui/.m2/repository/com/youzan/account-api/1.1.16-RELEASE/account-api-1.1.16-RELEASE.jar!/com/youzan/account/api/UserTagDicWriteService.class], URL [jar:file:/Users/wulonghui/.m2/repository/com/youzan/account-api/1.1.16-RELEASE/account-api-1.1.16-RELEASE.jar!/com/youzan/account/api/UserTagReadService.class], URL [jar:file:/Users/wulonghui/.m2/repository/com/youzan/account-api/1.1.16-RELEASE/account-api-1.1.16-RELEASE.jar!/com/youzan/account/api/UserTagWriteService.class], URL [jar:file:/Users/wulonghui/.m2/repository/com/youzan/account-api/1.1.16-RELEASE/account-api-1.1.16-RELEASE.jar!/com/youzan/account/api/UserWriteService.class], URL [jar:file:/Users/wulonghui/.m2/repository/com/youzan/account-api/1.1.16-RELEASE/account-api-1.1.16-RELEASE.jar!/com/youzan/account/domain/Admin$AdminBuilder.class], URL [jar:file:/Users/wulonghui/.m2/repository/com/youzan/account-api/1.1.16-RELEASE/account-api-1.1.16-RELEASE.jar!/com/youzan/account/domain/Admin.class], URL [jar:file:/Users/wulonghui/.m2/repository/com/youzan/account-api/1.1.16-RELEASE/account-api-1.1.16-RELEASE.jar!/com/youzan/account/domain/AdminSimple$AdminSimpleBuilder.class], URL [jar:file:/Users/wulonghui/.m2/repository/com/youzan/account-api/1.1.16-RELEASE/account-api-1.1.16-RELEASE.jar!/com/youzan/account/domain/AdminSimple.class], URL [jar:file:/Users/wulonghui/.m2/repository/com/youzan/account-api/1.1.16-RELEASE/account-api-1.1.16-RELEASE.jar!/com/youzan/uic/api/common/fans/FansQueryService.class], URL [jar:file:/Users/wulonghui/.m2/repository/com/youzan/account-api/1.1.16-RELEASE/account-api-1.1.16-RELEASE.jar!/com/youzan/uic/api/dto/FansInfoDto$FansInfoDtoBuilder.class], URL [jar:file:/Users/wulonghui/.m2/repository/com/youzan/account-api/1.1.16-RELEASE/account-api-1.1.16-RELEASE.jar!/com/youzan/uic/api/dto/FansInfoDto.class], URL [jar:file:/Users/wulonghui/.m2/repository/com/youzan/account-api/1.1.16-RELEASE/account-api-1.1.16-RELEASE.jar!/com/youzan/uic/api/exception/CommonExceptionEnum.class], URL [jar:file:/Users/wulonghui/.m2/repository/com/youzan/account-api/1.1.16-RELEASE/account-api-1.1.16-RELEASE.jar!/com/youzan/uic/api/exception/KdtUserFansExceptionEnum.class], URL [jar:file:/Users/wulonghui/.m2/repository/com/youzan/account-api/1.1.16-RELEASE/account-api-1.1.16-RELEASE.jar!/com/youzan/uic/api/exception/UserAddressExceptionEnum.class], URL [jar:file:/Users/wulonghui/.m2/repository/com/youzan/account-api/1.1.16-RELEASE/account-api-1.1.16-RELEASE.jar!/com/youzan/uic/api/exception/UserExceptionEnum.class], URL [jar:file:/Users/wulonghui/.m2/repository/com/youzan/account-api/1.1.16-RELEASE/account-api-1.1.16-RELEASE.jar!/com/youzan/uic/api/exception/UserSafeCheckExceptionEnum.class], URL [jar:file:/Users/wulonghui/.m2/repository/com/youzan/account-api/1.1.16-RELEASE/account-api-1.1.16-RELEASE.jar!/com/youzan/uic/api/exception/UserSecurityExceptionEnum.class], URL [jar:file:/Users/wulonghui/.m2/repository/com/youzan/account-api/1.1.16-RELEASE/account-api-1.1.16-RELEASE.jar!/com/youzan/uic/api/exception/UserTagExceptionEnum.class], URL [jar:file:/Users/wulonghui/.m2/repository/com/youzan/account-api/1.1.16-RELEASE/account-api-1.1.16-RELEASE.jar!/com/youzan/uic/api/request/common/fans/FansQueryByFans$FansQueryByFansBuilder.class], URL [jar:file:/Users/wulonghui/.m2/repository/com/youzan/account-api/1.1.16-RELEASE/account-api-1.1.16-RELEASE.jar!/com/youzan/uic/api/request/common/fans/FansQueryByFans.class], URL [jar:file:/Users/wulonghui/.m2/repository/com/youzan/account-api/1.1.16-RELEASE/account-api-1.1.16-RELEASE.jar!/com/youzan/uic/api/request/common/fans/FansQueryByUser$FansQueryByUserBuilder.class], URL [jar:file:/Users/wulonghui/.m2/repository/com/youzan/account-api/1.1.16-RELEASE/account-api-1.1.16-RELEASE.jar!/com/youzan/uic/api/request/common/fans/FansQueryByUser.class], URL [jar:file:/Users/wulonghui/.m2/repository/com/youzan/account-api/1.1.16-RELEASE/account-api-1.1.16-RELEASE.jar!/com/youzan/uic/api/request/common/fans/FansQueryInfo$FansQueryInfoBuilder.class], URL [jar:file:/Users/wulonghui/.m2/repository/com/youzan/account-api/1.1.16-RELEASE/account-api-1.1.16-RELEASE.jar!/com/youzan/uic/api/request/common/fans/FansQueryInfo.class], URL [jar:file:/Users/wulonghui/.m2/repository/com/youzan/account-api/1.1.16-RELEASE/account-api-1.1.16-RELEASE.jar!/com/youzan/uic/api/request/common/FansPlatformType.class], URL [jar:file:/Users/wulonghui/.m2/repository/com/youzan/account-api/1.1.16-RELEASE/account-api-1.1.16-RELEASE.jar!/com/youzan/uic/api/request/QueryUserRequest$QueryUserRequestBuilder.class], URL [jar:file:/Users/wulonghui/.m2/repository/com/youzan/account-api/1.1.16-RELEASE/account-api-1.1.16-RELEASE.jar!/com/youzan/uic/api/request/QueryUserRequest.class], URL [jar:file:/Users/wulonghui/.m2/repository/com/youzan/account-api/1.1.16-RELEASE/account-api-1.1.16-RELEASE.jar!/com/youzan/uic/api/request/security/UserSecurityInfo$UserSecurityInfoBuilder.class], URL [jar:file:/Users/wulonghui/.m2/repository/com/youzan/account-api/1.1.16-RELEASE/account-api-1.1.16-RELEASE.jar!/com/youzan/uic/api/request/security/UserSecurityInfo.class], URL [jar:file:/Users/wulonghui/.m2/repository/com/youzan/account-api/1.1.16-RELEASE/account-api-1.1.16-RELEASE.jar!/com/youzan/uic/api/security/UserSecurityService.class], URL [jar:file:/Users/wulonghui/.m2/repository/com/youzan/account-api/1.1.16-RELEASE/account-api-1.1.16-RELEASE.jar!/com/youzan/uic/api/UserService.class], URL [jar:file:/Users/wulonghui/.m2/repository/com/youzan/common-model/1.0.1-SNAPSHOT/common-model-1.0.1-SNAPSHOT.jar!/com/youzan/api/common/enums/IErrorCode.class], URL [jar:file:/Users/wulonghui/.m2/repository/com/youzan/common-model/1.0.1-SNAPSHOT/common-model-1.0.1-SNAPSHOT.jar!/com/youzan/api/common/request/BaseRequest.class], URL [jar:file:/Users/wulonghui/.m2/repository/com/youzan/common-model/1.0.1-SNAPSHOT/common-model-1.0.1-SNAPSHOT.jar!/com/youzan/api/common/response/BaseResult.class], URL [jar:file:/Users/wulonghui/.m2/repository/com/youzan/common-model/1.0.1-SNAPSHOT/common-model-1.0.1-SNAPSHOT.jar!/com/youzan/api/common/response/CommonResultCode.class], URL [jar:file:/Users/wulonghui/.m2/repository/com/youzan/common-model/1.0.1-SNAPSHOT/common-model-1.0.1-SNAPSHOT.jar!/com/youzan/api/common/response/DataResult.class], URL [jar:file:/Users/wulonghui/.m2/repository/com/youzan/common-model/1.0.1-SNAPSHOT/common-model-1.0.1-SNAPSHOT.jar!/com/youzan/api/common/response/ListResult.class], URL [jar:file:/Users/wulonghui/.m2/repository/com/youzan/common-model/1.0.1-SNAPSHOT/common-model-1.0.1-SNAPSHOT.jar!/com/youzan/api/common/response/MapResult.class], URL [jar:file:/Users/wulonghui/.m2/repository/com/youzan/common-model/1.0.1-SNAPSHOT/common-model-1.0.1-SNAPSHOT.jar!/com/youzan/api/common/response/Paginator.class], URL [jar:file:/Users/wulonghui/.m2/repository/com/youzan/common-model/1.0.1-SNAPSHOT/common-model-1.0.1-SNAPSHOT.jar!/com/youzan/api/common/response/PaginatorResult.class], URL [jar:file:/Users/wulonghui/.m2/repository/com/youzan/common-model/1.0.1-SNAPSHOT/common-model-1.0.1-SNAPSHOT.jar!/com/youzan/api/common/response/PlainResult.class], URL [jar:file:/Users/wulonghui/.m2/repository/com/youzan/common-model/1.0.1-SNAPSHOT/common-model-1.0.1-SNAPSHOT.jar!/com/youzan/api/common/response/SimpleResult.class], URL [jar:file:/Users/wulonghui/.m2/repository/com/youzan/common-model/1.0.1-SNAPSHOT/common-model-1.0.1-SNAPSHOT.jar!/com/youzan/api/common/vo/ListWithPaginatorVO.class], URL [jar:file:/Users/wulonghui/.m2/repository/com/youzan/pay/fund_channel.open-api/1.0.0-20170710-RELEASE/fund_channel.open-api-1.0.0-20170710-RELEASE.jar!/com/youzan/pay/fundchannel/open/api/BankCardService.class], URL [jar:file:/Users/wulonghui/.m2/repository/com/youzan/pay/fund_channel.open-api/1.0.0-20170710-RELEASE/fund_channel.open-api-1.0.0-20170710-RELEASE.jar!/com/youzan/pay/fundchannel/open/enums/BankErrorCode.class], URL [jar:file:/Users/wulonghui/.m2/repository/com/youzan/pay/fund_channel.open-api/1.0.0-20170710-RELEASE/fund_channel.open-api-1.0.0-20170710-RELEASE.jar!/com/youzan/pay/fundchannel/open/enums/ChannelBindStatus.class], URL [jar:file:/Users/wulonghui/.m2/repository/com/youzan/pay/fund_channel.open-api/1.0.0-20170710-RELEASE/fund_channel.open-api-1.0.0-20170710-RELEASE.jar!/com/youzan/pay/fundchannel/open/enums/IdCardType.class], URL [jar:file:/Users/wulonghui/.m2/repository/com/youzan/pay/fund_channel.open-api/1.0.0-20170710-RELEASE/fund_channel.open-api-1.0.0-20170710-RELEASE.jar!/com/youzan/pay/fundchannel/open/enums/SmsType.class], URL [jar:file:/Users/wulonghui/.m2/repository/com/youzan/pay/fund_channel.open-api/1.0.0-20170710-RELEASE/fund_channel.open-api-1.0.0-20170710-RELEASE.jar!/com/youzan/pay/fundchannel/open/model/bankcard/BankBindCheckRequest.class], URL [jar:file:/Users/wulonghui/.m2/repository/com/youzan/pay/fund_channel.open-api/1.0.0-20170710-RELEASE/fund_channel.open-api-1.0.0-20170710-RELEASE.jar!/com/youzan/pay/fundchannel/open/model/bankcard/BankBindCheckResult$Result.class], URL [jar:file:/Users/wulonghui/.m2/repository/com/youzan/pay/fund_channel.open-api/1.0.0-20170710-RELEASE/fund_channel.open-api-1.0.0-20170710-RELEASE.jar!/com/youzan/pay/fundchannel/open/model/bankcard/BankBindCheckResult.class], URL [jar:file:/Users/wulonghui/.m2/repository/com/youzan/pay/fund_channel.open-api/1.0.0-20170710-RELEASE/fund_channel.open-api-1.0.0-20170710-RELEASE.jar!/com/youzan/pay/fundchannel/open/model/bankcard/BankCardCheckRequest.class], URL [jar:file:/Users/wulonghui/.m2/repository/com/youzan/pay/fund_channel.open-api/1.0.0-20170710-RELEASE/fund_channel.open-api-1.0.0-20170710-RELEASE.jar!/com/youzan/pay/fundchannel/open/model/bankcard/BankCardCheckResult.class], URL [jar:file:/Users/wulonghui/.m2/repository/com/youzan/pay/fund_channel.open-api/1.0.0-20170710-RELEASE/fund_channel.open-api-1.0.0-20170710-RELEASE.jar!/com/youzan/pay/fundchannel/open/model/bankcard/BankPayConfirmRequest$BankCardInfo.class], URL [jar:file:/Users/wulonghui/.m2/repository/com/youzan/pay/fund_channel.open-api/1.0.0-20170710-RELEASE/fund_channel.open-api-1.0.0-20170710-RELEASE.jar!/com/youzan/pay/fundchannel/open/model/bankcard/BankPayConfirmRequest.class], URL [jar:file:/Users/wulonghui/.m2/repository/com/youzan/pay/fund_channel.open-api/1.0.0-20170710-RELEASE/fund_channel.open-api-1.0.0-20170710-RELEASE.jar!/com/youzan/pay/fundchannel/open/model/bankcard/BankPayConfirmResult.class], URL [jar:file:/Users/wulonghui/.m2/repository/com/youzan/pay/fund_channel.open-api/1.0.0-20170710-RELEASE/fund_channel.open-api-1.0.0-20170710-RELEASE.jar!/com/youzan/pay/fundchannel/open/model/bankcard/SendSmsRequest.class], URL [jar:file:/Users/wulonghui/.m2/repository/com/youzan/pay/fund_channel.open-api/1.0.0-20170710-RELEASE/fund_channel.open-api-1.0.0-20170710-RELEASE.jar!/com/youzan/pay/fundchannel/open/model/bankcard/SendSmsResult.class], URL [jar:file:/Users/wulonghui/.m2/repository/com/youzan/pay/fund_channel.open-api/1.0.0-20170710-RELEASE/fund_channel.open-api-1.0.0-20170710-RELEASE.jar!/com/youzan/pay/fundchannel/open/model/BaseRequest.class], URL [jar:file:/Users/wulonghui/.m2/repository/com/youzan/pay/fund_channel.open-api/1.0.0-20170710-RELEASE/fund_channel.open-api-1.0.0-20170710-RELEASE.jar!/com/youzan/pay/fundchannel/open/model/BaseResponse.class], URL [jar:file:/Users/wulonghui/.m2/repository/com/youzan/pay/fund_channel.core-commons/1.0.0-20170710-RELEASE/fund_channel.core-commons-1.0.0-20170710-RELEASE.jar!/com/youzan/pay/fundchannel/commons/annotation/AttributeAlias.class], URL [jar:file:/Users/wulonghui/.m2/repository/com/youzan/pay/fund_channel.core-commons/1.0.0-20170710-RELEASE/fund_channel.core-commons-1.0.0-20170710-RELEASE.jar!/com/youzan/pay/fundchannel/commons/component/HttpTools.class], URL [jar:file:/Users/wulonghui/.m2/repository/com/youzan/pay/fund_channel.core-commons/1.0.0-20170710-RELEASE/fund_channel.core-commons-1.0.0-20170710-RELEASE.jar!/com/youzan/pay/fundchannel/commons/constant/GlobalConstants.class], URL [jar:file:/Users/wulonghui/.m2/repository/com/youzan/pay/fund_channel.core-commons/1.0.0-20170710-RELEASE/fund_channel.core-commons-1.0.0-20170710-RELEASE.jar!/com/youzan/pay/fundchannel/commons/enums/BankTypeEnum.class], URL [jar:file:/Users/wulonghui/.m2/repository/com/youzan/pay/fund_channel.core-commons/1.0.0-20170710-RELEASE/fund_channel.core-commons-1.0.0-20170710-RELEASE.jar!/com/youzan/pay/fundchannel/commons/enums/BaseModelStatus.class], URL [jar:file:/Users/wulonghui/.m2/repository/com/youzan/pay/fund_channel.core-commons/1.0.0-20170710-RELEASE/fund_channel.core-commons-1.0.0-20170710-RELEASE.jar!/com/youzan/pay/fundchannel/commons/enums/ChannelFeeType.class], URL [jar:file:/Users/wulonghui/.m2/repository/com/youzan/pay/fund_channel.core-commons/1.0.0-20170710-RELEASE/fund_channel.core-commons-1.0.0-20170710-RELEASE.jar!/com/youzan/pay/fundchannel/commons/enums/CommandType.class], URL [jar:file:/Users/wulonghui/.m2/repository/com/youzan/pay/fund_channel.core-commons/1.0.0-20170710-RELEASE/fund_channel.core-commons-1.0.0-20170710-RELEASE.jar!/com/youzan/pay/fundchannel/commons/enums/CurrencyCode.class], URL [jar:file:/Users/wulonghui/.m2/repository/com/youzan/pay/fund_channel.core-commons/1.0.0-20170710-RELEASE/fund_channel.core-commons-1.0.0-20170710-RELEASE.jar!/com/youzan/pay/fundchannel/commons/enums/ErrorCode.class], URL [jar:file:/Users/wulonghui/.m2/repository/com/youzan/pay/fund_channel.core-commons/1.0.0-20170710-RELEASE/fund_channel.core-commons-1.0.0-20170710-RELEASE.jar!/com/youzan/pay/fundchannel/commons/enums/ErrorType.class], URL [jar:file:/Users/wulonghui/.m2/repository/com/youzan/pay/fund_channel.core-commons/1.0.0-20170710-RELEASE/fund_channel.core-commons-1.0.0-20170710-RELEASE.jar!/com/youzan/pay/fundchannel/commons/enums/Institution.class], URL [jar:file:/Users/wulonghui/.m2/repository/com/youzan/pay/fund_channel.core-commons/1.0.0-20170710-RELEASE/fund_channel.core-commons-1.0.0-20170710-RELEASE.jar!/com/youzan/pay/fundchannel/commons/enums/InstructState.class], URL [jar:file:/Users/wulonghui/.m2/repository/com/youzan/pay/fund_channel.core-commons/1.0.0-20170710-RELEASE/fund_channel.core-commons-1.0.0-20170710-RELEASE.jar!/com/youzan/pay/fundchannel/commons/enums/PartnerCode.class], URL [jar:file:/Users/wulonghui/.m2/repository/com/youzan/pay/fund_channel.core-commons/1.0.0-20170710-RELEASE/fund_channel.core-commons-1.0.0-20170710-RELEASE.jar!/com/youzan/pay/fundchannel/commons/enums/PayChannel.class], URL [jar:file:/Users/wulonghui/.m2/repository/com/youzan/pay/fund_channel.core-commons/1.0.0-20170710-RELEASE/fund_channel.core-commons-1.0.0-20170710-RELEASE.jar!/com/youzan/pay/fundchannel/commons/enums/PayMode.class], URL [jar:file:/Users/wulonghui/.m2/repository/com/youzan/pay/fund_channel.core-commons/1.0.0-20170710-RELEASE/fund_channel.core-commons-1.0.0-20170710-RELEASE.jar!/com/youzan/pay/fundchannel/commons/enums/RedisKey$1.class], URL [jar:file:/Users/wulonghui/.m2/repository/com/youzan/pay/fund_channel.core-commons/1.0.0-20170710-RELEASE/fund_channel.core-commons-1.0.0-20170710-RELEASE.jar!/com/youzan/pay/fundchannel/commons/enums/RedisKey.class], URL [jar:file:/Users/wulonghui/.m2/repository/com/youzan/pay/fund_channel.core-commons/1.0.0-20170710-RELEASE/fund_channel.core-commons-1.0.0-20170710-RELEASE.jar!/com/youzan/pay/fundchannel/commons/enums/SelfPayTypeEnum.class], URL [jar:file:/Users/wulonghui/.m2/repository/com/youzan/pay/fund_channel.core-commons/1.0.0-20170710-RELEASE/fund_channel.core-commons-1.0.0-20170710-RELEASE.jar!/com/youzan/pay/fundchannel/commons/exception/BaseException.class], URL [jar:file:/Users/wulonghui/.m2/repository/com/youzan/pay/fund_channel.core-commons/1.0.0-20170710-RELEASE/fund_channel.core-commons-1.0.0-20170710-RELEASE.jar!/com/youzan/pay/fundchannel/commons/exception/ChannelException.class], URL [jar:file:/Users/wulonghui/.m2/repository/com/youzan/pay/fund_channel.core-commons/1.0.0-20170710-RELEASE/fund_channel.core-commons-1.0.0-20170710-RELEASE.jar!/com/youzan/pay/fundchannel/commons/exception/HttpException.class], URL [jar:file:/Users/wulonghui/.m2/repository/com/youzan/pay/fund_channel.core-commons/1.0.0-20170710-RELEASE/fund_channel.core-commons-1.0.0-20170710-RELEASE.jar!/com/youzan/pay/fundchannel/commons/exception/ServiceException.class], URL [jar:file:/Users/wulonghui/.m2/repository/com/youzan/pay/fund_channel.core-commons/1.0.0-20170710-RELEASE/fund_channel.core-commons-1.0.0-20170710-RELEASE.jar!/com/youzan/pay/fundchannel/commons/utils/AESUtils.class], URL [jar:file:/Users/wulonghui/.m2/repository/com/youzan/pay/fund_channel.core-commons/1.0.0-20170710-RELEASE/fund_channel.core-commons-1.0.0-20170710-RELEASE.jar!/com/youzan/pay/fundchannel/commons/utils/BeanUtils.class], URL [jar:file:/Users/wulonghui/.m2/repository/com/youzan/pay/fund_channel.core-commons/1.0.0-20170710-RELEASE/fund_channel.core-commons-1.0.0-20170710-RELEASE.jar!/com/youzan/pay/fundchannel/commons/utils/DateUtils.class], URL [jar:file:/Users/wulonghui/.m2/repository/com/youzan/pay/fund_channel.core-commons/1.0.0-20170710-RELEASE/fund_channel.core-commons-1.0.0-20170710-RELEASE.jar!/com/youzan/pay/fundchannel/commons/utils/GeneralUtils.class], URL [jar:file:/Users/wulonghui/.m2/repository/com/youzan/pay/fund_channel.core-commons/1.0.0-20170710-RELEASE/fund_channel.core-commons-1.0.0-20170710-RELEASE.jar!/com/youzan/pay/fundchannel/commons/utils/HexUtils.class], URL [jar:file:/Users/wulonghui/.m2/repository/com/youzan/pay/fund_channel.core-commons/1.0.0-20170710-RELEASE/fund_channel.core-commons-1.0.0-20170710-RELEASE.jar!/com/youzan/pay/fundchannel/commons/utils/JsonUtils.class], URL [jar:file:/Users/wulonghui/.m2/repository/com/youzan/pay/fund_channel.core-commons/1.0.0-20170710-RELEASE/fund_channel.core-commons-1.0.0-20170710-RELEASE.jar!/com/youzan/pay/fundchannel/commons/utils/MapConvert.class], URL [jar:file:/Users/wulonghui/.m2/repository/com/youzan/pay/fund_channel.core-commons/1.0.0-20170710-RELEASE/fund_channel.core-commons-1.0.0-20170710-RELEASE.jar!/com/youzan/pay/fundchannel/commons/utils/PreCheckUtils.class], URL [jar:file:/Users/wulonghui/.m2/repository/com/youzan/pay/fund_channel.core-commons/1.0.0-20170710-RELEASE/fund_channel.core-commons-1.0.0-20170710-RELEASE.jar!/com/youzan/pay/fundchannel/commons/utils/PropertyUtils.class], URL [jar:file:/Users/wulonghui/.m2/repository/com/youzan/pay/fund_channel.core-commons/1.0.0-20170710-RELEASE/fund_channel.core-commons-1.0.0-20170710-RELEASE.jar!/com/youzan/pay/fundchannel/commons/utils/ReflectUtil.class], URL [jar:file:/Users/wulonghui/.m2/repository/com/youzan/pay/fund_channel.core-commons/1.0.0-20170710-RELEASE/fund_channel.core-commons-1.0.0-20170710-RELEASE.jar!/com/youzan/pay/fundchannel/commons/utils/StringUtils.class], URL [jar:file:/Users/wulonghui/.m2/repository/com/youzan/pay/fund_channel.core-commons/1.0.0-20170710-RELEASE/fund_channel.core-commons-1.0.0-20170710-RELEASE.jar!/com/youzan/pay/fundchannel/commons/utils/XmlUtil$1.class], URL [jar:file:/Users/wulonghui/.m2/repository/com/youzan/pay/fund_channel.core-commons/1.0.0-20170710-RELEASE/fund_channel.core-commons-1.0.0-20170710-RELEASE.jar!/com/youzan/pay/fundchannel/commons/utils/XmlUtil$MapEntryConverter.class], URL [jar:file:/Users/wulonghui/.m2/repository/com/youzan/pay/fund_channel.core-commons/1.0.0-20170710-RELEASE/fund_channel.core-commons-1.0.0-20170710-RELEASE.jar!/com/youzan/pay/fundchannel/commons/utils/XmlUtil.class], URL [jar:file:/Users/wulonghui/.m2/repository/com/youzan/pay/core/0.2.9-20170710-RELEASE/core-0.2.9-20170710-RELEASE.jar!/com/youzan/pay/core/alarm/Alarm.class], URL [jar:file:/Users/wulonghui/.m2/repository/com/youzan/pay/core/0.2.9-20170710-RELEASE/core-0.2.9-20170710-RELEASE.jar!/com/youzan/pay/core/alarm/bean/AlarmBean.class], URL [jar:file:/Users/wulonghui/.m2/repository/com/youzan/pay/core/0.2.9-20170710-RELEASE/core-0.2.9-20170710-RELEASE.jar!/com/youzan/pay/core/alarm/bean/TimeRangeBean.class], URL [jar:file:/Users/wulonghui/.m2/repository/com/youzan/pay/core/0.2.9-20170710-RELEASE/core-0.2.9-20170710-RELEASE.jar!/com/youzan/pay/core/alarm/bean/WeixinAlarmBean.class], URL [jar:file:/Users/wulonghui/.m2/repository/com/youzan/pay/core/0.2.9-20170710-RELEASE/core-0.2.9-20170710-RELEASE.jar!/com/youzan/pay/core/alarm/helper/WeixinAlarmHelper.class], URL [jar:file:/Users/wulonghui/.m2/repository/com/youzan/pay/core/0.2.9-20170710-RELEASE/core-0.2.9-20170710-RELEASE.jar!/com/youzan/pay/core/alarm/WeixinAlarm.class], URL [jar:file:/Users/wulonghui/.m2/repository/com/youzan/pay/core/0.2.9-20170710-RELEASE/core-0.2.9-20170710-RELEASE.jar!/com/youzan/pay/core/annotation/AutoLogParams.class], URL [jar:file:/Users/wulonghui/.m2/repository/com/youzan/pay/core/0.2.9-20170710-RELEASE/core-0.2.9-20170710-RELEASE.jar!/com/youzan/pay/core/annotation/DataSourceToggle.class], URL [jar:file:/Users/wulonghui/.m2/repository/com/youzan/pay/core/0.2.9-20170710-RELEASE/core-0.2.9-20170710-RELEASE.jar!/com/youzan/pay/core/annotation/Retry.class], URL [jar:file:/Users/wulonghui/.m2/repository/com/youzan/pay/core/0.2.9-20170710-RELEASE/core-0.2.9-20170710-RELEASE.jar!/com/youzan/pay/core/annotation/Validator.class], URL [jar:file:/Users/wulonghui/.m2/repository/com/youzan/pay/core/0.2.9-20170710-RELEASE/core-0.2.9-20170710-RELEASE.jar!/com/youzan/pay/core/aspect/AutoLogParamsAspect.class], URL [jar:file:/Users/wulonghui/.m2/repository/com/youzan/pay/core/0.2.9-20170710-RELEASE/core-0.2.9-20170710-RELEASE.jar!/com/youzan/pay/core/aspect/RetryAspect.class], URL [jar:file:/Users/wulonghui/.m2/repository/com/youzan/pay/core/0.2.9-20170710-RELEASE/core-0.2.9-20170710-RELEASE.jar!/com/youzan/pay/core/bean/Account.class], URL [jar:file:/Users/wulonghui/.m2/repository/com/youzan/pay/core/0.2.9-20170710-RELEASE/core-0.2.9-20170710-RELEASE.jar!/com/youzan/pay/core/bean/Genericable.class], URL [jar:file:/Users/wulonghui/.m2/repository/com/youzan/pay/core/0.2.9-20170710-RELEASE/core-0.2.9-20170710-RELEASE.jar!/com/youzan/pay/core/bean/PageResult.class], URL [jar:file:/Users/wulonghui/.m2/repository/com/youzan/pay/core/0.2.9-20170710-RELEASE/core-0.2.9-20170710-RELEASE.jar!/com/youzan/pay/core/bean/Subjects.class], URL [jar:file:/Users/wulonghui/.m2/repository/com/youzan/pay/core/0.2.9-20170710-RELEASE/core-0.2.9-20170710-RELEASE.jar!/com/youzan/pay/core/bean/ValidationResult.class], URL [jar:file:/Users/wulonghui/.m2/repository/com/youzan/pay/core/0.2.9-20170710-RELEASE/core-0.2.9-20170710-RELEASE.jar!/com/youzan/pay/core/cache/redis/impl/RedisCacheManagerImpl.class], URL [jar:file:/Users/wulonghui/.m2/repository/com/youzan/pay/core/0.2.9-20170710-RELEASE/core-0.2.9-20170710-RELEASE.jar!/com/youzan/pay/core/cache/redis/RedisCacheManager.class], URL [jar:file:/Users/wulonghui/.m2/repository/com/youzan/pay/core/0.2.9-20170710-RELEASE/core-0.2.9-20170710-RELEASE.jar!/com/youzan/pay/core/common/SwitcherEnum.class], URL [jar:file:/Users/wulonghui/.m2/repository/com/youzan/pay/core/0.2.9-20170710-RELEASE/core-0.2.9-20170710-RELEASE.jar!/com/youzan/pay/core/common/TypeReference.class], URL [jar:file:/Users/wulonghui/.m2/repository/com/youzan/pay/core/0.2.9-20170710-RELEASE/core-0.2.9-20170710-RELEASE.jar!/com/youzan/pay/core/config/AccountCurrency.class], URL [jar:file:/Users/wulonghui/.m2/repository/com/youzan/pay/core/0.2.9-20170710-RELEASE/core-0.2.9-20170710-RELEASE.jar!/com/youzan/pay/core/config/AccountFrom.class], URL [jar:file:/Users/wulonghui/.m2/repository/com/youzan/pay/core/0.2.9-20170710-RELEASE/core-0.2.9-20170710-RELEASE.jar!/com/youzan/pay/core/config/AccountingElements$1.class], URL [jar:file:/Users/wulonghui/.m2/repository/com/youzan/pay/core/0.2.9-20170710-RELEASE/core-0.2.9-20170710-RELEASE.jar!/com/youzan/pay/core/config/AccountingElements.class], URL [jar:file:/Users/wulonghui/.m2/repository/com/youzan/pay/core/0.2.9-20170710-RELEASE/core-0.2.9-20170710-RELEASE.jar!/com/youzan/pay/core/config/AccountState.class], URL [jar:file:/Users/wulonghui/.m2/repository/com/youzan/pay/core/0.2.9-20170710-RELEASE/core-0.2.9-20170710-RELEASE.jar!/com/youzan/pay/core/config/AccountType.class], URL [jar:file:/Users/wulonghui/.m2/repository/com/youzan/pay/core/0.2.9-20170710-RELEASE/core-0.2.9-20170710-RELEASE.jar!/com/youzan/pay/core/config/Channel$Type.class], URL [jar:file:/Users/wulonghui/.m2/repository/com/youzan/pay/core/0.2.9-20170710-RELEASE/core-0.2.9-20170710-RELEASE.jar!/com/youzan/pay/core/config/Channel.class], URL [jar:file:/Users/wulonghui/.m2/repository/com/youzan/pay/core/0.2.9-20170710-RELEASE/core-0.2.9-20170710-RELEASE.jar!/com/youzan/pay/core/config/CharsetEnum.class], URL [jar:file:/Users/wulonghui/.m2/repository/com/youzan/pay/core/0.2.9-20170710-RELEASE/core-0.2.9-20170710-RELEASE.jar!/com/youzan/pay/core/config/Currency.class], URL [jar:file:/Users/wulonghui/.m2/repository/com/youzan/pay/core/0.2.9-20170710-RELEASE/core-0.2.9-20170710-RELEASE.jar!/com/youzan/pay/core/config/DebitCredit.class], URL [jar:file:/Users/wulonghui/.m2/repository/com/youzan/pay/core/0.2.9-20170710-RELEASE/core-0.2.9-20170710-RELEASE.jar!/com/youzan/pay/core/config/InOut.class], URL [jar:file:/Users/wulonghui/.m2/repository/com/youzan/pay/core/0.2.9-20170710-RELEASE/core-0.2.9-20170710-RELEASE.jar!/com/youzan/pay/core/config/MerchType.class], URL [jar:file:/Users/wulonghui/.m2/repository/com/youzan/pay/core/0.2.9-20170710-RELEASE/core-0.2.9-20170710-RELEASE.jar!/com/youzan/pay/core/config/MethodEnum.class], URL [jar:file:/Users/wulonghui/.m2/repository/com/youzan/pay/core/0.2.9-20170710-RELEASE/core-0.2.9-20170710-RELEASE.jar!/com/youzan/pay/core/config/PayMethod.class], URL [jar:file:/Users/wulonghui/.m2/repository/com/youzan/pay/core/0.2.9-20170710-RELEASE/core-0.2.9-20170710-RELEASE.jar!/com/youzan/pay/core/config/SubjectsCat.class], URL [jar:file:/Users/wulonghui/.m2/repository/com/youzan/pay/core/0.2.9-20170710-RELEASE/core-0.2.9-20170710-RELEASE.jar!/com/youzan/pay/core/dal/DAOFactoryBean$DAOProxy.class], URL [jar:file:/Users/wulonghui/.m2/repository/com/youzan/pay/core/0.2.9-20170710-RELEASE/core-0.2.9-20170710-RELEASE.jar!/com/youzan/pay/core/dal/DAOFactoryBean.class], URL [jar:file:/Users/wulonghui/.m2/repository/com/youzan/pay/core/0.2.9-20170710-RELEASE/core-0.2.9-20170710-RELEASE.jar!/com/youzan/pay/core/dal/DataSourceSwitcher.class], URL [jar:file:/Users/wulonghui/.m2/repository/com/youzan/pay/core/0.2.9-20170710-RELEASE/core-0.2.9-20170710-RELEASE.jar!/com/youzan/pay/core/dal/DynamicDataSource$1.class], URL [jar:file:/Users/wulonghui/.m2/repository/com/youzan/pay/core/0.2.9-20170710-RELEASE/core-0.2.9-20170710-RELEASE.jar!/com/youzan/pay/core/dal/DynamicDataSource.class], URL [jar:file:/Users/wulonghui/.m2/repository/com/youzan/pay/core/0.2.9-20170710-RELEASE/core-0.2.9-20170710-RELEASE.jar!/com/youzan/pay/core/dal/DynamicTransactionTemplate.class], URL [jar:file:/Users/wulonghui/.m2/repository/com/youzan/pay/core/0.2.9-20170710-RELEASE/core-0.2.9-20170710-RELEASE.jar!/com/youzan/pay/core/exception/BusinessException.class], URL [jar:file:/Users/wulonghui/.m2/repository/com/youzan/pay/core/0.2.9-20170710-RELEASE/core-0.2.9-20170710-RELEASE.jar!/com/youzan/pay/core/exception/NullArgumentException.class], URL [jar:file:/Users/wulonghui/.m2/repository/com/youzan/pay/core/0.2.9-20170710-RELEASE/core-0.2.9-20170710-RELEASE.jar!/com/youzan/pay/core/exception/StringOutOfLengthException.class], URL [jar:file:/Users/wulonghui/.m2/repository/com/youzan/pay/core/0.2.9-20170710-RELEASE/core-0.2.9-20170710-RELEASE.jar!/com/youzan/pay/core/exception/SubjectsException.class], URL [jar:file:/Users/wulonghui/.m2/repository/com/youzan/pay/core/0.2.9-20170710-RELEASE/core-0.2.9-20170710-RELEASE.jar!/com/youzan/pay/core/formatter/Money.class], URL [jar:file:/Users/wulonghui/.m2/repository/com/youzan/pay/core/0.2.9-20170710-RELEASE/core-0.2.9-20170710-RELEASE.jar!/com/youzan/pay/core/formatter/ObjectConvert.class], URL [jar:file:/Users/wulonghui/.m2/repository/com/youzan/pay/core/0.2.9-20170710-RELEASE/core-0.2.9-20170710-RELEASE.jar!/com/youzan/pay/core/log/YZLoggerFactory.class], URL [jar:file:/Users/wulonghui/.m2/repository/com/youzan/pay/core/0.2.9-20170710-RELEASE/core-0.2.9-20170710-RELEASE.jar!/com/youzan/pay/core/nsq/Filter.class], URL [jar:file:/Users/wulonghui/.m2/repository/com/youzan/pay/core/0.2.9-20170710-RELEASE/core-0.2.9-20170710-RELEASE.jar!/com/youzan/pay/core/nsq/NsqConsumer.class], URL [jar:file:/Users/wulonghui/.m2/repository/com/youzan/pay/core/0.2.9-20170710-RELEASE/core-0.2.9-20170710-RELEASE.jar!/com/youzan/pay/core/task/Action.class], URL [jar:file:/Users/wulonghui/.m2/repository/com/youzan/pay/core/0.2.9-20170710-RELEASE/core-0.2.9-20170710-RELEASE.jar!/com/youzan/pay/core/task/Executer.class], URL [jar:file:/Users/wulonghui/.m2/repository/com/youzan/pay/core/0.2.9-20170710-RELEASE/core-0.2.9-20170710-RELEASE.jar!/com/youzan/pay/core/task/impl/nsq/action/AbstractAction.class], URL [jar:file:/Users/wulonghui/.m2/repository/com/youzan/pay/core/0.2.9-20170710-RELEASE/core-0.2.9-20170710-RELEASE.jar!/com/youzan/pay/core/task/impl/nsq/action/ExecuteAction.class], URL [jar:file:/Users/wulonghui/.m2/repository/com/youzan/pay/core/0.2.9-20170710-RELEASE/core-0.2.9-20170710-RELEASE.jar!/com/youzan/pay/core/task/impl/nsq/action/LoadAction.class], URL [jar:file:/Users/wulonghui/.m2/repository/com/youzan/pay/core/0.2.9-20170710-RELEASE/core-0.2.9-20170710-RELEASE.jar!/com/youzan/pay/core/task/impl/nsq/action/SplitAction.class], URL [jar:file:/Users/wulonghui/.m2/repository/com/youzan/pay/core/0.2.9-20170710-RELEASE/core-0.2.9-20170710-RELEASE.jar!/com/youzan/pay/core/task/impl/nsq/NsqSingleEnvFilter.class], URL [jar:file:/Users/wulonghui/.m2/repository/com/youzan/pay/core/0.2.9-20170710-RELEASE/core-0.2.9-20170710-RELEASE.jar!/com/youzan/pay/core/task/impl/nsq/NsqTaskDispatcher.class], URL [jar:file:/Users/wulonghui/.m2/repository/com/youzan/pay/core/0.2.9-20170710-RELEASE/core-0.2.9-20170710-RELEASE.jar!/com/youzan/pay/core/task/impl/nsq/NsqTaskManager$1.class], URL [jar:file:/Users/wulonghui/.m2/repository/com/youzan/pay/core/0.2.9-20170710-RELEASE/core-0.2.9-20170710-RELEASE.jar!/com/youzan/pay/core/task/impl/nsq/NsqTaskManager$ActionTask.class], URL [jar:file:/Users/wulonghui/.m2/repository/com/youzan/pay/core/0.2.9-20170710-RELEASE/core-0.2.9-20170710-RELEASE.jar!/com/youzan/pay/core/task/impl/nsq/NsqTaskManager.class], URL [jar:file:/Users/wulonghui/.m2/repository/com/youzan/pay/core/0.2.9-20170710-RELEASE/core-0.2.9-20170710-RELEASE.jar!/com/youzan/pay/core/task/Loader.class], URL [jar:file:/Users/wulonghui/.m2/repository/com/youzan/pay/core/0.2.9-20170710-RELEASE/core-0.2.9-20170710-RELEASE.jar!/com/youzan/pay/core/task/model/TaskActionEnum.class], URL [jar:file:/Users/wulonghui/.m2/repository/com/youzan/pay/core/0.2.9-20170710-RELEASE/core-0.2.9-20170710-RELEASE.jar!/com/youzan/pay/core/task/model/TaskConfig.class], URL [jar:file:/Users/wulonghui/.m2/repository/com/youzan/pay/core/0.2.9-20170710-RELEASE/core-0.2.9-20170710-RELEASE.jar!/com/youzan/pay/core/task/model/TaskNsqConfig.class], URL [jar:file:/Users/wulonghui/.m2/repository/com/youzan/pay/core/0.2.9-20170710-RELEASE/core-0.2.9-20170710-RELEASE.jar!/com/youzan/pay/core/task/model/TaskNsqEntity.class], URL [jar:file:/Users/wulonghui/.m2/repository/com/youzan/pay/core/0.2.9-20170710-RELEASE/core-0.2.9-20170710-RELEASE.jar!/com/youzan/pay/core/task/model/TaskStatusEnum.class], URL [jar:file:/Users/wulonghui/.m2/repository/com/youzan/pay/core/0.2.9-20170710-RELEASE/core-0.2.9-20170710-RELEASE.jar!/com/youzan/pay/core/task/Monitor.class], URL [jar:file:/Users/wulonghui/.m2/repository/com/youzan/pay/core/0.2.9-20170710-RELEASE/core-0.2.9-20170710-RELEASE.jar!/com/youzan/pay/core/task/Splitor.class], URL [jar:file:/Users/wulonghui/.m2/repository/com/youzan/pay/core/0.2.9-20170710-RELEASE/core-0.2.9-20170710-RELEASE.jar!/com/youzan/pay/core/task/spring/TaskConfigDefinitionParser.class], URL [jar:file:/Users/wulonghui/.m2/repository/com/youzan/pay/core/0.2.9-20170710-RELEASE/core-0.2.9-20170710-RELEASE.jar!/com/youzan/pay/core/task/spring/TaskManagerDefinitionParser.class], URL [jar:file:/Users/wulonghui/.m2/repository/com/youzan/pay/core/0.2.9-20170710-RELEASE/core-0.2.9-20170710-RELEASE.jar!/com/youzan/pay/core/task/spring/TaskNamespaceHandler.class], URL [jar:file:/Users/wulonghui/.m2/repository/com/youzan/pay/core/0.2.9-20170710-RELEASE/core-0.2.9-20170710-RELEASE.jar!/com/youzan/pay/core/task/TaskManager.class], URL [jar:file:/Users/wulonghui/.m2/repository/com/youzan/pay/core/0.2.9-20170710-RELEASE/core-0.2.9-20170710-RELEASE.jar!/com/youzan/pay/core/utils/AcctUtils.class], URL [jar:file:/Users/wulonghui/.m2/repository/com/youzan/pay/core/0.2.9-20170710-RELEASE/core-0.2.9-20170710-RELEASE.jar!/com/youzan/pay/core/utils/AlarmUtils.class], URL [jar:file:/Users/wulonghui/.m2/repository/com/youzan/pay/core/0.2.9-20170710-RELEASE/core-0.2.9-20170710-RELEASE.jar!/com/youzan/pay/core/utils/CommonUtils.class], URL [jar:file:/Users/wulonghui/.m2/repository/com/youzan/pay/core/0.2.9-20170710-RELEASE/core-0.2.9-20170710-RELEASE.jar!/com/youzan/pay/core/utils/DateUtils.class], URL [jar:file:/Users/wulonghui/.m2/repository/com/youzan/pay/core/0.2.9-20170710-RELEASE/core-0.2.9-20170710-RELEASE.jar!/com/youzan/pay/core/utils/HttpOutUtils.class], URL [jar:file:/Users/wulonghui/.m2/repository/com/youzan/pay/core/0.2.9-20170710-RELEASE/core-0.2.9-20170710-RELEASE.jar!/com/youzan/pay/core/utils/HttpUtils.class], URL [jar:file:/Users/wulonghui/.m2/repository/com/youzan/pay/core/0.2.9-20170710-RELEASE/core-0.2.9-20170710-RELEASE.jar!/com/youzan/pay/core/utils/KeyUtils.class], URL [jar:file:/Users/wulonghui/.m2/repository/com/youzan/pay/core/0.2.9-20170710-RELEASE/core-0.2.9-20170710-RELEASE.jar!/com/youzan/pay/core/utils/LogUtils$LogArgEntity.class], URL [jar:file:/Users/wulonghui/.m2/repository/com/youzan/pay/core/0.2.9-20170710-RELEASE/core-0.2.9-20170710-RELEASE.jar!/com/youzan/pay/core/utils/LogUtils.class], URL [jar:file:/Users/wulonghui/.m2/repository/com/youzan/pay/core/0.2.9-20170710-RELEASE/core-0.2.9-20170710-RELEASE.jar!/com/youzan/pay/core/utils/MailUtils.class], URL [jar:file:/Users/wulonghui/.m2/repository/com/youzan/pay/core/0.2.9-20170710-RELEASE/core-0.2.9-20170710-RELEASE.jar!/com/youzan/pay/core/utils/MoneyUtils.class], URL [jar:file:/Users/wulonghui/.m2/repository/com/youzan/pay/core/0.2.9-20170710-RELEASE/core-0.2.9-20170710-RELEASE.jar!/com/youzan/pay/core/utils/MsgFmtUtils.class], URL [jar:file:/Users/wulonghui/.m2/repository/com/youzan/pay/core/0.2.9-20170710-RELEASE/core-0.2.9-20170710-RELEASE.jar!/com/youzan/pay/core/utils/Reflections.class], URL [jar:file:/Users/wulonghui/.m2/repository/com/youzan/pay/core/0.2.9-20170710-RELEASE/core-0.2.9-20170710-RELEASE.jar!/com/youzan/pay/core/utils/Signature$CharCaseType.class], URL [jar:file:/Users/wulonghui/.m2/repository/com/youzan/pay/core/0.2.9-20170710-RELEASE/core-0.2.9-20170710-RELEASE.jar!/com/youzan/pay/core/utils/Signature.class], URL [jar:file:/Users/wulonghui/.m2/repository/com/youzan/pay/core/0.2.9-20170710-RELEASE/core-0.2.9-20170710-RELEASE.jar!/com/youzan/pay/core/utils/SubjectsNoUtils.class], URL [jar:file:/Users/wulonghui/.m2/repository/com/youzan/pay/core/0.2.9-20170710-RELEASE/core-0.2.9-20170710-RELEASE.jar!/com/youzan/pay/core/utils/TracerContextUtils.class], URL [jar:file:/Users/wulonghui/.m2/repository/com/youzan/pay/core/0.2.9-20170710-RELEASE/core-0.2.9-20170710-RELEASE.jar!/com/youzan/pay/core/utils/UnicodeUtils.class], URL [jar:file:/Users/wulonghui/.m2/repository/com/youzan/pay/core/0.2.9-20170710-RELEASE/core-0.2.9-20170710-RELEASE.jar!/com/youzan/pay/core/utils/ValidateUtils.class], URL [jar:file:/Users/wulonghui/.m2/repository/com/youzan/pay/core/0.2.9-20170710-RELEASE/core-0.2.9-20170710-RELEASE.jar!/com/youzan/pay/core/utils/ValidationUtils.class], URL [jar:file:/Users/wulonghui/.m2/repository/com/youzan/pay/core/mq-nsq/1.0.2-20170515-RELEASE/mq-nsq-1.0.2-20170515-RELEASE.jar!/com/youzan/pay/core/exception/NsqRequeueException.class], URL [jar:file:/Users/wulonghui/.m2/repository/com/youzan/pay/core/mq-nsq/1.0.2-20170515-RELEASE/mq-nsq-1.0.2-20170515-RELEASE.jar!/com/youzan/pay/core/nsq/exception/NsqRequeueException.class], URL [jar:file:/Users/wulonghui/.m2/repository/com/youzan/pay/core/mq-nsq/1.0.2-20170515-RELEASE/mq-nsq-1.0.2-20170515-RELEASE.jar!/com/youzan/pay/core/nsq/Filter.class], URL [jar:file:/Users/wulonghui/.m2/repository/com/youzan/pay/core/mq-nsq/1.0.2-20170515-RELEASE/mq-nsq-1.0.2-20170515-RELEASE.jar!/com/youzan/pay/core/nsq/Listener.class], URL [jar:file:/Users/wulonghui/.m2/repository/com/youzan/pay/core/mq-nsq/1.0.2-20170515-RELEASE/mq-nsq-1.0.2-20170515-RELEASE.jar!/com/youzan/pay/core/nsq/NsqConfig.class], URL [jar:file:/Users/wulonghui/.m2/repository/com/youzan/pay/core/mq-nsq/1.0.2-20170515-RELEASE/mq-nsq-1.0.2-20170515-RELEASE.jar!/com/youzan/pay/core/nsq/NsqConsumer.class], URL [jar:file:/Users/wulonghui/.m2/repository/com/youzan/pay/core/mq-nsq/1.0.2-20170515-RELEASE/mq-nsq-1.0.2-20170515-RELEASE.jar!/com/youzan/pay/core/nsq/NsqProducer.class], URL [jar:file:/Users/wulonghui/.m2/repository/com/youzan/pay/core/mq-nsq/1.0.2-20170515-RELEASE/mq-nsq-1.0.2-20170515-RELEASE.jar!/com/youzan/pay/core/nsq/NsqRetryHandler.class], URL [jar:file:/Users/wulonghui/.m2/repository/com/youzan/pay/core/mq-nsq/1.0.2-20170515-RELEASE/mq-nsq-1.0.2-20170515-RELEASE.jar!/com/youzan/pay/core/nsq/spring/NsqConsumerDefinitionParser.class], URL [jar:file:/Users/wulonghui/.m2/repository/com/youzan/pay/core/mq-nsq/1.0.2-20170515-RELEASE/mq-nsq-1.0.2-20170515-RELEASE.jar!/com/youzan/pay/core/nsq/spring/NsqNamespaceHandler.class], URL [jar:file:/Users/wulonghui/.m2/repository/com/youzan/pay/core/mq-nsq/1.0.2-20170515-RELEASE/mq-nsq-1.0.2-20170515-RELEASE.jar!/com/youzan/pay/core/nsq/spring/NsqProducerDefinitionParser.class], URL [jar:file:/Users/wulonghui/.m2/repository/com/youzan/pay/core/mq-nsq/1.0.2-20170515-RELEASE/mq-nsq-1.0.2-20170515-RELEASE.jar!/com/youzan/pay/core/nsq/support/CirculateRetryPolicy.class], URL [jar:file:/Users/wulonghui/.m2/repository/com/youzan/pay/core/mq-nsq/1.0.2-20170515-RELEASE/mq-nsq-1.0.2-20170515-RELEASE.jar!/com/youzan/pay/core/nsq/support/MaxRetryDiscardPolicy.class], URL [jar:file:/Users/wulonghui/.m2/repository/com/youzan/NSQ-Client/2.3.20170406-RELEASE/NSQ-Client-2.3.20170406-RELEASE.jar!/com/youzan/nsq/client/configs/AbstractConfigAccessDomain.class], URL [jar:file:/Users/wulonghui/.m2/repository/com/youzan/NSQ-Client/2.3.20170406-RELEASE/NSQ-Client-2.3.20170406-RELEASE.jar!/com/youzan/nsq/client/configs/AbstractConfigAccessKey.class], URL [jar:file:/Users/wulonghui/.m2/repository/com/youzan/NSQ-Client/2.3.20170406-RELEASE/NSQ-Client-2.3.20170406-RELEASE.jar!/com/youzan/nsq/client/configs/ConfigAccessAgent$IConfigAccessCallback.class], URL [jar:file:/Users/wulonghui/.m2/repository/com/youzan/NSQ-Client/2.3.20170406-RELEASE/NSQ-Client-2.3.20170406-RELEASE.jar!/com/youzan/nsq/client/configs/ConfigAccessAgent.class], URL [jar:file:/Users/wulonghui/.m2/repository/com/youzan/NSQ-Client/2.3.20170406-RELEASE/NSQ-Client-2.3.20170406-RELEASE.jar!/com/youzan/nsq/client/configs/DCCConfigAccessAgent$1.class], URL [jar:file:/Users/wulonghui/.m2/repository/com/youzan/NSQ-Client/2.3.20170406-RELEASE/NSQ-Client-2.3.20170406-RELEASE.jar!/com/youzan/nsq/client/configs/DCCConfigAccessAgent.class], URL [jar:file:/Users/wulonghui/.m2/repository/com/youzan/NSQ-Client/2.3.20170406-RELEASE/NSQ-Client-2.3.20170406-RELEASE.jar!/com/youzan/nsq/client/configs/DCCMigrationConfigAccessDomain.class], URL [jar:file:/Users/wulonghui/.m2/repository/com/youzan/NSQ-Client/2.3.20170406-RELEASE/NSQ-Client-2.3.20170406-RELEASE.jar!/com/youzan/nsq/client/configs/DCCMigrationConfigAccessKey.class], URL [jar:file:/Users/wulonghui/.m2/repository/com/youzan/NSQ-Client/2.3.20170406-RELEASE/NSQ-Client-2.3.20170406-RELEASE.jar!/com/youzan/nsq/client/configs/DCCMigrationControlConfig.class], URL [jar:file:/Users/wulonghui/.m2/repository/com/youzan/NSQ-Client/2.3.20170406-RELEASE/NSQ-Client-2.3.20170406-RELEASE.jar!/com/youzan/nsq/client/configs/DCCSeedLookupdConfig.class], URL [jar:file:/Users/wulonghui/.m2/repository/com/youzan/NSQ-Client/2.3.20170406-RELEASE/NSQ-Client-2.3.20170406-RELEASE.jar!/com/youzan/nsq/client/configs/DCCTraceConfigAccessDomain.class], URL [jar:file:/Users/wulonghui/.m2/repository/com/youzan/NSQ-Client/2.3.20170406-RELEASE/NSQ-Client-2.3.20170406-RELEASE.jar!/com/youzan/nsq/client/configs/DCCTraceConfigAccessKey.class], URL [jar:file:/Users/wulonghui/.m2/repository/com/youzan/NSQ-Client/2.3.20170406-RELEASE/NSQ-Client-2.3.20170406-RELEASE.jar!/com/youzan/nsq/client/configs/DoNothingConfigAccessAgent.class], URL [jar:file:/Users/wulonghui/.m2/repository/com/youzan/NSQ-Client/2.3.20170406-RELEASE/NSQ-Client-2.3.20170406-RELEASE.jar!/com/youzan/nsq/client/configs/ITopicRuleCategory.class], URL [jar:file:/Users/wulonghui/.m2/repository/com/youzan/NSQ-Client/2.3.20170406-RELEASE/NSQ-Client-2.3.20170406-RELEASE.jar!/com/youzan/nsq/client/configs/TopicRuleCategory$1.class], URL [jar:file:/Users/wulonghui/.m2/repository/com/youzan/NSQ-Client/2.3.20170406-RELEASE/NSQ-Client-2.3.20170406-RELEASE.jar!/com/youzan/nsq/client/configs/TopicRuleCategory.class], URL [jar:file:/Users/wulonghui/.m2/repository/com/youzan/NSQ-Client/2.3.20170406-RELEASE/NSQ-Client-2.3.20170406-RELEASE.jar!/com/youzan/nsq/client/Consumer.class], URL [jar:file:/Users/wulonghui/.m2/repository/com/youzan/NSQ-Client/2.3.20170406-RELEASE/NSQ-Client-2.3.20170406-RELEASE.jar!/com/youzan/nsq/client/ConsumerImplV2$1.class], URL [jar:file:/Users/wulonghui/.m2/repository/com/youzan/NSQ-Client/2.3.20170406-RELEASE/NSQ-Client-2.3.20170406-RELEASE.jar!/com/youzan/nsq/client/ConsumerImplV2$2.class], URL [jar:file:/Users/wulonghui/.m2/repository/com/youzan/NSQ-Client/2.3.20170406-RELEASE/NSQ-Client-2.3.20170406-RELEASE.jar!/com/youzan/nsq/client/ConsumerImplV2$3.class], URL [jar:file:/Users/wulonghui/.m2/repository/com/youzan/NSQ-Client/2.3.20170406-RELEASE/NSQ-Client-2.3.20170406-RELEASE.jar!/com/youzan/nsq/client/ConsumerImplV2$4.class], URL [jar:file:/Users/wulonghui/.m2/repository/com/youzan/NSQ-Client/2.3.20170406-RELEASE/NSQ-Client-2.3.20170406-RELEASE.jar!/com/youzan/nsq/client/ConsumerImplV2$5.class], URL [jar:file:/Users/wulonghui/.m2/repository/com/youzan/NSQ-Client/2.3.20170406-RELEASE/NSQ-Client-2.3.20170406-RELEASE.jar!/com/youzan/nsq/client/ConsumerImplV2.class], URL [jar:file:/Users/wulonghui/.m2/repository/com/youzan/NSQ-Client/2.3.20170406-RELEASE/NSQ-Client-2.3.20170406-RELEASE.jar!/com/youzan/nsq/client/core/Client.class], URL [jar:file:/Users/wulonghui/.m2/repository/com/youzan/NSQ-Client/2.3.20170406-RELEASE/NSQ-Client-2.3.20170406-RELEASE.jar!/com/youzan/nsq/client/core/command/Close$1.class], URL [jar:file:/Users/wulonghui/.m2/repository/com/youzan/NSQ-Client/2.3.20170406-RELEASE/NSQ-Client-2.3.20170406-RELEASE.jar!/com/youzan/nsq/client/core/command/Close$Instance.class], URL [jar:file:/Users/wulonghui/.m2/repository/com/youzan/NSQ-Client/2.3.20170406-RELEASE/NSQ-Client-2.3.20170406-RELEASE.jar!/com/youzan/nsq/client/core/command/Close.class], URL [jar:file:/Users/wulonghui/.m2/repository/com/youzan/NSQ-Client/2.3.20170406-RELEASE/NSQ-Client-2.3.20170406-RELEASE.jar!/com/youzan/nsq/client/core/command/Finish.class], URL [jar:file:/Users/wulonghui/.m2/repository/com/youzan/NSQ-Client/2.3.20170406-RELEASE/NSQ-Client-2.3.20170406-RELEASE.jar!/com/youzan/nsq/client/core/command/Identify.class], URL [jar:file:/Users/wulonghui/.m2/repository/com/youzan/NSQ-Client/2.3.20170406-RELEASE/NSQ-Client-2.3.20170406-RELEASE.jar!/com/youzan/nsq/client/core/command/Magic$1.class], URL [jar:file:/Users/wulonghui/.m2/repository/com/youzan/NSQ-Client/2.3.20170406-RELEASE/NSQ-Client-2.3.20170406-RELEASE.jar!/com/youzan/nsq/client/core/command/Magic$Instance.class], URL [jar:file:/Users/wulonghui/.m2/repository/com/youzan/NSQ-Client/2.3.20170406-RELEASE/NSQ-Client-2.3.20170406-RELEASE.jar!/com/youzan/nsq/client/core/command/Magic.class], URL [jar:file:/Users/wulonghui/.m2/repository/com/youzan/NSQ-Client/2.3.20170406-RELEASE/NSQ-Client-2.3.20170406-RELEASE.jar!/com/youzan/nsq/client/core/command/Mpub.class], URL [jar:file:/Users/wulonghui/.m2/repository/com/youzan/NSQ-Client/2.3.20170406-RELEASE/NSQ-Client-2.3.20170406-RELEASE.jar!/com/youzan/nsq/client/core/command/Nop$1.class], URL [jar:file:/Users/wulonghui/.m2/repository/com/youzan/NSQ-Client/2.3.20170406-RELEASE/NSQ-Client-2.3.20170406-RELEASE.jar!/com/youzan/nsq/client/core/command/Nop$Instance.class], URL [jar:file:/Users/wulonghui/.m2/repository/com/youzan/NSQ-Client/2.3.20170406-RELEASE/NSQ-Client-2.3.20170406-RELEASE.jar!/com/youzan/nsq/client/core/command/Nop.class], URL [jar:file:/Users/wulonghui/.m2/repository/com/youzan/NSQ-Client/2.3.20170406-RELEASE/NSQ-Client-2.3.20170406-RELEASE.jar!/com/youzan/nsq/client/core/command/NSQCommand.class], URL [jar:file:/Users/wulonghui/.m2/repository/com/youzan/NSQ-Client/2.3.20170406-RELEASE/NSQ-Client-2.3.20170406-RELEASE.jar!/com/youzan/nsq/client/core/command/PartitionEnable.class], URL [jar:file:/Users/wulonghui/.m2/repository/com/youzan/NSQ-Client/2.3.20170406-RELEASE/NSQ-Client-2.3.20170406-RELEASE.jar!/com/youzan/nsq/client/core/command/Pub.class], URL [jar:file:/Users/wulonghui/.m2/repository/com/youzan/NSQ-Client/2.3.20170406-RELEASE/NSQ-Client-2.3.20170406-RELEASE.jar!/com/youzan/nsq/client/core/command/PubOrdered.class], URL [jar:file:/Users/wulonghui/.m2/repository/com/youzan/NSQ-Client/2.3.20170406-RELEASE/NSQ-Client-2.3.20170406-RELEASE.jar!/com/youzan/nsq/client/core/command/PubTrace.class], URL [jar:file:/Users/wulonghui/.m2/repository/com/youzan/NSQ-Client/2.3.20170406-RELEASE/NSQ-Client-2.3.20170406-RELEASE.jar!/com/youzan/nsq/client/core/command/Rdy.class], URL [jar:file:/Users/wulonghui/.m2/repository/com/youzan/NSQ-Client/2.3.20170406-RELEASE/NSQ-Client-2.3.20170406-RELEASE.jar!/com/youzan/nsq/client/core/command/ReQueue.class], URL [jar:file:/Users/wulonghui/.m2/repository/com/youzan/NSQ-Client/2.3.20170406-RELEASE/NSQ-Client-2.3.20170406-RELEASE.jar!/com/youzan/nsq/client/core/command/Sub.class], URL [jar:file:/Users/wulonghui/.m2/repository/com/youzan/NSQ-Client/2.3.20170406-RELEASE/NSQ-Client-2.3.20170406-RELEASE.jar!/com/youzan/nsq/client/core/command/SubOrdered.class], URL [jar:file:/Users/wulonghui/.m2/repository/com/youzan/NSQ-Client/2.3.20170406-RELEASE/NSQ-Client-2.3.20170406-RELEASE.jar!/com/youzan/nsq/client/core/Feature.class], URL [jar:file:/Users/wulonghui/.m2/repository/com/youzan/NSQ-Client/2.3.20170406-RELEASE/NSQ-Client-2.3.20170406-RELEASE.jar!/com/youzan/nsq/client/core/lookup/LookupService.class], URL [jar:file:/Users/wulonghui/.m2/repository/com/youzan/NSQ-Client/2.3.20170406-RELEASE/NSQ-Client-2.3.20170406-RELEASE.jar!/com/youzan/nsq/client/core/lookup/LookupServiceImpl$1.class], URL [jar:file:/Users/wulonghui/.m2/repository/com/youzan/NSQ-Client/2.3.20170406-RELEASE/NSQ-Client-2.3.20170406-RELEASE.jar!/com/youzan/nsq/client/core/lookup/LookupServiceImpl.class], URL [jar:file:/Users/wulonghui/.m2/repository/com/youzan/NSQ-Client/2.3.20170406-RELEASE/NSQ-Client-2.3.20170406-RELEASE.jar!/com/youzan/nsq/client/core/LookupAddressUpdate$1.class], URL [jar:file:/Users/wulonghui/.m2/repository/com/youzan/NSQ-Client/2.3.20170406-RELEASE/NSQ-Client-2.3.20170406-RELEASE.jar!/com/youzan/nsq/client/core/LookupAddressUpdate$2.class], URL [jar:file:/Users/wulonghui/.m2/repository/com/youzan/NSQ-Client/2.3.20170406-RELEASE/NSQ-Client-2.3.20170406-RELEASE.jar!/com/youzan/nsq/client/core/LookupAddressUpdate$LookupAddressUpdateHandler.class], URL [jar:file:/Users/wulonghui/.m2/repository/com/youzan/NSQ-Client/2.3.20170406-RELEASE/NSQ-Client-2.3.20170406-RELEASE.jar!/com/youzan/nsq/client/core/LookupAddressUpdate.class], URL [jar:file:/Users/wulonghui/.m2/repository/com/youzan/NSQ-Client/2.3.20170406-RELEASE/NSQ-Client-2.3.20170406-RELEASE.jar!/com/youzan/nsq/client/core/NSQConnection.class], URL [jar:file:/Users/wulonghui/.m2/repository/com/youzan/NSQ-Client/2.3.20170406-RELEASE/NSQ-Client-2.3.20170406-RELEASE.jar!/com/youzan/nsq/client/core/NSQConnectionImpl.class], URL [jar:file:/Users/wulonghui/.m2/repository/com/youzan/NSQ-Client/2.3.20170406-RELEASE/NSQ-Client-2.3.20170406-RELEASE.jar!/com/youzan/nsq/client/core/NSQSimpleClient$1.class], URL [jar:file:/Users/wulonghui/.m2/repository/com/youzan/NSQ-Client/2.3.20170406-RELEASE/NSQ-Client-2.3.20170406-RELEASE.jar!/com/youzan/nsq/client/core/NSQSimpleClient$2.class], URL [jar:file:/Users/wulonghui/.m2/repository/com/youzan/NSQ-Client/2.3.20170406-RELEASE/NSQ-Client-2.3.20170406-RELEASE.jar!/com/youzan/nsq/client/core/NSQSimpleClient$3.class], URL [jar:file:/Users/wulonghui/.m2/repository/com/youzan/NSQ-Client/2.3.20170406-RELEASE/NSQ-Client-2.3.20170406-RELEASE.jar!/com/youzan/nsq/client/core/NSQSimpleClient.class], URL [jar:file:/Users/wulonghui/.m2/repository/com/youzan/NSQ-Client/2.3.20170406-RELEASE/NSQ-Client-2.3.20170406-RELEASE.jar!/com/youzan/nsq/client/core/pool/consumer/FixedPool.class], URL [jar:file:/Users/wulonghui/.m2/repository/com/youzan/NSQ-Client/2.3.20170406-RELEASE/NSQ-Client-2.3.20170406-RELEASE.jar!/com/youzan/nsq/client/core/pool/producer/KeyedPooledConnectionFactory.class], URL [jar:file:/Users/wulonghui/.m2/repository/com/youzan/NSQ-Client/2.3.20170406-RELEASE/NSQ-Client-2.3.20170406-RELEASE.jar!/com/youzan/nsq/client/core/RdySpectrum.class], URL [jar:file:/Users/wulonghui/.m2/repository/com/youzan/NSQ-Client/2.3.20170406-RELEASE/NSQ-Client-2.3.20170406-RELEASE.jar!/com/youzan/nsq/client/entity/Address.class], URL [jar:file:/Users/wulonghui/.m2/repository/com/youzan/NSQ-Client/2.3.20170406-RELEASE/NSQ-Client-2.3.20170406-RELEASE.jar!/com/youzan/nsq/client/entity/IPartitionsSelector.class], URL [jar:file:/Users/wulonghui/.m2/repository/com/youzan/NSQ-Client/2.3.20170406-RELEASE/NSQ-Client-2.3.20170406-RELEASE.jar!/com/youzan/nsq/client/entity/lookup/AbstractControlConfig$Gradation.class], URL [jar:file:/Users/wulonghui/.m2/repository/com/youzan/NSQ-Client/2.3.20170406-RELEASE/NSQ-Client-2.3.20170406-RELEASE.jar!/com/youzan/nsq/client/entity/lookup/AbstractControlConfig$Percentage.class], URL [jar:file:/Users/wulonghui/.m2/repository/com/youzan/NSQ-Client/2.3.20170406-RELEASE/NSQ-Client-2.3.20170406-RELEASE.jar!/com/youzan/nsq/client/entity/lookup/AbstractControlConfig.class], URL [jar:file:/Users/wulonghui/.m2/repository/com/youzan/NSQ-Client/2.3.20170406-RELEASE/NSQ-Client-2.3.20170406-RELEASE.jar!/com/youzan/nsq/client/entity/lookup/AbstractLookupdAddress.class], URL [jar:file:/Users/wulonghui/.m2/repository/com/youzan/NSQ-Client/2.3.20170406-RELEASE/NSQ-Client-2.3.20170406-RELEASE.jar!/com/youzan/nsq/client/entity/lookup/AbstractLookupdAddresses.class], URL [jar:file:/Users/wulonghui/.m2/repository/com/youzan/NSQ-Client/2.3.20170406-RELEASE/NSQ-Client-2.3.20170406-RELEASE.jar!/com/youzan/nsq/client/entity/lookup/AbstractLookupdConfig.class], URL [jar:file:/Users/wulonghui/.m2/repository/com/youzan/NSQ-Client/2.3.20170406-RELEASE/NSQ-Client-2.3.20170406-RELEASE.jar!/com/youzan/nsq/client/entity/lookup/AbstractSeedLookupdConfig.class], URL [jar:file:/Users/wulonghui/.m2/repository/com/youzan/NSQ-Client/2.3.20170406-RELEASE/NSQ-Client-2.3.20170406-RELEASE.jar!/com/youzan/nsq/client/entity/lookup/DefaultSeedLookupd.class], URL [jar:file:/Users/wulonghui/.m2/repository/com/youzan/NSQ-Client/2.3.20170406-RELEASE/NSQ-Client-2.3.20170406-RELEASE.jar!/com/youzan/nsq/client/entity/lookup/LookupdAddress.class], URL [jar:file:/Users/wulonghui/.m2/repository/com/youzan/NSQ-Client/2.3.20170406-RELEASE/NSQ-Client-2.3.20170406-RELEASE.jar!/com/youzan/nsq/client/entity/lookup/NSQLookupdAddresses$AddressCompatibility.class], URL [jar:file:/Users/wulonghui/.m2/repository/com/youzan/NSQ-Client/2.3.20170406-RELEASE/NSQ-Client-2.3.20170406-RELEASE.jar!/com/youzan/nsq/client/entity/lookup/NSQLookupdAddresses.class], URL [jar:file:/Users/wulonghui/.m2/repository/com/youzan/NSQ-Client/2.3.20170406-RELEASE/NSQ-Client-2.3.20170406-RELEASE.jar!/com/youzan/nsq/client/entity/lookup/NSQLookupdAddressesPair.class], URL [jar:file:/Users/wulonghui/.m2/repository/com/youzan/NSQ-Client/2.3.20170406-RELEASE/NSQ-Client-2.3.20170406-RELEASE.jar!/com/youzan/nsq/client/entity/lookup/SeedLookupdAddress.class], URL [jar:file:/Users/wulonghui/.m2/repository/com/youzan/NSQ-Client/2.3.20170406-RELEASE/NSQ-Client-2.3.20170406-RELEASE.jar!/com/youzan/nsq/client/entity/Message$1.class], URL [jar:file:/Users/wulonghui/.m2/repository/com/youzan/NSQ-Client/2.3.20170406-RELEASE/NSQ-Client-2.3.20170406-RELEASE.jar!/com/youzan/nsq/client/entity/Message.class], URL [jar:file:/Users/wulonghui/.m2/repository/com/youzan/NSQ-Client/2.3.20170406-RELEASE/NSQ-Client-2.3.20170406-RELEASE.jar!/com/youzan/nsq/client/entity/MigrationPartitionsSelector.class], URL [jar:file:/Users/wulonghui/.m2/repository/com/youzan/NSQ-Client/2.3.20170406-RELEASE/NSQ-Client-2.3.20170406-RELEASE.jar!/com/youzan/nsq/client/entity/NSQConfig$Compression.class], URL [jar:file:/Users/wulonghui/.m2/repository/com/youzan/NSQ-Client/2.3.20170406-RELEASE/NSQ-Client-2.3.20170406-RELEASE.jar!/com/youzan/nsq/client/entity/NSQConfig.class], URL [jar:file:/Users/wulonghui/.m2/repository/com/youzan/NSQ-Client/2.3.20170406-RELEASE/NSQ-Client-2.3.20170406-RELEASE.jar!/com/youzan/nsq/client/entity/NSQMessage.class], URL [jar:file:/Users/wulonghui/.m2/repository/com/youzan/NSQ-Client/2.3.20170406-RELEASE/NSQ-Client-2.3.20170406-RELEASE.jar!/com/youzan/nsq/client/entity/Partitions.class], URL [jar:file:/Users/wulonghui/.m2/repository/com/youzan/NSQ-Client/2.3.20170406-RELEASE/NSQ-Client-2.3.20170406-RELEASE.jar!/com/youzan/nsq/client/entity/Response.class], URL [jar:file:/Users/wulonghui/.m2/repository/com/youzan/NSQ-Client/2.3.20170406-RELEASE/NSQ-Client-2.3.20170406-RELEASE.jar!/com/youzan/nsq/client/entity/Role.class], URL [jar:file:/Users/wulonghui/.m2/repository/com/youzan/NSQ-Client/2.3.20170406-RELEASE/NSQ-Client-2.3.20170406-RELEASE.jar!/com/youzan/nsq/client/entity/SimplePartitionsSelector.class], URL [jar:file:/Users/wulonghui/.m2/repository/com/youzan/NSQ-Client/2.3.20170406-RELEASE/NSQ-Client-2.3.20170406-RELEASE.jar!/com/youzan/nsq/client/entity/Topic$1.class], URL [jar:file:/Users/wulonghui/.m2/repository/com/youzan/NSQ-Client/2.3.20170406-RELEASE/NSQ-Client-2.3.20170406-RELEASE.jar!/com/youzan/nsq/client/entity/Topic.class], URL [jar:file:/Users/wulonghui/.m2/repository/com/youzan/NSQ-Client/2.3.20170406-RELEASE/NSQ-Client-2.3.20170406-RELEASE.jar!/com/youzan/nsq/client/entity/TopicSharding.class], URL [jar:file:/Users/wulonghui/.m2/repository/com/youzan/NSQ-Client/2.3.20170406-RELEASE/NSQ-Client-2.3.20170406-RELEASE.jar!/com/youzan/nsq/client/entity/TraceLogger.class], URL [jar:file:/Users/wulonghui/.m2/repository/com/youzan/NSQ-Client/2.3.20170406-RELEASE/NSQ-Client-2.3.20170406-RELEASE.jar!/com/youzan/nsq/client/exception/ConfigAccessAgentException.class], URL [jar:file:/Users/wulonghui/.m2/repository/com/youzan/NSQ-Client/2.3.20170406-RELEASE/NSQ-Client-2.3.20170406-RELEASE.jar!/com/youzan/nsq/client/exception/ConfigAccessAgentInitializeException.class], URL [jar:file:/Users/wulonghui/.m2/repository/com/youzan/NSQ-Client/2.3.20170406-RELEASE/NSQ-Client-2.3.20170406-RELEASE.jar!/com/youzan/nsq/client/exception/NSQConfigAccessException.class], URL [jar:file:/Users/wulonghui/.m2/repository/com/youzan/NSQ-Client/2.3.20170406-RELEASE/NSQ-Client-2.3.20170406-RELEASE.jar!/com/youzan/nsq/client/exception/NSQDataNodesDownException.class], URL [jar:file:/Users/wulonghui/.m2/repository/com/youzan/NSQ-Client/2.3.20170406-RELEASE/NSQ-Client-2.3.20170406-RELEASE.jar!/com/youzan/nsq/client/exception/NSQException.class], URL [jar:file:/Users/wulonghui/.m2/repository/com/youzan/NSQ-Client/2.3.20170406-RELEASE/NSQ-Client-2.3.20170406-RELEASE.jar!/com/youzan/nsq/client/exception/NSQInvalidDataNodeException.class], URL [jar:file:/Users/wulonghui/.m2/repository/com/youzan/NSQ-Client/2.3.20170406-RELEASE/NSQ-Client-2.3.20170406-RELEASE.jar!/com/youzan/nsq/client/exception/NSQInvalidMessageException.class], URL [jar:file:/Users/wulonghui/.m2/repository/com/youzan/NSQ-Client/2.3.20170406-RELEASE/NSQ-Client-2.3.20170406-RELEASE.jar!/com/youzan/nsq/client/exception/NSQInvalidTopicException.class], URL [jar:file:/Users/wulonghui/.m2/repository/com/youzan/NSQ-Client/2.3.20170406-RELEASE/NSQ-Client-2.3.20170406-RELEASE.jar!/com/youzan/nsq/client/exception/NSQLookupException.class], URL [jar:file:/Users/wulonghui/.m2/repository/com/youzan/NSQ-Client/2.3.20170406-RELEASE/NSQ-Client-2.3.20170406-RELEASE.jar!/com/youzan/nsq/client/exception/NSQNoConnectionException.class], URL [jar:file:/Users/wulonghui/.m2/repository/com/youzan/NSQ-Client/2.3.20170406-RELEASE/NSQ-Client-2.3.20170406-RELEASE.jar!/com/youzan/nsq/client/exception/NSQPartitionNotAvailableException.class], URL [jar:file:/Users/wulonghui/.m2/repository/com/youzan/NSQ-Client/2.3.20170406-RELEASE/NSQ-Client-2.3.20170406-RELEASE.jar!/com/youzan/nsq/client/exception/NSQProducerNotFoundException.class], URL [jar:file:/Users/wulonghui/.m2/repository/com/youzan/NSQ-Client/2.3.20170406-RELEASE/NSQ-Client-2.3.20170406-RELEASE.jar!/com/youzan/nsq/client/exception/NSQPubException.class], URL [jar:file:/Users/wulonghui/.m2/repository/com/youzan/NSQ-Client/2.3.20170406-RELEASE/NSQ-Client-2.3.20170406-RELEASE.jar!/com/youzan/nsq/client/exception/NSQPubFactoryInitializeException.class], URL [jar:file:/Users/wulonghui/.m2/repository/com/youzan/NSQ-Client/2.3.20170406-RELEASE/NSQ-Client-2.3.20170406-RELEASE.jar!/com/youzan/nsq/client/exception/NSQTopicNotFoundException.class], URL [jar:file:/Users/wulonghui/.m2/repository/com/youzan/NSQ-Client/2.3.20170406-RELEASE/NSQ-Client-2.3.20170406-RELEASE.jar!/com/youzan/nsq/client/exception/RetryBusinessException.class], URL [jar:file:/Users/wulonghui/.m2/repository/com/youzan/NSQ-Client/2.3.20170406-RELEASE/NSQ-Client-2.3.20170406-RELEASE.jar!/com/youzan/nsq/client/IConfigAccessSubscriber.class], URL [jar:file:/Users/wulonghui/.m2/repository/com/youzan/NSQ-Client/2.3.20170406-RELEASE/NSQ-Client-2.3.20170406-RELEASE.jar!/com/youzan/nsq/client/IPartitionSelector.class], URL [jar:file:/Users/wulonghui/.m2/repository/com/youzan/NSQ-Client/2.3.20170406-RELEASE/NSQ-Client-2.3.20170406-RELEASE.jar!/com/youzan/nsq/client/MessageHandler.class], URL [jar:file:/Users/wulonghui/.m2/repository/com/youzan/NSQ-Client/2.3.20170406-RELEASE/NSQ-Client-2.3.20170406-RELEASE.jar!/com/youzan/nsq/client/MessageMetadata.class], URL [jar:file:/Users/wulonghui/.m2/repository/com/youzan/NSQ-Client/2.3.20170406-RELEASE/NSQ-Client-2.3.20170406-RELEASE.jar!/com/youzan/nsq/client/network/frame/ErrorFrame.class], URL [jar:file:/Users/wulonghui/.m2/repository/com/youzan/NSQ-Client/2.3.20170406-RELEASE/NSQ-Client-2.3.20170406-RELEASE.jar!/com/youzan/nsq/client/network/frame/MessageFrame.class], URL [jar:file:/Users/wulonghui/.m2/repository/com/youzan/NSQ-Client/2.3.20170406-RELEASE/NSQ-Client-2.3.20170406-RELEASE.jar!/com/youzan/nsq/client/network/frame/NSQFrame$FrameType.class], URL [jar:file:/Users/wulonghui/.m2/repository/com/youzan/NSQ-Client/2.3.20170406-RELEASE/NSQ-Client-2.3.20170406-RELEASE.jar!/com/youzan/nsq/client/network/frame/NSQFrame.class], URL [jar:file:/Users/wulonghui/.m2/repository/com/youzan/NSQ-Client/2.3.20170406-RELEASE/NSQ-Client-2.3.20170406-RELEASE.jar!/com/youzan/nsq/client/network/frame/OrderedMessageFrame.class], URL [jar:file:/Users/wulonghui/.m2/repository/com/youzan/NSQ-Client/2.3.20170406-RELEASE/NSQ-Client-2.3.20170406-RELEASE.jar!/com/youzan/nsq/client/network/frame/ResponseFrame.class], URL [jar:file:/Users/wulonghui/.m2/repository/com/youzan/NSQ-Client/2.3.20170406-RELEASE/NSQ-Client-2.3.20170406-RELEASE.jar!/com/youzan/nsq/client/network/netty/NSQClientInitializer.class], URL [jar:file:/Users/wulonghui/.m2/repository/com/youzan/NSQ-Client/2.3.20170406-RELEASE/NSQ-Client-2.3.20170406-RELEASE.jar!/com/youzan/nsq/client/network/netty/NSQDecoder.class], URL [jar:file:/Users/wulonghui/.m2/repository/com/youzan/NSQ-Client/2.3.20170406-RELEASE/NSQ-Client-2.3.20170406-RELEASE.jar!/com/youzan/nsq/client/network/netty/NSQEncoder.class], URL [jar:file:/Users/wulonghui/.m2/repository/com/youzan/NSQ-Client/2.3.20170406-RELEASE/NSQ-Client-2.3.20170406-RELEASE.jar!/com/youzan/nsq/client/network/netty/NSQFeatureDetectionHandler.class], URL [jar:file:/Users/wulonghui/.m2/repository/com/youzan/NSQ-Client/2.3.20170406-RELEASE/NSQ-Client-2.3.20170406-RELEASE.jar!/com/youzan/nsq/client/network/netty/NSQHandler$1.class], URL [jar:file:/Users/wulonghui/.m2/repository/com/youzan/NSQ-Client/2.3.20170406-RELEASE/NSQ-Client-2.3.20170406-RELEASE.jar!/com/youzan/nsq/client/network/netty/NSQHandler.class], URL [jar:file:/Users/wulonghui/.m2/repository/com/youzan/NSQ-Client/2.3.20170406-RELEASE/NSQ-Client-2.3.20170406-RELEASE.jar!/com/youzan/nsq/client/Producer.class], URL [jar:file:/Users/wulonghui/.m2/repository/com/youzan/NSQ-Client/2.3.20170406-RELEASE/NSQ-Client-2.3.20170406-RELEASE.jar!/com/youzan/nsq/client/ProducerImplV2$1.class], URL [jar:file:/Users/wulonghui/.m2/repository/com/youzan/NSQ-Client/2.3.20170406-RELEASE/NSQ-Client-2.3.20170406-RELEASE.jar!/com/youzan/nsq/client/ProducerImplV2$2.class], URL [jar:file:/Users/wulonghui/.m2/repository/com/youzan/NSQ-Client/2.3.20170406-RELEASE/NSQ-Client-2.3.20170406-RELEASE.jar!/com/youzan/nsq/client/ProducerImplV2.class], URL [jar:file:/Users/wulonghui/.m2/repository/com/youzan/NSQ-Client/2.3.20170406-RELEASE/NSQ-Client-2.3.20170406-RELEASE.jar!/com/youzan/nsq/client/PropertyNotFoundException.class], URL [jar:file:/Users/wulonghui/.m2/repository/com/youzan/NSQ-Client/2.3.20170406-RELEASE/NSQ-Client-2.3.20170406-RELEASE.jar!/com/youzan/nsq/client/PubCmdFactory$1.class], URL [jar:file:/Users/wulonghui/.m2/repository/com/youzan/NSQ-Client/2.3.20170406-RELEASE/NSQ-Client-2.3.20170406-RELEASE.jar!/com/youzan/nsq/client/PubCmdFactory.class], URL [jar:file:/Users/wulonghui/.m2/repository/com/youzan/NSQ-Client/2.3.20170406-RELEASE/NSQ-Client-2.3.20170406-RELEASE.jar!/com/youzan/nsq/client/Version.class], URL [jar:file:/Users/wulonghui/.m2/repository/com/youzan/NSQ-Client/2.3.20170406-RELEASE/NSQ-Client-2.3.20170406-RELEASE.jar!/com/youzan/util/ConcurrentSortedSet.class], URL [jar:file:/Users/wulonghui/.m2/repository/com/youzan/NSQ-Client/2.3.20170406-RELEASE/NSQ-Client-2.3.20170406-RELEASE.jar!/com/youzan/util/HostUtil.class], URL [jar:file:/Users/wulonghui/.m2/repository/com/youzan/NSQ-Client/2.3.20170406-RELEASE/NSQ-Client-2.3.20170406-RELEASE.jar!/com/youzan/util/IOUtil.class], URL [jar:file:/Users/wulonghui/.m2/repository/com/youzan/NSQ-Client/2.3.20170406-RELEASE/NSQ-Client-2.3.20170406-RELEASE.jar!/com/youzan/util/IPUtil.class], URL [jar:file:/Users/wulonghui/.m2/repository/com/youzan/NSQ-Client/2.3.20170406-RELEASE/NSQ-Client-2.3.20170406-RELEASE.jar!/com/youzan/util/Lists$1.class], URL [jar:file:/Users/wulonghui/.m2/repository/com/youzan/NSQ-Client/2.3.20170406-RELEASE/NSQ-Client-2.3.20170406-RELEASE.jar!/com/youzan/util/Lists$Partition.class], URL [jar:file:/Users/wulonghui/.m2/repository/com/youzan/NSQ-Client/2.3.20170406-RELEASE/NSQ-Client-2.3.20170406-RELEASE.jar!/com/youzan/util/Lists$RandomAccessPartition.class], URL [jar:file:/Users/wulonghui/.m2/repository/com/youzan/NSQ-Client/2.3.20170406-RELEASE/NSQ-Client-2.3.20170406-RELEASE.jar!/com/youzan/util/Lists.class], URL [jar:file:/Users/wulonghui/.m2/repository/com/youzan/NSQ-Client/2.3.20170406-RELEASE/NSQ-Client-2.3.20170406-RELEASE.jar!/com/youzan/util/NamedThreadFactory$1.class], URL [jar:file:/Users/wulonghui/.m2/repository/com/youzan/NSQ-Client/2.3.20170406-RELEASE/NSQ-Client-2.3.20170406-RELEASE.jar!/com/youzan/util/NamedThreadFactory.class], URL [jar:file:/Users/wulonghui/.m2/repository/com/youzan/NSQ-Client/2.3.20170406-RELEASE/NSQ-Client-2.3.20170406-RELEASE.jar!/com/youzan/util/NotThreadSafe.class], URL [jar:file:/Users/wulonghui/.m2/repository/com/youzan/NSQ-Client/2.3.20170406-RELEASE/NSQ-Client-2.3.20170406-RELEASE.jar!/com/youzan/util/SystemUtil.class], URL [jar:file:/Users/wulonghui/.m2/repository/com/youzan/NSQ-Client/2.3.20170406-RELEASE/NSQ-Client-2.3.20170406-RELEASE.jar!/com/youzan/util/ThreadSafe.class], URL [jar:file:/Users/wulonghui/.m2/repository/com/youzan/DCC-Client/1.1.0330-RELEASE/DCC-Client-1.1.0330-RELEASE.jar!/com/youzan/dcc/client/cache/CacheBackupWorker$CacheSyncJob.class], URL [jar:file:/Users/wulonghui/.m2/repository/com/youzan/DCC-Client/1.1.0330-RELEASE/DCC-Client-1.1.0330-RELEASE.jar!/com/youzan/dcc/client/cache/CacheBackupWorker$LineJob.class], URL [jar:file:/Users/wulonghui/.m2/repository/com/youzan/DCC-Client/1.1.0330-RELEASE/DCC-Client-1.1.0330-RELEASE.jar!/com/youzan/dcc/client/cache/CacheBackupWorker.class], URL [jar:file:/Users/wulonghui/.m2/repository/com/youzan/DCC-Client/1.1.0330-RELEASE/DCC-Client-1.1.0330-RELEASE.jar!/com/youzan/dcc/client/cache/ConfigCacheManager.class], URL [jar:file:/Users/wulonghui/.m2/repository/com/youzan/DCC-Client/1.1.0330-RELEASE/DCC-Client-1.1.0330-RELEASE.jar!/com/youzan/dcc/client/cache/interfaces/IBackupable.class], URL [jar:file:/Users/wulonghui/.m2/repository/com/youzan/DCC-Client/1.1.0330-RELEASE/DCC-Client-1.1.0330-RELEASE.jar!/com/youzan/dcc/client/ConfigClient$ResponseCallbackWrapper.class], URL [jar:file:/Users/wulonghui/.m2/repository/com/youzan/DCC-Client/1.1.0330-RELEASE/DCC-Client-1.1.0330-RELEASE.jar!/com/youzan/dcc/client/ConfigClient.class], URL [jar:file:/Users/wulonghui/.m2/repository/com/youzan/DCC-Client/1.1.0330-RELEASE/DCC-Client-1.1.0330-RELEASE.jar!/com/youzan/dcc/client/ConfigClientBuilder.class], URL [jar:file:/Users/wulonghui/.m2/repository/com/youzan/DCC-Client/1.1.0330-RELEASE/DCC-Client-1.1.0330-RELEASE.jar!/com/youzan/dcc/client/connection/ConnectionManager$1$1.class], URL [jar:file:/Users/wulonghui/.m2/repository/com/youzan/DCC-Client/1.1.0330-RELEASE/DCC-Client-1.1.0330-RELEASE.jar!/com/youzan/dcc/client/connection/ConnectionManager$1.class], URL [jar:file:/Users/wulonghui/.m2/repository/com/youzan/DCC-Client/1.1.0330-RELEASE/DCC-Client-1.1.0330-RELEASE.jar!/com/youzan/dcc/client/connection/ConnectionManager.class], URL [jar:file:/Users/wulonghui/.m2/repository/com/youzan/DCC-Client/1.1.0330-RELEASE/DCC-Client-1.1.0330-RELEASE.jar!/com/youzan/dcc/client/connection/DCCConnectionManager$AbstractRetryCallback$ConfigRequestKey.class], URL [jar:file:/Users/wulonghui/.m2/repository/com/youzan/DCC-Client/1.1.0330-RELEASE/DCC-Client-1.1.0330-RELEASE.jar!/com/youzan/dcc/client/connection/DCCConnectionManager$AbstractRetryCallback.class], URL [jar:file:/Users/wulonghui/.m2/repository/com/youzan/DCC-Client/1.1.0330-RELEASE/DCC-Client-1.1.0330-RELEASE.jar!/com/youzan/dcc/client/connection/DCCConnectionManager$RetryCallback.class], URL [jar:file:/Users/wulonghui/.m2/repository/com/youzan/DCC-Client/1.1.0330-RELEASE/DCC-Client-1.1.0330-RELEASE.jar!/com/youzan/dcc/client/connection/DCCConnectionManager$RetryGETCallback.class], URL [jar:file:/Users/wulonghui/.m2/repository/com/youzan/DCC-Client/1.1.0330-RELEASE/DCC-Client-1.1.0330-RELEASE.jar!/com/youzan/dcc/client/connection/DCCConnectionManager$RetrySUBCallback.class], URL [jar:file:/Users/wulonghui/.m2/repository/com/youzan/DCC-Client/1.1.0330-RELEASE/DCC-Client-1.1.0330-RELEASE.jar!/com/youzan/dcc/client/connection/DCCConnectionManager.class], URL [jar:file:/Users/wulonghui/.m2/repository/com/youzan/DCC-Client/1.1.0330-RELEASE/DCC-Client-1.1.0330-RELEASE.jar!/com/youzan/dcc/client/connection/NamedThreadFactory$1.class], URL [jar:file:/Users/wulonghui/.m2/repository/com/youzan/DCC-Client/1.1.0330-RELEASE/DCC-Client-1.1.0330-RELEASE.jar!/com/youzan/dcc/client/connection/NamedThreadFactory.class], URL [jar:file:/Users/wulonghui/.m2/repository/com/youzan/DCC-Client/1.1.0330-RELEASE/DCC-Client-1.1.0330-RELEASE.jar!/com/youzan/dcc/client/entity/CallbackSubscribe$1.class], URL [jar:file:/Users/wulonghui/.m2/repository/com/youzan/DCC-Client/1.1.0330-RELEASE/DCC-Client-1.1.0330-RELEASE.jar!/com/youzan/dcc/client/entity/CallbackSubscribe$Status.class], URL [jar:file:/Users/wulonghui/.m2/repository/com/youzan/DCC-Client/1.1.0330-RELEASE/DCC-Client-1.1.0330-RELEASE.jar!/com/youzan/dcc/client/entity/CallbackSubscribe.class], URL [jar:file:/Users/wulonghui/.m2/repository/com/youzan/DCC-Client/1.1.0330-RELEASE/DCC-Client-1.1.0330-RELEASE.jar!/com/youzan/dcc/client/entity/command/AbstractCommand.class], URL [jar:file:/Users/wulonghui/.m2/repository/com/youzan/DCC-Client/1.1.0330-RELEASE/DCC-Client-1.1.0330-RELEASE.jar!/com/youzan/dcc/client/entity/command/Delete.class], URL [jar:file:/Users/wulonghui/.m2/repository/com/youzan/DCC-Client/1.1.0330-RELEASE/DCC-Client-1.1.0330-RELEASE.jar!/com/youzan/dcc/client/entity/command/interfaces/ICommand.class], URL [jar:file:/Users/wulonghui/.m2/repository/com/youzan/DCC-Client/1.1.0330-RELEASE/DCC-Client-1.1.0330-RELEASE.jar!/com/youzan/dcc/client/entity/command/Publish.class], URL [jar:file:/Users/wulonghui/.m2/repository/com/youzan/DCC-Client/1.1.0330-RELEASE/DCC-Client-1.1.0330-RELEASE.jar!/com/youzan/dcc/client/entity/command/Subscribe.class], URL [jar:file:/Users/wulonghui/.m2/repository/com/youzan/DCC-Client/1.1.0330-RELEASE/DCC-Client-1.1.0330-RELEASE.jar!/com/youzan/dcc/client/entity/config/AbstractConfig$ConfigRequestField.class], URL [jar:file:/Users/wulonghui/.m2/repository/com/youzan/DCC-Client/1.1.0330-RELEASE/DCC-Client-1.1.0330-RELEASE.jar!/com/youzan/dcc/client/entity/config/AbstractConfig.class], URL [jar:file:/Users/wulonghui/.m2/repository/com/youzan/DCC-Client/1.1.0330-RELEASE/DCC-Client-1.1.0330-RELEASE.jar!/com/youzan/dcc/client/entity/config/Config$ConfigField.class], URL [jar:file:/Users/wulonghui/.m2/repository/com/youzan/DCC-Client/1.1.0330-RELEASE/DCC-Client-1.1.0330-RELEASE.jar!/com/youzan/dcc/client/entity/config/Config$ConfigType.class], URL [jar:file:/Users/wulonghui/.m2/repository/com/youzan/DCC-Client/1.1.0330-RELEASE/DCC-Client-1.1.0330-RELEASE.jar!/com/youzan/dcc/client/entity/config/Config.class], URL [jar:file:/Users/wulonghui/.m2/repository/com/youzan/DCC-Client/1.1.0330-RELEASE/DCC-Client-1.1.0330-RELEASE.jar!/com/youzan/dcc/client/entity/config/ConfigBuilder.class], URL [jar:file:/Users/wulonghui/.m2/repository/com/youzan/DCC-Client/1.1.0330-RELEASE/DCC-Client-1.1.0330-RELEASE.jar!/com/youzan/dcc/client/entity/config/ConfigRequest.class], URL [jar:file:/Users/wulonghui/.m2/repository/com/youzan/DCC-Client/1.1.0330-RELEASE/DCC-Client-1.1.0330-RELEASE.jar!/com/youzan/dcc/client/entity/config/ConfigRequestBuilder.class], URL [jar:file:/Users/wulonghui/.m2/repository/com/youzan/DCC-Client/1.1.0330-RELEASE/DCC-Client-1.1.0330-RELEASE.jar!/com/youzan/dcc/client/entity/config/interfaces/IDCCConfig.class], URL [jar:file:/Users/wulonghui/.m2/repository/com/youzan/DCC-Client/1.1.0330-RELEASE/DCC-Client-1.1.0330-RELEASE.jar!/com/youzan/dcc/client/entity/config/interfaces/IDCCResponse.class], URL [jar:file:/Users/wulonghui/.m2/repository/com/youzan/DCC-Client/1.1.0330-RELEASE/DCC-Client-1.1.0330-RELEASE.jar!/com/youzan/dcc/client/entity/config/interfaces/IResponseCallback.class], URL [jar:file:/Users/wulonghui/.m2/repository/com/youzan/DCC-Client/1.1.0330-RELEASE/DCC-Client-1.1.0330-RELEASE.jar!/com/youzan/dcc/client/entity/config/interfaces/IStatus$Status.class], URL [jar:file:/Users/wulonghui/.m2/repository/com/youzan/DCC-Client/1.1.0330-RELEASE/DCC-Client-1.1.0330-RELEASE.jar!/com/youzan/dcc/client/entity/config/interfaces/IStatus.class], URL [jar:file:/Users/wulonghui/.m2/repository/com/youzan/DCC-Client/1.1.0330-RELEASE/DCC-Client-1.1.0330-RELEASE.jar!/com/youzan/dcc/client/entity/ConfigPair.class], URL [jar:file:/Users/wulonghui/.m2/repository/com/youzan/DCC-Client/1.1.0330-RELEASE/DCC-Client-1.1.0330-RELEASE.jar!/com/youzan/dcc/client/entity/ConnectionStatus.class], URL [jar:file:/Users/wulonghui/.m2/repository/com/youzan/DCC-Client/1.1.0330-RELEASE/DCC-Client-1.1.0330-RELEASE.jar!/com/youzan/dcc/client/entity/PoolingResponseCallback.class], URL [jar:file:/Users/wulonghui/.m2/repository/com/youzan/DCC-Client/1.1.0330-RELEASE/DCC-Client-1.1.0330-RELEASE.jar!/com/youzan/dcc/client/entity/SubscribePoolingManager$1.class], URL [jar:file:/Users/wulonghui/.m2/repository/com/youzan/DCC-Client/1.1.0330-RELEASE/DCC-Client-1.1.0330-RELEASE.jar!/com/youzan/dcc/client/entity/SubscribePoolingManager$2.class], URL [jar:file:/Users/wulonghui/.m2/repository/com/youzan/DCC-Client/1.1.0330-RELEASE/DCC-Client-1.1.0330-RELEASE.jar!/com/youzan/dcc/client/entity/SubscribePoolingManager$ConfigPairsKey.class], URL [jar:file:/Users/wulonghui/.m2/repository/com/youzan/DCC-Client/1.1.0330-RELEASE/DCC-Client-1.1.0330-RELEASE.jar!/com/youzan/dcc/client/entity/SubscribePoolingManager.class], URL [jar:file:/Users/wulonghui/.m2/repository/com/youzan/DCC-Client/1.1.0330-RELEASE/DCC-Client-1.1.0330-RELEASE.jar!/com/youzan/dcc/client/exceptions/CallBackException.class], URL [jar:file:/Users/wulonghui/.m2/repository/com/youzan/DCC-Client/1.1.0330-RELEASE/DCC-Client-1.1.0330-RELEASE.jar!/com/youzan/dcc/client/exceptions/ClientException.class], URL [jar:file:/Users/wulonghui/.m2/repository/com/youzan/DCC-Client/1.1.0330-RELEASE/DCC-Client-1.1.0330-RELEASE.jar!/com/youzan/dcc/client/exceptions/ClientRuntimeException.class], URL [jar:file:/Users/wulonghui/.m2/repository/com/youzan/DCC-Client/1.1.0330-RELEASE/DCC-Client-1.1.0330-RELEASE.jar!/com/youzan/dcc/client/exceptions/ConfigParserException.class], URL [jar:file:/Users/wulonghui/.m2/repository/com/youzan/DCC-Client/1.1.0330-RELEASE/DCC-Client-1.1.0330-RELEASE.jar!/com/youzan/dcc/client/exceptions/InvalidConfigException.class], URL [jar:file:/Users/wulonghui/.m2/repository/com/youzan/DCC-Client/1.1.0330-RELEASE/DCC-Client-1.1.0330-RELEASE.jar!/com/youzan/dcc/client/IConfigClient.class], URL [jar:file:/Users/wulonghui/.m2/repository/com/youzan/DCC-Client/1.1.0330-RELEASE/DCC-Client-1.1.0330-RELEASE.jar!/com/youzan/dcc/client/util/AbstractDCCConfigBuilder.class], URL [jar:file:/Users/wulonghui/.m2/repository/com/youzan/DCC-Client/1.1.0330-RELEASE/DCC-Client-1.1.0330-RELEASE.jar!/com/youzan/dcc/client/util/inetrfaces/ClientConfig.class], URL [jar:file:/Users/wulonghui/.m2/repository/com/youzan/DCC-Client/1.1.0330-RELEASE/DCC-Client-1.1.0330-RELEASE.jar!/com/youzan/dcc/client/util/inetrfaces/IConfig.class], URL [jar:file:/Users/wulonghui/.m2/repository/com/youzan/DCC-Client/1.1.0330-RELEASE/DCC-Client-1.1.0330-RELEASE.jar!/com/youzan/dcc/client/util/SystemUtils.class], URL [jar:file:/Users/wulonghui/.m2/repository/com/youzan/DCC-Client/1.1.0330-RELEASE/DCC-Client-1.1.0330-RELEASE.jar!/com/youzan/dcc/client/Version.class], URL [jar:file:/Users/wulonghui/.m2/repository/com/youzan/httpasyncclient/4.1.2-RELEASE/httpasyncclient-4.1.2-RELEASE.jar!/com/youzan/http/impl/nio/client/AbstractClientExchangeHandler$1.class], URL [jar:file:/Users/wulonghui/.m2/repository/com/youzan/httpasyncclient/4.1.2-RELEASE/httpasyncclient-4.1.2-RELEASE.jar!/com/youzan/http/impl/nio/client/AbstractClientExchangeHandler.class], URL [jar:file:/Users/wulonghui/.m2/repository/com/youzan/httpasyncclient/4.1.2-RELEASE/httpasyncclient-4.1.2-RELEASE.jar!/com/youzan/http/impl/nio/client/AbstractHttpAsyncClient$1.class], URL [jar:file:/Users/wulonghui/.m2/repository/com/youzan/httpasyncclient/4.1.2-RELEASE/httpasyncclient-4.1.2-RELEASE.jar!/com/youzan/http/impl/nio/client/AbstractHttpAsyncClient.class], URL [jar:file:/Users/wulonghui/.m2/repository/com/youzan/httpasyncclient/4.1.2-RELEASE/httpasyncclient-4.1.2-RELEASE.jar!/com/youzan/http/impl/nio/client/CloseableHttpAsyncClient.class], URL [jar:file:/Users/wulonghui/.m2/repository/com/youzan/httpasyncclient/4.1.2-RELEASE/httpasyncclient-4.1.2-RELEASE.jar!/com/youzan/http/impl/nio/client/CloseableHttpAsyncClientBase$1.class], URL [jar:file:/Users/wulonghui/.m2/repository/com/youzan/httpasyncclient/4.1.2-RELEASE/httpasyncclient-4.1.2-RELEASE.jar!/com/youzan/http/impl/nio/client/CloseableHttpAsyncClientBase$Status.class], URL [jar:file:/Users/wulonghui/.m2/repository/com/youzan/httpasyncclient/4.1.2-RELEASE/httpasyncclient-4.1.2-RELEASE.jar!/com/youzan/http/impl/nio/client/CloseableHttpAsyncClientBase.class], URL [jar:file:/Users/wulonghui/.m2/repository/com/youzan/httpasyncclient/4.1.2-RELEASE/httpasyncclient-4.1.2-RELEASE.jar!/com/youzan/http/impl/nio/client/CloseableHttpPipeliningClient.class], URL [jar:file:/Users/wulonghui/.m2/repository/com/youzan/httpasyncclient/4.1.2-RELEASE/httpasyncclient-4.1.2-RELEASE.jar!/com/youzan/http/impl/nio/client/DefaultAsyncRequestDirector$1.class], URL [jar:file:/Users/wulonghui/.m2/repository/com/youzan/httpasyncclient/4.1.2-RELEASE/httpasyncclient-4.1.2-RELEASE.jar!/com/youzan/http/impl/nio/client/DefaultAsyncRequestDirector$InternalFutureCallback.class], URL [jar:file:/Users/wulonghui/.m2/repository/com/youzan/httpasyncclient/4.1.2-RELEASE/httpasyncclient-4.1.2-RELEASE.jar!/com/youzan/http/impl/nio/client/DefaultAsyncRequestDirector.class], URL [jar:file:/Users/wulonghui/.m2/repository/com/youzan/httpasyncclient/4.1.2-RELEASE/httpasyncclient-4.1.2-RELEASE.jar!/com/youzan/http/impl/nio/client/DefaultAsyncUserTokenHandler.class], URL [jar:file:/Users/wulonghui/.m2/repository/com/youzan/httpasyncclient/4.1.2-RELEASE/httpasyncclient-4.1.2-RELEASE.jar!/com/youzan/http/impl/nio/client/DefaultClientExchangeHandlerImpl.class], URL [jar:file:/Users/wulonghui/.m2/repository/com/youzan/httpasyncclient/4.1.2-RELEASE/httpasyncclient-4.1.2-RELEASE.jar!/com/youzan/http/impl/nio/client/DefaultHttpAsyncClient.class], URL [jar:file:/Users/wulonghui/.m2/repository/com/youzan/httpasyncclient/4.1.2-RELEASE/httpasyncclient-4.1.2-RELEASE.jar!/com/youzan/http/impl/nio/client/DefaultResultCallback.class], URL [jar:file:/Users/wulonghui/.m2/repository/com/youzan/httpasyncclient/4.1.2-RELEASE/httpasyncclient-4.1.2-RELEASE.jar!/com/youzan/http/impl/nio/client/HttpAsyncClientBuilder.class], URL [jar:file:/Users/wulonghui/.m2/repository/com/youzan/httpasyncclient/4.1.2-RELEASE/httpasyncclient-4.1.2-RELEASE.jar!/com/youzan/http/impl/nio/client/HttpAsyncClients.class], URL [jar:file:/Users/wulonghui/.m2/repository/com/youzan/httpasyncclient/4.1.2-RELEASE/httpasyncclient-4.1.2-RELEASE.jar!/com/youzan/http/impl/nio/client/InternalClientExec.class], URL [jar:file:/Users/wulonghui/.m2/repository/com/youzan/httpasyncclient/4.1.2-RELEASE/httpasyncclient-4.1.2-RELEASE.jar!/com/youzan/http/impl/nio/client/InternalHttpAsyncClient.class], URL [jar:file:/Users/wulonghui/.m2/repository/com/youzan/httpasyncclient/4.1.2-RELEASE/httpasyncclient-4.1.2-RELEASE.jar!/com/youzan/http/impl/nio/client/InternalIODispatch.class], URL [jar:file:/Users/wulonghui/.m2/repository/com/youzan/httpasyncclient/4.1.2-RELEASE/httpasyncclient-4.1.2-RELEASE.jar!/com/youzan/http/impl/nio/client/InternalIOReactorExceptionHandler.class], URL [jar:file:/Users/wulonghui/.m2/repository/com/youzan/httpasyncclient/4.1.2-RELEASE/httpasyncclient-4.1.2-RELEASE.jar!/com/youzan/http/impl/nio/client/InternalRequestExecutor.class], URL [jar:file:/Users/wulonghui/.m2/repository/com/youzan/httpasyncclient/4.1.2-RELEASE/httpasyncclient-4.1.2-RELEASE.jar!/com/youzan/http/impl/nio/client/InternalState.class], URL [jar:file:/Users/wulonghui/.m2/repository/com/youzan/httpasyncclient/4.1.2-RELEASE/httpasyncclient-4.1.2-RELEASE.jar!/com/youzan/http/impl/nio/client/IOReactorUtils.class], URL [jar:file:/Users/wulonghui/.m2/repository/com/youzan/httpasyncclient/4.1.2-RELEASE/httpasyncclient-4.1.2-RELEASE.jar!/com/youzan/http/impl/nio/client/MainClientExec.class], URL [jar:file:/Users/wulonghui/.m2/repository/com/youzan/httpasyncclient/4.1.2-RELEASE/httpasyncclient-4.1.2-RELEASE.jar!/com/youzan/http/impl/nio/client/MinimalClientExchangeHandlerImpl.class], URL [jar:file:/Users/wulonghui/.m2/repository/com/youzan/httpasyncclient/4.1.2-RELEASE/httpasyncclient-4.1.2-RELEASE.jar!/com/youzan/http/impl/nio/client/MinimalHttpAsyncClient.class], URL [jar:file:/Users/wulonghui/.m2/repository/com/youzan/httpasyncclient/4.1.2-RELEASE/httpasyncclient-4.1.2-RELEASE.jar!/com/youzan/http/impl/nio/client/MinimalHttpAsyncClientBuilder.class], URL [jar:file:/Users/wulonghui/.m2/repository/com/youzan/httpasyncclient/4.1.2-RELEASE/httpasyncclient-4.1.2-RELEASE.jar!/com/youzan/http/impl/nio/client/ParamConfig.class], URL [jar:file:/Users/wulonghui/.m2/repository/com/youzan/httpasyncclient/4.1.2-RELEASE/httpasyncclient-4.1.2-RELEASE.jar!/com/youzan/http/impl/nio/client/PipeliningClientExchangeHandlerImpl.class], URL [jar:file:/Users/wulonghui/.m2/repository/com/youzan/httpasyncclient/4.1.2-RELEASE/httpasyncclient-4.1.2-RELEASE.jar!/com/youzan/http/impl/nio/client/ResultCallback.class], URL [jar:file:/Users/wulonghui/.m2/repository/com/youzan/httpasyncclient/4.1.2-RELEASE/httpasyncclient-4.1.2-RELEASE.jar!/com/youzan/http/impl/nio/conn/AsyncSchemeRegistryFactory.class], URL [jar:file:/Users/wulonghui/.m2/repository/com/youzan/httpasyncclient/4.1.2-RELEASE/httpasyncclient-4.1.2-RELEASE.jar!/com/youzan/http/impl/nio/conn/CPool.class], URL [jar:file:/Users/wulonghui/.m2/repository/com/youzan/httpasyncclient/4.1.2-RELEASE/httpasyncclient-4.1.2-RELEASE.jar!/com/youzan/http/impl/nio/conn/CPoolEntry.class], URL [jar:file:/Users/wulonghui/.m2/repository/com/youzan/httpasyncclient/4.1.2-RELEASE/httpasyncclient-4.1.2-RELEASE.jar!/com/youzan/http/impl/nio/conn/CPoolProxy.class], URL [jar:file:/Users/wulonghui/.m2/repository/com/youzan/httpasyncclient/4.1.2-RELEASE/httpasyncclient-4.1.2-RELEASE.jar!/com/youzan/http/impl/nio/conn/DefaultClientAsyncConnection.class], URL [jar:file:/Users/wulonghui/.m2/repository/com/youzan/httpasyncclient/4.1.2-RELEASE/httpasyncclient-4.1.2-RELEASE.jar!/com/youzan/http/impl/nio/conn/DefaultClientAsyncConnectionFactory.class], URL [jar:file:/Users/wulonghui/.m2/repository/com/youzan/httpasyncclient/4.1.2-RELEASE/httpasyncclient-4.1.2-RELEASE.jar!/com/youzan/http/impl/nio/conn/DefaultHttpAsyncRoutePlanner.class], URL [jar:file:/Users/wulonghui/.m2/repository/com/youzan/httpasyncclient/4.1.2-RELEASE/httpasyncclient-4.1.2-RELEASE.jar!/com/youzan/http/impl/nio/conn/HttpNIOConnPool.class], URL [jar:file:/Users/wulonghui/.m2/repository/com/youzan/httpasyncclient/4.1.2-RELEASE/httpasyncclient-4.1.2-RELEASE.jar!/com/youzan/http/impl/nio/conn/HttpNIOConnPoolFactory.class], URL [jar:file:/Users/wulonghui/.m2/repository/com/youzan/httpasyncclient/4.1.2-RELEASE/httpasyncclient-4.1.2-RELEASE.jar!/com/youzan/http/impl/nio/conn/HttpPoolEntry.class], URL [jar:file:/Users/wulonghui/.m2/repository/com/youzan/httpasyncclient/4.1.2-RELEASE/httpasyncclient-4.1.2-RELEASE.jar!/com/youzan/http/impl/nio/conn/LoggingIOSession$LoggingByteChannel.class], URL [jar:file:/Users/wulonghui/.m2/repository/com/youzan/httpasyncclient/4.1.2-RELEASE/httpasyncclient-4.1.2-RELEASE.jar!/com/youzan/http/impl/nio/conn/LoggingIOSession.class], URL [jar:file:/Users/wulonghui/.m2/repository/com/youzan/httpasyncclient/4.1.2-RELEASE/httpasyncclient-4.1.2-RELEASE.jar!/com/youzan/http/impl/nio/conn/ManagedClientAsyncConnectionImpl.class], URL [jar:file:/Users/wulonghui/.m2/repository/com/youzan/httpasyncclient/4.1.2-RELEASE/httpasyncclient-4.1.2-RELEASE.jar!/com/youzan/http/impl/nio/conn/ManagedNHttpClientConnectionFactory.class], URL [jar:file:/Users/wulonghui/.m2/repository/com/youzan/httpasyncclient/4.1.2-RELEASE/httpasyncclient-4.1.2-RELEASE.jar!/com/youzan/http/impl/nio/conn/ManagedNHttpClientConnectionImpl.class], URL [jar:file:/Users/wulonghui/.m2/repository/com/youzan/httpasyncclient/4.1.2-RELEASE/httpasyncclient-4.1.2-RELEASE.jar!/com/youzan/http/impl/nio/conn/PoolingClientAsyncConnectionManager$InternalPoolEntryCallback.class], URL [jar:file:/Users/wulonghui/.m2/repository/com/youzan/httpasyncclient/4.1.2-RELEASE/httpasyncclient-4.1.2-RELEASE.jar!/com/youzan/http/impl/nio/conn/PoolingClientAsyncConnectionManager.class], URL [jar:file:/Users/wulonghui/.m2/repository/com/youzan/httpasyncclient/4.1.2-RELEASE/httpasyncclient-4.1.2-RELEASE.jar!/com/youzan/http/impl/nio/conn/PoolingNHttpClientConnectionManager$ConfigData.class], URL [jar:file:/Users/wulonghui/.m2/repository/com/youzan/httpasyncclient/4.1.2-RELEASE/httpasyncclient-4.1.2-RELEASE.jar!/com/youzan/http/impl/nio/conn/PoolingNHttpClientConnectionManager$InternalAddressResolver.class], URL [jar:file:/Users/wulonghui/.m2/repository/com/youzan/httpasyncclient/4.1.2-RELEASE/httpasyncclient-4.1.2-RELEASE.jar!/com/youzan/http/impl/nio/conn/PoolingNHttpClientConnectionManager$InternalConnectionFactory.class], URL [jar:file:/Users/wulonghui/.m2/repository/com/youzan/httpasyncclient/4.1.2-RELEASE/httpasyncclient-4.1.2-RELEASE.jar!/com/youzan/http/impl/nio/conn/PoolingNHttpClientConnectionManager$InternalPoolEntryCallback.class], URL [jar:file:/Users/wulonghui/.m2/repository/com/youzan/httpasyncclient/4.1.2-RELEASE/httpasyncclient-4.1.2-RELEASE.jar!/com/youzan/http/impl/nio/conn/PoolingNHttpClientConnectionManager.class], URL [jar:file:/Users/wulonghui/.m2/repository/com/youzan/httpasyncclient/4.1.2-RELEASE/httpasyncclient-4.1.2-RELEASE.jar!/com/youzan/http/impl/nio/conn/Wire.class], URL [jar:file:/Users/wulonghui/.m2/repository/com/youzan/httpasyncclient/4.1.2-RELEASE/httpasyncclient-4.1.2-RELEASE.jar!/com/youzan/http/nio/client/HttpAsyncClient.class], URL [jar:file:/Users/wulonghui/.m2/repository/com/youzan/httpasyncclient/4.1.2-RELEASE/httpasyncclient-4.1.2-RELEASE.jar!/com/youzan/http/nio/client/HttpPipeliningClient.class], URL [jar:file:/Users/wulonghui/.m2/repository/com/youzan/httpasyncclient/4.1.2-RELEASE/httpasyncclient-4.1.2-RELEASE.jar!/com/youzan/http/nio/client/methods/AsyncByteConsumer.class], URL [jar:file:/Users/wulonghui/.m2/repository/com/youzan/httpasyncclient/4.1.2-RELEASE/httpasyncclient-4.1.2-RELEASE.jar!/com/youzan/http/nio/client/methods/AsyncCharConsumer.class], URL [jar:file:/Users/wulonghui/.m2/repository/com/youzan/httpasyncclient/4.1.2-RELEASE/httpasyncclient-4.1.2-RELEASE.jar!/com/youzan/http/nio/client/methods/BaseZeroCopyRequestProducer.class], URL [jar:file:/Users/wulonghui/.m2/repository/com/youzan/httpasyncclient/4.1.2-RELEASE/httpasyncclient-4.1.2-RELEASE.jar!/com/youzan/http/nio/client/methods/HttpAsyncMethods$1.class], URL [jar:file:/Users/wulonghui/.m2/repository/com/youzan/httpasyncclient/4.1.2-RELEASE/httpasyncclient-4.1.2-RELEASE.jar!/com/youzan/http/nio/client/methods/HttpAsyncMethods$RequestProducerImpl.class], URL [jar:file:/Users/wulonghui/.m2/repository/com/youzan/httpasyncclient/4.1.2-RELEASE/httpasyncclient-4.1.2-RELEASE.jar!/com/youzan/http/nio/client/methods/HttpAsyncMethods.class], URL [jar:file:/Users/wulonghui/.m2/repository/com/youzan/httpasyncclient/4.1.2-RELEASE/httpasyncclient-4.1.2-RELEASE.jar!/com/youzan/http/nio/client/methods/ZeroCopyConsumer.class], URL [jar:file:/Users/wulonghui/.m2/repository/com/youzan/httpasyncclient/4.1.2-RELEASE/httpasyncclient-4.1.2-RELEASE.jar!/com/youzan/http/nio/client/methods/ZeroCopyPost.class], URL [jar:file:/Users/wulonghui/.m2/repository/com/youzan/httpasyncclient/4.1.2-RELEASE/httpasyncclient-4.1.2-RELEASE.jar!/com/youzan/http/nio/client/methods/ZeroCopyPut.class], URL [jar:file:/Users/wulonghui/.m2/repository/com/youzan/httpasyncclient/4.1.2-RELEASE/httpasyncclient-4.1.2-RELEASE.jar!/com/youzan/http/nio/client/util/HttpAsyncClientUtils.class], URL [jar:file:/Users/wulonghui/.m2/repository/com/youzan/httpasyncclient/4.1.2-RELEASE/httpasyncclient-4.1.2-RELEASE.jar!/com/youzan/http/nio/conn/ClientAsyncConnection.class], URL [jar:file:/Users/wulonghui/.m2/repository/com/youzan/httpasyncclient/4.1.2-RELEASE/httpasyncclient-4.1.2-RELEASE.jar!/com/youzan/http/nio/conn/ClientAsyncConnectionFactory.class], URL [jar:file:/Users/wulonghui/.m2/repository/com/youzan/httpasyncclient/4.1.2-RELEASE/httpasyncclient-4.1.2-RELEASE.jar!/com/youzan/http/nio/conn/ClientAsyncConnectionManager.class], URL [jar:file:/Users/wulonghui/.m2/repository/com/youzan/httpasyncclient/4.1.2-RELEASE/httpasyncclient-4.1.2-RELEASE.jar!/com/youzan/http/nio/conn/ManagedClientAsyncConnection.class], URL [jar:file:/Users/wulonghui/.m2/repository/com/youzan/httpasyncclient/4.1.2-RELEASE/httpasyncclient-4.1.2-RELEASE.jar!/com/youzan/http/nio/conn/ManagedNHttpClientConnection.class], URL [jar:file:/Users/wulonghui/.m2/repository/com/youzan/httpasyncclient/4.1.2-RELEASE/httpasyncclient-4.1.2-RELEASE.jar!/com/youzan/http/nio/conn/NHttpClientConnectionManager.class], URL [jar:file:/Users/wulonghui/.m2/repository/com/youzan/httpasyncclient/4.1.2-RELEASE/httpasyncclient-4.1.2-RELEASE.jar!/com/youzan/http/nio/conn/NHttpConnectionFactory.class], URL [jar:file:/Users/wulonghui/.m2/repository/com/youzan/httpasyncclient/4.1.2-RELEASE/httpasyncclient-4.1.2-RELEASE.jar!/com/youzan/http/nio/conn/NoopIOSessionStrategy.class], URL [jar:file:/Users/wulonghui/.m2/repository/com/youzan/httpasyncclient/4.1.2-RELEASE/httpasyncclient-4.1.2-RELEASE.jar!/com/youzan/http/nio/conn/scheme/AsyncScheme.class], URL [jar:file:/Users/wulonghui/.m2/repository/com/youzan/httpasyncclient/4.1.2-RELEASE/httpasyncclient-4.1.2-RELEASE.jar!/com/youzan/http/nio/conn/scheme/AsyncSchemeRegistry.class], URL [jar:file:/Users/wulonghui/.m2/repository/com/youzan/httpasyncclient/4.1.2-RELEASE/httpasyncclient-4.1.2-RELEASE.jar!/com/youzan/http/nio/conn/scheme/LayeringStrategy.class], URL [jar:file:/Users/wulonghui/.m2/repository/com/youzan/httpasyncclient/4.1.2-RELEASE/httpasyncclient-4.1.2-RELEASE.jar!/com/youzan/http/nio/conn/SchemeIOSessionStrategy.class], URL [jar:file:/Users/wulonghui/.m2/repository/com/youzan/httpasyncclient/4.1.2-RELEASE/httpasyncclient-4.1.2-RELEASE.jar!/com/youzan/http/nio/conn/ssl/SSLIOSessionStrategy$1.class], URL [jar:file:/Users/wulonghui/.m2/repository/com/youzan/httpasyncclient/4.1.2-RELEASE/httpasyncclient-4.1.2-RELEASE.jar!/com/youzan/http/nio/conn/ssl/SSLIOSessionStrategy.class], URL [jar:file:/Users/wulonghui/.m2/repository/com/youzan/httpasyncclient/4.1.2-RELEASE/httpasyncclient-4.1.2-RELEASE.jar!/com/youzan/http/nio/conn/ssl/SSLLayeringStrategy$1.class], URL [jar:file:/Users/wulonghui/.m2/repository/com/youzan/httpasyncclient/4.1.2-RELEASE/httpasyncclient-4.1.2-RELEASE.jar!/com/youzan/http/nio/conn/ssl/SSLLayeringStrategy.class], URL [jar:file:/Users/wulonghui/.m2/repository/com/youzan/httpasyncclient/4.1.2-RELEASE/httpasyncclient-4.1.2-RELEASE.jar!/com/youzan/http/nio/conn/ssl/TrustManagerDecorator.class], URL [jar:file:/Users/wulonghui/.m2/repository/com/youzan/pay/merchant-api/0.0.7-20170804-RELEASE/merchant-api-0.0.7-20170804-RELEASE.jar!/com/youzan/pay/customer/api/AuthenticationService.class], URL [jar:file:/Users/wulonghui/.m2/repository/com/youzan/pay/merchant-api/0.0.7-20170804-RELEASE/merchant-api-0.0.7-20170804-RELEASE.jar!/com/youzan/pay/customer/api/enums/MerchantContractStatusEnum.class], URL [jar:file:/Users/wulonghui/.m2/repository/com/youzan/pay/merchant-api/0.0.7-20170804-RELEASE/merchant-api-0.0.7-20170804-RELEASE.jar!/com/youzan/pay/customer/api/MerchantAccountService.class], URL [jar:file:/Users/wulonghui/.m2/repository/com/youzan/pay/merchant-api/0.0.7-20170804-RELEASE/merchant-api-0.0.7-20170804-RELEASE.jar!/com/youzan/pay/customer/api/MerchantLoginService.class], URL [jar:file:/Users/wulonghui/.m2/repository/com/youzan/pay/merchant-api/0.0.7-20170804-RELEASE/merchant-api-0.0.7-20170804-RELEASE.jar!/com/youzan/pay/customer/api/MerchantTradeService.class], URL [jar:file:/Users/wulonghui/.m2/repository/com/youzan/pay/merchant-api/0.0.7-20170804-RELEASE/merchant-api-0.0.7-20170804-RELEASE.jar!/com/youzan/pay/customer/api/product/constant/ExtendConst.class], URL [jar:file:/Users/wulonghui/.m2/repository/com/youzan/pay/merchant-api/0.0.7-20170804-RELEASE/merchant-api-0.0.7-20170804-RELEASE.jar!/com/youzan/pay/customer/api/product/request/BatchTerminateContractRequest.class], URL [jar:file:/Users/wulonghui/.m2/repository/com/youzan/pay/merchant-api/0.0.7-20170804-RELEASE/merchant-api-0.0.7-20170804-RELEASE.jar!/com/youzan/pay/customer/api/product/request/FetchCodesRequest.class], URL [jar:file:/Users/wulonghui/.m2/repository/com/youzan/pay/merchant-api/0.0.7-20170804-RELEASE/merchant-api-0.0.7-20170804-RELEASE.jar!/com/youzan/pay/customer/api/product/request/FetchUsableProductsRequest.class], URL [jar:file:/Users/wulonghui/.m2/repository/com/youzan/pay/merchant-api/0.0.7-20170804-RELEASE/merchant-api-0.0.7-20170804-RELEASE.jar!/com/youzan/pay/customer/api/product/request/TerminateContractRequest.class], URL [jar:file:/Users/wulonghui/.m2/repository/com/youzan/pay/merchant-api/0.0.7-20170804-RELEASE/merchant-api-0.0.7-20170804-RELEASE.jar!/com/youzan/pay/customer/api/product/result/ProductInfoDTO.class], URL [jar:file:/Users/wulonghui/.m2/repository/com/youzan/pay/merchant-api/0.0.7-20170804-RELEASE/merchant-api-0.0.7-20170804-RELEASE.jar!/com/youzan/pay/customer/api/product/UnifiedBizCodeService.class], URL [jar:file:/Users/wulonghui/.m2/repository/com/youzan/pay/merchant-api/0.0.7-20170804-RELEASE/merchant-api-0.0.7-20170804-RELEASE.jar!/com/youzan/pay/customer/api/request/ApplyWithDrawRequest.class], URL [jar:file:/Users/wulonghui/.m2/repository/com/youzan/pay/merchant-api/0.0.7-20170804-RELEASE/merchant-api-0.0.7-20170804-RELEASE.jar!/com/youzan/pay/customer/api/request/CheckRequest.class], URL [jar:file:/Users/wulonghui/.m2/repository/com/youzan/pay/merchant-api/0.0.7-20170804-RELEASE/merchant-api-0.0.7-20170804-RELEASE.jar!/com/youzan/pay/customer/api/request/MchAccountVO.class], URL [jar:file:/Users/wulonghui/.m2/repository/com/youzan/pay/merchant-api/0.0.7-20170804-RELEASE/merchant-api-0.0.7-20170804-RELEASE.jar!/com/youzan/pay/customer/api/request/MerchantRegRequest.class], URL [jar:file:/Users/wulonghui/.m2/repository/com/youzan/pay/merchant-api/0.0.7-20170804-RELEASE/merchant-api-0.0.7-20170804-RELEASE.jar!/com/youzan/pay/customer/api/request/MerchantTradeQueryRequest.class], URL [jar:file:/Users/wulonghui/.m2/repository/com/youzan/pay/merchant-api/0.0.7-20170804-RELEASE/merchant-api-0.0.7-20170804-RELEASE.jar!/com/youzan/pay/customer/api/request/MerchantUserRegRequest.class], URL [jar:file:/Users/wulonghui/.m2/repository/com/youzan/pay/merchant-api/0.0.7-20170804-RELEASE/merchant-api-0.0.7-20170804-RELEASE.jar!/com/youzan/pay/customer/api/request/QueryBaseRequest.class], URL [jar:file:/Users/wulonghui/.m2/repository/com/youzan/pay/merchant-api/0.0.7-20170804-RELEASE/merchant-api-0.0.7-20170804-RELEASE.jar!/com/youzan/pay/customer/api/request/QueryBoundCardRequest.class], URL [jar:file:/Users/wulonghui/.m2/repository/com/youzan/pay/merchant-api/0.0.7-20170804-RELEASE/merchant-api-0.0.7-20170804-RELEASE.jar!/com/youzan/pay/customer/api/request/QueryConfigRequest.class], URL [jar:file:/Users/wulonghui/.m2/repository/com/youzan/pay/merchant-api/0.0.7-20170804-RELEASE/merchant-api-0.0.7-20170804-RELEASE.jar!/com/youzan/pay/customer/api/request/QuerySignKeyRequest.class], URL [jar:file:/Users/wulonghui/.m2/repository/com/youzan/pay/merchant-api/0.0.7-20170804-RELEASE/merchant-api-0.0.7-20170804-RELEASE.jar!/com/youzan/pay/customer/api/result/AccountAvailableBalanceResult.class], URL [jar:file:/Users/wulonghui/.m2/repository/com/youzan/pay/merchant-api/0.0.7-20170804-RELEASE/merchant-api-0.0.7-20170804-RELEASE.jar!/com/youzan/pay/customer/api/result/BaseResult.class], URL [jar:file:/Users/wulonghui/.m2/repository/com/youzan/pay/merchant-api/0.0.7-20170804-RELEASE/merchant-api-0.0.7-20170804-RELEASE.jar!/com/youzan/pay/customer/api/result/GenerateUserNoResult.class], URL [jar:file:/Users/wulonghui/.m2/repository/com/youzan/pay/merchant-api/0.0.7-20170804-RELEASE/merchant-api-0.0.7-20170804-RELEASE.jar!/com/youzan/pay/customer/api/result/MerchantAccountingSummaryResult$AccountingSummary.class], URL [jar:file:/Users/wulonghui/.m2/repository/com/youzan/pay/merchant-api/0.0.7-20170804-RELEASE/merchant-api-0.0.7-20170804-RELEASE.jar!/com/youzan/pay/customer/api/result/MerchantContractResult.class], URL [jar:file:/Users/wulonghui/.m2/repository/com/youzan/pay/merchant-api/0.0.7-20170804-RELEASE/merchant-api-0.0.7-20170804-RELEASE.jar!/com/youzan/pay/customer/api/result/MerchantProductInfo$PayChannel.class], URL [jar:file:/Users/wulonghui/.m2/repository/com/youzan/pay/merchant-api/0.0.7-20170804-RELEASE/merchant-api-0.0.7-20170804-RELEASE.jar!/com/youzan/pay/customer/api/result/MerchantSalesStatInfo$StatInfo.class], URL [jar:file:/Users/wulonghui/.m2/repository/com/youzan/pay/merchant-api/0.0.7-20170804-RELEASE/merchant-api-0.0.7-20170804-RELEASE.jar!/com/youzan/pay/customer/api/result/MerchantSignContractInfoResult.class], URL [jar:file:/Users/wulonghui/.m2/repository/com/youzan/pay/merchant-api/0.0.7-20170804-RELEASE/merchant-api-0.0.7-20170804-RELEASE.jar!/com/youzan/pay/customer/api/result/PayToolConfig.class], URL [jar:file:/Users/wulonghui/.m2/repository/com/youzan/pay/merchant-api/0.0.7-20170804-RELEASE/merchant-api-0.0.7-20170804-RELEASE.jar!/com/youzan/pay/customer/api/result/QuerySignKeyResult.class], URL [jar:file:/Users/wulonghui/.m2/repository/com/youzan/pay/merchant-api/0.0.7-20170804-RELEASE/merchant-api-0.0.7-20170804-RELEASE.jar!/com/youzan/pay/customer/api/result/SubMerchantNameInfoResult.class], URL [jar:file:/Users/wulonghui/.m2/repository/com/youzan/pay/merchant-api/0.0.7-20170804-RELEASE/merchant-api-0.0.7-20170804-RELEASE.jar!/com/youzan/pay/customer/api/result/VerifyResult.class], URL [jar:file:/Users/wulonghui/.m2/repository/com/youzan/pay/merchant-api/0.0.7-20170804-RELEASE/merchant-api-0.0.7-20170804-RELEASE.jar!/com/youzan/pay/customer/api/ScheduledJobService.class], URL [jar:file:/Users/wulonghui/.m2/repository/com/youzan/pay/merchant-api/0.0.7-20170804-RELEASE/merchant-api-0.0.7-20170804-RELEASE.jar!/com/youzan/pay/customer/api/BankCardService.class], URL [jar:file:/Users/wulonghui/.m2/repository/com/youzan/pay/merchant-api/0.0.7-20170804-RELEASE/merchant-api-0.0.7-20170804-RELEASE.jar!/com/youzan/pay/customer/api/enums/ContractBusiTypeEnum.class], URL [jar:file:/Users/wulonghui/.m2/repository/com/youzan/pay/merchant-api/0.0.7-20170804-RELEASE/merchant-api-0.0.7-20170804-RELEASE.jar!/com/youzan/pay/customer/api/enums/MerchantContractTypeEnum.class], URL [jar:file:/Users/wulonghui/.m2/repository/com/youzan/pay/merchant-api/0.0.7-20170804-RELEASE/merchant-api-0.0.7-20170804-RELEASE.jar!/com/youzan/pay/customer/api/FundOperationService.class], URL [jar:file:/Users/wulonghui/.m2/repository/com/youzan/pay/merchant-api/0.0.7-20170804-RELEASE/merchant-api-0.0.7-20170804-RELEASE.jar!/com/youzan/pay/customer/api/MerchantContractService.class], URL [jar:file:/Users/wulonghui/.m2/repository/com/youzan/pay/merchant-api/0.0.7-20170804-RELEASE/merchant-api-0.0.7-20170804-RELEASE.jar!/com/youzan/pay/customer/api/MerchantService.class], URL [jar:file:/Users/wulonghui/.m2/repository/com/youzan/pay/merchant-api/0.0.7-20170804-RELEASE/merchant-api-0.0.7-20170804-RELEASE.jar!/com/youzan/pay/customer/api/PayToolsService.class], URL [jar:file:/Users/wulonghui/.m2/repository/com/youzan/pay/merchant-api/0.0.7-20170804-RELEASE/merchant-api-0.0.7-20170804-RELEASE.jar!/com/youzan/pay/customer/api/product/ProductService.class], URL [jar:file:/Users/wulonghui/.m2/repository/com/youzan/pay/merchant-api/0.0.7-20170804-RELEASE/merchant-api-0.0.7-20170804-RELEASE.jar!/com/youzan/pay/customer/api/product/request/CreateCodeRequest.class], URL [jar:file:/Users/wulonghui/.m2/repository/com/youzan/pay/merchant-api/0.0.7-20170804-RELEASE/merchant-api-0.0.7-20170804-RELEASE.jar!/com/youzan/pay/customer/api/product/request/QueryEffectiveContractRequest.class], URL [jar:file:/Users/wulonghui/.m2/repository/com/youzan/pay/merchant-api/0.0.7-20170804-RELEASE/merchant-api-0.0.7-20170804-RELEASE.jar!/com/youzan/pay/customer/api/product/result/BizCodeInfoDTO.class], URL [jar:file:/Users/wulonghui/.m2/repository/com/youzan/pay/merchant-api/0.0.7-20170804-RELEASE/merchant-api-0.0.7-20170804-RELEASE.jar!/com/youzan/pay/customer/api/product/result/FeeRateInfoDTO.class], URL [jar:file:/Users/wulonghui/.m2/repository/com/youzan/pay/merchant-api/0.0.7-20170804-RELEASE/merchant-api-0.0.7-20170804-RELEASE.jar!/com/youzan/pay/customer/api/product/result/SignResultDTO.class], URL [jar:file:/Users/wulonghui/.m2/repository/com/youzan/pay/merchant-api/0.0.7-20170804-RELEASE/merchant-api-0.0.7-20170804-RELEASE.jar!/com/youzan/pay/customer/api/request/BaseRequest.class], URL [jar:file:/Users/wulonghui/.m2/repository/com/youzan/pay/merchant-api/0.0.7-20170804-RELEASE/merchant-api-0.0.7-20170804-RELEASE.jar!/com/youzan/pay/customer/api/request/ContactsRequest.class], URL [jar:file:/Users/wulonghui/.m2/repository/com/youzan/pay/merchant-api/0.0.7-20170804-RELEASE/merchant-api-0.0.7-20170804-RELEASE.jar!/com/youzan/pay/customer/api/request/MerchantContractRequest.class], URL [jar:file:/Users/wulonghui/.m2/repository/com/youzan/pay/merchant-api/0.0.7-20170804-RELEASE/merchant-api-0.0.7-20170804-RELEASE.jar!/com/youzan/pay/customer/api/request/MerchantSignContractParam.class], URL [jar:file:/Users/wulonghui/.m2/repository/com/youzan/pay/merchant-api/0.0.7-20170804-RELEASE/merchant-api-0.0.7-20170804-RELEASE.jar!/com/youzan/pay/customer/api/request/PersonalAuthRequest.class], URL [jar:file:/Users/wulonghui/.m2/repository/com/youzan/pay/merchant-api/0.0.7-20170804-RELEASE/merchant-api-0.0.7-20170804-RELEASE.jar!/com/youzan/pay/customer/api/request/QueryBaseWithBuyerRequest.class], URL [jar:file:/Users/wulonghui/.m2/repository/com/youzan/pay/merchant-api/0.0.7-20170804-RELEASE/merchant-api-0.0.7-20170804-RELEASE.jar!/com/youzan/pay/customer/api/request/QueryPayToolsRequest.class], URL [jar:file:/Users/wulonghui/.m2/repository/com/youzan/pay/merchant-api/0.0.7-20170804-RELEASE/merchant-api-0.0.7-20170804-RELEASE.jar!/com/youzan/pay/customer/api/request/QueryWeixinSelfPaymentParamsRequest.class], URL [jar:file:/Users/wulonghui/.m2/repository/com/youzan/pay/merchant-api/0.0.7-20170804-RELEASE/merchant-api-0.0.7-20170804-RELEASE.jar!/com/youzan/pay/customer/api/request/SetPaymentSwitchRequest.class], URL [jar:file:/Users/wulonghui/.m2/repository/com/youzan/pay/merchant-api/0.0.7-20170804-RELEASE/merchant-api-0.0.7-20170804-RELEASE.jar!/com/youzan/pay/customer/api/result/AccountStatResult.class], URL [jar:file:/Users/wulonghui/.m2/repository/com/youzan/pay/merchant-api/0.0.7-20170804-RELEASE/merchant-api-0.0.7-20170804-RELEASE.jar!/com/youzan/pay/customer/api/result/AuthResult.class], URL [jar:file:/Users/wulonghui/.m2/repository/com/youzan/pay/merchant-api/0.0.7-20170804-RELEASE/merchant-api-0.0.7-20170804-RELEASE.jar!/com/youzan/pay/customer/api/result/CommonError.class], URL [jar:file:/Users/wulonghui/.m2/repository/com/youzan/pay/merchant-api/0.0.7-20170804-RELEASE/merchant-api-0.0.7-20170804-RELEASE.jar!/com/youzan/pay/customer/api/result/MerchantAuthenticationInfo.class], URL [jar:file:/Users/wulonghui/.m2/repository/com/youzan/pay/merchant-api/0.0.7-20170804-RELEASE/merchant-api-0.0.7-20170804-RELEASE.jar!/com/youzan/pay/customer/api/result/MerchantRechargeResult.class], URL [jar:file:/Users/wulonghui/.m2/repository/com/youzan/pay/merchant-api/0.0.7-20170804-RELEASE/merchant-api-0.0.7-20170804-RELEASE.jar!/com/youzan/pay/customer/api/result/Page.class], URL [jar:file:/Users/wulonghui/.m2/repository/com/youzan/pay/merchant-api/0.0.7-20170804-RELEASE/merchant-api-0.0.7-20170804-RELEASE.jar!/com/youzan/pay/customer/api/result/PaymentConfigResult.class], URL [jar:file:/Users/wulonghui/.m2/repository/com/youzan/pay/merchant-api/0.0.7-20170804-RELEASE/merchant-api-0.0.7-20170804-RELEASE.jar!/com/youzan/pay/customer/api/result/Response.class], URL [jar:file:/Users/wulonghui/.m2/repository/com/youzan/pay/merchant-api/0.0.7-20170804-RELEASE/merchant-api-0.0.7-20170804-RELEASE.jar!/com/youzan/pay/customer/api/result/SubMerchantSalesStatInfo.class], URL [jar:file:/Users/wulonghui/.m2/repository/com/youzan/pay/merchant-api/0.0.7-20170804-RELEASE/merchant-api-0.0.7-20170804-RELEASE.jar!/com/youzan/pay/customer/api/result/WithDrawBaseInfoResult$BankInfo.class], URL [jar:file:/Users/wulonghui/.m2/repository/com/youzan/pay/merchant-api/0.0.7-20170804-RELEASE/merchant-api-0.0.7-20170804-RELEASE.jar!/com/youzan/pay/customer/api/UserNoService.class], URL [jar:file:/Users/wulonghui/.m2/repository/com/youzan/pay/merchant-api/0.0.7-20170804-RELEASE/merchant-api-0.0.7-20170804-RELEASE.jar!/com/youzan/pay/customer/api/BusinessRegService.class], URL [jar:file:/Users/wulonghui/.m2/repository/com/youzan/pay/merchant-api/0.0.7-20170804-RELEASE/merchant-api-0.0.7-20170804-RELEASE.jar!/com/youzan/pay/customer/api/enums/MerchantTypeEnum.class], URL [jar:file:/Users/wulonghui/.m2/repository/com/youzan/pay/merchant-api/0.0.7-20170804-RELEASE/merchant-api-0.0.7-20170804-RELEASE.jar!/com/youzan/pay/customer/api/MerchantInfoService.class], URL [jar:file:/Users/wulonghui/.m2/repository/com/youzan/pay/merchant-api/0.0.7-20170804-RELEASE/merchant-api-0.0.7-20170804-RELEASE.jar!/com/youzan/pay/customer/api/MerchantSignContractService.class], URL [jar:file:/Users/wulonghui/.m2/repository/com/youzan/pay/merchant-api/0.0.7-20170804-RELEASE/merchant-api-0.0.7-20170804-RELEASE.jar!/com/youzan/pay/customer/api/product/ContractService.class], URL [jar:file:/Users/wulonghui/.m2/repository/com/youzan/pay/merchant-api/0.0.7-20170804-RELEASE/merchant-api-0.0.7-20170804-RELEASE.jar!/com/youzan/pay/customer/api/product/request/BizCodeInfoRequest.class], URL [jar:file:/Users/wulonghui/.m2/repository/com/youzan/pay/merchant-api/0.0.7-20170804-RELEASE/merchant-api-0.0.7-20170804-RELEASE.jar!/com/youzan/pay/customer/api/product/request/SignContractRequest.class], URL [jar:file:/Users/wulonghui/.m2/repository/com/youzan/pay/merchant-api/0.0.7-20170804-RELEASE/merchant-api-0.0.7-20170804-RELEASE.jar!/com/youzan/pay/customer/api/product/result/PayToolInfoDTO.class], URL [jar:file:/Users/wulonghui/.m2/repository/com/youzan/pay/merchant-api/0.0.7-20170804-RELEASE/merchant-api-0.0.7-20170804-RELEASE.jar!/com/youzan/pay/customer/api/RealNameAuthenticationService.class], URL [jar:file:/Users/wulonghui/.m2/repository/com/youzan/pay/merchant-api/0.0.7-20170804-RELEASE/merchant-api-0.0.7-20170804-RELEASE.jar!/com/youzan/pay/customer/api/request/BindCardRequest.class], URL [jar:file:/Users/wulonghui/.m2/repository/com/youzan/pay/merchant-api/0.0.7-20170804-RELEASE/merchant-api-0.0.7-20170804-RELEASE.jar!/com/youzan/pay/customer/api/request/GenerateUserNoRequest.class], URL [jar:file:/Users/wulonghui/.m2/repository/com/youzan/pay/merchant-api/0.0.7-20170804-RELEASE/merchant-api-0.0.7-20170804-RELEASE.jar!/com/youzan/pay/customer/api/request/GetBoundBankCardRequest.class], URL [jar:file:/Users/wulonghui/.m2/repository/com/youzan/pay/merchant-api/0.0.7-20170804-RELEASE/merchant-api-0.0.7-20170804-RELEASE.jar!/com/youzan/pay/customer/api/request/MerchantRechargeRequest.class], URL [jar:file:/Users/wulonghui/.m2/repository/com/youzan/pay/merchant-api/0.0.7-20170804-RELEASE/merchant-api-0.0.7-20170804-RELEASE.jar!/com/youzan/pay/customer/api/request/OpenServiceMerchantRequest.class], URL [jar:file:/Users/wulonghui/.m2/repository/com/youzan/pay/merchant-api/0.0.7-20170804-RELEASE/merchant-api-0.0.7-20170804-RELEASE.jar!/com/youzan/pay/customer/api/result/AccountingSummaryDetailResult.class], URL [jar:file:/Users/wulonghui/.m2/repository/com/youzan/pay/merchant-api/0.0.7-20170804-RELEASE/merchant-api-0.0.7-20170804-RELEASE.jar!/com/youzan/pay/customer/api/result/ConfigInfo.class], URL [jar:file:/Users/wulonghui/.m2/repository/com/youzan/pay/merchant-api/0.0.7-20170804-RELEASE/merchant-api-0.0.7-20170804-RELEASE.jar!/com/youzan/pay/customer/api/result/MerchantAccountingSummaryResult.class], URL [jar:file:/Users/wulonghui/.m2/repository/com/youzan/pay/merchant-api/0.0.7-20170804-RELEASE/merchant-api-0.0.7-20170804-RELEASE.jar!/com/youzan/pay/customer/api/result/MerchantInfo.class], URL [jar:file:/Users/wulonghui/.m2/repository/com/youzan/pay/merchant-api/0.0.7-20170804-RELEASE/merchant-api-0.0.7-20170804-RELEASE.jar!/com/youzan/pay/customer/api/result/MerchantSalesStatInfo.class], URL [jar:file:/Users/wulonghui/.m2/repository/com/youzan/pay/merchant-api/0.0.7-20170804-RELEASE/merchant-api-0.0.7-20170804-RELEASE.jar!/com/youzan/pay/customer/api/result/OpenAPIResult.class], URL [jar:file:/Users/wulonghui/.m2/repository/com/youzan/pay/merchant-api/0.0.7-20170804-RELEASE/merchant-api-0.0.7-20170804-RELEASE.jar!/com/youzan/pay/customer/api/result/OpenSubMerchantResult.class], URL [jar:file:/Users/wulonghui/.m2/repository/com/youzan/pay/merchant-api/0.0.7-20170804-RELEASE/merchant-api-0.0.7-20170804-RELEASE.jar!/com/youzan/pay/customer/api/result/PayTools.class], URL [jar:file:/Users/wulonghui/.m2/repository/com/youzan/pay/merchant-api/0.0.7-20170804-RELEASE/merchant-api-0.0.7-20170804-RELEASE.jar!/com/youzan/pay/customer/api/result/RepairCallResult.class], URL [jar:file:/Users/wulonghui/.m2/repository/com/youzan/pay/merchant-api/0.0.7-20170804-RELEASE/merchant-api-0.0.7-20170804-RELEASE.jar!/com/youzan/pay/customer/api/result/SubMerchantNoResult.class], URL [jar:file:/Users/wulonghui/.m2/repository/com/youzan/pay/merchant-api/0.0.7-20170804-RELEASE/merchant-api-0.0.7-20170804-RELEASE.jar!/com/youzan/pay/customer/api/result/WeixinSelfPaymentParamsResult.class], URL [jar:file:/Users/wulonghui/.m2/repository/com/youzan/pay/merchant-api/0.0.7-20170804-RELEASE/merchant-api-0.0.7-20170804-RELEASE.jar!/com/youzan/pay/customer/api/SignKeyService.class], URL [jar:file:/Users/wulonghui/.m2/repository/com/youzan/pay/merchant-api/0.0.7-20170804-RELEASE/merchant-api-0.0.7-20170804-RELEASE.jar!/com/youzan/pay/customer/api/enums/AccountTypeEnum.class], URL [jar:file:/Users/wulonghui/.m2/repository/com/youzan/pay/merchant-api/0.0.7-20170804-RELEASE/merchant-api-0.0.7-20170804-RELEASE.jar!/com/youzan/pay/customer/api/LoginService.class], URL [jar:file:/Users/wulonghui/.m2/repository/com/youzan/pay/merchant-api/0.0.7-20170804-RELEASE/merchant-api-0.0.7-20170804-RELEASE.jar!/com/youzan/pay/customer/api/MerchantConfigService.class], URL [jar:file:/Users/wulonghui/.m2/repository/com/youzan/pay/merchant-api/0.0.7-20170804-RELEASE/merchant-api-0.0.7-20170804-RELEASE.jar!/com/youzan/pay/customer/api/MerchantPaymentConfigService.class], URL [jar:file:/Users/wulonghui/.m2/repository/com/youzan/pay/merchant-api/0.0.7-20170804-RELEASE/merchant-api-0.0.7-20170804-RELEASE.jar!/com/youzan/pay/customer/api/openapi/OpenApi.class], URL [jar:file:/Users/wulonghui/.m2/repository/com/youzan/pay/merchant-api/0.0.7-20170804-RELEASE/merchant-api-0.0.7-20170804-RELEASE.jar!/com/youzan/pay/customer/api/product/request/BatchSignContractRequest.class], URL [jar:file:/Users/wulonghui/.m2/repository/com/youzan/pay/merchant-api/0.0.7-20170804-RELEASE/merchant-api-0.0.7-20170804-RELEASE.jar!/com/youzan/pay/customer/api/product/request/CreateProductRequest.class], URL [jar:file:/Users/wulonghui/.m2/repository/com/youzan/pay/merchant-api/0.0.7-20170804-RELEASE/merchant-api-0.0.7-20170804-RELEASE.jar!/com/youzan/pay/customer/api/product/request/TerminateContractRequestInfo.class], URL [jar:file:/Users/wulonghui/.m2/repository/com/youzan/pay/merchant-api/0.0.7-20170804-RELEASE/merchant-api-0.0.7-20170804-RELEASE.jar!/com/youzan/pay/customer/api/product/result/ContractInfoDTO.class], URL [jar:file:/Users/wulonghui/.m2/repository/com/youzan/pay/merchant-api/0.0.7-20170804-RELEASE/merchant-api-0.0.7-20170804-RELEASE.jar!/com/youzan/pay/customer/api/product/result/RateRuleInfoDTO.class], URL [jar:file:/Users/wulonghui/.m2/repository/com/youzan/pay/merchant-api/0.0.7-20170804-RELEASE/merchant-api-0.0.7-20170804-RELEASE.jar!/com/youzan/pay/customer/api/product/result/UnifiedBizCodeInfoDTO.class], URL [jar:file:/Users/wulonghui/.m2/repository/com/youzan/pay/merchant-api/0.0.7-20170804-RELEASE/merchant-api-0.0.7-20170804-RELEASE.jar!/com/youzan/pay/customer/api/request/EnterpriseAuthRequest.class], URL [jar:file:/Users/wulonghui/.m2/repository/com/youzan/pay/merchant-api/0.0.7-20170804-RELEASE/merchant-api-0.0.7-20170804-RELEASE.jar!/com/youzan/pay/customer/api/request/MerchantSignContractQueryParam.class], URL [jar:file:/Users/wulonghui/.m2/repository/com/youzan/pay/merchant-api/0.0.7-20170804-RELEASE/merchant-api-0.0.7-20170804-RELEASE.jar!/com/youzan/pay/customer/api/request/OpenSubMerchantRequest.class], URL [jar:file:/Users/wulonghui/.m2/repository/com/youzan/pay/merchant-api/0.0.7-20170804-RELEASE/merchant-api-0.0.7-20170804-RELEASE.jar!/com/youzan/pay/customer/api/request/WeixinSelfPaymentParamsRequest.class], URL [jar:file:/Users/wulonghui/.m2/repository/com/youzan/pay/merchant-api/0.0.7-20170804-RELEASE/merchant-api-0.0.7-20170804-RELEASE.jar!/com/youzan/pay/customer/api/result/AccountingSummaryDetailResult$AccountingSummaryDetail.class], URL [jar:file:/Users/wulonghui/.m2/repository/com/youzan/pay/merchant-api/0.0.7-20170804-RELEASE/merchant-api-0.0.7-20170804-RELEASE.jar!/com/youzan/pay/customer/api/result/BindCardResult.class], URL [jar:file:/Users/wulonghui/.m2/repository/com/youzan/pay/merchant-api/0.0.7-20170804-RELEASE/merchant-api-0.0.7-20170804-RELEASE.jar!/com/youzan/pay/customer/api/result/BizCode.class], URL [jar:file:/Users/wulonghui/.m2/repository/com/youzan/pay/merchant-api/0.0.7-20170804-RELEASE/merchant-api-0.0.7-20170804-RELEASE.jar!/com/youzan/pay/customer/api/result/BoundBankCardResult.class], URL [jar:file:/Users/wulonghui/.m2/repository/com/youzan/pay/merchant-api/0.0.7-20170804-RELEASE/merchant-api-0.0.7-20170804-RELEASE.jar!/com/youzan/pay/customer/api/result/LoginInfo.class], URL [jar:file:/Users/wulonghui/.m2/repository/com/youzan/pay/merchant-api/0.0.7-20170804-RELEASE/merchant-api-0.0.7-20170804-RELEASE.jar!/com/youzan/pay/customer/api/result/LoginResult.class], URL [jar:file:/Users/wulonghui/.m2/repository/com/youzan/pay/merchant-api/0.0.7-20170804-RELEASE/merchant-api-0.0.7-20170804-RELEASE.jar!/com/youzan/pay/customer/api/result/MerchantBusinessInfo.class], URL [jar:file:/Users/wulonghui/.m2/repository/com/youzan/pay/merchant-api/0.0.7-20170804-RELEASE/merchant-api-0.0.7-20170804-RELEASE.jar!/com/youzan/pay/customer/api/result/MerchantCompanyInfo.class], URL [jar:file:/Users/wulonghui/.m2/repository/com/youzan/pay/merchant-api/0.0.7-20170804-RELEASE/merchant-api-0.0.7-20170804-RELEASE.jar!/com/youzan/pay/customer/api/result/MerchantProductInfo.class], URL [jar:file:/Users/wulonghui/.m2/repository/com/youzan/pay/merchant-api/0.0.7-20170804-RELEASE/merchant-api-0.0.7-20170804-RELEASE.jar!/com/youzan/pay/customer/api/result/MerchantSecurityInfo.class], URL [jar:file:/Users/wulonghui/.m2/repository/com/youzan/pay/merchant-api/0.0.7-20170804-RELEASE/merchant-api-0.0.7-20170804-RELEASE.jar!/com/youzan/pay/customer/api/result/OpenServiceMerchantResult.class], URL [jar:file:/Users/wulonghui/.m2/repository/com/youzan/pay/merchant-api/0.0.7-20170804-RELEASE/merchant-api-0.0.7-20170804-RELEASE.jar!/com/youzan/pay/customer/api/result/RegResult.class], URL [jar:file:/Users/wulonghui/.m2/repository/com/youzan/pay/merchant-api/0.0.7-20170804-RELEASE/merchant-api-0.0.7-20170804-RELEASE.jar!/com/youzan/pay/customer/api/result/SubMerchantTradeStatResult.class], URL [jar:file:/Users/wulonghui/.m2/repository/com/youzan/pay/merchant-api/0.0.7-20170804-RELEASE/merchant-api-0.0.7-20170804-RELEASE.jar!/com/youzan/pay/customer/api/result/WithDrawBaseInfoResult.class], URL [jar:file:/Users/wulonghui/.m2/repository/com/youzan/pay/consumer-center/basesearch-api/1.0.0-SNAPSHOT/basesearch-api-1.0.0-SNAPSHOT.jar!/com/youzan/pay/consumercenter/basesearch/api/QueryService.class], URL [jar:file:/Users/wulonghui/.m2/repository/com/youzan/pay/consumer-center/basesearch-api/1.0.0-SNAPSHOT/basesearch-api-1.0.0-SNAPSHOT.jar!/com/youzan/pay/consumercenter/basesearch/to/TradeTO.class], URL [jar:file:/Users/wulonghui/.m2/repository/com/youzan/pay/core/api-model/1.0.5-20170710-RELEASE/api-model-1.0.5-20170710-RELEASE.jar!/com/youzan/pay/core/api/model/bean/PageInfo.class], URL [jar:file:/Users/wulonghui/.m2/repository/com/youzan/pay/core/api-model/1.0.5-20170710-RELEASE/api-model-1.0.5-20170710-RELEASE.jar!/com/youzan/pay/core/api/model/request/PageParam.class], URL [jar:file:/Users/wulonghui/.m2/repository/com/youzan/pay/core/api-model/1.0.5-20170710-RELEASE/api-model-1.0.5-20170710-RELEASE.jar!/com/youzan/pay/core/api/model/response/DataResult.class], URL [jar:file:/Users/wulonghui/.m2/repository/com/youzan/pay/core/api-model/1.0.5-20170710-RELEASE/api-model-1.0.5-20170710-RELEASE.jar!/com/youzan/pay/core/api/model/response/ListResult.class], URL [jar:file:/Users/wulonghui/.m2/repository/com/youzan/pay/core/api-model/1.0.5-20170710-RELEASE/api-model-1.0.5-20170710-RELEASE.jar!/com/youzan/pay/core/api/model/response/PageResult.class], URL [jar:file:/Users/wulonghui/.m2/repository/com/youzan/pay/core/common-model/1.0.5-20170710-RELEASE/common-model-1.0.5-20170710-RELEASE.jar!/com/youzan/pay/core/common/model/base/IntBaseType.class], URL [jar:file:/Users/wulonghui/.m2/repository/com/youzan/pay/core/common-model/1.0.5-20170710-RELEASE/common-model-1.0.5-20170710-RELEASE.jar!/com/youzan/pay/core/common/model/base/IType.class], URL [jar:file:/Users/wulonghui/.m2/repository/com/youzan/pay/core/common-model/1.0.5-20170710-RELEASE/common-model-1.0.5-20170710-RELEASE.jar!/com/youzan/pay/core/common/model/base/StringBaseType.class], URL [jar:file:/Users/wulonghui/.m2/repository/com/youzan/pay/core/common-model/1.0.5-20170710-RELEASE/common-model-1.0.5-20170710-RELEASE.jar!/com/youzan/pay/core/common/model/enums/Bank.class], URL [jar:file:/Users/wulonghui/.m2/repository/com/youzan/pay/core/common-model/1.0.5-20170710-RELEASE/common-model-1.0.5-20170710-RELEASE.jar!/com/youzan/pay/core/common/model/enums/BankCardType.class], URL [jar:file:/Users/wulonghui/.m2/repository/com/youzan/pay/core/common-model/1.0.5-20170710-RELEASE/common-model-1.0.5-20170710-RELEASE.jar!/com/youzan/pay/core/common/model/enums/BankCodeInfoType.class], URL [jar:file:/Users/wulonghui/.m2/repository/com/youzan/pay/core/common-model/1.0.5-20170710-RELEASE/common-model-1.0.5-20170710-RELEASE.jar!/com/youzan/pay/core/common/model/enums/bizcode/ActionType.class], URL [jar:file:/Users/wulonghui/.m2/repository/com/youzan/pay/core/common-model/1.0.5-20170710-RELEASE/common-model-1.0.5-20170710-RELEASE.jar!/com/youzan/pay/core/common/model/enums/bizcode/ChannelType.class], URL [jar:file:/Users/wulonghui/.m2/repository/com/youzan/pay/core/common-model/1.0.5-20170710-RELEASE/common-model-1.0.5-20170710-RELEASE.jar!/com/youzan/pay/core/common/model/enums/bizcode/ModeType.class], URL [jar:file:/Users/wulonghui/.m2/repository/com/youzan/pay/core/common-model/1.0.5-20170710-RELEASE/common-model-1.0.5-20170710-RELEASE.jar!/com/youzan/pay/core/common/model/enums/bizcode/PayToolType.class], URL [jar:file:/Users/wulonghui/.m2/repository/com/youzan/pay/core/common-model/1.0.5-20170710-RELEASE/common-model-1.0.5-20170710-RELEASE.jar!/com/youzan/pay/core/common/model/enums/bizcode/ProdType.class], URL [jar:file:/Users/wulonghui/.m2/repository/com/youzan/pay/core/common-model/1.0.5-20170710-RELEASE/common-model-1.0.5-20170710-RELEASE.jar!/com/youzan/pay/core/common/model/enums/bizcode/UnifiedBizCodeBaseType.class], URL [jar:file:/Users/wulonghui/.m2/repository/com/youzan/pay/core/common-model/1.0.5-20170710-RELEASE/common-model-1.0.5-20170710-RELEASE.jar!/com/youzan/pay/core/common/model/enums/CurrencyCode.class], URL [jar:file:/Users/wulonghui/.m2/repository/com/youzan/pay/core/common-model/1.0.5-20170710-RELEASE/common-model-1.0.5-20170710-RELEASE.jar!/com/youzan/pay/core/common/model/resultcode/CommonResultCode.class], URL [jar:file:/Users/wulonghui/.m2/repository/com/youzan/pay/core/common-model/1.0.5-20170710-RELEASE/common-model-1.0.5-20170710-RELEASE.jar!/com/youzan/pay/core/common/model/resultcode/IResultCode.class], URL [jar:file:/Users/wulonghui/.m2/repository/com/youzan/pay/core/common-model/1.0.5-20170710-RELEASE/common-model-1.0.5-20170710-RELEASE.jar!/com/youzan/pay/core/common/model/resultcode/R.class], URL [jar:file:/Users/wulonghui/.m2/repository/com/youzan/pay/core/common-model/1.0.5-20170710-RELEASE/common-model-1.0.5-20170710-RELEASE.jar!/com/youzan/pay/core/common/model/resultcode/RFactory.class], URL [jar:file:/Users/wulonghui/.m2/repository/com/youzan/pay/cardvoucher/cardvoucher-api/1.0.0-20170822-RELEASE/cardvoucher-api-1.0.0-20170822-RELEASE.jar!/com/youzan/pay/cardvoucher/api/card/CardProductionService.class], URL [jar:file:/Users/wulonghui/.m2/repository/com/youzan/pay/cardvoucher/cardvoucher-api/1.0.0-20170822-RELEASE/cardvoucher-api-1.0.0-20170822-RELEASE.jar!/com/youzan/pay/cardvoucher/api/card/dto/ActiveCardDTO.class], URL [jar:file:/Users/wulonghui/.m2/repository/com/youzan/pay/cardvoucher/cardvoucher-api/1.0.0-20170822-RELEASE/cardvoucher-api-1.0.0-20170822-RELEASE.jar!/com/youzan/pay/cardvoucher/api/card/dto/CardBalanceDTO.class], URL [jar:file:/Users/wulonghui/.m2/repository/com/youzan/pay/cardvoucher/cardvoucher-api/1.0.0-20170822-RELEASE/cardvoucher-api-1.0.0-20170822-RELEASE.jar!/com/youzan/pay/cardvoucher/api/card/dto/CardInfoDTO.class], URL [jar:file:/Users/wulonghui/.m2/repository/com/youzan/pay/cardvoucher/cardvoucher-api/1.0.0-20170822-RELEASE/cardvoucher-api-1.0.0-20170822-RELEASE.jar!/com/youzan/pay/cardvoucher/api/card/dto/CardPayDetailDTO.class], URL [jar:file:/Users/wulonghui/.m2/repository/com/youzan/pay/cardvoucher/cardvoucher-api/1.0.0-20170822-RELEASE/cardvoucher-api-1.0.0-20170822-RELEASE.jar!/com/youzan/pay/cardvoucher/api/card/dto/CardRefundDetailDTO.class], URL [jar:file:/Users/wulonghui/.m2/repository/com/youzan/pay/cardvoucher/cardvoucher-api/1.0.0-20170822-RELEASE/cardvoucher-api-1.0.0-20170822-RELEASE.jar!/com/youzan/pay/cardvoucher/api/card/dto/CreateCardDTO.class], URL [jar:file:/Users/wulonghui/.m2/repository/com/youzan/pay/cardvoucher/cardvoucher-api/1.0.0-20170822-RELEASE/cardvoucher-api-1.0.0-20170822-RELEASE.jar!/com/youzan/pay/cardvoucher/api/card/dto/CreateTemplateCardDTO.class], URL [jar:file:/Users/wulonghui/.m2/repository/com/youzan/pay/cardvoucher/cardvoucher-api/1.0.0-20170822-RELEASE/cardvoucher-api-1.0.0-20170822-RELEASE.jar!/com/youzan/pay/cardvoucher/api/card/dto/UseableCardDTO.class], URL [jar:file:/Users/wulonghui/.m2/repository/com/youzan/pay/cardvoucher/cardvoucher-api/1.0.0-20170822-RELEASE/cardvoucher-api-1.0.0-20170822-RELEASE.jar!/com/youzan/pay/cardvoucher/api/card/GiftCardManageService.class], URL [jar:file:/Users/wulonghui/.m2/repository/com/youzan/pay/cardvoucher/cardvoucher-api/1.0.0-20170822-RELEASE/cardvoucher-api-1.0.0-20170822-RELEASE.jar!/com/youzan/pay/cardvoucher/api/card/GiftCardService.class], URL [jar:file:/Users/wulonghui/.m2/repository/com/youzan/pay/cardvoucher/cardvoucher-api/1.0.0-20170822-RELEASE/cardvoucher-api-1.0.0-20170822-RELEASE.jar!/com/youzan/pay/cardvoucher/api/card/request/ActiveCardRequest.class], URL [jar:file:/Users/wulonghui/.m2/repository/com/youzan/pay/cardvoucher/cardvoucher-api/1.0.0-20170822-RELEASE/cardvoucher-api-1.0.0-20170822-RELEASE.jar!/com/youzan/pay/cardvoucher/api/card/request/BatchQueryCardInfoRequest.class], URL [jar:file:/Users/wulonghui/.m2/repository/com/youzan/pay/cardvoucher/cardvoucher-api/1.0.0-20170822-RELEASE/cardvoucher-api-1.0.0-20170822-RELEASE.jar!/com/youzan/pay/cardvoucher/api/card/request/CardPayDetailRequest.class], URL [jar:file:/Users/wulonghui/.m2/repository/com/youzan/pay/cardvoucher/cardvoucher-api/1.0.0-20170822-RELEASE/cardvoucher-api-1.0.0-20170822-RELEASE.jar!/com/youzan/pay/cardvoucher/api/card/request/CardRefundDetailRequest.class], URL [jar:file:/Users/wulonghui/.m2/repository/com/youzan/pay/cardvoucher/cardvoucher-api/1.0.0-20170822-RELEASE/cardvoucher-api-1.0.0-20170822-RELEASE.jar!/com/youzan/pay/cardvoucher/api/card/request/CreateCardRequest.class], URL [jar:file:/Users/wulonghui/.m2/repository/com/youzan/pay/cardvoucher/cardvoucher-api/1.0.0-20170822-RELEASE/cardvoucher-api-1.0.0-20170822-RELEASE.jar!/com/youzan/pay/cardvoucher/api/card/request/CreateTemplateCardRequest.class], URL [jar:file:/Users/wulonghui/.m2/repository/com/youzan/pay/cardvoucher/cardvoucher-api/1.0.0-20170822-RELEASE/cardvoucher-api-1.0.0-20170822-RELEASE.jar!/com/youzan/pay/cardvoucher/api/card/request/QueryCardListRequest.class], URL [jar:file:/Users/wulonghui/.m2/repository/com/youzan/pay/cardvoucher/cardvoucher-api/1.0.0-20170822-RELEASE/cardvoucher-api-1.0.0-20170822-RELEASE.jar!/com/youzan/pay/cardvoucher/api/card/request/UseableCardListRequest.class], URL [jar:file:/Users/wulonghui/.m2/repository/com/youzan/pay/cardvoucher/cardvoucher-api/1.0.0-20170822-RELEASE/cardvoucher-api-1.0.0-20170822-RELEASE.jar!/com/youzan/pay/cardvoucher/api/compensate/AcceptCompensateService.class], URL [jar:file:/Users/wulonghui/.m2/repository/com/youzan/pay/cardvoucher/cardvoucher-api/1.0.0-20170822-RELEASE/cardvoucher-api-1.0.0-20170822-RELEASE.jar!/com/youzan/pay/cardvoucher/api/compensate/request/CompensateRequest.class], URL [jar:file:/Users/wulonghui/.m2/repository/com/youzan/pay/cardvoucher/cardvoucher-api/1.0.0-20170822-RELEASE/cardvoucher-api-1.0.0-20170822-RELEASE.jar!/com/youzan/pay/cardvoucher/api/compensate/SplitCompensateService.class], URL [jar:file:/Users/wulonghui/.m2/repository/com/youzan/pay/cardvoucher/cardvoucher-api/1.0.0-20170822-RELEASE/cardvoucher-api-1.0.0-20170822-RELEASE.jar!/com/youzan/pay/cardvoucher/api/message/MessageTaskService.class], URL [jar:file:/Users/wulonghui/.m2/repository/com/youzan/pay/cardvoucher/cardvoucher-api/1.0.0-20170822-RELEASE/cardvoucher-api-1.0.0-20170822-RELEASE.jar!/com/youzan/pay/cardvoucher/api/summarycard/dto/CreateSummaryCardDTO.class], URL [jar:file:/Users/wulonghui/.m2/repository/com/youzan/pay/cardvoucher/cardvoucher-api/1.0.0-20170822-RELEASE/cardvoucher-api-1.0.0-20170822-RELEASE.jar!/com/youzan/pay/cardvoucher/api/summarycard/dto/CreateSummaryTemplateDTO.class], URL [jar:file:/Users/wulonghui/.m2/repository/com/youzan/pay/cardvoucher/cardvoucher-api/1.0.0-20170822-RELEASE/cardvoucher-api-1.0.0-20170822-RELEASE.jar!/com/youzan/pay/cardvoucher/api/summarycard/dto/SummaryCardInfoDTO.class], URL [jar:file:/Users/wulonghui/.m2/repository/com/youzan/pay/cardvoucher/cardvoucher-api/1.0.0-20170822-RELEASE/cardvoucher-api-1.0.0-20170822-RELEASE.jar!/com/youzan/pay/cardvoucher/api/summarycard/dto/SummaryCardPayDTO.class], URL [jar:file:/Users/wulonghui/.m2/repository/com/youzan/pay/cardvoucher/cardvoucher-api/1.0.0-20170822-RELEASE/cardvoucher-api-1.0.0-20170822-RELEASE.jar!/com/youzan/pay/cardvoucher/api/summarycard/dto/SummaryCardRefundDTO.class], URL [jar:file:/Users/wulonghui/.m2/repository/com/youzan/pay/cardvoucher/cardvoucher-api/1.0.0-20170822-RELEASE/cardvoucher-api-1.0.0-20170822-RELEASE.jar!/com/youzan/pay/cardvoucher/api/summarycard/dto/SummaryCardTemplateDTO.class], URL [jar:file:/Users/wulonghui/.m2/repository/com/youzan/pay/cardvoucher/cardvoucher-api/1.0.0-20170822-RELEASE/cardvoucher-api-1.0.0-20170822-RELEASE.jar!/com/youzan/pay/cardvoucher/api/summarycard/request/CardRechargeRequest.class], URL [jar:file:/Users/wulonghui/.m2/repository/com/youzan/pay/cardvoucher/cardvoucher-api/1.0.0-20170822-RELEASE/cardvoucher-api-1.0.0-20170822-RELEASE.jar!/com/youzan/pay/cardvoucher/api/summarycard/request/CreateSummaryCardRequest.class], URL [jar:file:/Users/wulonghui/.m2/repository/com/youzan/pay/cardvoucher/cardvoucher-api/1.0.0-20170822-RELEASE/cardvoucher-api-1.0.0-20170822-RELEASE.jar!/com/youzan/pay/cardvoucher/api/summarycard/request/CreateSummaryTemplateRequest.class], URL [jar:file:/Users/wulonghui/.m2/repository/com/youzan/pay/cardvoucher/cardvoucher-api/1.0.0-20170822-RELEASE/cardvoucher-api-1.0.0-20170822-RELEASE.jar!/com/youzan/pay/cardvoucher/api/summarycard/request/QuerySummaryCardInfoRequest.class], URL [jar:file:/Users/wulonghui/.m2/repository/com/youzan/pay/cardvoucher/cardvoucher-api/1.0.0-20170822-RELEASE/cardvoucher-api-1.0.0-20170822-RELEASE.jar!/com/youzan/pay/cardvoucher/api/summarycard/request/QuerySummaryCardPayRequest.class], URL [jar:file:/Users/wulonghui/.m2/repository/com/youzan/pay/cardvoucher/cardvoucher-api/1.0.0-20170822-RELEASE/cardvoucher-api-1.0.0-20170822-RELEASE.jar!/com/youzan/pay/cardvoucher/api/summarycard/request/QuerySummaryCardRefundRequest.class], URL [jar:file:/Users/wulonghui/.m2/repository/com/youzan/pay/cardvoucher/cardvoucher-api/1.0.0-20170822-RELEASE/cardvoucher-api-1.0.0-20170822-RELEASE.jar!/com/youzan/pay/cardvoucher/api/summarycard/request/QuerySummaryCardTemplateRequest.class], URL [jar:file:/Users/wulonghui/.m2/repository/com/youzan/pay/cardvoucher/cardvoucher-api/1.0.0-20170822-RELEASE/cardvoucher-api-1.0.0-20170822-RELEASE.jar!/com/youzan/pay/cardvoucher/api/summarycard/SummaryCardManageService.class], URL [jar:file:/Users/wulonghui/.m2/repository/com/youzan/pay/cardvoucher/cardvoucher-api/1.0.0-20170822-RELEASE/cardvoucher-api-1.0.0-20170822-RELEASE.jar!/com/youzan/pay/cardvoucher/api/summarycard/SummaryCardQueryService.class], URL [jar:file:/Users/wulonghui/.m2/repository/com/youzan/pay/cardvoucher/cardvoucher-api/1.0.0-20170822-RELEASE/cardvoucher-api-1.0.0-20170822-RELEASE.jar!/com/youzan/pay/cardvoucher/api/summarycard/SummaryCardTemplateService.class], URL [jar:file:/Users/wulonghui/.m2/repository/com/youzan/pay/cardvoucher/cardvoucher-common-model/1.0.0-20170822-RELEASE/cardvoucher-common-model-1.0.0-20170822-RELEASE.jar!/com/youzan/pay/cardvoucher/common/model/dts/DtsHearder.class], URL [jar:file:/Users/wulonghui/.m2/repository/com/youzan/pay/cardvoucher/cardvoucher-common-model/1.0.0-20170822-RELEASE/cardvoucher-common-model-1.0.0-20170822-RELEASE.jar!/com/youzan/pay/cardvoucher/common/model/enums/SummaryCardStatusEnum.class], URL [jar:file:/Users/wulonghui/.m2/repository/com/youzan/pay/cardvoucher/cardvoucher-common-model/1.0.0-20170822-RELEASE/cardvoucher-common-model-1.0.0-20170822-RELEASE.jar!/com/youzan/pay/cardvoucher/common/model/exception/NoRetryException.class], URL [jar:file:/Users/wulonghui/.m2/repository/com/youzan/pay/cardvoucher/cardvoucher-common-model/1.0.0-20170822-RELEASE/cardvoucher-common-model-1.0.0-20170822-RELEASE.jar!/com/youzan/pay/cardvoucher/common/model/resultcode/CardVoucherCardPayResultCode.class], URL [jar:file:/Users/wulonghui/.m2/repository/com/youzan/pay/cardvoucher/cardvoucher-common-model/1.0.0-20170822-RELEASE/cardvoucher-common-model-1.0.0-20170822-RELEASE.jar!/com/youzan/pay/cardvoucher/common/model/resultcode/CardVoucherCardResultCode.class], URL [jar:file:/Users/wulonghui/.m2/repository/com/youzan/pay/cardvoucher/cardvoucher-common-model/1.0.0-20170822-RELEASE/cardvoucher-common-model-1.0.0-20170822-RELEASE.jar!/com/youzan/pay/cardvoucher/common/model/resultcode/CardVoucherCommonResultCode.class], URL [jar:file:/Users/wulonghui/.m2/repository/com/youzan/pay/cardvoucher/cardvoucher-common-model/1.0.0-20170822-RELEASE/cardvoucher-common-model-1.0.0-20170822-RELEASE.jar!/com/youzan/pay/cardvoucher/common/model/resultcode/CardVoucherResultCode.class], URL [jar:file:/Users/wulonghui/.m2/repository/com/youzan/pay/cardvoucher/cardvoucher-common-model/1.0.0-20170822-RELEASE/cardvoucher-common-model-1.0.0-20170822-RELEASE.jar!/com/youzan/pay/cardvoucher/common/model/resultcode/SummaryCardResultCode.class]]
2017-08-28 17:41:23.885 [main] DEBUG o.s.context.annotation.ClassPathBeanDefinitionScanner - Identified candidate component class: file [/Users/wulonghui/work/unified_cashier/intergration/target/classes/com/youzan/pay/unified/cashier/intergration/client/AssetCenterUnifiedPayServiceClient.class]
2017-08-28 17:41:23.885 [main] DEBUG o.s.context.annotation.ClassPathBeanDefinitionScanner - Identified candidate component class: file [/Users/wulonghui/work/unified_cashier/intergration/target/classes/com/youzan/pay/unified/cashier/intergration/client/CashierOrderStatusSearchClient.class]
2017-08-28 17:41:23.886 [main] DEBUG o.s.context.annotation.ClassPathBeanDefinitionScanner - Identified candidate component class: file [/Users/wulonghui/work/unified_cashier/intergration/target/classes/com/youzan/pay/unified/cashier/intergration/client/CashierRechargeServiceClient.class]
2017-08-28 17:41:23.886 [main] DEBUG o.s.context.annotation.ClassPathBeanDefinitionScanner - Identified candidate component class: file [/Users/wulonghui/work/unified_cashier/intergration/target/classes/com/youzan/pay/unified/cashier/intergration/client/ChannelBankCardServiceClient.class]
2017-08-28 17:41:23.887 [main] DEBUG o.s.context.annotation.ClassPathBeanDefinitionScanner - Identified candidate component class: file [/Users/wulonghui/work/unified_cashier/intergration/target/classes/com/youzan/pay/unified/cashier/intergration/client/MerchantBankCardServiceClient.class]
2017-08-28 17:41:23.887 [main] DEBUG o.s.context.annotation.ClassPathBeanDefinitionScanner - Identified candidate component class: file [/Users/wulonghui/work/unified_cashier/intergration/target/classes/com/youzan/pay/unified/cashier/intergration/client/MicroAccoutServiceClient.class]
2017-08-28 17:41:23.887 [main] DEBUG o.s.context.annotation.ClassPathBeanDefinitionScanner - Identified candidate component class: file [/Users/wulonghui/work/unified_cashier/intergration/target/classes/com/youzan/pay/unified/cashier/intergration/client/QueryPayToolConfigServiceClient.class]
2017-08-28 17:41:23.888 [main] DEBUG o.s.context.annotation.ClassPathBeanDefinitionScanner - Identified candidate component class: file [/Users/wulonghui/work/unified_cashier/intergration/target/classes/com/youzan/pay/unified/cashier/intergration/client/SignKeyServiceClient.class]
2017-08-28 17:41:23.888 [main] DEBUG o.s.context.annotation.ClassPathBeanDefinitionScanner - Identified candidate component class: file [/Users/wulonghui/work/unified_cashier/intergration/target/classes/com/youzan/pay/unified/cashier/intergration/client/SummaryCardQueryServiceClient.class]
2017-08-28 17:41:23.888 [main] DEBUG o.s.context.annotation.ClassPathBeanDefinitionScanner - Identified candidate component class: file [/Users/wulonghui/work/unified_cashier/intergration/target/classes/com/youzan/pay/unified/cashier/intergration/client/UnifiedOrderServiceClient.class]
2017-08-28 17:41:23.889 [main] DEBUG o.s.context.annotation.ClassPathBeanDefinitionScanner - Identified candidate component class: file [/Users/wulonghui/work/unified_cashier/intergration/target/classes/com/youzan/pay/unified/cashier/intergration/client/UnifiedPayServiceClient.class]
2017-08-28 17:41:23.889 [main] DEBUG o.s.context.annotation.ClassPathBeanDefinitionScanner - Identified candidate component class: file [/Users/wulonghui/work/unified_cashier/intergration/target/classes/com/youzan/pay/unified/cashier/intergration/client/UserMerchantServiceClient.class]
2017-08-28 17:41:23.900 [main] DEBUG o.s.context.annotation.ClassPathBeanDefinitionScanner - Identified candidate component class: URL [jar:file:/Users/wulonghui/.m2/repository/com/youzan/pay/core/core-utils/1.0.1-SNAPSHOT/core-utils-1.0.1-SNAPSHOT.jar!/com/youzan/pay/core/utils/spring/SpringUtil.class]
2017-08-28 17:41:24.043 [main] DEBUG o.s.context.annotation.ClassPathBeanDefinitionScanner - Identified candidate component class: URL [jar:file:/Users/wulonghui/.m2/repository/com/youzan/pay/core/0.2.9-20170710-RELEASE/core-0.2.9-20170710-RELEASE.jar!/com/youzan/pay/core/aspect/AutoLogParamsAspect.class]
2017-08-28 17:41:24.043 [main] DEBUG o.s.context.annotation.ClassPathBeanDefinitionScanner - Identified candidate component class: URL [jar:file:/Users/wulonghui/.m2/repository/com/youzan/pay/core/0.2.9-20170710-RELEASE/core-0.2.9-20170710-RELEASE.jar!/com/youzan/pay/core/aspect/RetryAspect.class]
2017-08-28 17:41:24.049 [main] DEBUG o.s.context.annotation.ClassPathBeanDefinitionScanner - Identified candidate component class: URL [jar:file:/Users/wulonghui/.m2/repository/com/youzan/pay/core/0.2.9-20170710-RELEASE/core-0.2.9-20170710-RELEASE.jar!/com/youzan/pay/core/task/impl/nsq/NsqTaskDispatcher.class]
2017-08-28 17:41:24.117 [main] DEBUG o.s.context.annotation.ClassPathBeanDefinitionScanner - Ignored because not a concrete top-level class: URL [jar:file:/Users/wulonghui/.m2/repository/com/youzan/pay/consumer-center/basesearch-api/1.0.0-SNAPSHOT/basesearch-api-1.0.0-SNAPSHOT.jar!/com/youzan/pay/consumercenter/basesearch/api/QueryService.class]
2017-08-28 17:41:24.125 [main] DEBUG o.s.beans.factory.support.DefaultListableBeanFactory - Creating shared instance of singleton bean 'org.springframework.context.annotation.internalAutowiredAnnotationProcessor'
2017-08-28 17:41:24.125 [main] DEBUG o.s.beans.factory.support.DefaultListableBeanFactory - Creating instance of bean 'org.springframework.context.annotation.internalAutowiredAnnotationProcessor'
2017-08-28 17:41:24.126 [main] DEBUG o.s.beans.factory.support.DefaultListableBeanFactory - Eagerly caching bean 'org.springframework.context.annotation.internalAutowiredAnnotationProcessor' to allow for resolving potential circular references
2017-08-28 17:41:24.126 [main] DEBUG o.s.beans.factory.support.DefaultListableBeanFactory - Finished creating instance of bean 'org.springframework.context.annotation.internalAutowiredAnnotationProcessor'
2017-08-28 17:41:24.126 [main] DEBUG o.s.beans.factory.support.DefaultListableBeanFactory - Creating shared instance of singleton bean 'org.springframework.context.annotation.internalRequiredAnnotationProcessor'
2017-08-28 17:41:24.126 [main] DEBUG o.s.beans.factory.support.DefaultListableBeanFactory - Creating instance of bean 'org.springframework.context.annotation.internalRequiredAnnotationProcessor'
2017-08-28 17:41:24.126 [main] DEBUG o.s.beans.factory.support.DefaultListableBeanFactory - Eagerly caching bean 'org.springframework.context.annotation.internalRequiredAnnotationProcessor' to allow for resolving potential circular references
2017-08-28 17:41:24.126 [main] DEBUG o.s.beans.factory.support.DefaultListableBeanFactory - Finished creating instance of bean 'org.springframework.context.annotation.internalRequiredAnnotationProcessor'
2017-08-28 17:41:24.126 [main] DEBUG o.s.beans.factory.support.DefaultListableBeanFactory - Creating shared instance of singleton bean 'org.springframework.context.annotation.internalCommonAnnotationProcessor'
2017-08-28 17:41:24.126 [main] DEBUG o.s.beans.factory.support.DefaultListableBeanFactory - Creating instance of bean 'org.springframework.context.annotation.internalCommonAnnotationProcessor'
2017-08-28 17:41:24.126 [main] DEBUG o.s.beans.factory.support.DefaultListableBeanFactory - Eagerly caching bean 'org.springframework.context.annotation.internalCommonAnnotationProcessor' to allow for resolving potential circular references
2017-08-28 17:41:24.126 [main] DEBUG o.s.beans.factory.support.DefaultListableBeanFactory - Finished creating instance of bean 'org.springframework.context.annotation.internalCommonAnnotationProcessor'
2017-08-28 17:41:24.126 [main] DEBUG o.s.beans.factory.support.DefaultListableBeanFactory - Creating shared instance of singleton bean 'org.springframework.context.annotation.ConfigurationClassPostProcessor.importAwareProcessor'
2017-08-28 17:41:24.126 [main] DEBUG o.s.beans.factory.support.DefaultListableBeanFactory - Creating instance of bean 'org.springframework.context.annotation.ConfigurationClassPostProcessor.importAwareProcessor'
2017-08-28 17:41:24.126 [main] DEBUG o.s.beans.factory.support.DefaultListableBeanFactory - Eagerly caching bean 'org.springframework.context.annotation.ConfigurationClassPostProcessor.importAwareProcessor' to allow for resolving potential circular references
2017-08-28 17:41:24.126 [main] DEBUG o.s.beans.factory.support.DefaultListableBeanFactory - Finished creating instance of bean 'org.springframework.context.annotation.ConfigurationClassPostProcessor.importAwareProcessor'
2017-08-28 17:41:24.127 [main] DEBUG o.s.beans.factory.support.DefaultListableBeanFactory - Creating shared instance of singleton bean 'org.springframework.aop.config.internalAutoProxyCreator'
2017-08-28 17:41:24.127 [main] DEBUG o.s.beans.factory.support.DefaultListableBeanFactory - Creating instance of bean 'org.springframework.aop.config.internalAutoProxyCreator'
2017-08-28 17:41:24.127 [main] DEBUG o.s.beans.factory.support.DefaultListableBeanFactory - Eagerly caching bean 'org.springframework.aop.config.internalAutoProxyCreator' to allow for resolving potential circular references
2017-08-28 17:41:24.128 [main] DEBUG o.s.beans.factory.support.DefaultListableBeanFactory - Finished creating instance of bean 'org.springframework.aop.config.internalAutoProxyCreator'
2017-08-28 17:41:24.128 [main] DEBUG o.s.beans.factory.support.DefaultListableBeanFactory - Returning cached instance of singleton bean 'com.alibaba.dubbo.config.spring.AnnotationBean'
2017-08-28 17:41:24.128 [main] DEBUG o.s.context.support.GenericApplicationContext - Unable to locate MessageSource with name 'messageSource': using default [org.springframework.context.support.DelegatingMessageSource@4c89f60b]
2017-08-28 17:41:24.128 [main] DEBUG o.s.context.support.GenericApplicationContext - Unable to locate ApplicationEventMulticaster with name 'applicationEventMulticaster': using default [org.springframework.context.event.SimpleApplicationEventMulticaster@2c2d6691]
2017-08-28 17:41:24.130 [main] INFO  o.s.beans.factory.support.DefaultListableBeanFactory - Pre-instantiating singletons in org.springframework.beans.factory.support.DefaultListableBeanFactory@5ca8188: defining beans [org.springframework.context.support.PropertySourcesPlaceholderConfigurer#0,assetCenterUnifiedPayServiceClient,cashierOrderStatusSearchClient,cashierRechargeServiceClient,channelBankCardServiceClient,merchantBankCardServiceClient,microAccoutServiceClient,queryPayToolConfigServiceClient,signKeyServiceClient,summaryCardQueryServiceClient,unifiedOrderServiceClient,unifiedPayServiceClient,userMerchantServiceClient,org.springframework.context.annotation.internalConfigurationAnnotationProcessor,org.springframework.context.annotation.internalAutowiredAnnotationProcessor,org.springframework.context.annotation.internalRequiredAnnotationProcessor,org.springframework.context.annotation.internalCommonAnnotationProcessor,signKeyService,merchantConfigService,acquireOrderService,unifiedPayService,unifiedOrderQueryService,unifiedOrderService,bankCardService,merchantBankCardService,userMerchantService,rechargeService,payToolsService,accountService,summaryCardQueryService,novaContainer,beanFactory,org.springframework.aop.config.internalAutoProxyCreator,tracingAop,customerMethodAop,org.springframework.context.annotation.ConfigurationClassPostProcessor.importAwareProcessor,com.alibaba.dubbo.config.ApplicationConfig,haunt,com.alibaba.dubbo.config.MonitorConfig,dubbo,rest,com.alibaba.dubbo.config.spring.AnnotationBean,springUtil,autoLogParamsAspect,retryAspect,nsqTaskDispatcher]; root of factory hierarchy
2017-08-28 17:41:24.130 [main] DEBUG o.s.beans.factory.support.DefaultListableBeanFactory - Returning cached instance of singleton bean 'org.springframework.context.support.PropertySourcesPlaceholderConfigurer#0'
2017-08-28 17:41:24.130 [main] DEBUG o.s.beans.factory.support.DefaultListableBeanFactory - Creating shared instance of singleton bean 'assetCenterUnifiedPayServiceClient'
2017-08-28 17:41:24.130 [main] DEBUG o.s.beans.factory.support.DefaultListableBeanFactory - Creating instance of bean 'assetCenterUnifiedPayServiceClient'
2017-08-28 17:41:24.133 [main] DEBUG o.s.a.aspectj.annotation.ReflectiveAspectJAdvisorFactory - Found AspectJ method: public java.lang.Object com.youzan.nova.framework.cat.annotation.aop.TracingAop.aroundExec(org.aspectj.lang.ProceedingJoinPoint) throws java.lang.Throwable
2017-08-28 17:41:24.134 [main] DEBUG o.s.a.aspectj.annotation.ReflectiveAspectJAdvisorFactory - Found AspectJ method: public java.lang.Object com.youzan.nova.framework.cat.annotation.aop.CustomerMethodAop.aroundExec(org.aspectj.lang.ProceedingJoinPoint) throws java.lang.Throwable
2017-08-28 17:41:24.135 [main] DEBUG o.s.a.aspectj.annotation.ReflectiveAspectJAdvisorFactory - Found AspectJ method: public void com.youzan.pay.core.aspect.AutoLogParamsAspect.before(org.aspectj.lang.JoinPoint)
2017-08-28 17:41:24.136 [main] DEBUG o.s.a.aspectj.annotation.ReflectiveAspectJAdvisorFactory - Found AspectJ method: public java.lang.Object com.youzan.pay.core.aspect.RetryAspect.retryProcess(org.aspectj.lang.ProceedingJoinPoint) throws java.lang.Throwable
2017-08-28 17:41:24.137 [main] DEBUG o.s.beans.factory.annotation.InjectionMetadata - Registered injected element on class [com.youzan.pay.unified.cashier.intergration.client.AssetCenterUnifiedPayServiceClient]: ResourceElement for private com.youzan.pay.assetcenter.api.UnifiedPayService com.youzan.pay.unified.cashier.intergration.client.AssetCenterUnifiedPayServiceClient.unifiedPayService
2017-08-28 17:41:24.137 [main] DEBUG o.s.beans.factory.support.DefaultListableBeanFactory - Eagerly caching bean 'assetCenterUnifiedPayServiceClient' to allow for resolving potential circular references
2017-08-28 17:41:24.137 [main] DEBUG o.s.beans.factory.annotation.InjectionMetadata - Processing injected element of bean 'assetCenterUnifiedPayServiceClient': ResourceElement for private com.youzan.pay.assetcenter.api.UnifiedPayService com.youzan.pay.unified.cashier.intergration.client.AssetCenterUnifiedPayServiceClient.unifiedPayService
2017-08-28 17:41:24.137 [main] DEBUG o.s.beans.factory.support.DefaultListableBeanFactory - Creating shared instance of singleton bean 'unifiedPayService'
2017-08-28 17:41:24.137 [main] DEBUG o.s.beans.factory.support.DefaultListableBeanFactory - Creating instance of bean 'unifiedPayService'
2017-08-28 17:41:24.138 [main] DEBUG o.s.beans.factory.support.DefaultListableBeanFactory - Eagerly caching bean 'unifiedPayService' to allow for resolving potential circular references
2017-08-28 17:41:24.139 [main] DEBUG o.s.beans.factory.support.DefaultListableBeanFactory - Creating shared instance of singleton bean 'haunt'
2017-08-28 17:41:24.139 [main] DEBUG o.s.beans.factory.support.DefaultListableBeanFactory - Creating instance of bean 'haunt'
2017-08-28 17:41:24.140 [main] DEBUG o.s.beans.factory.support.DefaultListableBeanFactory - Eagerly caching bean 'haunt' to allow for resolving potential circular references
2017-08-28 17:41:24.229 [main] DEBUG o.s.beans.factory.support.DefaultListableBeanFactory - Finished creating instance of bean 'haunt'
2017-08-28 17:41:24.231 [main] DEBUG o.s.beans.factory.support.DefaultListableBeanFactory - Invoking afterPropertiesSet() on bean with name 'unifiedPayService'
2017-08-28 17:41:24.231 [main] DEBUG o.s.beans.factory.support.DefaultListableBeanFactory - Creating shared instance of singleton bean 'com.alibaba.dubbo.config.ApplicationConfig'
2017-08-28 17:41:24.231 [main] DEBUG o.s.beans.factory.support.DefaultListableBeanFactory - Creating instance of bean 'com.alibaba.dubbo.config.ApplicationConfig'
2017-08-28 17:41:24.232 [main] DEBUG o.s.beans.factory.support.DefaultListableBeanFactory - Eagerly caching bean 'com.alibaba.dubbo.config.ApplicationConfig' to allow for resolving potential circular references
2017-08-28 17:41:24.233 [main] INFO  com.alibaba.dubbo.common.logger.LoggerFactory - using logger: com.alibaba.dubbo.common.logger.slf4j.Slf4jLoggerAdapter
2017-08-28 17:41:24.272 [main] DEBUG o.s.beans.factory.support.DefaultListableBeanFactory - Finished creating instance of bean 'com.alibaba.dubbo.config.ApplicationConfig'
2017-08-28 17:41:24.272 [main] DEBUG o.s.beans.factory.support.DefaultListableBeanFactory - Creating shared instance of singleton bean 'com.alibaba.dubbo.config.MonitorConfig'
2017-08-28 17:41:24.272 [main] DEBUG o.s.beans.factory.support.DefaultListableBeanFactory - Creating instance of bean 'com.alibaba.dubbo.config.MonitorConfig'
2017-08-28 17:41:24.273 [main] DEBUG o.s.beans.factory.support.DefaultListableBeanFactory - Eagerly caching bean 'com.alibaba.dubbo.config.MonitorConfig' to allow for resolving potential circular references
2017-08-28 17:41:24.296 [main] DEBUG o.s.beans.factory.support.DefaultListableBeanFactory - Finished creating instance of bean 'com.alibaba.dubbo.config.MonitorConfig'
2017-08-28 17:41:24.484 [main] DEBUG o.s.beans.factory.support.DefaultListableBeanFactory - Finished creating instance of bean 'unifiedPayService'
2017-08-28 17:41:24.488 [main] INFO  com.youzan.nova.registry.haunt.HauntRegistry -  [Nova] Register: consumer://172.17.11.56/com.youzan.pay.assetcenter.api.UnifiedPayService?application=pay-ucashier&category=consumers&check=false&dubbo=3.0.9-RELEASE&interface=com.youzan.pay.assetcenter.api.UnifiedPayService&logger=slf4j&methods=warpMultiPay,multiPay,singlePay,wrapMultiPay,wrapSinglePay&owner=pay-ucashier&pid=43551&protocol=dubbo&retries=0&revision=0.0.9-20170817-SNAPSHOT&side=consumer&timeout=5000&timestamp=1503913284485, nova version: 3.0.9-RELEASE, current host: 172.17.11.56
2017-08-28 17:41:24.488 [main] INFO  com.youzan.nova.registry.haunt.HauntRegistry -  [Nova] Subscribe: consumer://172.17.11.56/com.youzan.pay.assetcenter.api.UnifiedPayService?application=pay-ucashier&category=providers,configurators,routers&check=false&dubbo=3.0.9-RELEASE&interface=com.youzan.pay.assetcenter.api.UnifiedPayService&logger=slf4j&methods=warpMultiPay,multiPay,singlePay,wrapMultiPay,wrapSinglePay&owner=pay-ucashier&pid=43551&protocol=dubbo&retries=0&revision=0.0.9-20170817-SNAPSHOT&side=consumer&timeout=5000&timestamp=1503913284485, nova version: 3.0.9-RELEASE, current host: 172.17.11.56
2017-08-28 17:41:24.489 [main] INFO  com.youzan.nova.registry.haunt.HauntRegistry -  [Nova] Notify urls for subscribe url consumer://172.17.11.56/com.youzan.pay.assetcenter.api.UnifiedPayService?application=pay-ucashier&category=providers,configurators,routers&check=false&dubbo=3.0.9-RELEASE&interface=com.youzan.pay.assetcenter.api.UnifiedPayService&logger=slf4j&methods=warpMultiPay,multiPay,singlePay,wrapMultiPay,wrapSinglePay&owner=pay-ucashier&pid=43551&protocol=dubbo&retries=0&revision=0.0.9-20170817-SNAPSHOT&side=consumer&timeout=5000&timestamp=1503913284485, urls: [dubbo://10.9.82.150:28094?application=pay-assetcenter&interface=com.youzan.pay.assetcenter.api.UnifiedPayService&methods=warpMultiPay,multiPay,singlePay,wrapMultiPay,batchPay,wrapSinglePay,&timestamp=1503890765498&weight=100, empty://172.17.11.56/com.youzan.pay.assetcenter.api.UnifiedPayService?application=pay-ucashier&category=configurators&check=false&dubbo=3.0.9-RELEASE&interface=com.youzan.pay.assetcenter.api.UnifiedPayService&logger=slf4j&methods=warpMultiPay,multiPay,singlePay,wrapMultiPay,wrapSinglePay&owner=pay-ucashier&pid=43551&protocol=dubbo&retries=0&revision=0.0.9-20170817-SNAPSHOT&side=consumer&timeout=5000&timestamp=1503913284485, empty://172.17.11.56/com.youzan.pay.assetcenter.api.UnifiedPayService?application=pay-ucashier&category=routers&check=false&dubbo=3.0.9-RELEASE&interface=com.youzan.pay.assetcenter.api.UnifiedPayService&logger=slf4j&methods=warpMultiPay,multiPay,singlePay,wrapMultiPay,wrapSinglePay&owner=pay-ucashier&pid=43551&protocol=dubbo&retries=0&revision=0.0.9-20170817-SNAPSHOT&side=consumer&timeout=5000&timestamp=1503913284485], nova version: 3.0.9-RELEASE, current host: 172.17.11.56
2017-08-28 17:41:24.522 [main] INFO  com.alibaba.dubbo.remoting.transport.AbstractClient -  [Nova] Successed connect to server /10.9.82.150:28094 from NettyClient 172.17.11.56 using dubbo version 3.0.9-RELEASE, channel is NettyChannel [channel=[id: 0xdb552e5f, /172.17.11.56:61389 => /10.9.82.150:28094]], nova version: 3.0.9-RELEASE, current host: 172.17.11.56
2017-08-28 17:41:24.522 [main] INFO  com.alibaba.dubbo.remoting.transport.AbstractClient -  [Nova] Start NettyClient wulonghuideMacBook-Pro.local/172.17.11.56 connect to the server /10.9.82.150:28094, nova version: 3.0.9-RELEASE, current host: 172.17.11.56
2017-08-28 17:41:24.523 [main] INFO  com.alibaba.dubbo.config.AbstractConfig -  [Nova] Refer dubbo service com.youzan.pay.assetcenter.api.UnifiedPayService from url haunt://etcd-dev.s.qima-inc.com:2379/com.alibaba.dubbo.registry.RegistryService?application=pay-ucashier&check=false&dubbo=3.0.9-RELEASE&interface=com.youzan.pay.assetcenter.api.UnifiedPayService&logger=slf4j&methods=warpMultiPay,multiPay,singlePay,wrapMultiPay,wrapSinglePay&monitor=http%3A%2F%2Fhawk-dev.s.qima-inc.com%3A80%3Fdubbo%3D3.0.9-RELEASE%26interface%3Dcom.alibaba.dubbo.monitor.MonitorService%26pid%3D43551%26timestamp%3D1503913284487&owner=pay-ucashier&pid=43551&protocol=dubbo&retries=0&revision=0.0.9-20170817-SNAPSHOT&side=consumer&timeout=5000&timestamp=1503913284485&weight=100, nova version: 3.0.9-RELEASE, current host: 172.17.11.56
2017-08-28 17:41:24.550 [main] DEBUG o.s.beans.factory.support.DefaultListableBeanFactory - Finished creating instance of bean 'assetCenterUnifiedPayServiceClient'
2017-08-28 17:41:24.551 [main] DEBUG o.s.beans.factory.support.DefaultListableBeanFactory - Creating shared instance of singleton bean 'cashierOrderStatusSearchClient'
2017-08-28 17:41:24.551 [main] DEBUG o.s.beans.factory.support.DefaultListableBeanFactory - Creating instance of bean 'cashierOrderStatusSearchClient'
2017-08-28 17:41:24.551 [main] DEBUG o.s.beans.factory.annotation.InjectionMetadata - Registered injected element on class [com.youzan.pay.unified.cashier.intergration.client.CashierOrderStatusSearchClient]: ResourceElement for private com.youzan.pay.assetcenter.api.AcquireOrderService com.youzan.pay.unified.cashier.intergration.client.CashierOrderStatusSearchClient.acquireOrderService
2017-08-28 17:41:24.551 [main] DEBUG o.s.beans.factory.support.DefaultListableBeanFactory - Eagerly caching bean 'cashierOrderStatusSearchClient' to allow for resolving potential circular references
2017-08-28 17:41:24.551 [main] DEBUG o.s.beans.factory.annotation.InjectionMetadata - Processing injected element of bean 'cashierOrderStatusSearchClient': ResourceElement for private com.youzan.pay.assetcenter.api.AcquireOrderService com.youzan.pay.unified.cashier.intergration.client.CashierOrderStatusSearchClient.acquireOrderService
2017-08-28 17:41:24.551 [main] DEBUG o.s.beans.factory.support.DefaultListableBeanFactory - Creating shared instance of singleton bean 'acquireOrderService'
2017-08-28 17:41:24.551 [main] DEBUG o.s.beans.factory.support.DefaultListableBeanFactory - Creating instance of bean 'acquireOrderService'
2017-08-28 17:41:24.552 [main] DEBUG o.s.beans.factory.support.DefaultListableBeanFactory - Eagerly caching bean 'acquireOrderService' to allow for resolving potential circular references
2017-08-28 17:41:24.553 [main] DEBUG o.s.beans.factory.support.DefaultListableBeanFactory - Returning cached instance of singleton bean 'haunt'
2017-08-28 17:41:24.554 [main] DEBUG o.s.beans.factory.support.DefaultListableBeanFactory - Invoking afterPropertiesSet() on bean with name 'acquireOrderService'
2017-08-28 17:41:24.554 [main] DEBUG o.s.beans.factory.support.DefaultListableBeanFactory - Returning cached instance of singleton bean 'com.alibaba.dubbo.config.ApplicationConfig'
2017-08-28 17:41:24.555 [main] DEBUG o.s.beans.factory.support.DefaultListableBeanFactory - Returning cached instance of singleton bean 'com.alibaba.dubbo.config.MonitorConfig'
2017-08-28 17:41:24.558 [main] DEBUG o.s.beans.factory.support.DefaultListableBeanFactory - Finished creating instance of bean 'acquireOrderService'
2017-08-28 17:41:24.565 [main] INFO  com.youzan.nova.registry.haunt.HauntRegistry -  [Nova] Register: consumer://172.17.11.56/com.youzan.pay.assetcenter.api.AcquireOrderService?application=pay-ucashier&category=consumers&check=false&dubbo=3.0.9-RELEASE&interface=com.youzan.pay.assetcenter.api.AcquireOrderService&logger=slf4j&methods=payNotify,retryInAccount,query,create,pay,revoke&owner=pay-ucashier&pid=43551&protocol=dubbo&retries=0&revision=0.0.9-20170817-SNAPSHOT&side=consumer&timeout=5000&timestamp=1503913284561, nova version: 3.0.9-RELEASE, current host: 172.17.11.56
2017-08-28 17:41:24.565 [main] INFO  com.youzan.nova.registry.haunt.HauntRegistry -  [Nova] Subscribe: consumer://172.17.11.56/com.youzan.pay.assetcenter.api.AcquireOrderService?application=pay-ucashier&category=providers,configurators,routers&check=false&dubbo=3.0.9-RELEASE&interface=com.youzan.pay.assetcenter.api.AcquireOrderService&logger=slf4j&methods=payNotify,retryInAccount,query,create,pay,revoke&owner=pay-ucashier&pid=43551&protocol=dubbo&retries=0&revision=0.0.9-20170817-SNAPSHOT&side=consumer&timeout=5000&timestamp=1503913284561, nova version: 3.0.9-RELEASE, current host: 172.17.11.56
2017-08-28 17:41:24.566 [main] INFO  com.youzan.nova.registry.haunt.HauntRegistry -  [Nova] Notify urls for subscribe url consumer://172.17.11.56/com.youzan.pay.assetcenter.api.AcquireOrderService?application=pay-ucashier&category=providers,configurators,routers&check=false&dubbo=3.0.9-RELEASE&interface=com.youzan.pay.assetcenter.api.AcquireOrderService&logger=slf4j&methods=payNotify,retryInAccount,query,create,pay,revoke&owner=pay-ucashier&pid=43551&protocol=dubbo&retries=0&revision=0.0.9-20170817-SNAPSHOT&side=consumer&timeout=5000&timestamp=1503913284561, urls: [dubbo://10.9.82.150:28094?application=pay-assetcenter&interface=com.youzan.pay.assetcenter.api.AcquireOrderService&methods=payNotify,retryInAccount,query,pay,revoke,create,&timestamp=1503890764801&weight=100, empty://172.17.11.56/com.youzan.pay.assetcenter.api.AcquireOrderService?application=pay-ucashier&category=configurators&check=false&dubbo=3.0.9-RELEASE&interface=com.youzan.pay.assetcenter.api.AcquireOrderService&logger=slf4j&methods=payNotify,retryInAccount,query,create,pay,revoke&owner=pay-ucashier&pid=43551&protocol=dubbo&retries=0&revision=0.0.9-20170817-SNAPSHOT&side=consumer&timeout=5000&timestamp=1503913284561, empty://172.17.11.56/com.youzan.pay.assetcenter.api.AcquireOrderService?application=pay-ucashier&category=routers&check=false&dubbo=3.0.9-RELEASE&interface=com.youzan.pay.assetcenter.api.AcquireOrderService&logger=slf4j&methods=payNotify,retryInAccount,query,create,pay,revoke&owner=pay-ucashier&pid=43551&protocol=dubbo&retries=0&revision=0.0.9-20170817-SNAPSHOT&side=consumer&timeout=5000&timestamp=1503913284561], nova version: 3.0.9-RELEASE, current host: 172.17.11.56
2017-08-28 17:41:24.566 [main] INFO  com.alibaba.dubbo.config.AbstractConfig -  [Nova] Refer dubbo service com.youzan.pay.assetcenter.api.AcquireOrderService from url haunt://etcd-dev.s.qima-inc.com:2379/com.alibaba.dubbo.registry.RegistryService?application=pay-ucashier&check=false&dubbo=3.0.9-RELEASE&interface=com.youzan.pay.assetcenter.api.AcquireOrderService&logger=slf4j&methods=payNotify,retryInAccount,query,create,pay,revoke&monitor=http%3A%2F%2Fhawk-dev.s.qima-inc.com%3A80%3Fdubbo%3D3.0.9-RELEASE%26interface%3Dcom.alibaba.dubbo.monitor.MonitorService%26pid%3D43551%26timestamp%3D1503913284564&owner=pay-ucashier&pid=43551&protocol=dubbo&retries=0&revision=0.0.9-20170817-SNAPSHOT&side=consumer&timeout=5000&timestamp=1503913284561&weight=100, nova version: 3.0.9-RELEASE, current host: 172.17.11.56
2017-08-28 17:41:24.588 [main] DEBUG o.s.beans.factory.support.DefaultListableBeanFactory - Finished creating instance of bean 'cashierOrderStatusSearchClient'
2017-08-28 17:41:24.588 [main] DEBUG o.s.beans.factory.support.DefaultListableBeanFactory - Creating shared instance of singleton bean 'cashierRechargeServiceClient'
2017-08-28 17:41:24.588 [main] DEBUG o.s.beans.factory.support.DefaultListableBeanFactory - Creating instance of bean 'cashierRechargeServiceClient'
2017-08-28 17:41:24.588 [main] DEBUG o.s.beans.factory.annotation.InjectionMetadata - Registered injected element on class [com.youzan.pay.unified.cashier.intergration.client.CashierRechargeServiceClient]: ResourceElement for private com.youzan.pay.assetcenter.api.RechargeService com.youzan.pay.unified.cashier.intergration.client.CashierRechargeServiceClient.rechargeService
2017-08-28 17:41:24.588 [main] DEBUG o.s.beans.factory.support.DefaultListableBeanFactory - Eagerly caching bean 'cashierRechargeServiceClient' to allow for resolving potential circular references
2017-08-28 17:41:24.588 [main] DEBUG o.s.beans.factory.annotation.InjectionMetadata - Processing injected element of bean 'cashierRechargeServiceClient': ResourceElement for private com.youzan.pay.assetcenter.api.RechargeService com.youzan.pay.unified.cashier.intergration.client.CashierRechargeServiceClient.rechargeService
2017-08-28 17:41:24.588 [main] DEBUG o.s.beans.factory.support.DefaultListableBeanFactory - Creating shared instance of singleton bean 'rechargeService'
2017-08-28 17:41:24.588 [main] DEBUG o.s.beans.factory.support.DefaultListableBeanFactory - Creating instance of bean 'rechargeService'
2017-08-28 17:41:24.590 [main] DEBUG o.s.beans.factory.support.DefaultListableBeanFactory - Eagerly caching bean 'rechargeService' to allow for resolving potential circular references
2017-08-28 17:41:24.590 [main] DEBUG o.s.beans.factory.support.DefaultListableBeanFactory - Returning cached instance of singleton bean 'haunt'
2017-08-28 17:41:24.591 [main] DEBUG o.s.beans.factory.support.DefaultListableBeanFactory - Invoking afterPropertiesSet() on bean with name 'rechargeService'
2017-08-28 17:41:24.591 [main] DEBUG o.s.beans.factory.support.DefaultListableBeanFactory - Returning cached instance of singleton bean 'com.alibaba.dubbo.config.ApplicationConfig'
2017-08-28 17:41:24.592 [main] DEBUG o.s.beans.factory.support.DefaultListableBeanFactory - Returning cached instance of singleton bean 'com.alibaba.dubbo.config.MonitorConfig'
2017-08-28 17:41:24.599 [main] DEBUG o.s.beans.factory.support.DefaultListableBeanFactory - Finished creating instance of bean 'rechargeService'
2017-08-28 17:41:24.602 [main] INFO  com.youzan.nova.registry.haunt.HauntRegistry -  [Nova] Register: consumer://172.17.11.56/com.youzan.pay.assetcenter.api.RechargeService?application=pay-ucashier&category=consumers&check=false&dubbo=3.0.9-RELEASE&interface=com.youzan.pay.assetcenter.api.RechargeService&logger=slf4j&methods=rechargePay,wrapCreate,create,wrapRechargePay&owner=pay-ucashier&pid=43551&protocol=dubbo&retries=0&revision=0.0.9-20170817-SNAPSHOT&side=consumer&timeout=5000&timestamp=1503913284600, nova version: 3.0.9-RELEASE, current host: 172.17.11.56
2017-08-28 17:41:24.603 [main] INFO  com.youzan.nova.registry.haunt.HauntRegistry -  [Nova] Subscribe: consumer://172.17.11.56/com.youzan.pay.assetcenter.api.RechargeService?application=pay-ucashier&category=providers,configurators,routers&check=false&dubbo=3.0.9-RELEASE&interface=com.youzan.pay.assetcenter.api.RechargeService&logger=slf4j&methods=rechargePay,wrapCreate,create,wrapRechargePay&owner=pay-ucashier&pid=43551&protocol=dubbo&retries=0&revision=0.0.9-20170817-SNAPSHOT&side=consumer&timeout=5000&timestamp=1503913284600, nova version: 3.0.9-RELEASE, current host: 172.17.11.56
2017-08-28 17:41:24.603 [main] INFO  com.youzan.nova.registry.haunt.HauntRegistry -  [Nova] Notify urls for subscribe url consumer://172.17.11.56/com.youzan.pay.assetcenter.api.RechargeService?application=pay-ucashier&category=providers,configurators,routers&check=false&dubbo=3.0.9-RELEASE&interface=com.youzan.pay.assetcenter.api.RechargeService&logger=slf4j&methods=rechargePay,wrapCreate,create,wrapRechargePay&owner=pay-ucashier&pid=43551&protocol=dubbo&retries=0&revision=0.0.9-20170817-SNAPSHOT&side=consumer&timeout=5000&timestamp=1503913284600, urls: [dubbo://10.9.82.150:28094?application=pay-assetcenter&interface=com.youzan.pay.assetcenter.api.RechargeService&methods=rechargePay,wrapCreate,create,wrapRechargePay,&timestamp=1503890766143&weight=100, empty://172.17.11.56/com.youzan.pay.assetcenter.api.RechargeService?application=pay-ucashier&category=configurators&check=false&dubbo=3.0.9-RELEASE&interface=com.youzan.pay.assetcenter.api.RechargeService&logger=slf4j&methods=rechargePay,wrapCreate,create,wrapRechargePay&owner=pay-ucashier&pid=43551&protocol=dubbo&retries=0&revision=0.0.9-20170817-SNAPSHOT&side=consumer&timeout=5000&timestamp=1503913284600, empty://172.17.11.56/com.youzan.pay.assetcenter.api.RechargeService?application=pay-ucashier&category=routers&check=false&dubbo=3.0.9-RELEASE&interface=com.youzan.pay.assetcenter.api.RechargeService&logger=slf4j&methods=rechargePay,wrapCreate,create,wrapRechargePay&owner=pay-ucashier&pid=43551&protocol=dubbo&retries=0&revision=0.0.9-20170817-SNAPSHOT&side=consumer&timeout=5000&timestamp=1503913284600], nova version: 3.0.9-RELEASE, current host: 172.17.11.56
2017-08-28 17:41:24.604 [main] INFO  com.alibaba.dubbo.config.AbstractConfig -  [Nova] Refer dubbo service com.youzan.pay.assetcenter.api.RechargeService from url haunt://etcd-dev.s.qima-inc.com:2379/com.alibaba.dubbo.registry.RegistryService?application=pay-ucashier&check=false&dubbo=3.0.9-RELEASE&interface=com.youzan.pay.assetcenter.api.RechargeService&logger=slf4j&methods=rechargePay,wrapCreate,create,wrapRechargePay&monitor=http%3A%2F%2Fhawk-dev.s.qima-inc.com%3A80%3Fdubbo%3D3.0.9-RELEASE%26interface%3Dcom.alibaba.dubbo.monitor.MonitorService%26pid%3D43551%26timestamp%3D1503913284602&owner=pay-ucashier&pid=43551&protocol=dubbo&retries=0&revision=0.0.9-20170817-SNAPSHOT&side=consumer&timeout=5000&timestamp=1503913284600&weight=100, nova version: 3.0.9-RELEASE, current host: 172.17.11.56
2017-08-28 17:41:24.636 [main] DEBUG o.s.beans.factory.support.DefaultListableBeanFactory - Finished creating instance of bean 'cashierRechargeServiceClient'
2017-08-28 17:41:24.636 [main] DEBUG o.s.beans.factory.support.DefaultListableBeanFactory - Creating shared instance of singleton bean 'channelBankCardServiceClient'
2017-08-28 17:41:24.637 [main] DEBUG o.s.beans.factory.support.DefaultListableBeanFactory - Creating instance of bean 'channelBankCardServiceClient'
2017-08-28 17:41:24.637 [main] DEBUG o.s.beans.factory.annotation.InjectionMetadata - Registered injected element on class [com.youzan.pay.unified.cashier.intergration.client.ChannelBankCardServiceClient]: ResourceElement for private com.youzan.pay.fundchannel.open.api.BankCardService com.youzan.pay.unified.cashier.intergration.client.ChannelBankCardServiceClient.bankCardService
2017-08-28 17:41:24.638 [main] DEBUG o.s.beans.factory.support.DefaultListableBeanFactory - Eagerly caching bean 'channelBankCardServiceClient' to allow for resolving potential circular references
2017-08-28 17:41:24.638 [main] DEBUG o.s.beans.factory.annotation.InjectionMetadata - Processing injected element of bean 'channelBankCardServiceClient': ResourceElement for private com.youzan.pay.fundchannel.open.api.BankCardService com.youzan.pay.unified.cashier.intergration.client.ChannelBankCardServiceClient.bankCardService
2017-08-28 17:41:24.638 [main] DEBUG o.s.beans.factory.support.DefaultListableBeanFactory - Creating shared instance of singleton bean 'bankCardService'
2017-08-28 17:41:24.638 [main] DEBUG o.s.beans.factory.support.DefaultListableBeanFactory - Creating instance of bean 'bankCardService'
2017-08-28 17:41:24.639 [main] DEBUG o.s.beans.factory.support.DefaultListableBeanFactory - Eagerly caching bean 'bankCardService' to allow for resolving potential circular references
2017-08-28 17:41:24.641 [main] DEBUG o.s.beans.factory.support.DefaultListableBeanFactory - Returning cached instance of singleton bean 'haunt'
2017-08-28 17:41:24.642 [main] DEBUG o.s.beans.factory.support.DefaultListableBeanFactory - Invoking afterPropertiesSet() on bean with name 'bankCardService'
2017-08-28 17:41:24.643 [main] DEBUG o.s.beans.factory.support.DefaultListableBeanFactory - Returning cached instance of singleton bean 'com.alibaba.dubbo.config.ApplicationConfig'
2017-08-28 17:41:24.643 [main] DEBUG o.s.beans.factory.support.DefaultListableBeanFactory - Returning cached instance of singleton bean 'com.alibaba.dubbo.config.MonitorConfig'
2017-08-28 17:41:24.647 [main] DEBUG o.s.beans.factory.support.DefaultListableBeanFactory - Finished creating instance of bean 'bankCardService'
2017-08-28 17:41:24.651 [main] INFO  com.youzan.nova.registry.haunt.HauntRegistry -  [Nova] Register: consumer://172.17.11.56/com.youzan.pay.fundchannel.open.api.BankCardService?application=pay-ucashier&category=consumers&check=false&dubbo=3.0.9-RELEASE&interface=com.youzan.pay.fundchannel.open.api.BankCardService&logger=slf4j&methods=checkCard,sendSms,checkBankBinding,payConfirm&owner=pay-ucashier&pid=43551&protocol=dubbo&retries=0&revision=1.0.0-20170710-RELEASE&side=consumer&timeout=5000&timestamp=1503913284649, nova version: 3.0.9-RELEASE, current host: 172.17.11.56
2017-08-28 17:41:24.651 [main] INFO  com.youzan.nova.registry.haunt.HauntRegistry -  [Nova] Subscribe: consumer://172.17.11.56/com.youzan.pay.fundchannel.open.api.BankCardService?application=pay-ucashier&category=providers,configurators,routers&check=false&dubbo=3.0.9-RELEASE&interface=com.youzan.pay.fundchannel.open.api.BankCardService&logger=slf4j&methods=checkCard,sendSms,checkBankBinding,payConfirm&owner=pay-ucashier&pid=43551&protocol=dubbo&retries=0&revision=1.0.0-20170710-RELEASE&side=consumer&timeout=5000&timestamp=1503913284649, nova version: 3.0.9-RELEASE, current host: 172.17.11.56
2017-08-28 17:41:24.651 [main] INFO  com.youzan.nova.registry.haunt.HauntRegistry -  [Nova] Notify urls for subscribe url consumer://172.17.11.56/com.youzan.pay.fundchannel.open.api.BankCardService?application=pay-ucashier&category=providers,configurators,routers&check=false&dubbo=3.0.9-RELEASE&interface=com.youzan.pay.fundchannel.open.api.BankCardService&logger=slf4j&methods=checkCard,sendSms,checkBankBinding,payConfirm&owner=pay-ucashier&pid=43551&protocol=dubbo&retries=0&revision=1.0.0-20170710-RELEASE&side=consumer&timeout=5000&timestamp=1503913284649, urls: [dubbo://10.9.196.183:28096?application=pay-fund-channel&interface=com.youzan.pay.fundchannel.open.api.BankCardService&methods=checkCard,sendSms,checkBankBinding,payConfirm,&timestamp=1503389549681&weight=100, empty://172.17.11.56/com.youzan.pay.fundchannel.open.api.BankCardService?application=pay-ucashier&category=configurators&check=false&dubbo=3.0.9-RELEASE&interface=com.youzan.pay.fundchannel.open.api.BankCardService&logger=slf4j&methods=checkCard,sendSms,checkBankBinding,payConfirm&owner=pay-ucashier&pid=43551&protocol=dubbo&retries=0&revision=1.0.0-20170710-RELEASE&side=consumer&timeout=5000&timestamp=1503913284649, empty://172.17.11.56/com.youzan.pay.fundchannel.open.api.BankCardService?application=pay-ucashier&category=routers&check=false&dubbo=3.0.9-RELEASE&interface=com.youzan.pay.fundchannel.open.api.BankCardService&logger=slf4j&methods=checkCard,sendSms,checkBankBinding,payConfirm&owner=pay-ucashier&pid=43551&protocol=dubbo&retries=0&revision=1.0.0-20170710-RELEASE&side=consumer&timeout=5000&timestamp=1503913284649], nova version: 3.0.9-RELEASE, current host: 172.17.11.56
2017-08-28 17:41:24.688 [main] INFO  com.alibaba.dubbo.remoting.transport.AbstractClient -  [Nova] Successed connect to server /10.9.196.183:28096 from NettyClient 172.17.11.56 using dubbo version 3.0.9-RELEASE, channel is NettyChannel [channel=[id: 0xdf256a2a, /172.17.11.56:61390 => /10.9.196.183:28096]], nova version: 3.0.9-RELEASE, current host: 172.17.11.56
2017-08-28 17:41:24.688 [main] INFO  com.alibaba.dubbo.remoting.transport.AbstractClient -  [Nova] Start NettyClient wulonghuideMacBook-Pro.local/172.17.11.56 connect to the server /10.9.196.183:28096, nova version: 3.0.9-RELEASE, current host: 172.17.11.56
2017-08-28 17:41:24.690 [main] INFO  com.alibaba.dubbo.config.AbstractConfig -  [Nova] Refer dubbo service com.youzan.pay.fundchannel.open.api.BankCardService from url haunt://etcd-dev.s.qima-inc.com:2379/com.alibaba.dubbo.registry.RegistryService?application=pay-ucashier&check=false&dubbo=3.0.9-RELEASE&interface=com.youzan.pay.fundchannel.open.api.BankCardService&logger=slf4j&methods=checkCard,sendSms,checkBankBinding,payConfirm&monitor=http%3A%2F%2Fhawk-dev.s.qima-inc.com%3A80%3Fdubbo%3D3.0.9-RELEASE%26interface%3Dcom.alibaba.dubbo.monitor.MonitorService%26pid%3D43551%26timestamp%3D1503913284650&owner=pay-ucashier&pid=43551&protocol=dubbo&retries=0&revision=1.0.0-20170710-RELEASE&side=consumer&timeout=5000&timestamp=1503913284649&weight=100, nova version: 3.0.9-RELEASE, current host: 172.17.11.56
2017-08-28 17:41:24.706 [main] DEBUG o.s.beans.factory.support.DefaultListableBeanFactory - Finished creating instance of bean 'channelBankCardServiceClient'
2017-08-28 17:41:24.707 [main] DEBUG o.s.beans.factory.support.DefaultListableBeanFactory - Creating shared instance of singleton bean 'merchantBankCardServiceClient'
2017-08-28 17:41:24.707 [main] DEBUG o.s.beans.factory.support.DefaultListableBeanFactory - Creating instance of bean 'merchantBankCardServiceClient'
2017-08-28 17:41:24.707 [main] DEBUG o.s.beans.factory.annotation.InjectionMetadata - Registered injected element on class [com.youzan.pay.unified.cashier.intergration.client.MerchantBankCardServiceClient]: ResourceElement for private com.youzan.pay.customer.api.BankCardService com.youzan.pay.unified.cashier.intergration.client.MerchantBankCardServiceClient.merchantBankCardService
2017-08-28 17:41:24.707 [main] DEBUG o.s.beans.factory.support.DefaultListableBeanFactory - Eagerly caching bean 'merchantBankCardServiceClient' to allow for resolving potential circular references
2017-08-28 17:41:24.707 [main] DEBUG o.s.beans.factory.annotation.InjectionMetadata - Processing injected element of bean 'merchantBankCardServiceClient': ResourceElement for private com.youzan.pay.customer.api.BankCardService com.youzan.pay.unified.cashier.intergration.client.MerchantBankCardServiceClient.merchantBankCardService
2017-08-28 17:41:24.708 [main] DEBUG o.s.beans.factory.support.DefaultListableBeanFactory - Creating shared instance of singleton bean 'merchantBankCardService'
2017-08-28 17:41:24.708 [main] DEBUG o.s.beans.factory.support.DefaultListableBeanFactory - Creating instance of bean 'merchantBankCardService'
2017-08-28 17:41:24.709 [main] DEBUG o.s.beans.factory.support.DefaultListableBeanFactory - Eagerly caching bean 'merchantBankCardService' to allow for resolving potential circular references
2017-08-28 17:41:24.709 [main] DEBUG o.s.beans.factory.support.DefaultListableBeanFactory - Returning cached instance of singleton bean 'haunt'
2017-08-28 17:41:24.709 [main] DEBUG o.s.beans.factory.support.DefaultListableBeanFactory - Invoking afterPropertiesSet() on bean with name 'merchantBankCardService'
2017-08-28 17:41:24.710 [main] DEBUG o.s.beans.factory.support.DefaultListableBeanFactory - Returning cached instance of singleton bean 'com.alibaba.dubbo.config.ApplicationConfig'
2017-08-28 17:41:24.711 [main] DEBUG o.s.beans.factory.support.DefaultListableBeanFactory - Returning cached instance of singleton bean 'com.alibaba.dubbo.config.MonitorConfig'
2017-08-28 17:41:24.714 [main] DEBUG o.s.beans.factory.support.DefaultListableBeanFactory - Finished creating instance of bean 'merchantBankCardService'
2017-08-28 17:41:24.719 [main] INFO  com.youzan.nova.registry.haunt.HauntRegistry -  [Nova] Register: consumer://172.17.11.56/com.youzan.pay.customer.api.BankCardService?application=pay-ucashier&category=consumers&check=false&dubbo=3.0.9-RELEASE&interface=com.youzan.pay.customer.api.BankCardService&logger=slf4j&methods=getBoundBankCard,bindQuackPayCard,bindCard,unbindQuickPayCard,queryBoundQuickPayCard&owner=pay-ucashier&pid=43551&protocol=dubbo&retries=0&revision=0.0.7-20170804-RELEASE&side=consumer&timeout=5000&timestamp=1503913284715, nova version: 3.0.9-RELEASE, current host: 172.17.11.56
2017-08-28 17:41:24.720 [main] INFO  com.youzan.nova.registry.haunt.HauntRegistry -  [Nova] Subscribe: consumer://172.17.11.56/com.youzan.pay.customer.api.BankCardService?application=pay-ucashier&category=providers,configurators,routers&check=false&dubbo=3.0.9-RELEASE&interface=com.youzan.pay.customer.api.BankCardService&logger=slf4j&methods=getBoundBankCard,bindQuackPayCard,bindCard,unbindQuickPayCard,queryBoundQuickPayCard&owner=pay-ucashier&pid=43551&protocol=dubbo&retries=0&revision=0.0.7-20170804-RELEASE&side=consumer&timeout=5000&timestamp=1503913284715, nova version: 3.0.9-RELEASE, current host: 172.17.11.56
2017-08-28 17:41:24.721 [main] INFO  com.youzan.nova.registry.haunt.HauntRegistry -  [Nova] Notify urls for subscribe url consumer://172.17.11.56/com.youzan.pay.customer.api.BankCardService?application=pay-ucashier&category=providers,configurators,routers&check=false&dubbo=3.0.9-RELEASE&interface=com.youzan.pay.customer.api.BankCardService&logger=slf4j&methods=getBoundBankCard,bindQuackPayCard,bindCard,unbindQuickPayCard,queryBoundQuickPayCard&owner=pay-ucashier&pid=43551&protocol=dubbo&retries=0&revision=0.0.7-20170804-RELEASE&side=consumer&timeout=5000&timestamp=1503913284715, urls: [dubbo://172.16.8.185:28081?application=pay-customer&interface=com.youzan.pay.customer.api.BankCardService&methods=bindQuackPayCard,getBoundBankCard,bindCard_2_0_0,unbindQuickPayCard,bindCard,queryBoundQuickPayCard,&timestamp=1503899411797&weight=100, dubbo://10.9.196.183:28081?application=pay-customer&interface=com.youzan.pay.customer.api.BankCardService&methods=bindQuackPayCard,getBoundBankCard,unbindQuickPayCard,bindCard,queryBoundQuickPayCard,&timestamp=1503886744702&weight=100, dubbo://10.9.82.150:28081?application=pay-customer&interface=com.youzan.pay.customer.api.BankCardService&methods=getBoundBankCard,bindQuackPayCard,unbindQuickPayCard,bindCard,queryBoundQuickPayCard,&timestamp=1499329634155&weight=100, empty://172.17.11.56/com.youzan.pay.customer.api.BankCardService?application=pay-ucashier&category=configurators&check=false&dubbo=3.0.9-RELEASE&interface=com.youzan.pay.customer.api.BankCardService&logger=slf4j&methods=getBoundBankCard,bindQuackPayCard,bindCard,unbindQuickPayCard,queryBoundQuickPayCard&owner=pay-ucashier&pid=43551&protocol=dubbo&retries=0&revision=0.0.7-20170804-RELEASE&side=consumer&timeout=5000&timestamp=1503913284715, empty://172.17.11.56/com.youzan.pay.customer.api.BankCardService?application=pay-ucashier&category=routers&check=false&dubbo=3.0.9-RELEASE&interface=com.youzan.pay.customer.api.BankCardService&logger=slf4j&methods=getBoundBankCard,bindQuackPayCard,bindCard,unbindQuickPayCard,queryBoundQuickPayCard&owner=pay-ucashier&pid=43551&protocol=dubbo&retries=0&revision=0.0.7-20170804-RELEASE&side=consumer&timeout=5000&timestamp=1503913284715], nova version: 3.0.9-RELEASE, current host: 172.17.11.56
2017-08-28 17:41:24.778 [main] INFO  com.alibaba.dubbo.remoting.transport.AbstractClient -  [Nova] Successed connect to server /172.16.8.185:28081 from NettyClient 172.17.11.56 using dubbo version 3.0.9-RELEASE, channel is NettyChannel [channel=[id: 0x6a07f8fa, /172.17.11.56:61391 => /172.16.8.185:28081]], nova version: 3.0.9-RELEASE, current host: 172.17.11.56
2017-08-28 17:41:24.778 [main] INFO  com.alibaba.dubbo.remoting.transport.AbstractClient -  [Nova] Start NettyClient wulonghuideMacBook-Pro.local/172.17.11.56 connect to the server /172.16.8.185:28081, nova version: 3.0.9-RELEASE, current host: 172.17.11.56
2017-08-28 17:41:24.823 [main] INFO  com.alibaba.dubbo.remoting.transport.AbstractClient -  [Nova] Successed connect to server /10.9.196.183:28081 from NettyClient 172.17.11.56 using dubbo version 3.0.9-RELEASE, channel is NettyChannel [channel=[id: 0x042f78d4, /172.17.11.56:61392 => /10.9.196.183:28081]], nova version: 3.0.9-RELEASE, current host: 172.17.11.56
2017-08-28 17:41:24.824 [main] INFO  com.alibaba.dubbo.remoting.transport.AbstractClient -  [Nova] Start NettyClient wulonghuideMacBook-Pro.local/172.17.11.56 connect to the server /10.9.196.183:28081, nova version: 3.0.9-RELEASE, current host: 172.17.11.56
2017-08-28 17:41:24.858 [main] INFO  com.alibaba.dubbo.remoting.transport.AbstractClient -  [Nova] Successed connect to server /10.9.82.150:28081 from NettyClient 172.17.11.56 using dubbo version 3.0.9-RELEASE, channel is NettyChannel [channel=[id: 0x6da89812, /172.17.11.56:61393 => /10.9.82.150:28081]], nova version: 3.0.9-RELEASE, current host: 172.17.11.56
2017-08-28 17:41:24.858 [main] INFO  com.alibaba.dubbo.remoting.transport.AbstractClient -  [Nova] Start NettyClient wulonghuideMacBook-Pro.local/172.17.11.56 connect to the server /10.9.82.150:28081, nova version: 3.0.9-RELEASE, current host: 172.17.11.56
2017-08-28 17:41:24.859 [main] INFO  com.alibaba.dubbo.config.AbstractConfig -  [Nova] Refer dubbo service com.youzan.pay.customer.api.BankCardService from url haunt://etcd-dev.s.qima-inc.com:2379/com.alibaba.dubbo.registry.RegistryService?application=pay-ucashier&check=false&dubbo=3.0.9-RELEASE&interface=com.youzan.pay.customer.api.BankCardService&logger=slf4j&methods=getBoundBankCard,bindQuackPayCard,bindCard,unbindQuickPayCard,queryBoundQuickPayCard&monitor=http%3A%2F%2Fhawk-dev.s.qima-inc.com%3A80%3Fdubbo%3D3.0.9-RELEASE%26interface%3Dcom.alibaba.dubbo.monitor.MonitorService%26pid%3D43551%26timestamp%3D1503913284718&owner=pay-ucashier&pid=43551&protocol=dubbo&retries=0&revision=0.0.7-20170804-RELEASE&side=consumer&timeout=5000&timestamp=1503913284715&weight=100, nova version: 3.0.9-RELEASE, current host: 172.17.11.56
2017-08-28 17:41:24.882 [main] DEBUG o.s.beans.factory.support.DefaultListableBeanFactory - Finished creating instance of bean 'merchantBankCardServiceClient'
2017-08-28 17:41:24.882 [main] DEBUG o.s.beans.factory.support.DefaultListableBeanFactory - Creating shared instance of singleton bean 'microAccoutServiceClient'
2017-08-28 17:41:24.883 [main] DEBUG o.s.beans.factory.support.DefaultListableBeanFactory - Creating instance of bean 'microAccoutServiceClient'
2017-08-28 17:41:24.885 [main] DEBUG o.s.beans.factory.annotation.InjectionMetadata - Registered injected element on class [com.youzan.pay.unified.cashier.intergration.client.MicroAccoutServiceClient]: ResourceElement for private com.youzan.pay.microaccount.prepaidcard.service.AccountService com.youzan.pay.unified.cashier.intergration.client.MicroAccoutServiceClient.accountService
2017-08-28 17:41:24.886 [main] DEBUG o.s.beans.factory.support.DefaultListableBeanFactory - Eagerly caching bean 'microAccoutServiceClient' to allow for resolving potential circular references
2017-08-28 17:41:24.886 [main] DEBUG o.s.beans.factory.annotation.InjectionMetadata - Processing injected element of bean 'microAccoutServiceClient': ResourceElement for private com.youzan.pay.microaccount.prepaidcard.service.AccountService com.youzan.pay.unified.cashier.intergration.client.MicroAccoutServiceClient.accountService
2017-08-28 17:41:24.886 [main] DEBUG o.s.beans.factory.support.DefaultListableBeanFactory - Creating shared instance of singleton bean 'accountService'
2017-08-28 17:41:24.886 [main] DEBUG o.s.beans.factory.support.DefaultListableBeanFactory - Creating instance of bean 'accountService'
2017-08-28 17:41:24.888 [main] DEBUG o.s.beans.factory.support.DefaultListableBeanFactory - Eagerly caching bean 'accountService' to allow for resolving potential circular references
2017-08-28 17:41:24.889 [main] DEBUG o.s.beans.factory.support.DefaultListableBeanFactory - Returning cached instance of singleton bean 'haunt'
2017-08-28 17:41:24.889 [main] DEBUG o.s.beans.factory.support.DefaultListableBeanFactory - Invoking afterPropertiesSet() on bean with name 'accountService'
2017-08-28 17:41:24.890 [main] DEBUG o.s.beans.factory.support.DefaultListableBeanFactory - Returning cached instance of singleton bean 'com.alibaba.dubbo.config.ApplicationConfig'
2017-08-28 17:41:24.891 [main] DEBUG o.s.beans.factory.support.DefaultListableBeanFactory - Returning cached instance of singleton bean 'com.alibaba.dubbo.config.MonitorConfig'
2017-08-28 17:41:24.898 [main] DEBUG o.s.beans.factory.support.DefaultListableBeanFactory - Finished creating instance of bean 'accountService'
2017-08-28 17:41:24.903 [main] INFO  com.youzan.nova.registry.haunt.HauntRegistry -  [Nova] Register: consumer://172.17.11.56/com.youzan.pay.microaccount.prepaidcard.service.AccountService?application=pay-ucashier&category=consumers&check=false&dubbo=3.0.9-RELEASE&interface=com.youzan.pay.microaccount.prepaidcard.service.AccountService&logger=slf4j&methods=getAccountByRefundNo,getAccountByPaymentNo,getAccountByRechargeNo,unfreeze,getAccountLogPaging,getPayAccount,freeze,getBatchOfBByUsers,getAccountLog,getAccountByUserNos,get&owner=pay-ucashier&pid=43551&protocol=dubbo&retries=0&revision=0.2.6-20170801-SNAPSHOT&side=consumer&timeout=5000&timestamp=1503913284901, nova version: 3.0.9-RELEASE, current host: 172.17.11.56
2017-08-28 17:41:24.903 [main] INFO  com.youzan.nova.registry.haunt.HauntRegistry -  [Nova] Subscribe: consumer://172.17.11.56/com.youzan.pay.microaccount.prepaidcard.service.AccountService?application=pay-ucashier&category=providers,configurators,routers&check=false&dubbo=3.0.9-RELEASE&interface=com.youzan.pay.microaccount.prepaidcard.service.AccountService&logger=slf4j&methods=getAccountByRefundNo,getAccountByPaymentNo,getAccountByRechargeNo,unfreeze,getAccountLogPaging,getPayAccount,freeze,getBatchOfBByUsers,getAccountLog,getAccountByUserNos,get&owner=pay-ucashier&pid=43551&protocol=dubbo&retries=0&revision=0.2.6-20170801-SNAPSHOT&side=consumer&timeout=5000&timestamp=1503913284901, nova version: 3.0.9-RELEASE, current host: 172.17.11.56
2017-08-28 17:41:24.903 [main] INFO  com.youzan.nova.registry.haunt.HauntRegistry -  [Nova] Notify urls for subscribe url consumer://172.17.11.56/com.youzan.pay.microaccount.prepaidcard.service.AccountService?application=pay-ucashier&category=providers,configurators,routers&check=false&dubbo=3.0.9-RELEASE&interface=com.youzan.pay.microaccount.prepaidcard.service.AccountService&logger=slf4j&methods=getAccountByRefundNo,getAccountByPaymentNo,getAccountByRechargeNo,unfreeze,getAccountLogPaging,getPayAccount,freeze,getBatchOfBByUsers,getAccountLog,getAccountByUserNos,get&owner=pay-ucashier&pid=43551&protocol=dubbo&retries=0&revision=0.2.6-20170801-SNAPSHOT&side=consumer&timeout=5000&timestamp=1503913284901, urls: [empty://172.17.11.56/com.youzan.pay.microaccount.prepaidcard.service.AccountService?application=pay-ucashier&category=providers&check=false&dubbo=3.0.9-RELEASE&interface=com.youzan.pay.microaccount.prepaidcard.service.AccountService&logger=slf4j&methods=getAccountByRefundNo,getAccountByPaymentNo,getAccountByRechargeNo,unfreeze,getAccountLogPaging,getPayAccount,freeze,getBatchOfBByUsers,getAccountLog,getAccountByUserNos,get&owner=pay-ucashier&pid=43551&protocol=dubbo&retries=0&revision=0.2.6-20170801-SNAPSHOT&side=consumer&timeout=5000&timestamp=1503913284901, empty://172.17.11.56/com.youzan.pay.microaccount.prepaidcard.service.AccountService?application=pay-ucashier&category=configurators&check=false&dubbo=3.0.9-RELEASE&interface=com.youzan.pay.microaccount.prepaidcard.service.AccountService&logger=slf4j&methods=getAccountByRefundNo,getAccountByPaymentNo,getAccountByRechargeNo,unfreeze,getAccountLogPaging,getPayAccount,freeze,getBatchOfBByUsers,getAccountLog,getAccountByUserNos,get&owner=pay-ucashier&pid=43551&protocol=dubbo&retries=0&revision=0.2.6-20170801-SNAPSHOT&side=consumer&timeout=5000&timestamp=1503913284901, empty://172.17.11.56/com.youzan.pay.microaccount.prepaidcard.service.AccountService?application=pay-ucashier&category=routers&check=false&dubbo=3.0.9-RELEASE&interface=com.youzan.pay.microaccount.prepaidcard.service.AccountService&logger=slf4j&methods=getAccountByRefundNo,getAccountByPaymentNo,getAccountByRechargeNo,unfreeze,getAccountLogPaging,getPayAccount,freeze,getBatchOfBByUsers,getAccountLog,getAccountByUserNos,get&owner=pay-ucashier&pid=43551&protocol=dubbo&retries=0&revision=0.2.6-20170801-SNAPSHOT&side=consumer&timeout=5000&timestamp=1503913284901], nova version: 3.0.9-RELEASE, current host: 172.17.11.56
2017-08-28 17:41:24.904 [main] INFO  com.alibaba.dubbo.config.AbstractConfig -  [Nova] Refer dubbo service com.youzan.pay.microaccount.prepaidcard.service.AccountService from url haunt://etcd-dev.s.qima-inc.com:2379/com.alibaba.dubbo.registry.RegistryService?application=pay-ucashier&check=false&dubbo=3.0.9-RELEASE&interface=com.youzan.pay.microaccount.prepaidcard.service.AccountService&logger=slf4j&methods=getAccountByRefundNo,getAccountByPaymentNo,getAccountByRechargeNo,unfreeze,getAccountLogPaging,getPayAccount,freeze,getBatchOfBByUsers,getAccountLog,getAccountByUserNos,get&owner=pay-ucashier&pid=43551&protocol=dubbo&retries=0&revision=0.2.6-20170801-SNAPSHOT&side=consumer&timeout=5000&timestamp=1503913284901, nova version: 3.0.9-RELEASE, current host: 172.17.11.56
2017-08-28 17:41:24.960 [main] DEBUG o.s.beans.factory.support.DefaultListableBeanFactory - Finished creating instance of bean 'microAccoutServiceClient'
2017-08-28 17:41:24.960 [main] DEBUG o.s.beans.factory.support.DefaultListableBeanFactory - Creating shared instance of singleton bean 'queryPayToolConfigServiceClient'
2017-08-28 17:41:24.961 [main] DEBUG o.s.beans.factory.support.DefaultListableBeanFactory - Creating instance of bean 'queryPayToolConfigServiceClient'
2017-08-28 17:41:24.962 [main] DEBUG o.s.beans.factory.annotation.InjectionMetadata - Registered injected element on class [com.youzan.pay.unified.cashier.intergration.client.QueryPayToolConfigServiceClient]: ResourceElement for private com.youzan.pay.customer.api.PayToolsService com.youzan.pay.unified.cashier.intergration.client.QueryPayToolConfigServiceClient.payToolsService
2017-08-28 17:41:24.962 [main] DEBUG o.s.beans.factory.annotation.InjectionMetadata - Registered injected element on class [com.youzan.pay.unified.cashier.intergration.client.QueryPayToolConfigServiceClient]: ResourceElement for private com.youzan.account.api.UserMerchantService com.youzan.pay.unified.cashier.intergration.client.QueryPayToolConfigServiceClient.userMerchantService
2017-08-28 17:41:24.962 [main] DEBUG o.s.beans.factory.annotation.InjectionMetadata - Registered injected element on class [com.youzan.pay.unified.cashier.intergration.client.QueryPayToolConfigServiceClient]: ResourceElement for private com.youzan.pay.core.cache.redis.RedisCacheManager com.youzan.pay.unified.cashier.intergration.client.QueryPayToolConfigServiceClient.redisCacheManager
2017-08-28 17:41:24.962 [main] DEBUG o.s.beans.factory.support.DefaultListableBeanFactory - Eagerly caching bean 'queryPayToolConfigServiceClient' to allow for resolving potential circular references
2017-08-28 17:41:24.963 [main] DEBUG o.s.beans.factory.annotation.InjectionMetadata - Processing injected element of bean 'queryPayToolConfigServiceClient': ResourceElement for private com.youzan.pay.customer.api.PayToolsService com.youzan.pay.unified.cashier.intergration.client.QueryPayToolConfigServiceClient.payToolsService
2017-08-28 17:41:24.963 [main] DEBUG o.s.beans.factory.support.DefaultListableBeanFactory - Creating shared instance of singleton bean 'payToolsService'
2017-08-28 17:41:24.963 [main] DEBUG o.s.beans.factory.support.DefaultListableBeanFactory - Creating instance of bean 'payToolsService'
2017-08-28 17:41:24.964 [main] DEBUG o.s.beans.factory.support.DefaultListableBeanFactory - Eagerly caching bean 'payToolsService' to allow for resolving potential circular references
2017-08-28 17:41:24.965 [main] DEBUG o.s.beans.factory.support.DefaultListableBeanFactory - Returning cached instance of singleton bean 'haunt'
2017-08-28 17:41:24.967 [main] DEBUG o.s.beans.factory.support.DefaultListableBeanFactory - Invoking afterPropertiesSet() on bean with name 'payToolsService'
2017-08-28 17:41:24.968 [main] DEBUG o.s.beans.factory.support.DefaultListableBeanFactory - Returning cached instance of singleton bean 'com.alibaba.dubbo.config.ApplicationConfig'
2017-08-28 17:41:24.969 [main] DEBUG o.s.beans.factory.support.DefaultListableBeanFactory - Returning cached instance of singleton bean 'com.alibaba.dubbo.config.MonitorConfig'
2017-08-28 17:41:24.972 [main] DEBUG o.s.beans.factory.support.DefaultListableBeanFactory - Finished creating instance of bean 'payToolsService'
2017-08-28 17:41:24.976 [main] INFO  com.youzan.nova.registry.haunt.HauntRegistry -  [Nova] Register: consumer://172.17.11.56/com.youzan.pay.customer.api.PayToolsService?application=pay-ucashier&category=consumers&check=false&dubbo=3.0.9-RELEASE&interface=com.youzan.pay.customer.api.PayToolsService&logger=slf4j&methods=getAvailablePayToolList&owner=pay-ucashier&pid=43551&protocol=dubbo&retries=0&revision=0.0.7-20170804-RELEASE&side=consumer&timeout=5000&timestamp=1503913284974, nova version: 3.0.9-RELEASE, current host: 172.17.11.56
2017-08-28 17:41:24.976 [main] INFO  com.youzan.nova.registry.haunt.HauntRegistry -  [Nova] Subscribe: consumer://172.17.11.56/com.youzan.pay.customer.api.PayToolsService?application=pay-ucashier&category=providers,configurators,routers&check=false&dubbo=3.0.9-RELEASE&interface=com.youzan.pay.customer.api.PayToolsService&logger=slf4j&methods=getAvailablePayToolList&owner=pay-ucashier&pid=43551&protocol=dubbo&retries=0&revision=0.0.7-20170804-RELEASE&side=consumer&timeout=5000&timestamp=1503913284974, nova version: 3.0.9-RELEASE, current host: 172.17.11.56
2017-08-28 17:41:24.976 [main] INFO  com.youzan.nova.registry.haunt.HauntRegistry -  [Nova] Notify urls for subscribe url consumer://172.17.11.56/com.youzan.pay.customer.api.PayToolsService?application=pay-ucashier&category=providers,configurators,routers&check=false&dubbo=3.0.9-RELEASE&interface=com.youzan.pay.customer.api.PayToolsService&logger=slf4j&methods=getAvailablePayToolList&owner=pay-ucashier&pid=43551&protocol=dubbo&retries=0&revision=0.0.7-20170804-RELEASE&side=consumer&timeout=5000&timestamp=1503913284974, urls: [dubbo://172.16.8.185:28081?application=pay-customer&interface=com.youzan.pay.customer.api.PayToolsService&methods=getAvailablePayToolList,&timestamp=1503899423630&weight=100, dubbo://10.9.196.183:28081?application=pay-customer&interface=com.youzan.pay.customer.api.PayToolsService&methods=getAvailablePayToolList,&timestamp=1503886744850&weight=100, empty://172.17.11.56/com.youzan.pay.customer.api.PayToolsService?application=pay-ucashier&category=configurators&check=false&dubbo=3.0.9-RELEASE&interface=com.youzan.pay.customer.api.PayToolsService&logger=slf4j&methods=getAvailablePayToolList&owner=pay-ucashier&pid=43551&protocol=dubbo&retries=0&revision=0.0.7-20170804-RELEASE&side=consumer&timeout=5000&timestamp=1503913284974, empty://172.17.11.56/com.youzan.pay.customer.api.PayToolsService?application=pay-ucashier&category=routers&check=false&dubbo=3.0.9-RELEASE&interface=com.youzan.pay.customer.api.PayToolsService&logger=slf4j&methods=getAvailablePayToolList&owner=pay-ucashier&pid=43551&protocol=dubbo&retries=0&revision=0.0.7-20170804-RELEASE&side=consumer&timeout=5000&timestamp=1503913284974], nova version: 3.0.9-RELEASE, current host: 172.17.11.56
2017-08-28 17:41:24.977 [main] INFO  com.alibaba.dubbo.config.AbstractConfig -  [Nova] Refer dubbo service com.youzan.pay.customer.api.PayToolsService from url haunt://etcd-dev.s.qima-inc.com:2379/com.alibaba.dubbo.registry.RegistryService?application=pay-ucashier&check=false&dubbo=3.0.9-RELEASE&interface=com.youzan.pay.customer.api.PayToolsService&logger=slf4j&methods=getAvailablePayToolList&monitor=http%3A%2F%2Fhawk-dev.s.qima-inc.com%3A80%3Fdubbo%3D3.0.9-RELEASE%26interface%3Dcom.alibaba.dubbo.monitor.MonitorService%26pid%3D43551%26timestamp%3D1503913284975&owner=pay-ucashier&pid=43551&protocol=dubbo&retries=0&revision=0.0.7-20170804-RELEASE&side=consumer&timeout=5000&timestamp=1503913284974&weight=100, nova version: 3.0.9-RELEASE, current host: 172.17.11.56
2017-08-28 17:41:24.985 [main] DEBUG o.s.beans.factory.annotation.InjectionMetadata - Processing injected element of bean 'queryPayToolConfigServiceClient': ResourceElement for private com.youzan.account.api.UserMerchantService com.youzan.pay.unified.cashier.intergration.client.QueryPayToolConfigServiceClient.userMerchantService
2017-08-28 17:41:24.985 [main] DEBUG o.s.beans.factory.support.DefaultListableBeanFactory - Creating shared instance of singleton bean 'userMerchantService'
2017-08-28 17:41:24.985 [main] DEBUG o.s.beans.factory.support.DefaultListableBeanFactory - Creating instance of bean 'userMerchantService'
2017-08-28 17:41:24.987 [main] DEBUG o.s.beans.factory.support.DefaultListableBeanFactory - Eagerly caching bean 'userMerchantService' to allow for resolving potential circular references
2017-08-28 17:41:24.987 [main] DEBUG o.s.beans.factory.support.DefaultListableBeanFactory - Returning cached instance of singleton bean 'haunt'
2017-08-28 17:41:24.988 [main] DEBUG o.s.beans.factory.support.DefaultListableBeanFactory - Invoking afterPropertiesSet() on bean with name 'userMerchantService'
2017-08-28 17:41:24.989 [main] DEBUG o.s.beans.factory.support.DefaultListableBeanFactory - Returning cached instance of singleton bean 'com.alibaba.dubbo.config.ApplicationConfig'
2017-08-28 17:41:24.990 [main] DEBUG o.s.beans.factory.support.DefaultListableBeanFactory - Returning cached instance of singleton bean 'com.alibaba.dubbo.config.MonitorConfig'
2017-08-28 17:41:24.994 [main] DEBUG o.s.beans.factory.support.DefaultListableBeanFactory - Finished creating instance of bean 'userMerchantService'
2017-08-28 17:41:25.000 [main] INFO  com.youzan.nova.registry.haunt.HauntRegistry -  [Nova] Register: consumer://172.17.11.56/com.youzan.account.api.UserMerchantService?application=pay-ucashier&category=consumers&check=false&dubbo=3.0.9-RELEASE&interface=com.youzan.account.api.UserMerchantService&logger=slf4j&methods=getMerchantIdSingleUserId,queryUserIdByMerchantId,getMerchantIdsBatch&owner=pay-ucashier&pid=43551&protocol=dubbo&retries=0&revision=1.1.16-RELEASE&side=consumer&timeout=5000&timestamp=1503913284995, nova version: 3.0.9-RELEASE, current host: 172.17.11.56
2017-08-28 17:41:25.000 [main] INFO  com.youzan.nova.registry.haunt.HauntRegistry -  [Nova] Subscribe: consumer://172.17.11.56/com.youzan.account.api.UserMerchantService?application=pay-ucashier&category=providers,configurators,routers&check=false&dubbo=3.0.9-RELEASE&interface=com.youzan.account.api.UserMerchantService&logger=slf4j&methods=getMerchantIdSingleUserId,queryUserIdByMerchantId,getMerchantIdsBatch&owner=pay-ucashier&pid=43551&protocol=dubbo&retries=0&revision=1.1.16-RELEASE&side=consumer&timeout=5000&timestamp=1503913284995, nova version: 3.0.9-RELEASE, current host: 172.17.11.56
2017-08-28 17:41:25.001 [main] INFO  com.youzan.nova.registry.haunt.HauntRegistry -  [Nova] Notify urls for subscribe url consumer://172.17.11.56/com.youzan.account.api.UserMerchantService?application=pay-ucashier&category=providers,configurators,routers&check=false&dubbo=3.0.9-RELEASE&interface=com.youzan.account.api.UserMerchantService&logger=slf4j&methods=getMerchantIdSingleUserId,queryUserIdByMerchantId,getMerchantIdsBatch&owner=pay-ucashier&pid=43551&protocol=dubbo&retries=0&revision=1.1.16-RELEASE&side=consumer&timeout=5000&timestamp=1503913284995, urls: [dubbo://10.9.75.207:20881?application=account&interface=com.youzan.account.api.UserMerchantService&methods=getMerchantIdSingleUserId,queryUserIdByMerchantId,getMerchantIdsBatch,&timestamp=1502275196151&weight=100, dubbo://172.17.12.196:20881?application=account&interface=com.youzan.account.api.UserMerchantService&methods=getMerchantIdSingleUserId,queryUserIdByMerchantId,getMerchantIdsBatch,&timestamp=1503911345384&weight=100, empty://172.17.11.56/com.youzan.account.api.UserMerchantService?application=pay-ucashier&category=configurators&check=false&dubbo=3.0.9-RELEASE&interface=com.youzan.account.api.UserMerchantService&logger=slf4j&methods=getMerchantIdSingleUserId,queryUserIdByMerchantId,getMerchantIdsBatch&owner=pay-ucashier&pid=43551&protocol=dubbo&retries=0&revision=1.1.16-RELEASE&side=consumer&timeout=5000&timestamp=1503913284995, empty://172.17.11.56/com.youzan.account.api.UserMerchantService?application=pay-ucashier&category=routers&check=false&dubbo=3.0.9-RELEASE&interface=com.youzan.account.api.UserMerchantService&logger=slf4j&methods=getMerchantIdSingleUserId,queryUserIdByMerchantId,getMerchantIdsBatch&owner=pay-ucashier&pid=43551&protocol=dubbo&retries=0&revision=1.1.16-RELEASE&side=consumer&timeout=5000&timestamp=1503913284995], nova version: 3.0.9-RELEASE, current host: 172.17.11.56
2017-08-28 17:41:25.037 [main] INFO  com.alibaba.dubbo.remoting.transport.AbstractClient -  [Nova] Successed connect to server /10.9.75.207:20881 from NettyClient 172.17.11.56 using dubbo version 3.0.9-RELEASE, channel is NettyChannel [channel=[id: 0xf3455c1a, /172.17.11.56:61394 => /10.9.75.207:20881]], nova version: 3.0.9-RELEASE, current host: 172.17.11.56
2017-08-28 17:41:25.038 [main] INFO  com.alibaba.dubbo.remoting.transport.AbstractClient -  [Nova] Start NettyClient wulonghuideMacBook-Pro.local/172.17.11.56 connect to the server /10.9.75.207:20881, nova version: 3.0.9-RELEASE, current host: 172.17.11.56
2017-08-28 17:41:25.044 [main] INFO  com.alibaba.dubbo.remoting.transport.AbstractClient -  [Nova] Successed connect to server /172.17.12.196:20881 from NettyClient 172.17.11.56 using dubbo version 3.0.9-RELEASE, channel is NettyChannel [channel=[id: 0x6f492e82, /172.17.11.56:61395 => /172.17.12.196:20881]], nova version: 3.0.9-RELEASE, current host: 172.17.11.56
2017-08-28 17:41:25.045 [main] INFO  com.alibaba.dubbo.remoting.transport.AbstractClient -  [Nova] Start NettyClient wulonghuideMacBook-Pro.local/172.17.11.56 connect to the server /172.17.12.196:20881, nova version: 3.0.9-RELEASE, current host: 172.17.11.56
2017-08-28 17:41:25.046 [main] INFO  com.alibaba.dubbo.config.AbstractConfig -  [Nova] Refer dubbo service com.youzan.account.api.UserMerchantService from url haunt://etcd-dev.s.qima-inc.com:2379/com.alibaba.dubbo.registry.RegistryService?application=pay-ucashier&check=false&dubbo=3.0.9-RELEASE&interface=com.youzan.account.api.UserMerchantService&logger=slf4j&methods=getMerchantIdSingleUserId,queryUserIdByMerchantId,getMerchantIdsBatch&monitor=http%3A%2F%2Fhawk-dev.s.qima-inc.com%3A80%3Fdubbo%3D3.0.9-RELEASE%26interface%3Dcom.alibaba.dubbo.monitor.MonitorService%26pid%3D43551%26timestamp%3D1503913284999&owner=pay-ucashier&pid=43551&protocol=dubbo&retries=0&revision=1.1.16-RELEASE&side=consumer&timeout=5000&timestamp=1503913284995&weight=100, nova version: 3.0.9-RELEASE, current host: 172.17.11.56
2017-08-28 17:41:25.061 [main] DEBUG o.s.beans.factory.annotation.InjectionMetadata - Processing injected element of bean 'queryPayToolConfigServiceClient': ResourceElement for private com.youzan.pay.core.cache.redis.RedisCacheManager com.youzan.pay.unified.cashier.intergration.client.QueryPayToolConfigServiceClient.redisCacheManager
2017-08-28 17:41:25.063 [main] DEBUG o.s.beans.factory.support.DefaultListableBeanFactory - Creating shared instance of singleton bean 'signKeyService'
2017-08-28 17:41:25.063 [main] DEBUG o.s.beans.factory.support.DefaultListableBeanFactory - Creating instance of bean 'signKeyService'
2017-08-28 17:41:25.064 [main] DEBUG o.s.beans.factory.support.DefaultListableBeanFactory - Eagerly caching bean 'signKeyService' to allow for resolving potential circular references
2017-08-28 17:41:25.065 [main] DEBUG o.s.beans.factory.support.DefaultListableBeanFactory - Returning cached instance of singleton bean 'haunt'
2017-08-28 17:41:25.067 [main] DEBUG o.s.beans.factory.support.DefaultListableBeanFactory - Invoking afterPropertiesSet() on bean with name 'signKeyService'
2017-08-28 17:41:25.068 [main] DEBUG o.s.beans.factory.support.DefaultListableBeanFactory - Returning cached instance of singleton bean 'com.alibaba.dubbo.config.ApplicationConfig'
2017-08-28 17:41:25.070 [main] DEBUG o.s.beans.factory.support.DefaultListableBeanFactory - Returning cached instance of singleton bean 'com.alibaba.dubbo.config.MonitorConfig'
2017-08-28 17:41:25.080 [main] DEBUG o.s.beans.factory.support.DefaultListableBeanFactory - Finished creating instance of bean 'signKeyService'
2017-08-28 17:41:25.083 [main] DEBUG o.s.beans.factory.support.DefaultListableBeanFactory - Creating shared instance of singleton bean 'merchantConfigService'
2017-08-28 17:41:25.083 [main] DEBUG o.s.beans.factory.support.DefaultListableBeanFactory - Creating instance of bean 'merchantConfigService'
2017-08-28 17:41:25.086 [main] DEBUG o.s.beans.factory.support.DefaultListableBeanFactory - Eagerly caching bean 'merchantConfigService' to allow for resolving potential circular references
2017-08-28 17:41:25.088 [main] DEBUG o.s.beans.factory.support.DefaultListableBeanFactory - Returning cached instance of singleton bean 'haunt'
2017-08-28 17:41:25.089 [main] DEBUG o.s.beans.factory.support.DefaultListableBeanFactory - Invoking afterPropertiesSet() on bean with name 'merchantConfigService'
2017-08-28 17:41:25.090 [main] DEBUG o.s.beans.factory.support.DefaultListableBeanFactory - Returning cached instance of singleton bean 'com.alibaba.dubbo.config.ApplicationConfig'
2017-08-28 17:41:25.091 [main] DEBUG o.s.beans.factory.support.DefaultListableBeanFactory - Returning cached instance of singleton bean 'com.alibaba.dubbo.config.MonitorConfig'
2017-08-28 17:41:25.096 [main] DEBUG o.s.beans.factory.support.DefaultListableBeanFactory - Finished creating instance of bean 'merchantConfigService'
2017-08-28 17:41:25.097 [main] DEBUG o.s.beans.factory.support.DefaultListableBeanFactory - Creating shared instance of singleton bean 'unifiedOrderQueryService'
2017-08-28 17:41:25.098 [main] DEBUG o.s.beans.factory.support.DefaultListableBeanFactory - Creating instance of bean 'unifiedOrderQueryService'
2017-08-28 17:41:25.099 [main] DEBUG o.s.beans.factory.support.DefaultListableBeanFactory - Eagerly caching bean 'unifiedOrderQueryService' to allow for resolving potential circular references
2017-08-28 17:41:25.100 [main] DEBUG o.s.beans.factory.support.DefaultListableBeanFactory - Returning cached instance of singleton bean 'haunt'
2017-08-28 17:41:25.101 [main] DEBUG o.s.beans.factory.support.DefaultListableBeanFactory - Invoking afterPropertiesSet() on bean with name 'unifiedOrderQueryService'
2017-08-28 17:41:25.101 [main] DEBUG o.s.beans.factory.support.DefaultListableBeanFactory - Returning cached instance of singleton bean 'com.alibaba.dubbo.config.ApplicationConfig'
2017-08-28 17:41:25.103 [main] DEBUG o.s.beans.factory.support.DefaultListableBeanFactory - Returning cached instance of singleton bean 'com.alibaba.dubbo.config.MonitorConfig'
2017-08-28 17:41:25.109 [main] DEBUG o.s.beans.factory.support.DefaultListableBeanFactory - Finished creating instance of bean 'unifiedOrderQueryService'
2017-08-28 17:41:25.110 [main] DEBUG o.s.beans.factory.support.DefaultListableBeanFactory - Creating shared instance of singleton bean 'unifiedOrderService'
2017-08-28 17:41:25.110 [main] DEBUG o.s.beans.factory.support.DefaultListableBeanFactory - Creating instance of bean 'unifiedOrderService'
2017-08-28 17:41:25.111 [main] DEBUG o.s.beans.factory.support.DefaultListableBeanFactory - Eagerly caching bean 'unifiedOrderService' to allow for resolving potential circular references
2017-08-28 17:41:25.112 [main] DEBUG o.s.beans.factory.support.DefaultListableBeanFactory - Returning cached instance of singleton bean 'haunt'
2017-08-28 17:41:25.113 [main] DEBUG o.s.beans.factory.support.DefaultListableBeanFactory - Invoking afterPropertiesSet() on bean with name 'unifiedOrderService'
2017-08-28 17:41:25.113 [main] DEBUG o.s.beans.factory.support.DefaultListableBeanFactory - Returning cached instance of singleton bean 'com.alibaba.dubbo.config.ApplicationConfig'
2017-08-28 17:41:25.114 [main] DEBUG o.s.beans.factory.support.DefaultListableBeanFactory - Returning cached instance of singleton bean 'com.alibaba.dubbo.config.MonitorConfig'
2017-08-28 17:41:25.119 [main] DEBUG o.s.beans.factory.support.DefaultListableBeanFactory - Finished creating instance of bean 'unifiedOrderService'
2017-08-28 17:41:25.121 [main] DEBUG o.s.beans.factory.support.DefaultListableBeanFactory - Creating shared instance of singleton bean 'summaryCardQueryService'
2017-08-28 17:41:25.121 [main] DEBUG o.s.beans.factory.support.DefaultListableBeanFactory - Creating instance of bean 'summaryCardQueryService'
2017-08-28 17:41:25.124 [main] DEBUG o.s.beans.factory.support.DefaultListableBeanFactory - Eagerly caching bean 'summaryCardQueryService' to allow for resolving potential circular references
2017-08-28 17:41:25.127 [main] DEBUG o.s.beans.factory.support.DefaultListableBeanFactory - Returning cached instance of singleton bean 'haunt'
2017-08-28 17:41:25.132 [main] DEBUG o.s.beans.factory.support.DefaultListableBeanFactory - Invoking afterPropertiesSet() on bean with name 'summaryCardQueryService'
2017-08-28 17:41:25.134 [main] DEBUG o.s.beans.factory.support.DefaultListableBeanFactory - Returning cached instance of singleton bean 'com.alibaba.dubbo.config.ApplicationConfig'
2017-08-28 17:41:25.136 [main] DEBUG o.s.beans.factory.support.DefaultListableBeanFactory - Returning cached instance of singleton bean 'com.alibaba.dubbo.config.MonitorConfig'
2017-08-28 17:41:25.142 [main] DEBUG o.s.beans.factory.support.DefaultListableBeanFactory - Finished creating instance of bean 'summaryCardQueryService'
2017-08-28 17:41:25.144 [main] WARN  o.s.context.support.GenericApplicationContext - Exception encountered during context initialization - cancelling refresh attempt
org.springframework.beans.factory.BeanCreationException: Error creating bean with name 'queryPayToolConfigServiceClient': Injection of resource dependencies failed; nested exception is org.springframework.beans.factory.NoSuchBeanDefinitionException: No qualifying bean of type [com.youzan.pay.core.cache.redis.RedisCacheManager] found for dependency: expected at least 1 bean which qualifies as autowire candidate for this dependency. Dependency annotations: {@javax.annotation.Resource(shareable=true, lookup=, name=, description=, authenticationType=CONTAINER, type=class java.lang.Object, mappedName=)}
	at org.springframework.context.annotation.CommonAnnotationBeanPostProcessor.postProcessPropertyValues(CommonAnnotationBeanPostProcessor.java:307) ~[spring-context-3.2.13.RELEASE.jar:3.2.13.RELEASE]
	at org.springframework.beans.factory.support.AbstractAutowireCapableBeanFactory.populateBean(AbstractAutowireCapableBeanFactory.java:1148) ~[spring-beans-3.2.13.RELEASE.jar:3.2.13.RELEASE]
	at org.springframework.beans.factory.support.AbstractAutowireCapableBeanFactory.doCreateBean(AbstractAutowireCapableBeanFactory.java:519) ~[spring-beans-3.2.13.RELEASE.jar:3.2.13.RELEASE]
	at org.springframework.beans.factory.support.AbstractAutowireCapableBeanFactory.createBean(AbstractAutowireCapableBeanFactory.java:458) ~[spring-beans-3.2.13.RELEASE.jar:3.2.13.RELEASE]
	at org.springframework.beans.factory.support.AbstractBeanFactory$1.getObject(AbstractBeanFactory.java:293) ~[spring-beans-3.2.13.RELEASE.jar:3.2.13.RELEASE]
	at org.springframework.beans.factory.support.DefaultSingletonBeanRegistry.getSingleton(DefaultSingletonBeanRegistry.java:223) ~[spring-beans-3.2.13.RELEASE.jar:3.2.13.RELEASE]
	at org.springframework.beans.factory.support.AbstractBeanFactory.doGetBean(AbstractBeanFactory.java:290) ~[spring-beans-3.2.13.RELEASE.jar:3.2.13.RELEASE]
	at org.springframework.beans.factory.support.AbstractBeanFactory.getBean(AbstractBeanFactory.java:191) ~[spring-beans-3.2.13.RELEASE.jar:3.2.13.RELEASE]
	at org.springframework.beans.factory.support.DefaultListableBeanFactory.preInstantiateSingletons(DefaultListableBeanFactory.java:636) ~[spring-beans-3.2.13.RELEASE.jar:3.2.13.RELEASE]
	at org.springframework.context.support.AbstractApplicationContext.finishBeanFactoryInitialization(AbstractApplicationContext.java:934) ~[spring-context-3.2.13.RELEASE.jar:3.2.13.RELEASE]
	at org.springframework.context.support.AbstractApplicationContext.refresh(AbstractApplicationContext.java:479) ~[spring-context-3.2.13.RELEASE.jar:3.2.13.RELEASE]
	at org.springframework.test.context.support.AbstractGenericContextLoader.loadContext(AbstractGenericContextLoader.java:120) [spring-test-3.2.13.RELEASE.jar:3.2.13.RELEASE]
	at org.springframework.test.context.support.AbstractGenericContextLoader.loadContext(AbstractGenericContextLoader.java:60) [spring-test-3.2.13.RELEASE.jar:3.2.13.RELEASE]
	at org.springframework.test.context.support.AbstractDelegatingSmartContextLoader.delegateLoading(AbstractDelegatingSmartContextLoader.java:102) [spring-test-3.2.13.RELEASE.jar:3.2.13.RELEASE]
	at org.springframework.test.context.support.AbstractDelegatingSmartContextLoader.loadContext(AbstractDelegatingSmartContextLoader.java:246) [spring-test-3.2.13.RELEASE.jar:3.2.13.RELEASE]
	at org.springframework.test.context.CacheAwareContextLoaderDelegate.loadContextInternal(CacheAwareContextLoaderDelegate.java:69) [spring-test-3.2.13.RELEASE.jar:3.2.13.RELEASE]
	at org.springframework.test.context.CacheAwareContextLoaderDelegate.loadContext(CacheAwareContextLoaderDelegate.java:95) [spring-test-3.2.13.RELEASE.jar:3.2.13.RELEASE]
	at org.springframework.test.context.TestContext.getApplicationContext(TestContext.java:122) [spring-test-3.2.13.RELEASE.jar:3.2.13.RELEASE]
	at org.springframework.test.context.support.DependencyInjectionTestExecutionListener.injectDependencies(DependencyInjectionTestExecutionListener.java:109) [spring-test-3.2.13.RELEASE.jar:3.2.13.RELEASE]
	at org.springframework.test.context.support.DependencyInjectionTestExecutionListener.prepareTestInstance(DependencyInjectionTestExecutionListener.java:75) [spring-test-3.2.13.RELEASE.jar:3.2.13.RELEASE]
	at org.springframework.test.context.TestContextManager.prepareTestInstance(TestContextManager.java:321) [spring-test-3.2.13.RELEASE.jar:3.2.13.RELEASE]
	at org.springframework.test.context.junit4.SpringJUnit4ClassRunner.createTest(SpringJUnit4ClassRunner.java:211) [spring-test-3.2.13.RELEASE.jar:3.2.13.RELEASE]
	at org.springframework.test.context.junit4.SpringJUnit4ClassRunner$1.runReflectiveCall(SpringJUnit4ClassRunner.java:288) [spring-test-3.2.13.RELEASE.jar:3.2.13.RELEASE]
	at org.junit.internal.runners.model.ReflectiveCallable.run(ReflectiveCallable.java:12) [junit-4.12.jar:4.12]
	at org.springframework.test.context.junit4.SpringJUnit4ClassRunner.methodBlock(SpringJUnit4ClassRunner.java:284) [spring-test-3.2.13.RELEASE.jar:3.2.13.RELEASE]
	at org.springframework.test.context.junit4.SpringJUnit4ClassRunner.runChild(SpringJUnit4ClassRunner.java:231) [spring-test-3.2.13.RELEASE.jar:3.2.13.RELEASE]
	at org.springframework.test.context.junit4.SpringJUnit4ClassRunner.runChild(SpringJUnit4ClassRunner.java:88) [spring-test-3.2.13.RELEASE.jar:3.2.13.RELEASE]
	at org.junit.runners.ParentRunner$3.run(ParentRunner.java:290) [junit-4.12.jar:4.12]
	at org.junit.runners.ParentRunner$1.schedule(ParentRunner.java:71) [junit-4.12.jar:4.12]
	at org.junit.runners.ParentRunner.runChildren(ParentRunner.java:288) [junit-4.12.jar:4.12]
	at org.junit.runners.ParentRunner.access$000(ParentRunner.java:58) [junit-4.12.jar:4.12]
	at org.junit.runners.ParentRunner$2.evaluate(ParentRunner.java:268) [junit-4.12.jar:4.12]
	at org.springframework.test.context.junit4.statements.RunBeforeTestClassCallbacks.evaluate(RunBeforeTestClassCallbacks.java:61) [spring-test-3.2.13.RELEASE.jar:3.2.13.RELEASE]
	at org.springframework.test.context.junit4.statements.RunAfterTestClassCallbacks.evaluate(RunAfterTestClassCallbacks.java:71) [spring-test-3.2.13.RELEASE.jar:3.2.13.RELEASE]
	at org.junit.runners.ParentRunner.run(ParentRunner.java:363) [junit-4.12.jar:4.12]
	at org.springframework.test.context.junit4.SpringJUnit4ClassRunner.run(SpringJUnit4ClassRunner.java:174) [spring-test-3.2.13.RELEASE.jar:3.2.13.RELEASE]
	at org.apache.maven.surefire.junit4.JUnit4Provider.execute(JUnit4Provider.java:283) [surefire-junit4-2.18.1.jar:2.18.1]
	at org.apache.maven.surefire.junit4.JUnit4Provider.executeWithRerun(JUnit4Provider.java:173) [surefire-junit4-2.18.1.jar:2.18.1]
	at org.apache.maven.surefire.junit4.JUnit4Provider.executeTestSet(JUnit4Provider.java:153) [surefire-junit4-2.18.1.jar:2.18.1]
	at org.apache.maven.surefire.junit4.JUnit4Provider.invoke(JUnit4Provider.java:128) [surefire-junit4-2.18.1.jar:2.18.1]
	at org.apache.maven.surefire.booter.ForkedBooter.invokeProviderInSameClassLoader(ForkedBooter.java:203) [surefire-booter-2.18.1.jar:2.18.1]
	at org.apache.maven.surefire.booter.ForkedBooter.runSuitesInProcess(ForkedBooter.java:155) [surefire-booter-2.18.1.jar:2.18.1]
	at org.apache.maven.surefire.booter.ForkedBooter.main(ForkedBooter.java:103) [surefire-booter-2.18.1.jar:2.18.1]
Caused by: org.springframework.beans.factory.NoSuchBeanDefinitionException: No qualifying bean of type [com.youzan.pay.core.cache.redis.RedisCacheManager] found for dependency: expected at least 1 bean which qualifies as autowire candidate for this dependency. Dependency annotations: {@javax.annotation.Resource(shareable=true, lookup=, name=, description=, authenticationType=CONTAINER, type=class java.lang.Object, mappedName=)}
	at org.springframework.beans.factory.support.DefaultListableBeanFactory.raiseNoSuchBeanDefinitionException(DefaultListableBeanFactory.java:997) ~[spring-beans-3.2.13.RELEASE.jar:3.2.13.RELEASE]
	at org.springframework.beans.factory.support.DefaultListableBeanFactory.doResolveDependency(DefaultListableBeanFactory.java:867) ~[spring-beans-3.2.13.RELEASE.jar:3.2.13.RELEASE]
	at org.springframework.beans.factory.support.DefaultListableBeanFactory.resolveDependency(DefaultListableBeanFactory.java:779) ~[spring-beans-3.2.13.RELEASE.jar:3.2.13.RELEASE]
	at org.springframework.context.annotation.CommonAnnotationBeanPostProcessor.autowireResource(CommonAnnotationBeanPostProcessor.java:445) ~[spring-context-3.2.13.RELEASE.jar:3.2.13.RELEASE]
	at org.springframework.context.annotation.CommonAnnotationBeanPostProcessor.getResource(CommonAnnotationBeanPostProcessor.java:423) ~[spring-context-3.2.13.RELEASE.jar:3.2.13.RELEASE]
	at org.springframework.context.annotation.CommonAnnotationBeanPostProcessor$ResourceElement.getResourceToInject(CommonAnnotationBeanPostProcessor.java:551) ~[spring-context-3.2.13.RELEASE.jar:3.2.13.RELEASE]
	at org.springframework.beans.factory.annotation.InjectionMetadata$InjectedElement.inject(InjectionMetadata.java:169) ~[spring-beans-3.2.13.RELEASE.jar:3.2.13.RELEASE]
	at org.springframework.beans.factory.annotation.InjectionMetadata.inject(InjectionMetadata.java:88) ~[spring-beans-3.2.13.RELEASE.jar:3.2.13.RELEASE]
	at org.springframework.context.annotation.CommonAnnotationBeanPostProcessor.postProcessPropertyValues(CommonAnnotationBeanPostProcessor.java:304) ~[spring-context-3.2.13.RELEASE.jar:3.2.13.RELEASE]
	... 42 common frames omitted
2017-08-28 17:41:25.145 [main] INFO  o.s.beans.factory.support.DefaultListableBeanFactory - Destroying singletons in org.springframework.beans.factory.support.DefaultListableBeanFactory@5ca8188: defining beans [org.springframework.context.support.PropertySourcesPlaceholderConfigurer#0,assetCenterUnifiedPayServiceClient,cashierOrderStatusSearchClient,cashierRechargeServiceClient,channelBankCardServiceClient,merchantBankCardServiceClient,microAccoutServiceClient,queryPayToolConfigServiceClient,signKeyServiceClient,summaryCardQueryServiceClient,unifiedOrderServiceClient,unifiedPayServiceClient,userMerchantServiceClient,org.springframework.context.annotation.internalConfigurationAnnotationProcessor,org.springframework.context.annotation.internalAutowiredAnnotationProcessor,org.springframework.context.annotation.internalRequiredAnnotationProcessor,org.springframework.context.annotation.internalCommonAnnotationProcessor,signKeyService,merchantConfigService,acquireOrderService,unifiedPayService,unifiedOrderQueryService,unifiedOrderService,bankCardService,merchantBankCardService,userMerchantService,rechargeService,payToolsService,accountService,summaryCardQueryService,novaContainer,beanFactory,org.springframework.aop.config.internalAutoProxyCreator,tracingAop,customerMethodAop,org.springframework.context.annotation.ConfigurationClassPostProcessor.importAwareProcessor,com.alibaba.dubbo.config.ApplicationConfig,haunt,com.alibaba.dubbo.config.MonitorConfig,dubbo,rest,com.alibaba.dubbo.config.spring.AnnotationBean,springUtil,autoLogParamsAspect,retryAspect,nsqTaskDispatcher]; root of factory hierarchy
2017-08-28 17:41:25.146 [main] DEBUG o.s.beans.factory.support.DisposableBeanAdapter - Invoking destroy() on bean with name 'summaryCardQueryService'
2017-08-28 17:41:25.146 [main] DEBUG o.s.beans.factory.support.DisposableBeanAdapter - Invoking destroy() on bean with name 'unifiedOrderService'
2017-08-28 17:41:25.147 [main] DEBUG o.s.beans.factory.support.DisposableBeanAdapter - Invoking destroy() on bean with name 'unifiedOrderQueryService'
2017-08-28 17:41:25.148 [main] DEBUG o.s.beans.factory.support.DisposableBeanAdapter - Invoking destroy() on bean with name 'merchantConfigService'
2017-08-28 17:41:25.148 [main] DEBUG o.s.beans.factory.support.DisposableBeanAdapter - Invoking destroy() on bean with name 'signKeyService'
2017-08-28 17:41:25.148 [main] DEBUG o.s.beans.factory.support.DisposableBeanAdapter - Invoking destroy() on bean with name 'userMerchantService'
2017-08-28 17:41:25.149 [main] INFO  com.youzan.nova.registry.haunt.HauntRegistry -  [Nova] Unsubscribe: consumer://172.17.11.56/com.youzan.account.api.UserMerchantService?application=pay-ucashier&category=providers,configurators,routers&check=false&dubbo=3.0.9-RELEASE&interface=com.youzan.account.api.UserMerchantService&logger=slf4j&methods=getMerchantIdSingleUserId,queryUserIdByMerchantId,getMerchantIdsBatch&owner=pay-ucashier&pid=43551&protocol=dubbo&retries=0&revision=1.1.16-RELEASE&side=consumer&timeout=5000&timestamp=1503913284995, nova version: 3.0.9-RELEASE, current host: 172.17.11.56
2017-08-28 17:41:25.151 [main] INFO  com.alibaba.dubbo.remoting.transport.netty.NettyChannel -  [Nova] Close netty channel [id: 0x6f492e82, /172.17.11.56:61395 => /172.17.12.196:20881], nova version: 3.0.9-RELEASE, current host: 172.17.11.56
2017-08-28 17:41:25.153 [DubboSharedHandler-thread-1] INFO  com.alibaba.dubbo.rpc.protocol.dubbo.DubboProtocol -  [Nova] disconected from /172.17.12.196:20881,url:dubbo://172.17.12.196:20881/com.youzan.account.api.UserMerchantService?application=pay-ucashier&check=false&codec=dubbo&dubbo=3.0.9-RELEASE&heartbeat=60000&interface=com.youzan.account.api.UserMerchantService&logger=slf4j&methods=getMerchantIdSingleUserId,queryUserIdByMerchantId,getMerchantIdsBatch,&monitor=http%3A%2F%2Fhawk-dev.s.qima-inc.com%3A80%3Fdubbo%3D3.0.9-RELEASE%26interface%3Dcom.alibaba.dubbo.monitor.MonitorService%26pid%3D43551%26timestamp%3D1503913284999&owner=pay-ucashier&pid=43551&protocol=dubbo&retries=0&revision=1.1.16-RELEASE&side=consumer&timeout=5000&timestamp=1503913284995&weight=100, nova version: 3.0.9-RELEASE, current host: 172.17.11.56
2017-08-28 17:41:25.154 [main] INFO  com.alibaba.dubbo.remoting.transport.netty.NettyChannel -  [Nova] Close netty channel [id: 0xf3455c1a, /172.17.11.56:61394 => /10.9.75.207:20881], nova version: 3.0.9-RELEASE, current host: 172.17.11.56
2017-08-28 17:41:25.155 [DubboSharedHandler-thread-1] INFO  com.alibaba.dubbo.rpc.protocol.dubbo.DubboProtocol -  [Nova] disconected from /10.9.75.207:20881,url:dubbo://10.9.75.207:20881/com.youzan.account.api.UserMerchantService?application=pay-ucashier&check=false&codec=dubbo&dubbo=3.0.9-RELEASE&heartbeat=60000&interface=com.youzan.account.api.UserMerchantService&logger=slf4j&methods=getMerchantIdSingleUserId,queryUserIdByMerchantId,getMerchantIdsBatch,&monitor=http%3A%2F%2Fhawk-dev.s.qima-inc.com%3A80%3Fdubbo%3D3.0.9-RELEASE%26interface%3Dcom.alibaba.dubbo.monitor.MonitorService%26pid%3D43551%26timestamp%3D1503913284999&owner=pay-ucashier&pid=43551&protocol=dubbo&retries=0&revision=1.1.16-RELEASE&side=consumer&timeout=5000&timestamp=1503913284995&weight=100, nova version: 3.0.9-RELEASE, current host: 172.17.11.56
2017-08-28 17:41:25.155 [main] DEBUG o.s.beans.factory.support.DisposableBeanAdapter - Invoking destroy() on bean with name 'payToolsService'
2017-08-28 17:41:25.155 [main] INFO  com.youzan.nova.registry.haunt.HauntRegistry -  [Nova] Unsubscribe: consumer://172.17.11.56/com.youzan.pay.customer.api.PayToolsService?application=pay-ucashier&category=providers,configurators,routers&check=false&dubbo=3.0.9-RELEASE&interface=com.youzan.pay.customer.api.PayToolsService&logger=slf4j&methods=getAvailablePayToolList&owner=pay-ucashier&pid=43551&protocol=dubbo&retries=0&revision=0.0.7-20170804-RELEASE&side=consumer&timeout=5000&timestamp=1503913284974, nova version: 3.0.9-RELEASE, current host: 172.17.11.56
2017-08-28 17:41:25.156 [main] DEBUG o.s.beans.factory.support.DisposableBeanAdapter - Invoking destroy() on bean with name 'accountService'
2017-08-28 17:41:25.156 [main] INFO  com.youzan.nova.registry.haunt.HauntRegistry -  [Nova] Unsubscribe: consumer://172.17.11.56/com.youzan.pay.microaccount.prepaidcard.service.AccountService?application=pay-ucashier&category=providers,configurators,routers&check=false&dubbo=3.0.9-RELEASE&interface=com.youzan.pay.microaccount.prepaidcard.service.AccountService&logger=slf4j&methods=getAccountByRefundNo,getAccountByPaymentNo,getAccountByRechargeNo,unfreeze,getAccountLogPaging,getPayAccount,freeze,getBatchOfBByUsers,getAccountLog,getAccountByUserNos,get&owner=pay-ucashier&pid=43551&protocol=dubbo&retries=0&revision=0.2.6-20170801-SNAPSHOT&side=consumer&timeout=5000&timestamp=1503913284901, nova version: 3.0.9-RELEASE, current host: 172.17.11.56
2017-08-28 17:41:25.156 [main] DEBUG o.s.beans.factory.support.DisposableBeanAdapter - Invoking destroy() on bean with name 'merchantBankCardService'
2017-08-28 17:41:25.157 [main] INFO  com.youzan.nova.registry.haunt.HauntRegistry -  [Nova] Unsubscribe: consumer://172.17.11.56/com.youzan.pay.customer.api.BankCardService?application=pay-ucashier&category=providers,configurators,routers&check=false&dubbo=3.0.9-RELEASE&interface=com.youzan.pay.customer.api.BankCardService&logger=slf4j&methods=getBoundBankCard,bindQuackPayCard,bindCard,unbindQuickPayCard,queryBoundQuickPayCard&owner=pay-ucashier&pid=43551&protocol=dubbo&retries=0&revision=0.0.7-20170804-RELEASE&side=consumer&timeout=5000&timestamp=1503913284715, nova version: 3.0.9-RELEASE, current host: 172.17.11.56
2017-08-28 17:41:25.158 [main] INFO  com.alibaba.dubbo.remoting.transport.netty.NettyChannel -  [Nova] Close netty channel [id: 0x6a07f8fa, /172.17.11.56:61391 => /172.16.8.185:28081], nova version: 3.0.9-RELEASE, current host: 172.17.11.56
2017-08-28 17:41:25.160 [DubboSharedHandler-thread-1] INFO  com.alibaba.dubbo.rpc.protocol.dubbo.DubboProtocol -  [Nova] disconected from /172.16.8.185:28081,url:dubbo://172.16.8.185:28081/com.youzan.pay.customer.api.BankCardService?application=pay-ucashier&check=false&codec=dubbo&dubbo=3.0.9-RELEASE&heartbeat=60000&interface=com.youzan.pay.customer.api.BankCardService&logger=slf4j&methods=bindQuackPayCard,getBoundBankCard,bindCard_2_0_0,unbindQuickPayCard,bindCard,queryBoundQuickPayCard,&monitor=http%3A%2F%2Fhawk-dev.s.qima-inc.com%3A80%3Fdubbo%3D3.0.9-RELEASE%26interface%3Dcom.alibaba.dubbo.monitor.MonitorService%26pid%3D43551%26timestamp%3D1503913284718&owner=pay-ucashier&pid=43551&protocol=dubbo&retries=0&revision=0.0.7-20170804-RELEASE&side=consumer&timeout=5000&timestamp=1503913284715&weight=100, nova version: 3.0.9-RELEASE, current host: 172.17.11.56
2017-08-28 17:41:25.160 [main] INFO  com.alibaba.dubbo.remoting.transport.netty.NettyChannel -  [Nova] Close netty channel [id: 0x042f78d4, /172.17.11.56:61392 => /10.9.196.183:28081], nova version: 3.0.9-RELEASE, current host: 172.17.11.56
2017-08-28 17:41:25.162 [DubboSharedHandler-thread-1] INFO  com.alibaba.dubbo.rpc.protocol.dubbo.DubboProtocol -  [Nova] disconected from /10.9.196.183:28081,url:dubbo://10.9.196.183:28081/com.youzan.pay.customer.api.BankCardService?application=pay-ucashier&check=false&codec=dubbo&dubbo=3.0.9-RELEASE&heartbeat=60000&interface=com.youzan.pay.customer.api.BankCardService&logger=slf4j&methods=bindQuackPayCard,getBoundBankCard,unbindQuickPayCard,bindCard,queryBoundQuickPayCard,&monitor=http%3A%2F%2Fhawk-dev.s.qima-inc.com%3A80%3Fdubbo%3D3.0.9-RELEASE%26interface%3Dcom.alibaba.dubbo.monitor.MonitorService%26pid%3D43551%26timestamp%3D1503913284718&owner=pay-ucashier&pid=43551&protocol=dubbo&retries=0&revision=0.0.7-20170804-RELEASE&side=consumer&timeout=5000&timestamp=1503913284715&weight=100, nova version: 3.0.9-RELEASE, current host: 172.17.11.56
2017-08-28 17:41:25.163 [main] INFO  com.alibaba.dubbo.remoting.transport.netty.NettyChannel -  [Nova] Close netty channel [id: 0x6da89812, /172.17.11.56:61393 => /10.9.82.150:28081], nova version: 3.0.9-RELEASE, current host: 172.17.11.56
2017-08-28 17:41:25.164 [DubboSharedHandler-thread-1] INFO  com.alibaba.dubbo.rpc.protocol.dubbo.DubboProtocol -  [Nova] disconected from /10.9.82.150:28081,url:dubbo://10.9.82.150:28081/com.youzan.pay.customer.api.BankCardService?application=pay-ucashier&check=false&codec=dubbo&dubbo=3.0.9-RELEASE&heartbeat=60000&interface=com.youzan.pay.customer.api.BankCardService&logger=slf4j&methods=getBoundBankCard,bindQuackPayCard,unbindQuickPayCard,bindCard,queryBoundQuickPayCard,&monitor=http%3A%2F%2Fhawk-dev.s.qima-inc.com%3A80%3Fdubbo%3D3.0.9-RELEASE%26interface%3Dcom.alibaba.dubbo.monitor.MonitorService%26pid%3D43551%26timestamp%3D1503913284718&owner=pay-ucashier&pid=43551&protocol=dubbo&retries=0&revision=0.0.7-20170804-RELEASE&side=consumer&timeout=5000&timestamp=1503913284715&weight=100, nova version: 3.0.9-RELEASE, current host: 172.17.11.56
2017-08-28 17:41:25.165 [main] DEBUG o.s.beans.factory.support.DisposableBeanAdapter - Invoking destroy() on bean with name 'bankCardService'
2017-08-28 17:41:25.165 [main] INFO  com.youzan.nova.registry.haunt.HauntRegistry -  [Nova] Unsubscribe: consumer://172.17.11.56/com.youzan.pay.fundchannel.open.api.BankCardService?application=pay-ucashier&category=providers,configurators,routers&check=false&dubbo=3.0.9-RELEASE&interface=com.youzan.pay.fundchannel.open.api.BankCardService&logger=slf4j&methods=checkCard,sendSms,checkBankBinding,payConfirm&owner=pay-ucashier&pid=43551&protocol=dubbo&retries=0&revision=1.0.0-20170710-RELEASE&side=consumer&timeout=5000&timestamp=1503913284649, nova version: 3.0.9-RELEASE, current host: 172.17.11.56
2017-08-28 17:41:25.166 [main] INFO  com.alibaba.dubbo.remoting.transport.netty.NettyChannel -  [Nova] Close netty channel [id: 0xdf256a2a, /172.17.11.56:61390 => /10.9.196.183:28096], nova version: 3.0.9-RELEASE, current host: 172.17.11.56
2017-08-28 17:41:25.167 [DubboSharedHandler-thread-1] INFO  com.alibaba.dubbo.rpc.protocol.dubbo.DubboProtocol -  [Nova] disconected from /10.9.196.183:28096,url:dubbo://10.9.196.183:28096/com.youzan.pay.fundchannel.open.api.BankCardService?application=pay-ucashier&check=false&codec=dubbo&dubbo=3.0.9-RELEASE&heartbeat=60000&interface=com.youzan.pay.fundchannel.open.api.BankCardService&logger=slf4j&methods=checkCard,sendSms,checkBankBinding,payConfirm,&monitor=http%3A%2F%2Fhawk-dev.s.qima-inc.com%3A80%3Fdubbo%3D3.0.9-RELEASE%26interface%3Dcom.alibaba.dubbo.monitor.MonitorService%26pid%3D43551%26timestamp%3D1503913284650&owner=pay-ucashier&pid=43551&protocol=dubbo&retries=0&revision=1.0.0-20170710-RELEASE&side=consumer&timeout=5000&timestamp=1503913284649&weight=100, nova version: 3.0.9-RELEASE, current host: 172.17.11.56
2017-08-28 17:41:25.167 [main] DEBUG o.s.beans.factory.support.DisposableBeanAdapter - Invoking destroy() on bean with name 'rechargeService'
2017-08-28 17:41:25.167 [main] INFO  com.youzan.nova.registry.haunt.HauntRegistry -  [Nova] Unsubscribe: consumer://172.17.11.56/com.youzan.pay.assetcenter.api.RechargeService?application=pay-ucashier&category=providers,configurators,routers&check=false&dubbo=3.0.9-RELEASE&interface=com.youzan.pay.assetcenter.api.RechargeService&logger=slf4j&methods=rechargePay,wrapCreate,create,wrapRechargePay&owner=pay-ucashier&pid=43551&protocol=dubbo&retries=0&revision=0.0.9-20170817-SNAPSHOT&side=consumer&timeout=5000&timestamp=1503913284600, nova version: 3.0.9-RELEASE, current host: 172.17.11.56
2017-08-28 17:41:25.167 [main] DEBUG o.s.beans.factory.support.DisposableBeanAdapter - Invoking destroy() on bean with name 'acquireOrderService'
2017-08-28 17:41:25.167 [main] INFO  com.youzan.nova.registry.haunt.HauntRegistry -  [Nova] Unsubscribe: consumer://172.17.11.56/com.youzan.pay.assetcenter.api.AcquireOrderService?application=pay-ucashier&category=providers,configurators,routers&check=false&dubbo=3.0.9-RELEASE&interface=com.youzan.pay.assetcenter.api.AcquireOrderService&logger=slf4j&methods=payNotify,retryInAccount,query,create,pay,revoke&owner=pay-ucashier&pid=43551&protocol=dubbo&retries=0&revision=0.0.9-20170817-SNAPSHOT&side=consumer&timeout=5000&timestamp=1503913284561, nova version: 3.0.9-RELEASE, current host: 172.17.11.56
2017-08-28 17:41:25.167 [main] DEBUG o.s.beans.factory.support.DisposableBeanAdapter - Invoking destroy() on bean with name 'unifiedPayService'
2017-08-28 17:41:25.169 [main] INFO  com.youzan.nova.registry.haunt.HauntRegistry -  [Nova] Unsubscribe: consumer://172.17.11.56/com.youzan.pay.assetcenter.api.UnifiedPayService?application=pay-ucashier&category=providers,configurators,routers&check=false&dubbo=3.0.9-RELEASE&interface=com.youzan.pay.assetcenter.api.UnifiedPayService&logger=slf4j&methods=warpMultiPay,multiPay,singlePay,wrapMultiPay,wrapSinglePay&owner=pay-ucashier&pid=43551&protocol=dubbo&retries=0&revision=0.0.9-20170817-SNAPSHOT&side=consumer&timeout=5000&timestamp=1503913284485, nova version: 3.0.9-RELEASE, current host: 172.17.11.56
2017-08-28 17:41:25.170 [main] INFO  com.alibaba.dubbo.remoting.transport.netty.NettyChannel -  [Nova] Close netty channel [id: 0xdb552e5f, /172.17.11.56:61389 => /10.9.82.150:28094], nova version: 3.0.9-RELEASE, current host: 172.17.11.56
2017-08-28 17:41:25.171 [DubboSharedHandler-thread-1] INFO  com.alibaba.dubbo.rpc.protocol.dubbo.DubboProtocol -  [Nova] disconected from /10.9.82.150:28094,url:dubbo://10.9.82.150:28094/com.youzan.pay.assetcenter.api.UnifiedPayService?application=pay-ucashier&check=false&codec=dubbo&dubbo=3.0.9-RELEASE&heartbeat=60000&interface=com.youzan.pay.assetcenter.api.UnifiedPayService&logger=slf4j&methods=warpMultiPay,multiPay,singlePay,wrapMultiPay,batchPay,wrapSinglePay,&monitor=http%3A%2F%2Fhawk-dev.s.qima-inc.com%3A80%3Fdubbo%3D3.0.9-RELEASE%26interface%3Dcom.alibaba.dubbo.monitor.MonitorService%26pid%3D43551%26timestamp%3D1503913284487&owner=pay-ucashier&pid=43551&protocol=dubbo&retries=0&revision=0.0.9-20170817-SNAPSHOT&side=consumer&timeout=5000&timestamp=1503913284485&weight=100, nova version: 3.0.9-RELEASE, current host: 172.17.11.56
2017-08-28 17:41:25.170 [main] DEBUG o.s.beans.factory.support.DisposableBeanAdapter - Invoking destroy() on bean with name 'com.alibaba.dubbo.config.spring.AnnotationBean'
2017-08-28 17:41:25.172 [main] ERROR org.springframework.test.context.TestContextManager - Caught exception while allowing TestExecutionListener [org.springframework.test.context.support.DependencyInjectionTestExecutionListener@13e0a23f] to prepare test instance [com.youzan.pay.unified.cashier.intergration.client.AssetCenterUnifiedPayServiceClientTest@5f1b6fbf]
java.lang.IllegalStateException: Failed to load ApplicationContext
	at org.springframework.test.context.CacheAwareContextLoaderDelegate.loadContext(CacheAwareContextLoaderDelegate.java:103) ~[spring-test-3.2.13.RELEASE.jar:3.2.13.RELEASE]
	at org.springframework.test.context.TestContext.getApplicationContext(TestContext.java:122) ~[spring-test-3.2.13.RELEASE.jar:3.2.13.RELEASE]
	at org.springframework.test.context.support.DependencyInjectionTestExecutionListener.injectDependencies(DependencyInjectionTestExecutionListener.java:109) ~[spring-test-3.2.13.RELEASE.jar:3.2.13.RELEASE]
	at org.springframework.test.context.support.DependencyInjectionTestExecutionListener.prepareTestInstance(DependencyInjectionTestExecutionListener.java:75) ~[spring-test-3.2.13.RELEASE.jar:3.2.13.RELEASE]
	at org.springframework.test.context.TestContextManager.prepareTestInstance(TestContextManager.java:321) ~[spring-test-3.2.13.RELEASE.jar:3.2.13.RELEASE]
	at org.springframework.test.context.junit4.SpringJUnit4ClassRunner.createTest(SpringJUnit4ClassRunner.java:211) [spring-test-3.2.13.RELEASE.jar:3.2.13.RELEASE]
	at org.springframework.test.context.junit4.SpringJUnit4ClassRunner$1.runReflectiveCall(SpringJUnit4ClassRunner.java:288) [spring-test-3.2.13.RELEASE.jar:3.2.13.RELEASE]
	at org.junit.internal.runners.model.ReflectiveCallable.run(ReflectiveCallable.java:12) [junit-4.12.jar:4.12]
	at org.springframework.test.context.junit4.SpringJUnit4ClassRunner.methodBlock(SpringJUnit4ClassRunner.java:284) [spring-test-3.2.13.RELEASE.jar:3.2.13.RELEASE]
	at org.springframework.test.context.junit4.SpringJUnit4ClassRunner.runChild(SpringJUnit4ClassRunner.java:231) [spring-test-3.2.13.RELEASE.jar:3.2.13.RELEASE]
	at org.springframework.test.context.junit4.SpringJUnit4ClassRunner.runChild(SpringJUnit4ClassRunner.java:88) [spring-test-3.2.13.RELEASE.jar:3.2.13.RELEASE]
	at org.junit.runners.ParentRunner$3.run(ParentRunner.java:290) [junit-4.12.jar:4.12]
	at org.junit.runners.ParentRunner$1.schedule(ParentRunner.java:71) [junit-4.12.jar:4.12]
	at org.junit.runners.ParentRunner.runChildren(ParentRunner.java:288) [junit-4.12.jar:4.12]
	at org.junit.runners.ParentRunner.access$000(ParentRunner.java:58) [junit-4.12.jar:4.12]
	at org.junit.runners.ParentRunner$2.evaluate(ParentRunner.java:268) [junit-4.12.jar:4.12]
	at org.springframework.test.context.junit4.statements.RunBeforeTestClassCallbacks.evaluate(RunBeforeTestClassCallbacks.java:61) [spring-test-3.2.13.RELEASE.jar:3.2.13.RELEASE]
	at org.springframework.test.context.junit4.statements.RunAfterTestClassCallbacks.evaluate(RunAfterTestClassCallbacks.java:71) [spring-test-3.2.13.RELEASE.jar:3.2.13.RELEASE]
	at org.junit.runners.ParentRunner.run(ParentRunner.java:363) [junit-4.12.jar:4.12]
	at org.springframework.test.context.junit4.SpringJUnit4ClassRunner.run(SpringJUnit4ClassRunner.java:174) [spring-test-3.2.13.RELEASE.jar:3.2.13.RELEASE]
	at org.apache.maven.surefire.junit4.JUnit4Provider.execute(JUnit4Provider.java:283) [surefire-junit4-2.18.1.jar:2.18.1]
	at org.apache.maven.surefire.junit4.JUnit4Provider.executeWithRerun(JUnit4Provider.java:173) [surefire-junit4-2.18.1.jar:2.18.1]
	at org.apache.maven.surefire.junit4.JUnit4Provider.executeTestSet(JUnit4Provider.java:153) [surefire-junit4-2.18.1.jar:2.18.1]
	at org.apache.maven.surefire.junit4.JUnit4Provider.invoke(JUnit4Provider.java:128) [surefire-junit4-2.18.1.jar:2.18.1]
	at org.apache.maven.surefire.booter.ForkedBooter.invokeProviderInSameClassLoader(ForkedBooter.java:203) [surefire-booter-2.18.1.jar:2.18.1]
	at org.apache.maven.surefire.booter.ForkedBooter.runSuitesInProcess(ForkedBooter.java:155) [surefire-booter-2.18.1.jar:2.18.1]
	at org.apache.maven.surefire.booter.ForkedBooter.main(ForkedBooter.java:103) [surefire-booter-2.18.1.jar:2.18.1]
Caused by: org.springframework.beans.factory.BeanCreationException: Error creating bean with name 'queryPayToolConfigServiceClient': Injection of resource dependencies failed; nested exception is org.springframework.beans.factory.NoSuchBeanDefinitionException: No qualifying bean of type [com.youzan.pay.core.cache.redis.RedisCacheManager] found for dependency: expected at least 1 bean which qualifies as autowire candidate for this dependency. Dependency annotations: {@javax.annotation.Resource(shareable=true, lookup=, name=, description=, authenticationType=CONTAINER, type=class java.lang.Object, mappedName=)}
	at org.springframework.context.annotation.CommonAnnotationBeanPostProcessor.postProcessPropertyValues(CommonAnnotationBeanPostProcessor.java:307) ~[spring-context-3.2.13.RELEASE.jar:3.2.13.RELEASE]
	at org.springframework.beans.factory.support.AbstractAutowireCapableBeanFactory.populateBean(AbstractAutowireCapableBeanFactory.java:1148) ~[spring-beans-3.2.13.RELEASE.jar:3.2.13.RELEASE]
	at org.springframework.beans.factory.support.AbstractAutowireCapableBeanFactory.doCreateBean(AbstractAutowireCapableBeanFactory.java:519) ~[spring-beans-3.2.13.RELEASE.jar:3.2.13.RELEASE]
	at org.springframework.beans.factory.support.AbstractAutowireCapableBeanFactory.createBean(AbstractAutowireCapableBeanFactory.java:458) ~[spring-beans-3.2.13.RELEASE.jar:3.2.13.RELEASE]
	at org.springframework.beans.factory.support.AbstractBeanFactory$1.getObject(AbstractBeanFactory.java:293) ~[spring-beans-3.2.13.RELEASE.jar:3.2.13.RELEASE]
	at org.springframework.beans.factory.support.DefaultSingletonBeanRegistry.getSingleton(DefaultSingletonBeanRegistry.java:223) ~[spring-beans-3.2.13.RELEASE.jar:3.2.13.RELEASE]
	at org.springframework.beans.factory.support.AbstractBeanFactory.doGetBean(AbstractBeanFactory.java:290) ~[spring-beans-3.2.13.RELEASE.jar:3.2.13.RELEASE]
	at org.springframework.beans.factory.support.AbstractBeanFactory.getBean(AbstractBeanFactory.java:191) ~[spring-beans-3.2.13.RELEASE.jar:3.2.13.RELEASE]
	at org.springframework.beans.factory.support.DefaultListableBeanFactory.preInstantiateSingletons(DefaultListableBeanFactory.java:636) ~[spring-beans-3.2.13.RELEASE.jar:3.2.13.RELEASE]
	at org.springframework.context.support.AbstractApplicationContext.finishBeanFactoryInitialization(AbstractApplicationContext.java:934) ~[spring-context-3.2.13.RELEASE.jar:3.2.13.RELEASE]
	at org.springframework.context.support.AbstractApplicationContext.refresh(AbstractApplicationContext.java:479) ~[spring-context-3.2.13.RELEASE.jar:3.2.13.RELEASE]
	at org.springframework.test.context.support.AbstractGenericContextLoader.loadContext(AbstractGenericContextLoader.java:120) ~[spring-test-3.2.13.RELEASE.jar:3.2.13.RELEASE]
	at org.springframework.test.context.support.AbstractGenericContextLoader.loadContext(AbstractGenericContextLoader.java:60) ~[spring-test-3.2.13.RELEASE.jar:3.2.13.RELEASE]
	at org.springframework.test.context.support.AbstractDelegatingSmartContextLoader.delegateLoading(AbstractDelegatingSmartContextLoader.java:102) ~[spring-test-3.2.13.RELEASE.jar:3.2.13.RELEASE]
	at org.springframework.test.context.support.AbstractDelegatingSmartContextLoader.loadContext(AbstractDelegatingSmartContextLoader.java:246) ~[spring-test-3.2.13.RELEASE.jar:3.2.13.RELEASE]
	at org.springframework.test.context.CacheAwareContextLoaderDelegate.loadContextInternal(CacheAwareContextLoaderDelegate.java:69) ~[spring-test-3.2.13.RELEASE.jar:3.2.13.RELEASE]
	at org.springframework.test.context.CacheAwareContextLoaderDelegate.loadContext(CacheAwareContextLoaderDelegate.java:95) ~[spring-test-3.2.13.RELEASE.jar:3.2.13.RELEASE]
	... 26 common frames omitted
Caused by: org.springframework.beans.factory.NoSuchBeanDefinitionException: No qualifying bean of type [com.youzan.pay.core.cache.redis.RedisCacheManager] found for dependency: expected at least 1 bean which qualifies as autowire candidate for this dependency. Dependency annotations: {@javax.annotation.Resource(shareable=true, lookup=, name=, description=, authenticationType=CONTAINER, type=class java.lang.Object, mappedName=)}
	at org.springframework.beans.factory.support.DefaultListableBeanFactory.raiseNoSuchBeanDefinitionException(DefaultListableBeanFactory.java:997) ~[spring-beans-3.2.13.RELEASE.jar:3.2.13.RELEASE]
	at org.springframework.beans.factory.support.DefaultListableBeanFactory.doResolveDependency(DefaultListableBeanFactory.java:867) ~[spring-beans-3.2.13.RELEASE.jar:3.2.13.RELEASE]
	at org.springframework.beans.factory.support.DefaultListableBeanFactory.resolveDependency(DefaultListableBeanFactory.java:779) ~[spring-beans-3.2.13.RELEASE.jar:3.2.13.RELEASE]
	at org.springframework.context.annotation.CommonAnnotationBeanPostProcessor.autowireResource(CommonAnnotationBeanPostProcessor.java:445) ~[spring-context-3.2.13.RELEASE.jar:3.2.13.RELEASE]
	at org.springframework.context.annotation.CommonAnnotationBeanPostProcessor.getResource(CommonAnnotationBeanPostProcessor.java:423) ~[spring-context-3.2.13.RELEASE.jar:3.2.13.RELEASE]
	at org.springframework.context.annotation.CommonAnnotationBeanPostProcessor$ResourceElement.getResourceToInject(CommonAnnotationBeanPostProcessor.java:551) ~[spring-context-3.2.13.RELEASE.jar:3.2.13.RELEASE]
	at org.springframework.beans.factory.annotation.InjectionMetadata$InjectedElement.inject(InjectionMetadata.java:169) ~[spring-beans-3.2.13.RELEASE.jar:3.2.13.RELEASE]
	at org.springframework.beans.factory.annotation.InjectionMetadata.inject(InjectionMetadata.java:88) ~[spring-beans-3.2.13.RELEASE.jar:3.2.13.RELEASE]
	at org.springframework.context.annotation.CommonAnnotationBeanPostProcessor.postProcessPropertyValues(CommonAnnotationBeanPostProcessor.java:304) ~[spring-context-3.2.13.RELEASE.jar:3.2.13.RELEASE]
	... 42 common frames omitted
]]></system-out>
  </testcase>
  <testcase name="testMultiPayFalseNull" classname="com.youzan.pay.unified.cashier.intergration.client.AssetCenterUnifiedPayServiceClientTest" time="1.93">
    <error message="Failed to load ApplicationContext" type="java.lang.IllegalStateException">java.lang.IllegalStateException: Failed to load ApplicationContext
	at org.springframework.test.context.CacheAwareContextLoaderDelegate.loadContext(CacheAwareContextLoaderDelegate.java:103)
	at org.springframework.test.context.TestContext.getApplicationContext(TestContext.java:122)
	at org.springframework.test.context.support.DependencyInjectionTestExecutionListener.injectDependencies(DependencyInjectionTestExecutionListener.java:109)
	at org.springframework.test.context.support.DependencyInjectionTestExecutionListener.prepareTestInstance(DependencyInjectionTestExecutionListener.java:75)
	at org.springframework.test.context.TestContextManager.prepareTestInstance(TestContextManager.java:321)
	at org.springframework.test.context.junit4.SpringJUnit4ClassRunner.createTest(SpringJUnit4ClassRunner.java:211)
	at org.springframework.test.context.junit4.SpringJUnit4ClassRunner$1.runReflectiveCall(SpringJUnit4ClassRunner.java:288)
	at org.junit.internal.runners.model.ReflectiveCallable.run(ReflectiveCallable.java:12)
	at org.springframework.test.context.junit4.SpringJUnit4ClassRunner.methodBlock(SpringJUnit4ClassRunner.java:284)
	at org.springframework.test.context.junit4.SpringJUnit4ClassRunner.runChild(SpringJUnit4ClassRunner.java:231)
	at org.springframework.test.context.junit4.SpringJUnit4ClassRunner.runChild(SpringJUnit4ClassRunner.java:88)
	at org.junit.runners.ParentRunner$3.run(ParentRunner.java:290)
	at org.junit.runners.ParentRunner$1.schedule(ParentRunner.java:71)
	at org.junit.runners.ParentRunner.runChildren(ParentRunner.java:288)
	at org.junit.runners.ParentRunner.access$000(ParentRunner.java:58)
	at org.junit.runners.ParentRunner$2.evaluate(ParentRunner.java:268)
	at org.springframework.test.context.junit4.statements.RunBeforeTestClassCallbacks.evaluate(RunBeforeTestClassCallbacks.java:61)
	at org.springframework.test.context.junit4.statements.RunAfterTestClassCallbacks.evaluate(RunAfterTestClassCallbacks.java:71)
	at org.junit.runners.ParentRunner.run(ParentRunner.java:363)
	at org.springframework.test.context.junit4.SpringJUnit4ClassRunner.run(SpringJUnit4ClassRunner.java:174)
	at org.apache.maven.surefire.junit4.JUnit4Provider.execute(JUnit4Provider.java:283)
	at org.apache.maven.surefire.junit4.JUnit4Provider.executeWithRerun(JUnit4Provider.java:173)
	at org.apache.maven.surefire.junit4.JUnit4Provider.executeTestSet(JUnit4Provider.java:153)
	at org.apache.maven.surefire.junit4.JUnit4Provider.invoke(JUnit4Provider.java:128)
	at org.apache.maven.surefire.booter.ForkedBooter.invokeProviderInSameClassLoader(ForkedBooter.java:203)
	at org.apache.maven.surefire.booter.ForkedBooter.runSuitesInProcess(ForkedBooter.java:155)
	at org.apache.maven.surefire.booter.ForkedBooter.main(ForkedBooter.java:103)
Caused by: org.springframework.beans.factory.BeanCreationException: Error creating bean with name 'queryPayToolConfigServiceClient': Injection of resource dependencies failed; nested exception is org.springframework.beans.factory.NoSuchBeanDefinitionException: No qualifying bean of type [com.youzan.pay.core.cache.redis.RedisCacheManager] found for dependency: expected at least 1 bean which qualifies as autowire candidate for this dependency. Dependency annotations: {@javax.annotation.Resource(shareable=true, lookup=, name=, description=, authenticationType=CONTAINER, type=class java.lang.Object, mappedName=)}
	at org.springframework.context.annotation.CommonAnnotationBeanPostProcessor.postProcessPropertyValues(CommonAnnotationBeanPostProcessor.java:307)
	at org.springframework.beans.factory.support.AbstractAutowireCapableBeanFactory.populateBean(AbstractAutowireCapableBeanFactory.java:1148)
	at org.springframework.beans.factory.support.AbstractAutowireCapableBeanFactory.doCreateBean(AbstractAutowireCapableBeanFactory.java:519)
	at org.springframework.beans.factory.support.AbstractAutowireCapableBeanFactory.createBean(AbstractAutowireCapableBeanFactory.java:458)
	at org.springframework.beans.factory.support.AbstractBeanFactory$1.getObject(AbstractBeanFactory.java:293)
	at org.springframework.beans.factory.support.DefaultSingletonBeanRegistry.getSingleton(DefaultSingletonBeanRegistry.java:223)
	at org.springframework.beans.factory.support.AbstractBeanFactory.doGetBean(AbstractBeanFactory.java:290)
	at org.springframework.beans.factory.support.AbstractBeanFactory.getBean(AbstractBeanFactory.java:191)
	at org.springframework.beans.factory.support.DefaultListableBeanFactory.preInstantiateSingletons(DefaultListableBeanFactory.java:636)
	at org.springframework.context.support.AbstractApplicationContext.finishBeanFactoryInitialization(AbstractApplicationContext.java:934)
	at org.springframework.context.support.AbstractApplicationContext.refresh(AbstractApplicationContext.java:479)
	at org.springframework.test.context.support.AbstractGenericContextLoader.loadContext(AbstractGenericContextLoader.java:120)
	at org.springframework.test.context.support.AbstractGenericContextLoader.loadContext(AbstractGenericContextLoader.java:60)
	at org.springframework.test.context.support.AbstractDelegatingSmartContextLoader.delegateLoading(AbstractDelegatingSmartContextLoader.java:102)
	at org.springframework.test.context.support.AbstractDelegatingSmartContextLoader.loadContext(AbstractDelegatingSmartContextLoader.java:246)
	at org.springframework.test.context.CacheAwareContextLoaderDelegate.loadContextInternal(CacheAwareContextLoaderDelegate.java:69)
	at org.springframework.test.context.CacheAwareContextLoaderDelegate.loadContext(CacheAwareContextLoaderDelegate.java:95)
	at org.springframework.test.context.TestContext.getApplicationContext(TestContext.java:122)
	at org.springframework.test.context.support.DependencyInjectionTestExecutionListener.injectDependencies(DependencyInjectionTestExecutionListener.java:109)
	at org.springframework.test.context.support.DependencyInjectionTestExecutionListener.prepareTestInstance(DependencyInjectionTestExecutionListener.java:75)
	at org.springframework.test.context.TestContextManager.prepareTestInstance(TestContextManager.java:321)
	at org.springframework.test.context.junit4.SpringJUnit4ClassRunner.createTest(SpringJUnit4ClassRunner.java:211)
	at org.springframework.test.context.junit4.SpringJUnit4ClassRunner$1.runReflectiveCall(SpringJUnit4ClassRunner.java:288)
	at org.junit.internal.runners.model.ReflectiveCallable.run(ReflectiveCallable.java:12)
	at org.springframework.test.context.junit4.SpringJUnit4ClassRunner.methodBlock(SpringJUnit4ClassRunner.java:284)
	at org.springframework.test.context.junit4.SpringJUnit4ClassRunner.runChild(SpringJUnit4ClassRunner.java:231)
	at org.springframework.test.context.junit4.SpringJUnit4ClassRunner.runChild(SpringJUnit4ClassRunner.java:88)
	at org.junit.runners.ParentRunner$3.run(ParentRunner.java:290)
	at org.junit.runners.ParentRunner$1.schedule(ParentRunner.java:71)
	at org.junit.runners.ParentRunner.runChildren(ParentRunner.java:288)
	at org.junit.runners.ParentRunner.access$000(ParentRunner.java:58)
	at org.junit.runners.ParentRunner$2.evaluate(ParentRunner.java:268)
	at org.springframework.test.context.junit4.statements.RunBeforeTestClassCallbacks.evaluate(RunBeforeTestClassCallbacks.java:61)
	at org.springframework.test.context.junit4.statements.RunAfterTestClassCallbacks.evaluate(RunAfterTestClassCallbacks.java:71)
	at org.junit.runners.ParentRunner.run(ParentRunner.java:363)
	at org.springframework.test.context.junit4.SpringJUnit4ClassRunner.run(SpringJUnit4ClassRunner.java:174)
	at org.apache.maven.surefire.junit4.JUnit4Provider.execute(JUnit4Provider.java:283)
	at org.apache.maven.surefire.junit4.JUnit4Provider.executeWithRerun(JUnit4Provider.java:173)
	at org.apache.maven.surefire.junit4.JUnit4Provider.executeTestSet(JUnit4Provider.java:153)
	at org.apache.maven.surefire.junit4.JUnit4Provider.invoke(JUnit4Provider.java:128)
	at org.apache.maven.surefire.booter.ForkedBooter.invokeProviderInSameClassLoader(ForkedBooter.java:203)
	at org.apache.maven.surefire.booter.ForkedBooter.runSuitesInProcess(ForkedBooter.java:155)
	at org.apache.maven.surefire.booter.ForkedBooter.main(ForkedBooter.java:103)
Caused by: org.springframework.beans.factory.NoSuchBeanDefinitionException: No qualifying bean of type [com.youzan.pay.core.cache.redis.RedisCacheManager] found for dependency: expected at least 1 bean which qualifies as autowire candidate for this dependency. Dependency annotations: {@javax.annotation.Resource(shareable=true, lookup=, name=, description=, authenticationType=CONTAINER, type=class java.lang.Object, mappedName=)}
	at org.springframework.beans.factory.support.DefaultListableBeanFactory.raiseNoSuchBeanDefinitionException(DefaultListableBeanFactory.java:997)
	at org.springframework.beans.factory.support.DefaultListableBeanFactory.doResolveDependency(DefaultListableBeanFactory.java:867)
	at org.springframework.beans.factory.support.DefaultListableBeanFactory.resolveDependency(DefaultListableBeanFactory.java:779)
	at org.springframework.context.annotation.CommonAnnotationBeanPostProcessor.autowireResource(CommonAnnotationBeanPostProcessor.java:445)
	at org.springframework.context.annotation.CommonAnnotationBeanPostProcessor.getResource(CommonAnnotationBeanPostProcessor.java:423)
	at org.springframework.context.annotation.CommonAnnotationBeanPostProcessor$ResourceElement.getResourceToInject(CommonAnnotationBeanPostProcessor.java:551)
	at org.springframework.beans.factory.annotation.InjectionMetadata$InjectedElement.inject(InjectionMetadata.java:169)
	at org.springframework.beans.factory.annotation.InjectionMetadata.inject(InjectionMetadata.java:88)
	at org.springframework.context.annotation.CommonAnnotationBeanPostProcessor.postProcessPropertyValues(CommonAnnotationBeanPostProcessor.java:304)
	at org.springframework.beans.factory.support.AbstractAutowireCapableBeanFactory.populateBean(AbstractAutowireCapableBeanFactory.java:1148)
	at org.springframework.beans.factory.support.AbstractAutowireCapableBeanFactory.doCreateBean(AbstractAutowireCapableBeanFactory.java:519)
	at org.springframework.beans.factory.support.AbstractAutowireCapableBeanFactory.createBean(AbstractAutowireCapableBeanFactory.java:458)
	at org.springframework.beans.factory.support.AbstractBeanFactory$1.getObject(AbstractBeanFactory.java:293)
	at org.springframework.beans.factory.support.DefaultSingletonBeanRegistry.getSingleton(DefaultSingletonBeanRegistry.java:223)
	at org.springframework.beans.factory.support.AbstractBeanFactory.doGetBean(AbstractBeanFactory.java:290)
	at org.springframework.beans.factory.support.AbstractBeanFactory.getBean(AbstractBeanFactory.java:191)
	at org.springframework.beans.factory.support.DefaultListableBeanFactory.preInstantiateSingletons(DefaultListableBeanFactory.java:636)
	at org.springframework.context.support.AbstractApplicationContext.finishBeanFactoryInitialization(AbstractApplicationContext.java:934)
	at org.springframework.context.support.AbstractApplicationContext.refresh(AbstractApplicationContext.java:479)
	at org.springframework.test.context.support.AbstractGenericContextLoader.loadContext(AbstractGenericContextLoader.java:120)
	at org.springframework.test.context.support.AbstractGenericContextLoader.loadContext(AbstractGenericContextLoader.java:60)
	at org.springframework.test.context.support.AbstractDelegatingSmartContextLoader.delegateLoading(AbstractDelegatingSmartContextLoader.java:102)
	at org.springframework.test.context.support.AbstractDelegatingSmartContextLoader.loadContext(AbstractDelegatingSmartContextLoader.java:246)
	at org.springframework.test.context.CacheAwareContextLoaderDelegate.loadContextInternal(CacheAwareContextLoaderDelegate.java:69)
	at org.springframework.test.context.CacheAwareContextLoaderDelegate.loadContext(CacheAwareContextLoaderDelegate.java:95)
	at org.springframework.test.context.TestContext.getApplicationContext(TestContext.java:122)
	at org.springframework.test.context.support.DependencyInjectionTestExecutionListener.injectDependencies(DependencyInjectionTestExecutionListener.java:109)
	at org.springframework.test.context.support.DependencyInjectionTestExecutionListener.prepareTestInstance(DependencyInjectionTestExecutionListener.java:75)
	at org.springframework.test.context.TestContextManager.prepareTestInstance(TestContextManager.java:321)
	at org.springframework.test.context.junit4.SpringJUnit4ClassRunner.createTest(SpringJUnit4ClassRunner.java:211)
	at org.springframework.test.context.junit4.SpringJUnit4ClassRunner$1.runReflectiveCall(SpringJUnit4ClassRunner.java:288)
	at org.junit.internal.runners.model.ReflectiveCallable.run(ReflectiveCallable.java:12)
	at org.springframework.test.context.junit4.SpringJUnit4ClassRunner.methodBlock(SpringJUnit4ClassRunner.java:284)
	at org.springframework.test.context.junit4.SpringJUnit4ClassRunner.runChild(SpringJUnit4ClassRunner.java:231)
	at org.springframework.test.context.junit4.SpringJUnit4ClassRunner.runChild(SpringJUnit4ClassRunner.java:88)
	at org.junit.runners.ParentRunner$3.run(ParentRunner.java:290)
	at org.junit.runners.ParentRunner$1.schedule(ParentRunner.java:71)
	at org.junit.runners.ParentRunner.runChildren(ParentRunner.java:288)
	at org.junit.runners.ParentRunner.access$000(ParentRunner.java:58)
	at org.junit.runners.ParentRunner$2.evaluate(ParentRunner.java:268)
	at org.springframework.test.context.junit4.statements.RunBeforeTestClassCallbacks.evaluate(RunBeforeTestClassCallbacks.java:61)
	at org.springframework.test.context.junit4.statements.RunAfterTestClassCallbacks.evaluate(RunAfterTestClassCallbacks.java:71)
	at org.junit.runners.ParentRunner.run(ParentRunner.java:363)
	at org.springframework.test.context.junit4.SpringJUnit4ClassRunner.run(SpringJUnit4ClassRunner.java:174)
	at org.apache.maven.surefire.junit4.JUnit4Provider.execute(JUnit4Provider.java:283)
	at org.apache.maven.surefire.junit4.JUnit4Provider.executeWithRerun(JUnit4Provider.java:173)
	at org.apache.maven.surefire.junit4.JUnit4Provider.executeTestSet(JUnit4Provider.java:153)
	at org.apache.maven.surefire.junit4.JUnit4Provider.invoke(JUnit4Provider.java:128)
	at org.apache.maven.surefire.booter.ForkedBooter.invokeProviderInSameClassLoader(ForkedBooter.java:203)
	at org.apache.maven.surefire.booter.ForkedBooter.runSuitesInProcess(ForkedBooter.java:155)
	at org.apache.maven.surefire.booter.ForkedBooter.main(ForkedBooter.java:103)
</error>
    <system-out><![CDATA[2017-08-28 17:41:25.175 [main] DEBUG org.springframework.test.annotation.ProfileValueUtils - Retrieved @ProfileValueSourceConfiguration [null] for test class [com.youzan.pay.unified.cashier.intergration.client.AssetCenterUnifiedPayServiceClientTest]
2017-08-28 17:41:25.176 [main] DEBUG org.springframework.test.annotation.ProfileValueUtils - Retrieved ProfileValueSource type [class org.springframework.test.annotation.SystemProfileValueSource] for class [com.youzan.pay.unified.cashier.intergration.client.AssetCenterUnifiedPayServiceClientTest]
2017-08-28 17:41:25.177 [main] DEBUG o.s.t.c.support.DependencyInjectionTestExecutionListener - Performing dependency injection for test context [[TestContext@1894e40d testClass = AssetCenterUnifiedPayServiceClientTest, testInstance = com.youzan.pay.unified.cashier.intergration.client.AssetCenterUnifiedPayServiceClientTest@5ea3d8ed, testMethod = [null], testException = [null], mergedContextConfiguration = [MergedContextConfiguration@7342e05d testClass = AssetCenterUnifiedPayServiceClientTest, locations = '{classpath*:META-INF/spring/*.xml}', classes = '{}', contextInitializerClasses = '[]', activeProfiles = '{}', contextLoader = 'org.springframework.test.context.support.DelegatingSmartContextLoader', parent = [null]]]].
2017-08-28 17:41:25.177 [main] DEBUG o.s.t.c.support.AbstractDelegatingSmartContextLoader - Delegating to GenericXmlContextLoader to load context from [MergedContextConfiguration@7342e05d testClass = AssetCenterUnifiedPayServiceClientTest, locations = '{classpath*:META-INF/spring/*.xml}', classes = '{}', contextInitializerClasses = '[]', activeProfiles = '{}', contextLoader = 'org.springframework.test.context.support.DelegatingSmartContextLoader', parent = [null]].
2017-08-28 17:41:25.178 [main] DEBUG o.s.test.context.support.AbstractGenericContextLoader - Loading ApplicationContext for merged context configuration [[MergedContextConfiguration@7342e05d testClass = AssetCenterUnifiedPayServiceClientTest, locations = '{classpath*:META-INF/spring/*.xml}', classes = '{}', contextInitializerClasses = '[]', activeProfiles = '{}', contextLoader = 'org.springframework.test.context.support.DelegatingSmartContextLoader', parent = [null]]].
2017-08-28 17:41:25.180 [main] DEBUG org.springframework.core.env.StandardEnvironment - Adding [systemProperties] PropertySource with lowest search precedence
2017-08-28 17:41:25.181 [main] DEBUG org.springframework.core.env.StandardEnvironment - Adding [systemEnvironment] PropertySource with lowest search precedence
2017-08-28 17:41:25.181 [main] DEBUG org.springframework.core.env.StandardEnvironment - Initialized StandardEnvironment with PropertySources [systemProperties,systemEnvironment]
2017-08-28 17:41:25.182 [main] DEBUG o.s.core.io.support.PathMatchingResourcePatternResolver - Looking for matching resources in directory tree [/Users/wulonghui/work/unified_cashier/intergration/target/test-classes/META-INF/spring]
2017-08-28 17:41:25.182 [main] DEBUG o.s.core.io.support.PathMatchingResourcePatternResolver - Searching directory [/Users/wulonghui/work/unified_cashier/intergration/target/test-classes/META-INF/spring] for files matching pattern [/Users/wulonghui/work/unified_cashier/intergration/target/test-classes/META-INF/spring/*.xml]
2017-08-28 17:41:25.183 [main] DEBUG o.s.core.io.support.PathMatchingResourcePatternResolver - Looking for matching resources in directory tree [/Users/wulonghui/work/unified_cashier/intergration/target/classes/META-INF/spring]
2017-08-28 17:41:25.183 [main] DEBUG o.s.core.io.support.PathMatchingResourcePatternResolver - Searching directory [/Users/wulonghui/work/unified_cashier/intergration/target/classes/META-INF/spring] for files matching pattern [/Users/wulonghui/work/unified_cashier/intergration/target/classes/META-INF/spring/*.xml]
2017-08-28 17:41:25.184 [main] DEBUG o.s.core.io.support.PathMatchingResourcePatternResolver - Looking for matching resources in jar file [file:/Users/wulonghui/.m2/repository/com/youzan/platform/bootstrap/3.0.9-RELEASE/bootstrap-3.0.9-RELEASE.jar]
2017-08-28 17:41:25.184 [main] DEBUG o.s.core.io.support.PathMatchingResourcePatternResolver - Looking for matching resources in jar file [file:/Users/wulonghui/.m2/repository/com/youzan/nova/framework/framework-cat/1.0.7-RELEASE/framework-cat-1.0.7-RELEASE.jar]
2017-08-28 17:41:25.185 [main] DEBUG o.s.core.io.support.PathMatchingResourcePatternResolver - Resolved location pattern [classpath*:META-INF/spring/*.xml] to resources [file [/Users/wulonghui/work/unified_cashier/intergration/target/test-classes/META-INF/spring/spring-test-config.xml], file [/Users/wulonghui/work/unified_cashier/intergration/target/classes/META-INF/spring/spring-dubbo-services.xml], URL [jar:file:/Users/wulonghui/.m2/repository/com/youzan/platform/bootstrap/3.0.9-RELEASE/bootstrap-3.0.9-RELEASE.jar!/META-INF/spring/container.xml], URL [jar:file:/Users/wulonghui/.m2/repository/com/youzan/nova/framework/framework-cat/1.0.7-RELEASE/framework-cat-1.0.7-RELEASE.jar!/META-INF/spring/framework-cat-context.xml]]
2017-08-28 17:41:25.185 [main] INFO  o.s.beans.factory.xml.XmlBeanDefinitionReader - Loading XML bean definitions from file [/Users/wulonghui/work/unified_cashier/intergration/target/test-classes/META-INF/spring/spring-test-config.xml]
2017-08-28 17:41:25.186 [main] DEBUG o.s.beans.factory.xml.DefaultDocumentLoader - Using JAXP provider [com.sun.org.apache.xerces.internal.jaxp.DocumentBuilderFactoryImpl]
2017-08-28 17:41:25.189 [main] DEBUG o.s.beans.factory.xml.PluggableSchemaResolver - Loading schema mappings from [META-INF/spring.schemas]
2017-08-28 17:41:25.193 [main] DEBUG o.s.beans.factory.xml.PluggableSchemaResolver - Loaded schema mappings: {http://mybatis.org/schema/mybatis-spring-1.2.xsd=org/mybatis/spring/config/mybatis-spring-1.2.xsd, http://code.alibabatech.com/schema/dubbo/dubbo.xsd=META-INF/dubbo.xsd, http://www.springframework.org/schema/util/spring-util.xsd=org/springframework/beans/factory/xml/spring-util-3.2.xsd, http://www.springframework.org/schema/jee/spring-jee-3.2.xsd=org/springframework/ejb/config/spring-jee-3.2.xsd, http://www.springframework.org/schema/beans/spring-beans-3.1.xsd=org/springframework/beans/factory/xml/spring-beans-3.1.xsd, http://www.springframework.org/schema/task/spring-task.xsd=org/springframework/scheduling/config/spring-task-3.2.xsd, http://www.springframework.org/schema/cache/spring-cache.xsd=org/springframework/cache/config/spring-cache-3.2.xsd, http://www.springframework.org/schema/aop/spring-aop-3.0.xsd=org/springframework/aop/config/spring-aop-3.0.xsd, http://www.springframework.org/schema/aop/spring-aop-2.0.xsd=org/springframework/aop/config/spring-aop-2.0.xsd, http://www.springframework.org/schema/task/spring-task-3.1.xsd=org/springframework/scheduling/config/spring-task-3.1.xsd, http://www.springframework.org/schema/tool/spring-tool-2.5.xsd=org/springframework/beans/factory/xml/spring-tool-2.5.xsd, http://www.springframework.org/schema/beans/spring-beans.xsd=org/springframework/beans/factory/xml/spring-beans-3.2.xsd, http://www.springframework.org/schema/jee/spring-jee-2.5.xsd=org/springframework/ejb/config/spring-jee-2.5.xsd, http://www.springframework.org/schema/jdbc/spring-jdbc-3.1.xsd=org/springframework/jdbc/config/spring-jdbc-3.1.xsd, http://www.springframework.org/schema/tool/spring-tool-3.1.xsd=org/springframework/beans/factory/xml/spring-tool-3.1.xsd, http://code.alibabatech.com/schema/dubbo/nova.xsd=META-INF/nova.xsd, http://www.springframework.org/schema/aop/spring-aop.xsd=org/springframework/aop/config/spring-aop-3.2.xsd, http://www.springframework.org/schema/jee/spring-jee-3.1.xsd=org/springframework/ejb/config/spring-jee-3.1.xsd, http://www.springframework.org/schema/tx/spring-tx-3.2.xsd=org/springframework/transaction/config/spring-tx-3.2.xsd, http://www.springframework.org/schema/context/spring-context-3.2.xsd=org/springframework/context/config/spring-context-3.2.xsd, http://www.springframework.org/schema/util/spring-util-3.2.xsd=org/springframework/beans/factory/xml/spring-util-3.2.xsd, http://www.springframework.org/schema/beans/spring-beans-2.0.xsd=org/springframework/beans/factory/xml/spring-beans-2.0.xsd, http://www.springframework.org/schema/lang/spring-lang-3.2.xsd=org/springframework/scripting/config/spring-lang-3.2.xsd, http://www.springframework.org/schema/beans/spring-beans-3.0.xsd=org/springframework/beans/factory/xml/spring-beans-3.0.xsd, http://www.springframework.org/schema/cache/spring-cache-3.2.xsd=org/springframework/cache/config/spring-cache-3.2.xsd, http://www.springframework.org/schema/task/spring-task-3.0.xsd=org/springframework/scheduling/config/spring-task-3.0.xsd, http://mybatis.org/schema/mybatis-spring.xsd=org/mybatis/spring/config/mybatis-spring-1.2.xsd, http://www.springframework.org/schema/tx/spring-tx-2.5.xsd=org/springframework/transaction/config/spring-tx-2.5.xsd, http://www.springframework.org/schema/context/spring-context-2.5.xsd=org/springframework/context/config/spring-context-2.5.xsd, http://www.springframework.org/schema/jdbc/spring-jdbc-3.0.xsd=org/springframework/jdbc/config/spring-jdbc-3.0.xsd, http://www.springframework.org/schema/tool/spring-tool-3.0.xsd=org/springframework/beans/factory/xml/spring-tool-3.0.xsd, http://www.springframework.org/schema/tx/spring-tx.xsd=org/springframework/transaction/config/spring-tx-3.2.xsd, http://www.springframework.org/schema/util/spring-util-2.5.xsd=org/springframework/beans/factory/xml/spring-util-2.5.xsd, http://www.springframework.org/schema/tool/spring-tool-2.0.xsd=org/springframework/beans/factory/xml/spring-tool-2.0.xsd, http://www.springframework.org/schema/lang/spring-lang.xsd=org/springframework/scripting/config/spring-lang-3.2.xsd, http://www.springframework.org/schema/lang/spring-lang-2.5.xsd=org/springframework/scripting/config/spring-lang-2.5.xsd, http://www.springframework.org/schema/aop/spring-aop-3.2.xsd=org/springframework/aop/config/spring-aop-3.2.xsd, http://www.springframework.org/schema/jee/spring-jee-3.0.xsd=org/springframework/ejb/config/spring-jee-3.0.xsd, http://www.springframework.org/schema/tx/spring-tx-3.1.xsd=org/springframework/transaction/config/spring-tx-3.1.xsd, http://www.springframework.org/schema/jee/spring-jee-2.0.xsd=org/springframework/ejb/config/spring-jee-2.0.xsd, http://www.springframework.org/schema/context/spring-context-3.1.xsd=org/springframework/context/config/spring-context-3.1.xsd, http://www.springframework.org/schema/util/spring-util-3.1.xsd=org/springframework/beans/factory/xml/spring-util-3.1.xsd, http://www.springframework.org/schema/lang/spring-lang-3.1.xsd=org/springframework/scripting/config/spring-lang-3.1.xsd, http://www.springframework.org/schema/cache/spring-cache-3.1.xsd=org/springframework/cache/config/spring-cache-3.1.xsd, http://www.springframework.org/schema/context/spring-context.xsd=org/springframework/context/config/spring-context-3.2.xsd, http://www.springframework.org/schema/jee/spring-jee.xsd=org/springframework/ejb/config/spring-jee-3.2.xsd, http://www.youzan.com/schema/nsq/spring-nsq-1.0.1.xsd=META-INF/spring-nsq-1.0.1.xsd, http://www.springframework.org/schema/aop/spring-aop-2.5.xsd=org/springframework/aop/config/spring-aop-2.5.xsd, http://www.springframework.org/schema/jdbc/spring-jdbc.xsd=org/springframework/jdbc/config/spring-jdbc-3.2.xsd, http://www.youzan.com/schema/nsq/spring-nsq-1.0.xsd=META-INF/spring-nsq-1.0.xsd, http://www.springframework.org/schema/beans/spring-beans-3.2.xsd=org/springframework/beans/factory/xml/spring-beans-3.2.xsd, http://www.springframework.org/schema/tx/spring-tx-2.0.xsd=org/springframework/transaction/config/spring-tx-2.0.xsd, http://www.springframework.org/schema/aop/spring-aop-3.1.xsd=org/springframework/aop/config/spring-aop-3.1.xsd, http://www.springframework.org/schema/task/spring-task-3.2.xsd=org/springframework/scheduling/config/spring-task-3.2.xsd, http://www.springframework.org/schema/tx/spring-tx-3.0.xsd=org/springframework/transaction/config/spring-tx-3.0.xsd, http://www.springframework.org/schema/context/spring-context-3.0.xsd=org/springframework/context/config/spring-context-3.0.xsd, http://www.springframework.org/schema/tool/spring-tool.xsd=org/springframework/beans/factory/xml/spring-tool-3.2.xsd, http://www.youzan.com/schema/task/spring-task-1.0.xsd=META-INF/spring-task-1.0.xsd, http://www.springframework.org/schema/util/spring-util-3.0.xsd=org/springframework/beans/factory/xml/spring-util-3.0.xsd, http://www.springframework.org/schema/util/spring-util-2.0.xsd=org/springframework/beans/factory/xml/spring-util-2.0.xsd, http://www.springframework.org/schema/lang/spring-lang-3.0.xsd=org/springframework/scripting/config/spring-lang-3.0.xsd, http://www.springframework.org/schema/lang/spring-lang-2.0.xsd=org/springframework/scripting/config/spring-lang-2.0.xsd, http://www.springframework.org/schema/jdbc/spring-jdbc-3.2.xsd=org/springframework/jdbc/config/spring-jdbc-3.2.xsd, http://www.springframework.org/schema/tool/spring-tool-3.2.xsd=org/springframework/beans/factory/xml/spring-tool-3.2.xsd, http://www.springframework.org/schema/beans/spring-beans-2.5.xsd=org/springframework/beans/factory/xml/spring-beans-2.5.xsd}
2017-08-28 17:41:25.194 [main] DEBUG o.s.beans.factory.xml.PluggableSchemaResolver - Found XML schema [http://www.springframework.org/schema/beans/spring-beans-3.2.xsd] in classpath: org/springframework/beans/factory/xml/spring-beans-3.2.xsd
2017-08-28 17:41:25.207 [main] DEBUG o.s.beans.factory.xml.PluggableSchemaResolver - Found XML schema [http://www.springframework.org/schema/context/spring-context-3.2.xsd] in classpath: org/springframework/context/config/spring-context-3.2.xsd
2017-08-28 17:41:25.220 [main] DEBUG o.s.beans.factory.xml.PluggableSchemaResolver - Found XML schema [http://www.springframework.org/schema/tool/spring-tool-3.2.xsd] in classpath: org/springframework/beans/factory/xml/spring-tool-3.2.xsd
2017-08-28 17:41:25.226 [main] DEBUG o.s.b.factory.xml.DefaultBeanDefinitionDocumentReader - Loading bean definitions
2017-08-28 17:41:25.228 [main] DEBUG o.s.beans.factory.xml.DefaultNamespaceHandlerResolver - Loaded NamespaceHandler mappings: {http://www.springframework.org/schema/p=org.springframework.beans.factory.xml.SimplePropertyNamespaceHandler, http://www.springframework.org/schema/util=org.springframework.beans.factory.xml.UtilNamespaceHandler, http://code.alibabatech.com/schema/dubbo=com.alibaba.dubbo.config.spring.schema.DubboNamespaceHandler, http://www.springframework.org/schema/jee=org.springframework.ejb.config.JeeNamespaceHandler, http://www.springframework.org/schema/aop=org.springframework.aop.config.AopNamespaceHandler, http://www.springframework.org/schema/jdbc=org.springframework.jdbc.config.JdbcNamespaceHandler, http://www.springframework.org/schema/cache=org.springframework.cache.config.CacheNamespaceHandler, http://mybatis.org/schema/mybatis-spring=org.mybatis.spring.config.NamespaceHandler, http://www.springframework.org/schema/c=org.springframework.beans.factory.xml.SimpleConstructorNamespaceHandler, http://www.springframework.org/schema/tx=org.springframework.transaction.config.TxNamespaceHandler, http://code.alibabatech.com/schema/nova=com.youzan.nova.framework.schema.HauntNamespaceHandler, http://www.youzan.com/schema/task=com.youzan.pay.core.task.spring.TaskNamespaceHandler, http://www.springframework.org/schema/task=org.springframework.scheduling.config.TaskNamespaceHandler, http://www.springframework.org/schema/lang=org.springframework.scripting.config.LangNamespaceHandler, http://www.youzan.com/schema/nsq=com.youzan.pay.core.nsq.spring.NsqNamespaceHandler, http://www.springframework.org/schema/context=org.springframework.context.config.ContextNamespaceHandler}
2017-08-28 17:41:25.230 [main] DEBUG o.s.context.annotation.ClassPathBeanDefinitionScanner - JSR-250 'javax.annotation.ManagedBean' found and supported for component scanning
2017-08-28 17:41:25.232 [main] DEBUG o.s.core.io.support.PathMatchingResourcePatternResolver - Looking for matching resources in directory tree [/Users/wulonghui/work/unified_cashier/intergration/target/test-classes/com/youzan/pay/unified/cashier/intergration]
2017-08-28 17:41:25.232 [main] DEBUG o.s.core.io.support.PathMatchingResourcePatternResolver - Searching directory [/Users/wulonghui/work/unified_cashier/intergration/target/test-classes/com/youzan/pay/unified/cashier/intergration] for files matching pattern [/Users/wulonghui/work/unified_cashier/intergration/target/test-classes/com/youzan/pay/unified/cashier/intergration/**/*.class]
2017-08-28 17:41:25.233 [main] DEBUG o.s.core.io.support.PathMatchingResourcePatternResolver - Searching directory [/Users/wulonghui/work/unified_cashier/intergration/target/test-classes/com/youzan/pay/unified/cashier/intergration/client] for files matching pattern [/Users/wulonghui/work/unified_cashier/intergration/target/test-classes/com/youzan/pay/unified/cashier/intergration/**/*.class]
2017-08-28 17:41:25.233 [main] DEBUG o.s.core.io.support.PathMatchingResourcePatternResolver - Looking for matching resources in directory tree [/Users/wulonghui/work/unified_cashier/intergration/target/classes/com/youzan/pay/unified/cashier/intergration]
2017-08-28 17:41:25.233 [main] DEBUG o.s.core.io.support.PathMatchingResourcePatternResolver - Searching directory [/Users/wulonghui/work/unified_cashier/intergration/target/classes/com/youzan/pay/unified/cashier/intergration] for files matching pattern [/Users/wulonghui/work/unified_cashier/intergration/target/classes/com/youzan/pay/unified/cashier/intergration/**/*.class]
2017-08-28 17:41:25.234 [main] DEBUG o.s.core.io.support.PathMatchingResourcePatternResolver - Searching directory [/Users/wulonghui/work/unified_cashier/intergration/target/classes/com/youzan/pay/unified/cashier/intergration/client] for files matching pattern [/Users/wulonghui/work/unified_cashier/intergration/target/classes/com/youzan/pay/unified/cashier/intergration/**/*.class]
2017-08-28 17:41:25.234 [main] DEBUG o.s.core.io.support.PathMatchingResourcePatternResolver - Searching directory [/Users/wulonghui/work/unified_cashier/intergration/target/classes/com/youzan/pay/unified/cashier/intergration/common] for files matching pattern [/Users/wulonghui/work/unified_cashier/intergration/target/classes/com/youzan/pay/unified/cashier/intergration/**/*.class]
2017-08-28 17:41:25.235 [main] DEBUG o.s.core.io.support.PathMatchingResourcePatternResolver - Resolved location pattern [classpath*:com/youzan/pay/unified/cashier/intergration/**/*.class] to resources [file [/Users/wulonghui/work/unified_cashier/intergration/target/test-classes/com/youzan/pay/unified/cashier/intergration/BaseTest.class], file [/Users/wulonghui/work/unified_cashier/intergration/target/test-classes/com/youzan/pay/unified/cashier/intergration/client/AssetCenterUnifiedPayServiceClientTest.class], file [/Users/wulonghui/work/unified_cashier/intergration/target/test-classes/com/youzan/pay/unified/cashier/intergration/client/ChannelBankCardServiceClientTest.class], file [/Users/wulonghui/work/unified_cashier/intergration/target/test-classes/com/youzan/pay/unified/cashier/intergration/client/MerchantBankCardServiceClientTest.class], file [/Users/wulonghui/work/unified_cashier/intergration/target/test-classes/com/youzan/pay/unified/cashier/intergration/client/QueryPayToolConfigServiceClietTest.class], file [/Users/wulonghui/work/unified_cashier/intergration/target/test-classes/com/youzan/pay/unified/cashier/intergration/client/UserMerchantServiceClientTest.class], file [/Users/wulonghui/work/unified_cashier/intergration/target/classes/com/youzan/pay/unified/cashier/intergration/client/AssetCenterUnifiedPayServiceClient$1.class], file [/Users/wulonghui/work/unified_cashier/intergration/target/classes/com/youzan/pay/unified/cashier/intergration/client/AssetCenterUnifiedPayServiceClient.class], file [/Users/wulonghui/work/unified_cashier/intergration/target/classes/com/youzan/pay/unified/cashier/intergration/client/CashierOrderStatusSearchClient.class], file [/Users/wulonghui/work/unified_cashier/intergration/target/classes/com/youzan/pay/unified/cashier/intergration/client/CashierRechargeServiceClient.class], file [/Users/wulonghui/work/unified_cashier/intergration/target/classes/com/youzan/pay/unified/cashier/intergration/client/ChannelBankCardServiceClient$1.class], file [/Users/wulonghui/work/unified_cashier/intergration/target/classes/com/youzan/pay/unified/cashier/intergration/client/ChannelBankCardServiceClient$2.class], file [/Users/wulonghui/work/unified_cashier/intergration/target/classes/com/youzan/pay/unified/cashier/intergration/client/ChannelBankCardServiceClient$3.class], file [/Users/wulonghui/work/unified_cashier/intergration/target/classes/com/youzan/pay/unified/cashier/intergration/client/ChannelBankCardServiceClient$4.class], file [/Users/wulonghui/work/unified_cashier/intergration/target/classes/com/youzan/pay/unified/cashier/intergration/client/ChannelBankCardServiceClient.class], file [/Users/wulonghui/work/unified_cashier/intergration/target/classes/com/youzan/pay/unified/cashier/intergration/client/MerchantBankCardServiceClient$1.class], file [/Users/wulonghui/work/unified_cashier/intergration/target/classes/com/youzan/pay/unified/cashier/intergration/client/MerchantBankCardServiceClient$2.class], file [/Users/wulonghui/work/unified_cashier/intergration/target/classes/com/youzan/pay/unified/cashier/intergration/client/MerchantBankCardServiceClient$3.class], file [/Users/wulonghui/work/unified_cashier/intergration/target/classes/com/youzan/pay/unified/cashier/intergration/client/MerchantBankCardServiceClient.class], file [/Users/wulonghui/work/unified_cashier/intergration/target/classes/com/youzan/pay/unified/cashier/intergration/client/MicroAccoutServiceClient.class], file [/Users/wulonghui/work/unified_cashier/intergration/target/classes/com/youzan/pay/unified/cashier/intergration/client/QueryPayToolConfigServiceClient.class], file [/Users/wulonghui/work/unified_cashier/intergration/target/classes/com/youzan/pay/unified/cashier/intergration/client/SignKeyServiceClient.class], file [/Users/wulonghui/work/unified_cashier/intergration/target/classes/com/youzan/pay/unified/cashier/intergration/client/SummaryCardQueryServiceClient.class], file [/Users/wulonghui/work/unified_cashier/intergration/target/classes/com/youzan/pay/unified/cashier/intergration/client/UnifiedOrderServiceClient.class], file [/Users/wulonghui/work/unified_cashier/intergration/target/classes/com/youzan/pay/unified/cashier/intergration/client/UnifiedPayServiceClient.class], file [/Users/wulonghui/work/unified_cashier/intergration/target/classes/com/youzan/pay/unified/cashier/intergration/client/UserMerchantServiceClient$1.class], file [/Users/wulonghui/work/unified_cashier/intergration/target/classes/com/youzan/pay/unified/cashier/intergration/client/UserMerchantServiceClient.class], file [/Users/wulonghui/work/unified_cashier/intergration/target/classes/com/youzan/pay/unified/cashier/intergration/common/CashierHandleTemplate.class], file [/Users/wulonghui/work/unified_cashier/intergration/target/classes/com/youzan/pay/unified/cashier/intergration/common/CashierProcessCallBack.class]]
2017-08-28 17:41:25.241 [main] DEBUG o.s.context.annotation.ClassPathBeanDefinitionScanner - Identified candidate component class: file [/Users/wulonghui/work/unified_cashier/intergration/target/classes/com/youzan/pay/unified/cashier/intergration/client/AssetCenterUnifiedPayServiceClient.class]
2017-08-28 17:41:25.241 [main] DEBUG o.s.context.annotation.ClassPathBeanDefinitionScanner - Identified candidate component class: file [/Users/wulonghui/work/unified_cashier/intergration/target/classes/com/youzan/pay/unified/cashier/intergration/client/CashierOrderStatusSearchClient.class]
2017-08-28 17:41:25.242 [main] DEBUG o.s.context.annotation.ClassPathBeanDefinitionScanner - Identified candidate component class: file [/Users/wulonghui/work/unified_cashier/intergration/target/classes/com/youzan/pay/unified/cashier/intergration/client/CashierRechargeServiceClient.class]
2017-08-28 17:41:25.243 [main] DEBUG o.s.context.annotation.ClassPathBeanDefinitionScanner - Identified candidate component class: file [/Users/wulonghui/work/unified_cashier/intergration/target/classes/com/youzan/pay/unified/cashier/intergration/client/ChannelBankCardServiceClient.class]
2017-08-28 17:41:25.244 [main] DEBUG o.s.context.annotation.ClassPathBeanDefinitionScanner - Identified candidate component class: file [/Users/wulonghui/work/unified_cashier/intergration/target/classes/com/youzan/pay/unified/cashier/intergration/client/MerchantBankCardServiceClient.class]
2017-08-28 17:41:25.244 [main] DEBUG o.s.context.annotation.ClassPathBeanDefinitionScanner - Identified candidate component class: file [/Users/wulonghui/work/unified_cashier/intergration/target/classes/com/youzan/pay/unified/cashier/intergration/client/MicroAccoutServiceClient.class]
2017-08-28 17:41:25.245 [main] DEBUG o.s.context.annotation.ClassPathBeanDefinitionScanner - Identified candidate component class: file [/Users/wulonghui/work/unified_cashier/intergration/target/classes/com/youzan/pay/unified/cashier/intergration/client/QueryPayToolConfigServiceClient.class]
2017-08-28 17:41:25.246 [main] DEBUG o.s.context.annotation.ClassPathBeanDefinitionScanner - Identified candidate component class: file [/Users/wulonghui/work/unified_cashier/intergration/target/classes/com/youzan/pay/unified/cashier/intergration/client/SignKeyServiceClient.class]
2017-08-28 17:41:25.247 [main] DEBUG o.s.context.annotation.ClassPathBeanDefinitionScanner - Identified candidate component class: file [/Users/wulonghui/work/unified_cashier/intergration/target/classes/com/youzan/pay/unified/cashier/intergration/client/SummaryCardQueryServiceClient.class]
2017-08-28 17:41:25.247 [main] DEBUG o.s.context.annotation.ClassPathBeanDefinitionScanner - Identified candidate component class: file [/Users/wulonghui/work/unified_cashier/intergration/target/classes/com/youzan/pay/unified/cashier/intergration/client/UnifiedOrderServiceClient.class]
2017-08-28 17:41:25.247 [main] DEBUG o.s.context.annotation.ClassPathBeanDefinitionScanner - Identified candidate component class: file [/Users/wulonghui/work/unified_cashier/intergration/target/classes/com/youzan/pay/unified/cashier/intergration/client/UnifiedPayServiceClient.class]
2017-08-28 17:41:25.248 [main] DEBUG o.s.context.annotation.ClassPathBeanDefinitionScanner - Identified candidate component class: file [/Users/wulonghui/work/unified_cashier/intergration/target/classes/com/youzan/pay/unified/cashier/intergration/client/UserMerchantServiceClient.class]
2017-08-28 17:41:25.250 [main] DEBUG o.s.core.io.support.PathMatchingResourcePatternResolver - Resolved location pattern [classpath*:beans/spring-*.xml] to resources []
2017-08-28 17:41:25.250 [main] DEBUG o.s.beans.factory.xml.XmlBeanDefinitionReader - Loaded 0 bean definitions from location pattern [classpath*:beans/spring-*.xml]
2017-08-28 17:41:25.251 [main] DEBUG o.s.b.factory.xml.DefaultBeanDefinitionDocumentReader - Imported 0 bean definitions from URL location [classpath*:beans/spring-*.xml]
2017-08-28 17:41:25.251 [main] INFO  o.s.beans.factory.xml.XmlBeanDefinitionReader - Loading XML bean definitions from file [/Users/wulonghui/work/unified_cashier/intergration/target/classes/META-INF/spring/spring-dubbo-services.xml]
2017-08-28 17:41:25.255 [main] DEBUG o.s.beans.factory.xml.DefaultDocumentLoader - Using JAXP provider [com.sun.org.apache.xerces.internal.jaxp.DocumentBuilderFactoryImpl]
2017-08-28 17:41:25.258 [main] DEBUG o.s.beans.factory.xml.PluggableSchemaResolver - Found XML schema [http://www.springframework.org/schema/beans/spring-beans-2.5.xsd] in classpath: org/springframework/beans/factory/xml/spring-beans-2.5.xsd
2017-08-28 17:41:25.290 [main] DEBUG o.s.beans.factory.xml.PluggableSchemaResolver - Found XML schema [http://www.springframework.org/schema/context/spring-context.xsd] in classpath: org/springframework/context/config/spring-context-3.2.xsd
2017-08-28 17:41:25.297 [main] DEBUG o.s.beans.factory.xml.PluggableSchemaResolver - Found XML schema [http://www.springframework.org/schema/tool/spring-tool-3.2.xsd] in classpath: org/springframework/beans/factory/xml/spring-tool-3.2.xsd
2017-08-28 17:41:25.303 [main] DEBUG o.s.beans.factory.xml.PluggableSchemaResolver - Found XML schema [http://code.alibabatech.com/schema/dubbo/dubbo.xsd] in classpath: META-INF/dubbo.xsd
2017-08-28 17:41:25.323 [main] DEBUG o.s.b.factory.xml.DefaultBeanDefinitionDocumentReader - Loading bean definitions
2017-08-28 17:41:25.324 [main] DEBUG o.s.context.annotation.ClassPathBeanDefinitionScanner - JSR-250 'javax.annotation.ManagedBean' found and supported for component scanning
2017-08-28 17:41:25.334 [main] DEBUG o.s.core.io.support.PathMatchingResourcePatternResolver - Looking for matching resources in directory tree [/Users/wulonghui/work/unified_cashier/intergration/target/test-classes/com/youzan/pay/unified/cashier/intergration/client]
2017-08-28 17:41:25.336 [main] DEBUG o.s.core.io.support.PathMatchingResourcePatternResolver - Searching directory [/Users/wulonghui/work/unified_cashier/intergration/target/test-classes/com/youzan/pay/unified/cashier/intergration/client] for files matching pattern [/Users/wulonghui/work/unified_cashier/intergration/target/test-classes/com/youzan/pay/unified/cashier/intergration/client/**/*.class]
2017-08-28 17:41:25.339 [main] DEBUG o.s.core.io.support.PathMatchingResourcePatternResolver - Looking for matching resources in directory tree [/Users/wulonghui/work/unified_cashier/intergration/target/classes/com/youzan/pay/unified/cashier/intergration/client]
2017-08-28 17:41:25.339 [main] DEBUG o.s.core.io.support.PathMatchingResourcePatternResolver - Searching directory [/Users/wulonghui/work/unified_cashier/intergration/target/classes/com/youzan/pay/unified/cashier/intergration/client] for files matching pattern [/Users/wulonghui/work/unified_cashier/intergration/target/classes/com/youzan/pay/unified/cashier/intergration/client/**/*.class]
2017-08-28 17:41:25.341 [main] DEBUG o.s.core.io.support.PathMatchingResourcePatternResolver - Resolved location pattern [classpath*:com/youzan/pay/unified/cashier/intergration/client/**/*.class] to resources [file [/Users/wulonghui/work/unified_cashier/intergration/target/test-classes/com/youzan/pay/unified/cashier/intergration/client/AssetCenterUnifiedPayServiceClientTest.class], file [/Users/wulonghui/work/unified_cashier/intergration/target/test-classes/com/youzan/pay/unified/cashier/intergration/client/ChannelBankCardServiceClientTest.class], file [/Users/wulonghui/work/unified_cashier/intergration/target/test-classes/com/youzan/pay/unified/cashier/intergration/client/MerchantBankCardServiceClientTest.class], file [/Users/wulonghui/work/unified_cashier/intergration/target/test-classes/com/youzan/pay/unified/cashier/intergration/client/QueryPayToolConfigServiceClietTest.class], file [/Users/wulonghui/work/unified_cashier/intergration/target/test-classes/com/youzan/pay/unified/cashier/intergration/client/UserMerchantServiceClientTest.class], file [/Users/wulonghui/work/unified_cashier/intergration/target/classes/com/youzan/pay/unified/cashier/intergration/client/AssetCenterUnifiedPayServiceClient$1.class], file [/Users/wulonghui/work/unified_cashier/intergration/target/classes/com/youzan/pay/unified/cashier/intergration/client/AssetCenterUnifiedPayServiceClient.class], file [/Users/wulonghui/work/unified_cashier/intergration/target/classes/com/youzan/pay/unified/cashier/intergration/client/CashierOrderStatusSearchClient.class], file [/Users/wulonghui/work/unified_cashier/intergration/target/classes/com/youzan/pay/unified/cashier/intergration/client/CashierRechargeServiceClient.class], file [/Users/wulonghui/work/unified_cashier/intergration/target/classes/com/youzan/pay/unified/cashier/intergration/client/ChannelBankCardServiceClient$1.class], file [/Users/wulonghui/work/unified_cashier/intergration/target/classes/com/youzan/pay/unified/cashier/intergration/client/ChannelBankCardServiceClient$2.class], file [/Users/wulonghui/work/unified_cashier/intergration/target/classes/com/youzan/pay/unified/cashier/intergration/client/ChannelBankCardServiceClient$3.class], file [/Users/wulonghui/work/unified_cashier/intergration/target/classes/com/youzan/pay/unified/cashier/intergration/client/ChannelBankCardServiceClient$4.class], file [/Users/wulonghui/work/unified_cashier/intergration/target/classes/com/youzan/pay/unified/cashier/intergration/client/ChannelBankCardServiceClient.class], file [/Users/wulonghui/work/unified_cashier/intergration/target/classes/com/youzan/pay/unified/cashier/intergration/client/MerchantBankCardServiceClient$1.class], file [/Users/wulonghui/work/unified_cashier/intergration/target/classes/com/youzan/pay/unified/cashier/intergration/client/MerchantBankCardServiceClient$2.class], file [/Users/wulonghui/work/unified_cashier/intergration/target/classes/com/youzan/pay/unified/cashier/intergration/client/MerchantBankCardServiceClient$3.class], file [/Users/wulonghui/work/unified_cashier/intergration/target/classes/com/youzan/pay/unified/cashier/intergration/client/MerchantBankCardServiceClient.class], file [/Users/wulonghui/work/unified_cashier/intergration/target/classes/com/youzan/pay/unified/cashier/intergration/client/MicroAccoutServiceClient.class], file [/Users/wulonghui/work/unified_cashier/intergration/target/classes/com/youzan/pay/unified/cashier/intergration/client/QueryPayToolConfigServiceClient.class], file [/Users/wulonghui/work/unified_cashier/intergration/target/classes/com/youzan/pay/unified/cashier/intergration/client/SignKeyServiceClient.class], file [/Users/wulonghui/work/unified_cashier/intergration/target/classes/com/youzan/pay/unified/cashier/intergration/client/SummaryCardQueryServiceClient.class], file [/Users/wulonghui/work/unified_cashier/intergration/target/classes/com/youzan/pay/unified/cashier/intergration/client/UnifiedOrderServiceClient.class], file [/Users/wulonghui/work/unified_cashier/intergration/target/classes/com/youzan/pay/unified/cashier/intergration/client/UnifiedPayServiceClient.class], file [/Users/wulonghui/work/unified_cashier/intergration/target/classes/com/youzan/pay/unified/cashier/intergration/client/UserMerchantServiceClient$1.class], file [/Users/wulonghui/work/unified_cashier/intergration/target/classes/com/youzan/pay/unified/cashier/intergration/client/UserMerchantServiceClient.class]]
2017-08-28 17:41:25.346 [main] DEBUG o.s.context.annotation.ClassPathBeanDefinitionScanner - Identified candidate component class: file [/Users/wulonghui/work/unified_cashier/intergration/target/classes/com/youzan/pay/unified/cashier/intergration/client/AssetCenterUnifiedPayServiceClient.class]
2017-08-28 17:41:25.347 [main] DEBUG o.s.context.annotation.ClassPathBeanDefinitionScanner - Identified candidate component class: file [/Users/wulonghui/work/unified_cashier/intergration/target/classes/com/youzan/pay/unified/cashier/intergration/client/CashierOrderStatusSearchClient.class]
2017-08-28 17:41:25.352 [main] DEBUG o.s.context.annotation.ClassPathBeanDefinitionScanner - Identified candidate component class: file [/Users/wulonghui/work/unified_cashier/intergration/target/classes/com/youzan/pay/unified/cashier/intergration/client/CashierRechargeServiceClient.class]
2017-08-28 17:41:25.356 [main] DEBUG o.s.context.annotation.ClassPathBeanDefinitionScanner - Identified candidate component class: file [/Users/wulonghui/work/unified_cashier/intergration/target/classes/com/youzan/pay/unified/cashier/intergration/client/ChannelBankCardServiceClient.class]
2017-08-28 17:41:25.359 [main] DEBUG o.s.context.annotation.ClassPathBeanDefinitionScanner - Identified candidate component class: file [/Users/wulonghui/work/unified_cashier/intergration/target/classes/com/youzan/pay/unified/cashier/intergration/client/MerchantBankCardServiceClient.class]
2017-08-28 17:41:25.360 [main] DEBUG o.s.context.annotation.ClassPathBeanDefinitionScanner - Identified candidate component class: file [/Users/wulonghui/work/unified_cashier/intergration/target/classes/com/youzan/pay/unified/cashier/intergration/client/MicroAccoutServiceClient.class]
2017-08-28 17:41:25.361 [main] DEBUG o.s.context.annotation.ClassPathBeanDefinitionScanner - Identified candidate component class: file [/Users/wulonghui/work/unified_cashier/intergration/target/classes/com/youzan/pay/unified/cashier/intergration/client/QueryPayToolConfigServiceClient.class]
2017-08-28 17:41:25.361 [main] DEBUG o.s.context.annotation.ClassPathBeanDefinitionScanner - Identified candidate component class: file [/Users/wulonghui/work/unified_cashier/intergration/target/classes/com/youzan/pay/unified/cashier/intergration/client/SignKeyServiceClient.class]
2017-08-28 17:41:25.362 [main] DEBUG o.s.context.annotation.ClassPathBeanDefinitionScanner - Identified candidate component class: file [/Users/wulonghui/work/unified_cashier/intergration/target/classes/com/youzan/pay/unified/cashier/intergration/client/SummaryCardQueryServiceClient.class]
2017-08-28 17:41:25.362 [main] DEBUG o.s.context.annotation.ClassPathBeanDefinitionScanner - Identified candidate component class: file [/Users/wulonghui/work/unified_cashier/intergration/target/classes/com/youzan/pay/unified/cashier/intergration/client/UnifiedOrderServiceClient.class]
2017-08-28 17:41:25.364 [main] DEBUG o.s.context.annotation.ClassPathBeanDefinitionScanner - Identified candidate component class: file [/Users/wulonghui/work/unified_cashier/intergration/target/classes/com/youzan/pay/unified/cashier/intergration/client/UnifiedPayServiceClient.class]
2017-08-28 17:41:25.364 [main] DEBUG o.s.context.annotation.ClassPathBeanDefinitionScanner - Identified candidate component class: file [/Users/wulonghui/work/unified_cashier/intergration/target/classes/com/youzan/pay/unified/cashier/intergration/client/UserMerchantServiceClient.class]
2017-08-28 17:41:25.389 [main] INFO  o.s.beans.factory.xml.XmlBeanDefinitionReader - Loading XML bean definitions from URL [jar:file:/Users/wulonghui/.m2/repository/com/youzan/platform/bootstrap/3.0.9-RELEASE/bootstrap-3.0.9-RELEASE.jar!/META-INF/spring/container.xml]
2017-08-28 17:41:25.393 [main] DEBUG o.s.beans.factory.xml.DefaultDocumentLoader - Using JAXP provider [com.sun.org.apache.xerces.internal.jaxp.DocumentBuilderFactoryImpl]
2017-08-28 17:41:25.397 [main] DEBUG o.s.beans.factory.xml.PluggableSchemaResolver - Found XML schema [http://www.springframework.org/schema/beans/spring-beans-2.5.xsd] in classpath: org/springframework/beans/factory/xml/spring-beans-2.5.xsd
2017-08-28 17:41:25.408 [main] DEBUG o.s.b.factory.xml.DefaultBeanDefinitionDocumentReader - Loading bean definitions
2017-08-28 17:41:25.408 [main] INFO  o.s.beans.factory.xml.XmlBeanDefinitionReader - Loading XML bean definitions from URL [jar:file:/Users/wulonghui/.m2/repository/com/youzan/nova/framework/framework-cat/1.0.7-RELEASE/framework-cat-1.0.7-RELEASE.jar!/META-INF/spring/framework-cat-context.xml]
2017-08-28 17:41:25.410 [main] DEBUG o.s.beans.factory.xml.DefaultDocumentLoader - Using JAXP provider [com.sun.org.apache.xerces.internal.jaxp.DocumentBuilderFactoryImpl]
2017-08-28 17:41:25.411 [main] DEBUG o.s.beans.factory.xml.PluggableSchemaResolver - Found XML schema [http://www.springframework.org/schema/beans/spring-beans-2.5.xsd] in classpath: org/springframework/beans/factory/xml/spring-beans-2.5.xsd
2017-08-28 17:41:25.422 [main] DEBUG o.s.beans.factory.xml.PluggableSchemaResolver - Found XML schema [http://www.springframework.org/schema/aop/spring-aop-3.0.xsd] in classpath: org/springframework/aop/config/spring-aop-3.0.xsd
2017-08-28 17:41:25.433 [main] DEBUG o.s.beans.factory.xml.PluggableSchemaResolver - Found XML schema [http://www.springframework.org/schema/tool/spring-tool-3.0.xsd] in classpath: org/springframework/beans/factory/xml/spring-tool-3.0.xsd
2017-08-28 17:41:25.438 [main] DEBUG o.s.b.factory.xml.DefaultBeanDefinitionDocumentReader - Loading bean definitions
2017-08-28 17:41:25.440 [main] DEBUG o.s.beans.factory.xml.XmlBeanDefinitionReader - Loaded 35 bean definitions from location pattern [classpath*:META-INF/spring/*.xml]
2017-08-28 17:41:25.441 [main] INFO  o.s.context.support.GenericApplicationContext - Refreshing org.springframework.context.support.GenericApplicationContext@64678ceb: startup date [Mon Aug 28 17:41:25 CST 2017]; root of context hierarchy
2017-08-28 17:41:25.443 [main] DEBUG o.s.context.support.GenericApplicationContext - Bean factory for org.springframework.context.support.GenericApplicationContext@64678ceb: org.springframework.beans.factory.support.DefaultListableBeanFactory@68681c6c: defining beans [org.springframework.context.support.PropertySourcesPlaceholderConfigurer#0,assetCenterUnifiedPayServiceClient,cashierOrderStatusSearchClient,cashierRechargeServiceClient,channelBankCardServiceClient,merchantBankCardServiceClient,microAccoutServiceClient,queryPayToolConfigServiceClient,signKeyServiceClient,summaryCardQueryServiceClient,unifiedOrderServiceClient,unifiedPayServiceClient,userMerchantServiceClient,org.springframework.context.annotation.internalConfigurationAnnotationProcessor,org.springframework.context.annotation.internalAutowiredAnnotationProcessor,org.springframework.context.annotation.internalRequiredAnnotationProcessor,org.springframework.context.annotation.internalCommonAnnotationProcessor,signKeyService,merchantConfigService,acquireOrderService,unifiedPayService,unifiedOrderQueryService,unifiedOrderService,bankCardService,merchantBankCardService,userMerchantService,rechargeService,payToolsService,accountService,summaryCardQueryService,novaContainer,beanFactory,org.springframework.aop.config.internalAutoProxyCreator,tracingAop,customerMethodAop]; root of factory hierarchy
2017-08-28 17:41:25.446 [main] DEBUG o.s.beans.factory.support.DefaultListableBeanFactory - Creating shared instance of singleton bean 'org.springframework.context.annotation.internalConfigurationAnnotationProcessor'
2017-08-28 17:41:25.446 [main] DEBUG o.s.beans.factory.support.DefaultListableBeanFactory - Creating instance of bean 'org.springframework.context.annotation.internalConfigurationAnnotationProcessor'
2017-08-28 17:41:25.446 [main] DEBUG o.s.beans.factory.support.DefaultListableBeanFactory - Eagerly caching bean 'org.springframework.context.annotation.internalConfigurationAnnotationProcessor' to allow for resolving potential circular references
2017-08-28 17:41:25.446 [main] DEBUG o.s.beans.factory.support.DefaultListableBeanFactory - Finished creating instance of bean 'org.springframework.context.annotation.internalConfigurationAnnotationProcessor'
2017-08-28 17:41:25.446 [main] DEBUG o.s.beans.factory.support.DefaultListableBeanFactory - Creating shared instance of singleton bean 'novaContainer'
2017-08-28 17:41:25.446 [main] DEBUG o.s.beans.factory.support.DefaultListableBeanFactory - Creating instance of bean 'novaContainer'
2017-08-28 17:41:25.446 [main] DEBUG o.s.beans.factory.support.DefaultListableBeanFactory - Eagerly caching bean 'novaContainer' to allow for resolving potential circular references
2017-08-28 17:41:25.447 [main] DEBUG o.s.beans.factory.support.DefaultListableBeanFactory - Finished creating instance of bean 'novaContainer'
2017-08-28 17:41:25.457 [main] DEBUG o.s.beans.factory.support.DefaultListableBeanFactory - Creating shared instance of singleton bean 'org.springframework.context.support.PropertySourcesPlaceholderConfigurer#0'
2017-08-28 17:41:25.457 [main] DEBUG o.s.beans.factory.support.DefaultListableBeanFactory - Creating instance of bean 'org.springframework.context.support.PropertySourcesPlaceholderConfigurer#0'
2017-08-28 17:41:25.458 [main] DEBUG o.s.beans.factory.support.DefaultListableBeanFactory - Eagerly caching bean 'org.springframework.context.support.PropertySourcesPlaceholderConfigurer#0' to allow for resolving potential circular references
2017-08-28 17:41:25.461 [main] DEBUG o.s.core.io.support.PathMatchingResourcePatternResolver - Looking for matching resources in directory tree [/Users/wulonghui/work/unified_cashier/intergration/target/test-classes]
2017-08-28 17:41:25.461 [main] DEBUG o.s.core.io.support.PathMatchingResourcePatternResolver - Searching directory [/Users/wulonghui/work/unified_cashier/intergration/target/test-classes] for files matching pattern [/Users/wulonghui/work/unified_cashier/intergration/target/test-classes/*.properties]
2017-08-28 17:41:25.463 [main] DEBUG o.s.core.io.support.PathMatchingResourcePatternResolver - Looking for matching resources in directory tree [/Users/wulonghui/work/unified_cashier/intergration/target/classes]
2017-08-28 17:41:25.464 [main] DEBUG o.s.core.io.support.PathMatchingResourcePatternResolver - Searching directory [/Users/wulonghui/work/unified_cashier/intergration/target/classes] for files matching pattern [/Users/wulonghui/work/unified_cashier/intergration/target/classes/*.properties]
2017-08-28 17:41:25.465 [main] DEBUG o.s.core.io.support.PathMatchingResourcePatternResolver - Looking for matching resources in directory tree [/Users/wulonghui/work/unified_cashier/core-utils/target/classes]
2017-08-28 17:41:25.466 [main] DEBUG o.s.core.io.support.PathMatchingResourcePatternResolver - Searching directory [/Users/wulonghui/work/unified_cashier/core-utils/target/classes] for files matching pattern [/Users/wulonghui/work/unified_cashier/core-utils/target/classes/*.properties]
2017-08-28 17:41:25.467 [main] DEBUG o.s.core.io.support.PathMatchingResourcePatternResolver - Looking for matching resources in directory tree [/Users/wulonghui/work/unified_cashier/core-model/target/classes]
2017-08-28 17:41:25.467 [main] DEBUG o.s.core.io.support.PathMatchingResourcePatternResolver - Searching directory [/Users/wulonghui/work/unified_cashier/core-model/target/classes] for files matching pattern [/Users/wulonghui/work/unified_cashier/core-model/target/classes/*.properties]
2017-08-28 17:41:25.468 [main] DEBUG o.s.core.io.support.PathMatchingResourcePatternResolver - Resolved location pattern [classpath*:*.properties] to resources [file [/Users/wulonghui/work/unified_cashier/intergration/target/test-classes/container.properties], file [/Users/wulonghui/work/unified_cashier/intergration/target/test-classes/dev.properties]]
2017-08-28 17:41:25.469 [main] DEBUG o.s.beans.factory.support.DefaultListableBeanFactory - Finished creating instance of bean 'org.springframework.context.support.PropertySourcesPlaceholderConfigurer#0'
2017-08-28 17:41:25.469 [main] DEBUG org.springframework.core.env.MutablePropertySources - Adding [environmentProperties] PropertySource with lowest search precedence
2017-08-28 17:41:25.469 [main] INFO  o.s.context.support.PropertySourcesPlaceholderConfigurer - Loading properties file from file [/Users/wulonghui/work/unified_cashier/intergration/target/test-classes/container.properties]
2017-08-28 17:41:25.469 [main] INFO  o.s.context.support.PropertySourcesPlaceholderConfigurer - Loading properties file from file [/Users/wulonghui/work/unified_cashier/intergration/target/test-classes/dev.properties]
2017-08-28 17:41:25.470 [main] DEBUG org.springframework.core.env.MutablePropertySources - Adding [localProperties] PropertySource with lowest search precedence
2017-08-28 17:41:25.472 [main] DEBUG o.s.core.env.PropertySourcesPropertyResolver - Searching for key 'application.monitor.address' in [environmentProperties]
2017-08-28 17:41:25.472 [main] DEBUG o.s.core.env.PropertySourcesPropertyResolver - Searching for key 'application.monitor.address' in [systemProperties]
2017-08-28 17:41:25.522 [main] DEBUG o.s.core.env.PropertySourcesPropertyResolver - Searching for key 'application.monitor.address' in [systemEnvironment]
2017-08-28 17:41:25.522 [Finalizer] WARN  com.alibaba.dubbo.config.AbstractConfig -  [Nova] ReferenceConfig(null) is not DESTROYED when FINALIZE, nova version: 3.0.9-RELEASE, current host: 172.17.11.56
2017-08-28 17:41:25.522 [Finalizer] WARN  com.alibaba.dubbo.config.AbstractConfig -  [Nova] ReferenceConfig(null) is not DESTROYED when FINALIZE, nova version: 3.0.9-RELEASE, current host: 172.17.11.56
2017-08-28 17:41:25.522 [Finalizer] WARN  com.alibaba.dubbo.config.AbstractConfig -  [Nova] ReferenceConfig(null) is not DESTROYED when FINALIZE, nova version: 3.0.9-RELEASE, current host: 172.17.11.56
2017-08-28 17:41:25.522 [Finalizer] WARN  com.alibaba.dubbo.config.AbstractConfig -  [Nova] ReferenceConfig(null) is not DESTROYED when FINALIZE, nova version: 3.0.9-RELEASE, current host: 172.17.11.56
2017-08-28 17:41:25.522 [Finalizer] WARN  com.alibaba.dubbo.config.AbstractConfig -  [Nova] ReferenceConfig(null) is not DESTROYED when FINALIZE, nova version: 3.0.9-RELEASE, current host: 172.17.11.56
2017-08-28 17:41:25.523 [main] DEBUG o.s.core.env.PropertySourcesPropertyResolver - Could not find key 'application.monitor.address' in any property source. Returning [null]
2017-08-28 17:41:25.524 [main] DEBUG o.s.core.env.PropertySourcesPropertyResolver - Searching for key 'application.monitor.address' in [localProperties]
2017-08-28 17:41:25.525 [main] DEBUG o.s.core.env.PropertySourcesPropertyResolver - Found key 'application.monitor.address' in [localProperties] with type [String] and value 'http://hawk-dev.s.qima-inc.com'
2017-08-28 17:41:25.525 [main] DEBUG o.s.beans.factory.support.DefaultListableBeanFactory - Creating shared instance of singleton bean 'com.alibaba.dubbo.config.spring.AnnotationBean'
2017-08-28 17:41:25.525 [main] DEBUG o.s.beans.factory.support.DefaultListableBeanFactory - Creating instance of bean 'com.alibaba.dubbo.config.spring.AnnotationBean'
2017-08-28 17:41:25.525 [main] DEBUG o.s.beans.factory.support.DefaultListableBeanFactory - Eagerly caching bean 'com.alibaba.dubbo.config.spring.AnnotationBean' to allow for resolving potential circular references
2017-08-28 17:41:25.527 [main] DEBUG o.s.beans.factory.support.DefaultListableBeanFactory - Finished creating instance of bean 'com.alibaba.dubbo.config.spring.AnnotationBean'
2017-08-28 17:41:25.528 [main] DEBUG org.springframework.core.env.StandardEnvironment - Adding [systemProperties] PropertySource with lowest search precedence
2017-08-28 17:41:25.532 [main] DEBUG org.springframework.core.env.StandardEnvironment - Adding [systemEnvironment] PropertySource with lowest search precedence
2017-08-28 17:41:25.533 [main] DEBUG org.springframework.core.env.StandardEnvironment - Initialized StandardEnvironment with PropertySources [systemProperties,systemEnvironment]
2017-08-28 17:41:25.534 [main] DEBUG o.s.context.annotation.ClassPathBeanDefinitionScanner - JSR-250 'javax.annotation.ManagedBean' found and supported for component scanning
2017-08-28 17:41:25.541 [main] DEBUG o.s.core.io.support.PathMatchingResourcePatternResolver - Looking for matching resources in directory tree [/Users/wulonghui/work/unified_cashier/intergration/target/test-classes/com/youzan]
2017-08-28 17:41:25.541 [main] DEBUG o.s.core.io.support.PathMatchingResourcePatternResolver - Searching directory [/Users/wulonghui/work/unified_cashier/intergration/target/test-classes/com/youzan] for files matching pattern [/Users/wulonghui/work/unified_cashier/intergration/target/test-classes/com/youzan/**/*.class]
2017-08-28 17:41:25.542 [main] DEBUG o.s.core.io.support.PathMatchingResourcePatternResolver - Searching directory [/Users/wulonghui/work/unified_cashier/intergration/target/test-classes/com/youzan/pay] for files matching pattern [/Users/wulonghui/work/unified_cashier/intergration/target/test-classes/com/youzan/**/*.class]
2017-08-28 17:41:25.542 [main] DEBUG o.s.core.io.support.PathMatchingResourcePatternResolver - Searching directory [/Users/wulonghui/work/unified_cashier/intergration/target/test-classes/com/youzan/pay/unified] for files matching pattern [/Users/wulonghui/work/unified_cashier/intergration/target/test-classes/com/youzan/**/*.class]
2017-08-28 17:41:25.542 [main] DEBUG o.s.core.io.support.PathMatchingResourcePatternResolver - Searching directory [/Users/wulonghui/work/unified_cashier/intergration/target/test-classes/com/youzan/pay/unified/cashier] for files matching pattern [/Users/wulonghui/work/unified_cashier/intergration/target/test-classes/com/youzan/**/*.class]
2017-08-28 17:41:25.543 [main] DEBUG o.s.core.io.support.PathMatchingResourcePatternResolver - Searching directory [/Users/wulonghui/work/unified_cashier/intergration/target/test-classes/com/youzan/pay/unified/cashier/intergration] for files matching pattern [/Users/wulonghui/work/unified_cashier/intergration/target/test-classes/com/youzan/**/*.class]
2017-08-28 17:41:25.543 [main] DEBUG o.s.core.io.support.PathMatchingResourcePatternResolver - Searching directory [/Users/wulonghui/work/unified_cashier/intergration/target/test-classes/com/youzan/pay/unified/cashier/intergration/client] for files matching pattern [/Users/wulonghui/work/unified_cashier/intergration/target/test-classes/com/youzan/**/*.class]
2017-08-28 17:41:25.544 [main] DEBUG o.s.core.io.support.PathMatchingResourcePatternResolver - Looking for matching resources in directory tree [/Users/wulonghui/work/unified_cashier/intergration/target/classes/com/youzan]
2017-08-28 17:41:25.544 [main] DEBUG o.s.core.io.support.PathMatchingResourcePatternResolver - Searching directory [/Users/wulonghui/work/unified_cashier/intergration/target/classes/com/youzan] for files matching pattern [/Users/wulonghui/work/unified_cashier/intergration/target/classes/com/youzan/**/*.class]
2017-08-28 17:41:25.545 [main] DEBUG o.s.core.io.support.PathMatchingResourcePatternResolver - Searching directory [/Users/wulonghui/work/unified_cashier/intergration/target/classes/com/youzan/pay] for files matching pattern [/Users/wulonghui/work/unified_cashier/intergration/target/classes/com/youzan/**/*.class]
2017-08-28 17:41:25.545 [main] DEBUG o.s.core.io.support.PathMatchingResourcePatternResolver - Searching directory [/Users/wulonghui/work/unified_cashier/intergration/target/classes/com/youzan/pay/unified] for files matching pattern [/Users/wulonghui/work/unified_cashier/intergration/target/classes/com/youzan/**/*.class]
2017-08-28 17:41:25.547 [main] DEBUG o.s.core.io.support.PathMatchingResourcePatternResolver - Searching directory [/Users/wulonghui/work/unified_cashier/intergration/target/classes/com/youzan/pay/unified/cashier] for files matching pattern [/Users/wulonghui/work/unified_cashier/intergration/target/classes/com/youzan/**/*.class]
2017-08-28 17:41:25.553 [main] DEBUG o.s.core.io.support.PathMatchingResourcePatternResolver - Searching directory [/Users/wulonghui/work/unified_cashier/intergration/target/classes/com/youzan/pay/unified/cashier/intergration] for files matching pattern [/Users/wulonghui/work/unified_cashier/intergration/target/classes/com/youzan/**/*.class]
2017-08-28 17:41:25.554 [main] DEBUG o.s.core.io.support.PathMatchingResourcePatternResolver - Searching directory [/Users/wulonghui/work/unified_cashier/intergration/target/classes/com/youzan/pay/unified/cashier/intergration/client] for files matching pattern [/Users/wulonghui/work/unified_cashier/intergration/target/classes/com/youzan/**/*.class]
2017-08-28 17:41:25.556 [main] DEBUG o.s.core.io.support.PathMatchingResourcePatternResolver - Searching directory [/Users/wulonghui/work/unified_cashier/intergration/target/classes/com/youzan/pay/unified/cashier/intergration/common] for files matching pattern [/Users/wulonghui/work/unified_cashier/intergration/target/classes/com/youzan/**/*.class]
2017-08-28 17:41:25.557 [main] DEBUG o.s.core.io.support.PathMatchingResourcePatternResolver - Looking for matching resources in directory tree [/Users/wulonghui/work/unified_cashier/core-utils/target/classes/com/youzan]
2017-08-28 17:41:25.558 [main] DEBUG o.s.core.io.support.PathMatchingResourcePatternResolver - Searching directory [/Users/wulonghui/work/unified_cashier/core-utils/target/classes/com/youzan] for files matching pattern [/Users/wulonghui/work/unified_cashier/core-utils/target/classes/com/youzan/**/*.class]
2017-08-28 17:41:25.558 [main] DEBUG o.s.core.io.support.PathMatchingResourcePatternResolver - Searching directory [/Users/wulonghui/work/unified_cashier/core-utils/target/classes/com/youzan/pay] for files matching pattern [/Users/wulonghui/work/unified_cashier/core-utils/target/classes/com/youzan/**/*.class]
2017-08-28 17:41:25.559 [main] DEBUG o.s.core.io.support.PathMatchingResourcePatternResolver - Searching directory [/Users/wulonghui/work/unified_cashier/core-utils/target/classes/com/youzan/pay/unified] for files matching pattern [/Users/wulonghui/work/unified_cashier/core-utils/target/classes/com/youzan/**/*.class]
2017-08-28 17:41:25.560 [main] DEBUG o.s.core.io.support.PathMatchingResourcePatternResolver - Searching directory [/Users/wulonghui/work/unified_cashier/core-utils/target/classes/com/youzan/pay/unified/cashier] for files matching pattern [/Users/wulonghui/work/unified_cashier/core-utils/target/classes/com/youzan/**/*.class]
2017-08-28 17:41:25.560 [main] DEBUG o.s.core.io.support.PathMatchingResourcePatternResolver - Searching directory [/Users/wulonghui/work/unified_cashier/core-utils/target/classes/com/youzan/pay/unified/cashier/core] for files matching pattern [/Users/wulonghui/work/unified_cashier/core-utils/target/classes/com/youzan/**/*.class]
2017-08-28 17:41:25.560 [main] DEBUG o.s.core.io.support.PathMatchingResourcePatternResolver - Searching directory [/Users/wulonghui/work/unified_cashier/core-utils/target/classes/com/youzan/pay/unified/cashier/core/utils] for files matching pattern [/Users/wulonghui/work/unified_cashier/core-utils/target/classes/com/youzan/**/*.class]
2017-08-28 17:41:25.560 [main] DEBUG o.s.core.io.support.PathMatchingResourcePatternResolver - Searching directory [/Users/wulonghui/work/unified_cashier/core-utils/target/classes/com/youzan/pay/unified/cashier/core/utils/common] for files matching pattern [/Users/wulonghui/work/unified_cashier/core-utils/target/classes/com/youzan/**/*.class]
2017-08-28 17:41:25.561 [main] DEBUG o.s.core.io.support.PathMatchingResourcePatternResolver - Searching directory [/Users/wulonghui/work/unified_cashier/core-utils/target/classes/com/youzan/pay/unified/cashier/core/utils/enums] for files matching pattern [/Users/wulonghui/work/unified_cashier/core-utils/target/classes/com/youzan/**/*.class]
2017-08-28 17:41:25.561 [main] DEBUG o.s.core.io.support.PathMatchingResourcePatternResolver - Searching directory [/Users/wulonghui/work/unified_cashier/core-utils/target/classes/com/youzan/pay/unified/cashier/core/utils/exception] for files matching pattern [/Users/wulonghui/work/unified_cashier/core-utils/target/classes/com/youzan/**/*.class]
2017-08-28 17:41:25.566 [main] DEBUG o.s.core.io.support.PathMatchingResourcePatternResolver - Searching directory [/Users/wulonghui/work/unified_cashier/core-utils/target/classes/com/youzan/pay/unified/cashier/core/utils/model] for files matching pattern [/Users/wulonghui/work/unified_cashier/core-utils/target/classes/com/youzan/**/*.class]
2017-08-28 17:41:25.567 [main] DEBUG o.s.core.io.support.PathMatchingResourcePatternResolver - Searching directory [/Users/wulonghui/work/unified_cashier/core-utils/target/classes/com/youzan/pay/unified/cashier/core/utils/resultcode] for files matching pattern [/Users/wulonghui/work/unified_cashier/core-utils/target/classes/com/youzan/**/*.class]
2017-08-28 17:41:25.570 [main] DEBUG o.s.core.io.support.PathMatchingResourcePatternResolver - Searching directory [/Users/wulonghui/work/unified_cashier/core-utils/target/classes/com/youzan/pay/unified/cashier/core/utils/resultcode/errorcode] for files matching pattern [/Users/wulonghui/work/unified_cashier/core-utils/target/classes/com/youzan/**/*.class]
2017-08-28 17:41:25.571 [main] DEBUG o.s.core.io.support.PathMatchingResourcePatternResolver - Looking for matching resources in directory tree [/Users/wulonghui/work/unified_cashier/core-model/target/classes/com/youzan]
2017-08-28 17:41:25.572 [main] DEBUG o.s.core.io.support.PathMatchingResourcePatternResolver - Searching directory [/Users/wulonghui/work/unified_cashier/core-model/target/classes/com/youzan] for files matching pattern [/Users/wulonghui/work/unified_cashier/core-model/target/classes/com/youzan/**/*.class]
2017-08-28 17:41:25.572 [main] DEBUG o.s.core.io.support.PathMatchingResourcePatternResolver - Searching directory [/Users/wulonghui/work/unified_cashier/core-model/target/classes/com/youzan/pay] for files matching pattern [/Users/wulonghui/work/unified_cashier/core-model/target/classes/com/youzan/**/*.class]
2017-08-28 17:41:25.572 [main] DEBUG o.s.core.io.support.PathMatchingResourcePatternResolver - Searching directory [/Users/wulonghui/work/unified_cashier/core-model/target/classes/com/youzan/pay/unified] for files matching pattern [/Users/wulonghui/work/unified_cashier/core-model/target/classes/com/youzan/**/*.class]
2017-08-28 17:41:25.573 [main] DEBUG o.s.core.io.support.PathMatchingResourcePatternResolver - Searching directory [/Users/wulonghui/work/unified_cashier/core-model/target/classes/com/youzan/pay/unified/cashier] for files matching pattern [/Users/wulonghui/work/unified_cashier/core-model/target/classes/com/youzan/**/*.class]
2017-08-28 17:41:25.573 [main] DEBUG o.s.core.io.support.PathMatchingResourcePatternResolver - Searching directory [/Users/wulonghui/work/unified_cashier/core-model/target/classes/com/youzan/pay/unified/cashier/core] for files matching pattern [/Users/wulonghui/work/unified_cashier/core-model/target/classes/com/youzan/**/*.class]
2017-08-28 17:41:25.574 [main] DEBUG o.s.core.io.support.PathMatchingResourcePatternResolver - Searching directory [/Users/wulonghui/work/unified_cashier/core-model/target/classes/com/youzan/pay/unified/cashier/core/model] for files matching pattern [/Users/wulonghui/work/unified_cashier/core-model/target/classes/com/youzan/**/*.class]
2017-08-28 17:41:25.574 [main] DEBUG o.s.core.io.support.PathMatchingResourcePatternResolver - Searching directory [/Users/wulonghui/work/unified_cashier/core-model/target/classes/com/youzan/pay/unified/cashier/core/model/domain] for files matching pattern [/Users/wulonghui/work/unified_cashier/core-model/target/classes/com/youzan/**/*.class]
2017-08-28 17:41:25.575 [main] DEBUG o.s.core.io.support.PathMatchingResourcePatternResolver - Looking for matching resources in jar file [file:/Users/wulonghui/.m2/repository/com/youzan/pay/core/core-utils/1.0.1-SNAPSHOT/core-utils-1.0.1-SNAPSHOT.jar]
2017-08-28 17:41:25.577 [main] DEBUG o.s.core.io.support.PathMatchingResourcePatternResolver - Looking for matching resources in jar file [file:/Users/wulonghui/.m2/repository/com/youzan/pay/core/core-model/1.0.1-SNAPSHOT/core-model-1.0.1-SNAPSHOT.jar]
2017-08-28 17:41:25.578 [main] DEBUG o.s.core.io.support.PathMatchingResourcePatternResolver - Looking for matching resources in jar file [file:/Users/wulonghui/.m2/repository/com/youzan/platform/bootstrap/3.0.9-RELEASE/bootstrap-3.0.9-RELEASE.jar]
2017-08-28 17:41:25.580 [main] DEBUG o.s.core.io.support.PathMatchingResourcePatternResolver - Looking for matching resources in jar file [file:/Users/wulonghui/.m2/repository/com/youzan/platform/haunt-client/3.0.7-RELEASE/haunt-client-3.0.7-RELEASE.jar]
2017-08-28 17:41:25.582 [main] DEBUG o.s.core.io.support.PathMatchingResourcePatternResolver - Looking for matching resources in jar file [file:/Users/wulonghui/.m2/repository/com/youzan/nova/framework/framework-cat/1.0.7-RELEASE/framework-cat-1.0.7-RELEASE.jar]
2017-08-28 17:41:25.583 [main] DEBUG o.s.core.io.support.PathMatchingResourcePatternResolver - Looking for matching resources in jar file [file:/Users/wulonghui/.m2/repository/com/youzan/platform/commons-util/2.0.0-SNAPSHOT/commons-util-2.0.0-SNAPSHOT.jar]
2017-08-28 17:41:25.583 [main] DEBUG o.s.core.io.support.PathMatchingResourcePatternResolver - Looking for matching resources in jar file [file:/Users/wulonghui/.m2/repository/com/alibaba/dubbo/3.0.9-RELEASE/dubbo-3.0.9-RELEASE.jar]
2017-08-28 17:41:25.587 [main] DEBUG o.s.core.io.support.PathMatchingResourcePatternResolver - Looking for matching resources in jar file [file:/Users/wulonghui/.m2/repository/com/youzan/lightning-sdk/0.1.1-SNAPSHOT/lightning-sdk-0.1.1-SNAPSHOT.jar]
2017-08-28 17:41:25.588 [main] DEBUG o.s.core.io.support.PathMatchingResourcePatternResolver - Looking for matching resources in jar file [file:/Users/wulonghui/.m2/repository/com/youzan/platform/track-appender/2.3/track-appender-2.3.jar]
2017-08-28 17:41:25.589 [main] DEBUG o.s.core.io.support.PathMatchingResourcePatternResolver - Looking for matching resources in jar file [file:/Users/wulonghui/.m2/repository/com/youzan/pay/assetcenter.api/0.0.9-20170817-SNAPSHOT/assetcenter.api-0.0.9-20170817-SNAPSHOT.jar]
2017-08-28 17:41:25.591 [main] DEBUG o.s.core.io.support.PathMatchingResourcePatternResolver - Looking for matching resources in jar file [file:/Users/wulonghui/.m2/repository/com/youzan/pay/assetcenter.spi/0.0.9-20170817-SNAPSHOT/assetcenter.spi-0.0.9-20170817-SNAPSHOT.jar]
2017-08-28 17:41:25.593 [main] DEBUG o.s.core.io.support.PathMatchingResourcePatternResolver - Looking for matching resources in jar file [file:/Users/wulonghui/.m2/repository/com/youzan/pay/core/core-validate/1.0.2-20170515-RELEASE/core-validate-1.0.2-20170515-RELEASE.jar]
2017-08-28 17:41:25.593 [main] DEBUG o.s.core.io.support.PathMatchingResourcePatternResolver - Looking for matching resources in jar file [file:/Users/wulonghui/.m2/repository/com/youzan/pay/microaccount-api/0.2.6-20170801-SNAPSHOT/microaccount-api-0.2.6-20170801-SNAPSHOT.jar]
2017-08-28 17:41:25.594 [main] DEBUG o.s.core.io.support.PathMatchingResourcePatternResolver - Looking for matching resources in jar file [file:/Users/wulonghui/.m2/repository/com/youzan/account-api/1.1.16-RELEASE/account-api-1.1.16-RELEASE.jar]
2017-08-28 17:41:25.598 [main] DEBUG o.s.core.io.support.PathMatchingResourcePatternResolver - Looking for matching resources in jar file [file:/Users/wulonghui/.m2/repository/com/youzan/common-model/1.0.1-SNAPSHOT/common-model-1.0.1-SNAPSHOT.jar]
2017-08-28 17:41:25.598 [main] DEBUG o.s.core.io.support.PathMatchingResourcePatternResolver - Looking for matching resources in jar file [file:/Users/wulonghui/.m2/repository/com/youzan/pay/fund_channel.open-api/1.0.0-20170710-RELEASE/fund_channel.open-api-1.0.0-20170710-RELEASE.jar]
2017-08-28 17:41:25.599 [main] DEBUG o.s.core.io.support.PathMatchingResourcePatternResolver - Looking for matching resources in jar file [file:/Users/wulonghui/.m2/repository/com/youzan/pay/fund_channel.core-commons/1.0.0-20170710-RELEASE/fund_channel.core-commons-1.0.0-20170710-RELEASE.jar]
2017-08-28 17:41:25.601 [main] DEBUG o.s.core.io.support.PathMatchingResourcePatternResolver - Looking for matching resources in jar file [file:/Users/wulonghui/.m2/repository/com/youzan/pay/core/0.2.9-20170710-RELEASE/core-0.2.9-20170710-RELEASE.jar]
2017-08-28 17:41:25.604 [main] DEBUG o.s.core.io.support.PathMatchingResourcePatternResolver - Looking for matching resources in jar file [file:/Users/wulonghui/.m2/repository/com/youzan/pay/core/mq-nsq/1.0.2-20170515-RELEASE/mq-nsq-1.0.2-20170515-RELEASE.jar]
2017-08-28 17:41:25.605 [main] DEBUG o.s.core.io.support.PathMatchingResourcePatternResolver - Looking for matching resources in jar file [file:/Users/wulonghui/.m2/repository/com/youzan/NSQ-Client/2.3.20170406-RELEASE/NSQ-Client-2.3.20170406-RELEASE.jar]
2017-08-28 17:41:25.610 [main] DEBUG o.s.core.io.support.PathMatchingResourcePatternResolver - Looking for matching resources in jar file [file:/Users/wulonghui/.m2/repository/com/youzan/DCC-Client/1.1.0330-RELEASE/DCC-Client-1.1.0330-RELEASE.jar]
2017-08-28 17:41:25.612 [main] DEBUG o.s.core.io.support.PathMatchingResourcePatternResolver - Looking for matching resources in jar file [file:/Users/wulonghui/.m2/repository/com/youzan/httpasyncclient/4.1.2-RELEASE/httpasyncclient-4.1.2-RELEASE.jar]
2017-08-28 17:41:25.617 [main] DEBUG o.s.core.io.support.PathMatchingResourcePatternResolver - Looking for matching resources in jar file [file:/Users/wulonghui/.m2/repository/com/youzan/pay/merchant-api/0.0.7-20170804-RELEASE/merchant-api-0.0.7-20170804-RELEASE.jar]
2017-08-28 17:41:25.621 [main] DEBUG o.s.core.io.support.PathMatchingResourcePatternResolver - Looking for matching resources in jar file [file:/Users/wulonghui/.m2/repository/com/youzan/pay/consumer-center/basesearch-api/1.0.0-SNAPSHOT/basesearch-api-1.0.0-SNAPSHOT.jar]
2017-08-28 17:41:25.621 [main] DEBUG o.s.core.io.support.PathMatchingResourcePatternResolver - Looking for matching resources in jar file [file:/Users/wulonghui/.m2/repository/com/youzan/pay/core/api-model/1.0.5-20170710-RELEASE/api-model-1.0.5-20170710-RELEASE.jar]
2017-08-28 17:41:25.622 [main] DEBUG o.s.core.io.support.PathMatchingResourcePatternResolver - Looking for matching resources in jar file [file:/Users/wulonghui/.m2/repository/com/youzan/pay/core/common-model/1.0.5-20170710-RELEASE/common-model-1.0.5-20170710-RELEASE.jar]
2017-08-28 17:41:25.623 [main] DEBUG o.s.core.io.support.PathMatchingResourcePatternResolver - Looking for matching resources in jar file [file:/Users/wulonghui/.m2/repository/com/youzan/pay/cardvoucher/cardvoucher-api/1.0.0-20170822-RELEASE/cardvoucher-api-1.0.0-20170822-RELEASE.jar]
2017-08-28 17:41:25.624 [main] DEBUG o.s.core.io.support.PathMatchingResourcePatternResolver - Looking for matching resources in jar file [file:/Users/wulonghui/.m2/repository/com/youzan/pay/cardvoucher/cardvoucher-common-model/1.0.0-20170822-RELEASE/cardvoucher-common-model-1.0.0-20170822-RELEASE.jar]
2017-08-28 17:41:25.631 [main] DEBUG o.s.core.io.support.PathMatchingResourcePatternResolver - Resolved location pattern [classpath*:com/youzan/**/*.class] to resources [file [/Users/wulonghui/work/unified_cashier/intergration/target/test-classes/com/youzan/pay/unified/cashier/intergration/BaseTest.class], file [/Users/wulonghui/work/unified_cashier/intergration/target/test-classes/com/youzan/pay/unified/cashier/intergration/client/AssetCenterUnifiedPayServiceClientTest.class], file [/Users/wulonghui/work/unified_cashier/intergration/target/test-classes/com/youzan/pay/unified/cashier/intergration/client/ChannelBankCardServiceClientTest.class], file [/Users/wulonghui/work/unified_cashier/intergration/target/test-classes/com/youzan/pay/unified/cashier/intergration/client/MerchantBankCardServiceClientTest.class], file [/Users/wulonghui/work/unified_cashier/intergration/target/test-classes/com/youzan/pay/unified/cashier/intergration/client/QueryPayToolConfigServiceClietTest.class], file [/Users/wulonghui/work/unified_cashier/intergration/target/test-classes/com/youzan/pay/unified/cashier/intergration/client/UserMerchantServiceClientTest.class], file [/Users/wulonghui/work/unified_cashier/intergration/target/classes/com/youzan/pay/unified/cashier/intergration/client/AssetCenterUnifiedPayServiceClient$1.class], file [/Users/wulonghui/work/unified_cashier/intergration/target/classes/com/youzan/pay/unified/cashier/intergration/client/AssetCenterUnifiedPayServiceClient.class], file [/Users/wulonghui/work/unified_cashier/intergration/target/classes/com/youzan/pay/unified/cashier/intergration/client/CashierOrderStatusSearchClient.class], file [/Users/wulonghui/work/unified_cashier/intergration/target/classes/com/youzan/pay/unified/cashier/intergration/client/CashierRechargeServiceClient.class], file [/Users/wulonghui/work/unified_cashier/intergration/target/classes/com/youzan/pay/unified/cashier/intergration/client/ChannelBankCardServiceClient$1.class], file [/Users/wulonghui/work/unified_cashier/intergration/target/classes/com/youzan/pay/unified/cashier/intergration/client/ChannelBankCardServiceClient$2.class], file [/Users/wulonghui/work/unified_cashier/intergration/target/classes/com/youzan/pay/unified/cashier/intergration/client/ChannelBankCardServiceClient$3.class], file [/Users/wulonghui/work/unified_cashier/intergration/target/classes/com/youzan/pay/unified/cashier/intergration/client/ChannelBankCardServiceClient$4.class], file [/Users/wulonghui/work/unified_cashier/intergration/target/classes/com/youzan/pay/unified/cashier/intergration/client/ChannelBankCardServiceClient.class], file [/Users/wulonghui/work/unified_cashier/intergration/target/classes/com/youzan/pay/unified/cashier/intergration/client/MerchantBankCardServiceClient$1.class], file [/Users/wulonghui/work/unified_cashier/intergration/target/classes/com/youzan/pay/unified/cashier/intergration/client/MerchantBankCardServiceClient$2.class], file [/Users/wulonghui/work/unified_cashier/intergration/target/classes/com/youzan/pay/unified/cashier/intergration/client/MerchantBankCardServiceClient$3.class], file [/Users/wulonghui/work/unified_cashier/intergration/target/classes/com/youzan/pay/unified/cashier/intergration/client/MerchantBankCardServiceClient.class], file [/Users/wulonghui/work/unified_cashier/intergration/target/classes/com/youzan/pay/unified/cashier/intergration/client/MicroAccoutServiceClient.class], file [/Users/wulonghui/work/unified_cashier/intergration/target/classes/com/youzan/pay/unified/cashier/intergration/client/QueryPayToolConfigServiceClient.class], file [/Users/wulonghui/work/unified_cashier/intergration/target/classes/com/youzan/pay/unified/cashier/intergration/client/SignKeyServiceClient.class], file [/Users/wulonghui/work/unified_cashier/intergration/target/classes/com/youzan/pay/unified/cashier/intergration/client/SummaryCardQueryServiceClient.class], file [/Users/wulonghui/work/unified_cashier/intergration/target/classes/com/youzan/pay/unified/cashier/intergration/client/UnifiedOrderServiceClient.class], file [/Users/wulonghui/work/unified_cashier/intergration/target/classes/com/youzan/pay/unified/cashier/intergration/client/UnifiedPayServiceClient.class], file [/Users/wulonghui/work/unified_cashier/intergration/target/classes/com/youzan/pay/unified/cashier/intergration/client/UserMerchantServiceClient$1.class], file [/Users/wulonghui/work/unified_cashier/intergration/target/classes/com/youzan/pay/unified/cashier/intergration/client/UserMerchantServiceClient.class], file [/Users/wulonghui/work/unified_cashier/intergration/target/classes/com/youzan/pay/unified/cashier/intergration/common/CashierHandleTemplate.class], file [/Users/wulonghui/work/unified_cashier/intergration/target/classes/com/youzan/pay/unified/cashier/intergration/common/CashierProcessCallBack.class], file [/Users/wulonghui/work/unified_cashier/core-utils/target/classes/com/youzan/pay/unified/cashier/core/utils/common/BankIconConfig.class], file [/Users/wulonghui/work/unified_cashier/core-utils/target/classes/com/youzan/pay/unified/cashier/core/utils/common/DataMixProcessor.class], file [/Users/wulonghui/work/unified_cashier/core-utils/target/classes/com/youzan/pay/unified/cashier/core/utils/common/MyCollector.class], file [/Users/wulonghui/work/unified_cashier/core-utils/target/classes/com/youzan/pay/unified/cashier/core/utils/common/StringNumProcessor.class], file [/Users/wulonghui/work/unified_cashier/core-utils/target/classes/com/youzan/pay/unified/cashier/core/utils/enums/CorrectionLevel.class], file [/Users/wulonghui/work/unified_cashier/core-utils/target/classes/com/youzan/pay/unified/cashier/core/utils/exception/BaseException.class], file [/Users/wulonghui/work/unified_cashier/core-utils/target/classes/com/youzan/pay/unified/cashier/core/utils/exception/CardBaseException.class], file [/Users/wulonghui/work/unified_cashier/core-utils/target/classes/com/youzan/pay/unified/cashier/core/utils/exception/CreateOrderException.class], file [/Users/wulonghui/work/unified_cashier/core-utils/target/classes/com/youzan/pay/unified/cashier/core/utils/model/CacheTradeInfo.class], file [/Users/wulonghui/work/unified_cashier/core-utils/target/classes/com/youzan/pay/unified/cashier/core/utils/model/CashierRechargeGetData.class], file [/Users/wulonghui/work/unified_cashier/core-utils/target/classes/com/youzan/pay/unified/cashier/core/utils/model/GenRechargeInfo.class], file [/Users/wulonghui/work/unified_cashier/core-utils/target/classes/com/youzan/pay/unified/cashier/core/utils/QRCodeGenerator.class], file [/Users/wulonghui/work/unified_cashier/core-utils/target/classes/com/youzan/pay/unified/cashier/core/utils/resultcode/errorcode/CardErrorCode.class], file [/Users/wulonghui/work/unified_cashier/core-utils/target/classes/com/youzan/pay/unified/cashier/core/utils/resultcode/errorcode/CommonErrorCode.class], file [/Users/wulonghui/work/unified_cashier/core-utils/target/classes/com/youzan/pay/unified/cashier/core/utils/resultcode/errorcode/CreateOrderErrorCode.class], file [/Users/wulonghui/work/unified_cashier/core-utils/target/classes/com/youzan/pay/unified/cashier/core/utils/resultcode/errorcode/DispatcherPayErrorCode.class], file [/Users/wulonghui/work/unified_cashier/core-utils/target/classes/com/youzan/pay/unified/cashier/core/utils/resultcode/ModuleCode.class], file [/Users/wulonghui/work/unified_cashier/core-utils/target/classes/com/youzan/pay/unified/cashier/core/utils/resultcode/ResultCode.class], file [/Users/wulonghui/work/unified_cashier/core-utils/target/classes/com/youzan/pay/unified/cashier/core/utils/resultcode/SystemCode.class], file [/Users/wulonghui/work/unified_cashier/core-utils/target/classes/com/youzan/pay/unified/cashier/core/utils/SerializationUtils.class], file [/Users/wulonghui/work/unified_cashier/core-utils/target/classes/com/youzan/pay/unified/cashier/core/utils/SignCheckUtils.class], file [/Users/wulonghui/work/unified_cashier/core-model/target/classes/com/youzan/pay/unified/cashier/core/model/domain/ApiDigestLogInfo.class], file [/Users/wulonghui/work/unified_cashier/core-model/target/classes/com/youzan/pay/unified/cashier/core/model/domain/BaseMonitorLogInfo.class], file [/Users/wulonghui/work/unified_cashier/core-model/target/classes/com/youzan/pay/unified/cashier/core/model/domain/MchBizLogInfo.class], file [/Users/wulonghui/work/unified_cashier/core-model/target/classes/com/youzan/pay/unified/cashier/core/model/domain/QRCodeImage.class], URL [jar:file:/Users/wulonghui/.m2/repository/com/youzan/pay/core/core-utils/1.0.1-SNAPSHOT/core-utils-1.0.1-SNAPSHOT.jar!/com/youzan/pay/core/utils/bean/BeanConvertUtil.class], URL [jar:file:/Users/wulonghui/.m2/repository/com/youzan/pay/core/core-utils/1.0.1-SNAPSHOT/core-utils-1.0.1-SNAPSHOT.jar!/com/youzan/pay/core/utils/bean/converter/IType2ValueConverter.class], URL [jar:file:/Users/wulonghui/.m2/repository/com/youzan/pay/core/core-utils/1.0.1-SNAPSHOT/core-utils-1.0.1-SNAPSHOT.jar!/com/youzan/pay/core/utils/bean/converter/Value2ITypeConverter.class], URL [jar:file:/Users/wulonghui/.m2/repository/com/youzan/pay/core/core-utils/1.0.1-SNAPSHOT/core-utils-1.0.1-SNAPSHOT.jar!/com/youzan/pay/core/utils/bean/converter/ValueOfConverter.class], URL [jar:file:/Users/wulonghui/.m2/repository/com/youzan/pay/core/core-utils/1.0.1-SNAPSHOT/core-utils-1.0.1-SNAPSHOT.jar!/com/youzan/pay/core/utils/bean/hack/HackBeanUtilsBean.class], URL [jar:file:/Users/wulonghui/.m2/repository/com/youzan/pay/core/core-utils/1.0.1-SNAPSHOT/core-utils-1.0.1-SNAPSHOT.jar!/com/youzan/pay/core/utils/bean/hack/HackConvertUtilsBean.class], URL [jar:file:/Users/wulonghui/.m2/repository/com/youzan/pay/core/core-utils/1.0.1-SNAPSHOT/core-utils-1.0.1-SNAPSHOT.jar!/com/youzan/pay/core/utils/bean/IBeanConvert.class], URL [jar:file:/Users/wulonghui/.m2/repository/com/youzan/pay/core/core-utils/1.0.1-SNAPSHOT/core-utils-1.0.1-SNAPSHOT.jar!/com/youzan/pay/core/utils/bizcode/BizCodeUtils.class], URL [jar:file:/Users/wulonghui/.m2/repository/com/youzan/pay/core/core-utils/1.0.1-SNAPSHOT/core-utils-1.0.1-SNAPSHOT.jar!/com/youzan/pay/core/utils/bizcode/BizCodeValidate.class], URL [jar:file:/Users/wulonghui/.m2/repository/com/youzan/pay/core/core-utils/1.0.1-SNAPSHOT/core-utils-1.0.1-SNAPSHOT.jar!/com/youzan/pay/core/utils/bizcode/UnifiedBizCode.class], URL [jar:file:/Users/wulonghui/.m2/repository/com/youzan/pay/core/core-utils/1.0.1-SNAPSHOT/core-utils-1.0.1-SNAPSHOT.jar!/com/youzan/pay/core/utils/exception/ExceptionUtils.class], URL [jar:file:/Users/wulonghui/.m2/repository/com/youzan/pay/core/core-utils/1.0.1-SNAPSHOT/core-utils-1.0.1-SNAPSHOT.jar!/com/youzan/pay/core/utils/format/MsgFmtUtils.class], URL [jar:file:/Users/wulonghui/.m2/repository/com/youzan/pay/core/core-utils/1.0.1-SNAPSHOT/core-utils-1.0.1-SNAPSHOT.jar!/com/youzan/pay/core/utils/handler/Handler.class], URL [jar:file:/Users/wulonghui/.m2/repository/com/youzan/pay/core/core-utils/1.0.1-SNAPSHOT/core-utils-1.0.1-SNAPSHOT.jar!/com/youzan/pay/core/utils/handler/HandlerUtils.class], URL [jar:file:/Users/wulonghui/.m2/repository/com/youzan/pay/core/core-utils/1.0.1-SNAPSHOT/core-utils-1.0.1-SNAPSHOT.jar!/com/youzan/pay/core/utils/log/LogUtils$LogArgEntity.class], URL [jar:file:/Users/wulonghui/.m2/repository/com/youzan/pay/core/core-utils/1.0.1-SNAPSHOT/core-utils-1.0.1-SNAPSHOT.jar!/com/youzan/pay/core/utils/log/LogUtils.class], URL [jar:file:/Users/wulonghui/.m2/repository/com/youzan/pay/core/core-utils/1.0.1-SNAPSHOT/core-utils-1.0.1-SNAPSHOT.jar!/com/youzan/pay/core/utils/money/MoneyUtils.class], URL [jar:file:/Users/wulonghui/.m2/repository/com/youzan/pay/core/core-utils/1.0.1-SNAPSHOT/core-utils-1.0.1-SNAPSHOT.jar!/com/youzan/pay/core/utils/reflect/Reflections.class], URL [jar:file:/Users/wulonghui/.m2/repository/com/youzan/pay/core/core-utils/1.0.1-SNAPSHOT/core-utils-1.0.1-SNAPSHOT.jar!/com/youzan/pay/core/utils/sequence/KeyUtils.class], URL [jar:file:/Users/wulonghui/.m2/repository/com/youzan/pay/core/core-utils/1.0.1-SNAPSHOT/core-utils-1.0.1-SNAPSHOT.jar!/com/youzan/pay/core/utils/spring/SpringUtil.class], URL [jar:file:/Users/wulonghui/.m2/repository/com/youzan/pay/core/core-utils/1.0.1-SNAPSHOT/core-utils-1.0.1-SNAPSHOT.jar!/com/youzan/pay/core/utils/tracer/TracerContextUtils.class], URL [jar:file:/Users/wulonghui/.m2/repository/com/youzan/pay/core/core-utils/1.0.1-SNAPSHOT/core-utils-1.0.1-SNAPSHOT.jar!/com/youzan/pay/core/utils/validate/ValidationResult.class], URL [jar:file:/Users/wulonghui/.m2/repository/com/youzan/pay/core/core-utils/1.0.1-SNAPSHOT/core-utils-1.0.1-SNAPSHOT.jar!/com/youzan/pay/core/utils/validate/ValidationUtils.class], URL [jar:file:/Users/wulonghui/.m2/repository/com/youzan/pay/core/core-utils/1.0.1-SNAPSHOT/core-utils-1.0.1-SNAPSHOT.jar!/com/youzan/pay/core/utils/value/ValueUtils.class], URL [jar:file:/Users/wulonghui/.m2/repository/com/youzan/pay/core/core-model/1.0.1-SNAPSHOT/core-model-1.0.1-SNAPSHOT.jar!/com/youzan/pay/core/model/bean/Genericable.class], URL [jar:file:/Users/wulonghui/.m2/repository/com/youzan/pay/core/core-model/1.0.1-SNAPSHOT/core-model-1.0.1-SNAPSHOT.jar!/com/youzan/pay/core/model/expection/PayBusinessException.class], URL [jar:file:/Users/wulonghui/.m2/repository/com/youzan/pay/core/core-model/1.0.1-SNAPSHOT/core-model-1.0.1-SNAPSHOT.jar!/com/youzan/pay/core/model/expection/PayIdempotentException.class], URL [jar:file:/Users/wulonghui/.m2/repository/com/youzan/pay/core/core-model/1.0.1-SNAPSHOT/core-model-1.0.1-SNAPSHOT.jar!/com/youzan/pay/core/model/param/PageParam.class], URL [jar:file:/Users/wulonghui/.m2/repository/com/youzan/pay/core/core-model/1.0.1-SNAPSHOT/core-model-1.0.1-SNAPSHOT.jar!/com/youzan/pay/core/model/result/PageResult.class], URL [jar:file:/Users/wulonghui/.m2/repository/com/youzan/platform/bootstrap/3.0.9-RELEASE/bootstrap-3.0.9-RELEASE.jar!/com/youzan/platform/bootstrap/common/BeanFactory.class], URL [jar:file:/Users/wulonghui/.m2/repository/com/youzan/platform/bootstrap/3.0.9-RELEASE/bootstrap-3.0.9-RELEASE.jar!/com/youzan/platform/bootstrap/common/ContainerConfig.class], URL [jar:file:/Users/wulonghui/.m2/repository/com/youzan/platform/bootstrap/3.0.9-RELEASE/bootstrap-3.0.9-RELEASE.jar!/com/youzan/platform/bootstrap/container/NovaContainer.class], URL [jar:file:/Users/wulonghui/.m2/repository/com/youzan/platform/bootstrap/3.0.9-RELEASE/bootstrap-3.0.9-RELEASE.jar!/com/youzan/platform/bootstrap/example/api/Demo.class], URL [jar:file:/Users/wulonghui/.m2/repository/com/youzan/platform/bootstrap/3.0.9-RELEASE/bootstrap-3.0.9-RELEASE.jar!/com/youzan/platform/bootstrap/example/api/DemoService.class], URL [jar:file:/Users/wulonghui/.m2/repository/com/youzan/platform/bootstrap/3.0.9-RELEASE/bootstrap-3.0.9-RELEASE.jar!/com/youzan/platform/bootstrap/example/provider/DemoServiceImpl.class], URL [jar:file:/Users/wulonghui/.m2/repository/com/youzan/platform/bootstrap/3.0.9-RELEASE/bootstrap-3.0.9-RELEASE.jar!/com/youzan/platform/bootstrap/exception/BusinessException.class], URL [jar:file:/Users/wulonghui/.m2/repository/com/youzan/platform/bootstrap/3.0.9-RELEASE/bootstrap-3.0.9-RELEASE.jar!/com/youzan/platform/bootstrap/exception/SystemException.class], URL [jar:file:/Users/wulonghui/.m2/repository/com/youzan/platform/bootstrap/3.0.9-RELEASE/bootstrap-3.0.9-RELEASE.jar!/com/youzan/platform/bootstrap/hook/NovaHookServlet.class], URL [jar:file:/Users/wulonghui/.m2/repository/com/youzan/platform/bootstrap/3.0.9-RELEASE/bootstrap-3.0.9-RELEASE.jar!/com/youzan/platform/bootstrap/hook/NovaWebHookProcessor.class], URL [jar:file:/Users/wulonghui/.m2/repository/com/youzan/platform/bootstrap/3.0.9-RELEASE/bootstrap-3.0.9-RELEASE.jar!/com/youzan/platform/bootstrap/rest/extension/AbstractHandler.class], URL [jar:file:/Users/wulonghui/.m2/repository/com/youzan/platform/bootstrap/3.0.9-RELEASE/bootstrap-3.0.9-RELEASE.jar!/com/youzan/platform/bootstrap/rest/extension/CustomerJsonProvider.class], URL [jar:file:/Users/wulonghui/.m2/repository/com/youzan/platform/bootstrap/3.0.9-RELEASE/bootstrap-3.0.9-RELEASE.jar!/com/youzan/platform/bootstrap/rest/extension/RequestHandler.class], URL [jar:file:/Users/wulonghui/.m2/repository/com/youzan/platform/bootstrap/3.0.9-RELEASE/bootstrap-3.0.9-RELEASE.jar!/com/youzan/platform/bootstrap/rest/extension/ResponseHandler.class], URL [jar:file:/Users/wulonghui/.m2/repository/com/youzan/platform/bootstrap/3.0.9-RELEASE/bootstrap-3.0.9-RELEASE.jar!/com/youzan/platform/bootstrap/rest/extension/RestContext$1.class], URL [jar:file:/Users/wulonghui/.m2/repository/com/youzan/platform/bootstrap/3.0.9-RELEASE/bootstrap-3.0.9-RELEASE.jar!/com/youzan/platform/bootstrap/rest/extension/RestContext.class], URL [jar:file:/Users/wulonghui/.m2/repository/com/youzan/platform/bootstrap/3.0.9-RELEASE/bootstrap-3.0.9-RELEASE.jar!/com/youzan/platform/bootstrap/rest/extension/RestExceptionHandler.class], URL [jar:file:/Users/wulonghui/.m2/repository/com/youzan/platform/bootstrap/3.0.9-RELEASE/bootstrap-3.0.9-RELEASE.jar!/com/youzan/platform/bootstrap/rest/message/RestErrorResponse.class], URL [jar:file:/Users/wulonghui/.m2/repository/com/youzan/platform/bootstrap/3.0.9-RELEASE/bootstrap-3.0.9-RELEASE.jar!/com/youzan/platform/bootstrap/rest/message/RestResponse.class], URL [jar:file:/Users/wulonghui/.m2/repository/com/youzan/platform/bootstrap/3.0.9-RELEASE/bootstrap-3.0.9-RELEASE.jar!/com/youzan/platform/bootstrap/rest/php/CallConnectionManager.class], URL [jar:file:/Users/wulonghui/.m2/repository/com/youzan/platform/bootstrap/3.0.9-RELEASE/bootstrap-3.0.9-RELEASE.jar!/com/youzan/platform/bootstrap/rest/php/PhpResponse.class], URL [jar:file:/Users/wulonghui/.m2/repository/com/youzan/platform/bootstrap/3.0.9-RELEASE/bootstrap-3.0.9-RELEASE.jar!/com/youzan/platform/bootstrap/rest/php/PhpResponseConver.class], URL [jar:file:/Users/wulonghui/.m2/repository/com/youzan/platform/bootstrap/3.0.9-RELEASE/bootstrap-3.0.9-RELEASE.jar!/com/youzan/platform/bootstrap/rest/php/PhpService.class], URL [jar:file:/Users/wulonghui/.m2/repository/com/youzan/platform/bootstrap/3.0.9-RELEASE/bootstrap-3.0.9-RELEASE.jar!/com/youzan/platform/bootstrap/rest/php/PhpServiceConfig.class], URL [jar:file:/Users/wulonghui/.m2/repository/com/youzan/platform/bootstrap/3.0.9-RELEASE/bootstrap-3.0.9-RELEASE.jar!/com/youzan/platform/bootstrap/service/ok/impl/OkServiceImpl.class], URL [jar:file:/Users/wulonghui/.m2/repository/com/youzan/platform/bootstrap/3.0.9-RELEASE/bootstrap-3.0.9-RELEASE.jar!/com/youzan/platform/bootstrap/service/ok/OkService.class], URL [jar:file:/Users/wulonghui/.m2/repository/com/youzan/platform/bootstrap/3.0.9-RELEASE/bootstrap-3.0.9-RELEASE.jar!/com/youzan/platform/bootstrap/startup/Bootstrap.class], URL [jar:file:/Users/wulonghui/.m2/repository/com/youzan/platform/haunt-client/3.0.7-RELEASE/haunt-client-3.0.7-RELEASE.jar!/com/youzan/platform/haunt/AbsEtcdWatcher.class], URL [jar:file:/Users/wulonghui/.m2/repository/com/youzan/platform/haunt-client/3.0.7-RELEASE/haunt-client-3.0.7-RELEASE.jar!/com/youzan/platform/haunt/AbstractNode.class], URL [jar:file:/Users/wulonghui/.m2/repository/com/youzan/platform/haunt-client/3.0.7-RELEASE/haunt-client-3.0.7-RELEASE.jar!/com/youzan/platform/haunt/bean/GovernanceInfo.class], URL [jar:file:/Users/wulonghui/.m2/repository/com/youzan/platform/haunt-client/3.0.7-RELEASE/haunt-client-3.0.7-RELEASE.jar!/com/youzan/platform/haunt/bean/GovernRecoverInfo.class], URL [jar:file:/Users/wulonghui/.m2/repository/com/youzan/platform/haunt-client/3.0.7-RELEASE/haunt-client-3.0.7-RELEASE.jar!/com/youzan/platform/haunt/bean/NodeKVInfo.class], URL [jar:file:/Users/wulonghui/.m2/repository/com/youzan/platform/haunt-client/3.0.7-RELEASE/haunt-client-3.0.7-RELEASE.jar!/com/youzan/platform/haunt/cmd/Command.class], URL [jar:file:/Users/wulonghui/.m2/repository/com/youzan/platform/haunt-client/3.0.7-RELEASE/haunt-client-3.0.7-RELEASE.jar!/com/youzan/platform/haunt/cmd/CreateDirCmd.class], URL [jar:file:/Users/wulonghui/.m2/repository/com/youzan/platform/haunt-client/3.0.7-RELEASE/haunt-client-3.0.7-RELEASE.jar!/com/youzan/platform/haunt/cmd/CreateServiceNodeCmd.class], URL [jar:file:/Users/wulonghui/.m2/repository/com/youzan/platform/haunt-client/3.0.7-RELEASE/haunt-client-3.0.7-RELEASE.jar!/com/youzan/platform/haunt/cmd/DeleteDirCmd.class], URL [jar:file:/Users/wulonghui/.m2/repository/com/youzan/platform/haunt-client/3.0.7-RELEASE/haunt-client-3.0.7-RELEASE.jar!/com/youzan/platform/haunt/cmd/GetNodeInfoCmd.class], URL [jar:file:/Users/wulonghui/.m2/repository/com/youzan/platform/haunt-client/3.0.7-RELEASE/haunt-client-3.0.7-RELEASE.jar!/com/youzan/platform/haunt/cmd/ListModuleCmd.class], URL [jar:file:/Users/wulonghui/.m2/repository/com/youzan/platform/haunt-client/3.0.7-RELEASE/haunt-client-3.0.7-RELEASE.jar!/com/youzan/platform/haunt/cmd/ListRecursiveCmd.class], URL [jar:file:/Users/wulonghui/.m2/repository/com/youzan/platform/haunt-client/3.0.7-RELEASE/haunt-client-3.0.7-RELEASE.jar!/com/youzan/platform/haunt/cmd/RemoveServiceNodeCmd.class], URL [jar:file:/Users/wulonghui/.m2/repository/com/youzan/platform/haunt-client/3.0.7-RELEASE/haunt-client-3.0.7-RELEASE.jar!/com/youzan/platform/haunt/cmd/WatchCmd.class], URL [jar:file:/Users/wulonghui/.m2/repository/com/youzan/platform/haunt-client/3.0.7-RELEASE/haunt-client-3.0.7-RELEASE.jar!/com/youzan/platform/haunt/common/Constants.class], URL [jar:file:/Users/wulonghui/.m2/repository/com/youzan/platform/haunt-client/3.0.7-RELEASE/haunt-client-3.0.7-RELEASE.jar!/com/youzan/platform/haunt/common/EtcdErroCode.class], URL [jar:file:/Users/wulonghui/.m2/repository/com/youzan/platform/haunt-client/3.0.7-RELEASE/haunt-client-3.0.7-RELEASE.jar!/com/youzan/platform/haunt/common/NamedThreadFactory.class], URL [jar:file:/Users/wulonghui/.m2/repository/com/youzan/platform/haunt-client/3.0.7-RELEASE/haunt-client-3.0.7-RELEASE.jar!/com/youzan/platform/haunt/common/ParseEtcdError.class], URL [jar:file:/Users/wulonghui/.m2/repository/com/youzan/platform/haunt-client/3.0.7-RELEASE/haunt-client-3.0.7-RELEASE.jar!/com/youzan/platform/haunt/core/EtcdAgentConnectException.class], URL [jar:file:/Users/wulonghui/.m2/repository/com/youzan/platform/haunt-client/3.0.7-RELEASE/haunt-client-3.0.7-RELEASE.jar!/com/youzan/platform/haunt/core/EtcdAgentConnector.class], URL [jar:file:/Users/wulonghui/.m2/repository/com/youzan/platform/haunt-client/3.0.7-RELEASE/haunt-client-3.0.7-RELEASE.jar!/com/youzan/platform/haunt/core/EtcdConnector$1.class], URL [jar:file:/Users/wulonghui/.m2/repository/com/youzan/platform/haunt-client/3.0.7-RELEASE/haunt-client-3.0.7-RELEASE.jar!/com/youzan/platform/haunt/core/EtcdConnector$AsyncTransformation$TransformerWorker.class], URL [jar:file:/Users/wulonghui/.m2/repository/com/youzan/platform/haunt-client/3.0.7-RELEASE/haunt-client-3.0.7-RELEASE.jar!/com/youzan/platform/haunt/core/EtcdConnector$AsyncTransformation.class], URL [jar:file:/Users/wulonghui/.m2/repository/com/youzan/platform/haunt-client/3.0.7-RELEASE/haunt-client-3.0.7-RELEASE.jar!/com/youzan/platform/haunt/core/EtcdConnector$DaemonThreadFactory.class], URL [jar:file:/Users/wulonghui/.m2/repository/com/youzan/platform/haunt-client/3.0.7-RELEASE/haunt-client-3.0.7-RELEASE.jar!/com/youzan/platform/haunt/core/EtcdConnector.class], URL [jar:file:/Users/wulonghui/.m2/repository/com/youzan/platform/haunt-client/3.0.7-RELEASE/haunt-client-3.0.7-RELEASE.jar!/com/youzan/platform/haunt/core/EtcdConnectorException.class], URL [jar:file:/Users/wulonghui/.m2/repository/com/youzan/platform/haunt-client/3.0.7-RELEASE/haunt-client-3.0.7-RELEASE.jar!/com/youzan/platform/haunt/core/EtcdNode.class], URL [jar:file:/Users/wulonghui/.m2/repository/com/youzan/platform/haunt-client/3.0.7-RELEASE/haunt-client-3.0.7-RELEASE.jar!/com/youzan/platform/haunt/core/EtcdResult.class], URL [jar:file:/Users/wulonghui/.m2/repository/com/youzan/platform/haunt-client/3.0.7-RELEASE/haunt-client-3.0.7-RELEASE.jar!/com/youzan/platform/haunt/EtcdClient.class], URL [jar:file:/Users/wulonghui/.m2/repository/com/youzan/platform/haunt-client/3.0.7-RELEASE/haunt-client-3.0.7-RELEASE.jar!/com/youzan/platform/haunt/EtcdClientHandle.class], URL [jar:file:/Users/wulonghui/.m2/repository/com/youzan/platform/haunt-client/3.0.7-RELEASE/haunt-client-3.0.7-RELEASE.jar!/com/youzan/platform/haunt/EtcdDirectoryNode.class], URL [jar:file:/Users/wulonghui/.m2/repository/com/youzan/platform/haunt-client/3.0.7-RELEASE/haunt-client-3.0.7-RELEASE.jar!/com/youzan/platform/haunt/EtcdEventThread$1.class], URL [jar:file:/Users/wulonghui/.m2/repository/com/youzan/platform/haunt-client/3.0.7-RELEASE/haunt-client-3.0.7-RELEASE.jar!/com/youzan/platform/haunt/EtcdEventThread$EtcdEventThreadFactory.class], URL [jar:file:/Users/wulonghui/.m2/repository/com/youzan/platform/haunt-client/3.0.7-RELEASE/haunt-client-3.0.7-RELEASE.jar!/com/youzan/platform/haunt/EtcdEventThread.class], URL [jar:file:/Users/wulonghui/.m2/repository/com/youzan/platform/haunt-client/3.0.7-RELEASE/haunt-client-3.0.7-RELEASE.jar!/com/youzan/platform/haunt/EtcdGovernDirNode.class], URL [jar:file:/Users/wulonghui/.m2/repository/com/youzan/platform/haunt-client/3.0.7-RELEASE/haunt-client-3.0.7-RELEASE.jar!/com/youzan/platform/haunt/EtcdKeyNode.class], URL [jar:file:/Users/wulonghui/.m2/repository/com/youzan/platform/haunt-client/3.0.7-RELEASE/haunt-client-3.0.7-RELEASE.jar!/com/youzan/platform/haunt/EtcdNodeChangeExecutor$1.class], URL [jar:file:/Users/wulonghui/.m2/repository/com/youzan/platform/haunt-client/3.0.7-RELEASE/haunt-client-3.0.7-RELEASE.jar!/com/youzan/platform/haunt/EtcdNodeChangeExecutor$ValueChangeThreadFactory.class], URL [jar:file:/Users/wulonghui/.m2/repository/com/youzan/platform/haunt-client/3.0.7-RELEASE/haunt-client-3.0.7-RELEASE.jar!/com/youzan/platform/haunt/EtcdNodeChangeExecutor.class], URL [jar:file:/Users/wulonghui/.m2/repository/com/youzan/platform/haunt-client/3.0.7-RELEASE/haunt-client-3.0.7-RELEASE.jar!/com/youzan/platform/haunt/HauntClient.class], URL [jar:file:/Users/wulonghui/.m2/repository/com/youzan/platform/haunt-client/3.0.7-RELEASE/haunt-client-3.0.7-RELEASE.jar!/com/youzan/platform/haunt/HauntClientCluster.class], URL [jar:file:/Users/wulonghui/.m2/repository/com/youzan/platform/haunt-client/3.0.7-RELEASE/haunt-client-3.0.7-RELEASE.jar!/com/youzan/platform/haunt/IModuleListener.class], URL [jar:file:/Users/wulonghui/.m2/repository/com/youzan/platform/haunt-client/3.0.7-RELEASE/haunt-client-3.0.7-RELEASE.jar!/com/youzan/platform/haunt/loadbalance/AbstractLoadBalance.class], URL [jar:file:/Users/wulonghui/.m2/repository/com/youzan/platform/haunt-client/3.0.7-RELEASE/haunt-client-3.0.7-RELEASE.jar!/com/youzan/platform/haunt/loadbalance/AtomicPositiveInteger.class], URL [jar:file:/Users/wulonghui/.m2/repository/com/youzan/platform/haunt-client/3.0.7-RELEASE/haunt-client-3.0.7-RELEASE.jar!/com/youzan/platform/haunt/loadbalance/LBConfig.class], URL [jar:file:/Users/wulonghui/.m2/repository/com/youzan/platform/haunt-client/3.0.7-RELEASE/haunt-client-3.0.7-RELEASE.jar!/com/youzan/platform/haunt/loadbalance/LeastActiveLoadBalance.class], URL [jar:file:/Users/wulonghui/.m2/repository/com/youzan/platform/haunt-client/3.0.7-RELEASE/haunt-client-3.0.7-RELEASE.jar!/com/youzan/platform/haunt/loadbalance/LoadBalance.class], URL [jar:file:/Users/wulonghui/.m2/repository/com/youzan/platform/haunt-client/3.0.7-RELEASE/haunt-client-3.0.7-RELEASE.jar!/com/youzan/platform/haunt/loadbalance/LoadBalanceSelector.class], URL [jar:file:/Users/wulonghui/.m2/repository/com/youzan/platform/haunt-client/3.0.7-RELEASE/haunt-client-3.0.7-RELEASE.jar!/com/youzan/platform/haunt/loadbalance/RandomLoadBalance.class], URL [jar:file:/Users/wulonghui/.m2/repository/com/youzan/platform/haunt-client/3.0.7-RELEASE/haunt-client-3.0.7-RELEASE.jar!/com/youzan/platform/haunt/loadbalance/RoundRobinLoadBalance.class], URL [jar:file:/Users/wulonghui/.m2/repository/com/youzan/platform/haunt-client/3.0.7-RELEASE/haunt-client-3.0.7-RELEASE.jar!/com/youzan/platform/haunt/serviceExt/ContainerConfig.class], URL [jar:file:/Users/wulonghui/.m2/repository/com/youzan/platform/haunt-client/3.0.7-RELEASE/haunt-client-3.0.7-RELEASE.jar!/com/youzan/platform/haunt/serviceExt/events/EtcdRegistration.class], URL [jar:file:/Users/wulonghui/.m2/repository/com/youzan/platform/haunt-client/3.0.7-RELEASE/haunt-client-3.0.7-RELEASE.jar!/com/youzan/platform/haunt/serviceExt/events/GovernEventType.class], URL [jar:file:/Users/wulonghui/.m2/repository/com/youzan/platform/haunt-client/3.0.7-RELEASE/haunt-client-3.0.7-RELEASE.jar!/com/youzan/platform/haunt/serviceExt/NovaGovernance$1.class], URL [jar:file:/Users/wulonghui/.m2/repository/com/youzan/platform/haunt-client/3.0.7-RELEASE/haunt-client-3.0.7-RELEASE.jar!/com/youzan/platform/haunt/serviceExt/NovaGovernance$2.class], URL [jar:file:/Users/wulonghui/.m2/repository/com/youzan/platform/haunt-client/3.0.7-RELEASE/haunt-client-3.0.7-RELEASE.jar!/com/youzan/platform/haunt/serviceExt/NovaGovernance.class], URL [jar:file:/Users/wulonghui/.m2/repository/com/youzan/platform/haunt-client/3.0.7-RELEASE/haunt-client-3.0.7-RELEASE.jar!/com/youzan/platform/haunt/serviceExt/NovaGovernCache.class], URL [jar:file:/Users/wulonghui/.m2/repository/com/youzan/platform/haunt-client/3.0.7-RELEASE/haunt-client-3.0.7-RELEASE.jar!/com/youzan/platform/haunt/serviceExt/ServiceUtils.class], URL [jar:file:/Users/wulonghui/.m2/repository/com/youzan/platform/haunt-client/3.0.7-RELEASE/haunt-client-3.0.7-RELEASE.jar!/com/youzan/platform/haunt/ServiceNodeInfo.class], URL [jar:file:/Users/wulonghui/.m2/repository/com/youzan/platform/haunt-client/3.0.7-RELEASE/haunt-client-3.0.7-RELEASE.jar!/com/youzan/platform/haunt/URL.class], URL [jar:file:/Users/wulonghui/.m2/repository/com/youzan/nova/framework/framework-cat/1.0.7-RELEASE/framework-cat-1.0.7-RELEASE.jar!/com/youzan/nova/framework/cat/annotation/aop/CustomerMethodAop.class], URL [jar:file:/Users/wulonghui/.m2/repository/com/youzan/nova/framework/framework-cat/1.0.7-RELEASE/framework-cat-1.0.7-RELEASE.jar!/com/youzan/nova/framework/cat/annotation/aop/TracingAop.class], URL [jar:file:/Users/wulonghui/.m2/repository/com/youzan/nova/framework/framework-cat/1.0.7-RELEASE/framework-cat-1.0.7-RELEASE.jar!/com/youzan/nova/framework/cat/annotation/CustomerMethod.class], URL [jar:file:/Users/wulonghui/.m2/repository/com/youzan/nova/framework/framework-cat/1.0.7-RELEASE/framework-cat-1.0.7-RELEASE.jar!/com/youzan/nova/framework/cat/annotation/TracingAnnotation.class], URL [jar:file:/Users/wulonghui/.m2/repository/com/youzan/nova/framework/framework-cat/1.0.7-RELEASE/framework-cat-1.0.7-RELEASE.jar!/com/youzan/nova/framework/cat/context/MyCatContext.class], URL [jar:file:/Users/wulonghui/.m2/repository/com/youzan/nova/framework/framework-cat/1.0.7-RELEASE/framework-cat-1.0.7-RELEASE.jar!/com/youzan/nova/framework/cat/context/RpcCatContext$1.class], URL [jar:file:/Users/wulonghui/.m2/repository/com/youzan/nova/framework/framework-cat/1.0.7-RELEASE/framework-cat-1.0.7-RELEASE.jar!/com/youzan/nova/framework/cat/context/RpcCatContext.class], URL [jar:file:/Users/wulonghui/.m2/repository/com/youzan/nova/framework/framework-cat/1.0.7-RELEASE/framework-cat-1.0.7-RELEASE.jar!/com/youzan/nova/framework/cat/filter/AbstractMyCatFilter.class], URL [jar:file:/Users/wulonghui/.m2/repository/com/youzan/nova/framework/framework-cat/1.0.7-RELEASE/framework-cat-1.0.7-RELEASE.jar!/com/youzan/nova/framework/cat/filter/ConsumerCatFilter.class], URL [jar:file:/Users/wulonghui/.m2/repository/com/youzan/nova/framework/framework-cat/1.0.7-RELEASE/framework-cat-1.0.7-RELEASE.jar!/com/youzan/nova/framework/cat/filter/ProviderCatFilter.class], URL [jar:file:/Users/wulonghui/.m2/repository/com/youzan/platform/commons-util/2.0.0-SNAPSHOT/commons-util-2.0.0-SNAPSHOT.jar!/com/youzan/platform/util/json/JsonUtil.class], URL [jar:file:/Users/wulonghui/.m2/repository/com/youzan/platform/commons-util/2.0.0-SNAPSHOT/commons-util-2.0.0-SNAPSHOT.jar!/com/youzan/platform/util/lang/DateUtil.class], URL [jar:file:/Users/wulonghui/.m2/repository/com/youzan/platform/commons-util/2.0.0-SNAPSHOT/commons-util-2.0.0-SNAPSHOT.jar!/com/youzan/platform/util/lang/StringUtil.class], URL [jar:file:/Users/wulonghui/.m2/repository/com/youzan/platform/commons-util/2.0.0-SNAPSHOT/commons-util-2.0.0-SNAPSHOT.jar!/com/youzan/platform/util/net/HttpUtil.class], URL [jar:file:/Users/wulonghui/.m2/repository/com/youzan/platform/commons-util/2.0.0-SNAPSHOT/commons-util-2.0.0-SNAPSHOT.jar!/com/youzan/platform/util/security/MD5.class], URL [jar:file:/Users/wulonghui/.m2/repository/com/youzan/platform/commons-util/2.0.0-SNAPSHOT/commons-util-2.0.0-SNAPSHOT.jar!/com/youzan/platform/util/xml/XmlMapConverUtil.class], URL [jar:file:/Users/wulonghui/.m2/repository/com/alibaba/dubbo/3.0.9-RELEASE/dubbo-3.0.9-RELEASE.jar!/com/youzan/nova/framework/config/HauntIsolatorConfig.class], URL [jar:file:/Users/wulonghui/.m2/repository/com/alibaba/dubbo/3.0.9-RELEASE/dubbo-3.0.9-RELEASE.jar!/com/youzan/nova/framework/schema/HauntIsolatorParser.class], URL [jar:file:/Users/wulonghui/.m2/repository/com/alibaba/dubbo/3.0.9-RELEASE/dubbo-3.0.9-RELEASE.jar!/com/youzan/nova/framework/schema/HauntNamespaceHandler.class], URL [jar:file:/Users/wulonghui/.m2/repository/com/alibaba/dubbo/3.0.9-RELEASE/dubbo-3.0.9-RELEASE.jar!/com/youzan/nova/framework/filter/NovaThriftCheckFilter.class], URL [jar:file:/Users/wulonghui/.m2/repository/com/alibaba/dubbo/3.0.9-RELEASE/dubbo-3.0.9-RELEASE.jar!/com/youzan/nova/rpc/protocol/nova/ext/MultiServiceProcessor.class], URL [jar:file:/Users/wulonghui/.m2/repository/com/alibaba/dubbo/3.0.9-RELEASE/dubbo-3.0.9-RELEASE.jar!/com/youzan/nova/rpc/protocol/nova/io/InputStreamWrapper.class], URL [jar:file:/Users/wulonghui/.m2/repository/com/alibaba/dubbo/3.0.9-RELEASE/dubbo-3.0.9-RELEASE.jar!/com/youzan/nova/rpc/protocol/nova/io/RandomAccessByteArrayOutputStream.class], URL [jar:file:/Users/wulonghui/.m2/repository/com/alibaba/dubbo/3.0.9-RELEASE/dubbo-3.0.9-RELEASE.jar!/com/youzan/nova/rpc/protocol/nova/NovaCodec.class], URL [jar:file:/Users/wulonghui/.m2/repository/com/alibaba/dubbo/3.0.9-RELEASE/dubbo-3.0.9-RELEASE.jar!/com/youzan/nova/rpc/protocol/nova/NovaConstants.class], URL [jar:file:/Users/wulonghui/.m2/repository/com/alibaba/dubbo/3.0.9-RELEASE/dubbo-3.0.9-RELEASE.jar!/com/youzan/nova/rpc/protocol/nova/NovaInvoker.class], URL [jar:file:/Users/wulonghui/.m2/repository/com/alibaba/dubbo/3.0.9-RELEASE/dubbo-3.0.9-RELEASE.jar!/com/youzan/nova/rpc/protocol/nova/NovaLazyConnectExchangeClient.class], URL [jar:file:/Users/wulonghui/.m2/repository/com/alibaba/dubbo/3.0.9-RELEASE/dubbo-3.0.9-RELEASE.jar!/com/youzan/nova/rpc/protocol/nova/NovaProtocol$1.class], URL [jar:file:/Users/wulonghui/.m2/repository/com/alibaba/dubbo/3.0.9-RELEASE/dubbo-3.0.9-RELEASE.jar!/com/youzan/nova/rpc/protocol/nova/NovaProtocol.class], URL [jar:file:/Users/wulonghui/.m2/repository/com/alibaba/dubbo/3.0.9-RELEASE/dubbo-3.0.9-RELEASE.jar!/com/youzan/nova/rpc/protocol/nova/NovaReferCountExchangeClient.class], URL [jar:file:/Users/wulonghui/.m2/repository/com/alibaba/dubbo/3.0.9-RELEASE/dubbo-3.0.9-RELEASE.jar!/com/youzan/nova/rpc/protocol/nova/RemotingBuilder$RequestBuilder.class], URL [jar:file:/Users/wulonghui/.m2/repository/com/alibaba/dubbo/3.0.9-RELEASE/dubbo-3.0.9-RELEASE.jar!/com/youzan/nova/rpc/protocol/nova/RemotingBuilder$ResponseBuilder.class], URL [jar:file:/Users/wulonghui/.m2/repository/com/alibaba/dubbo/3.0.9-RELEASE/dubbo-3.0.9-RELEASE.jar!/com/youzan/nova/rpc/protocol/nova/RemotingBuilder.class], URL [jar:file:/Users/wulonghui/.m2/repository/com/alibaba/dubbo/3.0.9-RELEASE/dubbo-3.0.9-RELEASE.jar!/com/youzan/nova/registry/haunt/ChildListener.class], URL [jar:file:/Users/wulonghui/.m2/repository/com/alibaba/dubbo/3.0.9-RELEASE/dubbo-3.0.9-RELEASE.jar!/com/youzan/nova/registry/haunt/HauntRegistry$1.class], URL [jar:file:/Users/wulonghui/.m2/repository/com/alibaba/dubbo/3.0.9-RELEASE/dubbo-3.0.9-RELEASE.jar!/com/youzan/nova/registry/haunt/HauntRegistry.class], URL [jar:file:/Users/wulonghui/.m2/repository/com/alibaba/dubbo/3.0.9-RELEASE/dubbo-3.0.9-RELEASE.jar!/com/youzan/nova/registry/haunt/HauntRegistryContainer$1.class], URL [jar:file:/Users/wulonghui/.m2/repository/com/alibaba/dubbo/3.0.9-RELEASE/dubbo-3.0.9-RELEASE.jar!/com/youzan/nova/registry/haunt/HauntRegistryContainer$GovernEvent.class], URL [jar:file:/Users/wulonghui/.m2/repository/com/alibaba/dubbo/3.0.9-RELEASE/dubbo-3.0.9-RELEASE.jar!/com/youzan/nova/registry/haunt/HauntRegistryContainer$ProviderContainer.class], URL [jar:file:/Users/wulonghui/.m2/repository/com/alibaba/dubbo/3.0.9-RELEASE/dubbo-3.0.9-RELEASE.jar!/com/youzan/nova/registry/haunt/HauntRegistryContainer.class], URL [jar:file:/Users/wulonghui/.m2/repository/com/alibaba/dubbo/3.0.9-RELEASE/dubbo-3.0.9-RELEASE.jar!/com/youzan/nova/registry/haunt/HauntRegistryFactory.class], URL [jar:file:/Users/wulonghui/.m2/repository/com/alibaba/dubbo/3.0.9-RELEASE/dubbo-3.0.9-RELEASE.jar!/com/youzan/nova/registry/haunt/ServiceInfo.class], URL [jar:file:/Users/wulonghui/.m2/repository/com/alibaba/dubbo/3.0.9-RELEASE/dubbo-3.0.9-RELEASE.jar!/com/youzan/nova/container/hook/ExtContainerHook.class], URL [jar:file:/Users/wulonghui/.m2/repository/com/alibaba/dubbo/3.0.9-RELEASE/dubbo-3.0.9-RELEASE.jar!/com/youzan/nova/container/hook/HookContainer.class], URL [jar:file:/Users/wulonghui/.m2/repository/com/alibaba/dubbo/3.0.9-RELEASE/dubbo-3.0.9-RELEASE.jar!/com/youzan/nova/monitor/hawk/v1/HawkMonitor$1.class], URL [jar:file:/Users/wulonghui/.m2/repository/com/alibaba/dubbo/3.0.9-RELEASE/dubbo-3.0.9-RELEASE.jar!/com/youzan/nova/monitor/hawk/v1/HawkMonitor.class], URL [jar:file:/Users/wulonghui/.m2/repository/com/alibaba/dubbo/3.0.9-RELEASE/dubbo-3.0.9-RELEASE.jar!/com/youzan/nova/monitor/hawk/v1/HawkMonitorFactory.class], URL [jar:file:/Users/wulonghui/.m2/repository/com/alibaba/dubbo/3.0.9-RELEASE/dubbo-3.0.9-RELEASE.jar!/com/youzan/nova/monitor/hawk/v1/HawkService.class], URL [jar:file:/Users/wulonghui/.m2/repository/com/alibaba/dubbo/3.0.9-RELEASE/dubbo-3.0.9-RELEASE.jar!/com/youzan/nova/monitor/hawk/v1/MonitorFormat.class], URL [jar:file:/Users/wulonghui/.m2/repository/com/alibaba/dubbo/3.0.9-RELEASE/dubbo-3.0.9-RELEASE.jar!/com/youzan/nova/monitor/hawk/v1/Statistics.class], URL [jar:file:/Users/wulonghui/.m2/repository/com/alibaba/dubbo/3.0.9-RELEASE/dubbo-3.0.9-RELEASE.jar!/com/youzan/nova/monitor/hawk/v2/HawkClient.class], URL [jar:file:/Users/wulonghui/.m2/repository/com/alibaba/dubbo/3.0.9-RELEASE/dubbo-3.0.9-RELEASE.jar!/com/youzan/nova/monitor/hawk/v2/HawkStatistics.class], URL [jar:file:/Users/wulonghui/.m2/repository/com/alibaba/dubbo/3.0.9-RELEASE/dubbo-3.0.9-RELEASE.jar!/com/youzan/nova/monitor/hawk/v2/MockHawkClient.class], URL [jar:file:/Users/wulonghui/.m2/repository/com/alibaba/dubbo/3.0.9-RELEASE/dubbo-3.0.9-RELEASE.jar!/com/youzan/nova/monitor/hawk/v2/SimpleHawkClient.class], URL [jar:file:/Users/wulonghui/.m2/repository/com/alibaba/dubbo/3.0.9-RELEASE/dubbo-3.0.9-RELEASE.jar!/com/youzan/nova/monitor/hawk/v2/SimpleHawkMonitor$1.class], URL [jar:file:/Users/wulonghui/.m2/repository/com/alibaba/dubbo/3.0.9-RELEASE/dubbo-3.0.9-RELEASE.jar!/com/youzan/nova/monitor/hawk/v2/SimpleHawkMonitor.class], URL [jar:file:/Users/wulonghui/.m2/repository/com/alibaba/dubbo/3.0.9-RELEASE/dubbo-3.0.9-RELEASE.jar!/com/youzan/nova/monitor/hawk/v2/SimpleHawkMonitorFactory.class], URL [jar:file:/Users/wulonghui/.m2/repository/com/youzan/lightning-sdk/0.1.1-SNAPSHOT/lightning-sdk-0.1.1-SNAPSHOT.jar!/com/youzan/lightning/sdk/adapter/Adapter.class], URL [jar:file:/Users/wulonghui/.m2/repository/com/youzan/lightning-sdk/0.1.1-SNAPSHOT/lightning-sdk-0.1.1-SNAPSHOT.jar!/com/youzan/lightning/sdk/adapter/ClientRequestAdapter.class], URL [jar:file:/Users/wulonghui/.m2/repository/com/youzan/lightning-sdk/0.1.1-SNAPSHOT/lightning-sdk-0.1.1-SNAPSHOT.jar!/com/youzan/lightning/sdk/adapter/ClientResponseAdapter$NoneClientResponseAdapter.class], URL [jar:file:/Users/wulonghui/.m2/repository/com/youzan/lightning-sdk/0.1.1-SNAPSHOT/lightning-sdk-0.1.1-SNAPSHOT.jar!/com/youzan/lightning/sdk/adapter/ClientResponseAdapter.class], URL [jar:file:/Users/wulonghui/.m2/repository/com/youzan/lightning-sdk/0.1.1-SNAPSHOT/lightning-sdk-0.1.1-SNAPSHOT.jar!/com/youzan/lightning/sdk/adapter/ServerRequestAdapter.class], URL [jar:file:/Users/wulonghui/.m2/repository/com/youzan/lightning-sdk/0.1.1-SNAPSHOT/lightning-sdk-0.1.1-SNAPSHOT.jar!/com/youzan/lightning/sdk/adapter/ServerResponseAdapter$NoneServerResponseAdapter.class], URL [jar:file:/Users/wulonghui/.m2/repository/com/youzan/lightning-sdk/0.1.1-SNAPSHOT/lightning-sdk-0.1.1-SNAPSHOT.jar!/com/youzan/lightning/sdk/adapter/ServerResponseAdapter.class], URL [jar:file:/Users/wulonghui/.m2/repository/com/youzan/lightning-sdk/0.1.1-SNAPSHOT/lightning-sdk-0.1.1-SNAPSHOT.jar!/com/youzan/lightning/sdk/Application.class], URL [jar:file:/Users/wulonghui/.m2/repository/com/youzan/lightning-sdk/0.1.1-SNAPSHOT/lightning-sdk-0.1.1-SNAPSHOT.jar!/com/youzan/lightning/sdk/ApplicationType.class], URL [jar:file:/Users/wulonghui/.m2/repository/com/youzan/lightning-sdk/0.1.1-SNAPSHOT/lightning-sdk-0.1.1-SNAPSHOT.jar!/com/youzan/lightning/sdk/ClientTracer$ClientTracerBuilder.class], URL [jar:file:/Users/wulonghui/.m2/repository/com/youzan/lightning-sdk/0.1.1-SNAPSHOT/lightning-sdk-0.1.1-SNAPSHOT.jar!/com/youzan/lightning/sdk/ClientTracer.class], URL [jar:file:/Users/wulonghui/.m2/repository/com/youzan/lightning-sdk/0.1.1-SNAPSHOT/lightning-sdk-0.1.1-SNAPSHOT.jar!/com/youzan/lightning/sdk/context/ClientSpanContext.class], URL [jar:file:/Users/wulonghui/.m2/repository/com/youzan/lightning-sdk/0.1.1-SNAPSHOT/lightning-sdk-0.1.1-SNAPSHOT.jar!/com/youzan/lightning/sdk/context/LightningContext.class], URL [jar:file:/Users/wulonghui/.m2/repository/com/youzan/lightning-sdk/0.1.1-SNAPSHOT/lightning-sdk-0.1.1-SNAPSHOT.jar!/com/youzan/lightning/sdk/context/LocalSpanContext.class], URL [jar:file:/Users/wulonghui/.m2/repository/com/youzan/lightning-sdk/0.1.1-SNAPSHOT/lightning-sdk-0.1.1-SNAPSHOT.jar!/com/youzan/lightning/sdk/context/NamedThreadLocal.class], URL [jar:file:/Users/wulonghui/.m2/repository/com/youzan/lightning-sdk/0.1.1-SNAPSHOT/lightning-sdk-0.1.1-SNAPSHOT.jar!/com/youzan/lightning/sdk/context/ServerSpan.class], URL [jar:file:/Users/wulonghui/.m2/repository/com/youzan/lightning-sdk/0.1.1-SNAPSHOT/lightning-sdk-0.1.1-SNAPSHOT.jar!/com/youzan/lightning/sdk/context/ServerSpanContext.class], URL [jar:file:/Users/wulonghui/.m2/repository/com/youzan/lightning-sdk/0.1.1-SNAPSHOT/lightning-sdk-0.1.1-SNAPSHOT.jar!/com/youzan/lightning/sdk/context/ThreadLocalContext.class], URL [jar:file:/Users/wulonghui/.m2/repository/com/youzan/lightning-sdk/0.1.1-SNAPSHOT/lightning-sdk-0.1.1-SNAPSHOT.jar!/com/youzan/lightning/sdk/DefaultRandomIDGenerator.class], URL [jar:file:/Users/wulonghui/.m2/repository/com/youzan/lightning-sdk/0.1.1-SNAPSHOT/lightning-sdk-0.1.1-SNAPSHOT.jar!/com/youzan/lightning/sdk/Endpoint.class], URL [jar:file:/Users/wulonghui/.m2/repository/com/youzan/lightning-sdk/0.1.1-SNAPSHOT/lightning-sdk-0.1.1-SNAPSHOT.jar!/com/youzan/lightning/sdk/IDGenerator.class], URL [jar:file:/Users/wulonghui/.m2/repository/com/youzan/lightning-sdk/0.1.1-SNAPSHOT/lightning-sdk-0.1.1-SNAPSHOT.jar!/com/youzan/lightning/sdk/interceptor/ClientRequestInterceptor.class], URL [jar:file:/Users/wulonghui/.m2/repository/com/youzan/lightning-sdk/0.1.1-SNAPSHOT/lightning-sdk-0.1.1-SNAPSHOT.jar!/com/youzan/lightning/sdk/interceptor/ClientResponseInterceptor.class], URL [jar:file:/Users/wulonghui/.m2/repository/com/youzan/lightning-sdk/0.1.1-SNAPSHOT/lightning-sdk-0.1.1-SNAPSHOT.jar!/com/youzan/lightning/sdk/interceptor/Interceptor.class], URL [jar:file:/Users/wulonghui/.m2/repository/com/youzan/lightning-sdk/0.1.1-SNAPSHOT/lightning-sdk-0.1.1-SNAPSHOT.jar!/com/youzan/lightning/sdk/interceptor/ServerRequestInterceptor.class], URL [jar:file:/Users/wulonghui/.m2/repository/com/youzan/lightning-sdk/0.1.1-SNAPSHOT/lightning-sdk-0.1.1-SNAPSHOT.jar!/com/youzan/lightning/sdk/interceptor/ServerResponseInterceptor.class], URL [jar:file:/Users/wulonghui/.m2/repository/com/youzan/lightning-sdk/0.1.1-SNAPSHOT/lightning-sdk-0.1.1-SNAPSHOT.jar!/com/youzan/lightning/sdk/Lightning$Builder.class], URL [jar:file:/Users/wulonghui/.m2/repository/com/youzan/lightning-sdk/0.1.1-SNAPSHOT/lightning-sdk-0.1.1-SNAPSHOT.jar!/com/youzan/lightning/sdk/Lightning.class], URL [jar:file:/Users/wulonghui/.m2/repository/com/youzan/lightning-sdk/0.1.1-SNAPSHOT/lightning-sdk-0.1.1-SNAPSHOT.jar!/com/youzan/lightning/sdk/LoggingSpanCollector.class], URL [jar:file:/Users/wulonghui/.m2/repository/com/youzan/lightning-sdk/0.1.1-SNAPSHOT/lightning-sdk-0.1.1-SNAPSHOT.jar!/com/youzan/lightning/sdk/protocol/Constants.class], URL [jar:file:/Users/wulonghui/.m2/repository/com/youzan/lightning-sdk/0.1.1-SNAPSHOT/lightning-sdk-0.1.1-SNAPSHOT.jar!/com/youzan/lightning/sdk/protocol/Span$BinAnnotation.class], URL [jar:file:/Users/wulonghui/.m2/repository/com/youzan/lightning-sdk/0.1.1-SNAPSHOT/lightning-sdk-0.1.1-SNAPSHOT.jar!/com/youzan/lightning/sdk/protocol/Span.class], URL [jar:file:/Users/wulonghui/.m2/repository/com/youzan/lightning-sdk/0.1.1-SNAPSHOT/lightning-sdk-0.1.1-SNAPSHOT.jar!/com/youzan/lightning/sdk/ServerTracer$ServerTracerBuilder.class], URL [jar:file:/Users/wulonghui/.m2/repository/com/youzan/lightning-sdk/0.1.1-SNAPSHOT/lightning-sdk-0.1.1-SNAPSHOT.jar!/com/youzan/lightning/sdk/ServerTracer.class], URL [jar:file:/Users/wulonghui/.m2/repository/com/youzan/lightning-sdk/0.1.1-SNAPSHOT/lightning-sdk-0.1.1-SNAPSHOT.jar!/com/youzan/lightning/sdk/SpanAndEndpoint$ClientSpanAndEndPoint.class], URL [jar:file:/Users/wulonghui/.m2/repository/com/youzan/lightning-sdk/0.1.1-SNAPSHOT/lightning-sdk-0.1.1-SNAPSHOT.jar!/com/youzan/lightning/sdk/SpanAndEndpoint$ServerSpanAndEndPoint.class], URL [jar:file:/Users/wulonghui/.m2/repository/com/youzan/lightning-sdk/0.1.1-SNAPSHOT/lightning-sdk-0.1.1-SNAPSHOT.jar!/com/youzan/lightning/sdk/SpanAndEndpoint.class], URL [jar:file:/Users/wulonghui/.m2/repository/com/youzan/lightning-sdk/0.1.1-SNAPSHOT/lightning-sdk-0.1.1-SNAPSHOT.jar!/com/youzan/lightning/sdk/SpanCollector.class], URL [jar:file:/Users/wulonghui/.m2/repository/com/youzan/lightning-sdk/0.1.1-SNAPSHOT/lightning-sdk-0.1.1-SNAPSHOT.jar!/com/youzan/lightning/sdk/SpanId.class], URL [jar:file:/Users/wulonghui/.m2/repository/com/youzan/lightning-sdk/0.1.1-SNAPSHOT/lightning-sdk-0.1.1-SNAPSHOT.jar!/com/youzan/lightning/sdk/Submitter$1.class], URL [jar:file:/Users/wulonghui/.m2/repository/com/youzan/lightning-sdk/0.1.1-SNAPSHOT/lightning-sdk-0.1.1-SNAPSHOT.jar!/com/youzan/lightning/sdk/Submitter$AnnotationSubmitterImpl.class], URL [jar:file:/Users/wulonghui/.m2/repository/com/youzan/lightning-sdk/0.1.1-SNAPSHOT/lightning-sdk-0.1.1-SNAPSHOT.jar!/com/youzan/lightning/sdk/Submitter.class], URL [jar:file:/Users/wulonghui/.m2/repository/com/youzan/platform/track-appender/2.3/track-appender-2.3.jar!/com/youzan/track/appender/BaseAppender.class], URL [jar:file:/Users/wulonghui/.m2/repository/com/youzan/platform/track-appender/2.3/track-appender-2.3.jar!/com/youzan/track/appender/entity/Error.class], URL [jar:file:/Users/wulonghui/.m2/repository/com/youzan/platform/track-appender/2.3/track-appender-2.3.jar!/com/youzan/track/appender/entity/LogData.class], URL [jar:file:/Users/wulonghui/.m2/repository/com/youzan/platform/track-appender/2.3/track-appender-2.3.jar!/com/youzan/track/appender/entity/LogDataDetail.class], URL [jar:file:/Users/wulonghui/.m2/repository/com/youzan/platform/track-appender/2.3/track-appender-2.3.jar!/com/youzan/track/appender/entity/LogType.class], URL [jar:file:/Users/wulonghui/.m2/repository/com/youzan/platform/track-appender/2.3/track-appender-2.3.jar!/com/youzan/track/appender/entity/Topic.class], URL [jar:file:/Users/wulonghui/.m2/repository/com/youzan/platform/track-appender/2.3/track-appender-2.3.jar!/com/youzan/track/appender/FrameworkAppender.class], URL [jar:file:/Users/wulonghui/.m2/repository/com/youzan/platform/track-appender/2.3/track-appender-2.3.jar!/com/youzan/track/appender/NullAppender.class], URL [jar:file:/Users/wulonghui/.m2/repository/com/youzan/platform/track-appender/2.3/track-appender-2.3.jar!/com/youzan/track/appender/PersistenceAppender.class], URL [jar:file:/Users/wulonghui/.m2/repository/com/youzan/platform/track-appender/2.3/track-appender-2.3.jar!/com/youzan/track/appender/sender/TrackSender.class], URL [jar:file:/Users/wulonghui/.m2/repository/com/youzan/platform/track-appender/2.3/track-appender-2.3.jar!/com/youzan/track/appender/sender/TrackTask.class], URL [jar:file:/Users/wulonghui/.m2/repository/com/youzan/platform/track-appender/2.3/track-appender-2.3.jar!/com/youzan/track/appender/sender/TrackTCPSender$1.class], URL [jar:file:/Users/wulonghui/.m2/repository/com/youzan/platform/track-appender/2.3/track-appender-2.3.jar!/com/youzan/track/appender/sender/TrackTCPSender.class], URL [jar:file:/Users/wulonghui/.m2/repository/com/youzan/platform/track-appender/2.3/track-appender-2.3.jar!/com/youzan/track/appender/sender/TrackThreadFactory.class], URL [jar:file:/Users/wulonghui/.m2/repository/com/youzan/platform/track-appender/2.3/track-appender-2.3.jar!/com/youzan/track/appender/sender/TrackUDPSender$1.class], URL [jar:file:/Users/wulonghui/.m2/repository/com/youzan/platform/track-appender/2.3/track-appender-2.3.jar!/com/youzan/track/appender/sender/TrackUDPSender.class], URL [jar:file:/Users/wulonghui/.m2/repository/com/youzan/platform/track-appender/2.3/track-appender-2.3.jar!/com/youzan/track/appender/SoaAppender.class], URL [jar:file:/Users/wulonghui/.m2/repository/com/youzan/platform/track-appender/2.3/track-appender-2.3.jar!/com/youzan/track/appender/TrackAppender.class], URL [jar:file:/Users/wulonghui/.m2/repository/com/youzan/platform/track-appender/2.3/track-appender-2.3.jar!/com/youzan/track/appender/util/Config.class], URL [jar:file:/Users/wulonghui/.m2/repository/com/youzan/pay/assetcenter.api/0.0.9-20170817-SNAPSHOT/assetcenter.api-0.0.9-20170817-SNAPSHOT.jar!/com/youzan/pay/assetcenter/api/AcquireOrderQueryService.class], URL [jar:file:/Users/wulonghui/.m2/repository/com/youzan/pay/assetcenter.api/0.0.9-20170817-SNAPSHOT/assetcenter.api-0.0.9-20170817-SNAPSHOT.jar!/com/youzan/pay/assetcenter/api/AcquireOrderService.class], URL [jar:file:/Users/wulonghui/.m2/repository/com/youzan/pay/assetcenter.api/0.0.9-20170817-SNAPSHOT/assetcenter.api-0.0.9-20170817-SNAPSHOT.jar!/com/youzan/pay/assetcenter/api/AcquireRefundService.class], URL [jar:file:/Users/wulonghui/.m2/repository/com/youzan/pay/assetcenter.api/0.0.9-20170817-SNAPSHOT/assetcenter.api-0.0.9-20170817-SNAPSHOT.jar!/com/youzan/pay/assetcenter/api/AcquireWithdrawService.class], URL [jar:file:/Users/wulonghui/.m2/repository/com/youzan/pay/assetcenter.api/0.0.9-20170817-SNAPSHOT/assetcenter.api-0.0.9-20170817-SNAPSHOT.jar!/com/youzan/pay/assetcenter/api/enums/AcquireQueryStatus.class], URL [jar:file:/Users/wulonghui/.m2/repository/com/youzan/pay/assetcenter.api/0.0.9-20170817-SNAPSHOT/assetcenter.api-0.0.9-20170817-SNAPSHOT.jar!/com/youzan/pay/assetcenter/api/enums/BizActionEnum.class], URL [jar:file:/Users/wulonghui/.m2/repository/com/youzan/pay/assetcenter.api/0.0.9-20170817-SNAPSHOT/assetcenter.api-0.0.9-20170817-SNAPSHOT.jar!/com/youzan/pay/assetcenter/api/enums/BizModeEnum.class], URL [jar:file:/Users/wulonghui/.m2/repository/com/youzan/pay/assetcenter.api/0.0.9-20170817-SNAPSHOT/assetcenter.api-0.0.9-20170817-SNAPSHOT.jar!/com/youzan/pay/assetcenter/api/enums/BizProdEnum.class], URL [jar:file:/Users/wulonghui/.m2/repository/com/youzan/pay/assetcenter.api/0.0.9-20170817-SNAPSHOT/assetcenter.api-0.0.9-20170817-SNAPSHOT.jar!/com/youzan/pay/assetcenter/api/enums/CardRechargeStatus.class], URL [jar:file:/Users/wulonghui/.m2/repository/com/youzan/pay/assetcenter.api/0.0.9-20170817-SNAPSHOT/assetcenter.api-0.0.9-20170817-SNAPSHOT.jar!/com/youzan/pay/assetcenter/api/enums/EnvEnum.class], URL [jar:file:/Users/wulonghui/.m2/repository/com/youzan/pay/assetcenter.api/0.0.9-20170817-SNAPSHOT/assetcenter.api-0.0.9-20170817-SNAPSHOT.jar!/com/youzan/pay/assetcenter/api/enums/ErrorEnum.class], URL [jar:file:/Users/wulonghui/.m2/repository/com/youzan/pay/assetcenter.api/0.0.9-20170817-SNAPSHOT/assetcenter.api-0.0.9-20170817-SNAPSHOT.jar!/com/youzan/pay/assetcenter/api/enums/InstAccountTypeEnum.class], URL [jar:file:/Users/wulonghui/.m2/repository/com/youzan/pay/assetcenter.api/0.0.9-20170817-SNAPSHOT/assetcenter.api-0.0.9-20170817-SNAPSHOT.jar!/com/youzan/pay/assetcenter/api/enums/PayTagEnum.class], URL [jar:file:/Users/wulonghui/.m2/repository/com/youzan/pay/assetcenter.api/0.0.9-20170817-SNAPSHOT/assetcenter.api-0.0.9-20170817-SNAPSHOT.jar!/com/youzan/pay/assetcenter/api/enums/RechargePayStatus.class], URL [jar:file:/Users/wulonghui/.m2/repository/com/youzan/pay/assetcenter.api/0.0.9-20170817-SNAPSHOT/assetcenter.api-0.0.9-20170817-SNAPSHOT.jar!/com/youzan/pay/assetcenter/api/enums/RechargePayType.class], URL [jar:file:/Users/wulonghui/.m2/repository/com/youzan/pay/assetcenter.api/0.0.9-20170817-SNAPSHOT/assetcenter.api-0.0.9-20170817-SNAPSHOT.jar!/com/youzan/pay/assetcenter/api/enums/RefundResultEnum.class], URL [jar:file:/Users/wulonghui/.m2/repository/com/youzan/pay/assetcenter.api/0.0.9-20170817-SNAPSHOT/assetcenter.api-0.0.9-20170817-SNAPSHOT.jar!/com/youzan/pay/assetcenter/api/enums/WithdrawResultEnum.class], URL [jar:file:/Users/wulonghui/.m2/repository/com/youzan/pay/assetcenter.api/0.0.9-20170817-SNAPSHOT/assetcenter.api-0.0.9-20170817-SNAPSHOT.jar!/com/youzan/pay/assetcenter/api/HeartBeatService.class], URL [jar:file:/Users/wulonghui/.m2/repository/com/youzan/pay/assetcenter.api/0.0.9-20170817-SNAPSHOT/assetcenter.api-0.0.9-20170817-SNAPSHOT.jar!/com/youzan/pay/assetcenter/api/nsq/model/AcqSettleEvent.class], URL [jar:file:/Users/wulonghui/.m2/repository/com/youzan/pay/assetcenter.api/0.0.9-20170817-SNAPSHOT/assetcenter.api-0.0.9-20170817-SNAPSHOT.jar!/com/youzan/pay/assetcenter/api/nsq/model/CardRechargeResultMsg.class], URL [jar:file:/Users/wulonghui/.m2/repository/com/youzan/pay/assetcenter.api/0.0.9-20170817-SNAPSHOT/assetcenter.api-0.0.9-20170817-SNAPSHOT.jar!/com/youzan/pay/assetcenter/api/nsq/model/NsqEntity.class], URL [jar:file:/Users/wulonghui/.m2/repository/com/youzan/pay/assetcenter.api/0.0.9-20170817-SNAPSHOT/assetcenter.api-0.0.9-20170817-SNAPSHOT.jar!/com/youzan/pay/assetcenter/api/nsq/model/RechargeNotifyMessage.class], URL [jar:file:/Users/wulonghui/.m2/repository/com/youzan/pay/assetcenter.api/0.0.9-20170817-SNAPSHOT/assetcenter.api-0.0.9-20170817-SNAPSHOT.jar!/com/youzan/pay/assetcenter/api/nsq/model/RefundNsqMessage.class], URL [jar:file:/Users/wulonghui/.m2/repository/com/youzan/pay/assetcenter.api/0.0.9-20170817-SNAPSHOT/assetcenter.api-0.0.9-20170817-SNAPSHOT.jar!/com/youzan/pay/assetcenter/api/nsq/model/UniformPayEvent.class], URL [jar:file:/Users/wulonghui/.m2/repository/com/youzan/pay/assetcenter.api/0.0.9-20170817-SNAPSHOT/assetcenter.api-0.0.9-20170817-SNAPSHOT.jar!/com/youzan/pay/assetcenter/api/nsq/model/WithdrawNsqMessage.class], URL [jar:file:/Users/wulonghui/.m2/repository/com/youzan/pay/assetcenter.api/0.0.9-20170817-SNAPSHOT/assetcenter.api-0.0.9-20170817-SNAPSHOT.jar!/com/youzan/pay/assetcenter/api/RechargeService.class], URL [jar:file:/Users/wulonghui/.m2/repository/com/youzan/pay/assetcenter.api/0.0.9-20170817-SNAPSHOT/assetcenter.api-0.0.9-20170817-SNAPSHOT.jar!/com/youzan/pay/assetcenter/api/RecoveryService.class], URL [jar:file:/Users/wulonghui/.m2/repository/com/youzan/pay/assetcenter.api/0.0.9-20170817-SNAPSHOT/assetcenter.api-0.0.9-20170817-SNAPSHOT.jar!/com/youzan/pay/assetcenter/api/RecoveryWatchmanService.class], URL [jar:file:/Users/wulonghui/.m2/repository/com/youzan/pay/assetcenter.api/0.0.9-20170817-SNAPSHOT/assetcenter.api-0.0.9-20170817-SNAPSHOT.jar!/com/youzan/pay/assetcenter/api/RefundCheckWatchManService.class], URL [jar:file:/Users/wulonghui/.m2/repository/com/youzan/pay/assetcenter.api/0.0.9-20170817-SNAPSHOT/assetcenter.api-0.0.9-20170817-SNAPSHOT.jar!/com/youzan/pay/assetcenter/api/request/AbstractBaseRequest.class], URL [jar:file:/Users/wulonghui/.m2/repository/com/youzan/pay/assetcenter.api/0.0.9-20170817-SNAPSHOT/assetcenter.api-0.0.9-20170817-SNAPSHOT.jar!/com/youzan/pay/assetcenter/api/request/AssetPayDetailRequest.class], URL [jar:file:/Users/wulonghui/.m2/repository/com/youzan/pay/assetcenter.api/0.0.9-20170817-SNAPSHOT/assetcenter.api-0.0.9-20170817-SNAPSHOT.jar!/com/youzan/pay/assetcenter/api/request/BatchRefundRequest.class], URL [jar:file:/Users/wulonghui/.m2/repository/com/youzan/pay/assetcenter.api/0.0.9-20170817-SNAPSHOT/assetcenter.api-0.0.9-20170817-SNAPSHOT.jar!/com/youzan/pay/assetcenter/api/request/ChangePriceRequest.class], URL [jar:file:/Users/wulonghui/.m2/repository/com/youzan/pay/assetcenter.api/0.0.9-20170817-SNAPSHOT/assetcenter.api-0.0.9-20170817-SNAPSHOT.jar!/com/youzan/pay/assetcenter/api/request/CreateAcquireRequest.class], URL [jar:file:/Users/wulonghui/.m2/repository/com/youzan/pay/assetcenter.api/0.0.9-20170817-SNAPSHOT/assetcenter.api-0.0.9-20170817-SNAPSHOT.jar!/com/youzan/pay/assetcenter/api/request/group/AliPayWapGroup.class], URL [jar:file:/Users/wulonghui/.m2/repository/com/youzan/pay/assetcenter.api/0.0.9-20170817-SNAPSHOT/assetcenter.api-0.0.9-20170817-SNAPSHOT.jar!/com/youzan/pay/assetcenter/api/request/group/BarcodeGroup.class], URL [jar:file:/Users/wulonghui/.m2/repository/com/youzan/pay/assetcenter.api/0.0.9-20170817-SNAPSHOT/assetcenter.api-0.0.9-20170817-SNAPSHOT.jar!/com/youzan/pay/assetcenter/api/request/group/ValueCardPayGroup.class], URL [jar:file:/Users/wulonghui/.m2/repository/com/youzan/pay/assetcenter.api/0.0.9-20170817-SNAPSHOT/assetcenter.api-0.0.9-20170817-SNAPSHOT.jar!/com/youzan/pay/assetcenter/api/request/group/ValueCardRechargeGroup.class], URL [jar:file:/Users/wulonghui/.m2/repository/com/youzan/pay/assetcenter.api/0.0.9-20170817-SNAPSHOT/assetcenter.api-0.0.9-20170817-SNAPSHOT.jar!/com/youzan/pay/assetcenter/api/request/group/WxJSPayGroup.class], URL [jar:file:/Users/wulonghui/.m2/repository/com/youzan/pay/assetcenter.api/0.0.9-20170817-SNAPSHOT/assetcenter.api-0.0.9-20170817-SNAPSHOT.jar!/com/youzan/pay/assetcenter/api/request/group/YzUserGroup.class], URL [jar:file:/Users/wulonghui/.m2/repository/com/youzan/pay/assetcenter.api/0.0.9-20170817-SNAPSHOT/assetcenter.api-0.0.9-20170817-SNAPSHOT.jar!/com/youzan/pay/assetcenter/api/request/group/YzUserTokenGroup.class], URL [jar:file:/Users/wulonghui/.m2/repository/com/youzan/pay/assetcenter.api/0.0.9-20170817-SNAPSHOT/assetcenter.api-0.0.9-20170817-SNAPSHOT.jar!/com/youzan/pay/assetcenter/api/request/model/PayDetailInfo.class], URL [jar:file:/Users/wulonghui/.m2/repository/com/youzan/pay/assetcenter.api/0.0.9-20170817-SNAPSHOT/assetcenter.api-0.0.9-20170817-SNAPSHOT.jar!/com/youzan/pay/assetcenter/api/request/model/TradingInfo.class], URL [jar:file:/Users/wulonghui/.m2/repository/com/youzan/pay/assetcenter.api/0.0.9-20170817-SNAPSHOT/assetcenter.api-0.0.9-20170817-SNAPSHOT.jar!/com/youzan/pay/assetcenter/api/request/MultiPayRequest.class], URL [jar:file:/Users/wulonghui/.m2/repository/com/youzan/pay/assetcenter.api/0.0.9-20170817-SNAPSHOT/assetcenter.api-0.0.9-20170817-SNAPSHOT.jar!/com/youzan/pay/assetcenter/api/request/PayNotifyRequest.class], URL [jar:file:/Users/wulonghui/.m2/repository/com/youzan/pay/assetcenter.api/0.0.9-20170817-SNAPSHOT/assetcenter.api-0.0.9-20170817-SNAPSHOT.jar!/com/youzan/pay/assetcenter/api/request/PayRequest.class], URL [jar:file:/Users/wulonghui/.m2/repository/com/youzan/pay/assetcenter.api/0.0.9-20170817-SNAPSHOT/assetcenter.api-0.0.9-20170817-SNAPSHOT.jar!/com/youzan/pay/assetcenter/api/request/QueryAcquireRequest.class], URL [jar:file:/Users/wulonghui/.m2/repository/com/youzan/pay/assetcenter.api/0.0.9-20170817-SNAPSHOT/assetcenter.api-0.0.9-20170817-SNAPSHOT.jar!/com/youzan/pay/assetcenter/api/request/QueryRefundRequest.class], URL [jar:file:/Users/wulonghui/.m2/repository/com/youzan/pay/assetcenter.api/0.0.9-20170817-SNAPSHOT/assetcenter.api-0.0.9-20170817-SNAPSHOT.jar!/com/youzan/pay/assetcenter/api/request/QueryRefundRequestV2.class], URL [jar:file:/Users/wulonghui/.m2/repository/com/youzan/pay/assetcenter.api/0.0.9-20170817-SNAPSHOT/assetcenter.api-0.0.9-20170817-SNAPSHOT.jar!/com/youzan/pay/assetcenter/api/request/RechargeOrderCreatingRequest.class], URL [jar:file:/Users/wulonghui/.m2/repository/com/youzan/pay/assetcenter.api/0.0.9-20170817-SNAPSHOT/assetcenter.api-0.0.9-20170817-SNAPSHOT.jar!/com/youzan/pay/assetcenter/api/request/RechargePayRequest.class], URL [jar:file:/Users/wulonghui/.m2/repository/com/youzan/pay/assetcenter.api/0.0.9-20170817-SNAPSHOT/assetcenter.api-0.0.9-20170817-SNAPSHOT.jar!/com/youzan/pay/assetcenter/api/request/RefundRequest.class], URL [jar:file:/Users/wulonghui/.m2/repository/com/youzan/pay/assetcenter.api/0.0.9-20170817-SNAPSHOT/assetcenter.api-0.0.9-20170817-SNAPSHOT.jar!/com/youzan/pay/assetcenter/api/request/RevokeRequest.class], URL [jar:file:/Users/wulonghui/.m2/repository/com/youzan/pay/assetcenter.api/0.0.9-20170817-SNAPSHOT/assetcenter.api-0.0.9-20170817-SNAPSHOT.jar!/com/youzan/pay/assetcenter/api/request/SinglePayRequest.class], URL [jar:file:/Users/wulonghui/.m2/repository/com/youzan/pay/assetcenter.api/0.0.9-20170817-SNAPSHOT/assetcenter.api-0.0.9-20170817-SNAPSHOT.jar!/com/youzan/pay/assetcenter/api/request/UnifiedOrderCreatingRequest.class], URL [jar:file:/Users/wulonghui/.m2/repository/com/youzan/pay/assetcenter.api/0.0.9-20170817-SNAPSHOT/assetcenter.api-0.0.9-20170817-SNAPSHOT.jar!/com/youzan/pay/assetcenter/api/request/UnifiedOrderQueryRequest.class], URL [jar:file:/Users/wulonghui/.m2/repository/com/youzan/pay/assetcenter.api/0.0.9-20170817-SNAPSHOT/assetcenter.api-0.0.9-20170817-SNAPSHOT.jar!/com/youzan/pay/assetcenter/api/request/UnifiedOrderSettleRequest.class], URL [jar:file:/Users/wulonghui/.m2/repository/com/youzan/pay/assetcenter.api/0.0.9-20170817-SNAPSHOT/assetcenter.api-0.0.9-20170817-SNAPSHOT.jar!/com/youzan/pay/assetcenter/api/request/WithdrawCustQueryRequest.class], URL [jar:file:/Users/wulonghui/.m2/repository/com/youzan/pay/assetcenter.api/0.0.9-20170817-SNAPSHOT/assetcenter.api-0.0.9-20170817-SNAPSHOT.jar!/com/youzan/pay/assetcenter/api/request/WithdrawRequest.class], URL [jar:file:/Users/wulonghui/.m2/repository/com/youzan/pay/assetcenter.api/0.0.9-20170817-SNAPSHOT/assetcenter.api-0.0.9-20170817-SNAPSHOT.jar!/com/youzan/pay/assetcenter/api/request/WithdrawSingleQueryRequest.class], URL [jar:file:/Users/wulonghui/.m2/repository/com/youzan/pay/assetcenter.api/0.0.9-20170817-SNAPSHOT/assetcenter.api-0.0.9-20170817-SNAPSHOT.jar!/com/youzan/pay/assetcenter/api/response/BaseResponse.class], URL [jar:file:/Users/wulonghui/.m2/repository/com/youzan/pay/assetcenter.api/0.0.9-20170817-SNAPSHOT/assetcenter.api-0.0.9-20170817-SNAPSHOT.jar!/com/youzan/pay/assetcenter/api/response/Response.class], URL [jar:file:/Users/wulonghui/.m2/repository/com/youzan/pay/assetcenter.api/0.0.9-20170817-SNAPSHOT/assetcenter.api-0.0.9-20170817-SNAPSHOT.jar!/com/youzan/pay/assetcenter/api/result/AssetPayDetailItem.class], URL [jar:file:/Users/wulonghui/.m2/repository/com/youzan/pay/assetcenter.api/0.0.9-20170817-SNAPSHOT/assetcenter.api-0.0.9-20170817-SNAPSHOT.jar!/com/youzan/pay/assetcenter/api/result/BasePayResult.class], URL [jar:file:/Users/wulonghui/.m2/repository/com/youzan/pay/assetcenter.api/0.0.9-20170817-SNAPSHOT/assetcenter.api-0.0.9-20170817-SNAPSHOT.jar!/com/youzan/pay/assetcenter/api/result/ChangePriceResult.class], URL [jar:file:/Users/wulonghui/.m2/repository/com/youzan/pay/assetcenter.api/0.0.9-20170817-SNAPSHOT/assetcenter.api-0.0.9-20170817-SNAPSHOT.jar!/com/youzan/pay/assetcenter/api/result/CommonResult.class], URL [jar:file:/Users/wulonghui/.m2/repository/com/youzan/pay/assetcenter.api/0.0.9-20170817-SNAPSHOT/assetcenter.api-0.0.9-20170817-SNAPSHOT.jar!/com/youzan/pay/assetcenter/api/result/CreateAcquireResult.class], URL [jar:file:/Users/wulonghui/.m2/repository/com/youzan/pay/assetcenter.api/0.0.9-20170817-SNAPSHOT/assetcenter.api-0.0.9-20170817-SNAPSHOT.jar!/com/youzan/pay/assetcenter/api/result/model/PayDetailResult.class], URL [jar:file:/Users/wulonghui/.m2/repository/com/youzan/pay/assetcenter.api/0.0.9-20170817-SNAPSHOT/assetcenter.api-0.0.9-20170817-SNAPSHOT.jar!/com/youzan/pay/assetcenter/api/result/MultiPayResult.class], URL [jar:file:/Users/wulonghui/.m2/repository/com/youzan/pay/assetcenter.api/0.0.9-20170817-SNAPSHOT/assetcenter.api-0.0.9-20170817-SNAPSHOT.jar!/com/youzan/pay/assetcenter/api/result/PageResult.class], URL [jar:file:/Users/wulonghui/.m2/repository/com/youzan/pay/assetcenter.api/0.0.9-20170817-SNAPSHOT/assetcenter.api-0.0.9-20170817-SNAPSHOT.jar!/com/youzan/pay/assetcenter/api/result/PayResult.class], URL [jar:file:/Users/wulonghui/.m2/repository/com/youzan/pay/assetcenter.api/0.0.9-20170817-SNAPSHOT/assetcenter.api-0.0.9-20170817-SNAPSHOT.jar!/com/youzan/pay/assetcenter/api/result/PayToolItem.class], URL [jar:file:/Users/wulonghui/.m2/repository/com/youzan/pay/assetcenter.api/0.0.9-20170817-SNAPSHOT/assetcenter.api-0.0.9-20170817-SNAPSHOT.jar!/com/youzan/pay/assetcenter/api/result/QueryAcquireResult.class], URL [jar:file:/Users/wulonghui/.m2/repository/com/youzan/pay/assetcenter.api/0.0.9-20170817-SNAPSHOT/assetcenter.api-0.0.9-20170817-SNAPSHOT.jar!/com/youzan/pay/assetcenter/api/result/QueryRefundResult.class], URL [jar:file:/Users/wulonghui/.m2/repository/com/youzan/pay/assetcenter.api/0.0.9-20170817-SNAPSHOT/assetcenter.api-0.0.9-20170817-SNAPSHOT.jar!/com/youzan/pay/assetcenter/api/result/RechargeOrderCreatingResult.class], URL [jar:file:/Users/wulonghui/.m2/repository/com/youzan/pay/assetcenter.api/0.0.9-20170817-SNAPSHOT/assetcenter.api-0.0.9-20170817-SNAPSHOT.jar!/com/youzan/pay/assetcenter/api/result/RechargePayResult.class], URL [jar:file:/Users/wulonghui/.m2/repository/com/youzan/pay/assetcenter.api/0.0.9-20170817-SNAPSHOT/assetcenter.api-0.0.9-20170817-SNAPSHOT.jar!/com/youzan/pay/assetcenter/api/result/RefundApplyResult.class], URL [jar:file:/Users/wulonghui/.m2/repository/com/youzan/pay/assetcenter.api/0.0.9-20170817-SNAPSHOT/assetcenter.api-0.0.9-20170817-SNAPSHOT.jar!/com/youzan/pay/assetcenter/api/result/RefundResult.class], URL [jar:file:/Users/wulonghui/.m2/repository/com/youzan/pay/assetcenter.api/0.0.9-20170817-SNAPSHOT/assetcenter.api-0.0.9-20170817-SNAPSHOT.jar!/com/youzan/pay/assetcenter/api/result/RevokeResult.class], URL [jar:file:/Users/wulonghui/.m2/repository/com/youzan/pay/assetcenter.api/0.0.9-20170817-SNAPSHOT/assetcenter.api-0.0.9-20170817-SNAPSHOT.jar!/com/youzan/pay/assetcenter/api/result/SinglePayResult.class], URL [jar:file:/Users/wulonghui/.m2/repository/com/youzan/pay/assetcenter.api/0.0.9-20170817-SNAPSHOT/assetcenter.api-0.0.9-20170817-SNAPSHOT.jar!/com/youzan/pay/assetcenter/api/result/UnifiedOrderBaseResult.class], URL [jar:file:/Users/wulonghui/.m2/repository/com/youzan/pay/assetcenter.api/0.0.9-20170817-SNAPSHOT/assetcenter.api-0.0.9-20170817-SNAPSHOT.jar!/com/youzan/pay/assetcenter/api/result/UnifiedOrderCreatingResult.class], URL [jar:file:/Users/wulonghui/.m2/repository/com/youzan/pay/assetcenter.api/0.0.9-20170817-SNAPSHOT/assetcenter.api-0.0.9-20170817-SNAPSHOT.jar!/com/youzan/pay/assetcenter/api/result/UnifiedOrderQueryResult.class], URL [jar:file:/Users/wulonghui/.m2/repository/com/youzan/pay/assetcenter.api/0.0.9-20170817-SNAPSHOT/assetcenter.api-0.0.9-20170817-SNAPSHOT.jar!/com/youzan/pay/assetcenter/api/result/UnifiedOrderSettleResult.class], URL [jar:file:/Users/wulonghui/.m2/repository/com/youzan/pay/assetcenter.api/0.0.9-20170817-SNAPSHOT/assetcenter.api-0.0.9-20170817-SNAPSHOT.jar!/com/youzan/pay/assetcenter/api/result/WithdrawApplyResult.class], URL [jar:file:/Users/wulonghui/.m2/repository/com/youzan/pay/assetcenter.api/0.0.9-20170817-SNAPSHOT/assetcenter.api-0.0.9-20170817-SNAPSHOT.jar!/com/youzan/pay/assetcenter/api/result/WithdrawCustQueryResult.class], URL [jar:file:/Users/wulonghui/.m2/repository/com/youzan/pay/assetcenter.api/0.0.9-20170817-SNAPSHOT/assetcenter.api-0.0.9-20170817-SNAPSHOT.jar!/com/youzan/pay/assetcenter/api/result/WithdrawSingleQueryResult.class], URL [jar:file:/Users/wulonghui/.m2/repository/com/youzan/pay/assetcenter.api/0.0.9-20170817-SNAPSHOT/assetcenter.api-0.0.9-20170817-SNAPSHOT.jar!/com/youzan/pay/assetcenter/api/UnifiedOrderQueryService.class], URL [jar:file:/Users/wulonghui/.m2/repository/com/youzan/pay/assetcenter.api/0.0.9-20170817-SNAPSHOT/assetcenter.api-0.0.9-20170817-SNAPSHOT.jar!/com/youzan/pay/assetcenter/api/UnifiedOrderService.class], URL [jar:file:/Users/wulonghui/.m2/repository/com/youzan/pay/assetcenter.api/0.0.9-20170817-SNAPSHOT/assetcenter.api-0.0.9-20170817-SNAPSHOT.jar!/com/youzan/pay/assetcenter/api/UnifiedPayService.class], URL [jar:file:/Users/wulonghui/.m2/repository/com/youzan/pay/assetcenter.spi/0.0.9-20170817-SNAPSHOT/assetcenter.spi-0.0.9-20170817-SNAPSHOT.jar!/com/youzan/pay/assetcenter/service/spi/BalancePayToolSpi.class], URL [jar:file:/Users/wulonghui/.m2/repository/com/youzan/pay/assetcenter.spi/0.0.9-20170817-SNAPSHOT/assetcenter.spi-0.0.9-20170817-SNAPSHOT.jar!/com/youzan/pay/assetcenter/service/spi/CardPayToolSpi.class], URL [jar:file:/Users/wulonghui/.m2/repository/com/youzan/pay/assetcenter.spi/0.0.9-20170817-SNAPSHOT/assetcenter.spi-0.0.9-20170817-SNAPSHOT.jar!/com/youzan/pay/assetcenter/service/spi/constants/EnvironmentConstants.class], URL [jar:file:/Users/wulonghui/.m2/repository/com/youzan/pay/assetcenter.spi/0.0.9-20170817-SNAPSHOT/assetcenter.spi-0.0.9-20170817-SNAPSHOT.jar!/com/youzan/pay/assetcenter/service/spi/constants/ErrorConstants.class], URL [jar:file:/Users/wulonghui/.m2/repository/com/youzan/pay/assetcenter.spi/0.0.9-20170817-SNAPSHOT/assetcenter.spi-0.0.9-20170817-SNAPSHOT.jar!/com/youzan/pay/assetcenter/service/spi/constants/ExtraKeyConstants.class], URL [jar:file:/Users/wulonghui/.m2/repository/com/youzan/pay/assetcenter.spi/0.0.9-20170817-SNAPSHOT/assetcenter.spi-0.0.9-20170817-SNAPSHOT.jar!/com/youzan/pay/assetcenter/service/spi/constants/PayChannelApiConstants.class], URL [jar:file:/Users/wulonghui/.m2/repository/com/youzan/pay/assetcenter.spi/0.0.9-20170817-SNAPSHOT/assetcenter.spi-0.0.9-20170817-SNAPSHOT.jar!/com/youzan/pay/assetcenter/service/spi/ECardPayToolSpi.class], URL [jar:file:/Users/wulonghui/.m2/repository/com/youzan/pay/assetcenter.spi/0.0.9-20170817-SNAPSHOT/assetcenter.spi-0.0.9-20170817-SNAPSHOT.jar!/com/youzan/pay/assetcenter/service/spi/enums/AccountOperateResultCode.class], URL [jar:file:/Users/wulonghui/.m2/repository/com/youzan/pay/assetcenter.spi/0.0.9-20170817-SNAPSHOT/assetcenter.spi-0.0.9-20170817-SNAPSHOT.jar!/com/youzan/pay/assetcenter/service/spi/enums/CurrencyCode.class], URL [jar:file:/Users/wulonghui/.m2/repository/com/youzan/pay/assetcenter.spi/0.0.9-20170817-SNAPSHOT/assetcenter.spi-0.0.9-20170817-SNAPSHOT.jar!/com/youzan/pay/assetcenter/service/spi/enums/PayToolPayStatus.class], URL [jar:file:/Users/wulonghui/.m2/repository/com/youzan/pay/assetcenter.spi/0.0.9-20170817-SNAPSHOT/assetcenter.spi-0.0.9-20170817-SNAPSHOT.jar!/com/youzan/pay/assetcenter/service/spi/enums/PayToolRefundStatus.class], URL [jar:file:/Users/wulonghui/.m2/repository/com/youzan/pay/assetcenter.spi/0.0.9-20170817-SNAPSHOT/assetcenter.spi-0.0.9-20170817-SNAPSHOT.jar!/com/youzan/pay/assetcenter/service/spi/enums/PayToolRevokeStatus.class], URL [jar:file:/Users/wulonghui/.m2/repository/com/youzan/pay/assetcenter.spi/0.0.9-20170817-SNAPSHOT/assetcenter.spi-0.0.9-20170817-SNAPSHOT.jar!/com/youzan/pay/assetcenter/service/spi/enums/PayToolTypeEnum.class], URL [jar:file:/Users/wulonghui/.m2/repository/com/youzan/pay/assetcenter.spi/0.0.9-20170817-SNAPSHOT/assetcenter.spi-0.0.9-20170817-SNAPSHOT.jar!/com/youzan/pay/assetcenter/service/spi/enums/PayToolWithdrawStatus.class], URL [jar:file:/Users/wulonghui/.m2/repository/com/youzan/pay/assetcenter.spi/0.0.9-20170817-SNAPSHOT/assetcenter.spi-0.0.9-20170817-SNAPSHOT.jar!/com/youzan/pay/assetcenter/service/spi/PayToolStandardSpi.class], URL [jar:file:/Users/wulonghui/.m2/repository/com/youzan/pay/assetcenter.spi/0.0.9-20170817-SNAPSHOT/assetcenter.spi-0.0.9-20170817-SNAPSHOT.jar!/com/youzan/pay/assetcenter/service/spi/PayToolWithdrawSpi.class], URL [jar:file:/Users/wulonghui/.m2/repository/com/youzan/pay/assetcenter.spi/0.0.9-20170817-SNAPSHOT/assetcenter.spi-0.0.9-20170817-SNAPSHOT.jar!/com/youzan/pay/assetcenter/service/spi/PrepaidPayToolSpi.class], URL [jar:file:/Users/wulonghui/.m2/repository/com/youzan/pay/assetcenter.spi/0.0.9-20170817-SNAPSHOT/assetcenter.spi-0.0.9-20170817-SNAPSHOT.jar!/com/youzan/pay/assetcenter/service/spi/request/BaseRequest.class], URL [jar:file:/Users/wulonghui/.m2/repository/com/youzan/pay/assetcenter.spi/0.0.9-20170817-SNAPSHOT/assetcenter.spi-0.0.9-20170817-SNAPSHOT.jar!/com/youzan/pay/assetcenter/service/spi/request/Money.class], URL [jar:file:/Users/wulonghui/.m2/repository/com/youzan/pay/assetcenter.spi/0.0.9-20170817-SNAPSHOT/assetcenter.spi-0.0.9-20170817-SNAPSHOT.jar!/com/youzan/pay/assetcenter/service/spi/request/PayToolPayQueryRequest.class], URL [jar:file:/Users/wulonghui/.m2/repository/com/youzan/pay/assetcenter.spi/0.0.9-20170817-SNAPSHOT/assetcenter.spi-0.0.9-20170817-SNAPSHOT.jar!/com/youzan/pay/assetcenter/service/spi/request/PayToolPayRequest.class], URL [jar:file:/Users/wulonghui/.m2/repository/com/youzan/pay/assetcenter.spi/0.0.9-20170817-SNAPSHOT/assetcenter.spi-0.0.9-20170817-SNAPSHOT.jar!/com/youzan/pay/assetcenter/service/spi/request/PayToolRefundQueryRequest.class], URL [jar:file:/Users/wulonghui/.m2/repository/com/youzan/pay/assetcenter.spi/0.0.9-20170817-SNAPSHOT/assetcenter.spi-0.0.9-20170817-SNAPSHOT.jar!/com/youzan/pay/assetcenter/service/spi/request/PayToolRefundRequest.class], URL [jar:file:/Users/wulonghui/.m2/repository/com/youzan/pay/assetcenter.spi/0.0.9-20170817-SNAPSHOT/assetcenter.spi-0.0.9-20170817-SNAPSHOT.jar!/com/youzan/pay/assetcenter/service/spi/request/PayToolRevokeRequest.class], URL [jar:file:/Users/wulonghui/.m2/repository/com/youzan/pay/assetcenter.spi/0.0.9-20170817-SNAPSHOT/assetcenter.spi-0.0.9-20170817-SNAPSHOT.jar!/com/youzan/pay/assetcenter/service/spi/request/PayToolWithdrawQueryRequest.class], URL [jar:file:/Users/wulonghui/.m2/repository/com/youzan/pay/assetcenter.spi/0.0.9-20170817-SNAPSHOT/assetcenter.spi-0.0.9-20170817-SNAPSHOT.jar!/com/youzan/pay/assetcenter/service/spi/request/PayToolWithdrawRequest$ExtentionKey.class], URL [jar:file:/Users/wulonghui/.m2/repository/com/youzan/pay/assetcenter.spi/0.0.9-20170817-SNAPSHOT/assetcenter.spi-0.0.9-20170817-SNAPSHOT.jar!/com/youzan/pay/assetcenter/service/spi/request/PayToolWithdrawRequest.class], URL [jar:file:/Users/wulonghui/.m2/repository/com/youzan/pay/assetcenter.spi/0.0.9-20170817-SNAPSHOT/assetcenter.spi-0.0.9-20170817-SNAPSHOT.jar!/com/youzan/pay/assetcenter/service/spi/request/TraceContext.class], URL [jar:file:/Users/wulonghui/.m2/repository/com/youzan/pay/assetcenter.spi/0.0.9-20170817-SNAPSHOT/assetcenter.spi-0.0.9-20170817-SNAPSHOT.jar!/com/youzan/pay/assetcenter/service/spi/Result/AccountOperationResult.class], URL [jar:file:/Users/wulonghui/.m2/repository/com/youzan/pay/assetcenter.spi/0.0.9-20170817-SNAPSHOT/assetcenter.spi-0.0.9-20170817-SNAPSHOT.jar!/com/youzan/pay/assetcenter/service/spi/Result/AccountResult.class], URL [jar:file:/Users/wulonghui/.m2/repository/com/youzan/pay/assetcenter.spi/0.0.9-20170817-SNAPSHOT/assetcenter.spi-0.0.9-20170817-SNAPSHOT.jar!/com/youzan/pay/assetcenter/service/spi/Result/BaseResult.class], URL [jar:file:/Users/wulonghui/.m2/repository/com/youzan/pay/assetcenter.spi/0.0.9-20170817-SNAPSHOT/assetcenter.spi-0.0.9-20170817-SNAPSHOT.jar!/com/youzan/pay/assetcenter/service/spi/Result/CommonError.class], URL [jar:file:/Users/wulonghui/.m2/repository/com/youzan/pay/assetcenter.spi/0.0.9-20170817-SNAPSHOT/assetcenter.spi-0.0.9-20170817-SNAPSHOT.jar!/com/youzan/pay/assetcenter/service/spi/Result/ErrorContext.class], URL [jar:file:/Users/wulonghui/.m2/repository/com/youzan/pay/assetcenter.spi/0.0.9-20170817-SNAPSHOT/assetcenter.spi-0.0.9-20170817-SNAPSHOT.jar!/com/youzan/pay/assetcenter/service/spi/Result/HttpResult.class], URL [jar:file:/Users/wulonghui/.m2/repository/com/youzan/pay/assetcenter.spi/0.0.9-20170817-SNAPSHOT/assetcenter.spi-0.0.9-20170817-SNAPSHOT.jar!/com/youzan/pay/assetcenter/service/spi/Result/MircoAccountResult.class], URL [jar:file:/Users/wulonghui/.m2/repository/com/youzan/pay/assetcenter.spi/0.0.9-20170817-SNAPSHOT/assetcenter.spi-0.0.9-20170817-SNAPSHOT.jar!/com/youzan/pay/assetcenter/service/spi/Result/PayToolPayResult.class], URL [jar:file:/Users/wulonghui/.m2/repository/com/youzan/pay/assetcenter.spi/0.0.9-20170817-SNAPSHOT/assetcenter.spi-0.0.9-20170817-SNAPSHOT.jar!/com/youzan/pay/assetcenter/service/spi/Result/PayToolRefundQueryResult.class], URL [jar:file:/Users/wulonghui/.m2/repository/com/youzan/pay/assetcenter.spi/0.0.9-20170817-SNAPSHOT/assetcenter.spi-0.0.9-20170817-SNAPSHOT.jar!/com/youzan/pay/assetcenter/service/spi/Result/PayToolRefundResult.class], URL [jar:file:/Users/wulonghui/.m2/repository/com/youzan/pay/assetcenter.spi/0.0.9-20170817-SNAPSHOT/assetcenter.spi-0.0.9-20170817-SNAPSHOT.jar!/com/youzan/pay/assetcenter/service/spi/Result/PayToolRevokeResult.class], URL [jar:file:/Users/wulonghui/.m2/repository/com/youzan/pay/assetcenter.spi/0.0.9-20170817-SNAPSHOT/assetcenter.spi-0.0.9-20170817-SNAPSHOT.jar!/com/youzan/pay/assetcenter/service/spi/Result/PayToolWithdrawResult.class], URL [jar:file:/Users/wulonghui/.m2/repository/com/youzan/pay/assetcenter.spi/0.0.9-20170817-SNAPSHOT/assetcenter.spi-0.0.9-20170817-SNAPSHOT.jar!/com/youzan/pay/assetcenter/service/spi/UnifiedPrepaidCardPayToolSpi.class], URL [jar:file:/Users/wulonghui/.m2/repository/com/youzan/pay/core/core-validate/1.0.2-20170515-RELEASE/core-validate-1.0.2-20170515-RELEASE.jar!/com/youzan/pay/core/validate/constraints/InEnum.class], URL [jar:file:/Users/wulonghui/.m2/repository/com/youzan/pay/core/core-validate/1.0.2-20170515-RELEASE/core-validate-1.0.2-20170515-RELEASE.jar!/com/youzan/pay/core/validate/constraints/InEnumValidator.class], URL [jar:file:/Users/wulonghui/.m2/repository/com/youzan/pay/microaccount-api/0.2.6-20170801-SNAPSHOT/microaccount-api-0.2.6-20170801-SNAPSHOT.jar!/com/youzan/pay/microaccount/prepaidcard/error/CommonError.class], URL [jar:file:/Users/wulonghui/.m2/repository/com/youzan/pay/microaccount-api/0.2.6-20170801-SNAPSHOT/microaccount-api-0.2.6-20170801-SNAPSHOT.jar!/com/youzan/pay/microaccount/prepaidcard/error/MicroAccountErrorCode.class], URL [jar:file:/Users/wulonghui/.m2/repository/com/youzan/pay/microaccount-api/0.2.6-20170801-SNAPSHOT/microaccount-api-0.2.6-20170801-SNAPSHOT.jar!/com/youzan/pay/microaccount/prepaidcard/exception/BizException.class], URL [jar:file:/Users/wulonghui/.m2/repository/com/youzan/pay/microaccount-api/0.2.6-20170801-SNAPSHOT/microaccount-api-0.2.6-20170801-SNAPSHOT.jar!/com/youzan/pay/microaccount/prepaidcard/exception/BizIdempotentException.class], URL [jar:file:/Users/wulonghui/.m2/repository/com/youzan/pay/microaccount-api/0.2.6-20170801-SNAPSHOT/microaccount-api-0.2.6-20170801-SNAPSHOT.jar!/com/youzan/pay/microaccount/prepaidcard/exception/InternalSystemException.class], URL [jar:file:/Users/wulonghui/.m2/repository/com/youzan/pay/microaccount-api/0.2.6-20170801-SNAPSHOT/microaccount-api-0.2.6-20170801-SNAPSHOT.jar!/com/youzan/pay/microaccount/prepaidcard/exception/NoRetryException.class], URL [jar:file:/Users/wulonghui/.m2/repository/com/youzan/pay/microaccount-api/0.2.6-20170801-SNAPSHOT/microaccount-api-0.2.6-20170801-SNAPSHOT.jar!/com/youzan/pay/microaccount/prepaidcard/exception/TradeBusinessException.class], URL [jar:file:/Users/wulonghui/.m2/repository/com/youzan/pay/microaccount-api/0.2.6-20170801-SNAPSHOT/microaccount-api-0.2.6-20170801-SNAPSHOT.jar!/com/youzan/pay/microaccount/prepaidcard/exception/TradeQueryException.class], URL [jar:file:/Users/wulonghui/.m2/repository/com/youzan/pay/microaccount-api/0.2.6-20170801-SNAPSHOT/microaccount-api-0.2.6-20170801-SNAPSHOT.jar!/com/youzan/pay/microaccount/prepaidcard/exception/TransferBussinessException.class], URL [jar:file:/Users/wulonghui/.m2/repository/com/youzan/pay/microaccount-api/0.2.6-20170801-SNAPSHOT/microaccount-api-0.2.6-20170801-SNAPSHOT.jar!/com/youzan/pay/microaccount/prepaidcard/params/base/ValidateParmeter.class], URL [jar:file:/Users/wulonghui/.m2/repository/com/youzan/pay/microaccount-api/0.2.6-20170801-SNAPSHOT/microaccount-api-0.2.6-20170801-SNAPSHOT.jar!/com/youzan/pay/microaccount/prepaidcard/params/PaymentParam.class], URL [jar:file:/Users/wulonghui/.m2/repository/com/youzan/pay/microaccount-api/0.2.6-20170801-SNAPSHOT/microaccount-api-0.2.6-20170801-SNAPSHOT.jar!/com/youzan/pay/microaccount/prepaidcard/params/RechargeParam.class], URL [jar:file:/Users/wulonghui/.m2/repository/com/youzan/pay/microaccount-api/0.2.6-20170801-SNAPSHOT/microaccount-api-0.2.6-20170801-SNAPSHOT.jar!/com/youzan/pay/microaccount/prepaidcard/params/RefundParam.class], URL [jar:file:/Users/wulonghui/.m2/repository/com/youzan/pay/microaccount-api/0.2.6-20170801-SNAPSHOT/microaccount-api-0.2.6-20170801-SNAPSHOT.jar!/com/youzan/pay/microaccount/prepaidcard/params/TradeExtParam.class], URL [jar:file:/Users/wulonghui/.m2/repository/com/youzan/pay/microaccount-api/0.2.6-20170801-SNAPSHOT/microaccount-api-0.2.6-20170801-SNAPSHOT.jar!/com/youzan/pay/microaccount/prepaidcard/params/TradeParam.class], URL [jar:file:/Users/wulonghui/.m2/repository/com/youzan/pay/microaccount-api/0.2.6-20170801-SNAPSHOT/microaccount-api-0.2.6-20170801-SNAPSHOT.jar!/com/youzan/pay/microaccount/prepaidcard/params/TransferParam.class], URL [jar:file:/Users/wulonghui/.m2/repository/com/youzan/pay/microaccount-api/0.2.6-20170801-SNAPSHOT/microaccount-api-0.2.6-20170801-SNAPSHOT.jar!/com/youzan/pay/microaccount/prepaidcard/result/PageResult.class], URL [jar:file:/Users/wulonghui/.m2/repository/com/youzan/pay/microaccount-api/0.2.6-20170801-SNAPSHOT/microaccount-api-0.2.6-20170801-SNAPSHOT.jar!/com/youzan/pay/microaccount/prepaidcard/result/Result.class], URL [jar:file:/Users/wulonghui/.m2/repository/com/youzan/pay/microaccount-api/0.2.6-20170801-SNAPSHOT/microaccount-api-0.2.6-20170801-SNAPSHOT.jar!/com/youzan/pay/microaccount/prepaidcard/result/TradeResult.class], URL [jar:file:/Users/wulonghui/.m2/repository/com/youzan/pay/microaccount-api/0.2.6-20170801-SNAPSHOT/microaccount-api-0.2.6-20170801-SNAPSHOT.jar!/com/youzan/pay/microaccount/prepaidcard/service/AccountService.class], URL [jar:file:/Users/wulonghui/.m2/repository/com/youzan/pay/microaccount-api/0.2.6-20170801-SNAPSHOT/microaccount-api-0.2.6-20170801-SNAPSHOT.jar!/com/youzan/pay/microaccount/prepaidcard/service/TradeService.class], URL [jar:file:/Users/wulonghui/.m2/repository/com/youzan/pay/microaccount-api/0.2.6-20170801-SNAPSHOT/microaccount-api-0.2.6-20170801-SNAPSHOT.jar!/com/youzan/pay/microaccount/prepaidcard/SpringContext/AbstractSpringContext.class], URL [jar:file:/Users/wulonghui/.m2/repository/com/youzan/pay/microaccount-api/0.2.6-20170801-SNAPSHOT/microaccount-api-0.2.6-20170801-SNAPSHOT.jar!/com/youzan/pay/microaccount/prepaidcard/taskService/TaskService.class], URL [jar:file:/Users/wulonghui/.m2/repository/com/youzan/pay/microaccount-api/0.2.6-20170801-SNAPSHOT/microaccount-api-0.2.6-20170801-SNAPSHOT.jar!/com/youzan/pay/microaccount/prepaidcard/to/AccountLogTO.class], URL [jar:file:/Users/wulonghui/.m2/repository/com/youzan/pay/microaccount-api/0.2.6-20170801-SNAPSHOT/microaccount-api-0.2.6-20170801-SNAPSHOT.jar!/com/youzan/pay/microaccount/prepaidcard/to/AccountPayTO.class], URL [jar:file:/Users/wulonghui/.m2/repository/com/youzan/pay/microaccount-api/0.2.6-20170801-SNAPSHOT/microaccount-api-0.2.6-20170801-SNAPSHOT.jar!/com/youzan/pay/microaccount/prepaidcard/to/AccountTO.class], URL [jar:file:/Users/wulonghui/.m2/repository/com/youzan/pay/microaccount-api/0.2.6-20170801-SNAPSHOT/microaccount-api-0.2.6-20170801-SNAPSHOT.jar!/com/youzan/pay/microaccount/prepaidcard/to/TradeTO.class], URL [jar:file:/Users/wulonghui/.m2/repository/com/youzan/account-api/1.1.16-RELEASE/account-api-1.1.16-RELEASE.jar!/com/youzan/account/api/AdminService.class], URL [jar:file:/Users/wulonghui/.m2/repository/com/youzan/account-api/1.1.16-RELEASE/account-api-1.1.16-RELEASE.jar!/com/youzan/account/api/CountryCodeService.class], URL [jar:file:/Users/wulonghui/.m2/repository/com/youzan/account-api/1.1.16-RELEASE/account-api-1.1.16-RELEASE.jar!/com/youzan/account/api/dto/base/BaseResult.class], URL [jar:file:/Users/wulonghui/.m2/repository/com/youzan/account-api/1.1.16-RELEASE/account-api-1.1.16-RELEASE.jar!/com/youzan/account/api/dto/base/PageResult.class], URL [jar:file:/Users/wulonghui/.m2/repository/com/youzan/account-api/1.1.16-RELEASE/account-api-1.1.16-RELEASE.jar!/com/youzan/account/api/dto/CountryCodeDto$CountryCodeDtoBuilder.class], URL [jar:file:/Users/wulonghui/.m2/repository/com/youzan/account-api/1.1.16-RELEASE/account-api-1.1.16-RELEASE.jar!/com/youzan/account/api/dto/CountryCodeDto.class], URL [jar:file:/Users/wulonghui/.m2/repository/com/youzan/account-api/1.1.16-RELEASE/account-api-1.1.16-RELEASE.jar!/com/youzan/account/api/dto/CountryCodePyDto.class], URL [jar:file:/Users/wulonghui/.m2/repository/com/youzan/account-api/1.1.16-RELEASE/account-api-1.1.16-RELEASE.jar!/com/youzan/account/api/dto/merchant/GetUserIdRequestDTO.class], URL [jar:file:/Users/wulonghui/.m2/repository/com/youzan/account-api/1.1.16-RELEASE/account-api-1.1.16-RELEASE.jar!/com/youzan/account/api/dto/merchant/GetUserIdResponseDTO.class], URL [jar:file:/Users/wulonghui/.m2/repository/com/youzan/account-api/1.1.16-RELEASE/account-api-1.1.16-RELEASE.jar!/com/youzan/account/api/dto/merchant/UserMerchantDto.class], URL [jar:file:/Users/wulonghui/.m2/repository/com/youzan/account-api/1.1.16-RELEASE/account-api-1.1.16-RELEASE.jar!/com/youzan/account/api/dto/merchant/UserMerchantDtoRequest.class], URL [jar:file:/Users/wulonghui/.m2/repository/com/youzan/account-api/1.1.16-RELEASE/account-api-1.1.16-RELEASE.jar!/com/youzan/account/api/dto/merchant/UserMerchantDtoResponse.class], URL [jar:file:/Users/wulonghui/.m2/repository/com/youzan/account-api/1.1.16-RELEASE/account-api-1.1.16-RELEASE.jar!/com/youzan/account/api/dto/merchant/UserMerchantSinleRequest.class], URL [jar:file:/Users/wulonghui/.m2/repository/com/youzan/account-api/1.1.16-RELEASE/account-api-1.1.16-RELEASE.jar!/com/youzan/account/api/dto/PlatformUserDto$DftValue.class], URL [jar:file:/Users/wulonghui/.m2/repository/com/youzan/account-api/1.1.16-RELEASE/account-api-1.1.16-RELEASE.jar!/com/youzan/account/api/dto/PlatformUserDto$PlatformUserDtoBuilder.class], URL [jar:file:/Users/wulonghui/.m2/repository/com/youzan/account-api/1.1.16-RELEASE/account-api-1.1.16-RELEASE.jar!/com/youzan/account/api/dto/PlatformUserDto.class], URL [jar:file:/Users/wulonghui/.m2/repository/com/youzan/account-api/1.1.16-RELEASE/account-api-1.1.16-RELEASE.jar!/com/youzan/account/api/dto/PlatformUserInfoDto$PlatformUserInfoDtoBuilder.class], URL [jar:file:/Users/wulonghui/.m2/repository/com/youzan/account-api/1.1.16-RELEASE/account-api-1.1.16-RELEASE.jar!/com/youzan/account/api/dto/PlatformUserInfoDto.class], URL [jar:file:/Users/wulonghui/.m2/repository/com/youzan/account-api/1.1.16-RELEASE/account-api-1.1.16-RELEASE.jar!/com/youzan/account/api/dto/ResultDto.class], URL [jar:file:/Users/wulonghui/.m2/repository/com/youzan/account-api/1.1.16-RELEASE/account-api-1.1.16-RELEASE.jar!/com/youzan/account/api/dto/UserAddressDto.class], URL [jar:file:/Users/wulonghui/.m2/repository/com/youzan/account-api/1.1.16-RELEASE/account-api-1.1.16-RELEASE.jar!/com/youzan/account/api/dto/UserContactDto$UserContactDtoBuilder.class], URL [jar:file:/Users/wulonghui/.m2/repository/com/youzan/account-api/1.1.16-RELEASE/account-api-1.1.16-RELEASE.jar!/com/youzan/account/api/dto/UserContactDto.class], URL [jar:file:/Users/wulonghui/.m2/repository/com/youzan/account-api/1.1.16-RELEASE/account-api-1.1.16-RELEASE.jar!/com/youzan/account/api/dto/UserDetailDto$UserDetailDtoBuilder.class], URL [jar:file:/Users/wulonghui/.m2/repository/com/youzan/account-api/1.1.16-RELEASE/account-api-1.1.16-RELEASE.jar!/com/youzan/account/api/dto/UserDetailDto.class], URL [jar:file:/Users/wulonghui/.m2/repository/com/youzan/account-api/1.1.16-RELEASE/account-api-1.1.16-RELEASE.jar!/com/youzan/account/api/dto/UserFansBindDto$UserFansBindDtoBuilder.class], URL [jar:file:/Users/wulonghui/.m2/repository/com/youzan/account-api/1.1.16-RELEASE/account-api-1.1.16-RELEASE.jar!/com/youzan/account/api/dto/UserFansBindDto.class], URL [jar:file:/Users/wulonghui/.m2/repository/com/youzan/account-api/1.1.16-RELEASE/account-api-1.1.16-RELEASE.jar!/com/youzan/account/api/dto/UserInfoDto$UserInfoDtoBuilder.class], URL [jar:file:/Users/wulonghui/.m2/repository/com/youzan/account-api/1.1.16-RELEASE/account-api-1.1.16-RELEASE.jar!/com/youzan/account/api/dto/UserInfoDto.class], URL [jar:file:/Users/wulonghui/.m2/repository/com/youzan/account-api/1.1.16-RELEASE/account-api-1.1.16-RELEASE.jar!/com/youzan/account/api/dto/UserLoginDto$UserLoginDtoBuilder.class], URL [jar:file:/Users/wulonghui/.m2/repository/com/youzan/account-api/1.1.16-RELEASE/account-api-1.1.16-RELEASE.jar!/com/youzan/account/api/dto/UserLoginDto.class], URL [jar:file:/Users/wulonghui/.m2/repository/com/youzan/account-api/1.1.16-RELEASE/account-api-1.1.16-RELEASE.jar!/com/youzan/account/api/dto/UserPasswordDto$UserPasswordDtoBuilder.class], URL [jar:file:/Users/wulonghui/.m2/repository/com/youzan/account-api/1.1.16-RELEASE/account-api-1.1.16-RELEASE.jar!/com/youzan/account/api/dto/UserPasswordDto.class], URL [jar:file:/Users/wulonghui/.m2/repository/com/youzan/account-api/1.1.16-RELEASE/account-api-1.1.16-RELEASE.jar!/com/youzan/account/api/dto/UserSimpleDto$UserSimpleDtoBuilder.class], URL [jar:file:/Users/wulonghui/.m2/repository/com/youzan/account-api/1.1.16-RELEASE/account-api-1.1.16-RELEASE.jar!/com/youzan/account/api/dto/UserSimpleDto.class], URL [jar:file:/Users/wulonghui/.m2/repository/com/youzan/account-api/1.1.16-RELEASE/account-api-1.1.16-RELEASE.jar!/com/youzan/account/api/dto/UserTagDictionaryDto.class], URL [jar:file:/Users/wulonghui/.m2/repository/com/youzan/account-api/1.1.16-RELEASE/account-api-1.1.16-RELEASE.jar!/com/youzan/account/api/dto/UserTagDto.class], URL [jar:file:/Users/wulonghui/.m2/repository/com/youzan/account-api/1.1.16-RELEASE/account-api-1.1.16-RELEASE.jar!/com/youzan/account/api/dto/UserTagValueDto.class], URL [jar:file:/Users/wulonghui/.m2/repository/com/youzan/account-api/1.1.16-RELEASE/account-api-1.1.16-RELEASE.jar!/com/youzan/account/api/fans/dto/FansDto$FansDtoBuilder.class], URL [jar:file:/Users/wulonghui/.m2/repository/com/youzan/account-api/1.1.16-RELEASE/account-api-1.1.16-RELEASE.jar!/com/youzan/account/api/fans/dto/FansDto.class], URL [jar:file:/Users/wulonghui/.m2/repository/com/youzan/account-api/1.1.16-RELEASE/account-api-1.1.16-RELEASE.jar!/com/youzan/account/api/fans/dto/KdtUaDto$KdtUaDtoBuilder.class], URL [jar:file:/Users/wulonghui/.m2/repository/com/youzan/account-api/1.1.16-RELEASE/account-api-1.1.16-RELEASE.jar!/com/youzan/account/api/fans/dto/KdtUaDto.class], URL [jar:file:/Users/wulonghui/.m2/repository/com/youzan/account-api/1.1.16-RELEASE/account-api-1.1.16-RELEASE.jar!/com/youzan/account/api/fans/dto/KdtUserFansDto$KdtUserFansDtoBuilder.class], URL [jar:file:/Users/wulonghui/.m2/repository/com/youzan/account-api/1.1.16-RELEASE/account-api-1.1.16-RELEASE.jar!/com/youzan/account/api/fans/dto/KdtUserFansDto.class], URL [jar:file:/Users/wulonghui/.m2/repository/com/youzan/account-api/1.1.16-RELEASE/account-api-1.1.16-RELEASE.jar!/com/youzan/account/api/fans/KdtUaService.class], URL [jar:file:/Users/wulonghui/.m2/repository/com/youzan/account-api/1.1.16-RELEASE/account-api-1.1.16-RELEASE.jar!/com/youzan/account/api/fans/KdtUserFansService.class], URL [jar:file:/Users/wulonghui/.m2/repository/com/youzan/account-api/1.1.16-RELEASE/account-api-1.1.16-RELEASE.jar!/com/youzan/account/api/PlatformUserReadService.class], URL [jar:file:/Users/wulonghui/.m2/repository/com/youzan/account-api/1.1.16-RELEASE/account-api-1.1.16-RELEASE.jar!/com/youzan/account/api/PlatformUserService.class], URL [jar:file:/Users/wulonghui/.m2/repository/com/youzan/account-api/1.1.16-RELEASE/account-api-1.1.16-RELEASE.jar!/com/youzan/account/api/PlatformUserWriteService.class], URL [jar:file:/Users/wulonghui/.m2/repository/com/youzan/account-api/1.1.16-RELEASE/account-api-1.1.16-RELEASE.jar!/com/youzan/account/api/query/base/BaseQuery.class], URL [jar:file:/Users/wulonghui/.m2/repository/com/youzan/account-api/1.1.16-RELEASE/account-api-1.1.16-RELEASE.jar!/com/youzan/account/api/query/KdtUserFansQuery$KdtUserFansQueryBuilder.class], URL [jar:file:/Users/wulonghui/.m2/repository/com/youzan/account-api/1.1.16-RELEASE/account-api-1.1.16-RELEASE.jar!/com/youzan/account/api/query/KdtUserFansQuery.class], URL [jar:file:/Users/wulonghui/.m2/repository/com/youzan/account-api/1.1.16-RELEASE/account-api-1.1.16-RELEASE.jar!/com/youzan/account/api/query/UserConditionQuery.class], URL [jar:file:/Users/wulonghui/.m2/repository/com/youzan/account-api/1.1.16-RELEASE/account-api-1.1.16-RELEASE.jar!/com/youzan/account/api/query/UserInfoQuery$UserInfoQueryBuilder.class], URL [jar:file:/Users/wulonghui/.m2/repository/com/youzan/account-api/1.1.16-RELEASE/account-api-1.1.16-RELEASE.jar!/com/youzan/account/api/query/UserInfoQuery.class], URL [jar:file:/Users/wulonghui/.m2/repository/com/youzan/account-api/1.1.16-RELEASE/account-api-1.1.16-RELEASE.jar!/com/youzan/account/api/request/CountryCodeQueryRequest.class], URL [jar:file:/Users/wulonghui/.m2/repository/com/youzan/account-api/1.1.16-RELEASE/account-api-1.1.16-RELEASE.jar!/com/youzan/account/api/UserAddressReadService.class], URL [jar:file:/Users/wulonghui/.m2/repository/com/youzan/account-api/1.1.16-RELEASE/account-api-1.1.16-RELEASE.jar!/com/youzan/account/api/UserAddressWriteService.class], URL [jar:file:/Users/wulonghui/.m2/repository/com/youzan/account-api/1.1.16-RELEASE/account-api-1.1.16-RELEASE.jar!/com/youzan/account/api/UserContactService.class], URL [jar:file:/Users/wulonghui/.m2/repository/com/youzan/account-api/1.1.16-RELEASE/account-api-1.1.16-RELEASE.jar!/com/youzan/account/api/UserMerchantService.class], URL [jar:file:/Users/wulonghui/.m2/repository/com/youzan/account-api/1.1.16-RELEASE/account-api-1.1.16-RELEASE.jar!/com/youzan/account/api/UserReadService.class], URL [jar:file:/Users/wulonghui/.m2/repository/com/youzan/account-api/1.1.16-RELEASE/account-api-1.1.16-RELEASE.jar!/com/youzan/account/api/UserTagDicWriteService.class], URL [jar:file:/Users/wulonghui/.m2/repository/com/youzan/account-api/1.1.16-RELEASE/account-api-1.1.16-RELEASE.jar!/com/youzan/account/api/UserTagReadService.class], URL [jar:file:/Users/wulonghui/.m2/repository/com/youzan/account-api/1.1.16-RELEASE/account-api-1.1.16-RELEASE.jar!/com/youzan/account/api/UserTagWriteService.class], URL [jar:file:/Users/wulonghui/.m2/repository/com/youzan/account-api/1.1.16-RELEASE/account-api-1.1.16-RELEASE.jar!/com/youzan/account/api/UserWriteService.class], URL [jar:file:/Users/wulonghui/.m2/repository/com/youzan/account-api/1.1.16-RELEASE/account-api-1.1.16-RELEASE.jar!/com/youzan/account/domain/Admin$AdminBuilder.class], URL [jar:file:/Users/wulonghui/.m2/repository/com/youzan/account-api/1.1.16-RELEASE/account-api-1.1.16-RELEASE.jar!/com/youzan/account/domain/Admin.class], URL [jar:file:/Users/wulonghui/.m2/repository/com/youzan/account-api/1.1.16-RELEASE/account-api-1.1.16-RELEASE.jar!/com/youzan/account/domain/AdminSimple$AdminSimpleBuilder.class], URL [jar:file:/Users/wulonghui/.m2/repository/com/youzan/account-api/1.1.16-RELEASE/account-api-1.1.16-RELEASE.jar!/com/youzan/account/domain/AdminSimple.class], URL [jar:file:/Users/wulonghui/.m2/repository/com/youzan/account-api/1.1.16-RELEASE/account-api-1.1.16-RELEASE.jar!/com/youzan/uic/api/common/fans/FansQueryService.class], URL [jar:file:/Users/wulonghui/.m2/repository/com/youzan/account-api/1.1.16-RELEASE/account-api-1.1.16-RELEASE.jar!/com/youzan/uic/api/dto/FansInfoDto$FansInfoDtoBuilder.class], URL [jar:file:/Users/wulonghui/.m2/repository/com/youzan/account-api/1.1.16-RELEASE/account-api-1.1.16-RELEASE.jar!/com/youzan/uic/api/dto/FansInfoDto.class], URL [jar:file:/Users/wulonghui/.m2/repository/com/youzan/account-api/1.1.16-RELEASE/account-api-1.1.16-RELEASE.jar!/com/youzan/uic/api/exception/CommonExceptionEnum.class], URL [jar:file:/Users/wulonghui/.m2/repository/com/youzan/account-api/1.1.16-RELEASE/account-api-1.1.16-RELEASE.jar!/com/youzan/uic/api/exception/KdtUserFansExceptionEnum.class], URL [jar:file:/Users/wulonghui/.m2/repository/com/youzan/account-api/1.1.16-RELEASE/account-api-1.1.16-RELEASE.jar!/com/youzan/uic/api/exception/UserAddressExceptionEnum.class], URL [jar:file:/Users/wulonghui/.m2/repository/com/youzan/account-api/1.1.16-RELEASE/account-api-1.1.16-RELEASE.jar!/com/youzan/uic/api/exception/UserExceptionEnum.class], URL [jar:file:/Users/wulonghui/.m2/repository/com/youzan/account-api/1.1.16-RELEASE/account-api-1.1.16-RELEASE.jar!/com/youzan/uic/api/exception/UserSafeCheckExceptionEnum.class], URL [jar:file:/Users/wulonghui/.m2/repository/com/youzan/account-api/1.1.16-RELEASE/account-api-1.1.16-RELEASE.jar!/com/youzan/uic/api/exception/UserSecurityExceptionEnum.class], URL [jar:file:/Users/wulonghui/.m2/repository/com/youzan/account-api/1.1.16-RELEASE/account-api-1.1.16-RELEASE.jar!/com/youzan/uic/api/exception/UserTagExceptionEnum.class], URL [jar:file:/Users/wulonghui/.m2/repository/com/youzan/account-api/1.1.16-RELEASE/account-api-1.1.16-RELEASE.jar!/com/youzan/uic/api/request/common/fans/FansQueryByFans$FansQueryByFansBuilder.class], URL [jar:file:/Users/wulonghui/.m2/repository/com/youzan/account-api/1.1.16-RELEASE/account-api-1.1.16-RELEASE.jar!/com/youzan/uic/api/request/common/fans/FansQueryByFans.class], URL [jar:file:/Users/wulonghui/.m2/repository/com/youzan/account-api/1.1.16-RELEASE/account-api-1.1.16-RELEASE.jar!/com/youzan/uic/api/request/common/fans/FansQueryByUser$FansQueryByUserBuilder.class], URL [jar:file:/Users/wulonghui/.m2/repository/com/youzan/account-api/1.1.16-RELEASE/account-api-1.1.16-RELEASE.jar!/com/youzan/uic/api/request/common/fans/FansQueryByUser.class], URL [jar:file:/Users/wulonghui/.m2/repository/com/youzan/account-api/1.1.16-RELEASE/account-api-1.1.16-RELEASE.jar!/com/youzan/uic/api/request/common/fans/FansQueryInfo$FansQueryInfoBuilder.class], URL [jar:file:/Users/wulonghui/.m2/repository/com/youzan/account-api/1.1.16-RELEASE/account-api-1.1.16-RELEASE.jar!/com/youzan/uic/api/request/common/fans/FansQueryInfo.class], URL [jar:file:/Users/wulonghui/.m2/repository/com/youzan/account-api/1.1.16-RELEASE/account-api-1.1.16-RELEASE.jar!/com/youzan/uic/api/request/common/FansPlatformType.class], URL [jar:file:/Users/wulonghui/.m2/repository/com/youzan/account-api/1.1.16-RELEASE/account-api-1.1.16-RELEASE.jar!/com/youzan/uic/api/request/QueryUserRequest$QueryUserRequestBuilder.class], URL [jar:file:/Users/wulonghui/.m2/repository/com/youzan/account-api/1.1.16-RELEASE/account-api-1.1.16-RELEASE.jar!/com/youzan/uic/api/request/QueryUserRequest.class], URL [jar:file:/Users/wulonghui/.m2/repository/com/youzan/account-api/1.1.16-RELEASE/account-api-1.1.16-RELEASE.jar!/com/youzan/uic/api/request/security/UserSecurityInfo$UserSecurityInfoBuilder.class], URL [jar:file:/Users/wulonghui/.m2/repository/com/youzan/account-api/1.1.16-RELEASE/account-api-1.1.16-RELEASE.jar!/com/youzan/uic/api/request/security/UserSecurityInfo.class], URL [jar:file:/Users/wulonghui/.m2/repository/com/youzan/account-api/1.1.16-RELEASE/account-api-1.1.16-RELEASE.jar!/com/youzan/uic/api/security/UserSecurityService.class], URL [jar:file:/Users/wulonghui/.m2/repository/com/youzan/account-api/1.1.16-RELEASE/account-api-1.1.16-RELEASE.jar!/com/youzan/uic/api/UserService.class], URL [jar:file:/Users/wulonghui/.m2/repository/com/youzan/common-model/1.0.1-SNAPSHOT/common-model-1.0.1-SNAPSHOT.jar!/com/youzan/api/common/enums/IErrorCode.class], URL [jar:file:/Users/wulonghui/.m2/repository/com/youzan/common-model/1.0.1-SNAPSHOT/common-model-1.0.1-SNAPSHOT.jar!/com/youzan/api/common/request/BaseRequest.class], URL [jar:file:/Users/wulonghui/.m2/repository/com/youzan/common-model/1.0.1-SNAPSHOT/common-model-1.0.1-SNAPSHOT.jar!/com/youzan/api/common/response/BaseResult.class], URL [jar:file:/Users/wulonghui/.m2/repository/com/youzan/common-model/1.0.1-SNAPSHOT/common-model-1.0.1-SNAPSHOT.jar!/com/youzan/api/common/response/CommonResultCode.class], URL [jar:file:/Users/wulonghui/.m2/repository/com/youzan/common-model/1.0.1-SNAPSHOT/common-model-1.0.1-SNAPSHOT.jar!/com/youzan/api/common/response/DataResult.class], URL [jar:file:/Users/wulonghui/.m2/repository/com/youzan/common-model/1.0.1-SNAPSHOT/common-model-1.0.1-SNAPSHOT.jar!/com/youzan/api/common/response/ListResult.class], URL [jar:file:/Users/wulonghui/.m2/repository/com/youzan/common-model/1.0.1-SNAPSHOT/common-model-1.0.1-SNAPSHOT.jar!/com/youzan/api/common/response/MapResult.class], URL [jar:file:/Users/wulonghui/.m2/repository/com/youzan/common-model/1.0.1-SNAPSHOT/common-model-1.0.1-SNAPSHOT.jar!/com/youzan/api/common/response/Paginator.class], URL [jar:file:/Users/wulonghui/.m2/repository/com/youzan/common-model/1.0.1-SNAPSHOT/common-model-1.0.1-SNAPSHOT.jar!/com/youzan/api/common/response/PaginatorResult.class], URL [jar:file:/Users/wulonghui/.m2/repository/com/youzan/common-model/1.0.1-SNAPSHOT/common-model-1.0.1-SNAPSHOT.jar!/com/youzan/api/common/response/PlainResult.class], URL [jar:file:/Users/wulonghui/.m2/repository/com/youzan/common-model/1.0.1-SNAPSHOT/common-model-1.0.1-SNAPSHOT.jar!/com/youzan/api/common/response/SimpleResult.class], URL [jar:file:/Users/wulonghui/.m2/repository/com/youzan/common-model/1.0.1-SNAPSHOT/common-model-1.0.1-SNAPSHOT.jar!/com/youzan/api/common/vo/ListWithPaginatorVO.class], URL [jar:file:/Users/wulonghui/.m2/repository/com/youzan/pay/fund_channel.open-api/1.0.0-20170710-RELEASE/fund_channel.open-api-1.0.0-20170710-RELEASE.jar!/com/youzan/pay/fundchannel/open/api/BankCardService.class], URL [jar:file:/Users/wulonghui/.m2/repository/com/youzan/pay/fund_channel.open-api/1.0.0-20170710-RELEASE/fund_channel.open-api-1.0.0-20170710-RELEASE.jar!/com/youzan/pay/fundchannel/open/enums/BankErrorCode.class], URL [jar:file:/Users/wulonghui/.m2/repository/com/youzan/pay/fund_channel.open-api/1.0.0-20170710-RELEASE/fund_channel.open-api-1.0.0-20170710-RELEASE.jar!/com/youzan/pay/fundchannel/open/enums/ChannelBindStatus.class], URL [jar:file:/Users/wulonghui/.m2/repository/com/youzan/pay/fund_channel.open-api/1.0.0-20170710-RELEASE/fund_channel.open-api-1.0.0-20170710-RELEASE.jar!/com/youzan/pay/fundchannel/open/enums/IdCardType.class], URL [jar:file:/Users/wulonghui/.m2/repository/com/youzan/pay/fund_channel.open-api/1.0.0-20170710-RELEASE/fund_channel.open-api-1.0.0-20170710-RELEASE.jar!/com/youzan/pay/fundchannel/open/enums/SmsType.class], URL [jar:file:/Users/wulonghui/.m2/repository/com/youzan/pay/fund_channel.open-api/1.0.0-20170710-RELEASE/fund_channel.open-api-1.0.0-20170710-RELEASE.jar!/com/youzan/pay/fundchannel/open/model/bankcard/BankBindCheckRequest.class], URL [jar:file:/Users/wulonghui/.m2/repository/com/youzan/pay/fund_channel.open-api/1.0.0-20170710-RELEASE/fund_channel.open-api-1.0.0-20170710-RELEASE.jar!/com/youzan/pay/fundchannel/open/model/bankcard/BankBindCheckResult$Result.class], URL [jar:file:/Users/wulonghui/.m2/repository/com/youzan/pay/fund_channel.open-api/1.0.0-20170710-RELEASE/fund_channel.open-api-1.0.0-20170710-RELEASE.jar!/com/youzan/pay/fundchannel/open/model/bankcard/BankBindCheckResult.class], URL [jar:file:/Users/wulonghui/.m2/repository/com/youzan/pay/fund_channel.open-api/1.0.0-20170710-RELEASE/fund_channel.open-api-1.0.0-20170710-RELEASE.jar!/com/youzan/pay/fundchannel/open/model/bankcard/BankCardCheckRequest.class], URL [jar:file:/Users/wulonghui/.m2/repository/com/youzan/pay/fund_channel.open-api/1.0.0-20170710-RELEASE/fund_channel.open-api-1.0.0-20170710-RELEASE.jar!/com/youzan/pay/fundchannel/open/model/bankcard/BankCardCheckResult.class], URL [jar:file:/Users/wulonghui/.m2/repository/com/youzan/pay/fund_channel.open-api/1.0.0-20170710-RELEASE/fund_channel.open-api-1.0.0-20170710-RELEASE.jar!/com/youzan/pay/fundchannel/open/model/bankcard/BankPayConfirmRequest$BankCardInfo.class], URL [jar:file:/Users/wulonghui/.m2/repository/com/youzan/pay/fund_channel.open-api/1.0.0-20170710-RELEASE/fund_channel.open-api-1.0.0-20170710-RELEASE.jar!/com/youzan/pay/fundchannel/open/model/bankcard/BankPayConfirmRequest.class], URL [jar:file:/Users/wulonghui/.m2/repository/com/youzan/pay/fund_channel.open-api/1.0.0-20170710-RELEASE/fund_channel.open-api-1.0.0-20170710-RELEASE.jar!/com/youzan/pay/fundchannel/open/model/bankcard/BankPayConfirmResult.class], URL [jar:file:/Users/wulonghui/.m2/repository/com/youzan/pay/fund_channel.open-api/1.0.0-20170710-RELEASE/fund_channel.open-api-1.0.0-20170710-RELEASE.jar!/com/youzan/pay/fundchannel/open/model/bankcard/SendSmsRequest.class], URL [jar:file:/Users/wulonghui/.m2/repository/com/youzan/pay/fund_channel.open-api/1.0.0-20170710-RELEASE/fund_channel.open-api-1.0.0-20170710-RELEASE.jar!/com/youzan/pay/fundchannel/open/model/bankcard/SendSmsResult.class], URL [jar:file:/Users/wulonghui/.m2/repository/com/youzan/pay/fund_channel.open-api/1.0.0-20170710-RELEASE/fund_channel.open-api-1.0.0-20170710-RELEASE.jar!/com/youzan/pay/fundchannel/open/model/BaseRequest.class], URL [jar:file:/Users/wulonghui/.m2/repository/com/youzan/pay/fund_channel.open-api/1.0.0-20170710-RELEASE/fund_channel.open-api-1.0.0-20170710-RELEASE.jar!/com/youzan/pay/fundchannel/open/model/BaseResponse.class], URL [jar:file:/Users/wulonghui/.m2/repository/com/youzan/pay/fund_channel.core-commons/1.0.0-20170710-RELEASE/fund_channel.core-commons-1.0.0-20170710-RELEASE.jar!/com/youzan/pay/fundchannel/commons/annotation/AttributeAlias.class], URL [jar:file:/Users/wulonghui/.m2/repository/com/youzan/pay/fund_channel.core-commons/1.0.0-20170710-RELEASE/fund_channel.core-commons-1.0.0-20170710-RELEASE.jar!/com/youzan/pay/fundchannel/commons/component/HttpTools.class], URL [jar:file:/Users/wulonghui/.m2/repository/com/youzan/pay/fund_channel.core-commons/1.0.0-20170710-RELEASE/fund_channel.core-commons-1.0.0-20170710-RELEASE.jar!/com/youzan/pay/fundchannel/commons/constant/GlobalConstants.class], URL [jar:file:/Users/wulonghui/.m2/repository/com/youzan/pay/fund_channel.core-commons/1.0.0-20170710-RELEASE/fund_channel.core-commons-1.0.0-20170710-RELEASE.jar!/com/youzan/pay/fundchannel/commons/enums/BankTypeEnum.class], URL [jar:file:/Users/wulonghui/.m2/repository/com/youzan/pay/fund_channel.core-commons/1.0.0-20170710-RELEASE/fund_channel.core-commons-1.0.0-20170710-RELEASE.jar!/com/youzan/pay/fundchannel/commons/enums/BaseModelStatus.class], URL [jar:file:/Users/wulonghui/.m2/repository/com/youzan/pay/fund_channel.core-commons/1.0.0-20170710-RELEASE/fund_channel.core-commons-1.0.0-20170710-RELEASE.jar!/com/youzan/pay/fundchannel/commons/enums/ChannelFeeType.class], URL [jar:file:/Users/wulonghui/.m2/repository/com/youzan/pay/fund_channel.core-commons/1.0.0-20170710-RELEASE/fund_channel.core-commons-1.0.0-20170710-RELEASE.jar!/com/youzan/pay/fundchannel/commons/enums/CommandType.class], URL [jar:file:/Users/wulonghui/.m2/repository/com/youzan/pay/fund_channel.core-commons/1.0.0-20170710-RELEASE/fund_channel.core-commons-1.0.0-20170710-RELEASE.jar!/com/youzan/pay/fundchannel/commons/enums/CurrencyCode.class], URL [jar:file:/Users/wulonghui/.m2/repository/com/youzan/pay/fund_channel.core-commons/1.0.0-20170710-RELEASE/fund_channel.core-commons-1.0.0-20170710-RELEASE.jar!/com/youzan/pay/fundchannel/commons/enums/ErrorCode.class], URL [jar:file:/Users/wulonghui/.m2/repository/com/youzan/pay/fund_channel.core-commons/1.0.0-20170710-RELEASE/fund_channel.core-commons-1.0.0-20170710-RELEASE.jar!/com/youzan/pay/fundchannel/commons/enums/ErrorType.class], URL [jar:file:/Users/wulonghui/.m2/repository/com/youzan/pay/fund_channel.core-commons/1.0.0-20170710-RELEASE/fund_channel.core-commons-1.0.0-20170710-RELEASE.jar!/com/youzan/pay/fundchannel/commons/enums/Institution.class], URL [jar:file:/Users/wulonghui/.m2/repository/com/youzan/pay/fund_channel.core-commons/1.0.0-20170710-RELEASE/fund_channel.core-commons-1.0.0-20170710-RELEASE.jar!/com/youzan/pay/fundchannel/commons/enums/InstructState.class], URL [jar:file:/Users/wulonghui/.m2/repository/com/youzan/pay/fund_channel.core-commons/1.0.0-20170710-RELEASE/fund_channel.core-commons-1.0.0-20170710-RELEASE.jar!/com/youzan/pay/fundchannel/commons/enums/PartnerCode.class], URL [jar:file:/Users/wulonghui/.m2/repository/com/youzan/pay/fund_channel.core-commons/1.0.0-20170710-RELEASE/fund_channel.core-commons-1.0.0-20170710-RELEASE.jar!/com/youzan/pay/fundchannel/commons/enums/PayChannel.class], URL [jar:file:/Users/wulonghui/.m2/repository/com/youzan/pay/fund_channel.core-commons/1.0.0-20170710-RELEASE/fund_channel.core-commons-1.0.0-20170710-RELEASE.jar!/com/youzan/pay/fundchannel/commons/enums/PayMode.class], URL [jar:file:/Users/wulonghui/.m2/repository/com/youzan/pay/fund_channel.core-commons/1.0.0-20170710-RELEASE/fund_channel.core-commons-1.0.0-20170710-RELEASE.jar!/com/youzan/pay/fundchannel/commons/enums/RedisKey$1.class], URL [jar:file:/Users/wulonghui/.m2/repository/com/youzan/pay/fund_channel.core-commons/1.0.0-20170710-RELEASE/fund_channel.core-commons-1.0.0-20170710-RELEASE.jar!/com/youzan/pay/fundchannel/commons/enums/RedisKey.class], URL [jar:file:/Users/wulonghui/.m2/repository/com/youzan/pay/fund_channel.core-commons/1.0.0-20170710-RELEASE/fund_channel.core-commons-1.0.0-20170710-RELEASE.jar!/com/youzan/pay/fundchannel/commons/enums/SelfPayTypeEnum.class], URL [jar:file:/Users/wulonghui/.m2/repository/com/youzan/pay/fund_channel.core-commons/1.0.0-20170710-RELEASE/fund_channel.core-commons-1.0.0-20170710-RELEASE.jar!/com/youzan/pay/fundchannel/commons/exception/BaseException.class], URL [jar:file:/Users/wulonghui/.m2/repository/com/youzan/pay/fund_channel.core-commons/1.0.0-20170710-RELEASE/fund_channel.core-commons-1.0.0-20170710-RELEASE.jar!/com/youzan/pay/fundchannel/commons/exception/ChannelException.class], URL [jar:file:/Users/wulonghui/.m2/repository/com/youzan/pay/fund_channel.core-commons/1.0.0-20170710-RELEASE/fund_channel.core-commons-1.0.0-20170710-RELEASE.jar!/com/youzan/pay/fundchannel/commons/exception/HttpException.class], URL [jar:file:/Users/wulonghui/.m2/repository/com/youzan/pay/fund_channel.core-commons/1.0.0-20170710-RELEASE/fund_channel.core-commons-1.0.0-20170710-RELEASE.jar!/com/youzan/pay/fundchannel/commons/exception/ServiceException.class], URL [jar:file:/Users/wulonghui/.m2/repository/com/youzan/pay/fund_channel.core-commons/1.0.0-20170710-RELEASE/fund_channel.core-commons-1.0.0-20170710-RELEASE.jar!/com/youzan/pay/fundchannel/commons/utils/AESUtils.class], URL [jar:file:/Users/wulonghui/.m2/repository/com/youzan/pay/fund_channel.core-commons/1.0.0-20170710-RELEASE/fund_channel.core-commons-1.0.0-20170710-RELEASE.jar!/com/youzan/pay/fundchannel/commons/utils/BeanUtils.class], URL [jar:file:/Users/wulonghui/.m2/repository/com/youzan/pay/fund_channel.core-commons/1.0.0-20170710-RELEASE/fund_channel.core-commons-1.0.0-20170710-RELEASE.jar!/com/youzan/pay/fundchannel/commons/utils/DateUtils.class], URL [jar:file:/Users/wulonghui/.m2/repository/com/youzan/pay/fund_channel.core-commons/1.0.0-20170710-RELEASE/fund_channel.core-commons-1.0.0-20170710-RELEASE.jar!/com/youzan/pay/fundchannel/commons/utils/GeneralUtils.class], URL [jar:file:/Users/wulonghui/.m2/repository/com/youzan/pay/fund_channel.core-commons/1.0.0-20170710-RELEASE/fund_channel.core-commons-1.0.0-20170710-RELEASE.jar!/com/youzan/pay/fundchannel/commons/utils/HexUtils.class], URL [jar:file:/Users/wulonghui/.m2/repository/com/youzan/pay/fund_channel.core-commons/1.0.0-20170710-RELEASE/fund_channel.core-commons-1.0.0-20170710-RELEASE.jar!/com/youzan/pay/fundchannel/commons/utils/JsonUtils.class], URL [jar:file:/Users/wulonghui/.m2/repository/com/youzan/pay/fund_channel.core-commons/1.0.0-20170710-RELEASE/fund_channel.core-commons-1.0.0-20170710-RELEASE.jar!/com/youzan/pay/fundchannel/commons/utils/MapConvert.class], URL [jar:file:/Users/wulonghui/.m2/repository/com/youzan/pay/fund_channel.core-commons/1.0.0-20170710-RELEASE/fund_channel.core-commons-1.0.0-20170710-RELEASE.jar!/com/youzan/pay/fundchannel/commons/utils/PreCheckUtils.class], URL [jar:file:/Users/wulonghui/.m2/repository/com/youzan/pay/fund_channel.core-commons/1.0.0-20170710-RELEASE/fund_channel.core-commons-1.0.0-20170710-RELEASE.jar!/com/youzan/pay/fundchannel/commons/utils/PropertyUtils.class], URL [jar:file:/Users/wulonghui/.m2/repository/com/youzan/pay/fund_channel.core-commons/1.0.0-20170710-RELEASE/fund_channel.core-commons-1.0.0-20170710-RELEASE.jar!/com/youzan/pay/fundchannel/commons/utils/ReflectUtil.class], URL [jar:file:/Users/wulonghui/.m2/repository/com/youzan/pay/fund_channel.core-commons/1.0.0-20170710-RELEASE/fund_channel.core-commons-1.0.0-20170710-RELEASE.jar!/com/youzan/pay/fundchannel/commons/utils/StringUtils.class], URL [jar:file:/Users/wulonghui/.m2/repository/com/youzan/pay/fund_channel.core-commons/1.0.0-20170710-RELEASE/fund_channel.core-commons-1.0.0-20170710-RELEASE.jar!/com/youzan/pay/fundchannel/commons/utils/XmlUtil$1.class], URL [jar:file:/Users/wulonghui/.m2/repository/com/youzan/pay/fund_channel.core-commons/1.0.0-20170710-RELEASE/fund_channel.core-commons-1.0.0-20170710-RELEASE.jar!/com/youzan/pay/fundchannel/commons/utils/XmlUtil$MapEntryConverter.class], URL [jar:file:/Users/wulonghui/.m2/repository/com/youzan/pay/fund_channel.core-commons/1.0.0-20170710-RELEASE/fund_channel.core-commons-1.0.0-20170710-RELEASE.jar!/com/youzan/pay/fundchannel/commons/utils/XmlUtil.class], URL [jar:file:/Users/wulonghui/.m2/repository/com/youzan/pay/core/0.2.9-20170710-RELEASE/core-0.2.9-20170710-RELEASE.jar!/com/youzan/pay/core/alarm/Alarm.class], URL [jar:file:/Users/wulonghui/.m2/repository/com/youzan/pay/core/0.2.9-20170710-RELEASE/core-0.2.9-20170710-RELEASE.jar!/com/youzan/pay/core/alarm/bean/AlarmBean.class], URL [jar:file:/Users/wulonghui/.m2/repository/com/youzan/pay/core/0.2.9-20170710-RELEASE/core-0.2.9-20170710-RELEASE.jar!/com/youzan/pay/core/alarm/bean/TimeRangeBean.class], URL [jar:file:/Users/wulonghui/.m2/repository/com/youzan/pay/core/0.2.9-20170710-RELEASE/core-0.2.9-20170710-RELEASE.jar!/com/youzan/pay/core/alarm/bean/WeixinAlarmBean.class], URL [jar:file:/Users/wulonghui/.m2/repository/com/youzan/pay/core/0.2.9-20170710-RELEASE/core-0.2.9-20170710-RELEASE.jar!/com/youzan/pay/core/alarm/helper/WeixinAlarmHelper.class], URL [jar:file:/Users/wulonghui/.m2/repository/com/youzan/pay/core/0.2.9-20170710-RELEASE/core-0.2.9-20170710-RELEASE.jar!/com/youzan/pay/core/alarm/WeixinAlarm.class], URL [jar:file:/Users/wulonghui/.m2/repository/com/youzan/pay/core/0.2.9-20170710-RELEASE/core-0.2.9-20170710-RELEASE.jar!/com/youzan/pay/core/annotation/AutoLogParams.class], URL [jar:file:/Users/wulonghui/.m2/repository/com/youzan/pay/core/0.2.9-20170710-RELEASE/core-0.2.9-20170710-RELEASE.jar!/com/youzan/pay/core/annotation/DataSourceToggle.class], URL [jar:file:/Users/wulonghui/.m2/repository/com/youzan/pay/core/0.2.9-20170710-RELEASE/core-0.2.9-20170710-RELEASE.jar!/com/youzan/pay/core/annotation/Retry.class], URL [jar:file:/Users/wulonghui/.m2/repository/com/youzan/pay/core/0.2.9-20170710-RELEASE/core-0.2.9-20170710-RELEASE.jar!/com/youzan/pay/core/annotation/Validator.class], URL [jar:file:/Users/wulonghui/.m2/repository/com/youzan/pay/core/0.2.9-20170710-RELEASE/core-0.2.9-20170710-RELEASE.jar!/com/youzan/pay/core/aspect/AutoLogParamsAspect.class], URL [jar:file:/Users/wulonghui/.m2/repository/com/youzan/pay/core/0.2.9-20170710-RELEASE/core-0.2.9-20170710-RELEASE.jar!/com/youzan/pay/core/aspect/RetryAspect.class], URL [jar:file:/Users/wulonghui/.m2/repository/com/youzan/pay/core/0.2.9-20170710-RELEASE/core-0.2.9-20170710-RELEASE.jar!/com/youzan/pay/core/bean/Account.class], URL [jar:file:/Users/wulonghui/.m2/repository/com/youzan/pay/core/0.2.9-20170710-RELEASE/core-0.2.9-20170710-RELEASE.jar!/com/youzan/pay/core/bean/Genericable.class], URL [jar:file:/Users/wulonghui/.m2/repository/com/youzan/pay/core/0.2.9-20170710-RELEASE/core-0.2.9-20170710-RELEASE.jar!/com/youzan/pay/core/bean/PageResult.class], URL [jar:file:/Users/wulonghui/.m2/repository/com/youzan/pay/core/0.2.9-20170710-RELEASE/core-0.2.9-20170710-RELEASE.jar!/com/youzan/pay/core/bean/Subjects.class], URL [jar:file:/Users/wulonghui/.m2/repository/com/youzan/pay/core/0.2.9-20170710-RELEASE/core-0.2.9-20170710-RELEASE.jar!/com/youzan/pay/core/bean/ValidationResult.class], URL [jar:file:/Users/wulonghui/.m2/repository/com/youzan/pay/core/0.2.9-20170710-RELEASE/core-0.2.9-20170710-RELEASE.jar!/com/youzan/pay/core/cache/redis/impl/RedisCacheManagerImpl.class], URL [jar:file:/Users/wulonghui/.m2/repository/com/youzan/pay/core/0.2.9-20170710-RELEASE/core-0.2.9-20170710-RELEASE.jar!/com/youzan/pay/core/cache/redis/RedisCacheManager.class], URL [jar:file:/Users/wulonghui/.m2/repository/com/youzan/pay/core/0.2.9-20170710-RELEASE/core-0.2.9-20170710-RELEASE.jar!/com/youzan/pay/core/common/SwitcherEnum.class], URL [jar:file:/Users/wulonghui/.m2/repository/com/youzan/pay/core/0.2.9-20170710-RELEASE/core-0.2.9-20170710-RELEASE.jar!/com/youzan/pay/core/common/TypeReference.class], URL [jar:file:/Users/wulonghui/.m2/repository/com/youzan/pay/core/0.2.9-20170710-RELEASE/core-0.2.9-20170710-RELEASE.jar!/com/youzan/pay/core/config/AccountCurrency.class], URL [jar:file:/Users/wulonghui/.m2/repository/com/youzan/pay/core/0.2.9-20170710-RELEASE/core-0.2.9-20170710-RELEASE.jar!/com/youzan/pay/core/config/AccountFrom.class], URL [jar:file:/Users/wulonghui/.m2/repository/com/youzan/pay/core/0.2.9-20170710-RELEASE/core-0.2.9-20170710-RELEASE.jar!/com/youzan/pay/core/config/AccountingElements$1.class], URL [jar:file:/Users/wulonghui/.m2/repository/com/youzan/pay/core/0.2.9-20170710-RELEASE/core-0.2.9-20170710-RELEASE.jar!/com/youzan/pay/core/config/AccountingElements.class], URL [jar:file:/Users/wulonghui/.m2/repository/com/youzan/pay/core/0.2.9-20170710-RELEASE/core-0.2.9-20170710-RELEASE.jar!/com/youzan/pay/core/config/AccountState.class], URL [jar:file:/Users/wulonghui/.m2/repository/com/youzan/pay/core/0.2.9-20170710-RELEASE/core-0.2.9-20170710-RELEASE.jar!/com/youzan/pay/core/config/AccountType.class], URL [jar:file:/Users/wulonghui/.m2/repository/com/youzan/pay/core/0.2.9-20170710-RELEASE/core-0.2.9-20170710-RELEASE.jar!/com/youzan/pay/core/config/Channel$Type.class], URL [jar:file:/Users/wulonghui/.m2/repository/com/youzan/pay/core/0.2.9-20170710-RELEASE/core-0.2.9-20170710-RELEASE.jar!/com/youzan/pay/core/config/Channel.class], URL [jar:file:/Users/wulonghui/.m2/repository/com/youzan/pay/core/0.2.9-20170710-RELEASE/core-0.2.9-20170710-RELEASE.jar!/com/youzan/pay/core/config/CharsetEnum.class], URL [jar:file:/Users/wulonghui/.m2/repository/com/youzan/pay/core/0.2.9-20170710-RELEASE/core-0.2.9-20170710-RELEASE.jar!/com/youzan/pay/core/config/Currency.class], URL [jar:file:/Users/wulonghui/.m2/repository/com/youzan/pay/core/0.2.9-20170710-RELEASE/core-0.2.9-20170710-RELEASE.jar!/com/youzan/pay/core/config/DebitCredit.class], URL [jar:file:/Users/wulonghui/.m2/repository/com/youzan/pay/core/0.2.9-20170710-RELEASE/core-0.2.9-20170710-RELEASE.jar!/com/youzan/pay/core/config/InOut.class], URL [jar:file:/Users/wulonghui/.m2/repository/com/youzan/pay/core/0.2.9-20170710-RELEASE/core-0.2.9-20170710-RELEASE.jar!/com/youzan/pay/core/config/MerchType.class], URL [jar:file:/Users/wulonghui/.m2/repository/com/youzan/pay/core/0.2.9-20170710-RELEASE/core-0.2.9-20170710-RELEASE.jar!/com/youzan/pay/core/config/MethodEnum.class], URL [jar:file:/Users/wulonghui/.m2/repository/com/youzan/pay/core/0.2.9-20170710-RELEASE/core-0.2.9-20170710-RELEASE.jar!/com/youzan/pay/core/config/PayMethod.class], URL [jar:file:/Users/wulonghui/.m2/repository/com/youzan/pay/core/0.2.9-20170710-RELEASE/core-0.2.9-20170710-RELEASE.jar!/com/youzan/pay/core/config/SubjectsCat.class], URL [jar:file:/Users/wulonghui/.m2/repository/com/youzan/pay/core/0.2.9-20170710-RELEASE/core-0.2.9-20170710-RELEASE.jar!/com/youzan/pay/core/dal/DAOFactoryBean$DAOProxy.class], URL [jar:file:/Users/wulonghui/.m2/repository/com/youzan/pay/core/0.2.9-20170710-RELEASE/core-0.2.9-20170710-RELEASE.jar!/com/youzan/pay/core/dal/DAOFactoryBean.class], URL [jar:file:/Users/wulonghui/.m2/repository/com/youzan/pay/core/0.2.9-20170710-RELEASE/core-0.2.9-20170710-RELEASE.jar!/com/youzan/pay/core/dal/DataSourceSwitcher.class], URL [jar:file:/Users/wulonghui/.m2/repository/com/youzan/pay/core/0.2.9-20170710-RELEASE/core-0.2.9-20170710-RELEASE.jar!/com/youzan/pay/core/dal/DynamicDataSource$1.class], URL [jar:file:/Users/wulonghui/.m2/repository/com/youzan/pay/core/0.2.9-20170710-RELEASE/core-0.2.9-20170710-RELEASE.jar!/com/youzan/pay/core/dal/DynamicDataSource.class], URL [jar:file:/Users/wulonghui/.m2/repository/com/youzan/pay/core/0.2.9-20170710-RELEASE/core-0.2.9-20170710-RELEASE.jar!/com/youzan/pay/core/dal/DynamicTransactionTemplate.class], URL [jar:file:/Users/wulonghui/.m2/repository/com/youzan/pay/core/0.2.9-20170710-RELEASE/core-0.2.9-20170710-RELEASE.jar!/com/youzan/pay/core/exception/BusinessException.class], URL [jar:file:/Users/wulonghui/.m2/repository/com/youzan/pay/core/0.2.9-20170710-RELEASE/core-0.2.9-20170710-RELEASE.jar!/com/youzan/pay/core/exception/NullArgumentException.class], URL [jar:file:/Users/wulonghui/.m2/repository/com/youzan/pay/core/0.2.9-20170710-RELEASE/core-0.2.9-20170710-RELEASE.jar!/com/youzan/pay/core/exception/StringOutOfLengthException.class], URL [jar:file:/Users/wulonghui/.m2/repository/com/youzan/pay/core/0.2.9-20170710-RELEASE/core-0.2.9-20170710-RELEASE.jar!/com/youzan/pay/core/exception/SubjectsException.class], URL [jar:file:/Users/wulonghui/.m2/repository/com/youzan/pay/core/0.2.9-20170710-RELEASE/core-0.2.9-20170710-RELEASE.jar!/com/youzan/pay/core/formatter/Money.class], URL [jar:file:/Users/wulonghui/.m2/repository/com/youzan/pay/core/0.2.9-20170710-RELEASE/core-0.2.9-20170710-RELEASE.jar!/com/youzan/pay/core/formatter/ObjectConvert.class], URL [jar:file:/Users/wulonghui/.m2/repository/com/youzan/pay/core/0.2.9-20170710-RELEASE/core-0.2.9-20170710-RELEASE.jar!/com/youzan/pay/core/log/YZLoggerFactory.class], URL [jar:file:/Users/wulonghui/.m2/repository/com/youzan/pay/core/0.2.9-20170710-RELEASE/core-0.2.9-20170710-RELEASE.jar!/com/youzan/pay/core/nsq/Filter.class], URL [jar:file:/Users/wulonghui/.m2/repository/com/youzan/pay/core/0.2.9-20170710-RELEASE/core-0.2.9-20170710-RELEASE.jar!/com/youzan/pay/core/nsq/NsqConsumer.class], URL [jar:file:/Users/wulonghui/.m2/repository/com/youzan/pay/core/0.2.9-20170710-RELEASE/core-0.2.9-20170710-RELEASE.jar!/com/youzan/pay/core/task/Action.class], URL [jar:file:/Users/wulonghui/.m2/repository/com/youzan/pay/core/0.2.9-20170710-RELEASE/core-0.2.9-20170710-RELEASE.jar!/com/youzan/pay/core/task/Executer.class], URL [jar:file:/Users/wulonghui/.m2/repository/com/youzan/pay/core/0.2.9-20170710-RELEASE/core-0.2.9-20170710-RELEASE.jar!/com/youzan/pay/core/task/impl/nsq/action/AbstractAction.class], URL [jar:file:/Users/wulonghui/.m2/repository/com/youzan/pay/core/0.2.9-20170710-RELEASE/core-0.2.9-20170710-RELEASE.jar!/com/youzan/pay/core/task/impl/nsq/action/ExecuteAction.class], URL [jar:file:/Users/wulonghui/.m2/repository/com/youzan/pay/core/0.2.9-20170710-RELEASE/core-0.2.9-20170710-RELEASE.jar!/com/youzan/pay/core/task/impl/nsq/action/LoadAction.class], URL [jar:file:/Users/wulonghui/.m2/repository/com/youzan/pay/core/0.2.9-20170710-RELEASE/core-0.2.9-20170710-RELEASE.jar!/com/youzan/pay/core/task/impl/nsq/action/SplitAction.class], URL [jar:file:/Users/wulonghui/.m2/repository/com/youzan/pay/core/0.2.9-20170710-RELEASE/core-0.2.9-20170710-RELEASE.jar!/com/youzan/pay/core/task/impl/nsq/NsqSingleEnvFilter.class], URL [jar:file:/Users/wulonghui/.m2/repository/com/youzan/pay/core/0.2.9-20170710-RELEASE/core-0.2.9-20170710-RELEASE.jar!/com/youzan/pay/core/task/impl/nsq/NsqTaskDispatcher.class], URL [jar:file:/Users/wulonghui/.m2/repository/com/youzan/pay/core/0.2.9-20170710-RELEASE/core-0.2.9-20170710-RELEASE.jar!/com/youzan/pay/core/task/impl/nsq/NsqTaskManager$1.class], URL [jar:file:/Users/wulonghui/.m2/repository/com/youzan/pay/core/0.2.9-20170710-RELEASE/core-0.2.9-20170710-RELEASE.jar!/com/youzan/pay/core/task/impl/nsq/NsqTaskManager$ActionTask.class], URL [jar:file:/Users/wulonghui/.m2/repository/com/youzan/pay/core/0.2.9-20170710-RELEASE/core-0.2.9-20170710-RELEASE.jar!/com/youzan/pay/core/task/impl/nsq/NsqTaskManager.class], URL [jar:file:/Users/wulonghui/.m2/repository/com/youzan/pay/core/0.2.9-20170710-RELEASE/core-0.2.9-20170710-RELEASE.jar!/com/youzan/pay/core/task/Loader.class], URL [jar:file:/Users/wulonghui/.m2/repository/com/youzan/pay/core/0.2.9-20170710-RELEASE/core-0.2.9-20170710-RELEASE.jar!/com/youzan/pay/core/task/model/TaskActionEnum.class], URL [jar:file:/Users/wulonghui/.m2/repository/com/youzan/pay/core/0.2.9-20170710-RELEASE/core-0.2.9-20170710-RELEASE.jar!/com/youzan/pay/core/task/model/TaskConfig.class], URL [jar:file:/Users/wulonghui/.m2/repository/com/youzan/pay/core/0.2.9-20170710-RELEASE/core-0.2.9-20170710-RELEASE.jar!/com/youzan/pay/core/task/model/TaskNsqConfig.class], URL [jar:file:/Users/wulonghui/.m2/repository/com/youzan/pay/core/0.2.9-20170710-RELEASE/core-0.2.9-20170710-RELEASE.jar!/com/youzan/pay/core/task/model/TaskNsqEntity.class], URL [jar:file:/Users/wulonghui/.m2/repository/com/youzan/pay/core/0.2.9-20170710-RELEASE/core-0.2.9-20170710-RELEASE.jar!/com/youzan/pay/core/task/model/TaskStatusEnum.class], URL [jar:file:/Users/wulonghui/.m2/repository/com/youzan/pay/core/0.2.9-20170710-RELEASE/core-0.2.9-20170710-RELEASE.jar!/com/youzan/pay/core/task/Monitor.class], URL [jar:file:/Users/wulonghui/.m2/repository/com/youzan/pay/core/0.2.9-20170710-RELEASE/core-0.2.9-20170710-RELEASE.jar!/com/youzan/pay/core/task/Splitor.class], URL [jar:file:/Users/wulonghui/.m2/repository/com/youzan/pay/core/0.2.9-20170710-RELEASE/core-0.2.9-20170710-RELEASE.jar!/com/youzan/pay/core/task/spring/TaskConfigDefinitionParser.class], URL [jar:file:/Users/wulonghui/.m2/repository/com/youzan/pay/core/0.2.9-20170710-RELEASE/core-0.2.9-20170710-RELEASE.jar!/com/youzan/pay/core/task/spring/TaskManagerDefinitionParser.class], URL [jar:file:/Users/wulonghui/.m2/repository/com/youzan/pay/core/0.2.9-20170710-RELEASE/core-0.2.9-20170710-RELEASE.jar!/com/youzan/pay/core/task/spring/TaskNamespaceHandler.class], URL [jar:file:/Users/wulonghui/.m2/repository/com/youzan/pay/core/0.2.9-20170710-RELEASE/core-0.2.9-20170710-RELEASE.jar!/com/youzan/pay/core/task/TaskManager.class], URL [jar:file:/Users/wulonghui/.m2/repository/com/youzan/pay/core/0.2.9-20170710-RELEASE/core-0.2.9-20170710-RELEASE.jar!/com/youzan/pay/core/utils/AcctUtils.class], URL [jar:file:/Users/wulonghui/.m2/repository/com/youzan/pay/core/0.2.9-20170710-RELEASE/core-0.2.9-20170710-RELEASE.jar!/com/youzan/pay/core/utils/AlarmUtils.class], URL [jar:file:/Users/wulonghui/.m2/repository/com/youzan/pay/core/0.2.9-20170710-RELEASE/core-0.2.9-20170710-RELEASE.jar!/com/youzan/pay/core/utils/CommonUtils.class], URL [jar:file:/Users/wulonghui/.m2/repository/com/youzan/pay/core/0.2.9-20170710-RELEASE/core-0.2.9-20170710-RELEASE.jar!/com/youzan/pay/core/utils/DateUtils.class], URL [jar:file:/Users/wulonghui/.m2/repository/com/youzan/pay/core/0.2.9-20170710-RELEASE/core-0.2.9-20170710-RELEASE.jar!/com/youzan/pay/core/utils/HttpOutUtils.class], URL [jar:file:/Users/wulonghui/.m2/repository/com/youzan/pay/core/0.2.9-20170710-RELEASE/core-0.2.9-20170710-RELEASE.jar!/com/youzan/pay/core/utils/HttpUtils.class], URL [jar:file:/Users/wulonghui/.m2/repository/com/youzan/pay/core/0.2.9-20170710-RELEASE/core-0.2.9-20170710-RELEASE.jar!/com/youzan/pay/core/utils/KeyUtils.class], URL [jar:file:/Users/wulonghui/.m2/repository/com/youzan/pay/core/0.2.9-20170710-RELEASE/core-0.2.9-20170710-RELEASE.jar!/com/youzan/pay/core/utils/LogUtils$LogArgEntity.class], URL [jar:file:/Users/wulonghui/.m2/repository/com/youzan/pay/core/0.2.9-20170710-RELEASE/core-0.2.9-20170710-RELEASE.jar!/com/youzan/pay/core/utils/LogUtils.class], URL [jar:file:/Users/wulonghui/.m2/repository/com/youzan/pay/core/0.2.9-20170710-RELEASE/core-0.2.9-20170710-RELEASE.jar!/com/youzan/pay/core/utils/MailUtils.class], URL [jar:file:/Users/wulonghui/.m2/repository/com/youzan/pay/core/0.2.9-20170710-RELEASE/core-0.2.9-20170710-RELEASE.jar!/com/youzan/pay/core/utils/MoneyUtils.class], URL [jar:file:/Users/wulonghui/.m2/repository/com/youzan/pay/core/0.2.9-20170710-RELEASE/core-0.2.9-20170710-RELEASE.jar!/com/youzan/pay/core/utils/MsgFmtUtils.class], URL [jar:file:/Users/wulonghui/.m2/repository/com/youzan/pay/core/0.2.9-20170710-RELEASE/core-0.2.9-20170710-RELEASE.jar!/com/youzan/pay/core/utils/Reflections.class], URL [jar:file:/Users/wulonghui/.m2/repository/com/youzan/pay/core/0.2.9-20170710-RELEASE/core-0.2.9-20170710-RELEASE.jar!/com/youzan/pay/core/utils/Signature$CharCaseType.class], URL [jar:file:/Users/wulonghui/.m2/repository/com/youzan/pay/core/0.2.9-20170710-RELEASE/core-0.2.9-20170710-RELEASE.jar!/com/youzan/pay/core/utils/Signature.class], URL [jar:file:/Users/wulonghui/.m2/repository/com/youzan/pay/core/0.2.9-20170710-RELEASE/core-0.2.9-20170710-RELEASE.jar!/com/youzan/pay/core/utils/SubjectsNoUtils.class], URL [jar:file:/Users/wulonghui/.m2/repository/com/youzan/pay/core/0.2.9-20170710-RELEASE/core-0.2.9-20170710-RELEASE.jar!/com/youzan/pay/core/utils/TracerContextUtils.class], URL [jar:file:/Users/wulonghui/.m2/repository/com/youzan/pay/core/0.2.9-20170710-RELEASE/core-0.2.9-20170710-RELEASE.jar!/com/youzan/pay/core/utils/UnicodeUtils.class], URL [jar:file:/Users/wulonghui/.m2/repository/com/youzan/pay/core/0.2.9-20170710-RELEASE/core-0.2.9-20170710-RELEASE.jar!/com/youzan/pay/core/utils/ValidateUtils.class], URL [jar:file:/Users/wulonghui/.m2/repository/com/youzan/pay/core/0.2.9-20170710-RELEASE/core-0.2.9-20170710-RELEASE.jar!/com/youzan/pay/core/utils/ValidationUtils.class], URL [jar:file:/Users/wulonghui/.m2/repository/com/youzan/pay/core/mq-nsq/1.0.2-20170515-RELEASE/mq-nsq-1.0.2-20170515-RELEASE.jar!/com/youzan/pay/core/exception/NsqRequeueException.class], URL [jar:file:/Users/wulonghui/.m2/repository/com/youzan/pay/core/mq-nsq/1.0.2-20170515-RELEASE/mq-nsq-1.0.2-20170515-RELEASE.jar!/com/youzan/pay/core/nsq/exception/NsqRequeueException.class], URL [jar:file:/Users/wulonghui/.m2/repository/com/youzan/pay/core/mq-nsq/1.0.2-20170515-RELEASE/mq-nsq-1.0.2-20170515-RELEASE.jar!/com/youzan/pay/core/nsq/Filter.class], URL [jar:file:/Users/wulonghui/.m2/repository/com/youzan/pay/core/mq-nsq/1.0.2-20170515-RELEASE/mq-nsq-1.0.2-20170515-RELEASE.jar!/com/youzan/pay/core/nsq/Listener.class], URL [jar:file:/Users/wulonghui/.m2/repository/com/youzan/pay/core/mq-nsq/1.0.2-20170515-RELEASE/mq-nsq-1.0.2-20170515-RELEASE.jar!/com/youzan/pay/core/nsq/NsqConfig.class], URL [jar:file:/Users/wulonghui/.m2/repository/com/youzan/pay/core/mq-nsq/1.0.2-20170515-RELEASE/mq-nsq-1.0.2-20170515-RELEASE.jar!/com/youzan/pay/core/nsq/NsqConsumer.class], URL [jar:file:/Users/wulonghui/.m2/repository/com/youzan/pay/core/mq-nsq/1.0.2-20170515-RELEASE/mq-nsq-1.0.2-20170515-RELEASE.jar!/com/youzan/pay/core/nsq/NsqProducer.class], URL [jar:file:/Users/wulonghui/.m2/repository/com/youzan/pay/core/mq-nsq/1.0.2-20170515-RELEASE/mq-nsq-1.0.2-20170515-RELEASE.jar!/com/youzan/pay/core/nsq/NsqRetryHandler.class], URL [jar:file:/Users/wulonghui/.m2/repository/com/youzan/pay/core/mq-nsq/1.0.2-20170515-RELEASE/mq-nsq-1.0.2-20170515-RELEASE.jar!/com/youzan/pay/core/nsq/spring/NsqConsumerDefinitionParser.class], URL [jar:file:/Users/wulonghui/.m2/repository/com/youzan/pay/core/mq-nsq/1.0.2-20170515-RELEASE/mq-nsq-1.0.2-20170515-RELEASE.jar!/com/youzan/pay/core/nsq/spring/NsqNamespaceHandler.class], URL [jar:file:/Users/wulonghui/.m2/repository/com/youzan/pay/core/mq-nsq/1.0.2-20170515-RELEASE/mq-nsq-1.0.2-20170515-RELEASE.jar!/com/youzan/pay/core/nsq/spring/NsqProducerDefinitionParser.class], URL [jar:file:/Users/wulonghui/.m2/repository/com/youzan/pay/core/mq-nsq/1.0.2-20170515-RELEASE/mq-nsq-1.0.2-20170515-RELEASE.jar!/com/youzan/pay/core/nsq/support/CirculateRetryPolicy.class], URL [jar:file:/Users/wulonghui/.m2/repository/com/youzan/pay/core/mq-nsq/1.0.2-20170515-RELEASE/mq-nsq-1.0.2-20170515-RELEASE.jar!/com/youzan/pay/core/nsq/support/MaxRetryDiscardPolicy.class], URL [jar:file:/Users/wulonghui/.m2/repository/com/youzan/NSQ-Client/2.3.20170406-RELEASE/NSQ-Client-2.3.20170406-RELEASE.jar!/com/youzan/nsq/client/configs/AbstractConfigAccessDomain.class], URL [jar:file:/Users/wulonghui/.m2/repository/com/youzan/NSQ-Client/2.3.20170406-RELEASE/NSQ-Client-2.3.20170406-RELEASE.jar!/com/youzan/nsq/client/configs/AbstractConfigAccessKey.class], URL [jar:file:/Users/wulonghui/.m2/repository/com/youzan/NSQ-Client/2.3.20170406-RELEASE/NSQ-Client-2.3.20170406-RELEASE.jar!/com/youzan/nsq/client/configs/ConfigAccessAgent$IConfigAccessCallback.class], URL [jar:file:/Users/wulonghui/.m2/repository/com/youzan/NSQ-Client/2.3.20170406-RELEASE/NSQ-Client-2.3.20170406-RELEASE.jar!/com/youzan/nsq/client/configs/ConfigAccessAgent.class], URL [jar:file:/Users/wulonghui/.m2/repository/com/youzan/NSQ-Client/2.3.20170406-RELEASE/NSQ-Client-2.3.20170406-RELEASE.jar!/com/youzan/nsq/client/configs/DCCConfigAccessAgent$1.class], URL [jar:file:/Users/wulonghui/.m2/repository/com/youzan/NSQ-Client/2.3.20170406-RELEASE/NSQ-Client-2.3.20170406-RELEASE.jar!/com/youzan/nsq/client/configs/DCCConfigAccessAgent.class], URL [jar:file:/Users/wulonghui/.m2/repository/com/youzan/NSQ-Client/2.3.20170406-RELEASE/NSQ-Client-2.3.20170406-RELEASE.jar!/com/youzan/nsq/client/configs/DCCMigrationConfigAccessDomain.class], URL [jar:file:/Users/wulonghui/.m2/repository/com/youzan/NSQ-Client/2.3.20170406-RELEASE/NSQ-Client-2.3.20170406-RELEASE.jar!/com/youzan/nsq/client/configs/DCCMigrationConfigAccessKey.class], URL [jar:file:/Users/wulonghui/.m2/repository/com/youzan/NSQ-Client/2.3.20170406-RELEASE/NSQ-Client-2.3.20170406-RELEASE.jar!/com/youzan/nsq/client/configs/DCCMigrationControlConfig.class], URL [jar:file:/Users/wulonghui/.m2/repository/com/youzan/NSQ-Client/2.3.20170406-RELEASE/NSQ-Client-2.3.20170406-RELEASE.jar!/com/youzan/nsq/client/configs/DCCSeedLookupdConfig.class], URL [jar:file:/Users/wulonghui/.m2/repository/com/youzan/NSQ-Client/2.3.20170406-RELEASE/NSQ-Client-2.3.20170406-RELEASE.jar!/com/youzan/nsq/client/configs/DCCTraceConfigAccessDomain.class], URL [jar:file:/Users/wulonghui/.m2/repository/com/youzan/NSQ-Client/2.3.20170406-RELEASE/NSQ-Client-2.3.20170406-RELEASE.jar!/com/youzan/nsq/client/configs/DCCTraceConfigAccessKey.class], URL [jar:file:/Users/wulonghui/.m2/repository/com/youzan/NSQ-Client/2.3.20170406-RELEASE/NSQ-Client-2.3.20170406-RELEASE.jar!/com/youzan/nsq/client/configs/DoNothingConfigAccessAgent.class], URL [jar:file:/Users/wulonghui/.m2/repository/com/youzan/NSQ-Client/2.3.20170406-RELEASE/NSQ-Client-2.3.20170406-RELEASE.jar!/com/youzan/nsq/client/configs/ITopicRuleCategory.class], URL [jar:file:/Users/wulonghui/.m2/repository/com/youzan/NSQ-Client/2.3.20170406-RELEASE/NSQ-Client-2.3.20170406-RELEASE.jar!/com/youzan/nsq/client/configs/TopicRuleCategory$1.class], URL [jar:file:/Users/wulonghui/.m2/repository/com/youzan/NSQ-Client/2.3.20170406-RELEASE/NSQ-Client-2.3.20170406-RELEASE.jar!/com/youzan/nsq/client/configs/TopicRuleCategory.class], URL [jar:file:/Users/wulonghui/.m2/repository/com/youzan/NSQ-Client/2.3.20170406-RELEASE/NSQ-Client-2.3.20170406-RELEASE.jar!/com/youzan/nsq/client/Consumer.class], URL [jar:file:/Users/wulonghui/.m2/repository/com/youzan/NSQ-Client/2.3.20170406-RELEASE/NSQ-Client-2.3.20170406-RELEASE.jar!/com/youzan/nsq/client/ConsumerImplV2$1.class], URL [jar:file:/Users/wulonghui/.m2/repository/com/youzan/NSQ-Client/2.3.20170406-RELEASE/NSQ-Client-2.3.20170406-RELEASE.jar!/com/youzan/nsq/client/ConsumerImplV2$2.class], URL [jar:file:/Users/wulonghui/.m2/repository/com/youzan/NSQ-Client/2.3.20170406-RELEASE/NSQ-Client-2.3.20170406-RELEASE.jar!/com/youzan/nsq/client/ConsumerImplV2$3.class], URL [jar:file:/Users/wulonghui/.m2/repository/com/youzan/NSQ-Client/2.3.20170406-RELEASE/NSQ-Client-2.3.20170406-RELEASE.jar!/com/youzan/nsq/client/ConsumerImplV2$4.class], URL [jar:file:/Users/wulonghui/.m2/repository/com/youzan/NSQ-Client/2.3.20170406-RELEASE/NSQ-Client-2.3.20170406-RELEASE.jar!/com/youzan/nsq/client/ConsumerImplV2$5.class], URL [jar:file:/Users/wulonghui/.m2/repository/com/youzan/NSQ-Client/2.3.20170406-RELEASE/NSQ-Client-2.3.20170406-RELEASE.jar!/com/youzan/nsq/client/ConsumerImplV2.class], URL [jar:file:/Users/wulonghui/.m2/repository/com/youzan/NSQ-Client/2.3.20170406-RELEASE/NSQ-Client-2.3.20170406-RELEASE.jar!/com/youzan/nsq/client/core/Client.class], URL [jar:file:/Users/wulonghui/.m2/repository/com/youzan/NSQ-Client/2.3.20170406-RELEASE/NSQ-Client-2.3.20170406-RELEASE.jar!/com/youzan/nsq/client/core/command/Close$1.class], URL [jar:file:/Users/wulonghui/.m2/repository/com/youzan/NSQ-Client/2.3.20170406-RELEASE/NSQ-Client-2.3.20170406-RELEASE.jar!/com/youzan/nsq/client/core/command/Close$Instance.class], URL [jar:file:/Users/wulonghui/.m2/repository/com/youzan/NSQ-Client/2.3.20170406-RELEASE/NSQ-Client-2.3.20170406-RELEASE.jar!/com/youzan/nsq/client/core/command/Close.class], URL [jar:file:/Users/wulonghui/.m2/repository/com/youzan/NSQ-Client/2.3.20170406-RELEASE/NSQ-Client-2.3.20170406-RELEASE.jar!/com/youzan/nsq/client/core/command/Finish.class], URL [jar:file:/Users/wulonghui/.m2/repository/com/youzan/NSQ-Client/2.3.20170406-RELEASE/NSQ-Client-2.3.20170406-RELEASE.jar!/com/youzan/nsq/client/core/command/Identify.class], URL [jar:file:/Users/wulonghui/.m2/repository/com/youzan/NSQ-Client/2.3.20170406-RELEASE/NSQ-Client-2.3.20170406-RELEASE.jar!/com/youzan/nsq/client/core/command/Magic$1.class], URL [jar:file:/Users/wulonghui/.m2/repository/com/youzan/NSQ-Client/2.3.20170406-RELEASE/NSQ-Client-2.3.20170406-RELEASE.jar!/com/youzan/nsq/client/core/command/Magic$Instance.class], URL [jar:file:/Users/wulonghui/.m2/repository/com/youzan/NSQ-Client/2.3.20170406-RELEASE/NSQ-Client-2.3.20170406-RELEASE.jar!/com/youzan/nsq/client/core/command/Magic.class], URL [jar:file:/Users/wulonghui/.m2/repository/com/youzan/NSQ-Client/2.3.20170406-RELEASE/NSQ-Client-2.3.20170406-RELEASE.jar!/com/youzan/nsq/client/core/command/Mpub.class], URL [jar:file:/Users/wulonghui/.m2/repository/com/youzan/NSQ-Client/2.3.20170406-RELEASE/NSQ-Client-2.3.20170406-RELEASE.jar!/com/youzan/nsq/client/core/command/Nop$1.class], URL [jar:file:/Users/wulonghui/.m2/repository/com/youzan/NSQ-Client/2.3.20170406-RELEASE/NSQ-Client-2.3.20170406-RELEASE.jar!/com/youzan/nsq/client/core/command/Nop$Instance.class], URL [jar:file:/Users/wulonghui/.m2/repository/com/youzan/NSQ-Client/2.3.20170406-RELEASE/NSQ-Client-2.3.20170406-RELEASE.jar!/com/youzan/nsq/client/core/command/Nop.class], URL [jar:file:/Users/wulonghui/.m2/repository/com/youzan/NSQ-Client/2.3.20170406-RELEASE/NSQ-Client-2.3.20170406-RELEASE.jar!/com/youzan/nsq/client/core/command/NSQCommand.class], URL [jar:file:/Users/wulonghui/.m2/repository/com/youzan/NSQ-Client/2.3.20170406-RELEASE/NSQ-Client-2.3.20170406-RELEASE.jar!/com/youzan/nsq/client/core/command/PartitionEnable.class], URL [jar:file:/Users/wulonghui/.m2/repository/com/youzan/NSQ-Client/2.3.20170406-RELEASE/NSQ-Client-2.3.20170406-RELEASE.jar!/com/youzan/nsq/client/core/command/Pub.class], URL [jar:file:/Users/wulonghui/.m2/repository/com/youzan/NSQ-Client/2.3.20170406-RELEASE/NSQ-Client-2.3.20170406-RELEASE.jar!/com/youzan/nsq/client/core/command/PubOrdered.class], URL [jar:file:/Users/wulonghui/.m2/repository/com/youzan/NSQ-Client/2.3.20170406-RELEASE/NSQ-Client-2.3.20170406-RELEASE.jar!/com/youzan/nsq/client/core/command/PubTrace.class], URL [jar:file:/Users/wulonghui/.m2/repository/com/youzan/NSQ-Client/2.3.20170406-RELEASE/NSQ-Client-2.3.20170406-RELEASE.jar!/com/youzan/nsq/client/core/command/Rdy.class], URL [jar:file:/Users/wulonghui/.m2/repository/com/youzan/NSQ-Client/2.3.20170406-RELEASE/NSQ-Client-2.3.20170406-RELEASE.jar!/com/youzan/nsq/client/core/command/ReQueue.class], URL [jar:file:/Users/wulonghui/.m2/repository/com/youzan/NSQ-Client/2.3.20170406-RELEASE/NSQ-Client-2.3.20170406-RELEASE.jar!/com/youzan/nsq/client/core/command/Sub.class], URL [jar:file:/Users/wulonghui/.m2/repository/com/youzan/NSQ-Client/2.3.20170406-RELEASE/NSQ-Client-2.3.20170406-RELEASE.jar!/com/youzan/nsq/client/core/command/SubOrdered.class], URL [jar:file:/Users/wulonghui/.m2/repository/com/youzan/NSQ-Client/2.3.20170406-RELEASE/NSQ-Client-2.3.20170406-RELEASE.jar!/com/youzan/nsq/client/core/Feature.class], URL [jar:file:/Users/wulonghui/.m2/repository/com/youzan/NSQ-Client/2.3.20170406-RELEASE/NSQ-Client-2.3.20170406-RELEASE.jar!/com/youzan/nsq/client/core/lookup/LookupService.class], URL [jar:file:/Users/wulonghui/.m2/repository/com/youzan/NSQ-Client/2.3.20170406-RELEASE/NSQ-Client-2.3.20170406-RELEASE.jar!/com/youzan/nsq/client/core/lookup/LookupServiceImpl$1.class], URL [jar:file:/Users/wulonghui/.m2/repository/com/youzan/NSQ-Client/2.3.20170406-RELEASE/NSQ-Client-2.3.20170406-RELEASE.jar!/com/youzan/nsq/client/core/lookup/LookupServiceImpl.class], URL [jar:file:/Users/wulonghui/.m2/repository/com/youzan/NSQ-Client/2.3.20170406-RELEASE/NSQ-Client-2.3.20170406-RELEASE.jar!/com/youzan/nsq/client/core/LookupAddressUpdate$1.class], URL [jar:file:/Users/wulonghui/.m2/repository/com/youzan/NSQ-Client/2.3.20170406-RELEASE/NSQ-Client-2.3.20170406-RELEASE.jar!/com/youzan/nsq/client/core/LookupAddressUpdate$2.class], URL [jar:file:/Users/wulonghui/.m2/repository/com/youzan/NSQ-Client/2.3.20170406-RELEASE/NSQ-Client-2.3.20170406-RELEASE.jar!/com/youzan/nsq/client/core/LookupAddressUpdate$LookupAddressUpdateHandler.class], URL [jar:file:/Users/wulonghui/.m2/repository/com/youzan/NSQ-Client/2.3.20170406-RELEASE/NSQ-Client-2.3.20170406-RELEASE.jar!/com/youzan/nsq/client/core/LookupAddressUpdate.class], URL [jar:file:/Users/wulonghui/.m2/repository/com/youzan/NSQ-Client/2.3.20170406-RELEASE/NSQ-Client-2.3.20170406-RELEASE.jar!/com/youzan/nsq/client/core/NSQConnection.class], URL [jar:file:/Users/wulonghui/.m2/repository/com/youzan/NSQ-Client/2.3.20170406-RELEASE/NSQ-Client-2.3.20170406-RELEASE.jar!/com/youzan/nsq/client/core/NSQConnectionImpl.class], URL [jar:file:/Users/wulonghui/.m2/repository/com/youzan/NSQ-Client/2.3.20170406-RELEASE/NSQ-Client-2.3.20170406-RELEASE.jar!/com/youzan/nsq/client/core/NSQSimpleClient$1.class], URL [jar:file:/Users/wulonghui/.m2/repository/com/youzan/NSQ-Client/2.3.20170406-RELEASE/NSQ-Client-2.3.20170406-RELEASE.jar!/com/youzan/nsq/client/core/NSQSimpleClient$2.class], URL [jar:file:/Users/wulonghui/.m2/repository/com/youzan/NSQ-Client/2.3.20170406-RELEASE/NSQ-Client-2.3.20170406-RELEASE.jar!/com/youzan/nsq/client/core/NSQSimpleClient$3.class], URL [jar:file:/Users/wulonghui/.m2/repository/com/youzan/NSQ-Client/2.3.20170406-RELEASE/NSQ-Client-2.3.20170406-RELEASE.jar!/com/youzan/nsq/client/core/NSQSimpleClient.class], URL [jar:file:/Users/wulonghui/.m2/repository/com/youzan/NSQ-Client/2.3.20170406-RELEASE/NSQ-Client-2.3.20170406-RELEASE.jar!/com/youzan/nsq/client/core/pool/consumer/FixedPool.class], URL [jar:file:/Users/wulonghui/.m2/repository/com/youzan/NSQ-Client/2.3.20170406-RELEASE/NSQ-Client-2.3.20170406-RELEASE.jar!/com/youzan/nsq/client/core/pool/producer/KeyedPooledConnectionFactory.class], URL [jar:file:/Users/wulonghui/.m2/repository/com/youzan/NSQ-Client/2.3.20170406-RELEASE/NSQ-Client-2.3.20170406-RELEASE.jar!/com/youzan/nsq/client/core/RdySpectrum.class], URL [jar:file:/Users/wulonghui/.m2/repository/com/youzan/NSQ-Client/2.3.20170406-RELEASE/NSQ-Client-2.3.20170406-RELEASE.jar!/com/youzan/nsq/client/entity/Address.class], URL [jar:file:/Users/wulonghui/.m2/repository/com/youzan/NSQ-Client/2.3.20170406-RELEASE/NSQ-Client-2.3.20170406-RELEASE.jar!/com/youzan/nsq/client/entity/IPartitionsSelector.class], URL [jar:file:/Users/wulonghui/.m2/repository/com/youzan/NSQ-Client/2.3.20170406-RELEASE/NSQ-Client-2.3.20170406-RELEASE.jar!/com/youzan/nsq/client/entity/lookup/AbstractControlConfig$Gradation.class], URL [jar:file:/Users/wulonghui/.m2/repository/com/youzan/NSQ-Client/2.3.20170406-RELEASE/NSQ-Client-2.3.20170406-RELEASE.jar!/com/youzan/nsq/client/entity/lookup/AbstractControlConfig$Percentage.class], URL [jar:file:/Users/wulonghui/.m2/repository/com/youzan/NSQ-Client/2.3.20170406-RELEASE/NSQ-Client-2.3.20170406-RELEASE.jar!/com/youzan/nsq/client/entity/lookup/AbstractControlConfig.class], URL [jar:file:/Users/wulonghui/.m2/repository/com/youzan/NSQ-Client/2.3.20170406-RELEASE/NSQ-Client-2.3.20170406-RELEASE.jar!/com/youzan/nsq/client/entity/lookup/AbstractLookupdAddress.class], URL [jar:file:/Users/wulonghui/.m2/repository/com/youzan/NSQ-Client/2.3.20170406-RELEASE/NSQ-Client-2.3.20170406-RELEASE.jar!/com/youzan/nsq/client/entity/lookup/AbstractLookupdAddresses.class], URL [jar:file:/Users/wulonghui/.m2/repository/com/youzan/NSQ-Client/2.3.20170406-RELEASE/NSQ-Client-2.3.20170406-RELEASE.jar!/com/youzan/nsq/client/entity/lookup/AbstractLookupdConfig.class], URL [jar:file:/Users/wulonghui/.m2/repository/com/youzan/NSQ-Client/2.3.20170406-RELEASE/NSQ-Client-2.3.20170406-RELEASE.jar!/com/youzan/nsq/client/entity/lookup/AbstractSeedLookupdConfig.class], URL [jar:file:/Users/wulonghui/.m2/repository/com/youzan/NSQ-Client/2.3.20170406-RELEASE/NSQ-Client-2.3.20170406-RELEASE.jar!/com/youzan/nsq/client/entity/lookup/DefaultSeedLookupd.class], URL [jar:file:/Users/wulonghui/.m2/repository/com/youzan/NSQ-Client/2.3.20170406-RELEASE/NSQ-Client-2.3.20170406-RELEASE.jar!/com/youzan/nsq/client/entity/lookup/LookupdAddress.class], URL [jar:file:/Users/wulonghui/.m2/repository/com/youzan/NSQ-Client/2.3.20170406-RELEASE/NSQ-Client-2.3.20170406-RELEASE.jar!/com/youzan/nsq/client/entity/lookup/NSQLookupdAddresses$AddressCompatibility.class], URL [jar:file:/Users/wulonghui/.m2/repository/com/youzan/NSQ-Client/2.3.20170406-RELEASE/NSQ-Client-2.3.20170406-RELEASE.jar!/com/youzan/nsq/client/entity/lookup/NSQLookupdAddresses.class], URL [jar:file:/Users/wulonghui/.m2/repository/com/youzan/NSQ-Client/2.3.20170406-RELEASE/NSQ-Client-2.3.20170406-RELEASE.jar!/com/youzan/nsq/client/entity/lookup/NSQLookupdAddressesPair.class], URL [jar:file:/Users/wulonghui/.m2/repository/com/youzan/NSQ-Client/2.3.20170406-RELEASE/NSQ-Client-2.3.20170406-RELEASE.jar!/com/youzan/nsq/client/entity/lookup/SeedLookupdAddress.class], URL [jar:file:/Users/wulonghui/.m2/repository/com/youzan/NSQ-Client/2.3.20170406-RELEASE/NSQ-Client-2.3.20170406-RELEASE.jar!/com/youzan/nsq/client/entity/Message$1.class], URL [jar:file:/Users/wulonghui/.m2/repository/com/youzan/NSQ-Client/2.3.20170406-RELEASE/NSQ-Client-2.3.20170406-RELEASE.jar!/com/youzan/nsq/client/entity/Message.class], URL [jar:file:/Users/wulonghui/.m2/repository/com/youzan/NSQ-Client/2.3.20170406-RELEASE/NSQ-Client-2.3.20170406-RELEASE.jar!/com/youzan/nsq/client/entity/MigrationPartitionsSelector.class], URL [jar:file:/Users/wulonghui/.m2/repository/com/youzan/NSQ-Client/2.3.20170406-RELEASE/NSQ-Client-2.3.20170406-RELEASE.jar!/com/youzan/nsq/client/entity/NSQConfig$Compression.class], URL [jar:file:/Users/wulonghui/.m2/repository/com/youzan/NSQ-Client/2.3.20170406-RELEASE/NSQ-Client-2.3.20170406-RELEASE.jar!/com/youzan/nsq/client/entity/NSQConfig.class], URL [jar:file:/Users/wulonghui/.m2/repository/com/youzan/NSQ-Client/2.3.20170406-RELEASE/NSQ-Client-2.3.20170406-RELEASE.jar!/com/youzan/nsq/client/entity/NSQMessage.class], URL [jar:file:/Users/wulonghui/.m2/repository/com/youzan/NSQ-Client/2.3.20170406-RELEASE/NSQ-Client-2.3.20170406-RELEASE.jar!/com/youzan/nsq/client/entity/Partitions.class], URL [jar:file:/Users/wulonghui/.m2/repository/com/youzan/NSQ-Client/2.3.20170406-RELEASE/NSQ-Client-2.3.20170406-RELEASE.jar!/com/youzan/nsq/client/entity/Response.class], URL [jar:file:/Users/wulonghui/.m2/repository/com/youzan/NSQ-Client/2.3.20170406-RELEASE/NSQ-Client-2.3.20170406-RELEASE.jar!/com/youzan/nsq/client/entity/Role.class], URL [jar:file:/Users/wulonghui/.m2/repository/com/youzan/NSQ-Client/2.3.20170406-RELEASE/NSQ-Client-2.3.20170406-RELEASE.jar!/com/youzan/nsq/client/entity/SimplePartitionsSelector.class], URL [jar:file:/Users/wulonghui/.m2/repository/com/youzan/NSQ-Client/2.3.20170406-RELEASE/NSQ-Client-2.3.20170406-RELEASE.jar!/com/youzan/nsq/client/entity/Topic$1.class], URL [jar:file:/Users/wulonghui/.m2/repository/com/youzan/NSQ-Client/2.3.20170406-RELEASE/NSQ-Client-2.3.20170406-RELEASE.jar!/com/youzan/nsq/client/entity/Topic.class], URL [jar:file:/Users/wulonghui/.m2/repository/com/youzan/NSQ-Client/2.3.20170406-RELEASE/NSQ-Client-2.3.20170406-RELEASE.jar!/com/youzan/nsq/client/entity/TopicSharding.class], URL [jar:file:/Users/wulonghui/.m2/repository/com/youzan/NSQ-Client/2.3.20170406-RELEASE/NSQ-Client-2.3.20170406-RELEASE.jar!/com/youzan/nsq/client/entity/TraceLogger.class], URL [jar:file:/Users/wulonghui/.m2/repository/com/youzan/NSQ-Client/2.3.20170406-RELEASE/NSQ-Client-2.3.20170406-RELEASE.jar!/com/youzan/nsq/client/exception/ConfigAccessAgentException.class], URL [jar:file:/Users/wulonghui/.m2/repository/com/youzan/NSQ-Client/2.3.20170406-RELEASE/NSQ-Client-2.3.20170406-RELEASE.jar!/com/youzan/nsq/client/exception/ConfigAccessAgentInitializeException.class], URL [jar:file:/Users/wulonghui/.m2/repository/com/youzan/NSQ-Client/2.3.20170406-RELEASE/NSQ-Client-2.3.20170406-RELEASE.jar!/com/youzan/nsq/client/exception/NSQConfigAccessException.class], URL [jar:file:/Users/wulonghui/.m2/repository/com/youzan/NSQ-Client/2.3.20170406-RELEASE/NSQ-Client-2.3.20170406-RELEASE.jar!/com/youzan/nsq/client/exception/NSQDataNodesDownException.class], URL [jar:file:/Users/wulonghui/.m2/repository/com/youzan/NSQ-Client/2.3.20170406-RELEASE/NSQ-Client-2.3.20170406-RELEASE.jar!/com/youzan/nsq/client/exception/NSQException.class], URL [jar:file:/Users/wulonghui/.m2/repository/com/youzan/NSQ-Client/2.3.20170406-RELEASE/NSQ-Client-2.3.20170406-RELEASE.jar!/com/youzan/nsq/client/exception/NSQInvalidDataNodeException.class], URL [jar:file:/Users/wulonghui/.m2/repository/com/youzan/NSQ-Client/2.3.20170406-RELEASE/NSQ-Client-2.3.20170406-RELEASE.jar!/com/youzan/nsq/client/exception/NSQInvalidMessageException.class], URL [jar:file:/Users/wulonghui/.m2/repository/com/youzan/NSQ-Client/2.3.20170406-RELEASE/NSQ-Client-2.3.20170406-RELEASE.jar!/com/youzan/nsq/client/exception/NSQInvalidTopicException.class], URL [jar:file:/Users/wulonghui/.m2/repository/com/youzan/NSQ-Client/2.3.20170406-RELEASE/NSQ-Client-2.3.20170406-RELEASE.jar!/com/youzan/nsq/client/exception/NSQLookupException.class], URL [jar:file:/Users/wulonghui/.m2/repository/com/youzan/NSQ-Client/2.3.20170406-RELEASE/NSQ-Client-2.3.20170406-RELEASE.jar!/com/youzan/nsq/client/exception/NSQNoConnectionException.class], URL [jar:file:/Users/wulonghui/.m2/repository/com/youzan/NSQ-Client/2.3.20170406-RELEASE/NSQ-Client-2.3.20170406-RELEASE.jar!/com/youzan/nsq/client/exception/NSQPartitionNotAvailableException.class], URL [jar:file:/Users/wulonghui/.m2/repository/com/youzan/NSQ-Client/2.3.20170406-RELEASE/NSQ-Client-2.3.20170406-RELEASE.jar!/com/youzan/nsq/client/exception/NSQProducerNotFoundException.class], URL [jar:file:/Users/wulonghui/.m2/repository/com/youzan/NSQ-Client/2.3.20170406-RELEASE/NSQ-Client-2.3.20170406-RELEASE.jar!/com/youzan/nsq/client/exception/NSQPubException.class], URL [jar:file:/Users/wulonghui/.m2/repository/com/youzan/NSQ-Client/2.3.20170406-RELEASE/NSQ-Client-2.3.20170406-RELEASE.jar!/com/youzan/nsq/client/exception/NSQPubFactoryInitializeException.class], URL [jar:file:/Users/wulonghui/.m2/repository/com/youzan/NSQ-Client/2.3.20170406-RELEASE/NSQ-Client-2.3.20170406-RELEASE.jar!/com/youzan/nsq/client/exception/NSQTopicNotFoundException.class], URL [jar:file:/Users/wulonghui/.m2/repository/com/youzan/NSQ-Client/2.3.20170406-RELEASE/NSQ-Client-2.3.20170406-RELEASE.jar!/com/youzan/nsq/client/exception/RetryBusinessException.class], URL [jar:file:/Users/wulonghui/.m2/repository/com/youzan/NSQ-Client/2.3.20170406-RELEASE/NSQ-Client-2.3.20170406-RELEASE.jar!/com/youzan/nsq/client/IConfigAccessSubscriber.class], URL [jar:file:/Users/wulonghui/.m2/repository/com/youzan/NSQ-Client/2.3.20170406-RELEASE/NSQ-Client-2.3.20170406-RELEASE.jar!/com/youzan/nsq/client/IPartitionSelector.class], URL [jar:file:/Users/wulonghui/.m2/repository/com/youzan/NSQ-Client/2.3.20170406-RELEASE/NSQ-Client-2.3.20170406-RELEASE.jar!/com/youzan/nsq/client/MessageHandler.class], URL [jar:file:/Users/wulonghui/.m2/repository/com/youzan/NSQ-Client/2.3.20170406-RELEASE/NSQ-Client-2.3.20170406-RELEASE.jar!/com/youzan/nsq/client/MessageMetadata.class], URL [jar:file:/Users/wulonghui/.m2/repository/com/youzan/NSQ-Client/2.3.20170406-RELEASE/NSQ-Client-2.3.20170406-RELEASE.jar!/com/youzan/nsq/client/network/frame/ErrorFrame.class], URL [jar:file:/Users/wulonghui/.m2/repository/com/youzan/NSQ-Client/2.3.20170406-RELEASE/NSQ-Client-2.3.20170406-RELEASE.jar!/com/youzan/nsq/client/network/frame/MessageFrame.class], URL [jar:file:/Users/wulonghui/.m2/repository/com/youzan/NSQ-Client/2.3.20170406-RELEASE/NSQ-Client-2.3.20170406-RELEASE.jar!/com/youzan/nsq/client/network/frame/NSQFrame$FrameType.class], URL [jar:file:/Users/wulonghui/.m2/repository/com/youzan/NSQ-Client/2.3.20170406-RELEASE/NSQ-Client-2.3.20170406-RELEASE.jar!/com/youzan/nsq/client/network/frame/NSQFrame.class], URL [jar:file:/Users/wulonghui/.m2/repository/com/youzan/NSQ-Client/2.3.20170406-RELEASE/NSQ-Client-2.3.20170406-RELEASE.jar!/com/youzan/nsq/client/network/frame/OrderedMessageFrame.class], URL [jar:file:/Users/wulonghui/.m2/repository/com/youzan/NSQ-Client/2.3.20170406-RELEASE/NSQ-Client-2.3.20170406-RELEASE.jar!/com/youzan/nsq/client/network/frame/ResponseFrame.class], URL [jar:file:/Users/wulonghui/.m2/repository/com/youzan/NSQ-Client/2.3.20170406-RELEASE/NSQ-Client-2.3.20170406-RELEASE.jar!/com/youzan/nsq/client/network/netty/NSQClientInitializer.class], URL [jar:file:/Users/wulonghui/.m2/repository/com/youzan/NSQ-Client/2.3.20170406-RELEASE/NSQ-Client-2.3.20170406-RELEASE.jar!/com/youzan/nsq/client/network/netty/NSQDecoder.class], URL [jar:file:/Users/wulonghui/.m2/repository/com/youzan/NSQ-Client/2.3.20170406-RELEASE/NSQ-Client-2.3.20170406-RELEASE.jar!/com/youzan/nsq/client/network/netty/NSQEncoder.class], URL [jar:file:/Users/wulonghui/.m2/repository/com/youzan/NSQ-Client/2.3.20170406-RELEASE/NSQ-Client-2.3.20170406-RELEASE.jar!/com/youzan/nsq/client/network/netty/NSQFeatureDetectionHandler.class], URL [jar:file:/Users/wulonghui/.m2/repository/com/youzan/NSQ-Client/2.3.20170406-RELEASE/NSQ-Client-2.3.20170406-RELEASE.jar!/com/youzan/nsq/client/network/netty/NSQHandler$1.class], URL [jar:file:/Users/wulonghui/.m2/repository/com/youzan/NSQ-Client/2.3.20170406-RELEASE/NSQ-Client-2.3.20170406-RELEASE.jar!/com/youzan/nsq/client/network/netty/NSQHandler.class], URL [jar:file:/Users/wulonghui/.m2/repository/com/youzan/NSQ-Client/2.3.20170406-RELEASE/NSQ-Client-2.3.20170406-RELEASE.jar!/com/youzan/nsq/client/Producer.class], URL [jar:file:/Users/wulonghui/.m2/repository/com/youzan/NSQ-Client/2.3.20170406-RELEASE/NSQ-Client-2.3.20170406-RELEASE.jar!/com/youzan/nsq/client/ProducerImplV2$1.class], URL [jar:file:/Users/wulonghui/.m2/repository/com/youzan/NSQ-Client/2.3.20170406-RELEASE/NSQ-Client-2.3.20170406-RELEASE.jar!/com/youzan/nsq/client/ProducerImplV2$2.class], URL [jar:file:/Users/wulonghui/.m2/repository/com/youzan/NSQ-Client/2.3.20170406-RELEASE/NSQ-Client-2.3.20170406-RELEASE.jar!/com/youzan/nsq/client/ProducerImplV2.class], URL [jar:file:/Users/wulonghui/.m2/repository/com/youzan/NSQ-Client/2.3.20170406-RELEASE/NSQ-Client-2.3.20170406-RELEASE.jar!/com/youzan/nsq/client/PropertyNotFoundException.class], URL [jar:file:/Users/wulonghui/.m2/repository/com/youzan/NSQ-Client/2.3.20170406-RELEASE/NSQ-Client-2.3.20170406-RELEASE.jar!/com/youzan/nsq/client/PubCmdFactory$1.class], URL [jar:file:/Users/wulonghui/.m2/repository/com/youzan/NSQ-Client/2.3.20170406-RELEASE/NSQ-Client-2.3.20170406-RELEASE.jar!/com/youzan/nsq/client/PubCmdFactory.class], URL [jar:file:/Users/wulonghui/.m2/repository/com/youzan/NSQ-Client/2.3.20170406-RELEASE/NSQ-Client-2.3.20170406-RELEASE.jar!/com/youzan/nsq/client/Version.class], URL [jar:file:/Users/wulonghui/.m2/repository/com/youzan/NSQ-Client/2.3.20170406-RELEASE/NSQ-Client-2.3.20170406-RELEASE.jar!/com/youzan/util/ConcurrentSortedSet.class], URL [jar:file:/Users/wulonghui/.m2/repository/com/youzan/NSQ-Client/2.3.20170406-RELEASE/NSQ-Client-2.3.20170406-RELEASE.jar!/com/youzan/util/HostUtil.class], URL [jar:file:/Users/wulonghui/.m2/repository/com/youzan/NSQ-Client/2.3.20170406-RELEASE/NSQ-Client-2.3.20170406-RELEASE.jar!/com/youzan/util/IOUtil.class], URL [jar:file:/Users/wulonghui/.m2/repository/com/youzan/NSQ-Client/2.3.20170406-RELEASE/NSQ-Client-2.3.20170406-RELEASE.jar!/com/youzan/util/IPUtil.class], URL [jar:file:/Users/wulonghui/.m2/repository/com/youzan/NSQ-Client/2.3.20170406-RELEASE/NSQ-Client-2.3.20170406-RELEASE.jar!/com/youzan/util/Lists$1.class], URL [jar:file:/Users/wulonghui/.m2/repository/com/youzan/NSQ-Client/2.3.20170406-RELEASE/NSQ-Client-2.3.20170406-RELEASE.jar!/com/youzan/util/Lists$Partition.class], URL [jar:file:/Users/wulonghui/.m2/repository/com/youzan/NSQ-Client/2.3.20170406-RELEASE/NSQ-Client-2.3.20170406-RELEASE.jar!/com/youzan/util/Lists$RandomAccessPartition.class], URL [jar:file:/Users/wulonghui/.m2/repository/com/youzan/NSQ-Client/2.3.20170406-RELEASE/NSQ-Client-2.3.20170406-RELEASE.jar!/com/youzan/util/Lists.class], URL [jar:file:/Users/wulonghui/.m2/repository/com/youzan/NSQ-Client/2.3.20170406-RELEASE/NSQ-Client-2.3.20170406-RELEASE.jar!/com/youzan/util/NamedThreadFactory$1.class], URL [jar:file:/Users/wulonghui/.m2/repository/com/youzan/NSQ-Client/2.3.20170406-RELEASE/NSQ-Client-2.3.20170406-RELEASE.jar!/com/youzan/util/NamedThreadFactory.class], URL [jar:file:/Users/wulonghui/.m2/repository/com/youzan/NSQ-Client/2.3.20170406-RELEASE/NSQ-Client-2.3.20170406-RELEASE.jar!/com/youzan/util/NotThreadSafe.class], URL [jar:file:/Users/wulonghui/.m2/repository/com/youzan/NSQ-Client/2.3.20170406-RELEASE/NSQ-Client-2.3.20170406-RELEASE.jar!/com/youzan/util/SystemUtil.class], URL [jar:file:/Users/wulonghui/.m2/repository/com/youzan/NSQ-Client/2.3.20170406-RELEASE/NSQ-Client-2.3.20170406-RELEASE.jar!/com/youzan/util/ThreadSafe.class], URL [jar:file:/Users/wulonghui/.m2/repository/com/youzan/DCC-Client/1.1.0330-RELEASE/DCC-Client-1.1.0330-RELEASE.jar!/com/youzan/dcc/client/cache/CacheBackupWorker$CacheSyncJob.class], URL [jar:file:/Users/wulonghui/.m2/repository/com/youzan/DCC-Client/1.1.0330-RELEASE/DCC-Client-1.1.0330-RELEASE.jar!/com/youzan/dcc/client/cache/CacheBackupWorker$LineJob.class], URL [jar:file:/Users/wulonghui/.m2/repository/com/youzan/DCC-Client/1.1.0330-RELEASE/DCC-Client-1.1.0330-RELEASE.jar!/com/youzan/dcc/client/cache/CacheBackupWorker.class], URL [jar:file:/Users/wulonghui/.m2/repository/com/youzan/DCC-Client/1.1.0330-RELEASE/DCC-Client-1.1.0330-RELEASE.jar!/com/youzan/dcc/client/cache/ConfigCacheManager.class], URL [jar:file:/Users/wulonghui/.m2/repository/com/youzan/DCC-Client/1.1.0330-RELEASE/DCC-Client-1.1.0330-RELEASE.jar!/com/youzan/dcc/client/cache/interfaces/IBackupable.class], URL [jar:file:/Users/wulonghui/.m2/repository/com/youzan/DCC-Client/1.1.0330-RELEASE/DCC-Client-1.1.0330-RELEASE.jar!/com/youzan/dcc/client/ConfigClient$ResponseCallbackWrapper.class], URL [jar:file:/Users/wulonghui/.m2/repository/com/youzan/DCC-Client/1.1.0330-RELEASE/DCC-Client-1.1.0330-RELEASE.jar!/com/youzan/dcc/client/ConfigClient.class], URL [jar:file:/Users/wulonghui/.m2/repository/com/youzan/DCC-Client/1.1.0330-RELEASE/DCC-Client-1.1.0330-RELEASE.jar!/com/youzan/dcc/client/ConfigClientBuilder.class], URL [jar:file:/Users/wulonghui/.m2/repository/com/youzan/DCC-Client/1.1.0330-RELEASE/DCC-Client-1.1.0330-RELEASE.jar!/com/youzan/dcc/client/connection/ConnectionManager$1$1.class], URL [jar:file:/Users/wulonghui/.m2/repository/com/youzan/DCC-Client/1.1.0330-RELEASE/DCC-Client-1.1.0330-RELEASE.jar!/com/youzan/dcc/client/connection/ConnectionManager$1.class], URL [jar:file:/Users/wulonghui/.m2/repository/com/youzan/DCC-Client/1.1.0330-RELEASE/DCC-Client-1.1.0330-RELEASE.jar!/com/youzan/dcc/client/connection/ConnectionManager.class], URL [jar:file:/Users/wulonghui/.m2/repository/com/youzan/DCC-Client/1.1.0330-RELEASE/DCC-Client-1.1.0330-RELEASE.jar!/com/youzan/dcc/client/connection/DCCConnectionManager$AbstractRetryCallback$ConfigRequestKey.class], URL [jar:file:/Users/wulonghui/.m2/repository/com/youzan/DCC-Client/1.1.0330-RELEASE/DCC-Client-1.1.0330-RELEASE.jar!/com/youzan/dcc/client/connection/DCCConnectionManager$AbstractRetryCallback.class], URL [jar:file:/Users/wulonghui/.m2/repository/com/youzan/DCC-Client/1.1.0330-RELEASE/DCC-Client-1.1.0330-RELEASE.jar!/com/youzan/dcc/client/connection/DCCConnectionManager$RetryCallback.class], URL [jar:file:/Users/wulonghui/.m2/repository/com/youzan/DCC-Client/1.1.0330-RELEASE/DCC-Client-1.1.0330-RELEASE.jar!/com/youzan/dcc/client/connection/DCCConnectionManager$RetryGETCallback.class], URL [jar:file:/Users/wulonghui/.m2/repository/com/youzan/DCC-Client/1.1.0330-RELEASE/DCC-Client-1.1.0330-RELEASE.jar!/com/youzan/dcc/client/connection/DCCConnectionManager$RetrySUBCallback.class], URL [jar:file:/Users/wulonghui/.m2/repository/com/youzan/DCC-Client/1.1.0330-RELEASE/DCC-Client-1.1.0330-RELEASE.jar!/com/youzan/dcc/client/connection/DCCConnectionManager.class], URL [jar:file:/Users/wulonghui/.m2/repository/com/youzan/DCC-Client/1.1.0330-RELEASE/DCC-Client-1.1.0330-RELEASE.jar!/com/youzan/dcc/client/connection/NamedThreadFactory$1.class], URL [jar:file:/Users/wulonghui/.m2/repository/com/youzan/DCC-Client/1.1.0330-RELEASE/DCC-Client-1.1.0330-RELEASE.jar!/com/youzan/dcc/client/connection/NamedThreadFactory.class], URL [jar:file:/Users/wulonghui/.m2/repository/com/youzan/DCC-Client/1.1.0330-RELEASE/DCC-Client-1.1.0330-RELEASE.jar!/com/youzan/dcc/client/entity/CallbackSubscribe$1.class], URL [jar:file:/Users/wulonghui/.m2/repository/com/youzan/DCC-Client/1.1.0330-RELEASE/DCC-Client-1.1.0330-RELEASE.jar!/com/youzan/dcc/client/entity/CallbackSubscribe$Status.class], URL [jar:file:/Users/wulonghui/.m2/repository/com/youzan/DCC-Client/1.1.0330-RELEASE/DCC-Client-1.1.0330-RELEASE.jar!/com/youzan/dcc/client/entity/CallbackSubscribe.class], URL [jar:file:/Users/wulonghui/.m2/repository/com/youzan/DCC-Client/1.1.0330-RELEASE/DCC-Client-1.1.0330-RELEASE.jar!/com/youzan/dcc/client/entity/command/AbstractCommand.class], URL [jar:file:/Users/wulonghui/.m2/repository/com/youzan/DCC-Client/1.1.0330-RELEASE/DCC-Client-1.1.0330-RELEASE.jar!/com/youzan/dcc/client/entity/command/Delete.class], URL [jar:file:/Users/wulonghui/.m2/repository/com/youzan/DCC-Client/1.1.0330-RELEASE/DCC-Client-1.1.0330-RELEASE.jar!/com/youzan/dcc/client/entity/command/interfaces/ICommand.class], URL [jar:file:/Users/wulonghui/.m2/repository/com/youzan/DCC-Client/1.1.0330-RELEASE/DCC-Client-1.1.0330-RELEASE.jar!/com/youzan/dcc/client/entity/command/Publish.class], URL [jar:file:/Users/wulonghui/.m2/repository/com/youzan/DCC-Client/1.1.0330-RELEASE/DCC-Client-1.1.0330-RELEASE.jar!/com/youzan/dcc/client/entity/command/Subscribe.class], URL [jar:file:/Users/wulonghui/.m2/repository/com/youzan/DCC-Client/1.1.0330-RELEASE/DCC-Client-1.1.0330-RELEASE.jar!/com/youzan/dcc/client/entity/config/AbstractConfig$ConfigRequestField.class], URL [jar:file:/Users/wulonghui/.m2/repository/com/youzan/DCC-Client/1.1.0330-RELEASE/DCC-Client-1.1.0330-RELEASE.jar!/com/youzan/dcc/client/entity/config/AbstractConfig.class], URL [jar:file:/Users/wulonghui/.m2/repository/com/youzan/DCC-Client/1.1.0330-RELEASE/DCC-Client-1.1.0330-RELEASE.jar!/com/youzan/dcc/client/entity/config/Config$ConfigField.class], URL [jar:file:/Users/wulonghui/.m2/repository/com/youzan/DCC-Client/1.1.0330-RELEASE/DCC-Client-1.1.0330-RELEASE.jar!/com/youzan/dcc/client/entity/config/Config$ConfigType.class], URL [jar:file:/Users/wulonghui/.m2/repository/com/youzan/DCC-Client/1.1.0330-RELEASE/DCC-Client-1.1.0330-RELEASE.jar!/com/youzan/dcc/client/entity/config/Config.class], URL [jar:file:/Users/wulonghui/.m2/repository/com/youzan/DCC-Client/1.1.0330-RELEASE/DCC-Client-1.1.0330-RELEASE.jar!/com/youzan/dcc/client/entity/config/ConfigBuilder.class], URL [jar:file:/Users/wulonghui/.m2/repository/com/youzan/DCC-Client/1.1.0330-RELEASE/DCC-Client-1.1.0330-RELEASE.jar!/com/youzan/dcc/client/entity/config/ConfigRequest.class], URL [jar:file:/Users/wulonghui/.m2/repository/com/youzan/DCC-Client/1.1.0330-RELEASE/DCC-Client-1.1.0330-RELEASE.jar!/com/youzan/dcc/client/entity/config/ConfigRequestBuilder.class], URL [jar:file:/Users/wulonghui/.m2/repository/com/youzan/DCC-Client/1.1.0330-RELEASE/DCC-Client-1.1.0330-RELEASE.jar!/com/youzan/dcc/client/entity/config/interfaces/IDCCConfig.class], URL [jar:file:/Users/wulonghui/.m2/repository/com/youzan/DCC-Client/1.1.0330-RELEASE/DCC-Client-1.1.0330-RELEASE.jar!/com/youzan/dcc/client/entity/config/interfaces/IDCCResponse.class], URL [jar:file:/Users/wulonghui/.m2/repository/com/youzan/DCC-Client/1.1.0330-RELEASE/DCC-Client-1.1.0330-RELEASE.jar!/com/youzan/dcc/client/entity/config/interfaces/IResponseCallback.class], URL [jar:file:/Users/wulonghui/.m2/repository/com/youzan/DCC-Client/1.1.0330-RELEASE/DCC-Client-1.1.0330-RELEASE.jar!/com/youzan/dcc/client/entity/config/interfaces/IStatus$Status.class], URL [jar:file:/Users/wulonghui/.m2/repository/com/youzan/DCC-Client/1.1.0330-RELEASE/DCC-Client-1.1.0330-RELEASE.jar!/com/youzan/dcc/client/entity/config/interfaces/IStatus.class], URL [jar:file:/Users/wulonghui/.m2/repository/com/youzan/DCC-Client/1.1.0330-RELEASE/DCC-Client-1.1.0330-RELEASE.jar!/com/youzan/dcc/client/entity/ConfigPair.class], URL [jar:file:/Users/wulonghui/.m2/repository/com/youzan/DCC-Client/1.1.0330-RELEASE/DCC-Client-1.1.0330-RELEASE.jar!/com/youzan/dcc/client/entity/ConnectionStatus.class], URL [jar:file:/Users/wulonghui/.m2/repository/com/youzan/DCC-Client/1.1.0330-RELEASE/DCC-Client-1.1.0330-RELEASE.jar!/com/youzan/dcc/client/entity/PoolingResponseCallback.class], URL [jar:file:/Users/wulonghui/.m2/repository/com/youzan/DCC-Client/1.1.0330-RELEASE/DCC-Client-1.1.0330-RELEASE.jar!/com/youzan/dcc/client/entity/SubscribePoolingManager$1.class], URL [jar:file:/Users/wulonghui/.m2/repository/com/youzan/DCC-Client/1.1.0330-RELEASE/DCC-Client-1.1.0330-RELEASE.jar!/com/youzan/dcc/client/entity/SubscribePoolingManager$2.class], URL [jar:file:/Users/wulonghui/.m2/repository/com/youzan/DCC-Client/1.1.0330-RELEASE/DCC-Client-1.1.0330-RELEASE.jar!/com/youzan/dcc/client/entity/SubscribePoolingManager$ConfigPairsKey.class], URL [jar:file:/Users/wulonghui/.m2/repository/com/youzan/DCC-Client/1.1.0330-RELEASE/DCC-Client-1.1.0330-RELEASE.jar!/com/youzan/dcc/client/entity/SubscribePoolingManager.class], URL [jar:file:/Users/wulonghui/.m2/repository/com/youzan/DCC-Client/1.1.0330-RELEASE/DCC-Client-1.1.0330-RELEASE.jar!/com/youzan/dcc/client/exceptions/CallBackException.class], URL [jar:file:/Users/wulonghui/.m2/repository/com/youzan/DCC-Client/1.1.0330-RELEASE/DCC-Client-1.1.0330-RELEASE.jar!/com/youzan/dcc/client/exceptions/ClientException.class], URL [jar:file:/Users/wulonghui/.m2/repository/com/youzan/DCC-Client/1.1.0330-RELEASE/DCC-Client-1.1.0330-RELEASE.jar!/com/youzan/dcc/client/exceptions/ClientRuntimeException.class], URL [jar:file:/Users/wulonghui/.m2/repository/com/youzan/DCC-Client/1.1.0330-RELEASE/DCC-Client-1.1.0330-RELEASE.jar!/com/youzan/dcc/client/exceptions/ConfigParserException.class], URL [jar:file:/Users/wulonghui/.m2/repository/com/youzan/DCC-Client/1.1.0330-RELEASE/DCC-Client-1.1.0330-RELEASE.jar!/com/youzan/dcc/client/exceptions/InvalidConfigException.class], URL [jar:file:/Users/wulonghui/.m2/repository/com/youzan/DCC-Client/1.1.0330-RELEASE/DCC-Client-1.1.0330-RELEASE.jar!/com/youzan/dcc/client/IConfigClient.class], URL [jar:file:/Users/wulonghui/.m2/repository/com/youzan/DCC-Client/1.1.0330-RELEASE/DCC-Client-1.1.0330-RELEASE.jar!/com/youzan/dcc/client/util/AbstractDCCConfigBuilder.class], URL [jar:file:/Users/wulonghui/.m2/repository/com/youzan/DCC-Client/1.1.0330-RELEASE/DCC-Client-1.1.0330-RELEASE.jar!/com/youzan/dcc/client/util/inetrfaces/ClientConfig.class], URL [jar:file:/Users/wulonghui/.m2/repository/com/youzan/DCC-Client/1.1.0330-RELEASE/DCC-Client-1.1.0330-RELEASE.jar!/com/youzan/dcc/client/util/inetrfaces/IConfig.class], URL [jar:file:/Users/wulonghui/.m2/repository/com/youzan/DCC-Client/1.1.0330-RELEASE/DCC-Client-1.1.0330-RELEASE.jar!/com/youzan/dcc/client/util/SystemUtils.class], URL [jar:file:/Users/wulonghui/.m2/repository/com/youzan/DCC-Client/1.1.0330-RELEASE/DCC-Client-1.1.0330-RELEASE.jar!/com/youzan/dcc/client/Version.class], URL [jar:file:/Users/wulonghui/.m2/repository/com/youzan/httpasyncclient/4.1.2-RELEASE/httpasyncclient-4.1.2-RELEASE.jar!/com/youzan/http/impl/nio/client/AbstractClientExchangeHandler$1.class], URL [jar:file:/Users/wulonghui/.m2/repository/com/youzan/httpasyncclient/4.1.2-RELEASE/httpasyncclient-4.1.2-RELEASE.jar!/com/youzan/http/impl/nio/client/AbstractClientExchangeHandler.class], URL [jar:file:/Users/wulonghui/.m2/repository/com/youzan/httpasyncclient/4.1.2-RELEASE/httpasyncclient-4.1.2-RELEASE.jar!/com/youzan/http/impl/nio/client/AbstractHttpAsyncClient$1.class], URL [jar:file:/Users/wulonghui/.m2/repository/com/youzan/httpasyncclient/4.1.2-RELEASE/httpasyncclient-4.1.2-RELEASE.jar!/com/youzan/http/impl/nio/client/AbstractHttpAsyncClient.class], URL [jar:file:/Users/wulonghui/.m2/repository/com/youzan/httpasyncclient/4.1.2-RELEASE/httpasyncclient-4.1.2-RELEASE.jar!/com/youzan/http/impl/nio/client/CloseableHttpAsyncClient.class], URL [jar:file:/Users/wulonghui/.m2/repository/com/youzan/httpasyncclient/4.1.2-RELEASE/httpasyncclient-4.1.2-RELEASE.jar!/com/youzan/http/impl/nio/client/CloseableHttpAsyncClientBase$1.class], URL [jar:file:/Users/wulonghui/.m2/repository/com/youzan/httpasyncclient/4.1.2-RELEASE/httpasyncclient-4.1.2-RELEASE.jar!/com/youzan/http/impl/nio/client/CloseableHttpAsyncClientBase$Status.class], URL [jar:file:/Users/wulonghui/.m2/repository/com/youzan/httpasyncclient/4.1.2-RELEASE/httpasyncclient-4.1.2-RELEASE.jar!/com/youzan/http/impl/nio/client/CloseableHttpAsyncClientBase.class], URL [jar:file:/Users/wulonghui/.m2/repository/com/youzan/httpasyncclient/4.1.2-RELEASE/httpasyncclient-4.1.2-RELEASE.jar!/com/youzan/http/impl/nio/client/CloseableHttpPipeliningClient.class], URL [jar:file:/Users/wulonghui/.m2/repository/com/youzan/httpasyncclient/4.1.2-RELEASE/httpasyncclient-4.1.2-RELEASE.jar!/com/youzan/http/impl/nio/client/DefaultAsyncRequestDirector$1.class], URL [jar:file:/Users/wulonghui/.m2/repository/com/youzan/httpasyncclient/4.1.2-RELEASE/httpasyncclient-4.1.2-RELEASE.jar!/com/youzan/http/impl/nio/client/DefaultAsyncRequestDirector$InternalFutureCallback.class], URL [jar:file:/Users/wulonghui/.m2/repository/com/youzan/httpasyncclient/4.1.2-RELEASE/httpasyncclient-4.1.2-RELEASE.jar!/com/youzan/http/impl/nio/client/DefaultAsyncRequestDirector.class], URL [jar:file:/Users/wulonghui/.m2/repository/com/youzan/httpasyncclient/4.1.2-RELEASE/httpasyncclient-4.1.2-RELEASE.jar!/com/youzan/http/impl/nio/client/DefaultAsyncUserTokenHandler.class], URL [jar:file:/Users/wulonghui/.m2/repository/com/youzan/httpasyncclient/4.1.2-RELEASE/httpasyncclient-4.1.2-RELEASE.jar!/com/youzan/http/impl/nio/client/DefaultClientExchangeHandlerImpl.class], URL [jar:file:/Users/wulonghui/.m2/repository/com/youzan/httpasyncclient/4.1.2-RELEASE/httpasyncclient-4.1.2-RELEASE.jar!/com/youzan/http/impl/nio/client/DefaultHttpAsyncClient.class], URL [jar:file:/Users/wulonghui/.m2/repository/com/youzan/httpasyncclient/4.1.2-RELEASE/httpasyncclient-4.1.2-RELEASE.jar!/com/youzan/http/impl/nio/client/DefaultResultCallback.class], URL [jar:file:/Users/wulonghui/.m2/repository/com/youzan/httpasyncclient/4.1.2-RELEASE/httpasyncclient-4.1.2-RELEASE.jar!/com/youzan/http/impl/nio/client/HttpAsyncClientBuilder.class], URL [jar:file:/Users/wulonghui/.m2/repository/com/youzan/httpasyncclient/4.1.2-RELEASE/httpasyncclient-4.1.2-RELEASE.jar!/com/youzan/http/impl/nio/client/HttpAsyncClients.class], URL [jar:file:/Users/wulonghui/.m2/repository/com/youzan/httpasyncclient/4.1.2-RELEASE/httpasyncclient-4.1.2-RELEASE.jar!/com/youzan/http/impl/nio/client/InternalClientExec.class], URL [jar:file:/Users/wulonghui/.m2/repository/com/youzan/httpasyncclient/4.1.2-RELEASE/httpasyncclient-4.1.2-RELEASE.jar!/com/youzan/http/impl/nio/client/InternalHttpAsyncClient.class], URL [jar:file:/Users/wulonghui/.m2/repository/com/youzan/httpasyncclient/4.1.2-RELEASE/httpasyncclient-4.1.2-RELEASE.jar!/com/youzan/http/impl/nio/client/InternalIODispatch.class], URL [jar:file:/Users/wulonghui/.m2/repository/com/youzan/httpasyncclient/4.1.2-RELEASE/httpasyncclient-4.1.2-RELEASE.jar!/com/youzan/http/impl/nio/client/InternalIOReactorExceptionHandler.class], URL [jar:file:/Users/wulonghui/.m2/repository/com/youzan/httpasyncclient/4.1.2-RELEASE/httpasyncclient-4.1.2-RELEASE.jar!/com/youzan/http/impl/nio/client/InternalRequestExecutor.class], URL [jar:file:/Users/wulonghui/.m2/repository/com/youzan/httpasyncclient/4.1.2-RELEASE/httpasyncclient-4.1.2-RELEASE.jar!/com/youzan/http/impl/nio/client/InternalState.class], URL [jar:file:/Users/wulonghui/.m2/repository/com/youzan/httpasyncclient/4.1.2-RELEASE/httpasyncclient-4.1.2-RELEASE.jar!/com/youzan/http/impl/nio/client/IOReactorUtils.class], URL [jar:file:/Users/wulonghui/.m2/repository/com/youzan/httpasyncclient/4.1.2-RELEASE/httpasyncclient-4.1.2-RELEASE.jar!/com/youzan/http/impl/nio/client/MainClientExec.class], URL [jar:file:/Users/wulonghui/.m2/repository/com/youzan/httpasyncclient/4.1.2-RELEASE/httpasyncclient-4.1.2-RELEASE.jar!/com/youzan/http/impl/nio/client/MinimalClientExchangeHandlerImpl.class], URL [jar:file:/Users/wulonghui/.m2/repository/com/youzan/httpasyncclient/4.1.2-RELEASE/httpasyncclient-4.1.2-RELEASE.jar!/com/youzan/http/impl/nio/client/MinimalHttpAsyncClient.class], URL [jar:file:/Users/wulonghui/.m2/repository/com/youzan/httpasyncclient/4.1.2-RELEASE/httpasyncclient-4.1.2-RELEASE.jar!/com/youzan/http/impl/nio/client/MinimalHttpAsyncClientBuilder.class], URL [jar:file:/Users/wulonghui/.m2/repository/com/youzan/httpasyncclient/4.1.2-RELEASE/httpasyncclient-4.1.2-RELEASE.jar!/com/youzan/http/impl/nio/client/ParamConfig.class], URL [jar:file:/Users/wulonghui/.m2/repository/com/youzan/httpasyncclient/4.1.2-RELEASE/httpasyncclient-4.1.2-RELEASE.jar!/com/youzan/http/impl/nio/client/PipeliningClientExchangeHandlerImpl.class], URL [jar:file:/Users/wulonghui/.m2/repository/com/youzan/httpasyncclient/4.1.2-RELEASE/httpasyncclient-4.1.2-RELEASE.jar!/com/youzan/http/impl/nio/client/ResultCallback.class], URL [jar:file:/Users/wulonghui/.m2/repository/com/youzan/httpasyncclient/4.1.2-RELEASE/httpasyncclient-4.1.2-RELEASE.jar!/com/youzan/http/impl/nio/conn/AsyncSchemeRegistryFactory.class], URL [jar:file:/Users/wulonghui/.m2/repository/com/youzan/httpasyncclient/4.1.2-RELEASE/httpasyncclient-4.1.2-RELEASE.jar!/com/youzan/http/impl/nio/conn/CPool.class], URL [jar:file:/Users/wulonghui/.m2/repository/com/youzan/httpasyncclient/4.1.2-RELEASE/httpasyncclient-4.1.2-RELEASE.jar!/com/youzan/http/impl/nio/conn/CPoolEntry.class], URL [jar:file:/Users/wulonghui/.m2/repository/com/youzan/httpasyncclient/4.1.2-RELEASE/httpasyncclient-4.1.2-RELEASE.jar!/com/youzan/http/impl/nio/conn/CPoolProxy.class], URL [jar:file:/Users/wulonghui/.m2/repository/com/youzan/httpasyncclient/4.1.2-RELEASE/httpasyncclient-4.1.2-RELEASE.jar!/com/youzan/http/impl/nio/conn/DefaultClientAsyncConnection.class], URL [jar:file:/Users/wulonghui/.m2/repository/com/youzan/httpasyncclient/4.1.2-RELEASE/httpasyncclient-4.1.2-RELEASE.jar!/com/youzan/http/impl/nio/conn/DefaultClientAsyncConnectionFactory.class], URL [jar:file:/Users/wulonghui/.m2/repository/com/youzan/httpasyncclient/4.1.2-RELEASE/httpasyncclient-4.1.2-RELEASE.jar!/com/youzan/http/impl/nio/conn/DefaultHttpAsyncRoutePlanner.class], URL [jar:file:/Users/wulonghui/.m2/repository/com/youzan/httpasyncclient/4.1.2-RELEASE/httpasyncclient-4.1.2-RELEASE.jar!/com/youzan/http/impl/nio/conn/HttpNIOConnPool.class], URL [jar:file:/Users/wulonghui/.m2/repository/com/youzan/httpasyncclient/4.1.2-RELEASE/httpasyncclient-4.1.2-RELEASE.jar!/com/youzan/http/impl/nio/conn/HttpNIOConnPoolFactory.class], URL [jar:file:/Users/wulonghui/.m2/repository/com/youzan/httpasyncclient/4.1.2-RELEASE/httpasyncclient-4.1.2-RELEASE.jar!/com/youzan/http/impl/nio/conn/HttpPoolEntry.class], URL [jar:file:/Users/wulonghui/.m2/repository/com/youzan/httpasyncclient/4.1.2-RELEASE/httpasyncclient-4.1.2-RELEASE.jar!/com/youzan/http/impl/nio/conn/LoggingIOSession$LoggingByteChannel.class], URL [jar:file:/Users/wulonghui/.m2/repository/com/youzan/httpasyncclient/4.1.2-RELEASE/httpasyncclient-4.1.2-RELEASE.jar!/com/youzan/http/impl/nio/conn/LoggingIOSession.class], URL [jar:file:/Users/wulonghui/.m2/repository/com/youzan/httpasyncclient/4.1.2-RELEASE/httpasyncclient-4.1.2-RELEASE.jar!/com/youzan/http/impl/nio/conn/ManagedClientAsyncConnectionImpl.class], URL [jar:file:/Users/wulonghui/.m2/repository/com/youzan/httpasyncclient/4.1.2-RELEASE/httpasyncclient-4.1.2-RELEASE.jar!/com/youzan/http/impl/nio/conn/ManagedNHttpClientConnectionFactory.class], URL [jar:file:/Users/wulonghui/.m2/repository/com/youzan/httpasyncclient/4.1.2-RELEASE/httpasyncclient-4.1.2-RELEASE.jar!/com/youzan/http/impl/nio/conn/ManagedNHttpClientConnectionImpl.class], URL [jar:file:/Users/wulonghui/.m2/repository/com/youzan/httpasyncclient/4.1.2-RELEASE/httpasyncclient-4.1.2-RELEASE.jar!/com/youzan/http/impl/nio/conn/PoolingClientAsyncConnectionManager$InternalPoolEntryCallback.class], URL [jar:file:/Users/wulonghui/.m2/repository/com/youzan/httpasyncclient/4.1.2-RELEASE/httpasyncclient-4.1.2-RELEASE.jar!/com/youzan/http/impl/nio/conn/PoolingClientAsyncConnectionManager.class], URL [jar:file:/Users/wulonghui/.m2/repository/com/youzan/httpasyncclient/4.1.2-RELEASE/httpasyncclient-4.1.2-RELEASE.jar!/com/youzan/http/impl/nio/conn/PoolingNHttpClientConnectionManager$ConfigData.class], URL [jar:file:/Users/wulonghui/.m2/repository/com/youzan/httpasyncclient/4.1.2-RELEASE/httpasyncclient-4.1.2-RELEASE.jar!/com/youzan/http/impl/nio/conn/PoolingNHttpClientConnectionManager$InternalAddressResolver.class], URL [jar:file:/Users/wulonghui/.m2/repository/com/youzan/httpasyncclient/4.1.2-RELEASE/httpasyncclient-4.1.2-RELEASE.jar!/com/youzan/http/impl/nio/conn/PoolingNHttpClientConnectionManager$InternalConnectionFactory.class], URL [jar:file:/Users/wulonghui/.m2/repository/com/youzan/httpasyncclient/4.1.2-RELEASE/httpasyncclient-4.1.2-RELEASE.jar!/com/youzan/http/impl/nio/conn/PoolingNHttpClientConnectionManager$InternalPoolEntryCallback.class], URL [jar:file:/Users/wulonghui/.m2/repository/com/youzan/httpasyncclient/4.1.2-RELEASE/httpasyncclient-4.1.2-RELEASE.jar!/com/youzan/http/impl/nio/conn/PoolingNHttpClientConnectionManager.class], URL [jar:file:/Users/wulonghui/.m2/repository/com/youzan/httpasyncclient/4.1.2-RELEASE/httpasyncclient-4.1.2-RELEASE.jar!/com/youzan/http/impl/nio/conn/Wire.class], URL [jar:file:/Users/wulonghui/.m2/repository/com/youzan/httpasyncclient/4.1.2-RELEASE/httpasyncclient-4.1.2-RELEASE.jar!/com/youzan/http/nio/client/HttpAsyncClient.class], URL [jar:file:/Users/wulonghui/.m2/repository/com/youzan/httpasyncclient/4.1.2-RELEASE/httpasyncclient-4.1.2-RELEASE.jar!/com/youzan/http/nio/client/HttpPipeliningClient.class], URL [jar:file:/Users/wulonghui/.m2/repository/com/youzan/httpasyncclient/4.1.2-RELEASE/httpasyncclient-4.1.2-RELEASE.jar!/com/youzan/http/nio/client/methods/AsyncByteConsumer.class], URL [jar:file:/Users/wulonghui/.m2/repository/com/youzan/httpasyncclient/4.1.2-RELEASE/httpasyncclient-4.1.2-RELEASE.jar!/com/youzan/http/nio/client/methods/AsyncCharConsumer.class], URL [jar:file:/Users/wulonghui/.m2/repository/com/youzan/httpasyncclient/4.1.2-RELEASE/httpasyncclient-4.1.2-RELEASE.jar!/com/youzan/http/nio/client/methods/BaseZeroCopyRequestProducer.class], URL [jar:file:/Users/wulonghui/.m2/repository/com/youzan/httpasyncclient/4.1.2-RELEASE/httpasyncclient-4.1.2-RELEASE.jar!/com/youzan/http/nio/client/methods/HttpAsyncMethods$1.class], URL [jar:file:/Users/wulonghui/.m2/repository/com/youzan/httpasyncclient/4.1.2-RELEASE/httpasyncclient-4.1.2-RELEASE.jar!/com/youzan/http/nio/client/methods/HttpAsyncMethods$RequestProducerImpl.class], URL [jar:file:/Users/wulonghui/.m2/repository/com/youzan/httpasyncclient/4.1.2-RELEASE/httpasyncclient-4.1.2-RELEASE.jar!/com/youzan/http/nio/client/methods/HttpAsyncMethods.class], URL [jar:file:/Users/wulonghui/.m2/repository/com/youzan/httpasyncclient/4.1.2-RELEASE/httpasyncclient-4.1.2-RELEASE.jar!/com/youzan/http/nio/client/methods/ZeroCopyConsumer.class], URL [jar:file:/Users/wulonghui/.m2/repository/com/youzan/httpasyncclient/4.1.2-RELEASE/httpasyncclient-4.1.2-RELEASE.jar!/com/youzan/http/nio/client/methods/ZeroCopyPost.class], URL [jar:file:/Users/wulonghui/.m2/repository/com/youzan/httpasyncclient/4.1.2-RELEASE/httpasyncclient-4.1.2-RELEASE.jar!/com/youzan/http/nio/client/methods/ZeroCopyPut.class], URL [jar:file:/Users/wulonghui/.m2/repository/com/youzan/httpasyncclient/4.1.2-RELEASE/httpasyncclient-4.1.2-RELEASE.jar!/com/youzan/http/nio/client/util/HttpAsyncClientUtils.class], URL [jar:file:/Users/wulonghui/.m2/repository/com/youzan/httpasyncclient/4.1.2-RELEASE/httpasyncclient-4.1.2-RELEASE.jar!/com/youzan/http/nio/conn/ClientAsyncConnection.class], URL [jar:file:/Users/wulonghui/.m2/repository/com/youzan/httpasyncclient/4.1.2-RELEASE/httpasyncclient-4.1.2-RELEASE.jar!/com/youzan/http/nio/conn/ClientAsyncConnectionFactory.class], URL [jar:file:/Users/wulonghui/.m2/repository/com/youzan/httpasyncclient/4.1.2-RELEASE/httpasyncclient-4.1.2-RELEASE.jar!/com/youzan/http/nio/conn/ClientAsyncConnectionManager.class], URL [jar:file:/Users/wulonghui/.m2/repository/com/youzan/httpasyncclient/4.1.2-RELEASE/httpasyncclient-4.1.2-RELEASE.jar!/com/youzan/http/nio/conn/ManagedClientAsyncConnection.class], URL [jar:file:/Users/wulonghui/.m2/repository/com/youzan/httpasyncclient/4.1.2-RELEASE/httpasyncclient-4.1.2-RELEASE.jar!/com/youzan/http/nio/conn/ManagedNHttpClientConnection.class], URL [jar:file:/Users/wulonghui/.m2/repository/com/youzan/httpasyncclient/4.1.2-RELEASE/httpasyncclient-4.1.2-RELEASE.jar!/com/youzan/http/nio/conn/NHttpClientConnectionManager.class], URL [jar:file:/Users/wulonghui/.m2/repository/com/youzan/httpasyncclient/4.1.2-RELEASE/httpasyncclient-4.1.2-RELEASE.jar!/com/youzan/http/nio/conn/NHttpConnectionFactory.class], URL [jar:file:/Users/wulonghui/.m2/repository/com/youzan/httpasyncclient/4.1.2-RELEASE/httpasyncclient-4.1.2-RELEASE.jar!/com/youzan/http/nio/conn/NoopIOSessionStrategy.class], URL [jar:file:/Users/wulonghui/.m2/repository/com/youzan/httpasyncclient/4.1.2-RELEASE/httpasyncclient-4.1.2-RELEASE.jar!/com/youzan/http/nio/conn/scheme/AsyncScheme.class], URL [jar:file:/Users/wulonghui/.m2/repository/com/youzan/httpasyncclient/4.1.2-RELEASE/httpasyncclient-4.1.2-RELEASE.jar!/com/youzan/http/nio/conn/scheme/AsyncSchemeRegistry.class], URL [jar:file:/Users/wulonghui/.m2/repository/com/youzan/httpasyncclient/4.1.2-RELEASE/httpasyncclient-4.1.2-RELEASE.jar!/com/youzan/http/nio/conn/scheme/LayeringStrategy.class], URL [jar:file:/Users/wulonghui/.m2/repository/com/youzan/httpasyncclient/4.1.2-RELEASE/httpasyncclient-4.1.2-RELEASE.jar!/com/youzan/http/nio/conn/SchemeIOSessionStrategy.class], URL [jar:file:/Users/wulonghui/.m2/repository/com/youzan/httpasyncclient/4.1.2-RELEASE/httpasyncclient-4.1.2-RELEASE.jar!/com/youzan/http/nio/conn/ssl/SSLIOSessionStrategy$1.class], URL [jar:file:/Users/wulonghui/.m2/repository/com/youzan/httpasyncclient/4.1.2-RELEASE/httpasyncclient-4.1.2-RELEASE.jar!/com/youzan/http/nio/conn/ssl/SSLIOSessionStrategy.class], URL [jar:file:/Users/wulonghui/.m2/repository/com/youzan/httpasyncclient/4.1.2-RELEASE/httpasyncclient-4.1.2-RELEASE.jar!/com/youzan/http/nio/conn/ssl/SSLLayeringStrategy$1.class], URL [jar:file:/Users/wulonghui/.m2/repository/com/youzan/httpasyncclient/4.1.2-RELEASE/httpasyncclient-4.1.2-RELEASE.jar!/com/youzan/http/nio/conn/ssl/SSLLayeringStrategy.class], URL [jar:file:/Users/wulonghui/.m2/repository/com/youzan/httpasyncclient/4.1.2-RELEASE/httpasyncclient-4.1.2-RELEASE.jar!/com/youzan/http/nio/conn/ssl/TrustManagerDecorator.class], URL [jar:file:/Users/wulonghui/.m2/repository/com/youzan/pay/merchant-api/0.0.7-20170804-RELEASE/merchant-api-0.0.7-20170804-RELEASE.jar!/com/youzan/pay/customer/api/AuthenticationService.class], URL [jar:file:/Users/wulonghui/.m2/repository/com/youzan/pay/merchant-api/0.0.7-20170804-RELEASE/merchant-api-0.0.7-20170804-RELEASE.jar!/com/youzan/pay/customer/api/enums/MerchantContractStatusEnum.class], URL [jar:file:/Users/wulonghui/.m2/repository/com/youzan/pay/merchant-api/0.0.7-20170804-RELEASE/merchant-api-0.0.7-20170804-RELEASE.jar!/com/youzan/pay/customer/api/MerchantAccountService.class], URL [jar:file:/Users/wulonghui/.m2/repository/com/youzan/pay/merchant-api/0.0.7-20170804-RELEASE/merchant-api-0.0.7-20170804-RELEASE.jar!/com/youzan/pay/customer/api/MerchantLoginService.class], URL [jar:file:/Users/wulonghui/.m2/repository/com/youzan/pay/merchant-api/0.0.7-20170804-RELEASE/merchant-api-0.0.7-20170804-RELEASE.jar!/com/youzan/pay/customer/api/MerchantTradeService.class], URL [jar:file:/Users/wulonghui/.m2/repository/com/youzan/pay/merchant-api/0.0.7-20170804-RELEASE/merchant-api-0.0.7-20170804-RELEASE.jar!/com/youzan/pay/customer/api/product/constant/ExtendConst.class], URL [jar:file:/Users/wulonghui/.m2/repository/com/youzan/pay/merchant-api/0.0.7-20170804-RELEASE/merchant-api-0.0.7-20170804-RELEASE.jar!/com/youzan/pay/customer/api/product/request/BatchTerminateContractRequest.class], URL [jar:file:/Users/wulonghui/.m2/repository/com/youzan/pay/merchant-api/0.0.7-20170804-RELEASE/merchant-api-0.0.7-20170804-RELEASE.jar!/com/youzan/pay/customer/api/product/request/FetchCodesRequest.class], URL [jar:file:/Users/wulonghui/.m2/repository/com/youzan/pay/merchant-api/0.0.7-20170804-RELEASE/merchant-api-0.0.7-20170804-RELEASE.jar!/com/youzan/pay/customer/api/product/request/FetchUsableProductsRequest.class], URL [jar:file:/Users/wulonghui/.m2/repository/com/youzan/pay/merchant-api/0.0.7-20170804-RELEASE/merchant-api-0.0.7-20170804-RELEASE.jar!/com/youzan/pay/customer/api/product/request/TerminateContractRequest.class], URL [jar:file:/Users/wulonghui/.m2/repository/com/youzan/pay/merchant-api/0.0.7-20170804-RELEASE/merchant-api-0.0.7-20170804-RELEASE.jar!/com/youzan/pay/customer/api/product/result/ProductInfoDTO.class], URL [jar:file:/Users/wulonghui/.m2/repository/com/youzan/pay/merchant-api/0.0.7-20170804-RELEASE/merchant-api-0.0.7-20170804-RELEASE.jar!/com/youzan/pay/customer/api/product/UnifiedBizCodeService.class], URL [jar:file:/Users/wulonghui/.m2/repository/com/youzan/pay/merchant-api/0.0.7-20170804-RELEASE/merchant-api-0.0.7-20170804-RELEASE.jar!/com/youzan/pay/customer/api/request/ApplyWithDrawRequest.class], URL [jar:file:/Users/wulonghui/.m2/repository/com/youzan/pay/merchant-api/0.0.7-20170804-RELEASE/merchant-api-0.0.7-20170804-RELEASE.jar!/com/youzan/pay/customer/api/request/CheckRequest.class], URL [jar:file:/Users/wulonghui/.m2/repository/com/youzan/pay/merchant-api/0.0.7-20170804-RELEASE/merchant-api-0.0.7-20170804-RELEASE.jar!/com/youzan/pay/customer/api/request/MchAccountVO.class], URL [jar:file:/Users/wulonghui/.m2/repository/com/youzan/pay/merchant-api/0.0.7-20170804-RELEASE/merchant-api-0.0.7-20170804-RELEASE.jar!/com/youzan/pay/customer/api/request/MerchantRegRequest.class], URL [jar:file:/Users/wulonghui/.m2/repository/com/youzan/pay/merchant-api/0.0.7-20170804-RELEASE/merchant-api-0.0.7-20170804-RELEASE.jar!/com/youzan/pay/customer/api/request/MerchantTradeQueryRequest.class], URL [jar:file:/Users/wulonghui/.m2/repository/com/youzan/pay/merchant-api/0.0.7-20170804-RELEASE/merchant-api-0.0.7-20170804-RELEASE.jar!/com/youzan/pay/customer/api/request/MerchantUserRegRequest.class], URL [jar:file:/Users/wulonghui/.m2/repository/com/youzan/pay/merchant-api/0.0.7-20170804-RELEASE/merchant-api-0.0.7-20170804-RELEASE.jar!/com/youzan/pay/customer/api/request/QueryBaseRequest.class], URL [jar:file:/Users/wulonghui/.m2/repository/com/youzan/pay/merchant-api/0.0.7-20170804-RELEASE/merchant-api-0.0.7-20170804-RELEASE.jar!/com/youzan/pay/customer/api/request/QueryBoundCardRequest.class], URL [jar:file:/Users/wulonghui/.m2/repository/com/youzan/pay/merchant-api/0.0.7-20170804-RELEASE/merchant-api-0.0.7-20170804-RELEASE.jar!/com/youzan/pay/customer/api/request/QueryConfigRequest.class], URL [jar:file:/Users/wulonghui/.m2/repository/com/youzan/pay/merchant-api/0.0.7-20170804-RELEASE/merchant-api-0.0.7-20170804-RELEASE.jar!/com/youzan/pay/customer/api/request/QuerySignKeyRequest.class], URL [jar:file:/Users/wulonghui/.m2/repository/com/youzan/pay/merchant-api/0.0.7-20170804-RELEASE/merchant-api-0.0.7-20170804-RELEASE.jar!/com/youzan/pay/customer/api/result/AccountAvailableBalanceResult.class], URL [jar:file:/Users/wulonghui/.m2/repository/com/youzan/pay/merchant-api/0.0.7-20170804-RELEASE/merchant-api-0.0.7-20170804-RELEASE.jar!/com/youzan/pay/customer/api/result/BaseResult.class], URL [jar:file:/Users/wulonghui/.m2/repository/com/youzan/pay/merchant-api/0.0.7-20170804-RELEASE/merchant-api-0.0.7-20170804-RELEASE.jar!/com/youzan/pay/customer/api/result/GenerateUserNoResult.class], URL [jar:file:/Users/wulonghui/.m2/repository/com/youzan/pay/merchant-api/0.0.7-20170804-RELEASE/merchant-api-0.0.7-20170804-RELEASE.jar!/com/youzan/pay/customer/api/result/MerchantAccountingSummaryResult$AccountingSummary.class], URL [jar:file:/Users/wulonghui/.m2/repository/com/youzan/pay/merchant-api/0.0.7-20170804-RELEASE/merchant-api-0.0.7-20170804-RELEASE.jar!/com/youzan/pay/customer/api/result/MerchantContractResult.class], URL [jar:file:/Users/wulonghui/.m2/repository/com/youzan/pay/merchant-api/0.0.7-20170804-RELEASE/merchant-api-0.0.7-20170804-RELEASE.jar!/com/youzan/pay/customer/api/result/MerchantProductInfo$PayChannel.class], URL [jar:file:/Users/wulonghui/.m2/repository/com/youzan/pay/merchant-api/0.0.7-20170804-RELEASE/merchant-api-0.0.7-20170804-RELEASE.jar!/com/youzan/pay/customer/api/result/MerchantSalesStatInfo$StatInfo.class], URL [jar:file:/Users/wulonghui/.m2/repository/com/youzan/pay/merchant-api/0.0.7-20170804-RELEASE/merchant-api-0.0.7-20170804-RELEASE.jar!/com/youzan/pay/customer/api/result/MerchantSignContractInfoResult.class], URL [jar:file:/Users/wulonghui/.m2/repository/com/youzan/pay/merchant-api/0.0.7-20170804-RELEASE/merchant-api-0.0.7-20170804-RELEASE.jar!/com/youzan/pay/customer/api/result/PayToolConfig.class], URL [jar:file:/Users/wulonghui/.m2/repository/com/youzan/pay/merchant-api/0.0.7-20170804-RELEASE/merchant-api-0.0.7-20170804-RELEASE.jar!/com/youzan/pay/customer/api/result/QuerySignKeyResult.class], URL [jar:file:/Users/wulonghui/.m2/repository/com/youzan/pay/merchant-api/0.0.7-20170804-RELEASE/merchant-api-0.0.7-20170804-RELEASE.jar!/com/youzan/pay/customer/api/result/SubMerchantNameInfoResult.class], URL [jar:file:/Users/wulonghui/.m2/repository/com/youzan/pay/merchant-api/0.0.7-20170804-RELEASE/merchant-api-0.0.7-20170804-RELEASE.jar!/com/youzan/pay/customer/api/result/VerifyResult.class], URL [jar:file:/Users/wulonghui/.m2/repository/com/youzan/pay/merchant-api/0.0.7-20170804-RELEASE/merchant-api-0.0.7-20170804-RELEASE.jar!/com/youzan/pay/customer/api/ScheduledJobService.class], URL [jar:file:/Users/wulonghui/.m2/repository/com/youzan/pay/merchant-api/0.0.7-20170804-RELEASE/merchant-api-0.0.7-20170804-RELEASE.jar!/com/youzan/pay/customer/api/BankCardService.class], URL [jar:file:/Users/wulonghui/.m2/repository/com/youzan/pay/merchant-api/0.0.7-20170804-RELEASE/merchant-api-0.0.7-20170804-RELEASE.jar!/com/youzan/pay/customer/api/enums/ContractBusiTypeEnum.class], URL [jar:file:/Users/wulonghui/.m2/repository/com/youzan/pay/merchant-api/0.0.7-20170804-RELEASE/merchant-api-0.0.7-20170804-RELEASE.jar!/com/youzan/pay/customer/api/enums/MerchantContractTypeEnum.class], URL [jar:file:/Users/wulonghui/.m2/repository/com/youzan/pay/merchant-api/0.0.7-20170804-RELEASE/merchant-api-0.0.7-20170804-RELEASE.jar!/com/youzan/pay/customer/api/FundOperationService.class], URL [jar:file:/Users/wulonghui/.m2/repository/com/youzan/pay/merchant-api/0.0.7-20170804-RELEASE/merchant-api-0.0.7-20170804-RELEASE.jar!/com/youzan/pay/customer/api/MerchantContractService.class], URL [jar:file:/Users/wulonghui/.m2/repository/com/youzan/pay/merchant-api/0.0.7-20170804-RELEASE/merchant-api-0.0.7-20170804-RELEASE.jar!/com/youzan/pay/customer/api/MerchantService.class], URL [jar:file:/Users/wulonghui/.m2/repository/com/youzan/pay/merchant-api/0.0.7-20170804-RELEASE/merchant-api-0.0.7-20170804-RELEASE.jar!/com/youzan/pay/customer/api/PayToolsService.class], URL [jar:file:/Users/wulonghui/.m2/repository/com/youzan/pay/merchant-api/0.0.7-20170804-RELEASE/merchant-api-0.0.7-20170804-RELEASE.jar!/com/youzan/pay/customer/api/product/ProductService.class], URL [jar:file:/Users/wulonghui/.m2/repository/com/youzan/pay/merchant-api/0.0.7-20170804-RELEASE/merchant-api-0.0.7-20170804-RELEASE.jar!/com/youzan/pay/customer/api/product/request/CreateCodeRequest.class], URL [jar:file:/Users/wulonghui/.m2/repository/com/youzan/pay/merchant-api/0.0.7-20170804-RELEASE/merchant-api-0.0.7-20170804-RELEASE.jar!/com/youzan/pay/customer/api/product/request/QueryEffectiveContractRequest.class], URL [jar:file:/Users/wulonghui/.m2/repository/com/youzan/pay/merchant-api/0.0.7-20170804-RELEASE/merchant-api-0.0.7-20170804-RELEASE.jar!/com/youzan/pay/customer/api/product/result/BizCodeInfoDTO.class], URL [jar:file:/Users/wulonghui/.m2/repository/com/youzan/pay/merchant-api/0.0.7-20170804-RELEASE/merchant-api-0.0.7-20170804-RELEASE.jar!/com/youzan/pay/customer/api/product/result/FeeRateInfoDTO.class], URL [jar:file:/Users/wulonghui/.m2/repository/com/youzan/pay/merchant-api/0.0.7-20170804-RELEASE/merchant-api-0.0.7-20170804-RELEASE.jar!/com/youzan/pay/customer/api/product/result/SignResultDTO.class], URL [jar:file:/Users/wulonghui/.m2/repository/com/youzan/pay/merchant-api/0.0.7-20170804-RELEASE/merchant-api-0.0.7-20170804-RELEASE.jar!/com/youzan/pay/customer/api/request/BaseRequest.class], URL [jar:file:/Users/wulonghui/.m2/repository/com/youzan/pay/merchant-api/0.0.7-20170804-RELEASE/merchant-api-0.0.7-20170804-RELEASE.jar!/com/youzan/pay/customer/api/request/ContactsRequest.class], URL [jar:file:/Users/wulonghui/.m2/repository/com/youzan/pay/merchant-api/0.0.7-20170804-RELEASE/merchant-api-0.0.7-20170804-RELEASE.jar!/com/youzan/pay/customer/api/request/MerchantContractRequest.class], URL [jar:file:/Users/wulonghui/.m2/repository/com/youzan/pay/merchant-api/0.0.7-20170804-RELEASE/merchant-api-0.0.7-20170804-RELEASE.jar!/com/youzan/pay/customer/api/request/MerchantSignContractParam.class], URL [jar:file:/Users/wulonghui/.m2/repository/com/youzan/pay/merchant-api/0.0.7-20170804-RELEASE/merchant-api-0.0.7-20170804-RELEASE.jar!/com/youzan/pay/customer/api/request/PersonalAuthRequest.class], URL [jar:file:/Users/wulonghui/.m2/repository/com/youzan/pay/merchant-api/0.0.7-20170804-RELEASE/merchant-api-0.0.7-20170804-RELEASE.jar!/com/youzan/pay/customer/api/request/QueryBaseWithBuyerRequest.class], URL [jar:file:/Users/wulonghui/.m2/repository/com/youzan/pay/merchant-api/0.0.7-20170804-RELEASE/merchant-api-0.0.7-20170804-RELEASE.jar!/com/youzan/pay/customer/api/request/QueryPayToolsRequest.class], URL [jar:file:/Users/wulonghui/.m2/repository/com/youzan/pay/merchant-api/0.0.7-20170804-RELEASE/merchant-api-0.0.7-20170804-RELEASE.jar!/com/youzan/pay/customer/api/request/QueryWeixinSelfPaymentParamsRequest.class], URL [jar:file:/Users/wulonghui/.m2/repository/com/youzan/pay/merchant-api/0.0.7-20170804-RELEASE/merchant-api-0.0.7-20170804-RELEASE.jar!/com/youzan/pay/customer/api/request/SetPaymentSwitchRequest.class], URL [jar:file:/Users/wulonghui/.m2/repository/com/youzan/pay/merchant-api/0.0.7-20170804-RELEASE/merchant-api-0.0.7-20170804-RELEASE.jar!/com/youzan/pay/customer/api/result/AccountStatResult.class], URL [jar:file:/Users/wulonghui/.m2/repository/com/youzan/pay/merchant-api/0.0.7-20170804-RELEASE/merchant-api-0.0.7-20170804-RELEASE.jar!/com/youzan/pay/customer/api/result/AuthResult.class], URL [jar:file:/Users/wulonghui/.m2/repository/com/youzan/pay/merchant-api/0.0.7-20170804-RELEASE/merchant-api-0.0.7-20170804-RELEASE.jar!/com/youzan/pay/customer/api/result/CommonError.class], URL [jar:file:/Users/wulonghui/.m2/repository/com/youzan/pay/merchant-api/0.0.7-20170804-RELEASE/merchant-api-0.0.7-20170804-RELEASE.jar!/com/youzan/pay/customer/api/result/MerchantAuthenticationInfo.class], URL [jar:file:/Users/wulonghui/.m2/repository/com/youzan/pay/merchant-api/0.0.7-20170804-RELEASE/merchant-api-0.0.7-20170804-RELEASE.jar!/com/youzan/pay/customer/api/result/MerchantRechargeResult.class], URL [jar:file:/Users/wulonghui/.m2/repository/com/youzan/pay/merchant-api/0.0.7-20170804-RELEASE/merchant-api-0.0.7-20170804-RELEASE.jar!/com/youzan/pay/customer/api/result/Page.class], URL [jar:file:/Users/wulonghui/.m2/repository/com/youzan/pay/merchant-api/0.0.7-20170804-RELEASE/merchant-api-0.0.7-20170804-RELEASE.jar!/com/youzan/pay/customer/api/result/PaymentConfigResult.class], URL [jar:file:/Users/wulonghui/.m2/repository/com/youzan/pay/merchant-api/0.0.7-20170804-RELEASE/merchant-api-0.0.7-20170804-RELEASE.jar!/com/youzan/pay/customer/api/result/Response.class], URL [jar:file:/Users/wulonghui/.m2/repository/com/youzan/pay/merchant-api/0.0.7-20170804-RELEASE/merchant-api-0.0.7-20170804-RELEASE.jar!/com/youzan/pay/customer/api/result/SubMerchantSalesStatInfo.class], URL [jar:file:/Users/wulonghui/.m2/repository/com/youzan/pay/merchant-api/0.0.7-20170804-RELEASE/merchant-api-0.0.7-20170804-RELEASE.jar!/com/youzan/pay/customer/api/result/WithDrawBaseInfoResult$BankInfo.class], URL [jar:file:/Users/wulonghui/.m2/repository/com/youzan/pay/merchant-api/0.0.7-20170804-RELEASE/merchant-api-0.0.7-20170804-RELEASE.jar!/com/youzan/pay/customer/api/UserNoService.class], URL [jar:file:/Users/wulonghui/.m2/repository/com/youzan/pay/merchant-api/0.0.7-20170804-RELEASE/merchant-api-0.0.7-20170804-RELEASE.jar!/com/youzan/pay/customer/api/BusinessRegService.class], URL [jar:file:/Users/wulonghui/.m2/repository/com/youzan/pay/merchant-api/0.0.7-20170804-RELEASE/merchant-api-0.0.7-20170804-RELEASE.jar!/com/youzan/pay/customer/api/enums/MerchantTypeEnum.class], URL [jar:file:/Users/wulonghui/.m2/repository/com/youzan/pay/merchant-api/0.0.7-20170804-RELEASE/merchant-api-0.0.7-20170804-RELEASE.jar!/com/youzan/pay/customer/api/MerchantInfoService.class], URL [jar:file:/Users/wulonghui/.m2/repository/com/youzan/pay/merchant-api/0.0.7-20170804-RELEASE/merchant-api-0.0.7-20170804-RELEASE.jar!/com/youzan/pay/customer/api/MerchantSignContractService.class], URL [jar:file:/Users/wulonghui/.m2/repository/com/youzan/pay/merchant-api/0.0.7-20170804-RELEASE/merchant-api-0.0.7-20170804-RELEASE.jar!/com/youzan/pay/customer/api/product/ContractService.class], URL [jar:file:/Users/wulonghui/.m2/repository/com/youzan/pay/merchant-api/0.0.7-20170804-RELEASE/merchant-api-0.0.7-20170804-RELEASE.jar!/com/youzan/pay/customer/api/product/request/BizCodeInfoRequest.class], URL [jar:file:/Users/wulonghui/.m2/repository/com/youzan/pay/merchant-api/0.0.7-20170804-RELEASE/merchant-api-0.0.7-20170804-RELEASE.jar!/com/youzan/pay/customer/api/product/request/SignContractRequest.class], URL [jar:file:/Users/wulonghui/.m2/repository/com/youzan/pay/merchant-api/0.0.7-20170804-RELEASE/merchant-api-0.0.7-20170804-RELEASE.jar!/com/youzan/pay/customer/api/product/result/PayToolInfoDTO.class], URL [jar:file:/Users/wulonghui/.m2/repository/com/youzan/pay/merchant-api/0.0.7-20170804-RELEASE/merchant-api-0.0.7-20170804-RELEASE.jar!/com/youzan/pay/customer/api/RealNameAuthenticationService.class], URL [jar:file:/Users/wulonghui/.m2/repository/com/youzan/pay/merchant-api/0.0.7-20170804-RELEASE/merchant-api-0.0.7-20170804-RELEASE.jar!/com/youzan/pay/customer/api/request/BindCardRequest.class], URL [jar:file:/Users/wulonghui/.m2/repository/com/youzan/pay/merchant-api/0.0.7-20170804-RELEASE/merchant-api-0.0.7-20170804-RELEASE.jar!/com/youzan/pay/customer/api/request/GenerateUserNoRequest.class], URL [jar:file:/Users/wulonghui/.m2/repository/com/youzan/pay/merchant-api/0.0.7-20170804-RELEASE/merchant-api-0.0.7-20170804-RELEASE.jar!/com/youzan/pay/customer/api/request/GetBoundBankCardRequest.class], URL [jar:file:/Users/wulonghui/.m2/repository/com/youzan/pay/merchant-api/0.0.7-20170804-RELEASE/merchant-api-0.0.7-20170804-RELEASE.jar!/com/youzan/pay/customer/api/request/MerchantRechargeRequest.class], URL [jar:file:/Users/wulonghui/.m2/repository/com/youzan/pay/merchant-api/0.0.7-20170804-RELEASE/merchant-api-0.0.7-20170804-RELEASE.jar!/com/youzan/pay/customer/api/request/OpenServiceMerchantRequest.class], URL [jar:file:/Users/wulonghui/.m2/repository/com/youzan/pay/merchant-api/0.0.7-20170804-RELEASE/merchant-api-0.0.7-20170804-RELEASE.jar!/com/youzan/pay/customer/api/result/AccountingSummaryDetailResult.class], URL [jar:file:/Users/wulonghui/.m2/repository/com/youzan/pay/merchant-api/0.0.7-20170804-RELEASE/merchant-api-0.0.7-20170804-RELEASE.jar!/com/youzan/pay/customer/api/result/ConfigInfo.class], URL [jar:file:/Users/wulonghui/.m2/repository/com/youzan/pay/merchant-api/0.0.7-20170804-RELEASE/merchant-api-0.0.7-20170804-RELEASE.jar!/com/youzan/pay/customer/api/result/MerchantAccountingSummaryResult.class], URL [jar:file:/Users/wulonghui/.m2/repository/com/youzan/pay/merchant-api/0.0.7-20170804-RELEASE/merchant-api-0.0.7-20170804-RELEASE.jar!/com/youzan/pay/customer/api/result/MerchantInfo.class], URL [jar:file:/Users/wulonghui/.m2/repository/com/youzan/pay/merchant-api/0.0.7-20170804-RELEASE/merchant-api-0.0.7-20170804-RELEASE.jar!/com/youzan/pay/customer/api/result/MerchantSalesStatInfo.class], URL [jar:file:/Users/wulonghui/.m2/repository/com/youzan/pay/merchant-api/0.0.7-20170804-RELEASE/merchant-api-0.0.7-20170804-RELEASE.jar!/com/youzan/pay/customer/api/result/OpenAPIResult.class], URL [jar:file:/Users/wulonghui/.m2/repository/com/youzan/pay/merchant-api/0.0.7-20170804-RELEASE/merchant-api-0.0.7-20170804-RELEASE.jar!/com/youzan/pay/customer/api/result/OpenSubMerchantResult.class], URL [jar:file:/Users/wulonghui/.m2/repository/com/youzan/pay/merchant-api/0.0.7-20170804-RELEASE/merchant-api-0.0.7-20170804-RELEASE.jar!/com/youzan/pay/customer/api/result/PayTools.class], URL [jar:file:/Users/wulonghui/.m2/repository/com/youzan/pay/merchant-api/0.0.7-20170804-RELEASE/merchant-api-0.0.7-20170804-RELEASE.jar!/com/youzan/pay/customer/api/result/RepairCallResult.class], URL [jar:file:/Users/wulonghui/.m2/repository/com/youzan/pay/merchant-api/0.0.7-20170804-RELEASE/merchant-api-0.0.7-20170804-RELEASE.jar!/com/youzan/pay/customer/api/result/SubMerchantNoResult.class], URL [jar:file:/Users/wulonghui/.m2/repository/com/youzan/pay/merchant-api/0.0.7-20170804-RELEASE/merchant-api-0.0.7-20170804-RELEASE.jar!/com/youzan/pay/customer/api/result/WeixinSelfPaymentParamsResult.class], URL [jar:file:/Users/wulonghui/.m2/repository/com/youzan/pay/merchant-api/0.0.7-20170804-RELEASE/merchant-api-0.0.7-20170804-RELEASE.jar!/com/youzan/pay/customer/api/SignKeyService.class], URL [jar:file:/Users/wulonghui/.m2/repository/com/youzan/pay/merchant-api/0.0.7-20170804-RELEASE/merchant-api-0.0.7-20170804-RELEASE.jar!/com/youzan/pay/customer/api/enums/AccountTypeEnum.class], URL [jar:file:/Users/wulonghui/.m2/repository/com/youzan/pay/merchant-api/0.0.7-20170804-RELEASE/merchant-api-0.0.7-20170804-RELEASE.jar!/com/youzan/pay/customer/api/LoginService.class], URL [jar:file:/Users/wulonghui/.m2/repository/com/youzan/pay/merchant-api/0.0.7-20170804-RELEASE/merchant-api-0.0.7-20170804-RELEASE.jar!/com/youzan/pay/customer/api/MerchantConfigService.class], URL [jar:file:/Users/wulonghui/.m2/repository/com/youzan/pay/merchant-api/0.0.7-20170804-RELEASE/merchant-api-0.0.7-20170804-RELEASE.jar!/com/youzan/pay/customer/api/MerchantPaymentConfigService.class], URL [jar:file:/Users/wulonghui/.m2/repository/com/youzan/pay/merchant-api/0.0.7-20170804-RELEASE/merchant-api-0.0.7-20170804-RELEASE.jar!/com/youzan/pay/customer/api/openapi/OpenApi.class], URL [jar:file:/Users/wulonghui/.m2/repository/com/youzan/pay/merchant-api/0.0.7-20170804-RELEASE/merchant-api-0.0.7-20170804-RELEASE.jar!/com/youzan/pay/customer/api/product/request/BatchSignContractRequest.class], URL [jar:file:/Users/wulonghui/.m2/repository/com/youzan/pay/merchant-api/0.0.7-20170804-RELEASE/merchant-api-0.0.7-20170804-RELEASE.jar!/com/youzan/pay/customer/api/product/request/CreateProductRequest.class], URL [jar:file:/Users/wulonghui/.m2/repository/com/youzan/pay/merchant-api/0.0.7-20170804-RELEASE/merchant-api-0.0.7-20170804-RELEASE.jar!/com/youzan/pay/customer/api/product/request/TerminateContractRequestInfo.class], URL [jar:file:/Users/wulonghui/.m2/repository/com/youzan/pay/merchant-api/0.0.7-20170804-RELEASE/merchant-api-0.0.7-20170804-RELEASE.jar!/com/youzan/pay/customer/api/product/result/ContractInfoDTO.class], URL [jar:file:/Users/wulonghui/.m2/repository/com/youzan/pay/merchant-api/0.0.7-20170804-RELEASE/merchant-api-0.0.7-20170804-RELEASE.jar!/com/youzan/pay/customer/api/product/result/RateRuleInfoDTO.class], URL [jar:file:/Users/wulonghui/.m2/repository/com/youzan/pay/merchant-api/0.0.7-20170804-RELEASE/merchant-api-0.0.7-20170804-RELEASE.jar!/com/youzan/pay/customer/api/product/result/UnifiedBizCodeInfoDTO.class], URL [jar:file:/Users/wulonghui/.m2/repository/com/youzan/pay/merchant-api/0.0.7-20170804-RELEASE/merchant-api-0.0.7-20170804-RELEASE.jar!/com/youzan/pay/customer/api/request/EnterpriseAuthRequest.class], URL [jar:file:/Users/wulonghui/.m2/repository/com/youzan/pay/merchant-api/0.0.7-20170804-RELEASE/merchant-api-0.0.7-20170804-RELEASE.jar!/com/youzan/pay/customer/api/request/MerchantSignContractQueryParam.class], URL [jar:file:/Users/wulonghui/.m2/repository/com/youzan/pay/merchant-api/0.0.7-20170804-RELEASE/merchant-api-0.0.7-20170804-RELEASE.jar!/com/youzan/pay/customer/api/request/OpenSubMerchantRequest.class], URL [jar:file:/Users/wulonghui/.m2/repository/com/youzan/pay/merchant-api/0.0.7-20170804-RELEASE/merchant-api-0.0.7-20170804-RELEASE.jar!/com/youzan/pay/customer/api/request/WeixinSelfPaymentParamsRequest.class], URL [jar:file:/Users/wulonghui/.m2/repository/com/youzan/pay/merchant-api/0.0.7-20170804-RELEASE/merchant-api-0.0.7-20170804-RELEASE.jar!/com/youzan/pay/customer/api/result/AccountingSummaryDetailResult$AccountingSummaryDetail.class], URL [jar:file:/Users/wulonghui/.m2/repository/com/youzan/pay/merchant-api/0.0.7-20170804-RELEASE/merchant-api-0.0.7-20170804-RELEASE.jar!/com/youzan/pay/customer/api/result/BindCardResult.class], URL [jar:file:/Users/wulonghui/.m2/repository/com/youzan/pay/merchant-api/0.0.7-20170804-RELEASE/merchant-api-0.0.7-20170804-RELEASE.jar!/com/youzan/pay/customer/api/result/BizCode.class], URL [jar:file:/Users/wulonghui/.m2/repository/com/youzan/pay/merchant-api/0.0.7-20170804-RELEASE/merchant-api-0.0.7-20170804-RELEASE.jar!/com/youzan/pay/customer/api/result/BoundBankCardResult.class], URL [jar:file:/Users/wulonghui/.m2/repository/com/youzan/pay/merchant-api/0.0.7-20170804-RELEASE/merchant-api-0.0.7-20170804-RELEASE.jar!/com/youzan/pay/customer/api/result/LoginInfo.class], URL [jar:file:/Users/wulonghui/.m2/repository/com/youzan/pay/merchant-api/0.0.7-20170804-RELEASE/merchant-api-0.0.7-20170804-RELEASE.jar!/com/youzan/pay/customer/api/result/LoginResult.class], URL [jar:file:/Users/wulonghui/.m2/repository/com/youzan/pay/merchant-api/0.0.7-20170804-RELEASE/merchant-api-0.0.7-20170804-RELEASE.jar!/com/youzan/pay/customer/api/result/MerchantBusinessInfo.class], URL [jar:file:/Users/wulonghui/.m2/repository/com/youzan/pay/merchant-api/0.0.7-20170804-RELEASE/merchant-api-0.0.7-20170804-RELEASE.jar!/com/youzan/pay/customer/api/result/MerchantCompanyInfo.class], URL [jar:file:/Users/wulonghui/.m2/repository/com/youzan/pay/merchant-api/0.0.7-20170804-RELEASE/merchant-api-0.0.7-20170804-RELEASE.jar!/com/youzan/pay/customer/api/result/MerchantProductInfo.class], URL [jar:file:/Users/wulonghui/.m2/repository/com/youzan/pay/merchant-api/0.0.7-20170804-RELEASE/merchant-api-0.0.7-20170804-RELEASE.jar!/com/youzan/pay/customer/api/result/MerchantSecurityInfo.class], URL [jar:file:/Users/wulonghui/.m2/repository/com/youzan/pay/merchant-api/0.0.7-20170804-RELEASE/merchant-api-0.0.7-20170804-RELEASE.jar!/com/youzan/pay/customer/api/result/OpenServiceMerchantResult.class], URL [jar:file:/Users/wulonghui/.m2/repository/com/youzan/pay/merchant-api/0.0.7-20170804-RELEASE/merchant-api-0.0.7-20170804-RELEASE.jar!/com/youzan/pay/customer/api/result/RegResult.class], URL [jar:file:/Users/wulonghui/.m2/repository/com/youzan/pay/merchant-api/0.0.7-20170804-RELEASE/merchant-api-0.0.7-20170804-RELEASE.jar!/com/youzan/pay/customer/api/result/SubMerchantTradeStatResult.class], URL [jar:file:/Users/wulonghui/.m2/repository/com/youzan/pay/merchant-api/0.0.7-20170804-RELEASE/merchant-api-0.0.7-20170804-RELEASE.jar!/com/youzan/pay/customer/api/result/WithDrawBaseInfoResult.class], URL [jar:file:/Users/wulonghui/.m2/repository/com/youzan/pay/consumer-center/basesearch-api/1.0.0-SNAPSHOT/basesearch-api-1.0.0-SNAPSHOT.jar!/com/youzan/pay/consumercenter/basesearch/api/QueryService.class], URL [jar:file:/Users/wulonghui/.m2/repository/com/youzan/pay/consumer-center/basesearch-api/1.0.0-SNAPSHOT/basesearch-api-1.0.0-SNAPSHOT.jar!/com/youzan/pay/consumercenter/basesearch/to/TradeTO.class], URL [jar:file:/Users/wulonghui/.m2/repository/com/youzan/pay/core/api-model/1.0.5-20170710-RELEASE/api-model-1.0.5-20170710-RELEASE.jar!/com/youzan/pay/core/api/model/bean/PageInfo.class], URL [jar:file:/Users/wulonghui/.m2/repository/com/youzan/pay/core/api-model/1.0.5-20170710-RELEASE/api-model-1.0.5-20170710-RELEASE.jar!/com/youzan/pay/core/api/model/request/PageParam.class], URL [jar:file:/Users/wulonghui/.m2/repository/com/youzan/pay/core/api-model/1.0.5-20170710-RELEASE/api-model-1.0.5-20170710-RELEASE.jar!/com/youzan/pay/core/api/model/response/DataResult.class], URL [jar:file:/Users/wulonghui/.m2/repository/com/youzan/pay/core/api-model/1.0.5-20170710-RELEASE/api-model-1.0.5-20170710-RELEASE.jar!/com/youzan/pay/core/api/model/response/ListResult.class], URL [jar:file:/Users/wulonghui/.m2/repository/com/youzan/pay/core/api-model/1.0.5-20170710-RELEASE/api-model-1.0.5-20170710-RELEASE.jar!/com/youzan/pay/core/api/model/response/PageResult.class], URL [jar:file:/Users/wulonghui/.m2/repository/com/youzan/pay/core/common-model/1.0.5-20170710-RELEASE/common-model-1.0.5-20170710-RELEASE.jar!/com/youzan/pay/core/common/model/base/IntBaseType.class], URL [jar:file:/Users/wulonghui/.m2/repository/com/youzan/pay/core/common-model/1.0.5-20170710-RELEASE/common-model-1.0.5-20170710-RELEASE.jar!/com/youzan/pay/core/common/model/base/IType.class], URL [jar:file:/Users/wulonghui/.m2/repository/com/youzan/pay/core/common-model/1.0.5-20170710-RELEASE/common-model-1.0.5-20170710-RELEASE.jar!/com/youzan/pay/core/common/model/base/StringBaseType.class], URL [jar:file:/Users/wulonghui/.m2/repository/com/youzan/pay/core/common-model/1.0.5-20170710-RELEASE/common-model-1.0.5-20170710-RELEASE.jar!/com/youzan/pay/core/common/model/enums/Bank.class], URL [jar:file:/Users/wulonghui/.m2/repository/com/youzan/pay/core/common-model/1.0.5-20170710-RELEASE/common-model-1.0.5-20170710-RELEASE.jar!/com/youzan/pay/core/common/model/enums/BankCardType.class], URL [jar:file:/Users/wulonghui/.m2/repository/com/youzan/pay/core/common-model/1.0.5-20170710-RELEASE/common-model-1.0.5-20170710-RELEASE.jar!/com/youzan/pay/core/common/model/enums/BankCodeInfoType.class], URL [jar:file:/Users/wulonghui/.m2/repository/com/youzan/pay/core/common-model/1.0.5-20170710-RELEASE/common-model-1.0.5-20170710-RELEASE.jar!/com/youzan/pay/core/common/model/enums/bizcode/ActionType.class], URL [jar:file:/Users/wulonghui/.m2/repository/com/youzan/pay/core/common-model/1.0.5-20170710-RELEASE/common-model-1.0.5-20170710-RELEASE.jar!/com/youzan/pay/core/common/model/enums/bizcode/ChannelType.class], URL [jar:file:/Users/wulonghui/.m2/repository/com/youzan/pay/core/common-model/1.0.5-20170710-RELEASE/common-model-1.0.5-20170710-RELEASE.jar!/com/youzan/pay/core/common/model/enums/bizcode/ModeType.class], URL [jar:file:/Users/wulonghui/.m2/repository/com/youzan/pay/core/common-model/1.0.5-20170710-RELEASE/common-model-1.0.5-20170710-RELEASE.jar!/com/youzan/pay/core/common/model/enums/bizcode/PayToolType.class], URL [jar:file:/Users/wulonghui/.m2/repository/com/youzan/pay/core/common-model/1.0.5-20170710-RELEASE/common-model-1.0.5-20170710-RELEASE.jar!/com/youzan/pay/core/common/model/enums/bizcode/ProdType.class], URL [jar:file:/Users/wulonghui/.m2/repository/com/youzan/pay/core/common-model/1.0.5-20170710-RELEASE/common-model-1.0.5-20170710-RELEASE.jar!/com/youzan/pay/core/common/model/enums/bizcode/UnifiedBizCodeBaseType.class], URL [jar:file:/Users/wulonghui/.m2/repository/com/youzan/pay/core/common-model/1.0.5-20170710-RELEASE/common-model-1.0.5-20170710-RELEASE.jar!/com/youzan/pay/core/common/model/enums/CurrencyCode.class], URL [jar:file:/Users/wulonghui/.m2/repository/com/youzan/pay/core/common-model/1.0.5-20170710-RELEASE/common-model-1.0.5-20170710-RELEASE.jar!/com/youzan/pay/core/common/model/resultcode/CommonResultCode.class], URL [jar:file:/Users/wulonghui/.m2/repository/com/youzan/pay/core/common-model/1.0.5-20170710-RELEASE/common-model-1.0.5-20170710-RELEASE.jar!/com/youzan/pay/core/common/model/resultcode/IResultCode.class], URL [jar:file:/Users/wulonghui/.m2/repository/com/youzan/pay/core/common-model/1.0.5-20170710-RELEASE/common-model-1.0.5-20170710-RELEASE.jar!/com/youzan/pay/core/common/model/resultcode/R.class], URL [jar:file:/Users/wulonghui/.m2/repository/com/youzan/pay/core/common-model/1.0.5-20170710-RELEASE/common-model-1.0.5-20170710-RELEASE.jar!/com/youzan/pay/core/common/model/resultcode/RFactory.class], URL [jar:file:/Users/wulonghui/.m2/repository/com/youzan/pay/cardvoucher/cardvoucher-api/1.0.0-20170822-RELEASE/cardvoucher-api-1.0.0-20170822-RELEASE.jar!/com/youzan/pay/cardvoucher/api/card/CardProductionService.class], URL [jar:file:/Users/wulonghui/.m2/repository/com/youzan/pay/cardvoucher/cardvoucher-api/1.0.0-20170822-RELEASE/cardvoucher-api-1.0.0-20170822-RELEASE.jar!/com/youzan/pay/cardvoucher/api/card/dto/ActiveCardDTO.class], URL [jar:file:/Users/wulonghui/.m2/repository/com/youzan/pay/cardvoucher/cardvoucher-api/1.0.0-20170822-RELEASE/cardvoucher-api-1.0.0-20170822-RELEASE.jar!/com/youzan/pay/cardvoucher/api/card/dto/CardBalanceDTO.class], URL [jar:file:/Users/wulonghui/.m2/repository/com/youzan/pay/cardvoucher/cardvoucher-api/1.0.0-20170822-RELEASE/cardvoucher-api-1.0.0-20170822-RELEASE.jar!/com/youzan/pay/cardvoucher/api/card/dto/CardInfoDTO.class], URL [jar:file:/Users/wulonghui/.m2/repository/com/youzan/pay/cardvoucher/cardvoucher-api/1.0.0-20170822-RELEASE/cardvoucher-api-1.0.0-20170822-RELEASE.jar!/com/youzan/pay/cardvoucher/api/card/dto/CardPayDetailDTO.class], URL [jar:file:/Users/wulonghui/.m2/repository/com/youzan/pay/cardvoucher/cardvoucher-api/1.0.0-20170822-RELEASE/cardvoucher-api-1.0.0-20170822-RELEASE.jar!/com/youzan/pay/cardvoucher/api/card/dto/CardRefundDetailDTO.class], URL [jar:file:/Users/wulonghui/.m2/repository/com/youzan/pay/cardvoucher/cardvoucher-api/1.0.0-20170822-RELEASE/cardvoucher-api-1.0.0-20170822-RELEASE.jar!/com/youzan/pay/cardvoucher/api/card/dto/CreateCardDTO.class], URL [jar:file:/Users/wulonghui/.m2/repository/com/youzan/pay/cardvoucher/cardvoucher-api/1.0.0-20170822-RELEASE/cardvoucher-api-1.0.0-20170822-RELEASE.jar!/com/youzan/pay/cardvoucher/api/card/dto/CreateTemplateCardDTO.class], URL [jar:file:/Users/wulonghui/.m2/repository/com/youzan/pay/cardvoucher/cardvoucher-api/1.0.0-20170822-RELEASE/cardvoucher-api-1.0.0-20170822-RELEASE.jar!/com/youzan/pay/cardvoucher/api/card/dto/UseableCardDTO.class], URL [jar:file:/Users/wulonghui/.m2/repository/com/youzan/pay/cardvoucher/cardvoucher-api/1.0.0-20170822-RELEASE/cardvoucher-api-1.0.0-20170822-RELEASE.jar!/com/youzan/pay/cardvoucher/api/card/GiftCardManageService.class], URL [jar:file:/Users/wulonghui/.m2/repository/com/youzan/pay/cardvoucher/cardvoucher-api/1.0.0-20170822-RELEASE/cardvoucher-api-1.0.0-20170822-RELEASE.jar!/com/youzan/pay/cardvoucher/api/card/GiftCardService.class], URL [jar:file:/Users/wulonghui/.m2/repository/com/youzan/pay/cardvoucher/cardvoucher-api/1.0.0-20170822-RELEASE/cardvoucher-api-1.0.0-20170822-RELEASE.jar!/com/youzan/pay/cardvoucher/api/card/request/ActiveCardRequest.class], URL [jar:file:/Users/wulonghui/.m2/repository/com/youzan/pay/cardvoucher/cardvoucher-api/1.0.0-20170822-RELEASE/cardvoucher-api-1.0.0-20170822-RELEASE.jar!/com/youzan/pay/cardvoucher/api/card/request/BatchQueryCardInfoRequest.class], URL [jar:file:/Users/wulonghui/.m2/repository/com/youzan/pay/cardvoucher/cardvoucher-api/1.0.0-20170822-RELEASE/cardvoucher-api-1.0.0-20170822-RELEASE.jar!/com/youzan/pay/cardvoucher/api/card/request/CardPayDetailRequest.class], URL [jar:file:/Users/wulonghui/.m2/repository/com/youzan/pay/cardvoucher/cardvoucher-api/1.0.0-20170822-RELEASE/cardvoucher-api-1.0.0-20170822-RELEASE.jar!/com/youzan/pay/cardvoucher/api/card/request/CardRefundDetailRequest.class], URL [jar:file:/Users/wulonghui/.m2/repository/com/youzan/pay/cardvoucher/cardvoucher-api/1.0.0-20170822-RELEASE/cardvoucher-api-1.0.0-20170822-RELEASE.jar!/com/youzan/pay/cardvoucher/api/card/request/CreateCardRequest.class], URL [jar:file:/Users/wulonghui/.m2/repository/com/youzan/pay/cardvoucher/cardvoucher-api/1.0.0-20170822-RELEASE/cardvoucher-api-1.0.0-20170822-RELEASE.jar!/com/youzan/pay/cardvoucher/api/card/request/CreateTemplateCardRequest.class], URL [jar:file:/Users/wulonghui/.m2/repository/com/youzan/pay/cardvoucher/cardvoucher-api/1.0.0-20170822-RELEASE/cardvoucher-api-1.0.0-20170822-RELEASE.jar!/com/youzan/pay/cardvoucher/api/card/request/QueryCardListRequest.class], URL [jar:file:/Users/wulonghui/.m2/repository/com/youzan/pay/cardvoucher/cardvoucher-api/1.0.0-20170822-RELEASE/cardvoucher-api-1.0.0-20170822-RELEASE.jar!/com/youzan/pay/cardvoucher/api/card/request/UseableCardListRequest.class], URL [jar:file:/Users/wulonghui/.m2/repository/com/youzan/pay/cardvoucher/cardvoucher-api/1.0.0-20170822-RELEASE/cardvoucher-api-1.0.0-20170822-RELEASE.jar!/com/youzan/pay/cardvoucher/api/compensate/AcceptCompensateService.class], URL [jar:file:/Users/wulonghui/.m2/repository/com/youzan/pay/cardvoucher/cardvoucher-api/1.0.0-20170822-RELEASE/cardvoucher-api-1.0.0-20170822-RELEASE.jar!/com/youzan/pay/cardvoucher/api/compensate/request/CompensateRequest.class], URL [jar:file:/Users/wulonghui/.m2/repository/com/youzan/pay/cardvoucher/cardvoucher-api/1.0.0-20170822-RELEASE/cardvoucher-api-1.0.0-20170822-RELEASE.jar!/com/youzan/pay/cardvoucher/api/compensate/SplitCompensateService.class], URL [jar:file:/Users/wulonghui/.m2/repository/com/youzan/pay/cardvoucher/cardvoucher-api/1.0.0-20170822-RELEASE/cardvoucher-api-1.0.0-20170822-RELEASE.jar!/com/youzan/pay/cardvoucher/api/message/MessageTaskService.class], URL [jar:file:/Users/wulonghui/.m2/repository/com/youzan/pay/cardvoucher/cardvoucher-api/1.0.0-20170822-RELEASE/cardvoucher-api-1.0.0-20170822-RELEASE.jar!/com/youzan/pay/cardvoucher/api/summarycard/dto/CreateSummaryCardDTO.class], URL [jar:file:/Users/wulonghui/.m2/repository/com/youzan/pay/cardvoucher/cardvoucher-api/1.0.0-20170822-RELEASE/cardvoucher-api-1.0.0-20170822-RELEASE.jar!/com/youzan/pay/cardvoucher/api/summarycard/dto/CreateSummaryTemplateDTO.class], URL [jar:file:/Users/wulonghui/.m2/repository/com/youzan/pay/cardvoucher/cardvoucher-api/1.0.0-20170822-RELEASE/cardvoucher-api-1.0.0-20170822-RELEASE.jar!/com/youzan/pay/cardvoucher/api/summarycard/dto/SummaryCardInfoDTO.class], URL [jar:file:/Users/wulonghui/.m2/repository/com/youzan/pay/cardvoucher/cardvoucher-api/1.0.0-20170822-RELEASE/cardvoucher-api-1.0.0-20170822-RELEASE.jar!/com/youzan/pay/cardvoucher/api/summarycard/dto/SummaryCardPayDTO.class], URL [jar:file:/Users/wulonghui/.m2/repository/com/youzan/pay/cardvoucher/cardvoucher-api/1.0.0-20170822-RELEASE/cardvoucher-api-1.0.0-20170822-RELEASE.jar!/com/youzan/pay/cardvoucher/api/summarycard/dto/SummaryCardRefundDTO.class], URL [jar:file:/Users/wulonghui/.m2/repository/com/youzan/pay/cardvoucher/cardvoucher-api/1.0.0-20170822-RELEASE/cardvoucher-api-1.0.0-20170822-RELEASE.jar!/com/youzan/pay/cardvoucher/api/summarycard/dto/SummaryCardTemplateDTO.class], URL [jar:file:/Users/wulonghui/.m2/repository/com/youzan/pay/cardvoucher/cardvoucher-api/1.0.0-20170822-RELEASE/cardvoucher-api-1.0.0-20170822-RELEASE.jar!/com/youzan/pay/cardvoucher/api/summarycard/request/CardRechargeRequest.class], URL [jar:file:/Users/wulonghui/.m2/repository/com/youzan/pay/cardvoucher/cardvoucher-api/1.0.0-20170822-RELEASE/cardvoucher-api-1.0.0-20170822-RELEASE.jar!/com/youzan/pay/cardvoucher/api/summarycard/request/CreateSummaryCardRequest.class], URL [jar:file:/Users/wulonghui/.m2/repository/com/youzan/pay/cardvoucher/cardvoucher-api/1.0.0-20170822-RELEASE/cardvoucher-api-1.0.0-20170822-RELEASE.jar!/com/youzan/pay/cardvoucher/api/summarycard/request/CreateSummaryTemplateRequest.class], URL [jar:file:/Users/wulonghui/.m2/repository/com/youzan/pay/cardvoucher/cardvoucher-api/1.0.0-20170822-RELEASE/cardvoucher-api-1.0.0-20170822-RELEASE.jar!/com/youzan/pay/cardvoucher/api/summarycard/request/QuerySummaryCardInfoRequest.class], URL [jar:file:/Users/wulonghui/.m2/repository/com/youzan/pay/cardvoucher/cardvoucher-api/1.0.0-20170822-RELEASE/cardvoucher-api-1.0.0-20170822-RELEASE.jar!/com/youzan/pay/cardvoucher/api/summarycard/request/QuerySummaryCardPayRequest.class], URL [jar:file:/Users/wulonghui/.m2/repository/com/youzan/pay/cardvoucher/cardvoucher-api/1.0.0-20170822-RELEASE/cardvoucher-api-1.0.0-20170822-RELEASE.jar!/com/youzan/pay/cardvoucher/api/summarycard/request/QuerySummaryCardRefundRequest.class], URL [jar:file:/Users/wulonghui/.m2/repository/com/youzan/pay/cardvoucher/cardvoucher-api/1.0.0-20170822-RELEASE/cardvoucher-api-1.0.0-20170822-RELEASE.jar!/com/youzan/pay/cardvoucher/api/summarycard/request/QuerySummaryCardTemplateRequest.class], URL [jar:file:/Users/wulonghui/.m2/repository/com/youzan/pay/cardvoucher/cardvoucher-api/1.0.0-20170822-RELEASE/cardvoucher-api-1.0.0-20170822-RELEASE.jar!/com/youzan/pay/cardvoucher/api/summarycard/SummaryCardManageService.class], URL [jar:file:/Users/wulonghui/.m2/repository/com/youzan/pay/cardvoucher/cardvoucher-api/1.0.0-20170822-RELEASE/cardvoucher-api-1.0.0-20170822-RELEASE.jar!/com/youzan/pay/cardvoucher/api/summarycard/SummaryCardQueryService.class], URL [jar:file:/Users/wulonghui/.m2/repository/com/youzan/pay/cardvoucher/cardvoucher-api/1.0.0-20170822-RELEASE/cardvoucher-api-1.0.0-20170822-RELEASE.jar!/com/youzan/pay/cardvoucher/api/summarycard/SummaryCardTemplateService.class], URL [jar:file:/Users/wulonghui/.m2/repository/com/youzan/pay/cardvoucher/cardvoucher-common-model/1.0.0-20170822-RELEASE/cardvoucher-common-model-1.0.0-20170822-RELEASE.jar!/com/youzan/pay/cardvoucher/common/model/dts/DtsHearder.class], URL [jar:file:/Users/wulonghui/.m2/repository/com/youzan/pay/cardvoucher/cardvoucher-common-model/1.0.0-20170822-RELEASE/cardvoucher-common-model-1.0.0-20170822-RELEASE.jar!/com/youzan/pay/cardvoucher/common/model/enums/SummaryCardStatusEnum.class], URL [jar:file:/Users/wulonghui/.m2/repository/com/youzan/pay/cardvoucher/cardvoucher-common-model/1.0.0-20170822-RELEASE/cardvoucher-common-model-1.0.0-20170822-RELEASE.jar!/com/youzan/pay/cardvoucher/common/model/exception/NoRetryException.class], URL [jar:file:/Users/wulonghui/.m2/repository/com/youzan/pay/cardvoucher/cardvoucher-common-model/1.0.0-20170822-RELEASE/cardvoucher-common-model-1.0.0-20170822-RELEASE.jar!/com/youzan/pay/cardvoucher/common/model/resultcode/CardVoucherCardPayResultCode.class], URL [jar:file:/Users/wulonghui/.m2/repository/com/youzan/pay/cardvoucher/cardvoucher-common-model/1.0.0-20170822-RELEASE/cardvoucher-common-model-1.0.0-20170822-RELEASE.jar!/com/youzan/pay/cardvoucher/common/model/resultcode/CardVoucherCardResultCode.class], URL [jar:file:/Users/wulonghui/.m2/repository/com/youzan/pay/cardvoucher/cardvoucher-common-model/1.0.0-20170822-RELEASE/cardvoucher-common-model-1.0.0-20170822-RELEASE.jar!/com/youzan/pay/cardvoucher/common/model/resultcode/CardVoucherCommonResultCode.class], URL [jar:file:/Users/wulonghui/.m2/repository/com/youzan/pay/cardvoucher/cardvoucher-common-model/1.0.0-20170822-RELEASE/cardvoucher-common-model-1.0.0-20170822-RELEASE.jar!/com/youzan/pay/cardvoucher/common/model/resultcode/CardVoucherResultCode.class], URL [jar:file:/Users/wulonghui/.m2/repository/com/youzan/pay/cardvoucher/cardvoucher-common-model/1.0.0-20170822-RELEASE/cardvoucher-common-model-1.0.0-20170822-RELEASE.jar!/com/youzan/pay/cardvoucher/common/model/resultcode/SummaryCardResultCode.class]]
2017-08-28 17:41:25.638 [main] DEBUG o.s.context.annotation.ClassPathBeanDefinitionScanner - Identified candidate component class: file [/Users/wulonghui/work/unified_cashier/intergration/target/classes/com/youzan/pay/unified/cashier/intergration/client/AssetCenterUnifiedPayServiceClient.class]
2017-08-28 17:41:25.638 [main] DEBUG o.s.context.annotation.ClassPathBeanDefinitionScanner - Identified candidate component class: file [/Users/wulonghui/work/unified_cashier/intergration/target/classes/com/youzan/pay/unified/cashier/intergration/client/CashierOrderStatusSearchClient.class]
2017-08-28 17:41:25.638 [main] DEBUG o.s.context.annotation.ClassPathBeanDefinitionScanner - Identified candidate component class: file [/Users/wulonghui/work/unified_cashier/intergration/target/classes/com/youzan/pay/unified/cashier/intergration/client/CashierRechargeServiceClient.class]
2017-08-28 17:41:25.639 [main] DEBUG o.s.context.annotation.ClassPathBeanDefinitionScanner - Identified candidate component class: file [/Users/wulonghui/work/unified_cashier/intergration/target/classes/com/youzan/pay/unified/cashier/intergration/client/ChannelBankCardServiceClient.class]
2017-08-28 17:41:25.640 [main] DEBUG o.s.context.annotation.ClassPathBeanDefinitionScanner - Identified candidate component class: file [/Users/wulonghui/work/unified_cashier/intergration/target/classes/com/youzan/pay/unified/cashier/intergration/client/MerchantBankCardServiceClient.class]
2017-08-28 17:41:25.640 [main] DEBUG o.s.context.annotation.ClassPathBeanDefinitionScanner - Identified candidate component class: file [/Users/wulonghui/work/unified_cashier/intergration/target/classes/com/youzan/pay/unified/cashier/intergration/client/MicroAccoutServiceClient.class]
2017-08-28 17:41:25.641 [main] DEBUG o.s.context.annotation.ClassPathBeanDefinitionScanner - Identified candidate component class: file [/Users/wulonghui/work/unified_cashier/intergration/target/classes/com/youzan/pay/unified/cashier/intergration/client/QueryPayToolConfigServiceClient.class]
2017-08-28 17:41:25.641 [main] DEBUG o.s.context.annotation.ClassPathBeanDefinitionScanner - Identified candidate component class: file [/Users/wulonghui/work/unified_cashier/intergration/target/classes/com/youzan/pay/unified/cashier/intergration/client/SignKeyServiceClient.class]
2017-08-28 17:41:25.641 [main] DEBUG o.s.context.annotation.ClassPathBeanDefinitionScanner - Identified candidate component class: file [/Users/wulonghui/work/unified_cashier/intergration/target/classes/com/youzan/pay/unified/cashier/intergration/client/SummaryCardQueryServiceClient.class]
2017-08-28 17:41:25.642 [main] DEBUG o.s.context.annotation.ClassPathBeanDefinitionScanner - Identified candidate component class: file [/Users/wulonghui/work/unified_cashier/intergration/target/classes/com/youzan/pay/unified/cashier/intergration/client/UnifiedOrderServiceClient.class]
2017-08-28 17:41:25.642 [main] DEBUG o.s.context.annotation.ClassPathBeanDefinitionScanner - Identified candidate component class: file [/Users/wulonghui/work/unified_cashier/intergration/target/classes/com/youzan/pay/unified/cashier/intergration/client/UnifiedPayServiceClient.class]
2017-08-28 17:41:25.643 [main] DEBUG o.s.context.annotation.ClassPathBeanDefinitionScanner - Identified candidate component class: file [/Users/wulonghui/work/unified_cashier/intergration/target/classes/com/youzan/pay/unified/cashier/intergration/client/UserMerchantServiceClient.class]
2017-08-28 17:41:25.659 [main] DEBUG o.s.context.annotation.ClassPathBeanDefinitionScanner - Identified candidate component class: URL [jar:file:/Users/wulonghui/.m2/repository/com/youzan/pay/core/core-utils/1.0.1-SNAPSHOT/core-utils-1.0.1-SNAPSHOT.jar!/com/youzan/pay/core/utils/spring/SpringUtil.class]
2017-08-28 17:41:25.818 [main] DEBUG o.s.context.annotation.ClassPathBeanDefinitionScanner - Identified candidate component class: URL [jar:file:/Users/wulonghui/.m2/repository/com/youzan/pay/core/0.2.9-20170710-RELEASE/core-0.2.9-20170710-RELEASE.jar!/com/youzan/pay/core/aspect/AutoLogParamsAspect.class]
2017-08-28 17:41:25.820 [main] DEBUG o.s.context.annotation.ClassPathBeanDefinitionScanner - Identified candidate component class: URL [jar:file:/Users/wulonghui/.m2/repository/com/youzan/pay/core/0.2.9-20170710-RELEASE/core-0.2.9-20170710-RELEASE.jar!/com/youzan/pay/core/aspect/RetryAspect.class]
2017-08-28 17:41:25.827 [main] DEBUG o.s.context.annotation.ClassPathBeanDefinitionScanner - Identified candidate component class: URL [jar:file:/Users/wulonghui/.m2/repository/com/youzan/pay/core/0.2.9-20170710-RELEASE/core-0.2.9-20170710-RELEASE.jar!/com/youzan/pay/core/task/impl/nsq/NsqTaskDispatcher.class]
2017-08-28 17:41:25.909 [main] DEBUG o.s.context.annotation.ClassPathBeanDefinitionScanner - Ignored because not a concrete top-level class: URL [jar:file:/Users/wulonghui/.m2/repository/com/youzan/pay/consumer-center/basesearch-api/1.0.0-SNAPSHOT/basesearch-api-1.0.0-SNAPSHOT.jar!/com/youzan/pay/consumercenter/basesearch/api/QueryService.class]
2017-08-28 17:41:25.918 [main] DEBUG o.s.beans.factory.support.DefaultListableBeanFactory - Creating shared instance of singleton bean 'org.springframework.context.annotation.internalAutowiredAnnotationProcessor'
2017-08-28 17:41:25.918 [main] DEBUG o.s.beans.factory.support.DefaultListableBeanFactory - Creating instance of bean 'org.springframework.context.annotation.internalAutowiredAnnotationProcessor'
2017-08-28 17:41:25.919 [main] DEBUG o.s.beans.factory.support.DefaultListableBeanFactory - Eagerly caching bean 'org.springframework.context.annotation.internalAutowiredAnnotationProcessor' to allow for resolving potential circular references
2017-08-28 17:41:25.919 [main] DEBUG o.s.beans.factory.support.DefaultListableBeanFactory - Finished creating instance of bean 'org.springframework.context.annotation.internalAutowiredAnnotationProcessor'
2017-08-28 17:41:25.920 [main] DEBUG o.s.beans.factory.support.DefaultListableBeanFactory - Creating shared instance of singleton bean 'org.springframework.context.annotation.internalRequiredAnnotationProcessor'
2017-08-28 17:41:25.920 [main] DEBUG o.s.beans.factory.support.DefaultListableBeanFactory - Creating instance of bean 'org.springframework.context.annotation.internalRequiredAnnotationProcessor'
2017-08-28 17:41:25.920 [main] DEBUG o.s.beans.factory.support.DefaultListableBeanFactory - Eagerly caching bean 'org.springframework.context.annotation.internalRequiredAnnotationProcessor' to allow for resolving potential circular references
2017-08-28 17:41:25.920 [main] DEBUG o.s.beans.factory.support.DefaultListableBeanFactory - Finished creating instance of bean 'org.springframework.context.annotation.internalRequiredAnnotationProcessor'
2017-08-28 17:41:25.920 [main] DEBUG o.s.beans.factory.support.DefaultListableBeanFactory - Creating shared instance of singleton bean 'org.springframework.context.annotation.internalCommonAnnotationProcessor'
2017-08-28 17:41:25.920 [main] DEBUG o.s.beans.factory.support.DefaultListableBeanFactory - Creating instance of bean 'org.springframework.context.annotation.internalCommonAnnotationProcessor'
2017-08-28 17:41:25.921 [main] DEBUG o.s.beans.factory.support.DefaultListableBeanFactory - Eagerly caching bean 'org.springframework.context.annotation.internalCommonAnnotationProcessor' to allow for resolving potential circular references
2017-08-28 17:41:25.921 [main] DEBUG o.s.beans.factory.support.DefaultListableBeanFactory - Finished creating instance of bean 'org.springframework.context.annotation.internalCommonAnnotationProcessor'
2017-08-28 17:41:25.921 [main] DEBUG o.s.beans.factory.support.DefaultListableBeanFactory - Creating shared instance of singleton bean 'org.springframework.context.annotation.ConfigurationClassPostProcessor.importAwareProcessor'
2017-08-28 17:41:25.921 [main] DEBUG o.s.beans.factory.support.DefaultListableBeanFactory - Creating instance of bean 'org.springframework.context.annotation.ConfigurationClassPostProcessor.importAwareProcessor'
2017-08-28 17:41:25.921 [main] DEBUG o.s.beans.factory.support.DefaultListableBeanFactory - Eagerly caching bean 'org.springframework.context.annotation.ConfigurationClassPostProcessor.importAwareProcessor' to allow for resolving potential circular references
2017-08-28 17:41:25.921 [main] DEBUG o.s.beans.factory.support.DefaultListableBeanFactory - Finished creating instance of bean 'org.springframework.context.annotation.ConfigurationClassPostProcessor.importAwareProcessor'
2017-08-28 17:41:25.921 [main] DEBUG o.s.beans.factory.support.DefaultListableBeanFactory - Creating shared instance of singleton bean 'org.springframework.aop.config.internalAutoProxyCreator'
2017-08-28 17:41:25.921 [main] DEBUG o.s.beans.factory.support.DefaultListableBeanFactory - Creating instance of bean 'org.springframework.aop.config.internalAutoProxyCreator'
2017-08-28 17:41:25.922 [main] DEBUG o.s.beans.factory.support.DefaultListableBeanFactory - Eagerly caching bean 'org.springframework.aop.config.internalAutoProxyCreator' to allow for resolving potential circular references
2017-08-28 17:41:25.922 [main] DEBUG o.s.beans.factory.support.DefaultListableBeanFactory - Finished creating instance of bean 'org.springframework.aop.config.internalAutoProxyCreator'
2017-08-28 17:41:25.923 [main] DEBUG o.s.beans.factory.support.DefaultListableBeanFactory - Returning cached instance of singleton bean 'com.alibaba.dubbo.config.spring.AnnotationBean'
2017-08-28 17:41:25.923 [main] DEBUG o.s.context.support.GenericApplicationContext - Unable to locate MessageSource with name 'messageSource': using default [org.springframework.context.support.DelegatingMessageSource@3844dc02]
2017-08-28 17:41:25.923 [main] DEBUG o.s.context.support.GenericApplicationContext - Unable to locate ApplicationEventMulticaster with name 'applicationEventMulticaster': using default [org.springframework.context.event.SimpleApplicationEventMulticaster@5457ac90]
2017-08-28 17:41:25.925 [main] INFO  o.s.beans.factory.support.DefaultListableBeanFactory - Pre-instantiating singletons in org.springframework.beans.factory.support.DefaultListableBeanFactory@68681c6c: defining beans [org.springframework.context.support.PropertySourcesPlaceholderConfigurer#0,assetCenterUnifiedPayServiceClient,cashierOrderStatusSearchClient,cashierRechargeServiceClient,channelBankCardServiceClient,merchantBankCardServiceClient,microAccoutServiceClient,queryPayToolConfigServiceClient,signKeyServiceClient,summaryCardQueryServiceClient,unifiedOrderServiceClient,unifiedPayServiceClient,userMerchantServiceClient,org.springframework.context.annotation.internalConfigurationAnnotationProcessor,org.springframework.context.annotation.internalAutowiredAnnotationProcessor,org.springframework.context.annotation.internalRequiredAnnotationProcessor,org.springframework.context.annotation.internalCommonAnnotationProcessor,signKeyService,merchantConfigService,acquireOrderService,unifiedPayService,unifiedOrderQueryService,unifiedOrderService,bankCardService,merchantBankCardService,userMerchantService,rechargeService,payToolsService,accountService,summaryCardQueryService,novaContainer,beanFactory,org.springframework.aop.config.internalAutoProxyCreator,tracingAop,customerMethodAop,org.springframework.context.annotation.ConfigurationClassPostProcessor.importAwareProcessor,com.alibaba.dubbo.config.ApplicationConfig,haunt,com.alibaba.dubbo.config.MonitorConfig,dubbo,rest,com.alibaba.dubbo.config.spring.AnnotationBean,springUtil,autoLogParamsAspect,retryAspect,nsqTaskDispatcher]; root of factory hierarchy
2017-08-28 17:41:25.925 [main] DEBUG o.s.beans.factory.support.DefaultListableBeanFactory - Returning cached instance of singleton bean 'org.springframework.context.support.PropertySourcesPlaceholderConfigurer#0'
2017-08-28 17:41:25.925 [main] DEBUG o.s.beans.factory.support.DefaultListableBeanFactory - Creating shared instance of singleton bean 'assetCenterUnifiedPayServiceClient'
2017-08-28 17:41:25.925 [main] DEBUG o.s.beans.factory.support.DefaultListableBeanFactory - Creating instance of bean 'assetCenterUnifiedPayServiceClient'
2017-08-28 17:41:25.928 [main] DEBUG o.s.a.aspectj.annotation.ReflectiveAspectJAdvisorFactory - Found AspectJ method: public java.lang.Object com.youzan.nova.framework.cat.annotation.aop.TracingAop.aroundExec(org.aspectj.lang.ProceedingJoinPoint) throws java.lang.Throwable
2017-08-28 17:41:25.929 [main] DEBUG o.s.a.aspectj.annotation.ReflectiveAspectJAdvisorFactory - Found AspectJ method: public java.lang.Object com.youzan.nova.framework.cat.annotation.aop.CustomerMethodAop.aroundExec(org.aspectj.lang.ProceedingJoinPoint) throws java.lang.Throwable
2017-08-28 17:41:25.930 [main] DEBUG o.s.a.aspectj.annotation.ReflectiveAspectJAdvisorFactory - Found AspectJ method: public void com.youzan.pay.core.aspect.AutoLogParamsAspect.before(org.aspectj.lang.JoinPoint)
2017-08-28 17:41:25.935 [main] DEBUG o.s.a.aspectj.annotation.ReflectiveAspectJAdvisorFactory - Found AspectJ method: public java.lang.Object com.youzan.pay.core.aspect.RetryAspect.retryProcess(org.aspectj.lang.ProceedingJoinPoint) throws java.lang.Throwable
2017-08-28 17:41:25.937 [main] DEBUG o.s.beans.factory.annotation.InjectionMetadata - Registered injected element on class [com.youzan.pay.unified.cashier.intergration.client.AssetCenterUnifiedPayServiceClient]: ResourceElement for private com.youzan.pay.assetcenter.api.UnifiedPayService com.youzan.pay.unified.cashier.intergration.client.AssetCenterUnifiedPayServiceClient.unifiedPayService
2017-08-28 17:41:25.937 [main] DEBUG o.s.beans.factory.support.DefaultListableBeanFactory - Eagerly caching bean 'assetCenterUnifiedPayServiceClient' to allow for resolving potential circular references
2017-08-28 17:41:25.938 [main] DEBUG o.s.beans.factory.annotation.InjectionMetadata - Processing injected element of bean 'assetCenterUnifiedPayServiceClient': ResourceElement for private com.youzan.pay.assetcenter.api.UnifiedPayService com.youzan.pay.unified.cashier.intergration.client.AssetCenterUnifiedPayServiceClient.unifiedPayService
2017-08-28 17:41:25.939 [main] DEBUG o.s.beans.factory.support.DefaultListableBeanFactory - Creating shared instance of singleton bean 'unifiedPayService'
2017-08-28 17:41:25.941 [main] DEBUG o.s.beans.factory.support.DefaultListableBeanFactory - Creating instance of bean 'unifiedPayService'
2017-08-28 17:41:25.943 [main] DEBUG o.s.beans.factory.support.DefaultListableBeanFactory - Eagerly caching bean 'unifiedPayService' to allow for resolving potential circular references
2017-08-28 17:41:25.944 [main] DEBUG o.s.beans.factory.support.DefaultListableBeanFactory - Creating shared instance of singleton bean 'haunt'
2017-08-28 17:41:25.944 [main] DEBUG o.s.beans.factory.support.DefaultListableBeanFactory - Creating instance of bean 'haunt'
2017-08-28 17:41:25.945 [main] DEBUG o.s.beans.factory.support.DefaultListableBeanFactory - Eagerly caching bean 'haunt' to allow for resolving potential circular references
2017-08-28 17:41:26.047 [main] DEBUG o.s.beans.factory.support.DefaultListableBeanFactory - Finished creating instance of bean 'haunt'
2017-08-28 17:41:26.047 [main] DEBUG o.s.beans.factory.support.DefaultListableBeanFactory - Invoking afterPropertiesSet() on bean with name 'unifiedPayService'
2017-08-28 17:41:26.048 [main] DEBUG o.s.beans.factory.support.DefaultListableBeanFactory - Creating shared instance of singleton bean 'com.alibaba.dubbo.config.ApplicationConfig'
2017-08-28 17:41:26.048 [main] DEBUG o.s.beans.factory.support.DefaultListableBeanFactory - Creating instance of bean 'com.alibaba.dubbo.config.ApplicationConfig'
2017-08-28 17:41:26.048 [main] DEBUG o.s.beans.factory.support.DefaultListableBeanFactory - Eagerly caching bean 'com.alibaba.dubbo.config.ApplicationConfig' to allow for resolving potential circular references
2017-08-28 17:41:26.049 [main] INFO  com.alibaba.dubbo.common.logger.LoggerFactory - using logger: com.alibaba.dubbo.common.logger.slf4j.Slf4jLoggerAdapter
2017-08-28 17:41:26.118 [main] DEBUG o.s.beans.factory.support.DefaultListableBeanFactory - Finished creating instance of bean 'com.alibaba.dubbo.config.ApplicationConfig'
2017-08-28 17:41:26.119 [main] DEBUG o.s.beans.factory.support.DefaultListableBeanFactory - Creating shared instance of singleton bean 'com.alibaba.dubbo.config.MonitorConfig'
2017-08-28 17:41:26.119 [main] DEBUG o.s.beans.factory.support.DefaultListableBeanFactory - Creating instance of bean 'com.alibaba.dubbo.config.MonitorConfig'
2017-08-28 17:41:26.120 [main] DEBUG o.s.beans.factory.support.DefaultListableBeanFactory - Eagerly caching bean 'com.alibaba.dubbo.config.MonitorConfig' to allow for resolving potential circular references
2017-08-28 17:41:26.134 [main] DEBUG o.s.beans.factory.support.DefaultListableBeanFactory - Finished creating instance of bean 'com.alibaba.dubbo.config.MonitorConfig'
2017-08-28 17:41:26.311 [main] DEBUG o.s.beans.factory.support.DefaultListableBeanFactory - Finished creating instance of bean 'unifiedPayService'
2017-08-28 17:41:26.314 [main] INFO  com.youzan.nova.registry.haunt.HauntRegistry -  [Nova] Register: consumer://172.17.11.56/com.youzan.pay.assetcenter.api.UnifiedPayService?application=pay-ucashier&category=consumers&check=false&dubbo=3.0.9-RELEASE&interface=com.youzan.pay.assetcenter.api.UnifiedPayService&logger=slf4j&methods=warpMultiPay,multiPay,singlePay,wrapMultiPay,wrapSinglePay&owner=pay-ucashier&pid=43551&protocol=dubbo&retries=0&revision=0.0.9-20170817-SNAPSHOT&side=consumer&timeout=5000&timestamp=1503913286312, nova version: 3.0.9-RELEASE, current host: 172.17.11.56
2017-08-28 17:41:26.315 [main] INFO  com.youzan.nova.registry.haunt.HauntRegistry -  [Nova] Subscribe: consumer://172.17.11.56/com.youzan.pay.assetcenter.api.UnifiedPayService?application=pay-ucashier&category=providers,configurators,routers&check=false&dubbo=3.0.9-RELEASE&interface=com.youzan.pay.assetcenter.api.UnifiedPayService&logger=slf4j&methods=warpMultiPay,multiPay,singlePay,wrapMultiPay,wrapSinglePay&owner=pay-ucashier&pid=43551&protocol=dubbo&retries=0&revision=0.0.9-20170817-SNAPSHOT&side=consumer&timeout=5000&timestamp=1503913286312, nova version: 3.0.9-RELEASE, current host: 172.17.11.56
2017-08-28 17:41:26.315 [main] INFO  com.youzan.nova.registry.haunt.HauntRegistry -  [Nova] Notify urls for subscribe url consumer://172.17.11.56/com.youzan.pay.assetcenter.api.UnifiedPayService?application=pay-ucashier&category=providers,configurators,routers&check=false&dubbo=3.0.9-RELEASE&interface=com.youzan.pay.assetcenter.api.UnifiedPayService&logger=slf4j&methods=warpMultiPay,multiPay,singlePay,wrapMultiPay,wrapSinglePay&owner=pay-ucashier&pid=43551&protocol=dubbo&retries=0&revision=0.0.9-20170817-SNAPSHOT&side=consumer&timeout=5000&timestamp=1503913286312, urls: [dubbo://10.9.82.150:28094?application=pay-assetcenter&interface=com.youzan.pay.assetcenter.api.UnifiedPayService&methods=warpMultiPay,multiPay,singlePay,wrapMultiPay,batchPay,wrapSinglePay,&timestamp=1503890765498&weight=100, empty://172.17.11.56/com.youzan.pay.assetcenter.api.UnifiedPayService?application=pay-ucashier&category=configurators&check=false&dubbo=3.0.9-RELEASE&interface=com.youzan.pay.assetcenter.api.UnifiedPayService&logger=slf4j&methods=warpMultiPay,multiPay,singlePay,wrapMultiPay,wrapSinglePay&owner=pay-ucashier&pid=43551&protocol=dubbo&retries=0&revision=0.0.9-20170817-SNAPSHOT&side=consumer&timeout=5000&timestamp=1503913286312, empty://172.17.11.56/com.youzan.pay.assetcenter.api.UnifiedPayService?application=pay-ucashier&category=routers&check=false&dubbo=3.0.9-RELEASE&interface=com.youzan.pay.assetcenter.api.UnifiedPayService&logger=slf4j&methods=warpMultiPay,multiPay,singlePay,wrapMultiPay,wrapSinglePay&owner=pay-ucashier&pid=43551&protocol=dubbo&retries=0&revision=0.0.9-20170817-SNAPSHOT&side=consumer&timeout=5000&timestamp=1503913286312], nova version: 3.0.9-RELEASE, current host: 172.17.11.56
2017-08-28 17:41:26.352 [main] INFO  com.alibaba.dubbo.remoting.transport.AbstractClient -  [Nova] Successed connect to server /10.9.82.150:28094 from NettyClient 172.17.11.56 using dubbo version 3.0.9-RELEASE, channel is NettyChannel [channel=[id: 0x8fead344, /172.17.11.56:61400 => /10.9.82.150:28094]], nova version: 3.0.9-RELEASE, current host: 172.17.11.56
2017-08-28 17:41:26.354 [main] INFO  com.alibaba.dubbo.remoting.transport.AbstractClient -  [Nova] Start NettyClient wulonghuideMacBook-Pro.local/172.17.11.56 connect to the server /10.9.82.150:28094, nova version: 3.0.9-RELEASE, current host: 172.17.11.56
2017-08-28 17:41:26.355 [main] INFO  com.alibaba.dubbo.config.AbstractConfig -  [Nova] Refer dubbo service com.youzan.pay.assetcenter.api.UnifiedPayService from url haunt://etcd-dev.s.qima-inc.com:2379/com.alibaba.dubbo.registry.RegistryService?application=pay-ucashier&check=false&dubbo=3.0.9-RELEASE&interface=com.youzan.pay.assetcenter.api.UnifiedPayService&logger=slf4j&methods=warpMultiPay,multiPay,singlePay,wrapMultiPay,wrapSinglePay&monitor=http%3A%2F%2Fhawk-dev.s.qima-inc.com%3A80%3Fdubbo%3D3.0.9-RELEASE%26interface%3Dcom.alibaba.dubbo.monitor.MonitorService%26pid%3D43551%26timestamp%3D1503913286314&owner=pay-ucashier&pid=43551&protocol=dubbo&retries=0&revision=0.0.9-20170817-SNAPSHOT&side=consumer&timeout=5000&timestamp=1503913286312&weight=100, nova version: 3.0.9-RELEASE, current host: 172.17.11.56
2017-08-28 17:41:26.433 [main] DEBUG o.s.beans.factory.support.DefaultListableBeanFactory - Finished creating instance of bean 'assetCenterUnifiedPayServiceClient'
2017-08-28 17:41:26.434 [main] DEBUG o.s.beans.factory.support.DefaultListableBeanFactory - Creating shared instance of singleton bean 'cashierOrderStatusSearchClient'
2017-08-28 17:41:26.434 [main] DEBUG o.s.beans.factory.support.DefaultListableBeanFactory - Creating instance of bean 'cashierOrderStatusSearchClient'
2017-08-28 17:41:26.434 [main] DEBUG o.s.beans.factory.annotation.InjectionMetadata - Registered injected element on class [com.youzan.pay.unified.cashier.intergration.client.CashierOrderStatusSearchClient]: ResourceElement for private com.youzan.pay.assetcenter.api.AcquireOrderService com.youzan.pay.unified.cashier.intergration.client.CashierOrderStatusSearchClient.acquireOrderService
2017-08-28 17:41:26.434 [main] DEBUG o.s.beans.factory.support.DefaultListableBeanFactory - Eagerly caching bean 'cashierOrderStatusSearchClient' to allow for resolving potential circular references
2017-08-28 17:41:26.435 [main] DEBUG o.s.beans.factory.annotation.InjectionMetadata - Processing injected element of bean 'cashierOrderStatusSearchClient': ResourceElement for private com.youzan.pay.assetcenter.api.AcquireOrderService com.youzan.pay.unified.cashier.intergration.client.CashierOrderStatusSearchClient.acquireOrderService
2017-08-28 17:41:26.435 [main] DEBUG o.s.beans.factory.support.DefaultListableBeanFactory - Creating shared instance of singleton bean 'acquireOrderService'
2017-08-28 17:41:26.435 [main] DEBUG o.s.beans.factory.support.DefaultListableBeanFactory - Creating instance of bean 'acquireOrderService'
2017-08-28 17:41:26.438 [main] DEBUG o.s.beans.factory.support.DefaultListableBeanFactory - Eagerly caching bean 'acquireOrderService' to allow for resolving potential circular references
2017-08-28 17:41:26.438 [main] DEBUG o.s.beans.factory.support.DefaultListableBeanFactory - Returning cached instance of singleton bean 'haunt'
2017-08-28 17:41:26.440 [main] DEBUG o.s.beans.factory.support.DefaultListableBeanFactory - Invoking afterPropertiesSet() on bean with name 'acquireOrderService'
2017-08-28 17:41:26.444 [main] DEBUG o.s.beans.factory.support.DefaultListableBeanFactory - Returning cached instance of singleton bean 'com.alibaba.dubbo.config.ApplicationConfig'
2017-08-28 17:41:26.446 [main] DEBUG o.s.beans.factory.support.DefaultListableBeanFactory - Returning cached instance of singleton bean 'com.alibaba.dubbo.config.MonitorConfig'
2017-08-28 17:41:26.455 [main] DEBUG o.s.beans.factory.support.DefaultListableBeanFactory - Finished creating instance of bean 'acquireOrderService'
2017-08-28 17:41:26.461 [main] INFO  com.youzan.nova.registry.haunt.HauntRegistry -  [Nova] Register: consumer://172.17.11.56/com.youzan.pay.assetcenter.api.AcquireOrderService?application=pay-ucashier&category=consumers&check=false&dubbo=3.0.9-RELEASE&interface=com.youzan.pay.assetcenter.api.AcquireOrderService&logger=slf4j&methods=payNotify,retryInAccount,query,create,pay,revoke&owner=pay-ucashier&pid=43551&protocol=dubbo&retries=0&revision=0.0.9-20170817-SNAPSHOT&side=consumer&timeout=5000&timestamp=1503913286458, nova version: 3.0.9-RELEASE, current host: 172.17.11.56
2017-08-28 17:41:26.464 [main] INFO  com.youzan.nova.registry.haunt.HauntRegistry -  [Nova] Subscribe: consumer://172.17.11.56/com.youzan.pay.assetcenter.api.AcquireOrderService?application=pay-ucashier&category=providers,configurators,routers&check=false&dubbo=3.0.9-RELEASE&interface=com.youzan.pay.assetcenter.api.AcquireOrderService&logger=slf4j&methods=payNotify,retryInAccount,query,create,pay,revoke&owner=pay-ucashier&pid=43551&protocol=dubbo&retries=0&revision=0.0.9-20170817-SNAPSHOT&side=consumer&timeout=5000&timestamp=1503913286458, nova version: 3.0.9-RELEASE, current host: 172.17.11.56
2017-08-28 17:41:26.465 [main] INFO  com.youzan.nova.registry.haunt.HauntRegistry -  [Nova] Notify urls for subscribe url consumer://172.17.11.56/com.youzan.pay.assetcenter.api.AcquireOrderService?application=pay-ucashier&category=providers,configurators,routers&check=false&dubbo=3.0.9-RELEASE&interface=com.youzan.pay.assetcenter.api.AcquireOrderService&logger=slf4j&methods=payNotify,retryInAccount,query,create,pay,revoke&owner=pay-ucashier&pid=43551&protocol=dubbo&retries=0&revision=0.0.9-20170817-SNAPSHOT&side=consumer&timeout=5000&timestamp=1503913286458, urls: [dubbo://10.9.82.150:28094?application=pay-assetcenter&interface=com.youzan.pay.assetcenter.api.AcquireOrderService&methods=payNotify,retryInAccount,query,pay,revoke,create,&timestamp=1503890764801&weight=100, empty://172.17.11.56/com.youzan.pay.assetcenter.api.AcquireOrderService?application=pay-ucashier&category=configurators&check=false&dubbo=3.0.9-RELEASE&interface=com.youzan.pay.assetcenter.api.AcquireOrderService&logger=slf4j&methods=payNotify,retryInAccount,query,create,pay,revoke&owner=pay-ucashier&pid=43551&protocol=dubbo&retries=0&revision=0.0.9-20170817-SNAPSHOT&side=consumer&timeout=5000&timestamp=1503913286458, empty://172.17.11.56/com.youzan.pay.assetcenter.api.AcquireOrderService?application=pay-ucashier&category=routers&check=false&dubbo=3.0.9-RELEASE&interface=com.youzan.pay.assetcenter.api.AcquireOrderService&logger=slf4j&methods=payNotify,retryInAccount,query,create,pay,revoke&owner=pay-ucashier&pid=43551&protocol=dubbo&retries=0&revision=0.0.9-20170817-SNAPSHOT&side=consumer&timeout=5000&timestamp=1503913286458], nova version: 3.0.9-RELEASE, current host: 172.17.11.56
2017-08-28 17:41:26.473 [main] INFO  com.alibaba.dubbo.config.AbstractConfig -  [Nova] Refer dubbo service com.youzan.pay.assetcenter.api.AcquireOrderService from url haunt://etcd-dev.s.qima-inc.com:2379/com.alibaba.dubbo.registry.RegistryService?application=pay-ucashier&check=false&dubbo=3.0.9-RELEASE&interface=com.youzan.pay.assetcenter.api.AcquireOrderService&logger=slf4j&methods=payNotify,retryInAccount,query,create,pay,revoke&monitor=http%3A%2F%2Fhawk-dev.s.qima-inc.com%3A80%3Fdubbo%3D3.0.9-RELEASE%26interface%3Dcom.alibaba.dubbo.monitor.MonitorService%26pid%3D43551%26timestamp%3D1503913286459&owner=pay-ucashier&pid=43551&protocol=dubbo&retries=0&revision=0.0.9-20170817-SNAPSHOT&side=consumer&timeout=5000&timestamp=1503913286458&weight=100, nova version: 3.0.9-RELEASE, current host: 172.17.11.56
2017-08-28 17:41:26.504 [main] DEBUG o.s.beans.factory.support.DefaultListableBeanFactory - Finished creating instance of bean 'cashierOrderStatusSearchClient'
2017-08-28 17:41:26.505 [main] DEBUG o.s.beans.factory.support.DefaultListableBeanFactory - Creating shared instance of singleton bean 'cashierRechargeServiceClient'
2017-08-28 17:41:26.505 [main] DEBUG o.s.beans.factory.support.DefaultListableBeanFactory - Creating instance of bean 'cashierRechargeServiceClient'
2017-08-28 17:41:26.507 [main] DEBUG o.s.beans.factory.annotation.InjectionMetadata - Registered injected element on class [com.youzan.pay.unified.cashier.intergration.client.CashierRechargeServiceClient]: ResourceElement for private com.youzan.pay.assetcenter.api.RechargeService com.youzan.pay.unified.cashier.intergration.client.CashierRechargeServiceClient.rechargeService
2017-08-28 17:41:26.507 [main] DEBUG o.s.beans.factory.support.DefaultListableBeanFactory - Eagerly caching bean 'cashierRechargeServiceClient' to allow for resolving potential circular references
2017-08-28 17:41:26.508 [main] DEBUG o.s.beans.factory.annotation.InjectionMetadata - Processing injected element of bean 'cashierRechargeServiceClient': ResourceElement for private com.youzan.pay.assetcenter.api.RechargeService com.youzan.pay.unified.cashier.intergration.client.CashierRechargeServiceClient.rechargeService
2017-08-28 17:41:26.508 [main] DEBUG o.s.beans.factory.support.DefaultListableBeanFactory - Creating shared instance of singleton bean 'rechargeService'
2017-08-28 17:41:26.509 [main] DEBUG o.s.beans.factory.support.DefaultListableBeanFactory - Creating instance of bean 'rechargeService'
2017-08-28 17:41:26.511 [main] DEBUG o.s.beans.factory.support.DefaultListableBeanFactory - Eagerly caching bean 'rechargeService' to allow for resolving potential circular references
2017-08-28 17:41:26.512 [main] DEBUG o.s.beans.factory.support.DefaultListableBeanFactory - Returning cached instance of singleton bean 'haunt'
2017-08-28 17:41:26.512 [main] DEBUG o.s.beans.factory.support.DefaultListableBeanFactory - Invoking afterPropertiesSet() on bean with name 'rechargeService'
2017-08-28 17:41:26.513 [main] DEBUG o.s.beans.factory.support.DefaultListableBeanFactory - Returning cached instance of singleton bean 'com.alibaba.dubbo.config.ApplicationConfig'
2017-08-28 17:41:26.514 [main] DEBUG o.s.beans.factory.support.DefaultListableBeanFactory - Returning cached instance of singleton bean 'com.alibaba.dubbo.config.MonitorConfig'
2017-08-28 17:41:26.518 [main] DEBUG o.s.beans.factory.support.DefaultListableBeanFactory - Finished creating instance of bean 'rechargeService'
2017-08-28 17:41:26.523 [main] INFO  com.youzan.nova.registry.haunt.HauntRegistry -  [Nova] Register: consumer://172.17.11.56/com.youzan.pay.assetcenter.api.RechargeService?application=pay-ucashier&category=consumers&check=false&dubbo=3.0.9-RELEASE&interface=com.youzan.pay.assetcenter.api.RechargeService&logger=slf4j&methods=rechargePay,wrapCreate,create,wrapRechargePay&owner=pay-ucashier&pid=43551&protocol=dubbo&retries=0&revision=0.0.9-20170817-SNAPSHOT&side=consumer&timeout=5000&timestamp=1503913286520, nova version: 3.0.9-RELEASE, current host: 172.17.11.56
2017-08-28 17:41:26.523 [main] INFO  com.youzan.nova.registry.haunt.HauntRegistry -  [Nova] Subscribe: consumer://172.17.11.56/com.youzan.pay.assetcenter.api.RechargeService?application=pay-ucashier&category=providers,configurators,routers&check=false&dubbo=3.0.9-RELEASE&interface=com.youzan.pay.assetcenter.api.RechargeService&logger=slf4j&methods=rechargePay,wrapCreate,create,wrapRechargePay&owner=pay-ucashier&pid=43551&protocol=dubbo&retries=0&revision=0.0.9-20170817-SNAPSHOT&side=consumer&timeout=5000&timestamp=1503913286520, nova version: 3.0.9-RELEASE, current host: 172.17.11.56
2017-08-28 17:41:26.524 [main] INFO  com.youzan.nova.registry.haunt.HauntRegistry -  [Nova] Notify urls for subscribe url consumer://172.17.11.56/com.youzan.pay.assetcenter.api.RechargeService?application=pay-ucashier&category=providers,configurators,routers&check=false&dubbo=3.0.9-RELEASE&interface=com.youzan.pay.assetcenter.api.RechargeService&logger=slf4j&methods=rechargePay,wrapCreate,create,wrapRechargePay&owner=pay-ucashier&pid=43551&protocol=dubbo&retries=0&revision=0.0.9-20170817-SNAPSHOT&side=consumer&timeout=5000&timestamp=1503913286520, urls: [dubbo://10.9.82.150:28094?application=pay-assetcenter&interface=com.youzan.pay.assetcenter.api.RechargeService&methods=rechargePay,wrapCreate,create,wrapRechargePay,&timestamp=1503890766143&weight=100, empty://172.17.11.56/com.youzan.pay.assetcenter.api.RechargeService?application=pay-ucashier&category=configurators&check=false&dubbo=3.0.9-RELEASE&interface=com.youzan.pay.assetcenter.api.RechargeService&logger=slf4j&methods=rechargePay,wrapCreate,create,wrapRechargePay&owner=pay-ucashier&pid=43551&protocol=dubbo&retries=0&revision=0.0.9-20170817-SNAPSHOT&side=consumer&timeout=5000&timestamp=1503913286520, empty://172.17.11.56/com.youzan.pay.assetcenter.api.RechargeService?application=pay-ucashier&category=routers&check=false&dubbo=3.0.9-RELEASE&interface=com.youzan.pay.assetcenter.api.RechargeService&logger=slf4j&methods=rechargePay,wrapCreate,create,wrapRechargePay&owner=pay-ucashier&pid=43551&protocol=dubbo&retries=0&revision=0.0.9-20170817-SNAPSHOT&side=consumer&timeout=5000&timestamp=1503913286520], nova version: 3.0.9-RELEASE, current host: 172.17.11.56
2017-08-28 17:41:26.526 [main] INFO  com.alibaba.dubbo.config.AbstractConfig -  [Nova] Refer dubbo service com.youzan.pay.assetcenter.api.RechargeService from url haunt://etcd-dev.s.qima-inc.com:2379/com.alibaba.dubbo.registry.RegistryService?application=pay-ucashier&check=false&dubbo=3.0.9-RELEASE&interface=com.youzan.pay.assetcenter.api.RechargeService&logger=slf4j&methods=rechargePay,wrapCreate,create,wrapRechargePay&monitor=http%3A%2F%2Fhawk-dev.s.qima-inc.com%3A80%3Fdubbo%3D3.0.9-RELEASE%26interface%3Dcom.alibaba.dubbo.monitor.MonitorService%26pid%3D43551%26timestamp%3D1503913286521&owner=pay-ucashier&pid=43551&protocol=dubbo&retries=0&revision=0.0.9-20170817-SNAPSHOT&side=consumer&timeout=5000&timestamp=1503913286520&weight=100, nova version: 3.0.9-RELEASE, current host: 172.17.11.56
2017-08-28 17:41:26.548 [main] DEBUG o.s.beans.factory.support.DefaultListableBeanFactory - Finished creating instance of bean 'cashierRechargeServiceClient'
2017-08-28 17:41:26.548 [main] DEBUG o.s.beans.factory.support.DefaultListableBeanFactory - Creating shared instance of singleton bean 'channelBankCardServiceClient'
2017-08-28 17:41:26.548 [main] DEBUG o.s.beans.factory.support.DefaultListableBeanFactory - Creating instance of bean 'channelBankCardServiceClient'
2017-08-28 17:41:26.549 [main] DEBUG o.s.beans.factory.annotation.InjectionMetadata - Registered injected element on class [com.youzan.pay.unified.cashier.intergration.client.ChannelBankCardServiceClient]: ResourceElement for private com.youzan.pay.fundchannel.open.api.BankCardService com.youzan.pay.unified.cashier.intergration.client.ChannelBankCardServiceClient.bankCardService
2017-08-28 17:41:26.549 [main] DEBUG o.s.beans.factory.support.DefaultListableBeanFactory - Eagerly caching bean 'channelBankCardServiceClient' to allow for resolving potential circular references
2017-08-28 17:41:26.549 [main] DEBUG o.s.beans.factory.annotation.InjectionMetadata - Processing injected element of bean 'channelBankCardServiceClient': ResourceElement for private com.youzan.pay.fundchannel.open.api.BankCardService com.youzan.pay.unified.cashier.intergration.client.ChannelBankCardServiceClient.bankCardService
2017-08-28 17:41:26.550 [main] DEBUG o.s.beans.factory.support.DefaultListableBeanFactory - Creating shared instance of singleton bean 'bankCardService'
2017-08-28 17:41:26.550 [main] DEBUG o.s.beans.factory.support.DefaultListableBeanFactory - Creating instance of bean 'bankCardService'
2017-08-28 17:41:26.551 [main] DEBUG o.s.beans.factory.support.DefaultListableBeanFactory - Eagerly caching bean 'bankCardService' to allow for resolving potential circular references
2017-08-28 17:41:26.551 [main] DEBUG o.s.beans.factory.support.DefaultListableBeanFactory - Returning cached instance of singleton bean 'haunt'
2017-08-28 17:41:26.552 [main] DEBUG o.s.beans.factory.support.DefaultListableBeanFactory - Invoking afterPropertiesSet() on bean with name 'bankCardService'
2017-08-28 17:41:26.553 [main] DEBUG o.s.beans.factory.support.DefaultListableBeanFactory - Returning cached instance of singleton bean 'com.alibaba.dubbo.config.ApplicationConfig'
2017-08-28 17:41:26.553 [main] DEBUG o.s.beans.factory.support.DefaultListableBeanFactory - Returning cached instance of singleton bean 'com.alibaba.dubbo.config.MonitorConfig'
2017-08-28 17:41:26.559 [main] DEBUG o.s.beans.factory.support.DefaultListableBeanFactory - Finished creating instance of bean 'bankCardService'
2017-08-28 17:41:26.561 [main] INFO  com.youzan.nova.registry.haunt.HauntRegistry -  [Nova] Register: consumer://172.17.11.56/com.youzan.pay.fundchannel.open.api.BankCardService?application=pay-ucashier&category=consumers&check=false&dubbo=3.0.9-RELEASE&interface=com.youzan.pay.fundchannel.open.api.BankCardService&logger=slf4j&methods=checkCard,sendSms,checkBankBinding,payConfirm&owner=pay-ucashier&pid=43551&protocol=dubbo&retries=0&revision=1.0.0-20170710-RELEASE&side=consumer&timeout=5000&timestamp=1503913286560, nova version: 3.0.9-RELEASE, current host: 172.17.11.56
2017-08-28 17:41:26.565 [main] INFO  com.youzan.nova.registry.haunt.HauntRegistry -  [Nova] Subscribe: consumer://172.17.11.56/com.youzan.pay.fundchannel.open.api.BankCardService?application=pay-ucashier&category=providers,configurators,routers&check=false&dubbo=3.0.9-RELEASE&interface=com.youzan.pay.fundchannel.open.api.BankCardService&logger=slf4j&methods=checkCard,sendSms,checkBankBinding,payConfirm&owner=pay-ucashier&pid=43551&protocol=dubbo&retries=0&revision=1.0.0-20170710-RELEASE&side=consumer&timeout=5000&timestamp=1503913286560, nova version: 3.0.9-RELEASE, current host: 172.17.11.56
2017-08-28 17:41:26.568 [main] INFO  com.youzan.nova.registry.haunt.HauntRegistry -  [Nova] Notify urls for subscribe url consumer://172.17.11.56/com.youzan.pay.fundchannel.open.api.BankCardService?application=pay-ucashier&category=providers,configurators,routers&check=false&dubbo=3.0.9-RELEASE&interface=com.youzan.pay.fundchannel.open.api.BankCardService&logger=slf4j&methods=checkCard,sendSms,checkBankBinding,payConfirm&owner=pay-ucashier&pid=43551&protocol=dubbo&retries=0&revision=1.0.0-20170710-RELEASE&side=consumer&timeout=5000&timestamp=1503913286560, urls: [dubbo://10.9.196.183:28096?application=pay-fund-channel&interface=com.youzan.pay.fundchannel.open.api.BankCardService&methods=checkCard,sendSms,checkBankBinding,payConfirm,&timestamp=1503389549681&weight=100, empty://172.17.11.56/com.youzan.pay.fundchannel.open.api.BankCardService?application=pay-ucashier&category=configurators&check=false&dubbo=3.0.9-RELEASE&interface=com.youzan.pay.fundchannel.open.api.BankCardService&logger=slf4j&methods=checkCard,sendSms,checkBankBinding,payConfirm&owner=pay-ucashier&pid=43551&protocol=dubbo&retries=0&revision=1.0.0-20170710-RELEASE&side=consumer&timeout=5000&timestamp=1503913286560, empty://172.17.11.56/com.youzan.pay.fundchannel.open.api.BankCardService?application=pay-ucashier&category=routers&check=false&dubbo=3.0.9-RELEASE&interface=com.youzan.pay.fundchannel.open.api.BankCardService&logger=slf4j&methods=checkCard,sendSms,checkBankBinding,payConfirm&owner=pay-ucashier&pid=43551&protocol=dubbo&retries=0&revision=1.0.0-20170710-RELEASE&side=consumer&timeout=5000&timestamp=1503913286560], nova version: 3.0.9-RELEASE, current host: 172.17.11.56
2017-08-28 17:41:26.620 [main] INFO  com.alibaba.dubbo.remoting.transport.AbstractClient -  [Nova] Successed connect to server /10.9.196.183:28096 from NettyClient 172.17.11.56 using dubbo version 3.0.9-RELEASE, channel is NettyChannel [channel=[id: 0x61d344ac, /172.17.11.56:61405 => /10.9.196.183:28096]], nova version: 3.0.9-RELEASE, current host: 172.17.11.56
2017-08-28 17:41:26.621 [main] INFO  com.alibaba.dubbo.remoting.transport.AbstractClient -  [Nova] Start NettyClient wulonghuideMacBook-Pro.local/172.17.11.56 connect to the server /10.9.196.183:28096, nova version: 3.0.9-RELEASE, current host: 172.17.11.56
2017-08-28 17:41:26.622 [main] INFO  com.alibaba.dubbo.config.AbstractConfig -  [Nova] Refer dubbo service com.youzan.pay.fundchannel.open.api.BankCardService from url haunt://etcd-dev.s.qima-inc.com:2379/com.alibaba.dubbo.registry.RegistryService?application=pay-ucashier&check=false&dubbo=3.0.9-RELEASE&interface=com.youzan.pay.fundchannel.open.api.BankCardService&logger=slf4j&methods=checkCard,sendSms,checkBankBinding,payConfirm&monitor=http%3A%2F%2Fhawk-dev.s.qima-inc.com%3A80%3Fdubbo%3D3.0.9-RELEASE%26interface%3Dcom.alibaba.dubbo.monitor.MonitorService%26pid%3D43551%26timestamp%3D1503913286561&owner=pay-ucashier&pid=43551&protocol=dubbo&retries=0&revision=1.0.0-20170710-RELEASE&side=consumer&timeout=5000&timestamp=1503913286560&weight=100, nova version: 3.0.9-RELEASE, current host: 172.17.11.56
2017-08-28 17:41:26.642 [main] DEBUG o.s.beans.factory.support.DefaultListableBeanFactory - Finished creating instance of bean 'channelBankCardServiceClient'
2017-08-28 17:41:26.642 [main] DEBUG o.s.beans.factory.support.DefaultListableBeanFactory - Creating shared instance of singleton bean 'merchantBankCardServiceClient'
2017-08-28 17:41:26.642 [main] DEBUG o.s.beans.factory.support.DefaultListableBeanFactory - Creating instance of bean 'merchantBankCardServiceClient'
2017-08-28 17:41:26.642 [main] DEBUG o.s.beans.factory.annotation.InjectionMetadata - Registered injected element on class [com.youzan.pay.unified.cashier.intergration.client.MerchantBankCardServiceClient]: ResourceElement for private com.youzan.pay.customer.api.BankCardService com.youzan.pay.unified.cashier.intergration.client.MerchantBankCardServiceClient.merchantBankCardService
2017-08-28 17:41:26.643 [main] DEBUG o.s.beans.factory.support.DefaultListableBeanFactory - Eagerly caching bean 'merchantBankCardServiceClient' to allow for resolving potential circular references
2017-08-28 17:41:26.643 [main] DEBUG o.s.beans.factory.annotation.InjectionMetadata - Processing injected element of bean 'merchantBankCardServiceClient': ResourceElement for private com.youzan.pay.customer.api.BankCardService com.youzan.pay.unified.cashier.intergration.client.MerchantBankCardServiceClient.merchantBankCardService
2017-08-28 17:41:26.643 [main] DEBUG o.s.beans.factory.support.DefaultListableBeanFactory - Creating shared instance of singleton bean 'merchantBankCardService'
2017-08-28 17:41:26.643 [main] DEBUG o.s.beans.factory.support.DefaultListableBeanFactory - Creating instance of bean 'merchantBankCardService'
2017-08-28 17:41:26.644 [main] DEBUG o.s.beans.factory.support.DefaultListableBeanFactory - Eagerly caching bean 'merchantBankCardService' to allow for resolving potential circular references
2017-08-28 17:41:26.644 [main] DEBUG o.s.beans.factory.support.DefaultListableBeanFactory - Returning cached instance of singleton bean 'haunt'
2017-08-28 17:41:26.645 [main] DEBUG o.s.beans.factory.support.DefaultListableBeanFactory - Invoking afterPropertiesSet() on bean with name 'merchantBankCardService'
2017-08-28 17:41:26.645 [main] DEBUG o.s.beans.factory.support.DefaultListableBeanFactory - Returning cached instance of singleton bean 'com.alibaba.dubbo.config.ApplicationConfig'
2017-08-28 17:41:26.646 [main] DEBUG o.s.beans.factory.support.DefaultListableBeanFactory - Returning cached instance of singleton bean 'com.alibaba.dubbo.config.MonitorConfig'
2017-08-28 17:41:26.649 [main] DEBUG o.s.beans.factory.support.DefaultListableBeanFactory - Finished creating instance of bean 'merchantBankCardService'
2017-08-28 17:41:26.652 [main] INFO  com.youzan.nova.registry.haunt.HauntRegistry -  [Nova] Register: consumer://172.17.11.56/com.youzan.pay.customer.api.BankCardService?application=pay-ucashier&category=consumers&check=false&dubbo=3.0.9-RELEASE&interface=com.youzan.pay.customer.api.BankCardService&logger=slf4j&methods=getBoundBankCard,bindQuackPayCard,bindCard,unbindQuickPayCard,queryBoundQuickPayCard&owner=pay-ucashier&pid=43551&protocol=dubbo&retries=0&revision=0.0.7-20170804-RELEASE&side=consumer&timeout=5000&timestamp=1503913286650, nova version: 3.0.9-RELEASE, current host: 172.17.11.56
2017-08-28 17:41:26.652 [main] INFO  com.youzan.nova.registry.haunt.HauntRegistry -  [Nova] Subscribe: consumer://172.17.11.56/com.youzan.pay.customer.api.BankCardService?application=pay-ucashier&category=providers,configurators,routers&check=false&dubbo=3.0.9-RELEASE&interface=com.youzan.pay.customer.api.BankCardService&logger=slf4j&methods=getBoundBankCard,bindQuackPayCard,bindCard,unbindQuickPayCard,queryBoundQuickPayCard&owner=pay-ucashier&pid=43551&protocol=dubbo&retries=0&revision=0.0.7-20170804-RELEASE&side=consumer&timeout=5000&timestamp=1503913286650, nova version: 3.0.9-RELEASE, current host: 172.17.11.56
2017-08-28 17:41:26.653 [main] INFO  com.youzan.nova.registry.haunt.HauntRegistry -  [Nova] Notify urls for subscribe url consumer://172.17.11.56/com.youzan.pay.customer.api.BankCardService?application=pay-ucashier&category=providers,configurators,routers&check=false&dubbo=3.0.9-RELEASE&interface=com.youzan.pay.customer.api.BankCardService&logger=slf4j&methods=getBoundBankCard,bindQuackPayCard,bindCard,unbindQuickPayCard,queryBoundQuickPayCard&owner=pay-ucashier&pid=43551&protocol=dubbo&retries=0&revision=0.0.7-20170804-RELEASE&side=consumer&timeout=5000&timestamp=1503913286650, urls: [dubbo://172.16.8.185:28081?application=pay-customer&interface=com.youzan.pay.customer.api.BankCardService&methods=bindQuackPayCard,getBoundBankCard,bindCard_2_0_0,unbindQuickPayCard,bindCard,queryBoundQuickPayCard,&timestamp=1503899411797&weight=100, dubbo://10.9.196.183:28081?application=pay-customer&interface=com.youzan.pay.customer.api.BankCardService&methods=bindQuackPayCard,getBoundBankCard,unbindQuickPayCard,bindCard,queryBoundQuickPayCard,&timestamp=1503886744702&weight=100, dubbo://10.9.82.150:28081?application=pay-customer&interface=com.youzan.pay.customer.api.BankCardService&methods=getBoundBankCard,bindQuackPayCard,unbindQuickPayCard,bindCard,queryBoundQuickPayCard,&timestamp=1499329634155&weight=100, empty://172.17.11.56/com.youzan.pay.customer.api.BankCardService?application=pay-ucashier&category=configurators&check=false&dubbo=3.0.9-RELEASE&interface=com.youzan.pay.customer.api.BankCardService&logger=slf4j&methods=getBoundBankCard,bindQuackPayCard,bindCard,unbindQuickPayCard,queryBoundQuickPayCard&owner=pay-ucashier&pid=43551&protocol=dubbo&retries=0&revision=0.0.7-20170804-RELEASE&side=consumer&timeout=5000&timestamp=1503913286650, empty://172.17.11.56/com.youzan.pay.customer.api.BankCardService?application=pay-ucashier&category=routers&check=false&dubbo=3.0.9-RELEASE&interface=com.youzan.pay.customer.api.BankCardService&logger=slf4j&methods=getBoundBankCard,bindQuackPayCard,bindCard,unbindQuickPayCard,queryBoundQuickPayCard&owner=pay-ucashier&pid=43551&protocol=dubbo&retries=0&revision=0.0.7-20170804-RELEASE&side=consumer&timeout=5000&timestamp=1503913286650], nova version: 3.0.9-RELEASE, current host: 172.17.11.56
2017-08-28 17:41:26.691 [main] INFO  com.alibaba.dubbo.remoting.transport.AbstractClient -  [Nova] Successed connect to server /172.16.8.185:28081 from NettyClient 172.17.11.56 using dubbo version 3.0.9-RELEASE, channel is NettyChannel [channel=[id: 0x83f930e5, /172.17.11.56:61407 => /172.16.8.185:28081]], nova version: 3.0.9-RELEASE, current host: 172.17.11.56
2017-08-28 17:41:26.693 [main] INFO  com.alibaba.dubbo.remoting.transport.AbstractClient -  [Nova] Start NettyClient wulonghuideMacBook-Pro.local/172.17.11.56 connect to the server /172.16.8.185:28081, nova version: 3.0.9-RELEASE, current host: 172.17.11.56
2017-08-28 17:41:26.739 [main] INFO  com.alibaba.dubbo.remoting.transport.AbstractClient -  [Nova] Successed connect to server /10.9.196.183:28081 from NettyClient 172.17.11.56 using dubbo version 3.0.9-RELEASE, channel is NettyChannel [channel=[id: 0x3e07c8eb, /172.17.11.56:61408 => /10.9.196.183:28081]], nova version: 3.0.9-RELEASE, current host: 172.17.11.56
2017-08-28 17:41:26.741 [main] INFO  com.alibaba.dubbo.remoting.transport.AbstractClient -  [Nova] Start NettyClient wulonghuideMacBook-Pro.local/172.17.11.56 connect to the server /10.9.196.183:28081, nova version: 3.0.9-RELEASE, current host: 172.17.11.56
2017-08-28 17:41:26.779 [main] INFO  com.alibaba.dubbo.remoting.transport.AbstractClient -  [Nova] Successed connect to server /10.9.82.150:28081 from NettyClient 172.17.11.56 using dubbo version 3.0.9-RELEASE, channel is NettyChannel [channel=[id: 0x6ad56101, /172.17.11.56:61409 => /10.9.82.150:28081]], nova version: 3.0.9-RELEASE, current host: 172.17.11.56
2017-08-28 17:41:26.780 [main] INFO  com.alibaba.dubbo.remoting.transport.AbstractClient -  [Nova] Start NettyClient wulonghuideMacBook-Pro.local/172.17.11.56 connect to the server /10.9.82.150:28081, nova version: 3.0.9-RELEASE, current host: 172.17.11.56
2017-08-28 17:41:26.781 [main] INFO  com.alibaba.dubbo.config.AbstractConfig -  [Nova] Refer dubbo service com.youzan.pay.customer.api.BankCardService from url haunt://etcd-dev.s.qima-inc.com:2379/com.alibaba.dubbo.registry.RegistryService?application=pay-ucashier&check=false&dubbo=3.0.9-RELEASE&interface=com.youzan.pay.customer.api.BankCardService&logger=slf4j&methods=getBoundBankCard,bindQuackPayCard,bindCard,unbindQuickPayCard,queryBoundQuickPayCard&monitor=http%3A%2F%2Fhawk-dev.s.qima-inc.com%3A80%3Fdubbo%3D3.0.9-RELEASE%26interface%3Dcom.alibaba.dubbo.monitor.MonitorService%26pid%3D43551%26timestamp%3D1503913286651&owner=pay-ucashier&pid=43551&protocol=dubbo&retries=0&revision=0.0.7-20170804-RELEASE&side=consumer&timeout=5000&timestamp=1503913286650&weight=100, nova version: 3.0.9-RELEASE, current host: 172.17.11.56
2017-08-28 17:41:26.802 [main] DEBUG o.s.beans.factory.support.DefaultListableBeanFactory - Finished creating instance of bean 'merchantBankCardServiceClient'
2017-08-28 17:41:26.802 [main] DEBUG o.s.beans.factory.support.DefaultListableBeanFactory - Creating shared instance of singleton bean 'microAccoutServiceClient'
2017-08-28 17:41:26.802 [main] DEBUG o.s.beans.factory.support.DefaultListableBeanFactory - Creating instance of bean 'microAccoutServiceClient'
2017-08-28 17:41:26.802 [main] DEBUG o.s.beans.factory.annotation.InjectionMetadata - Registered injected element on class [com.youzan.pay.unified.cashier.intergration.client.MicroAccoutServiceClient]: ResourceElement for private com.youzan.pay.microaccount.prepaidcard.service.AccountService com.youzan.pay.unified.cashier.intergration.client.MicroAccoutServiceClient.accountService
2017-08-28 17:41:26.802 [main] DEBUG o.s.beans.factory.support.DefaultListableBeanFactory - Eagerly caching bean 'microAccoutServiceClient' to allow for resolving potential circular references
2017-08-28 17:41:26.803 [main] DEBUG o.s.beans.factory.annotation.InjectionMetadata - Processing injected element of bean 'microAccoutServiceClient': ResourceElement for private com.youzan.pay.microaccount.prepaidcard.service.AccountService com.youzan.pay.unified.cashier.intergration.client.MicroAccoutServiceClient.accountService
2017-08-28 17:41:26.803 [main] DEBUG o.s.beans.factory.support.DefaultListableBeanFactory - Creating shared instance of singleton bean 'accountService'
2017-08-28 17:41:26.803 [main] DEBUG o.s.beans.factory.support.DefaultListableBeanFactory - Creating instance of bean 'accountService'
2017-08-28 17:41:26.804 [main] DEBUG o.s.beans.factory.support.DefaultListableBeanFactory - Eagerly caching bean 'accountService' to allow for resolving potential circular references
2017-08-28 17:41:26.805 [main] DEBUG o.s.beans.factory.support.DefaultListableBeanFactory - Returning cached instance of singleton bean 'haunt'
2017-08-28 17:41:26.805 [main] DEBUG o.s.beans.factory.support.DefaultListableBeanFactory - Invoking afterPropertiesSet() on bean with name 'accountService'
2017-08-28 17:41:26.806 [main] DEBUG o.s.beans.factory.support.DefaultListableBeanFactory - Returning cached instance of singleton bean 'com.alibaba.dubbo.config.ApplicationConfig'
2017-08-28 17:41:26.807 [main] DEBUG o.s.beans.factory.support.DefaultListableBeanFactory - Returning cached instance of singleton bean 'com.alibaba.dubbo.config.MonitorConfig'
2017-08-28 17:41:26.810 [main] DEBUG o.s.beans.factory.support.DefaultListableBeanFactory - Finished creating instance of bean 'accountService'
2017-08-28 17:41:26.812 [main] INFO  com.youzan.nova.registry.haunt.HauntRegistry -  [Nova] Register: consumer://172.17.11.56/com.youzan.pay.microaccount.prepaidcard.service.AccountService?application=pay-ucashier&category=consumers&check=false&dubbo=3.0.9-RELEASE&interface=com.youzan.pay.microaccount.prepaidcard.service.AccountService&logger=slf4j&methods=getAccountByRefundNo,getAccountByPaymentNo,getAccountByRechargeNo,unfreeze,getAccountLogPaging,getPayAccount,freeze,getBatchOfBByUsers,getAccountLog,getAccountByUserNos,get&owner=pay-ucashier&pid=43551&protocol=dubbo&retries=0&revision=0.2.6-20170801-SNAPSHOT&side=consumer&timeout=5000&timestamp=1503913286811, nova version: 3.0.9-RELEASE, current host: 172.17.11.56
2017-08-28 17:41:26.812 [main] INFO  com.youzan.nova.registry.haunt.HauntRegistry -  [Nova] Subscribe: consumer://172.17.11.56/com.youzan.pay.microaccount.prepaidcard.service.AccountService?application=pay-ucashier&category=providers,configurators,routers&check=false&dubbo=3.0.9-RELEASE&interface=com.youzan.pay.microaccount.prepaidcard.service.AccountService&logger=slf4j&methods=getAccountByRefundNo,getAccountByPaymentNo,getAccountByRechargeNo,unfreeze,getAccountLogPaging,getPayAccount,freeze,getBatchOfBByUsers,getAccountLog,getAccountByUserNos,get&owner=pay-ucashier&pid=43551&protocol=dubbo&retries=0&revision=0.2.6-20170801-SNAPSHOT&side=consumer&timeout=5000&timestamp=1503913286811, nova version: 3.0.9-RELEASE, current host: 172.17.11.56
2017-08-28 17:41:26.813 [main] INFO  com.youzan.nova.registry.haunt.HauntRegistry -  [Nova] Notify urls for subscribe url consumer://172.17.11.56/com.youzan.pay.microaccount.prepaidcard.service.AccountService?application=pay-ucashier&category=providers,configurators,routers&check=false&dubbo=3.0.9-RELEASE&interface=com.youzan.pay.microaccount.prepaidcard.service.AccountService&logger=slf4j&methods=getAccountByRefundNo,getAccountByPaymentNo,getAccountByRechargeNo,unfreeze,getAccountLogPaging,getPayAccount,freeze,getBatchOfBByUsers,getAccountLog,getAccountByUserNos,get&owner=pay-ucashier&pid=43551&protocol=dubbo&retries=0&revision=0.2.6-20170801-SNAPSHOT&side=consumer&timeout=5000&timestamp=1503913286811, urls: [empty://172.17.11.56/com.youzan.pay.microaccount.prepaidcard.service.AccountService?application=pay-ucashier&category=providers&check=false&dubbo=3.0.9-RELEASE&interface=com.youzan.pay.microaccount.prepaidcard.service.AccountService&logger=slf4j&methods=getAccountByRefundNo,getAccountByPaymentNo,getAccountByRechargeNo,unfreeze,getAccountLogPaging,getPayAccount,freeze,getBatchOfBByUsers,getAccountLog,getAccountByUserNos,get&owner=pay-ucashier&pid=43551&protocol=dubbo&retries=0&revision=0.2.6-20170801-SNAPSHOT&side=consumer&timeout=5000&timestamp=1503913286811, empty://172.17.11.56/com.youzan.pay.microaccount.prepaidcard.service.AccountService?application=pay-ucashier&category=configurators&check=false&dubbo=3.0.9-RELEASE&interface=com.youzan.pay.microaccount.prepaidcard.service.AccountService&logger=slf4j&methods=getAccountByRefundNo,getAccountByPaymentNo,getAccountByRechargeNo,unfreeze,getAccountLogPaging,getPayAccount,freeze,getBatchOfBByUsers,getAccountLog,getAccountByUserNos,get&owner=pay-ucashier&pid=43551&protocol=dubbo&retries=0&revision=0.2.6-20170801-SNAPSHOT&side=consumer&timeout=5000&timestamp=1503913286811, empty://172.17.11.56/com.youzan.pay.microaccount.prepaidcard.service.AccountService?application=pay-ucashier&category=routers&check=false&dubbo=3.0.9-RELEASE&interface=com.youzan.pay.microaccount.prepaidcard.service.AccountService&logger=slf4j&methods=getAccountByRefundNo,getAccountByPaymentNo,getAccountByRechargeNo,unfreeze,getAccountLogPaging,getPayAccount,freeze,getBatchOfBByUsers,getAccountLog,getAccountByUserNos,get&owner=pay-ucashier&pid=43551&protocol=dubbo&retries=0&revision=0.2.6-20170801-SNAPSHOT&side=consumer&timeout=5000&timestamp=1503913286811], nova version: 3.0.9-RELEASE, current host: 172.17.11.56
2017-08-28 17:41:26.813 [main] INFO  com.alibaba.dubbo.config.AbstractConfig -  [Nova] Refer dubbo service com.youzan.pay.microaccount.prepaidcard.service.AccountService from url haunt://etcd-dev.s.qima-inc.com:2379/com.alibaba.dubbo.registry.RegistryService?application=pay-ucashier&check=false&dubbo=3.0.9-RELEASE&interface=com.youzan.pay.microaccount.prepaidcard.service.AccountService&logger=slf4j&methods=getAccountByRefundNo,getAccountByPaymentNo,getAccountByRechargeNo,unfreeze,getAccountLogPaging,getPayAccount,freeze,getBatchOfBByUsers,getAccountLog,getAccountByUserNos,get&owner=pay-ucashier&pid=43551&protocol=dubbo&retries=0&revision=0.2.6-20170801-SNAPSHOT&side=consumer&timeout=5000&timestamp=1503913286811, nova version: 3.0.9-RELEASE, current host: 172.17.11.56
2017-08-28 17:41:26.868 [main] DEBUG o.s.beans.factory.support.DefaultListableBeanFactory - Finished creating instance of bean 'microAccoutServiceClient'
2017-08-28 17:41:26.869 [main] DEBUG o.s.beans.factory.support.DefaultListableBeanFactory - Creating shared instance of singleton bean 'queryPayToolConfigServiceClient'
2017-08-28 17:41:26.869 [main] DEBUG o.s.beans.factory.support.DefaultListableBeanFactory - Creating instance of bean 'queryPayToolConfigServiceClient'
2017-08-28 17:41:26.869 [main] DEBUG o.s.beans.factory.annotation.InjectionMetadata - Registered injected element on class [com.youzan.pay.unified.cashier.intergration.client.QueryPayToolConfigServiceClient]: ResourceElement for private com.youzan.pay.customer.api.PayToolsService com.youzan.pay.unified.cashier.intergration.client.QueryPayToolConfigServiceClient.payToolsService
2017-08-28 17:41:26.870 [main] DEBUG o.s.beans.factory.annotation.InjectionMetadata - Registered injected element on class [com.youzan.pay.unified.cashier.intergration.client.QueryPayToolConfigServiceClient]: ResourceElement for private com.youzan.account.api.UserMerchantService com.youzan.pay.unified.cashier.intergration.client.QueryPayToolConfigServiceClient.userMerchantService
2017-08-28 17:41:26.870 [main] DEBUG o.s.beans.factory.annotation.InjectionMetadata - Registered injected element on class [com.youzan.pay.unified.cashier.intergration.client.QueryPayToolConfigServiceClient]: ResourceElement for private com.youzan.pay.core.cache.redis.RedisCacheManager com.youzan.pay.unified.cashier.intergration.client.QueryPayToolConfigServiceClient.redisCacheManager
2017-08-28 17:41:26.870 [main] DEBUG o.s.beans.factory.support.DefaultListableBeanFactory - Eagerly caching bean 'queryPayToolConfigServiceClient' to allow for resolving potential circular references
2017-08-28 17:41:26.870 [main] DEBUG o.s.beans.factory.annotation.InjectionMetadata - Processing injected element of bean 'queryPayToolConfigServiceClient': ResourceElement for private com.youzan.pay.customer.api.PayToolsService com.youzan.pay.unified.cashier.intergration.client.QueryPayToolConfigServiceClient.payToolsService
2017-08-28 17:41:26.870 [main] DEBUG o.s.beans.factory.support.DefaultListableBeanFactory - Creating shared instance of singleton bean 'payToolsService'
2017-08-28 17:41:26.870 [main] DEBUG o.s.beans.factory.support.DefaultListableBeanFactory - Creating instance of bean 'payToolsService'
2017-08-28 17:41:26.871 [main] DEBUG o.s.beans.factory.support.DefaultListableBeanFactory - Eagerly caching bean 'payToolsService' to allow for resolving potential circular references
2017-08-28 17:41:26.871 [main] DEBUG o.s.beans.factory.support.DefaultListableBeanFactory - Returning cached instance of singleton bean 'haunt'
2017-08-28 17:41:26.872 [main] DEBUG o.s.beans.factory.support.DefaultListableBeanFactory - Invoking afterPropertiesSet() on bean with name 'payToolsService'
2017-08-28 17:41:26.872 [main] DEBUG o.s.beans.factory.support.DefaultListableBeanFactory - Returning cached instance of singleton bean 'com.alibaba.dubbo.config.ApplicationConfig'
2017-08-28 17:41:26.873 [main] DEBUG o.s.beans.factory.support.DefaultListableBeanFactory - Returning cached instance of singleton bean 'com.alibaba.dubbo.config.MonitorConfig'
2017-08-28 17:41:26.876 [main] DEBUG o.s.beans.factory.support.DefaultListableBeanFactory - Finished creating instance of bean 'payToolsService'
2017-08-28 17:41:26.878 [main] INFO  com.youzan.nova.registry.haunt.HauntRegistry -  [Nova] Register: consumer://172.17.11.56/com.youzan.pay.customer.api.PayToolsService?application=pay-ucashier&category=consumers&check=false&dubbo=3.0.9-RELEASE&interface=com.youzan.pay.customer.api.PayToolsService&logger=slf4j&methods=getAvailablePayToolList&owner=pay-ucashier&pid=43551&protocol=dubbo&retries=0&revision=0.0.7-20170804-RELEASE&side=consumer&timeout=5000&timestamp=1503913286877, nova version: 3.0.9-RELEASE, current host: 172.17.11.56
2017-08-28 17:41:26.879 [main] INFO  com.youzan.nova.registry.haunt.HauntRegistry -  [Nova] Subscribe: consumer://172.17.11.56/com.youzan.pay.customer.api.PayToolsService?application=pay-ucashier&category=providers,configurators,routers&check=false&dubbo=3.0.9-RELEASE&interface=com.youzan.pay.customer.api.PayToolsService&logger=slf4j&methods=getAvailablePayToolList&owner=pay-ucashier&pid=43551&protocol=dubbo&retries=0&revision=0.0.7-20170804-RELEASE&side=consumer&timeout=5000&timestamp=1503913286877, nova version: 3.0.9-RELEASE, current host: 172.17.11.56
2017-08-28 17:41:26.879 [main] INFO  com.youzan.nova.registry.haunt.HauntRegistry -  [Nova] Notify urls for subscribe url consumer://172.17.11.56/com.youzan.pay.customer.api.PayToolsService?application=pay-ucashier&category=providers,configurators,routers&check=false&dubbo=3.0.9-RELEASE&interface=com.youzan.pay.customer.api.PayToolsService&logger=slf4j&methods=getAvailablePayToolList&owner=pay-ucashier&pid=43551&protocol=dubbo&retries=0&revision=0.0.7-20170804-RELEASE&side=consumer&timeout=5000&timestamp=1503913286877, urls: [dubbo://172.16.8.185:28081?application=pay-customer&interface=com.youzan.pay.customer.api.PayToolsService&methods=getAvailablePayToolList,&timestamp=1503899423630&weight=100, dubbo://10.9.196.183:28081?application=pay-customer&interface=com.youzan.pay.customer.api.PayToolsService&methods=getAvailablePayToolList,&timestamp=1503886744850&weight=100, empty://172.17.11.56/com.youzan.pay.customer.api.PayToolsService?application=pay-ucashier&category=configurators&check=false&dubbo=3.0.9-RELEASE&interface=com.youzan.pay.customer.api.PayToolsService&logger=slf4j&methods=getAvailablePayToolList&owner=pay-ucashier&pid=43551&protocol=dubbo&retries=0&revision=0.0.7-20170804-RELEASE&side=consumer&timeout=5000&timestamp=1503913286877, empty://172.17.11.56/com.youzan.pay.customer.api.PayToolsService?application=pay-ucashier&category=routers&check=false&dubbo=3.0.9-RELEASE&interface=com.youzan.pay.customer.api.PayToolsService&logger=slf4j&methods=getAvailablePayToolList&owner=pay-ucashier&pid=43551&protocol=dubbo&retries=0&revision=0.0.7-20170804-RELEASE&side=consumer&timeout=5000&timestamp=1503913286877], nova version: 3.0.9-RELEASE, current host: 172.17.11.56
2017-08-28 17:41:26.880 [main] INFO  com.alibaba.dubbo.config.AbstractConfig -  [Nova] Refer dubbo service com.youzan.pay.customer.api.PayToolsService from url haunt://etcd-dev.s.qima-inc.com:2379/com.alibaba.dubbo.registry.RegistryService?application=pay-ucashier&check=false&dubbo=3.0.9-RELEASE&interface=com.youzan.pay.customer.api.PayToolsService&logger=slf4j&methods=getAvailablePayToolList&monitor=http%3A%2F%2Fhawk-dev.s.qima-inc.com%3A80%3Fdubbo%3D3.0.9-RELEASE%26interface%3Dcom.alibaba.dubbo.monitor.MonitorService%26pid%3D43551%26timestamp%3D1503913286878&owner=pay-ucashier&pid=43551&protocol=dubbo&retries=0&revision=0.0.7-20170804-RELEASE&side=consumer&timeout=5000&timestamp=1503913286877&weight=100, nova version: 3.0.9-RELEASE, current host: 172.17.11.56
2017-08-28 17:41:26.887 [main] DEBUG o.s.beans.factory.annotation.InjectionMetadata - Processing injected element of bean 'queryPayToolConfigServiceClient': ResourceElement for private com.youzan.account.api.UserMerchantService com.youzan.pay.unified.cashier.intergration.client.QueryPayToolConfigServiceClient.userMerchantService
2017-08-28 17:41:26.887 [main] DEBUG o.s.beans.factory.support.DefaultListableBeanFactory - Creating shared instance of singleton bean 'userMerchantService'
2017-08-28 17:41:26.887 [main] DEBUG o.s.beans.factory.support.DefaultListableBeanFactory - Creating instance of bean 'userMerchantService'
2017-08-28 17:41:26.888 [main] DEBUG o.s.beans.factory.support.DefaultListableBeanFactory - Eagerly caching bean 'userMerchantService' to allow for resolving potential circular references
2017-08-28 17:41:26.888 [main] DEBUG o.s.beans.factory.support.DefaultListableBeanFactory - Returning cached instance of singleton bean 'haunt'
2017-08-28 17:41:26.888 [main] DEBUG o.s.beans.factory.support.DefaultListableBeanFactory - Invoking afterPropertiesSet() on bean with name 'userMerchantService'
2017-08-28 17:41:26.889 [main] DEBUG o.s.beans.factory.support.DefaultListableBeanFactory - Returning cached instance of singleton bean 'com.alibaba.dubbo.config.ApplicationConfig'
2017-08-28 17:41:26.889 [main] DEBUG o.s.beans.factory.support.DefaultListableBeanFactory - Returning cached instance of singleton bean 'com.alibaba.dubbo.config.MonitorConfig'
2017-08-28 17:41:26.892 [main] DEBUG o.s.beans.factory.support.DefaultListableBeanFactory - Finished creating instance of bean 'userMerchantService'
2017-08-28 17:41:26.895 [main] INFO  com.youzan.nova.registry.haunt.HauntRegistry -  [Nova] Register: consumer://172.17.11.56/com.youzan.account.api.UserMerchantService?application=pay-ucashier&category=consumers&check=false&dubbo=3.0.9-RELEASE&interface=com.youzan.account.api.UserMerchantService&logger=slf4j&methods=getMerchantIdSingleUserId,queryUserIdByMerchantId,getMerchantIdsBatch&owner=pay-ucashier&pid=43551&protocol=dubbo&retries=0&revision=1.1.16-RELEASE&side=consumer&timeout=5000&timestamp=1503913286894, nova version: 3.0.9-RELEASE, current host: 172.17.11.56
2017-08-28 17:41:26.895 [main] INFO  com.youzan.nova.registry.haunt.HauntRegistry -  [Nova] Subscribe: consumer://172.17.11.56/com.youzan.account.api.UserMerchantService?application=pay-ucashier&category=providers,configurators,routers&check=false&dubbo=3.0.9-RELEASE&interface=com.youzan.account.api.UserMerchantService&logger=slf4j&methods=getMerchantIdSingleUserId,queryUserIdByMerchantId,getMerchantIdsBatch&owner=pay-ucashier&pid=43551&protocol=dubbo&retries=0&revision=1.1.16-RELEASE&side=consumer&timeout=5000&timestamp=1503913286894, nova version: 3.0.9-RELEASE, current host: 172.17.11.56
2017-08-28 17:41:26.896 [main] INFO  com.youzan.nova.registry.haunt.HauntRegistry -  [Nova] Notify urls for subscribe url consumer://172.17.11.56/com.youzan.account.api.UserMerchantService?application=pay-ucashier&category=providers,configurators,routers&check=false&dubbo=3.0.9-RELEASE&interface=com.youzan.account.api.UserMerchantService&logger=slf4j&methods=getMerchantIdSingleUserId,queryUserIdByMerchantId,getMerchantIdsBatch&owner=pay-ucashier&pid=43551&protocol=dubbo&retries=0&revision=1.1.16-RELEASE&side=consumer&timeout=5000&timestamp=1503913286894, urls: [dubbo://10.9.75.207:20881?application=account&interface=com.youzan.account.api.UserMerchantService&methods=getMerchantIdSingleUserId,queryUserIdByMerchantId,getMerchantIdsBatch,&timestamp=1502275196151&weight=100, dubbo://172.17.12.196:20881?application=account&interface=com.youzan.account.api.UserMerchantService&methods=getMerchantIdSingleUserId,queryUserIdByMerchantId,getMerchantIdsBatch,&timestamp=1503911345384&weight=100, empty://172.17.11.56/com.youzan.account.api.UserMerchantService?application=pay-ucashier&category=configurators&check=false&dubbo=3.0.9-RELEASE&interface=com.youzan.account.api.UserMerchantService&logger=slf4j&methods=getMerchantIdSingleUserId,queryUserIdByMerchantId,getMerchantIdsBatch&owner=pay-ucashier&pid=43551&protocol=dubbo&retries=0&revision=1.1.16-RELEASE&side=consumer&timeout=5000&timestamp=1503913286894, empty://172.17.11.56/com.youzan.account.api.UserMerchantService?application=pay-ucashier&category=routers&check=false&dubbo=3.0.9-RELEASE&interface=com.youzan.account.api.UserMerchantService&logger=slf4j&methods=getMerchantIdSingleUserId,queryUserIdByMerchantId,getMerchantIdsBatch&owner=pay-ucashier&pid=43551&protocol=dubbo&retries=0&revision=1.1.16-RELEASE&side=consumer&timeout=5000&timestamp=1503913286894], nova version: 3.0.9-RELEASE, current host: 172.17.11.56
2017-08-28 17:41:26.928 [main] INFO  com.alibaba.dubbo.remoting.transport.AbstractClient -  [Nova] Successed connect to server /10.9.75.207:20881 from NettyClient 172.17.11.56 using dubbo version 3.0.9-RELEASE, channel is NettyChannel [channel=[id: 0xd08fc877, /172.17.11.56:61410 => /10.9.75.207:20881]], nova version: 3.0.9-RELEASE, current host: 172.17.11.56
2017-08-28 17:41:26.929 [main] INFO  com.alibaba.dubbo.remoting.transport.AbstractClient -  [Nova] Start NettyClient wulonghuideMacBook-Pro.local/172.17.11.56 connect to the server /10.9.75.207:20881, nova version: 3.0.9-RELEASE, current host: 172.17.11.56
2017-08-28 17:41:26.939 [main] INFO  com.alibaba.dubbo.remoting.transport.AbstractClient -  [Nova] Successed connect to server /172.17.12.196:20881 from NettyClient 172.17.11.56 using dubbo version 3.0.9-RELEASE, channel is NettyChannel [channel=[id: 0xddf263b1, /172.17.11.56:61411 => /172.17.12.196:20881]], nova version: 3.0.9-RELEASE, current host: 172.17.11.56
2017-08-28 17:41:26.940 [main] INFO  com.alibaba.dubbo.remoting.transport.AbstractClient -  [Nova] Start NettyClient wulonghuideMacBook-Pro.local/172.17.11.56 connect to the server /172.17.12.196:20881, nova version: 3.0.9-RELEASE, current host: 172.17.11.56
2017-08-28 17:41:26.940 [main] INFO  com.alibaba.dubbo.config.AbstractConfig -  [Nova] Refer dubbo service com.youzan.account.api.UserMerchantService from url haunt://etcd-dev.s.qima-inc.com:2379/com.alibaba.dubbo.registry.RegistryService?application=pay-ucashier&check=false&dubbo=3.0.9-RELEASE&interface=com.youzan.account.api.UserMerchantService&logger=slf4j&methods=getMerchantIdSingleUserId,queryUserIdByMerchantId,getMerchantIdsBatch&monitor=http%3A%2F%2Fhawk-dev.s.qima-inc.com%3A80%3Fdubbo%3D3.0.9-RELEASE%26interface%3Dcom.alibaba.dubbo.monitor.MonitorService%26pid%3D43551%26timestamp%3D1503913286895&owner=pay-ucashier&pid=43551&protocol=dubbo&retries=0&revision=1.1.16-RELEASE&side=consumer&timeout=5000&timestamp=1503913286894&weight=100, nova version: 3.0.9-RELEASE, current host: 172.17.11.56
2017-08-28 17:41:26.949 [main] DEBUG o.s.beans.factory.annotation.InjectionMetadata - Processing injected element of bean 'queryPayToolConfigServiceClient': ResourceElement for private com.youzan.pay.core.cache.redis.RedisCacheManager com.youzan.pay.unified.cashier.intergration.client.QueryPayToolConfigServiceClient.redisCacheManager
2017-08-28 17:41:26.950 [main] DEBUG o.s.beans.factory.support.DefaultListableBeanFactory - Creating shared instance of singleton bean 'signKeyService'
2017-08-28 17:41:26.950 [main] DEBUG o.s.beans.factory.support.DefaultListableBeanFactory - Creating instance of bean 'signKeyService'
2017-08-28 17:41:26.951 [main] DEBUG o.s.beans.factory.support.DefaultListableBeanFactory - Eagerly caching bean 'signKeyService' to allow for resolving potential circular references
2017-08-28 17:41:26.952 [main] DEBUG o.s.beans.factory.support.DefaultListableBeanFactory - Returning cached instance of singleton bean 'haunt'
2017-08-28 17:41:26.952 [main] DEBUG o.s.beans.factory.support.DefaultListableBeanFactory - Invoking afterPropertiesSet() on bean with name 'signKeyService'
2017-08-28 17:41:26.953 [main] DEBUG o.s.beans.factory.support.DefaultListableBeanFactory - Returning cached instance of singleton bean 'com.alibaba.dubbo.config.ApplicationConfig'
2017-08-28 17:41:26.953 [main] DEBUG o.s.beans.factory.support.DefaultListableBeanFactory - Returning cached instance of singleton bean 'com.alibaba.dubbo.config.MonitorConfig'
2017-08-28 17:41:26.956 [main] DEBUG o.s.beans.factory.support.DefaultListableBeanFactory - Finished creating instance of bean 'signKeyService'
2017-08-28 17:41:26.956 [main] DEBUG o.s.beans.factory.support.DefaultListableBeanFactory - Creating shared instance of singleton bean 'merchantConfigService'
2017-08-28 17:41:26.956 [main] DEBUG o.s.beans.factory.support.DefaultListableBeanFactory - Creating instance of bean 'merchantConfigService'
2017-08-28 17:41:26.957 [main] DEBUG o.s.beans.factory.support.DefaultListableBeanFactory - Eagerly caching bean 'merchantConfigService' to allow for resolving potential circular references
2017-08-28 17:41:26.957 [main] DEBUG o.s.beans.factory.support.DefaultListableBeanFactory - Returning cached instance of singleton bean 'haunt'
2017-08-28 17:41:26.958 [main] DEBUG o.s.beans.factory.support.DefaultListableBeanFactory - Invoking afterPropertiesSet() on bean with name 'merchantConfigService'
2017-08-28 17:41:26.958 [main] DEBUG o.s.beans.factory.support.DefaultListableBeanFactory - Returning cached instance of singleton bean 'com.alibaba.dubbo.config.ApplicationConfig'
2017-08-28 17:41:26.959 [main] DEBUG o.s.beans.factory.support.DefaultListableBeanFactory - Returning cached instance of singleton bean 'com.alibaba.dubbo.config.MonitorConfig'
2017-08-28 17:41:26.962 [main] DEBUG o.s.beans.factory.support.DefaultListableBeanFactory - Finished creating instance of bean 'merchantConfigService'
2017-08-28 17:41:26.962 [main] DEBUG o.s.beans.factory.support.DefaultListableBeanFactory - Creating shared instance of singleton bean 'unifiedOrderQueryService'
2017-08-28 17:41:26.962 [main] DEBUG o.s.beans.factory.support.DefaultListableBeanFactory - Creating instance of bean 'unifiedOrderQueryService'
2017-08-28 17:41:26.964 [main] DEBUG o.s.beans.factory.support.DefaultListableBeanFactory - Eagerly caching bean 'unifiedOrderQueryService' to allow for resolving potential circular references
2017-08-28 17:41:26.964 [main] DEBUG o.s.beans.factory.support.DefaultListableBeanFactory - Returning cached instance of singleton bean 'haunt'
2017-08-28 17:41:26.964 [main] DEBUG o.s.beans.factory.support.DefaultListableBeanFactory - Invoking afterPropertiesSet() on bean with name 'unifiedOrderQueryService'
2017-08-28 17:41:26.965 [main] DEBUG o.s.beans.factory.support.DefaultListableBeanFactory - Returning cached instance of singleton bean 'com.alibaba.dubbo.config.ApplicationConfig'
2017-08-28 17:41:26.966 [main] DEBUG o.s.beans.factory.support.DefaultListableBeanFactory - Returning cached instance of singleton bean 'com.alibaba.dubbo.config.MonitorConfig'
2017-08-28 17:41:26.975 [main] DEBUG o.s.beans.factory.support.DefaultListableBeanFactory - Finished creating instance of bean 'unifiedOrderQueryService'
2017-08-28 17:41:26.977 [main] DEBUG o.s.beans.factory.support.DefaultListableBeanFactory - Creating shared instance of singleton bean 'unifiedOrderService'
2017-08-28 17:41:26.979 [main] DEBUG o.s.beans.factory.support.DefaultListableBeanFactory - Creating instance of bean 'unifiedOrderService'
2017-08-28 17:41:26.982 [main] DEBUG o.s.beans.factory.support.DefaultListableBeanFactory - Eagerly caching bean 'unifiedOrderService' to allow for resolving potential circular references
2017-08-28 17:41:26.986 [main] DEBUG o.s.beans.factory.support.DefaultListableBeanFactory - Returning cached instance of singleton bean 'haunt'
2017-08-28 17:41:26.990 [main] DEBUG o.s.beans.factory.support.DefaultListableBeanFactory - Invoking afterPropertiesSet() on bean with name 'unifiedOrderService'
2017-08-28 17:41:26.991 [main] DEBUG o.s.beans.factory.support.DefaultListableBeanFactory - Returning cached instance of singleton bean 'com.alibaba.dubbo.config.ApplicationConfig'
2017-08-28 17:41:26.992 [main] DEBUG o.s.beans.factory.support.DefaultListableBeanFactory - Returning cached instance of singleton bean 'com.alibaba.dubbo.config.MonitorConfig'
2017-08-28 17:41:26.995 [main] DEBUG o.s.beans.factory.support.DefaultListableBeanFactory - Finished creating instance of bean 'unifiedOrderService'
2017-08-28 17:41:26.996 [main] DEBUG o.s.beans.factory.support.DefaultListableBeanFactory - Creating shared instance of singleton bean 'summaryCardQueryService'
2017-08-28 17:41:26.996 [main] DEBUG o.s.beans.factory.support.DefaultListableBeanFactory - Creating instance of bean 'summaryCardQueryService'
2017-08-28 17:41:26.997 [main] DEBUG o.s.beans.factory.support.DefaultListableBeanFactory - Eagerly caching bean 'summaryCardQueryService' to allow for resolving potential circular references
2017-08-28 17:41:26.998 [main] DEBUG o.s.beans.factory.support.DefaultListableBeanFactory - Returning cached instance of singleton bean 'haunt'
2017-08-28 17:41:26.998 [main] DEBUG o.s.beans.factory.support.DefaultListableBeanFactory - Invoking afterPropertiesSet() on bean with name 'summaryCardQueryService'
2017-08-28 17:41:26.999 [main] DEBUG o.s.beans.factory.support.DefaultListableBeanFactory - Returning cached instance of singleton bean 'com.alibaba.dubbo.config.ApplicationConfig'
2017-08-28 17:41:27.000 [main] DEBUG o.s.beans.factory.support.DefaultListableBeanFactory - Returning cached instance of singleton bean 'com.alibaba.dubbo.config.MonitorConfig'
2017-08-28 17:41:27.006 [main] DEBUG o.s.beans.factory.support.DefaultListableBeanFactory - Finished creating instance of bean 'summaryCardQueryService'
2017-08-28 17:41:27.008 [main] WARN  o.s.context.support.GenericApplicationContext - Exception encountered during context initialization - cancelling refresh attempt
org.springframework.beans.factory.BeanCreationException: Error creating bean with name 'queryPayToolConfigServiceClient': Injection of resource dependencies failed; nested exception is org.springframework.beans.factory.NoSuchBeanDefinitionException: No qualifying bean of type [com.youzan.pay.core.cache.redis.RedisCacheManager] found for dependency: expected at least 1 bean which qualifies as autowire candidate for this dependency. Dependency annotations: {@javax.annotation.Resource(shareable=true, lookup=, name=, description=, authenticationType=CONTAINER, type=class java.lang.Object, mappedName=)}
	at org.springframework.context.annotation.CommonAnnotationBeanPostProcessor.postProcessPropertyValues(CommonAnnotationBeanPostProcessor.java:307) ~[spring-context-3.2.13.RELEASE.jar:3.2.13.RELEASE]
	at org.springframework.beans.factory.support.AbstractAutowireCapableBeanFactory.populateBean(AbstractAutowireCapableBeanFactory.java:1148) ~[spring-beans-3.2.13.RELEASE.jar:3.2.13.RELEASE]
	at org.springframework.beans.factory.support.AbstractAutowireCapableBeanFactory.doCreateBean(AbstractAutowireCapableBeanFactory.java:519) ~[spring-beans-3.2.13.RELEASE.jar:3.2.13.RELEASE]
	at org.springframework.beans.factory.support.AbstractAutowireCapableBeanFactory.createBean(AbstractAutowireCapableBeanFactory.java:458) ~[spring-beans-3.2.13.RELEASE.jar:3.2.13.RELEASE]
	at org.springframework.beans.factory.support.AbstractBeanFactory$1.getObject(AbstractBeanFactory.java:293) ~[spring-beans-3.2.13.RELEASE.jar:3.2.13.RELEASE]
	at org.springframework.beans.factory.support.DefaultSingletonBeanRegistry.getSingleton(DefaultSingletonBeanRegistry.java:223) ~[spring-beans-3.2.13.RELEASE.jar:3.2.13.RELEASE]
	at org.springframework.beans.factory.support.AbstractBeanFactory.doGetBean(AbstractBeanFactory.java:290) ~[spring-beans-3.2.13.RELEASE.jar:3.2.13.RELEASE]
	at org.springframework.beans.factory.support.AbstractBeanFactory.getBean(AbstractBeanFactory.java:191) ~[spring-beans-3.2.13.RELEASE.jar:3.2.13.RELEASE]
	at org.springframework.beans.factory.support.DefaultListableBeanFactory.preInstantiateSingletons(DefaultListableBeanFactory.java:636) ~[spring-beans-3.2.13.RELEASE.jar:3.2.13.RELEASE]
	at org.springframework.context.support.AbstractApplicationContext.finishBeanFactoryInitialization(AbstractApplicationContext.java:934) ~[spring-context-3.2.13.RELEASE.jar:3.2.13.RELEASE]
	at org.springframework.context.support.AbstractApplicationContext.refresh(AbstractApplicationContext.java:479) ~[spring-context-3.2.13.RELEASE.jar:3.2.13.RELEASE]
	at org.springframework.test.context.support.AbstractGenericContextLoader.loadContext(AbstractGenericContextLoader.java:120) [spring-test-3.2.13.RELEASE.jar:3.2.13.RELEASE]
	at org.springframework.test.context.support.AbstractGenericContextLoader.loadContext(AbstractGenericContextLoader.java:60) [spring-test-3.2.13.RELEASE.jar:3.2.13.RELEASE]
	at org.springframework.test.context.support.AbstractDelegatingSmartContextLoader.delegateLoading(AbstractDelegatingSmartContextLoader.java:102) [spring-test-3.2.13.RELEASE.jar:3.2.13.RELEASE]
	at org.springframework.test.context.support.AbstractDelegatingSmartContextLoader.loadContext(AbstractDelegatingSmartContextLoader.java:246) [spring-test-3.2.13.RELEASE.jar:3.2.13.RELEASE]
	at org.springframework.test.context.CacheAwareContextLoaderDelegate.loadContextInternal(CacheAwareContextLoaderDelegate.java:69) [spring-test-3.2.13.RELEASE.jar:3.2.13.RELEASE]
	at org.springframework.test.context.CacheAwareContextLoaderDelegate.loadContext(CacheAwareContextLoaderDelegate.java:95) [spring-test-3.2.13.RELEASE.jar:3.2.13.RELEASE]
	at org.springframework.test.context.TestContext.getApplicationContext(TestContext.java:122) [spring-test-3.2.13.RELEASE.jar:3.2.13.RELEASE]
	at org.springframework.test.context.support.DependencyInjectionTestExecutionListener.injectDependencies(DependencyInjectionTestExecutionListener.java:109) [spring-test-3.2.13.RELEASE.jar:3.2.13.RELEASE]
	at org.springframework.test.context.support.DependencyInjectionTestExecutionListener.prepareTestInstance(DependencyInjectionTestExecutionListener.java:75) [spring-test-3.2.13.RELEASE.jar:3.2.13.RELEASE]
	at org.springframework.test.context.TestContextManager.prepareTestInstance(TestContextManager.java:321) [spring-test-3.2.13.RELEASE.jar:3.2.13.RELEASE]
	at org.springframework.test.context.junit4.SpringJUnit4ClassRunner.createTest(SpringJUnit4ClassRunner.java:211) [spring-test-3.2.13.RELEASE.jar:3.2.13.RELEASE]
	at org.springframework.test.context.junit4.SpringJUnit4ClassRunner$1.runReflectiveCall(SpringJUnit4ClassRunner.java:288) [spring-test-3.2.13.RELEASE.jar:3.2.13.RELEASE]
	at org.junit.internal.runners.model.ReflectiveCallable.run(ReflectiveCallable.java:12) [junit-4.12.jar:4.12]
	at org.springframework.test.context.junit4.SpringJUnit4ClassRunner.methodBlock(SpringJUnit4ClassRunner.java:284) [spring-test-3.2.13.RELEASE.jar:3.2.13.RELEASE]
	at org.springframework.test.context.junit4.SpringJUnit4ClassRunner.runChild(SpringJUnit4ClassRunner.java:231) [spring-test-3.2.13.RELEASE.jar:3.2.13.RELEASE]
	at org.springframework.test.context.junit4.SpringJUnit4ClassRunner.runChild(SpringJUnit4ClassRunner.java:88) [spring-test-3.2.13.RELEASE.jar:3.2.13.RELEASE]
	at org.junit.runners.ParentRunner$3.run(ParentRunner.java:290) [junit-4.12.jar:4.12]
	at org.junit.runners.ParentRunner$1.schedule(ParentRunner.java:71) [junit-4.12.jar:4.12]
	at org.junit.runners.ParentRunner.runChildren(ParentRunner.java:288) [junit-4.12.jar:4.12]
	at org.junit.runners.ParentRunner.access$000(ParentRunner.java:58) [junit-4.12.jar:4.12]
	at org.junit.runners.ParentRunner$2.evaluate(ParentRunner.java:268) [junit-4.12.jar:4.12]
	at org.springframework.test.context.junit4.statements.RunBeforeTestClassCallbacks.evaluate(RunBeforeTestClassCallbacks.java:61) [spring-test-3.2.13.RELEASE.jar:3.2.13.RELEASE]
	at org.springframework.test.context.junit4.statements.RunAfterTestClassCallbacks.evaluate(RunAfterTestClassCallbacks.java:71) [spring-test-3.2.13.RELEASE.jar:3.2.13.RELEASE]
	at org.junit.runners.ParentRunner.run(ParentRunner.java:363) [junit-4.12.jar:4.12]
	at org.springframework.test.context.junit4.SpringJUnit4ClassRunner.run(SpringJUnit4ClassRunner.java:174) [spring-test-3.2.13.RELEASE.jar:3.2.13.RELEASE]
	at org.apache.maven.surefire.junit4.JUnit4Provider.execute(JUnit4Provider.java:283) [surefire-junit4-2.18.1.jar:2.18.1]
	at org.apache.maven.surefire.junit4.JUnit4Provider.executeWithRerun(JUnit4Provider.java:173) [surefire-junit4-2.18.1.jar:2.18.1]
	at org.apache.maven.surefire.junit4.JUnit4Provider.executeTestSet(JUnit4Provider.java:153) [surefire-junit4-2.18.1.jar:2.18.1]
	at org.apache.maven.surefire.junit4.JUnit4Provider.invoke(JUnit4Provider.java:128) [surefire-junit4-2.18.1.jar:2.18.1]
	at org.apache.maven.surefire.booter.ForkedBooter.invokeProviderInSameClassLoader(ForkedBooter.java:203) [surefire-booter-2.18.1.jar:2.18.1]
	at org.apache.maven.surefire.booter.ForkedBooter.runSuitesInProcess(ForkedBooter.java:155) [surefire-booter-2.18.1.jar:2.18.1]
	at org.apache.maven.surefire.booter.ForkedBooter.main(ForkedBooter.java:103) [surefire-booter-2.18.1.jar:2.18.1]
Caused by: org.springframework.beans.factory.NoSuchBeanDefinitionException: No qualifying bean of type [com.youzan.pay.core.cache.redis.RedisCacheManager] found for dependency: expected at least 1 bean which qualifies as autowire candidate for this dependency. Dependency annotations: {@javax.annotation.Resource(shareable=true, lookup=, name=, description=, authenticationType=CONTAINER, type=class java.lang.Object, mappedName=)}
	at org.springframework.beans.factory.support.DefaultListableBeanFactory.raiseNoSuchBeanDefinitionException(DefaultListableBeanFactory.java:997) ~[spring-beans-3.2.13.RELEASE.jar:3.2.13.RELEASE]
	at org.springframework.beans.factory.support.DefaultListableBeanFactory.doResolveDependency(DefaultListableBeanFactory.java:867) ~[spring-beans-3.2.13.RELEASE.jar:3.2.13.RELEASE]
	at org.springframework.beans.factory.support.DefaultListableBeanFactory.resolveDependency(DefaultListableBeanFactory.java:779) ~[spring-beans-3.2.13.RELEASE.jar:3.2.13.RELEASE]
	at org.springframework.context.annotation.CommonAnnotationBeanPostProcessor.autowireResource(CommonAnnotationBeanPostProcessor.java:445) ~[spring-context-3.2.13.RELEASE.jar:3.2.13.RELEASE]
	at org.springframework.context.annotation.CommonAnnotationBeanPostProcessor.getResource(CommonAnnotationBeanPostProcessor.java:423) ~[spring-context-3.2.13.RELEASE.jar:3.2.13.RELEASE]
	at org.springframework.context.annotation.CommonAnnotationBeanPostProcessor$ResourceElement.getResourceToInject(CommonAnnotationBeanPostProcessor.java:551) ~[spring-context-3.2.13.RELEASE.jar:3.2.13.RELEASE]
	at org.springframework.beans.factory.annotation.InjectionMetadata$InjectedElement.inject(InjectionMetadata.java:169) ~[spring-beans-3.2.13.RELEASE.jar:3.2.13.RELEASE]
	at org.springframework.beans.factory.annotation.InjectionMetadata.inject(InjectionMetadata.java:88) ~[spring-beans-3.2.13.RELEASE.jar:3.2.13.RELEASE]
	at org.springframework.context.annotation.CommonAnnotationBeanPostProcessor.postProcessPropertyValues(CommonAnnotationBeanPostProcessor.java:304) ~[spring-context-3.2.13.RELEASE.jar:3.2.13.RELEASE]
	... 42 common frames omitted
2017-08-28 17:41:27.009 [main] INFO  o.s.beans.factory.support.DefaultListableBeanFactory - Destroying singletons in org.springframework.beans.factory.support.DefaultListableBeanFactory@68681c6c: defining beans [org.springframework.context.support.PropertySourcesPlaceholderConfigurer#0,assetCenterUnifiedPayServiceClient,cashierOrderStatusSearchClient,cashierRechargeServiceClient,channelBankCardServiceClient,merchantBankCardServiceClient,microAccoutServiceClient,queryPayToolConfigServiceClient,signKeyServiceClient,summaryCardQueryServiceClient,unifiedOrderServiceClient,unifiedPayServiceClient,userMerchantServiceClient,org.springframework.context.annotation.internalConfigurationAnnotationProcessor,org.springframework.context.annotation.internalAutowiredAnnotationProcessor,org.springframework.context.annotation.internalRequiredAnnotationProcessor,org.springframework.context.annotation.internalCommonAnnotationProcessor,signKeyService,merchantConfigService,acquireOrderService,unifiedPayService,unifiedOrderQueryService,unifiedOrderService,bankCardService,merchantBankCardService,userMerchantService,rechargeService,payToolsService,accountService,summaryCardQueryService,novaContainer,beanFactory,org.springframework.aop.config.internalAutoProxyCreator,tracingAop,customerMethodAop,org.springframework.context.annotation.ConfigurationClassPostProcessor.importAwareProcessor,com.alibaba.dubbo.config.ApplicationConfig,haunt,com.alibaba.dubbo.config.MonitorConfig,dubbo,rest,com.alibaba.dubbo.config.spring.AnnotationBean,springUtil,autoLogParamsAspect,retryAspect,nsqTaskDispatcher]; root of factory hierarchy
2017-08-28 17:41:27.009 [main] DEBUG o.s.beans.factory.support.DisposableBeanAdapter - Invoking destroy() on bean with name 'summaryCardQueryService'
2017-08-28 17:41:27.009 [main] DEBUG o.s.beans.factory.support.DisposableBeanAdapter - Invoking destroy() on bean with name 'unifiedOrderService'
2017-08-28 17:41:27.009 [main] DEBUG o.s.beans.factory.support.DisposableBeanAdapter - Invoking destroy() on bean with name 'unifiedOrderQueryService'
2017-08-28 17:41:27.009 [main] DEBUG o.s.beans.factory.support.DisposableBeanAdapter - Invoking destroy() on bean with name 'merchantConfigService'
2017-08-28 17:41:27.009 [main] DEBUG o.s.beans.factory.support.DisposableBeanAdapter - Invoking destroy() on bean with name 'signKeyService'
2017-08-28 17:41:27.009 [main] DEBUG o.s.beans.factory.support.DisposableBeanAdapter - Invoking destroy() on bean with name 'userMerchantService'
2017-08-28 17:41:27.009 [main] INFO  com.youzan.nova.registry.haunt.HauntRegistry -  [Nova] Unsubscribe: consumer://172.17.11.56/com.youzan.account.api.UserMerchantService?application=pay-ucashier&category=providers,configurators,routers&check=false&dubbo=3.0.9-RELEASE&interface=com.youzan.account.api.UserMerchantService&logger=slf4j&methods=getMerchantIdSingleUserId,queryUserIdByMerchantId,getMerchantIdsBatch&owner=pay-ucashier&pid=43551&protocol=dubbo&retries=0&revision=1.1.16-RELEASE&side=consumer&timeout=5000&timestamp=1503913286894, nova version: 3.0.9-RELEASE, current host: 172.17.11.56
2017-08-28 17:41:27.010 [main] INFO  com.alibaba.dubbo.remoting.transport.netty.NettyChannel -  [Nova] Close netty channel [id: 0xd08fc877, /172.17.11.56:61410 => /10.9.75.207:20881], nova version: 3.0.9-RELEASE, current host: 172.17.11.56
2017-08-28 17:41:27.010 [DubboSharedHandler-thread-1] INFO  com.alibaba.dubbo.rpc.protocol.dubbo.DubboProtocol -  [Nova] disconected from /10.9.75.207:20881,url:dubbo://10.9.75.207:20881/com.youzan.account.api.UserMerchantService?application=pay-ucashier&check=false&codec=dubbo&dubbo=3.0.9-RELEASE&heartbeat=60000&interface=com.youzan.account.api.UserMerchantService&logger=slf4j&methods=getMerchantIdSingleUserId,queryUserIdByMerchantId,getMerchantIdsBatch,&monitor=http%3A%2F%2Fhawk-dev.s.qima-inc.com%3A80%3Fdubbo%3D3.0.9-RELEASE%26interface%3Dcom.alibaba.dubbo.monitor.MonitorService%26pid%3D43551%26timestamp%3D1503913286895&owner=pay-ucashier&pid=43551&protocol=dubbo&retries=0&revision=1.1.16-RELEASE&side=consumer&timeout=5000&timestamp=1503913286894&weight=100, nova version: 3.0.9-RELEASE, current host: 172.17.11.56
2017-08-28 17:41:27.011 [main] INFO  com.alibaba.dubbo.remoting.transport.netty.NettyChannel -  [Nova] Close netty channel [id: 0xddf263b1, /172.17.11.56:61411 => /172.17.12.196:20881], nova version: 3.0.9-RELEASE, current host: 172.17.11.56
2017-08-28 17:41:27.011 [DubboSharedHandler-thread-1] INFO  com.alibaba.dubbo.rpc.protocol.dubbo.DubboProtocol -  [Nova] disconected from /172.17.12.196:20881,url:dubbo://172.17.12.196:20881/com.youzan.account.api.UserMerchantService?application=pay-ucashier&check=false&codec=dubbo&dubbo=3.0.9-RELEASE&heartbeat=60000&interface=com.youzan.account.api.UserMerchantService&logger=slf4j&methods=getMerchantIdSingleUserId,queryUserIdByMerchantId,getMerchantIdsBatch,&monitor=http%3A%2F%2Fhawk-dev.s.qima-inc.com%3A80%3Fdubbo%3D3.0.9-RELEASE%26interface%3Dcom.alibaba.dubbo.monitor.MonitorService%26pid%3D43551%26timestamp%3D1503913286895&owner=pay-ucashier&pid=43551&protocol=dubbo&retries=0&revision=1.1.16-RELEASE&side=consumer&timeout=5000&timestamp=1503913286894&weight=100, nova version: 3.0.9-RELEASE, current host: 172.17.11.56
2017-08-28 17:41:27.011 [main] DEBUG o.s.beans.factory.support.DisposableBeanAdapter - Invoking destroy() on bean with name 'payToolsService'
2017-08-28 17:41:27.011 [main] INFO  com.youzan.nova.registry.haunt.HauntRegistry -  [Nova] Unsubscribe: consumer://172.17.11.56/com.youzan.pay.customer.api.PayToolsService?application=pay-ucashier&category=providers,configurators,routers&check=false&dubbo=3.0.9-RELEASE&interface=com.youzan.pay.customer.api.PayToolsService&logger=slf4j&methods=getAvailablePayToolList&owner=pay-ucashier&pid=43551&protocol=dubbo&retries=0&revision=0.0.7-20170804-RELEASE&side=consumer&timeout=5000&timestamp=1503913286877, nova version: 3.0.9-RELEASE, current host: 172.17.11.56
2017-08-28 17:41:27.011 [main] DEBUG o.s.beans.factory.support.DisposableBeanAdapter - Invoking destroy() on bean with name 'accountService'
2017-08-28 17:41:27.012 [main] INFO  com.youzan.nova.registry.haunt.HauntRegistry -  [Nova] Unsubscribe: consumer://172.17.11.56/com.youzan.pay.microaccount.prepaidcard.service.AccountService?application=pay-ucashier&category=providers,configurators,routers&check=false&dubbo=3.0.9-RELEASE&interface=com.youzan.pay.microaccount.prepaidcard.service.AccountService&logger=slf4j&methods=getAccountByRefundNo,getAccountByPaymentNo,getAccountByRechargeNo,unfreeze,getAccountLogPaging,getPayAccount,freeze,getBatchOfBByUsers,getAccountLog,getAccountByUserNos,get&owner=pay-ucashier&pid=43551&protocol=dubbo&retries=0&revision=0.2.6-20170801-SNAPSHOT&side=consumer&timeout=5000&timestamp=1503913286811, nova version: 3.0.9-RELEASE, current host: 172.17.11.56
2017-08-28 17:41:27.012 [main] DEBUG o.s.beans.factory.support.DisposableBeanAdapter - Invoking destroy() on bean with name 'merchantBankCardService'
2017-08-28 17:41:27.012 [main] INFO  com.youzan.nova.registry.haunt.HauntRegistry -  [Nova] Unsubscribe: consumer://172.17.11.56/com.youzan.pay.customer.api.BankCardService?application=pay-ucashier&category=providers,configurators,routers&check=false&dubbo=3.0.9-RELEASE&interface=com.youzan.pay.customer.api.BankCardService&logger=slf4j&methods=getBoundBankCard,bindQuackPayCard,bindCard,unbindQuickPayCard,queryBoundQuickPayCard&owner=pay-ucashier&pid=43551&protocol=dubbo&retries=0&revision=0.0.7-20170804-RELEASE&side=consumer&timeout=5000&timestamp=1503913286650, nova version: 3.0.9-RELEASE, current host: 172.17.11.56
2017-08-28 17:41:27.012 [main] INFO  com.alibaba.dubbo.remoting.transport.netty.NettyChannel -  [Nova] Close netty channel [id: 0x83f930e5, /172.17.11.56:61407 => /172.16.8.185:28081], nova version: 3.0.9-RELEASE, current host: 172.17.11.56
2017-08-28 17:41:27.013 [DubboSharedHandler-thread-1] INFO  com.alibaba.dubbo.rpc.protocol.dubbo.DubboProtocol -  [Nova] disconected from /172.16.8.185:28081,url:dubbo://172.16.8.185:28081/com.youzan.pay.customer.api.BankCardService?application=pay-ucashier&check=false&codec=dubbo&dubbo=3.0.9-RELEASE&heartbeat=60000&interface=com.youzan.pay.customer.api.BankCardService&logger=slf4j&methods=bindQuackPayCard,getBoundBankCard,bindCard_2_0_0,unbindQuickPayCard,bindCard,queryBoundQuickPayCard,&monitor=http%3A%2F%2Fhawk-dev.s.qima-inc.com%3A80%3Fdubbo%3D3.0.9-RELEASE%26interface%3Dcom.alibaba.dubbo.monitor.MonitorService%26pid%3D43551%26timestamp%3D1503913286651&owner=pay-ucashier&pid=43551&protocol=dubbo&retries=0&revision=0.0.7-20170804-RELEASE&side=consumer&timeout=5000&timestamp=1503913286650&weight=100, nova version: 3.0.9-RELEASE, current host: 172.17.11.56
2017-08-28 17:41:27.013 [main] INFO  com.alibaba.dubbo.remoting.transport.netty.NettyChannel -  [Nova] Close netty channel [id: 0x3e07c8eb, /172.17.11.56:61408 => /10.9.196.183:28081], nova version: 3.0.9-RELEASE, current host: 172.17.11.56
2017-08-28 17:41:27.014 [DubboSharedHandler-thread-1] INFO  com.alibaba.dubbo.rpc.protocol.dubbo.DubboProtocol -  [Nova] disconected from /10.9.196.183:28081,url:dubbo://10.9.196.183:28081/com.youzan.pay.customer.api.BankCardService?application=pay-ucashier&check=false&codec=dubbo&dubbo=3.0.9-RELEASE&heartbeat=60000&interface=com.youzan.pay.customer.api.BankCardService&logger=slf4j&methods=bindQuackPayCard,getBoundBankCard,unbindQuickPayCard,bindCard,queryBoundQuickPayCard,&monitor=http%3A%2F%2Fhawk-dev.s.qima-inc.com%3A80%3Fdubbo%3D3.0.9-RELEASE%26interface%3Dcom.alibaba.dubbo.monitor.MonitorService%26pid%3D43551%26timestamp%3D1503913286651&owner=pay-ucashier&pid=43551&protocol=dubbo&retries=0&revision=0.0.7-20170804-RELEASE&side=consumer&timeout=5000&timestamp=1503913286650&weight=100, nova version: 3.0.9-RELEASE, current host: 172.17.11.56
2017-08-28 17:41:27.014 [main] INFO  com.alibaba.dubbo.remoting.transport.netty.NettyChannel -  [Nova] Close netty channel [id: 0x6ad56101, /172.17.11.56:61409 => /10.9.82.150:28081], nova version: 3.0.9-RELEASE, current host: 172.17.11.56
2017-08-28 17:41:27.015 [DubboSharedHandler-thread-1] INFO  com.alibaba.dubbo.rpc.protocol.dubbo.DubboProtocol -  [Nova] disconected from /10.9.82.150:28081,url:dubbo://10.9.82.150:28081/com.youzan.pay.customer.api.BankCardService?application=pay-ucashier&check=false&codec=dubbo&dubbo=3.0.9-RELEASE&heartbeat=60000&interface=com.youzan.pay.customer.api.BankCardService&logger=slf4j&methods=getBoundBankCard,bindQuackPayCard,unbindQuickPayCard,bindCard,queryBoundQuickPayCard,&monitor=http%3A%2F%2Fhawk-dev.s.qima-inc.com%3A80%3Fdubbo%3D3.0.9-RELEASE%26interface%3Dcom.alibaba.dubbo.monitor.MonitorService%26pid%3D43551%26timestamp%3D1503913286651&owner=pay-ucashier&pid=43551&protocol=dubbo&retries=0&revision=0.0.7-20170804-RELEASE&side=consumer&timeout=5000&timestamp=1503913286650&weight=100, nova version: 3.0.9-RELEASE, current host: 172.17.11.56
2017-08-28 17:41:27.015 [main] DEBUG o.s.beans.factory.support.DisposableBeanAdapter - Invoking destroy() on bean with name 'bankCardService'
2017-08-28 17:41:27.015 [main] INFO  com.youzan.nova.registry.haunt.HauntRegistry -  [Nova] Unsubscribe: consumer://172.17.11.56/com.youzan.pay.fundchannel.open.api.BankCardService?application=pay-ucashier&category=providers,configurators,routers&check=false&dubbo=3.0.9-RELEASE&interface=com.youzan.pay.fundchannel.open.api.BankCardService&logger=slf4j&methods=checkCard,sendSms,checkBankBinding,payConfirm&owner=pay-ucashier&pid=43551&protocol=dubbo&retries=0&revision=1.0.0-20170710-RELEASE&side=consumer&timeout=5000&timestamp=1503913286560, nova version: 3.0.9-RELEASE, current host: 172.17.11.56
2017-08-28 17:41:27.016 [main] INFO  com.alibaba.dubbo.remoting.transport.netty.NettyChannel -  [Nova] Close netty channel [id: 0x61d344ac, /172.17.11.56:61405 => /10.9.196.183:28096], nova version: 3.0.9-RELEASE, current host: 172.17.11.56
2017-08-28 17:41:27.016 [DubboSharedHandler-thread-1] INFO  com.alibaba.dubbo.rpc.protocol.dubbo.DubboProtocol -  [Nova] disconected from /10.9.196.183:28096,url:dubbo://10.9.196.183:28096/com.youzan.pay.fundchannel.open.api.BankCardService?application=pay-ucashier&check=false&codec=dubbo&dubbo=3.0.9-RELEASE&heartbeat=60000&interface=com.youzan.pay.fundchannel.open.api.BankCardService&logger=slf4j&methods=checkCard,sendSms,checkBankBinding,payConfirm,&monitor=http%3A%2F%2Fhawk-dev.s.qima-inc.com%3A80%3Fdubbo%3D3.0.9-RELEASE%26interface%3Dcom.alibaba.dubbo.monitor.MonitorService%26pid%3D43551%26timestamp%3D1503913286561&owner=pay-ucashier&pid=43551&protocol=dubbo&retries=0&revision=1.0.0-20170710-RELEASE&side=consumer&timeout=5000&timestamp=1503913286560&weight=100, nova version: 3.0.9-RELEASE, current host: 172.17.11.56
2017-08-28 17:41:27.016 [main] DEBUG o.s.beans.factory.support.DisposableBeanAdapter - Invoking destroy() on bean with name 'rechargeService'
2017-08-28 17:41:27.016 [main] INFO  com.youzan.nova.registry.haunt.HauntRegistry -  [Nova] Unsubscribe: consumer://172.17.11.56/com.youzan.pay.assetcenter.api.RechargeService?application=pay-ucashier&category=providers,configurators,routers&check=false&dubbo=3.0.9-RELEASE&interface=com.youzan.pay.assetcenter.api.RechargeService&logger=slf4j&methods=rechargePay,wrapCreate,create,wrapRechargePay&owner=pay-ucashier&pid=43551&protocol=dubbo&retries=0&revision=0.0.9-20170817-SNAPSHOT&side=consumer&timeout=5000&timestamp=1503913286520, nova version: 3.0.9-RELEASE, current host: 172.17.11.56
2017-08-28 17:41:27.016 [main] DEBUG o.s.beans.factory.support.DisposableBeanAdapter - Invoking destroy() on bean with name 'acquireOrderService'
2017-08-28 17:41:27.017 [main] INFO  com.youzan.nova.registry.haunt.HauntRegistry -  [Nova] Unsubscribe: consumer://172.17.11.56/com.youzan.pay.assetcenter.api.AcquireOrderService?application=pay-ucashier&category=providers,configurators,routers&check=false&dubbo=3.0.9-RELEASE&interface=com.youzan.pay.assetcenter.api.AcquireOrderService&logger=slf4j&methods=payNotify,retryInAccount,query,create,pay,revoke&owner=pay-ucashier&pid=43551&protocol=dubbo&retries=0&revision=0.0.9-20170817-SNAPSHOT&side=consumer&timeout=5000&timestamp=1503913286458, nova version: 3.0.9-RELEASE, current host: 172.17.11.56
2017-08-28 17:41:27.017 [main] DEBUG o.s.beans.factory.support.DisposableBeanAdapter - Invoking destroy() on bean with name 'unifiedPayService'
2017-08-28 17:41:27.017 [main] INFO  com.youzan.nova.registry.haunt.HauntRegistry -  [Nova] Unsubscribe: consumer://172.17.11.56/com.youzan.pay.assetcenter.api.UnifiedPayService?application=pay-ucashier&category=providers,configurators,routers&check=false&dubbo=3.0.9-RELEASE&interface=com.youzan.pay.assetcenter.api.UnifiedPayService&logger=slf4j&methods=warpMultiPay,multiPay,singlePay,wrapMultiPay,wrapSinglePay&owner=pay-ucashier&pid=43551&protocol=dubbo&retries=0&revision=0.0.9-20170817-SNAPSHOT&side=consumer&timeout=5000&timestamp=1503913286312, nova version: 3.0.9-RELEASE, current host: 172.17.11.56
2017-08-28 17:41:27.017 [main] INFO  com.alibaba.dubbo.remoting.transport.netty.NettyChannel -  [Nova] Close netty channel [id: 0x8fead344, /172.17.11.56:61400 => /10.9.82.150:28094], nova version: 3.0.9-RELEASE, current host: 172.17.11.56
2017-08-28 17:41:27.018 [DubboSharedHandler-thread-1] INFO  com.alibaba.dubbo.rpc.protocol.dubbo.DubboProtocol -  [Nova] disconected from /10.9.82.150:28094,url:dubbo://10.9.82.150:28094/com.youzan.pay.assetcenter.api.UnifiedPayService?application=pay-ucashier&check=false&codec=dubbo&dubbo=3.0.9-RELEASE&heartbeat=60000&interface=com.youzan.pay.assetcenter.api.UnifiedPayService&logger=slf4j&methods=warpMultiPay,multiPay,singlePay,wrapMultiPay,batchPay,wrapSinglePay,&monitor=http%3A%2F%2Fhawk-dev.s.qima-inc.com%3A80%3Fdubbo%3D3.0.9-RELEASE%26interface%3Dcom.alibaba.dubbo.monitor.MonitorService%26pid%3D43551%26timestamp%3D1503913286314&owner=pay-ucashier&pid=43551&protocol=dubbo&retries=0&revision=0.0.9-20170817-SNAPSHOT&side=consumer&timeout=5000&timestamp=1503913286312&weight=100, nova version: 3.0.9-RELEASE, current host: 172.17.11.56
2017-08-28 17:41:27.019 [main] DEBUG o.s.beans.factory.support.DisposableBeanAdapter - Invoking destroy() on bean with name 'com.alibaba.dubbo.config.spring.AnnotationBean'
2017-08-28 17:41:27.023 [main] ERROR org.springframework.test.context.TestContextManager - Caught exception while allowing TestExecutionListener [org.springframework.test.context.support.DependencyInjectionTestExecutionListener@13e0a23f] to prepare test instance [com.youzan.pay.unified.cashier.intergration.client.AssetCenterUnifiedPayServiceClientTest@5ea3d8ed]
java.lang.IllegalStateException: Failed to load ApplicationContext
	at org.springframework.test.context.CacheAwareContextLoaderDelegate.loadContext(CacheAwareContextLoaderDelegate.java:103) ~[spring-test-3.2.13.RELEASE.jar:3.2.13.RELEASE]
	at org.springframework.test.context.TestContext.getApplicationContext(TestContext.java:122) ~[spring-test-3.2.13.RELEASE.jar:3.2.13.RELEASE]
	at org.springframework.test.context.support.DependencyInjectionTestExecutionListener.injectDependencies(DependencyInjectionTestExecutionListener.java:109) ~[spring-test-3.2.13.RELEASE.jar:3.2.13.RELEASE]
	at org.springframework.test.context.support.DependencyInjectionTestExecutionListener.prepareTestInstance(DependencyInjectionTestExecutionListener.java:75) ~[spring-test-3.2.13.RELEASE.jar:3.2.13.RELEASE]
	at org.springframework.test.context.TestContextManager.prepareTestInstance(TestContextManager.java:321) ~[spring-test-3.2.13.RELEASE.jar:3.2.13.RELEASE]
	at org.springframework.test.context.junit4.SpringJUnit4ClassRunner.createTest(SpringJUnit4ClassRunner.java:211) [spring-test-3.2.13.RELEASE.jar:3.2.13.RELEASE]
	at org.springframework.test.context.junit4.SpringJUnit4ClassRunner$1.runReflectiveCall(SpringJUnit4ClassRunner.java:288) [spring-test-3.2.13.RELEASE.jar:3.2.13.RELEASE]
	at org.junit.internal.runners.model.ReflectiveCallable.run(ReflectiveCallable.java:12) [junit-4.12.jar:4.12]
	at org.springframework.test.context.junit4.SpringJUnit4ClassRunner.methodBlock(SpringJUnit4ClassRunner.java:284) [spring-test-3.2.13.RELEASE.jar:3.2.13.RELEASE]
	at org.springframework.test.context.junit4.SpringJUnit4ClassRunner.runChild(SpringJUnit4ClassRunner.java:231) [spring-test-3.2.13.RELEASE.jar:3.2.13.RELEASE]
	at org.springframework.test.context.junit4.SpringJUnit4ClassRunner.runChild(SpringJUnit4ClassRunner.java:88) [spring-test-3.2.13.RELEASE.jar:3.2.13.RELEASE]
	at org.junit.runners.ParentRunner$3.run(ParentRunner.java:290) [junit-4.12.jar:4.12]
	at org.junit.runners.ParentRunner$1.schedule(ParentRunner.java:71) [junit-4.12.jar:4.12]
	at org.junit.runners.ParentRunner.runChildren(ParentRunner.java:288) [junit-4.12.jar:4.12]
	at org.junit.runners.ParentRunner.access$000(ParentRunner.java:58) [junit-4.12.jar:4.12]
	at org.junit.runners.ParentRunner$2.evaluate(ParentRunner.java:268) [junit-4.12.jar:4.12]
	at org.springframework.test.context.junit4.statements.RunBeforeTestClassCallbacks.evaluate(RunBeforeTestClassCallbacks.java:61) [spring-test-3.2.13.RELEASE.jar:3.2.13.RELEASE]
	at org.springframework.test.context.junit4.statements.RunAfterTestClassCallbacks.evaluate(RunAfterTestClassCallbacks.java:71) [spring-test-3.2.13.RELEASE.jar:3.2.13.RELEASE]
	at org.junit.runners.ParentRunner.run(ParentRunner.java:363) [junit-4.12.jar:4.12]
	at org.springframework.test.context.junit4.SpringJUnit4ClassRunner.run(SpringJUnit4ClassRunner.java:174) [spring-test-3.2.13.RELEASE.jar:3.2.13.RELEASE]
	at org.apache.maven.surefire.junit4.JUnit4Provider.execute(JUnit4Provider.java:283) [surefire-junit4-2.18.1.jar:2.18.1]
	at org.apache.maven.surefire.junit4.JUnit4Provider.executeWithRerun(JUnit4Provider.java:173) [surefire-junit4-2.18.1.jar:2.18.1]
	at org.apache.maven.surefire.junit4.JUnit4Provider.executeTestSet(JUnit4Provider.java:153) [surefire-junit4-2.18.1.jar:2.18.1]
	at org.apache.maven.surefire.junit4.JUnit4Provider.invoke(JUnit4Provider.java:128) [surefire-junit4-2.18.1.jar:2.18.1]
	at org.apache.maven.surefire.booter.ForkedBooter.invokeProviderInSameClassLoader(ForkedBooter.java:203) [surefire-booter-2.18.1.jar:2.18.1]
	at org.apache.maven.surefire.booter.ForkedBooter.runSuitesInProcess(ForkedBooter.java:155) [surefire-booter-2.18.1.jar:2.18.1]
	at org.apache.maven.surefire.booter.ForkedBooter.main(ForkedBooter.java:103) [surefire-booter-2.18.1.jar:2.18.1]
Caused by: org.springframework.beans.factory.BeanCreationException: Error creating bean with name 'queryPayToolConfigServiceClient': Injection of resource dependencies failed; nested exception is org.springframework.beans.factory.NoSuchBeanDefinitionException: No qualifying bean of type [com.youzan.pay.core.cache.redis.RedisCacheManager] found for dependency: expected at least 1 bean which qualifies as autowire candidate for this dependency. Dependency annotations: {@javax.annotation.Resource(shareable=true, lookup=, name=, description=, authenticationType=CONTAINER, type=class java.lang.Object, mappedName=)}
	at org.springframework.context.annotation.CommonAnnotationBeanPostProcessor.postProcessPropertyValues(CommonAnnotationBeanPostProcessor.java:307) ~[spring-context-3.2.13.RELEASE.jar:3.2.13.RELEASE]
	at org.springframework.beans.factory.support.AbstractAutowireCapableBeanFactory.populateBean(AbstractAutowireCapableBeanFactory.java:1148) ~[spring-beans-3.2.13.RELEASE.jar:3.2.13.RELEASE]
	at org.springframework.beans.factory.support.AbstractAutowireCapableBeanFactory.doCreateBean(AbstractAutowireCapableBeanFactory.java:519) ~[spring-beans-3.2.13.RELEASE.jar:3.2.13.RELEASE]
	at org.springframework.beans.factory.support.AbstractAutowireCapableBeanFactory.createBean(AbstractAutowireCapableBeanFactory.java:458) ~[spring-beans-3.2.13.RELEASE.jar:3.2.13.RELEASE]
	at org.springframework.beans.factory.support.AbstractBeanFactory$1.getObject(AbstractBeanFactory.java:293) ~[spring-beans-3.2.13.RELEASE.jar:3.2.13.RELEASE]
	at org.springframework.beans.factory.support.DefaultSingletonBeanRegistry.getSingleton(DefaultSingletonBeanRegistry.java:223) ~[spring-beans-3.2.13.RELEASE.jar:3.2.13.RELEASE]
	at org.springframework.beans.factory.support.AbstractBeanFactory.doGetBean(AbstractBeanFactory.java:290) ~[spring-beans-3.2.13.RELEASE.jar:3.2.13.RELEASE]
	at org.springframework.beans.factory.support.AbstractBeanFactory.getBean(AbstractBeanFactory.java:191) ~[spring-beans-3.2.13.RELEASE.jar:3.2.13.RELEASE]
	at org.springframework.beans.factory.support.DefaultListableBeanFactory.preInstantiateSingletons(DefaultListableBeanFactory.java:636) ~[spring-beans-3.2.13.RELEASE.jar:3.2.13.RELEASE]
	at org.springframework.context.support.AbstractApplicationContext.finishBeanFactoryInitialization(AbstractApplicationContext.java:934) ~[spring-context-3.2.13.RELEASE.jar:3.2.13.RELEASE]
	at org.springframework.context.support.AbstractApplicationContext.refresh(AbstractApplicationContext.java:479) ~[spring-context-3.2.13.RELEASE.jar:3.2.13.RELEASE]
	at org.springframework.test.context.support.AbstractGenericContextLoader.loadContext(AbstractGenericContextLoader.java:120) ~[spring-test-3.2.13.RELEASE.jar:3.2.13.RELEASE]
	at org.springframework.test.context.support.AbstractGenericContextLoader.loadContext(AbstractGenericContextLoader.java:60) ~[spring-test-3.2.13.RELEASE.jar:3.2.13.RELEASE]
	at org.springframework.test.context.support.AbstractDelegatingSmartContextLoader.delegateLoading(AbstractDelegatingSmartContextLoader.java:102) ~[spring-test-3.2.13.RELEASE.jar:3.2.13.RELEASE]
	at org.springframework.test.context.support.AbstractDelegatingSmartContextLoader.loadContext(AbstractDelegatingSmartContextLoader.java:246) ~[spring-test-3.2.13.RELEASE.jar:3.2.13.RELEASE]
	at org.springframework.test.context.CacheAwareContextLoaderDelegate.loadContextInternal(CacheAwareContextLoaderDelegate.java:69) ~[spring-test-3.2.13.RELEASE.jar:3.2.13.RELEASE]
	at org.springframework.test.context.CacheAwareContextLoaderDelegate.loadContext(CacheAwareContextLoaderDelegate.java:95) ~[spring-test-3.2.13.RELEASE.jar:3.2.13.RELEASE]
	... 26 common frames omitted
Caused by: org.springframework.beans.factory.NoSuchBeanDefinitionException: No qualifying bean of type [com.youzan.pay.core.cache.redis.RedisCacheManager] found for dependency: expected at least 1 bean which qualifies as autowire candidate for this dependency. Dependency annotations: {@javax.annotation.Resource(shareable=true, lookup=, name=, description=, authenticationType=CONTAINER, type=class java.lang.Object, mappedName=)}
	at org.springframework.beans.factory.support.DefaultListableBeanFactory.raiseNoSuchBeanDefinitionException(DefaultListableBeanFactory.java:997) ~[spring-beans-3.2.13.RELEASE.jar:3.2.13.RELEASE]
	at org.springframework.beans.factory.support.DefaultListableBeanFactory.doResolveDependency(DefaultListableBeanFactory.java:867) ~[spring-beans-3.2.13.RELEASE.jar:3.2.13.RELEASE]
	at org.springframework.beans.factory.support.DefaultListableBeanFactory.resolveDependency(DefaultListableBeanFactory.java:779) ~[spring-beans-3.2.13.RELEASE.jar:3.2.13.RELEASE]
	at org.springframework.context.annotation.CommonAnnotationBeanPostProcessor.autowireResource(CommonAnnotationBeanPostProcessor.java:445) ~[spring-context-3.2.13.RELEASE.jar:3.2.13.RELEASE]
	at org.springframework.context.annotation.CommonAnnotationBeanPostProcessor.getResource(CommonAnnotationBeanPostProcessor.java:423) ~[spring-context-3.2.13.RELEASE.jar:3.2.13.RELEASE]
	at org.springframework.context.annotation.CommonAnnotationBeanPostProcessor$ResourceElement.getResourceToInject(CommonAnnotationBeanPostProcessor.java:551) ~[spring-context-3.2.13.RELEASE.jar:3.2.13.RELEASE]
	at org.springframework.beans.factory.annotation.InjectionMetadata$InjectedElement.inject(InjectionMetadata.java:169) ~[spring-beans-3.2.13.RELEASE.jar:3.2.13.RELEASE]
	at org.springframework.beans.factory.annotation.InjectionMetadata.inject(InjectionMetadata.java:88) ~[spring-beans-3.2.13.RELEASE.jar:3.2.13.RELEASE]
	at org.springframework.context.annotation.CommonAnnotationBeanPostProcessor.postProcessPropertyValues(CommonAnnotationBeanPostProcessor.java:304) ~[spring-context-3.2.13.RELEASE.jar:3.2.13.RELEASE]
	... 42 common frames omitted
]]></system-out>
  </testcase>
</testsuite>